<?xml version="1.0" encoding="UTF-8"?>
<testsuite name="io.typefox.yang.tests.linking.ModuleLinkingTest" tests="17" skipped="0" failures="0" errors="0" timestamp="2018-11-08T13:06:44" hostname="rijul-ThinkPad-T470" time="0.359">
  <properties/>
  <testcase name="testMultiModuleRevisions" classname="io.typefox.yang.tests.linking.ModuleLinkingTest" time="0.027"/>
  <testcase name="testModuleNamespace" classname="io.typefox.yang.tests.linking.ModuleLinkingTest" time="0.016"/>
  <testcase name="testModuleImportWithRevision" classname="io.typefox.yang.tests.linking.ModuleLinkingTest" time="0.022"/>
  <testcase name="testSubModuleInclude" classname="io.typefox.yang.tests.linking.ModuleLinkingTest" time="0.006"/>
  <testcase name="testImportShadwedRevision" classname="io.typefox.yang.tests.linking.ModuleLinkingTest" time="0.014"/>
  <testcase name="testModuleImport_NoPefix" classname="io.typefox.yang.tests.linking.ModuleLinkingTest" time="0.01"/>
  <testcase name="testDuplicateRevision" classname="io.typefox.yang.tests.linking.ModuleLinkingTest" time="0.029"/>
  <testcase name="testImportNonExistingRevision" classname="io.typefox.yang.tests.linking.ModuleLinkingTest" time="0.016"/>
  <testcase name="testModuleBelongsToAnotherOne" classname="io.typefox.yang.tests.linking.ModuleLinkingTest" time="0.009"/>
  <testcase name="testSubModuleExport" classname="io.typefox.yang.tests.linking.ModuleLinkingTest" time="0.006"/>
  <testcase name="testImportGroupingFromSubModule" classname="io.typefox.yang.tests.linking.ModuleLinkingTest" time="0.034"/>
  <testcase name="testSubModuleBelongsTo" classname="io.typefox.yang.tests.linking.ModuleLinkingTest" time="0.028"/>
  <testcase name="testSubModuleCannotbeImported" classname="io.typefox.yang.tests.linking.ModuleLinkingTest" time="0.011"/>
  <testcase name="testImportNoRevision" classname="io.typefox.yang.tests.linking.ModuleLinkingTest" time="0.042"/>
  <testcase name="testImportMaxRevision" classname="io.typefox.yang.tests.linking.ModuleLinkingTest" time="0.018"/>
  <testcase name="testModuleExport" classname="io.typefox.yang.tests.linking.ModuleLinkingTest" time="0.003"/>
  <testcase name="testModuleImport" classname="io.typefox.yang.tests.linking.ModuleLinkingTest" time="0.016"/>
  <system-out><![CDATA[]]></system-out>
  <system-err><![CDATA[]]></system-err>
</testsuite>
