<?xml version="1.0" encoding="UTF-8"?>
<testsuite name="io.typefox.yang.tests.YangValidatorTest" tests="75" skipped="0" failures="0" errors="0" timestamp="2018-11-08T13:06:41" hostname="rijul-ThinkPad-T470" time="1.767">
  <properties/>
  <testcase name="checkSubstatement_VersionAwareCardinality_Valid" classname="io.typefox.yang.tests.YangValidatorTest" time="0.053"/>
  <testcase name="checkAugmentContent_01" classname="io.typefox.yang.tests.YangValidatorTest" time="0.063"/>
  <testcase name="checkSubstatement_RequiredCardinality_Duplicate" classname="io.typefox.yang.tests.YangValidatorTest" time="0.011"/>
  <testcase name="checkYangVersion" classname="io.typefox.yang.tests.YangValidatorTest" time="0.013"/>
  <testcase name="checkRangeOperator_02" classname="io.typefox.yang.tests.YangValidatorTest" time="0.065"/>
  <testcase name="checkRangeOperator_03" classname="io.typefox.yang.tests.YangValidatorTest" time="0.02"/>
  <testcase name="checkEnumStatements" classname="io.typefox.yang.tests.YangValidatorTest" time="0.026"/>
  <testcase name="checkIdentityRef_01" classname="io.typefox.yang.tests.YangValidatorTest" time="0.018"/>
  <testcase name="checkIdentityRef_02" classname="io.typefox.yang.tests.YangValidatorTest" time="0.019"/>
  <testcase name="checkSubstatement_Cardinality_MissingMandatory" classname="io.typefox.yang.tests.YangValidatorTest" time="0.031"/>
  <testcase name="checkSubstatement_VersionAwareCardinality_Invalid_01" classname="io.typefox.yang.tests.YangValidatorTest" time="0.043"/>
  <testcase name="checkSubstatement_VersionAwareCardinality_Invalid_02" classname="io.typefox.yang.tests.YangValidatorTest" time="0.034"/>
  <testcase name="checkTypeRestriction" classname="io.typefox.yang.tests.YangValidatorTest" time="0.028"/>
  <testcase name="checkRevisionFormat_01" classname="io.typefox.yang.tests.YangValidatorTest" time="0.012"/>
  <testcase name="checkRevisionFormat_02" classname="io.typefox.yang.tests.YangValidatorTest" time="0.017"/>
  <testcase name="checkBitsPosition_01" classname="io.typefox.yang.tests.YangValidatorTest" time="0.016"/>
  <testcase name="checkBitsPosition_02" classname="io.typefox.yang.tests.YangValidatorTest" time="0.011"/>
  <testcase name="checkBitsPosition_03" classname="io.typefox.yang.tests.YangValidatorTest" time="0.01"/>
  <testcase name="checkBitsPosition_04" classname="io.typefox.yang.tests.YangValidatorTest" time="0.009"/>
  <testcase name="checkBitsPosition_05" classname="io.typefox.yang.tests.YangValidatorTest" time="0.024"/>
  <testcase name="checkBitsPosition_06" classname="io.typefox.yang.tests.YangValidatorTest" time="0.047"/>
  <testcase name="checkBitsPosition_07" classname="io.typefox.yang.tests.YangValidatorTest" time="0.038"/>
  <testcase name="checkBitsPosition_08" classname="io.typefox.yang.tests.YangValidatorTest" time="0.04"/>
  <testcase name="checkFractionDigits_01" classname="io.typefox.yang.tests.YangValidatorTest" time="0.042"/>
  <testcase name="checkFractionDigits_02" classname="io.typefox.yang.tests.YangValidatorTest" time="0.059"/>
  <testcase name="checkFractionDigits_03" classname="io.typefox.yang.tests.YangValidatorTest" time="0.033"/>
  <testcase name="checkFractionDigits_04" classname="io.typefox.yang.tests.YangValidatorTest" time="0.021"/>
  <testcase name="checkFractionDigits_05" classname="io.typefox.yang.tests.YangValidatorTest" time="0.006"/>
  <testcase name="checkBitsType_01" classname="io.typefox.yang.tests.YangValidatorTest" time="0.006"/>
  <testcase name="checkBitsType_02" classname="io.typefox.yang.tests.YangValidatorTest" time="0.007"/>
  <testcase name="checkBitsType_03" classname="io.typefox.yang.tests.YangValidatorTest" time="0.008"/>
  <testcase name="checkRevisionOrder_01" classname="io.typefox.yang.tests.YangValidatorTest" time="0.008"/>
  <testcase name="checkRevisionOrder_02" classname="io.typefox.yang.tests.YangValidatorTest" time="0.013"/>
  <testcase name="checkTypedef_01" classname="io.typefox.yang.tests.YangValidatorTest" time="0.009"/>
  <testcase name="checkTypedef_02" classname="io.typefox.yang.tests.YangValidatorTest" time="0.01"/>
  <testcase name="checkPattern_01" classname="io.typefox.yang.tests.YangValidatorTest" time="0.026"/>
  <testcase name="checkPattern_02" classname="io.typefox.yang.tests.YangValidatorTest" time="0.01"/>
  <testcase name="checkPattern_03" classname="io.typefox.yang.tests.YangValidatorTest" time="0.009"/>
  <testcase name="checkKey_Config" classname="io.typefox.yang.tests.YangValidatorTest" time="0.027"/>
  <testcase name="checkKey_01" classname="io.typefox.yang.tests.YangValidatorTest" time="0.036"/>
  <testcase name="checkKey_02" classname="io.typefox.yang.tests.YangValidatorTest" time="0.026"/>
  <testcase name="checkEnumerationUniqueness_01" classname="io.typefox.yang.tests.YangValidatorTest" time="0.027"/>
  <testcase name="checkEnumerationUniqueness_02" classname="io.typefox.yang.tests.YangValidatorTest" time="0.027"/>
  <testcase name="checkUnionType_01" classname="io.typefox.yang.tests.YangValidatorTest" time="0.014"/>
  <testcase name="checkUnionType_02" classname="io.typefox.yang.tests.YangValidatorTest" time="0.028"/>
  <testcase name="checkSubstatement_Order_01" classname="io.typefox.yang.tests.YangValidatorTest" time="0.008"/>
  <testcase name="checkSubstatement_Order_02" classname="io.typefox.yang.tests.YangValidatorTest" time="0.048"/>
  <testcase name="checkSubstatement_OptionalCardinality_Duplicate" classname="io.typefox.yang.tests.YangValidatorTest" time="0.024"/>
  <testcase name="checkConfig_01" classname="io.typefox.yang.tests.YangValidatorTest" time="0.016"/>
  <testcase name="checkConfig_02" classname="io.typefox.yang.tests.YangValidatorTest" time="0.018"/>
  <testcase name="checkRangeOrder_01" classname="io.typefox.yang.tests.YangValidatorTest" time="0.019"/>
  <testcase name="checkRangeOrder_02" classname="io.typefox.yang.tests.YangValidatorTest" time="0.025"/>
  <testcase name="checkModifier_01" classname="io.typefox.yang.tests.YangValidatorTest" time="0.015"/>
  <testcase name="checkModifier_02" classname="io.typefox.yang.tests.YangValidatorTest" time="0.023"/>
  <testcase name="checkDeviateArgument_01" classname="io.typefox.yang.tests.YangValidatorTest" time="0.086"/>
  <testcase name="checkDeviateArgument_02" classname="io.typefox.yang.tests.YangValidatorTest" time="0.031"/>
  <testcase name="checkStatusArgument_01" classname="io.typefox.yang.tests.YangValidatorTest" time="0.04"/>
  <testcase name="checkStatusArgument_02" classname="io.typefox.yang.tests.YangValidatorTest" time="0.016"/>
  <testcase name="checkRangeRestriction_01" classname="io.typefox.yang.tests.YangValidatorTest" time="0.012"/>
  <testcase name="checkRangeRestriction_02" classname="io.typefox.yang.tests.YangValidatorTest" time="0.014"/>
  <testcase name="checkRangeRestriction_03" classname="io.typefox.yang.tests.YangValidatorTest" time="0.009"/>
  <testcase name="checkRangeRestriction_04" classname="io.typefox.yang.tests.YangValidatorTest" time="0.013"/>
  <testcase name="checkLengthRestriction_01" classname="io.typefox.yang.tests.YangValidatorTest" time="0.019"/>
  <testcase name="checkLengthRestriction_02" classname="io.typefox.yang.tests.YangValidatorTest" time="0.004"/>
  <testcase name="checkLengthRestriction_03" classname="io.typefox.yang.tests.YangValidatorTest" time="0.005"/>
  <testcase name="checkEnumerationValue_01" classname="io.typefox.yang.tests.YangValidatorTest" time="0.006"/>
  <testcase name="checkEnumerationValue_02" classname="io.typefox.yang.tests.YangValidatorTest" time="0.006"/>
  <testcase name="checkEnumerationValue_03" classname="io.typefox.yang.tests.YangValidatorTest" time="0.007"/>
  <testcase name="checkEnumerationValue_04" classname="io.typefox.yang.tests.YangValidatorTest" time="0.005"/>
  <testcase name="checkEnumerationValue_05" classname="io.typefox.yang.tests.YangValidatorTest" time="0.02"/>
  <testcase name="checkEnumerationValue_06" classname="io.typefox.yang.tests.YangValidatorTest" time="0.021"/>
  <testcase name="checkEnumerationValue_07" classname="io.typefox.yang.tests.YangValidatorTest" time="0.022"/>
  <testcase name="checkEnumerationName_01" classname="io.typefox.yang.tests.YangValidatorTest" time="0.005"/>
  <testcase name="checkEnumerationName_02" classname="io.typefox.yang.tests.YangValidatorTest" time="0.005"/>
  <testcase name="checkEnumerationName_03" classname="io.typefox.yang.tests.YangValidatorTest" time="0.005"/>
  <system-out><![CDATA[]]></system-out>
  <system-err><![CDATA[]]></system-err>
</testsuite>
