<?xml version="1.0" encoding="UTF-8"?>
<testsuite name="io.typefox.yang.tests.settings.SettingsProviderTest" tests="3" skipped="0" failures="0" errors="0" timestamp="2018-11-08T13:06:42" hostname="rijul-ThinkPad-T470" time="0.07">
  <properties/>
  <testcase name="testSingleSettings" classname="io.typefox.yang.tests.settings.SettingsProviderTest" time="0.054"/>
  <testcase name="testSettingsUpdate" classname="io.typefox.yang.tests.settings.SettingsProviderTest" time="0.003"/>
  <testcase name="testProjectShadows" classname="io.typefox.yang.tests.settings.SettingsProviderTest" time="0.003"/>
  <system-out><![CDATA[]]></system-out>
  <system-err><![CDATA[]]></system-err>
</testsuite>
