<?xml version="1.0" encoding="UTF-8"?>
<testsuite name="io.typefox.yang.tests.YangValueConverterServiceTest" tests="2" skipped="0" failures="0" errors="0" timestamp="2018-11-08T13:06:43" hostname="rijul-ThinkPad-T470" time="0.068">
  <properties/>
  <testcase name="checkConvertDoubleQuotedString" classname="io.typefox.yang.tests.YangValueConverterServiceTest" time="0.061"/>
  <testcase name="checkConvertSingleQuotedString" classname="io.typefox.yang.tests.YangValueConverterServiceTest" time="0.004"/>
  <system-out><![CDATA[]]></system-out>
  <system-err><![CDATA[]]></system-err>
</testsuite>
