<?xml version="1.0" encoding="UTF-8"?>
<testsuite name="io.typefox.yang.tests.validation.ValidationExtensionTest" tests="2" skipped="0" failures="0" errors="0" timestamp="2018-11-08T13:06:43" hostname="rijul-ThinkPad-T470" time="0.034">
  <properties/>
  <testcase name="testExtensionRegistered" classname="io.typefox.yang.tests.validation.ValidationExtensionTest" time="0.026"/>
  <testcase name="testExtensionNotRegistered" classname="io.typefox.yang.tests.validation.ValidationExtensionTest" time="0.007"/>
  <system-out><![CDATA[]]></system-out>
  <system-err><![CDATA[]]></system-err>
</testsuite>
