<?xml version="1.0" encoding="UTF-8"?>
<testsuite name="io.typefox.yang.tests.IterableExtensions2Test" tests="6" skipped="0" failures="0" errors="0" timestamp="2018-11-08T13:06:43" hostname="rijul-ThinkPad-T470" time="0.021">
  <properties/>
  <testcase name="check_toPrettyString_01" classname="io.typefox.yang.tests.IterableExtensions2Test" time="0.0"/>
  <testcase name="check_toPrettyString_02" classname="io.typefox.yang.tests.IterableExtensions2Test" time="0.002"/>
  <testcase name="check_toPrettyString_03" classname="io.typefox.yang.tests.IterableExtensions2Test" time="0.0"/>
  <testcase name="check_toPrettyString_04" classname="io.typefox.yang.tests.IterableExtensions2Test" time="0.001"/>
  <testcase name="check_toPrettyString_05" classname="io.typefox.yang.tests.IterableExtensions2Test" time="0.001"/>
  <testcase name="check_toPrettyString_06" classname="io.typefox.yang.tests.IterableExtensions2Test" time="0.0"/>
  <system-out><![CDATA[]]></system-out>
  <system-err><![CDATA[]]></system-err>
</testsuite>
