<?xml version="1.0" encoding="UTF-8"?>
<testsuite name="io.typefox.yang.tests.validation.RevisionFileNameTests" tests="2" skipped="0" failures="0" errors="0" timestamp="2018-11-08T13:06:43" hostname="rijul-ThinkPad-T470" time="0.025">
  <properties/>
  <testcase name="testIllegalFilename" classname="io.typefox.yang.tests.validation.RevisionFileNameTests" time="0.003"/>
  <testcase name="testWrongFilename" classname="io.typefox.yang.tests.validation.RevisionFileNameTests" time="0.021"/>
  <system-out><![CDATA[]]></system-out>
  <system-err><![CDATA[]]></system-err>
</testsuite>
