<?xml version="1.0" encoding="UTF-8"?>
<testsuite name="io.typefox.yang.tests.linking.BugMustLinkingTest" tests="1" skipped="0" failures="0" errors="0" timestamp="2018-11-08T13:06:44" hostname="rijul-ThinkPad-T470" time="0.007">
  <properties/>
  <testcase name="testMustLinking" classname="io.typefox.yang.tests.linking.BugMustLinkingTest" time="0.007"/>
  <system-out><![CDATA[]]></system-out>
  <system-err><![CDATA[]]></system-err>
</testsuite>
