<?xml version="1.0" encoding="UTF-8"?>
<testsuite name="io.typefox.yang.tests.serializer.SerializationTest" tests="2" skipped="0" failures="0" errors="0" timestamp="2018-11-08T13:06:46" hostname="rijul-ThinkPad-T470" time="0.059">
  <properties/>
  <testcase name="testSerializeCompletely" classname="io.typefox.yang.tests.serializer.SerializationTest" time="0.017"/>
  <testcase name="testSerializeString" classname="io.typefox.yang.tests.serializer.SerializationTest" time="0.042"/>
  <system-out><![CDATA[]]></system-out>
  <system-err><![CDATA[]]></system-err>
</testsuite>
