<?xml version="1.0" encoding="UTF-8"?>
<testsuite name="io.typefox.yang.tests.integration.SerializationIntegrationTest" tests="213" skipped="0" failures="0" errors="0" timestamp="2018-11-08T13:07:53" hostname="rijul-ThinkPad-T470" time="16.182">
  <properties/>
  <testcase name="testSerializing[./src/test/resources/RIFT.ware/test/ietf/ietf-ipv6-unicast-routing.yang]" classname="io.typefox.yang.tests.integration.SerializationIntegrationTest" time="1.343"/>
  <testcase name="testSerializing[./src/test/resources/RIFT.ware/test/ietf/ietf-netconf.yang]" classname="io.typefox.yang.tests.integration.SerializationIntegrationTest" time="0.246"/>
  <testcase name="testSerializing[./src/test/resources/RIFT.ware/test/ietf/HOST-RESOURCES-MIB.yang]" classname="io.typefox.yang.tests.integration.SerializationIntegrationTest" time="0.358"/>
  <testcase name="testSerializing[./src/test/resources/RIFT.ware/test/ietf/IANA-RTPROTO-MIB.yang]" classname="io.typefox.yang.tests.integration.SerializationIntegrationTest" time="0.047"/>
  <testcase name="testSerializing[./src/test/resources/RIFT.ware/test/ietf/ietf-snmp-common.yang]" classname="io.typefox.yang.tests.integration.SerializationIntegrationTest" time="0.088"/>
  <testcase name="testSerializing[./src/test/resources/RIFT.ware/test/ietf/EtherLike-MIB.yang]" classname="io.typefox.yang.tests.integration.SerializationIntegrationTest" time="0.241"/>
  <testcase name="testSerializing[./src/test/resources/RIFT.ware/test/ietf/ietf-snmp-usm.yang]" classname="io.typefox.yang.tests.integration.SerializationIntegrationTest" time="0.194"/>
  <testcase name="testSerializing[./src/test/resources/RIFT.ware/test/ietf/INTEGRATED-SERVICES-MIB.yang]" classname="io.typefox.yang.tests.integration.SerializationIntegrationTest" time="0.15"/>
  <testcase name="testSerializing[./src/test/resources/RIFT.ware/test/ietf/ietf-snmp-vacm.yang]" classname="io.typefox.yang.tests.integration.SerializationIntegrationTest" time="0.132"/>
  <testcase name="testSerializing[./src/test/resources/RIFT.ware/test/ietf/iana-afn-safi.yang]" classname="io.typefox.yang.tests.integration.SerializationIntegrationTest" time="0.043"/>
  <testcase name="testSerializing[./src/test/resources/RIFT.ware/test/ietf/DIFFSERV-CONFIG-MIB.yang]" classname="io.typefox.yang.tests.integration.SerializationIntegrationTest" time="0.057"/>
  <testcase name="testSerializing[./src/test/resources/RIFT.ware/test/ietf/RMON-MIB.yang]" classname="io.typefox.yang.tests.integration.SerializationIntegrationTest" time="0.419"/>
  <testcase name="testSerializing[./src/test/resources/RIFT.ware/test/ietf/HCNUM-TC.yang]" classname="io.typefox.yang.tests.integration.SerializationIntegrationTest" time="0.025"/>
  <testcase name="testSerializing[./src/test/resources/RIFT.ware/test/ietf/SNMP-TARGET-MIB.yang]" classname="io.typefox.yang.tests.integration.SerializationIntegrationTest" time="0.063"/>
  <testcase name="testSerializing[./src/test/resources/RIFT.ware/test/ietf/ietf-snmp-notification.yang]" classname="io.typefox.yang.tests.integration.SerializationIntegrationTest" time="0.079"/>
  <testcase name="testSerializing[./src/test/resources/RIFT.ware/test/ietf/SNMP-NOTIFICATION-MIB.yang]" classname="io.typefox.yang.tests.integration.SerializationIntegrationTest" time="0.07"/>
  <testcase name="testSerializing[./src/test/resources/RIFT.ware/test/ietf/ietf-netconf-monitoring.yang]" classname="io.typefox.yang.tests.integration.SerializationIntegrationTest" time="0.078"/>
  <testcase name="testSerializing[./src/test/resources/RIFT.ware/test/ietf/ietf-ipfix-psamp.yang]" classname="io.typefox.yang.tests.integration.SerializationIntegrationTest" time="0.255"/>
  <testcase name="testSerializing[./src/test/resources/RIFT.ware/test/ietf/ietf-snmp-community.yang]" classname="io.typefox.yang.tests.integration.SerializationIntegrationTest" time="0.092"/>
  <testcase name="testSerializing[./src/test/resources/RIFT.ware/test/ietf/ietf-snmp-tsm.yang]" classname="io.typefox.yang.tests.integration.SerializationIntegrationTest" time="0.085"/>
  <testcase name="testSerializing[./src/test/resources/RIFT.ware/test/ietf/ietf-snmp.yang]" classname="io.typefox.yang.tests.integration.SerializationIntegrationTest" time="0.152"/>
  <testcase name="testSerializing[./src/test/resources/RIFT.ware/test/ietf/ietf-netconf-notifications.yang]" classname="io.typefox.yang.tests.integration.SerializationIntegrationTest" time="0.095"/>
  <testcase name="testSerializing[./src/test/resources/RIFT.ware/test/ietf/ietf-ipv4-unicast-routing.yang]" classname="io.typefox.yang.tests.integration.SerializationIntegrationTest" time="0.106"/>
  <testcase name="testSerializing[./src/test/resources/RIFT.ware/test/ietf/notifications.yang]" classname="io.typefox.yang.tests.integration.SerializationIntegrationTest" time="0.04"/>
  <testcase name="testSerializing[./src/test/resources/RIFT.ware/test/ietf/IANA-ADDRESS-FAMILY-NUMBERS-MIB.yang]" classname="io.typefox.yang.tests.integration.SerializationIntegrationTest" time="0.033"/>
  <testcase name="testSerializing[./src/test/resources/RIFT.ware/test/ietf/ENTITY-STATE-MIB.yang]" classname="io.typefox.yang.tests.integration.SerializationIntegrationTest" time="0.07"/>
  <testcase name="testSerializing[./src/test/resources/RIFT.ware/test/ietf/DISMAN-EVENT-MIB.yang]" classname="io.typefox.yang.tests.integration.SerializationIntegrationTest" time="0.317"/>
  <testcase name="testSerializing[./src/test/resources/RIFT.ware/test/ietf/DIFFSERV-MIB.yang]" classname="io.typefox.yang.tests.integration.SerializationIntegrationTest" time="0.423"/>
  <testcase name="testSerializing[./src/test/resources/RIFT.ware/test/ietf/SNMP-USM-AES-MIB.yang]" classname="io.typefox.yang.tests.integration.SerializationIntegrationTest" time="0.021"/>
  <testcase name="testSerializing[./src/test/resources/RIFT.ware/test/ietf/IF-MIB.yang]" classname="io.typefox.yang.tests.integration.SerializationIntegrationTest" time="0.132"/>
  <testcase name="testSerializing[./src/test/resources/RIFT.ware/test/ietf/SNMPv2-TM.yang]" classname="io.typefox.yang.tests.integration.SerializationIntegrationTest" time="0.022"/>
  <testcase name="testSerializing[./src/test/resources/RIFT.ware/test/ietf/DISMAN-SCRIPT-MIB.yang]" classname="io.typefox.yang.tests.integration.SerializationIntegrationTest" time="0.22"/>
  <testcase name="testSerializing[./src/test/resources/RIFT.ware/test/ietf/TRANSPORT-ADDRESS-MIB.yang]" classname="io.typefox.yang.tests.integration.SerializationIntegrationTest" time="0.068"/>
  <testcase name="testSerializing[./src/test/resources/RIFT.ware/test/ietf/DIFFSERV-DSCP-TC.yang]" classname="io.typefox.yang.tests.integration.SerializationIntegrationTest" time="0.037"/>
  <testcase name="testSerializing[./src/test/resources/RIFT.ware/test/ietf/IANAifType-MIB.yang]" classname="io.typefox.yang.tests.integration.SerializationIntegrationTest" time="0.188"/>
  <testcase name="testSerializing[./src/test/resources/RIFT.ware/test/ietf/ietf-routing.yang]" classname="io.typefox.yang.tests.integration.SerializationIntegrationTest" time="0.195"/>
  <testcase name="testSerializing[./src/test/resources/RIFT.ware/test/ietf/iana-crypt-hash.yang]" classname="io.typefox.yang.tests.integration.SerializationIntegrationTest" time="0.019"/>
  <testcase name="testSerializing[./src/test/resources/RIFT.ware/test/ietf/ietf-netconf-partial-lock.yang]" classname="io.typefox.yang.tests.integration.SerializationIntegrationTest" time="0.044"/>
  <testcase name="testSerializing[./src/test/resources/RIFT.ware/test/ietf/AGENTX-MIB.yang]" classname="io.typefox.yang.tests.integration.SerializationIntegrationTest" time="0.128"/>
  <testcase name="testSerializing[./src/test/resources/RIFT.ware/test/ietf/ietf-system.yang]" classname="io.typefox.yang.tests.integration.SerializationIntegrationTest" time="0.155"/>
  <testcase name="testSerializing[./src/test/resources/RIFT.ware/test/ietf/IP-MIB.yang]" classname="io.typefox.yang.tests.integration.SerializationIntegrationTest" time="0.834"/>
  <testcase name="testSerializing[./src/test/resources/RIFT.ware/test/ietf/ietf-netconf-acm.yang]" classname="io.typefox.yang.tests.integration.SerializationIntegrationTest" time="0.072"/>
  <testcase name="testSerializing[./src/test/resources/RIFT.ware/test/ietf/RFC-1215.yang]" classname="io.typefox.yang.tests.integration.SerializationIntegrationTest" time="0.036"/>
  <testcase name="testSerializing[./src/test/resources/RIFT.ware/test/ietf/ENTITY-STATE-TC-MIB.yang]" classname="io.typefox.yang.tests.integration.SerializationIntegrationTest" time="0.059"/>
  <testcase name="testSerializing[./src/test/resources/RIFT.ware/test/ietf/ietf-netconf-with-defaults.yang]" classname="io.typefox.yang.tests.integration.SerializationIntegrationTest" time="0.11"/>
  <testcase name="testSerializing[./src/test/resources/RIFT.ware/test/ietf/nc-notifications.yang]" classname="io.typefox.yang.tests.integration.SerializationIntegrationTest" time="0.07"/>
  <testcase name="testSerializing[./src/test/resources/RIFT.ware/test/ietf/ietf-snmp-proxy.yang]" classname="io.typefox.yang.tests.integration.SerializationIntegrationTest" time="0.121"/>
  <testcase name="testSerializing[./src/test/resources/RIFT.ware/test/ietf/HOST-RESOURCES-TYPES.yang]" classname="io.typefox.yang.tests.integration.SerializationIntegrationTest" time="0.145"/>
  <testcase name="testSerializing[./src/test/resources/RIFT.ware/test/ietf/ENTITY-SENSOR-MIB.yang]" classname="io.typefox.yang.tests.integration.SerializationIntegrationTest" time="0.123"/>
  <testcase name="testSerializing[./src/test/resources/RIFT.ware/test/ietf/IF-INVERTED-STACK-MIB.yang]" classname="io.typefox.yang.tests.integration.SerializationIntegrationTest" time="0.139"/>
  <testcase name="testSerializing[./src/test/resources/RIFT.ware/test/ietf/SNMPv2-TC.yang]" classname="io.typefox.yang.tests.integration.SerializationIntegrationTest" time="0.061"/>
  <testcase name="testSerializing[./src/test/resources/RIFT.ware/test/ietf/ENTITY-MIB.yang]" classname="io.typefox.yang.tests.integration.SerializationIntegrationTest" time="0.189"/>
  <testcase name="testSerializing[./src/test/resources/RIFT.ware/test/ietf/SNMPv2-MIB.yang]" classname="io.typefox.yang.tests.integration.SerializationIntegrationTest" time="0.191"/>
  <testcase name="testSerializing[./src/test/resources/RIFT.ware/test/ietf/INET-ADDRESS-MIB.yang]" classname="io.typefox.yang.tests.integration.SerializationIntegrationTest" time="0.056"/>
  <testcase name="testSerializing[./src/test/resources/RIFT.ware/test/ietf/SNMP-FRAMEWORK-MIB.yang]" classname="io.typefox.yang.tests.integration.SerializationIntegrationTest" time="0.046"/>
  <testcase name="testSerializing[./src/test/resources/RIFT.ware/test/ietf/IANA-LANGUAGE-MIB.yang]" classname="io.typefox.yang.tests.integration.SerializationIntegrationTest" time="0.023"/>
  <testcase name="testSerializing[./src/test/resources/RIFT.ware/test/ietf/ietf-snmp-engine.yang]" classname="io.typefox.yang.tests.integration.SerializationIntegrationTest" time="0.098"/>
  <testcase name="testSerializing[./src/test/resources/RIFT.ware/test/ietf/DISMAN-SCHEDULE-MIB.yang]" classname="io.typefox.yang.tests.integration.SerializationIntegrationTest" time="0.182"/>
  <testcase name="testSerializing[./src/test/resources/RIFT.ware/test/ietf/ietf-ip.yang]" classname="io.typefox.yang.tests.integration.SerializationIntegrationTest" time="0.147"/>
  <testcase name="testSerializing[./src/test/resources/RIFT.ware/test/ietf/ietf-snmp-tls.yang]" classname="io.typefox.yang.tests.integration.SerializationIntegrationTest" time="0.14"/>
  <testcase name="testSerializing[./src/test/resources/RIFT.ware/test/ietf/iana-timezones.yang]" classname="io.typefox.yang.tests.integration.SerializationIntegrationTest" time="0.111"/>
  <testcase name="testSerializing[./src/test/resources/RIFT.ware/test/ietf/SNMP-MPD-MIB.yang]" classname="io.typefox.yang.tests.integration.SerializationIntegrationTest" time="0.023"/>
  <testcase name="testSerializing[./src/test/resources/RIFT.ware/test/ietf/ietf-snmp-target.yang]" classname="io.typefox.yang.tests.integration.SerializationIntegrationTest" time="0.08"/>
  <testcase name="testSerializing[./src/test/resources/RIFT.ware/test/netconfcentral/yangcli.yang]" classname="io.typefox.yang.tests.integration.SerializationIntegrationTest" time="0.402"/>
  <testcase name="testSerializing[./src/test/resources/RIFT.ware/test/netconfcentral/yuma-mysession.yang]" classname="io.typefox.yang.tests.integration.SerializationIntegrationTest" time="0.09"/>
  <testcase name="testSerializing[./src/test/resources/RIFT.ware/test/netconfcentral/yuma-nacm.yang]" classname="io.typefox.yang.tests.integration.SerializationIntegrationTest" time="0.161"/>
  <testcase name="testSerializing[./src/test/resources/RIFT.ware/test/netconfcentral/yuma-netconf.yang]" classname="io.typefox.yang.tests.integration.SerializationIntegrationTest" time="0.168"/>
  <testcase name="testSerializing[./src/test/resources/RIFT.ware/test/netconfcentral/yangdump.yang]" classname="io.typefox.yang.tests.integration.SerializationIntegrationTest" time="0.101"/>
  <testcase name="testSerializing[./src/test/resources/RIFT.ware/test/netconfcentral/yuma-ncx.yang]" classname="io.typefox.yang.tests.integration.SerializationIntegrationTest" time="0.136"/>
  <testcase name="testSerializing[./src/test/resources/RIFT.ware/test/netconfcentral/yuma-arp.yang]" classname="io.typefox.yang.tests.integration.SerializationIntegrationTest" time="0.11"/>
  <testcase name="testSerializing[./src/test/resources/RIFT.ware/test/netconfcentral/yuma-app-common.yang]" classname="io.typefox.yang.tests.integration.SerializationIntegrationTest" time="0.077"/>
  <testcase name="testSerializing[./src/test/resources/RIFT.ware/test/netconfcentral/yuma-types.yang]" classname="io.typefox.yang.tests.integration.SerializationIntegrationTest" time="0.067"/>
  <testcase name="testSerializing[./src/test/resources/RIFT.ware/test/netconfcentral/yuma-interfaces.yang]" classname="io.typefox.yang.tests.integration.SerializationIntegrationTest" time="0.054"/>
  <testcase name="testSerializing[./src/test/resources/RIFT.ware/test/netconfcentral/yangdiff.yang]" classname="io.typefox.yang.tests.integration.SerializationIntegrationTest" time="0.048"/>
  <testcase name="testSerializing[./src/test/resources/RIFT.ware/test/netconfcentral/toaster.yang]" classname="io.typefox.yang.tests.integration.SerializationIntegrationTest" time="0.036"/>
  <testcase name="testSerializing[./src/test/resources/RIFT.ware/test/netconfcentral/yuma-xsd.yang]" classname="io.typefox.yang.tests.integration.SerializationIntegrationTest" time="0.042"/>
  <testcase name="testSerializing[./src/test/resources/RIFT.ware/test/netconfcentral/yuma-proc.yang]" classname="io.typefox.yang.tests.integration.SerializationIntegrationTest" time="0.083"/>
  <testcase name="testSerializing[./src/test/resources/RIFT.ware/test/netconfcentral/yuma-system.yang]" classname="io.typefox.yang.tests.integration.SerializationIntegrationTest" time="0.153"/>
  <testcase name="testSerializing[./src/test/resources/RIFT.ware/test/netconfcentral/netconfd.yang]" classname="io.typefox.yang.tests.integration.SerializationIntegrationTest" time="0.181"/>
  <testcase name="testSerializing[./src/test/resources/RIFT.ware/test/netconfcentral/yuma-time-filter.yang]" classname="io.typefox.yang.tests.integration.SerializationIntegrationTest" time="0.126"/>
  <testcase name="testSerializing[./src/test/resources/RIFT.ware/test/pass/testr1@2009-02-02.yang]" classname="io.typefox.yang.tests.integration.SerializationIntegrationTest" time="0.026"/>
  <testcase name="testSerializing[./src/test/resources/RIFT.ware/test/pass/testaug2.yang]" classname="io.typefox.yang.tests.integration.SerializationIntegrationTest" time="0.02"/>
  <testcase name="testSerializing[./src/test/resources/RIFT.ware/test/pass/t29.yang]" classname="io.typefox.yang.tests.integration.SerializationIntegrationTest" time="0.037"/>
  <testcase name="testSerializing[./src/test/resources/RIFT.ware/test/pass/testgrp2.yang]" classname="io.typefox.yang.tests.integration.SerializationIntegrationTest" time="0.034"/>
  <testcase name="testSerializing[./src/test/resources/RIFT.ware/test/pass/testgrouping2.yang]" classname="io.typefox.yang.tests.integration.SerializationIntegrationTest" time="0.031"/>
  <testcase name="testSerializing[./src/test/resources/RIFT.ware/test/pass/siltest6.yang]" classname="io.typefox.yang.tests.integration.SerializationIntegrationTest" time="0.041"/>
  <testcase name="testSerializing[./src/test/resources/RIFT.ware/test/pass/test8d.yang]" classname="io.typefox.yang.tests.integration.SerializationIntegrationTest" time="0.044"/>
  <testcase name="testSerializing[./src/test/resources/RIFT.ware/test/pass/test2.yang]" classname="io.typefox.yang.tests.integration.SerializationIntegrationTest" time="0.056"/>
  <testcase name="testSerializing[./src/test/resources/RIFT.ware/test/pass/testmalloc.yang]" classname="io.typefox.yang.tests.integration.SerializationIntegrationTest" time="0.013"/>
  <testcase name="testSerializing[./src/test/resources/RIFT.ware/test/pass/examples.yang]" classname="io.typefox.yang.tests.integration.SerializationIntegrationTest" time="0.063"/>
  <testcase name="testSerializing[./src/test/resources/RIFT.ware/test/pass/testr1@2009-01-01.yang]" classname="io.typefox.yang.tests.integration.SerializationIntegrationTest" time="0.072"/>
  <testcase name="testSerializing[./src/test/resources/RIFT.ware/test/pass/testfeature.yang]" classname="io.typefox.yang.tests.integration.SerializationIntegrationTest" time="0.038"/>
  <testcase name="testSerializing[./src/test/resources/RIFT.ware/test/pass/testdec.yang]" classname="io.typefox.yang.tests.integration.SerializationIntegrationTest" time="0.032"/>
  <testcase name="testSerializing[./src/test/resources/RIFT.ware/test/pass/when_bug.yang]" classname="io.typefox.yang.tests.integration.SerializationIntegrationTest" time="0.066"/>
  <testcase name="testSerializing[./src/test/resources/RIFT.ware/test/pass/testfalse.yang]" classname="io.typefox.yang.tests.integration.SerializationIntegrationTest" time="0.015"/>
  <testcase name="testSerializing[./src/test/resources/RIFT.ware/test/pass/testobsolete.yang]" classname="io.typefox.yang.tests.integration.SerializationIntegrationTest" time="0.03"/>
  <testcase name="testSerializing[./src/test/resources/RIFT.ware/test/pass/testuses.yang]" classname="io.typefox.yang.tests.integration.SerializationIntegrationTest" time="0.023"/>
  <testcase name="testSerializing[./src/test/resources/RIFT.ware/test/pass/testmandatory.yang]" classname="io.typefox.yang.tests.integration.SerializationIntegrationTest" time="0.021"/>
  <testcase name="testSerializing[./src/test/resources/RIFT.ware/test/pass/testr2@2009-01-01.yang]" classname="io.typefox.yang.tests.integration.SerializationIntegrationTest" time="0.019"/>
  <testcase name="testSerializing[./src/test/resources/RIFT.ware/test/pass/siltest2.yang]" classname="io.typefox.yang.tests.integration.SerializationIntegrationTest" time="0.015"/>
  <testcase name="testSerializing[./src/test/resources/RIFT.ware/test/pass/testext.yang]" classname="io.typefox.yang.tests.integration.SerializationIntegrationTest" time="0.02"/>
  <testcase name="testSerializing[./src/test/resources/RIFT.ware/test/pass/ytest.yang]" classname="io.typefox.yang.tests.integration.SerializationIntegrationTest" time="0.026"/>
  <testcase name="testSerializing[./src/test/resources/RIFT.ware/test/pass/test8c.yang]" classname="io.typefox.yang.tests.integration.SerializationIntegrationTest" time="0.027"/>
  <testcase name="testSerializing[./src/test/resources/RIFT.ware/test/pass/testgrp.yang]" classname="io.typefox.yang.tests.integration.SerializationIntegrationTest" time="0.019"/>
  <testcase name="testSerializing[./src/test/resources/RIFT.ware/test/pass/testgrouping3.yang]" classname="io.typefox.yang.tests.integration.SerializationIntegrationTest" time="0.034"/>
  <testcase name="testSerializing[./src/test/resources/RIFT.ware/test/pass/t9.yang]" classname="io.typefox.yang.tests.integration.SerializationIntegrationTest" time="0.018"/>
  <testcase name="testSerializing[./src/test/resources/RIFT.ware/test/pass/t11.yang]" classname="io.typefox.yang.tests.integration.SerializationIntegrationTest" time="0.045"/>
  <testcase name="testSerializing[./src/test/resources/RIFT.ware/test/pass/testcrud.yang]" classname="io.typefox.yang.tests.integration.SerializationIntegrationTest" time="0.038"/>
  <testcase name="testSerializing[./src/test/resources/RIFT.ware/test/pass/test8b.yang]" classname="io.typefox.yang.tests.integration.SerializationIntegrationTest" time="0.036"/>
  <testcase name="testSerializing[./src/test/resources/RIFT.ware/test/pass/negnum.yang]" classname="io.typefox.yang.tests.integration.SerializationIntegrationTest" time="0.016"/>
  <testcase name="testSerializing[./src/test/resources/RIFT.ware/test/pass/test10.yang]" classname="io.typefox.yang.tests.integration.SerializationIntegrationTest" time="0.061"/>
  <testcase name="testSerializing[./src/test/resources/RIFT.ware/test/pass/siltest3.yang]" classname="io.typefox.yang.tests.integration.SerializationIntegrationTest" time="0.045"/>
  <testcase name="testSerializing[./src/test/resources/RIFT.ware/test/pass/testdev_dev.yang]" classname="io.typefox.yang.tests.integration.SerializationIntegrationTest" time="0.124"/>
  <testcase name="testSerializing[./src/test/resources/RIFT.ware/test/pass/test.yang]" classname="io.typefox.yang.tests.integration.SerializationIntegrationTest" time="0.101"/>
  <testcase name="testSerializing[./src/test/resources/RIFT.ware/test/pass/siltest7.yang]" classname="io.typefox.yang.tests.integration.SerializationIntegrationTest" time="0.016"/>
  <testcase name="testSerializing[./src/test/resources/RIFT.ware/test/pass/test8.yang]" classname="io.typefox.yang.tests.integration.SerializationIntegrationTest" time="0.039"/>
  <testcase name="testSerializing[./src/test/resources/RIFT.ware/test/pass/siltest5.yang]" classname="io.typefox.yang.tests.integration.SerializationIntegrationTest" time="0.095"/>
  <testcase name="testSerializing[./src/test/resources/RIFT.ware/test/pass/testdev.yang]" classname="io.typefox.yang.tests.integration.SerializationIntegrationTest" time="0.045"/>
  <testcase name="testSerializing[./src/test/resources/RIFT.ware/test/pass/testcommit.yang]" classname="io.typefox.yang.tests.integration.SerializationIntegrationTest" time="0.095"/>
  <testcase name="testSerializing[./src/test/resources/RIFT.ware/test/pass/testgrouping.yang]" classname="io.typefox.yang.tests.integration.SerializationIntegrationTest" time="0.066"/>
  <testcase name="testSerializing[./src/test/resources/RIFT.ware/test/pass/t30.yang]" classname="io.typefox.yang.tests.integration.SerializationIntegrationTest" time="0.046"/>
  <testcase name="testSerializing[./src/test/resources/RIFT.ware/test/pass/augment_bug.yang]" classname="io.typefox.yang.tests.integration.SerializationIntegrationTest" time="0.131"/>
  <testcase name="testSerializing[./src/test/resources/RIFT.ware/test/pass/test3.yang]" classname="io.typefox.yang.tests.integration.SerializationIntegrationTest" time="0.047"/>
  <testcase name="testSerializing[./src/test/resources/RIFT.ware/test/pass/test1a.yang]" classname="io.typefox.yang.tests.integration.SerializationIntegrationTest" time="0.078"/>
  <testcase name="testSerializing[./src/test/resources/RIFT.ware/test/pass/test1.yang]" classname="io.typefox.yang.tests.integration.SerializationIntegrationTest" time="0.04"/>
  <testcase name="testSerializing[./src/test/resources/RIFT.ware/test/pass/test3a.yang]" classname="io.typefox.yang.tests.integration.SerializationIntegrationTest" time="0.019"/>
  <testcase name="testSerializing[./src/test/resources/RIFT.ware/test/pass/test1b.yang]" classname="io.typefox.yang.tests.integration.SerializationIntegrationTest" time="0.025"/>
  <testcase name="testSerializing[./src/test/resources/RIFT.ware/test/pass/testsim.yang]" classname="io.typefox.yang.tests.integration.SerializationIntegrationTest" time="0.015"/>
  <testcase name="testSerializing[./src/test/resources/RIFT.ware/test/pass/testrev.yang]" classname="io.typefox.yang.tests.integration.SerializationIntegrationTest" time="0.032"/>
  <testcase name="testSerializing[./src/test/resources/RIFT.ware/test/pass/test6.yang]" classname="io.typefox.yang.tests.integration.SerializationIntegrationTest" time="0.028"/>
  <testcase name="testSerializing[./src/test/resources/RIFT.ware/test/pass/test9.yang]" classname="io.typefox.yang.tests.integration.SerializationIntegrationTest" time="0.016"/>
  <testcase name="testSerializing[./src/test/resources/RIFT.ware/test/pass/testrev2.yang]" classname="io.typefox.yang.tests.integration.SerializationIntegrationTest" time="0.026"/>
  <testcase name="testSerializing[./src/test/resources/RIFT.ware/test/pass/test8a.yang]" classname="io.typefox.yang.tests.integration.SerializationIntegrationTest" time="0.043"/>
  <testcase name="testSerializing[./src/test/resources/RIFT.ware/test/pass/trev.yang]" classname="io.typefox.yang.tests.integration.SerializationIntegrationTest" time="0.022"/>
  <testcase name="testSerializing[./src/test/resources/RIFT.ware/test/pass/testconfig.yang]" classname="io.typefox.yang.tests.integration.SerializationIntegrationTest" time="0.028"/>
  <testcase name="testSerializing[./src/test/resources/RIFT.ware/test/pass/test5.yang]" classname="io.typefox.yang.tests.integration.SerializationIntegrationTest" time="0.019"/>
  <testcase name="testSerializing[./src/test/resources/RIFT.ware/test/pass/siltest4.yang]" classname="io.typefox.yang.tests.integration.SerializationIntegrationTest" time="0.036"/>
  <testcase name="testSerializing[./src/test/resources/RIFT.ware/test/pass/siltest1.yang]" classname="io.typefox.yang.tests.integration.SerializationIntegrationTest" time="0.016"/>
  <testcase name="testSerializing[./src/test/resources/RIFT.ware/test/pass/t8.yang]" classname="io.typefox.yang.tests.integration.SerializationIntegrationTest" time="0.017"/>
  <testcase name="testSerializing[./src/test/resources/RIFT.ware/test/pass/augment_interface.yang]" classname="io.typefox.yang.tests.integration.SerializationIntegrationTest" time="0.054"/>
  <testcase name="testSerializing[./src/test/resources/RIFT.ware/test/pass/testmust.yang]" classname="io.typefox.yang.tests.integration.SerializationIntegrationTest" time="0.09"/>
  <testcase name="testSerializing[./src/test/resources/RIFT.ware/test/pass/testr2@2008-01-01.yang]" classname="io.typefox.yang.tests.integration.SerializationIntegrationTest" time="0.045"/>
  <testcase name="testSerializing[./src/test/resources/RIFT.ware/test/pass/testsi.yang]" classname="io.typefox.yang.tests.integration.SerializationIntegrationTest" time="0.026"/>
  <testcase name="testSerializing[./src/test/resources/RIFT.ware/test/pass/test3b.yang]" classname="io.typefox.yang.tests.integration.SerializationIntegrationTest" time="0.017"/>
  <testcase name="testSerializing[./src/test/resources/RIFT.ware/test/pass/test7.yang]" classname="io.typefox.yang.tests.integration.SerializationIntegrationTest" time="0.016"/>
  <testcase name="testSerializing[./src/test/resources/RIFT.ware/test/pass/t31.yang]" classname="io.typefox.yang.tests.integration.SerializationIntegrationTest" time="0.016"/>
  <testcase name="testSerializing[./src/test/resources/RIFT.ware/test/pass/test4.yang]" classname="io.typefox.yang.tests.integration.SerializationIntegrationTest" time="0.016"/>
  <testcase name="testSerializing[./src/test/resources/RIFT.ware/test/pass/tunion.yang]" classname="io.typefox.yang.tests.integration.SerializationIntegrationTest" time="0.02"/>
  <testcase name="testSerializing[./src/test/resources/RIFT.ware/test/pass/t12.yang]" classname="io.typefox.yang.tests.integration.SerializationIntegrationTest" time="0.017"/>
  <testcase name="testSerializing[./src/test/resources/RIFT.ware/test/pass/test1c.yang]" classname="io.typefox.yang.tests.integration.SerializationIntegrationTest" time="0.022"/>
  <testcase name="testSerializing[./src/test/resources/RIFT.ware/test/yang/yang-smi.yang]" classname="io.typefox.yang.tests.integration.SerializationIntegrationTest" time="0.01"/>
  <testcase name="testSerializing[./src/test/resources/RIFT.ware/test/yang/ietf-inet-types.yang]" classname="io.typefox.yang.tests.integration.SerializationIntegrationTest" time="0.024"/>
  <testcase name="testSerializing[./src/test/resources/RIFT.ware/test/yang/ietf-yang-smiv2.yang]" classname="io.typefox.yang.tests.integration.SerializationIntegrationTest" time="0.036"/>
  <testcase name="testSerializing[./src/test/resources/good/q.yang]" classname="io.typefox.yang.tests.integration.SerializationIntegrationTest" time="0.014"/>
  <testcase name="testSerializing[./src/test/resources/good/augment-shorthand-case.yang]" classname="io.typefox.yang.tests.integration.SerializationIntegrationTest" time="0.035"/>
  <testcase name="testSerializing[./src/test/resources/good/leafref-1.1.yang]" classname="io.typefox.yang.tests.integration.SerializationIntegrationTest" time="0.022"/>
  <testcase name="testSerializing[./src/test/resources/good/ethernet.yang]" classname="io.typefox.yang.tests.integration.SerializationIntegrationTest" time="0.162"/>
  <testcase name="testSerializing[./src/test/resources/good/foo.yang]" classname="io.typefox.yang.tests.integration.SerializationIntegrationTest" time="0.018"/>
  <testcase name="testSerializing[./src/test/resources/good/yt4.yang]" classname="io.typefox.yang.tests.integration.SerializationIntegrationTest" time="0.022"/>
  <testcase name="testSerializing[./src/test/resources/good/fun_with_augments.yang]" classname="io.typefox.yang.tests.integration.SerializationIntegrationTest" time="0.012"/>
  <testcase name="testSerializing[./src/test/resources/good/quoted-string-1.0.yang]" classname="io.typefox.yang.tests.integration.SerializationIntegrationTest" time="0.009"/>
  <testcase name="testSerializing[./src/test/resources/good/yt6.yang]" classname="io.typefox.yang.tests.integration.SerializationIntegrationTest" time="0.03"/>
  <testcase name="testSerializing[./src/test/resources/good/xt11.yang]" classname="io.typefox.yang.tests.integration.SerializationIntegrationTest" time="0.03"/>
  <testcase name="testSerializing[./src/test/resources/good/xt6.yang]" classname="io.typefox.yang.tests.integration.SerializationIntegrationTest" time="0.015"/>
  <testcase name="testSerializing[./src/test/resources/good/leafref2-1.1.yang]" classname="io.typefox.yang.tests.integration.SerializationIntegrationTest" time="0.019"/>
  <testcase name="testSerializing[./src/test/resources/good/w.yang]" classname="io.typefox.yang.tests.integration.SerializationIntegrationTest" time="0.041"/>
  <testcase name="testSerializing[./src/test/resources/good/xt8.yang]" classname="io.typefox.yang.tests.integration.SerializationIntegrationTest" time="0.062"/>
  <testcase name="testSerializing[./src/test/resources/good/xt10.yang]" classname="io.typefox.yang.tests.integration.SerializationIntegrationTest" time="0.026"/>
  <testcase name="testSerializing[./src/test/resources/good/revision@2000-01-01.yang]" classname="io.typefox.yang.tests.integration.SerializationIntegrationTest" time="0.02"/>
  <testcase name="testSerializing[./src/test/resources/good/foo_augment2.yang]" classname="io.typefox.yang.tests.integration.SerializationIntegrationTest" time="0.02"/>
  <testcase name="testSerializing[./src/test/resources/good/inputaugment.yang]" classname="io.typefox.yang.tests.integration.SerializationIntegrationTest" time="0.013"/>
  <testcase name="testSerializing[./src/test/resources/good/yt3.yang]" classname="io.typefox.yang.tests.integration.SerializationIntegrationTest" time="0.056"/>
  <testcase name="testSerializing[./src/test/resources/good/yt5a.yang]" classname="io.typefox.yang.tests.integration.SerializationIntegrationTest" time="0.048"/>
  <testcase name="testSerializing[./src/test/resources/good/revision2.yang]" classname="io.typefox.yang.tests.integration.SerializationIntegrationTest" time="0.025"/>
  <testcase name="testSerializing[./src/test/resources/good/yt9.yang]" classname="io.typefox.yang.tests.integration.SerializationIntegrationTest" time="0.014"/>
  <testcase name="testSerializing[./src/test/resources/good/augment-sub1.yang]" classname="io.typefox.yang.tests.integration.SerializationIntegrationTest" time="0.026"/>
  <testcase name="testSerializing[./src/test/resources/good/mef-yt10.yang]" classname="io.typefox.yang.tests.integration.SerializationIntegrationTest" time="0.054"/>
  <testcase name="testSerializing[./src/test/resources/good/yt5.yang]" classname="io.typefox.yang.tests.integration.SerializationIntegrationTest" time="0.029"/>
  <testcase name="testSerializing[./src/test/resources/good/mef-yt11.yang]" classname="io.typefox.yang.tests.integration.SerializationIntegrationTest" time="0.048"/>
  <testcase name="testSerializing[./src/test/resources/good/yangster-action-test.yang]" classname="io.typefox.yang.tests.integration.SerializationIntegrationTest" time="0.016"/>
  <testcase name="testSerializing[./src/test/resources/good/u.yang]" classname="io.typefox.yang.tests.integration.SerializationIntegrationTest" time="0.022"/>
  <testcase name="testSerializing[./src/test/resources/good/augtest.yang]" classname="io.typefox.yang.tests.integration.SerializationIntegrationTest" time="0.021"/>
  <testcase name="testSerializing[./src/test/resources/good/xt10@2009-01-01.yang]" classname="io.typefox.yang.tests.integration.SerializationIntegrationTest" time="0.007"/>
  <testcase name="testSerializing[./src/test/resources/good/yt7.yang]" classname="io.typefox.yang.tests.integration.SerializationIntegrationTest" time="0.014"/>
  <testcase name="testSerializing[./src/test/resources/good/iana-if-type@2014-05-08.yang]" classname="io.typefox.yang.tests.integration.SerializationIntegrationTest" time="0.155"/>
  <testcase name="testSerializing[./src/test/resources/good/deref.yang]" classname="io.typefox.yang.tests.integration.SerializationIntegrationTest" time="0.023"/>
  <testcase name="testSerializing[./src/test/resources/good/augment-sub0.yang]" classname="io.typefox.yang.tests.integration.SerializationIntegrationTest" time="0.041"/>
  <testcase name="testSerializing[./src/test/resources/good/ietf-yang-types.yang]" classname="io.typefox.yang.tests.integration.SerializationIntegrationTest" time="0.029"/>
  <testcase name="testSerializing[./src/test/resources/good/d.yang]" classname="io.typefox.yang.tests.integration.SerializationIntegrationTest" time="0.012"/>
  <testcase name="testSerializing[./src/test/resources/good/req_inst.yang]" classname="io.typefox.yang.tests.integration.SerializationIntegrationTest" time="0.02"/>
  <testcase name="testSerializing[./src/test/resources/good/yt6a.yang]" classname="io.typefox.yang.tests.integration.SerializationIntegrationTest" time="0.02"/>
  <testcase name="testSerializing[./src/test/resources/good/yt1g.yang]" classname="io.typefox.yang.tests.integration.SerializationIntegrationTest" time="0.028"/>
  <testcase name="testSerializing[./src/test/resources/good/yt2.yang]" classname="io.typefox.yang.tests.integration.SerializationIntegrationTest" time="0.027"/>
  <testcase name="testSerializing[./src/test/resources/good/new-aug.yang]" classname="io.typefox.yang.tests.integration.SerializationIntegrationTest" time="0.023"/>
  <testcase name="testSerializing[./src/test/resources/good/xt5.yang]" classname="io.typefox.yang.tests.integration.SerializationIntegrationTest" time="0.01"/>
  <testcase name="testSerializing[./src/test/resources/good/augment-super.yang]" classname="io.typefox.yang.tests.integration.SerializationIntegrationTest" time="0.021"/>
  <testcase name="testSerializing[./src/test/resources/good/amodule.yang]" classname="io.typefox.yang.tests.integration.SerializationIntegrationTest" time="0.02"/>
  <testcase name="testSerializing[./src/test/resources/good/ietf-interfaces@2014-05-08.yang]" classname="io.typefox.yang.tests.integration.SerializationIntegrationTest" time="0.067"/>
  <testcase name="testSerializing[./src/test/resources/good/xt10@2009-02-01.yang]" classname="io.typefox.yang.tests.integration.SerializationIntegrationTest" time="0.013"/>
  <testcase name="testSerializing[./src/test/resources/good/foo_augment.yang]" classname="io.typefox.yang.tests.integration.SerializationIntegrationTest" time="0.019"/>
  <testcase name="testSerializing[./src/test/resources/good/foosub2.yang]" classname="io.typefox.yang.tests.integration.SerializationIntegrationTest" time="0.014"/>
  <testcase name="testSerializing[./src/test/resources/good/yt10.yang]" classname="io.typefox.yang.tests.integration.SerializationIntegrationTest" time="0.012"/>
  <testcase name="testSerializing[./src/test/resources/good/yt3a.yang]" classname="io.typefox.yang.tests.integration.SerializationIntegrationTest" time="0.014"/>
  <testcase name="testSerializing[./src/test/resources/good/qs.yang]" classname="io.typefox.yang.tests.integration.SerializationIntegrationTest" time="0.012"/>
  <testcase name="testSerializing[./src/test/resources/good/lt1.yang]" classname="io.typefox.yang.tests.integration.SerializationIntegrationTest" time="0.02"/>
  <testcase name="testSerializing[./src/test/resources/good/new.yang]" classname="io.typefox.yang.tests.integration.SerializationIntegrationTest" time="0.023"/>
  <testcase name="testSerializing[./src/test/resources/good/yangster-test.yang]" classname="io.typefox.yang.tests.integration.SerializationIntegrationTest" time="0.011"/>
  <testcase name="testSerializing[./src/test/resources/good/yang-dep.yang]" classname="io.typefox.yang.tests.integration.SerializationIntegrationTest" time="0.008"/>
  <testcase name="testSerializing[./src/test/resources/good/ieee-yt12.yang]" classname="io.typefox.yang.tests.integration.SerializationIntegrationTest" time="0.054"/>
  <testcase name="testSerializing[./src/test/resources/good/bug_114.yang]" classname="io.typefox.yang.tests.integration.SerializationIntegrationTest" time="0.011"/>
  <testcase name="testSerializing[./src/test/resources/good/xt7.yang]" classname="io.typefox.yang.tests.integration.SerializationIntegrationTest" time="0.016"/>
  <testcase name="testSerializing[./src/test/resources/good/yt8.yang]" classname="io.typefox.yang.tests.integration.SerializationIntegrationTest" time="0.008"/>
  <testcase name="testSerializing[./src/test/resources/good/foosub.yang]" classname="io.typefox.yang.tests.integration.SerializationIntegrationTest" time="0.012"/>
  <system-out><![CDATA[]]></system-out>
  <system-err><![CDATA[]]></system-err>
</testsuite>
