<?xml version="1.0" encoding="UTF-8"?>
<testsuite name="io.typefox.yang.tests.codeLens.CodeLensTest" tests="1" skipped="0" failures="0" errors="0" timestamp="2018-11-08T13:08:20" hostname="rijul-ThinkPad-T470" time="0.087">
  <properties/>
  <testcase name="testCodeLens" classname="io.typefox.yang.tests.codeLens.CodeLensTest" time="0.087"/>
  <system-out><![CDATA[]]></system-out>
  <system-err><![CDATA[]]></system-err>
</testsuite>
