<?xml version="1.0" encoding="UTF-8"?>
<testsuite name="io.typefox.yang.tests.symbols.DocumentSymbolsTest" tests="3" skipped="0" failures="0" errors="0" timestamp="2018-11-08T13:08:10" hostname="rijul-ThinkPad-T470" time="0.576">
  <properties/>
  <testcase name="testEmpty" classname="io.typefox.yang.tests.symbols.DocumentSymbolsTest" time="0.135"/>
  <testcase name="testInputOutput" classname="io.typefox.yang.tests.symbols.DocumentSymbolsTest" time="0.231"/>
  <testcase name="testDocumentSymbols" classname="io.typefox.yang.tests.symbols.DocumentSymbolsTest" time="0.209"/>
  <system-out><![CDATA[]]></system-out>
  <system-err><![CDATA[]]></system-err>
</testsuite>
