<?xml version="1.0" encoding="UTF-8"?>
<testsuite name="io.typefox.yang.tests.integration.GoodTests" tests="213" skipped="0" failures="0" errors="0" timestamp="2018-11-08T13:07:48" hostname="rijul-ThinkPad-T470" time="0.267">
  <properties/>
  <testcase name="checkDiagnostics[augment-sub1.yang]" classname="io.typefox.yang.tests.integration.GoodTests" time="0.003"/>
  <testcase name="checkDiagnostics[yangster-action-test.yang]" classname="io.typefox.yang.tests.integration.GoodTests" time="0.001"/>
  <testcase name="checkDiagnostics[t31.yang]" classname="io.typefox.yang.tests.integration.GoodTests" time="0.0"/>
  <testcase name="checkDiagnostics[ietf-netconf-acm.yang]" classname="io.typefox.yang.tests.integration.GoodTests" time="0.006"/>
  <testcase name="checkDiagnostics[INTEGRATED-SERVICES-MIB.yang]" classname="io.typefox.yang.tests.integration.GoodTests" time="0.001"/>
  <testcase name="checkDiagnostics[mef-yt11.yang]" classname="io.typefox.yang.tests.integration.GoodTests" time="0.001"/>
  <testcase name="checkDiagnostics[test1b.yang]" classname="io.typefox.yang.tests.integration.GoodTests" time="0.009"/>
  <testcase name="checkDiagnostics[yt2.yang]" classname="io.typefox.yang.tests.integration.GoodTests" time="0.001"/>
  <testcase name="checkDiagnostics[toaster.yang]" classname="io.typefox.yang.tests.integration.GoodTests" time="0.001"/>
  <testcase name="checkDiagnostics[SNMPv2-TC.yang]" classname="io.typefox.yang.tests.integration.GoodTests" time="0.001"/>
  <testcase name="checkDiagnostics[test3a.yang]" classname="io.typefox.yang.tests.integration.GoodTests" time="0.0"/>
  <testcase name="checkDiagnostics[HOST-RESOURCES-MIB.yang]" classname="io.typefox.yang.tests.integration.GoodTests" time="0.002"/>
  <testcase name="checkDiagnostics[test7.yang]" classname="io.typefox.yang.tests.integration.GoodTests" time="0.001"/>
  <testcase name="checkDiagnostics[EtherLike-MIB.yang]" classname="io.typefox.yang.tests.integration.GoodTests" time="0.002"/>
  <testcase name="checkDiagnostics[yt4.yang]" classname="io.typefox.yang.tests.integration.GoodTests" time="0.001"/>
  <testcase name="checkDiagnostics[yuma-ncx.yang]" classname="io.typefox.yang.tests.integration.GoodTests" time="0.004"/>
  <testcase name="checkDiagnostics[IANA-ADDRESS-FAMILY-NUMBERS-MIB.yang]" classname="io.typefox.yang.tests.integration.GoodTests" time="0.0"/>
  <testcase name="checkDiagnostics[testext.yang]" classname="io.typefox.yang.tests.integration.GoodTests" time="0.005"/>
  <testcase name="checkDiagnostics[yuma-netconf.yang]" classname="io.typefox.yang.tests.integration.GoodTests" time="0.013"/>
  <testcase name="checkDiagnostics[ietf-interfaces@2014-05-08.yang]" classname="io.typefox.yang.tests.integration.GoodTests" time="0.001"/>
  <testcase name="checkDiagnostics[testgrp2.yang]" classname="io.typefox.yang.tests.integration.GoodTests" time="0.0"/>
  <testcase name="checkDiagnostics[TRANSPORT-ADDRESS-MIB.yang]" classname="io.typefox.yang.tests.integration.GoodTests" time="0.001"/>
  <testcase name="checkDiagnostics[amodule.yang]" classname="io.typefox.yang.tests.integration.GoodTests" time="0.0"/>
  <testcase name="checkDiagnostics[inputaugment.yang]" classname="io.typefox.yang.tests.integration.GoodTests" time="0.0"/>
  <testcase name="checkDiagnostics[ietf-snmp-community.yang]" classname="io.typefox.yang.tests.integration.GoodTests" time="0.001"/>
  <testcase name="checkDiagnostics[ethernet.yang]" classname="io.typefox.yang.tests.integration.GoodTests" time="0.001"/>
  <testcase name="checkDiagnostics[yt3a.yang]" classname="io.typefox.yang.tests.integration.GoodTests" time="0.0"/>
  <testcase name="checkDiagnostics[t12.yang]" classname="io.typefox.yang.tests.integration.GoodTests" time="0.001"/>
  <testcase name="checkDiagnostics[testmandatory.yang]" classname="io.typefox.yang.tests.integration.GoodTests" time="0.0"/>
  <testcase name="checkDiagnostics[IANAifType-MIB.yang]" classname="io.typefox.yang.tests.integration.GoodTests" time="0.001"/>
  <testcase name="checkDiagnostics[test8d.yang]" classname="io.typefox.yang.tests.integration.GoodTests" time="0.0"/>
  <testcase name="checkDiagnostics[test8a.yang]" classname="io.typefox.yang.tests.integration.GoodTests" time="0.0"/>
  <testcase name="checkDiagnostics[DISMAN-SCHEDULE-MIB.yang]" classname="io.typefox.yang.tests.integration.GoodTests" time="0.001"/>
  <testcase name="checkDiagnostics[IANA-RTPROTO-MIB.yang]" classname="io.typefox.yang.tests.integration.GoodTests" time="0.001"/>
  <testcase name="checkDiagnostics[yangster-test.yang]" classname="io.typefox.yang.tests.integration.GoodTests" time="0.0"/>
  <testcase name="checkDiagnostics[xt10@2009-02-01.yang]" classname="io.typefox.yang.tests.integration.GoodTests" time="0.0"/>
  <testcase name="checkDiagnostics[testaug2.yang]" classname="io.typefox.yang.tests.integration.GoodTests" time="0.0"/>
  <testcase name="checkDiagnostics[testgrouping3.yang]" classname="io.typefox.yang.tests.integration.GoodTests" time="0.0"/>
  <testcase name="checkDiagnostics[siltest1.yang]" classname="io.typefox.yang.tests.integration.GoodTests" time="0.0"/>
  <testcase name="checkDiagnostics[testrev2.yang]" classname="io.typefox.yang.tests.integration.GoodTests" time="0.0"/>
  <testcase name="checkDiagnostics[augment_bug.yang]" classname="io.typefox.yang.tests.integration.GoodTests" time="0.0"/>
  <testcase name="checkDiagnostics[xt7.yang]" classname="io.typefox.yang.tests.integration.GoodTests" time="0.001"/>
  <testcase name="checkDiagnostics[test9.yang]" classname="io.typefox.yang.tests.integration.GoodTests" time="0.0"/>
  <testcase name="checkDiagnostics[lt1.yang]" classname="io.typefox.yang.tests.integration.GoodTests" time="0.0"/>
  <testcase name="checkDiagnostics[test3.yang]" classname="io.typefox.yang.tests.integration.GoodTests" time="0.001"/>
  <testcase name="checkDiagnostics[siltest6.yang]" classname="io.typefox.yang.tests.integration.GoodTests" time="0.0"/>
  <testcase name="checkDiagnostics[test8c.yang]" classname="io.typefox.yang.tests.integration.GoodTests" time="0.0"/>
  <testcase name="checkDiagnostics[yt8.yang]" classname="io.typefox.yang.tests.integration.GoodTests" time="0.0"/>
  <testcase name="checkDiagnostics[testobsolete.yang]" classname="io.typefox.yang.tests.integration.GoodTests" time="0.0"/>
  <testcase name="checkDiagnostics[test2.yang]" classname="io.typefox.yang.tests.integration.GoodTests" time="0.0"/>
  <testcase name="checkDiagnostics[augtest.yang]" classname="io.typefox.yang.tests.integration.GoodTests" time="0.0"/>
  <testcase name="checkDiagnostics[yuma-nacm.yang]" classname="io.typefox.yang.tests.integration.GoodTests" time="0.001"/>
  <testcase name="checkDiagnostics[testgrp.yang]" classname="io.typefox.yang.tests.integration.GoodTests" time="0.0"/>
  <testcase name="checkDiagnostics[notifications.yang]" classname="io.typefox.yang.tests.integration.GoodTests" time="0.0"/>
  <testcase name="checkDiagnostics[xt6.yang]" classname="io.typefox.yang.tests.integration.GoodTests" time="0.0"/>
  <testcase name="checkDiagnostics[testgrouping.yang]" classname="io.typefox.yang.tests.integration.GoodTests" time="0.0"/>
  <testcase name="checkDiagnostics[test1.yang]" classname="io.typefox.yang.tests.integration.GoodTests" time="0.0"/>
  <testcase name="checkDiagnostics[ietf-system.yang]" classname="io.typefox.yang.tests.integration.GoodTests" time="0.009"/>
  <testcase name="checkDiagnostics[ietf-snmp-usm.yang]" classname="io.typefox.yang.tests.integration.GoodTests" time="0.0"/>
  <testcase name="checkDiagnostics[siltest5.yang]" classname="io.typefox.yang.tests.integration.GoodTests" time="0.0"/>
  <testcase name="checkDiagnostics[test10.yang]" classname="io.typefox.yang.tests.integration.GoodTests" time="0.0"/>
  <testcase name="checkDiagnostics[revision@2000-01-01.yang]" classname="io.typefox.yang.tests.integration.GoodTests" time="0.0"/>
  <testcase name="checkDiagnostics[ietf-snmp-tls.yang]" classname="io.typefox.yang.tests.integration.GoodTests" time="0.0"/>
  <testcase name="checkDiagnostics[ietf-netconf-notifications.yang]" classname="io.typefox.yang.tests.integration.GoodTests" time="0.001"/>
  <testcase name="checkDiagnostics[yangcli.yang]" classname="io.typefox.yang.tests.integration.GoodTests" time="0.006"/>
  <testcase name="checkDiagnostics[ietf-snmp-proxy.yang]" classname="io.typefox.yang.tests.integration.GoodTests" time="0.001"/>
  <testcase name="checkDiagnostics[netconfd.yang]" classname="io.typefox.yang.tests.integration.GoodTests" time="0.001"/>
  <testcase name="checkDiagnostics[augment_interface.yang]" classname="io.typefox.yang.tests.integration.GoodTests" time="0.0"/>
  <testcase name="checkDiagnostics[test8b.yang]" classname="io.typefox.yang.tests.integration.GoodTests" time="0.0"/>
  <testcase name="checkDiagnostics[IF-MIB.yang]" classname="io.typefox.yang.tests.integration.GoodTests" time="0.001"/>
  <testcase name="checkDiagnostics[DISMAN-EVENT-MIB.yang]" classname="io.typefox.yang.tests.integration.GoodTests" time="0.008"/>
  <testcase name="checkDiagnostics[testr2@2009-01-01.yang]" classname="io.typefox.yang.tests.integration.GoodTests" time="0.0"/>
  <testcase name="checkDiagnostics[testsim.yang]" classname="io.typefox.yang.tests.integration.GoodTests" time="0.0"/>
  <testcase name="checkDiagnostics[ietf-routing.yang]" classname="io.typefox.yang.tests.integration.GoodTests" time="0.0"/>
  <testcase name="checkDiagnostics[yangdiff.yang]" classname="io.typefox.yang.tests.integration.GoodTests" time="0.0"/>
  <testcase name="checkDiagnostics[testfalse.yang]" classname="io.typefox.yang.tests.integration.GoodTests" time="0.004"/>
  <testcase name="checkDiagnostics[bug_114.yang]" classname="io.typefox.yang.tests.integration.GoodTests" time="0.0"/>
  <testcase name="checkDiagnostics[SNMP-TARGET-MIB.yang]" classname="io.typefox.yang.tests.integration.GoodTests" time="0.001"/>
  <testcase name="checkDiagnostics[xt5.yang]" classname="io.typefox.yang.tests.integration.GoodTests" time="0.0"/>
  <testcase name="checkDiagnostics[RFC-1215.yang]" classname="io.typefox.yang.tests.integration.GoodTests" time="0.006"/>
  <testcase name="checkDiagnostics[ENTITY-MIB.yang]" classname="io.typefox.yang.tests.integration.GoodTests" time="0.001"/>
  <testcase name="checkDiagnostics[testrev.yang]" classname="io.typefox.yang.tests.integration.GoodTests" time="0.001"/>
  <testcase name="checkDiagnostics[yt9.yang]" classname="io.typefox.yang.tests.integration.GoodTests" time="0.011"/>
  <testcase name="checkDiagnostics[yt3.yang]" classname="io.typefox.yang.tests.integration.GoodTests" time="0.001"/>
  <testcase name="checkDiagnostics[revision2.yang]" classname="io.typefox.yang.tests.integration.GoodTests" time="0.0"/>
  <testcase name="checkDiagnostics[w.yang]" classname="io.typefox.yang.tests.integration.GoodTests" time="0.001"/>
  <testcase name="checkDiagnostics[t8.yang]" classname="io.typefox.yang.tests.integration.GoodTests" time="0.004"/>
  <testcase name="checkDiagnostics[ietf-netconf-monitoring.yang]" classname="io.typefox.yang.tests.integration.GoodTests" time="0.0"/>
  <testcase name="checkDiagnostics[ieee-yt12.yang]" classname="io.typefox.yang.tests.integration.GoodTests" time="0.001"/>
  <testcase name="checkDiagnostics[ietf-snmp-target.yang]" classname="io.typefox.yang.tests.integration.GoodTests" time="0.001"/>
  <testcase name="checkDiagnostics[augment-sub0.yang]" classname="io.typefox.yang.tests.integration.GoodTests" time="0.0"/>
  <testcase name="checkDiagnostics[q.yang]" classname="io.typefox.yang.tests.integration.GoodTests" time="0.0"/>
  <testcase name="checkDiagnostics[testdev_dev.yang]" classname="io.typefox.yang.tests.integration.GoodTests" time="0.0"/>
  <testcase name="checkDiagnostics[yuma-proc.yang]" classname="io.typefox.yang.tests.integration.GoodTests" time="0.001"/>
  <testcase name="checkDiagnostics[yuma-types.yang]" classname="io.typefox.yang.tests.integration.GoodTests" time="0.003"/>
  <testcase name="checkDiagnostics[yuma-interfaces.yang]" classname="io.typefox.yang.tests.integration.GoodTests" time="0.001"/>
  <testcase name="checkDiagnostics[tunion.yang]" classname="io.typefox.yang.tests.integration.GoodTests" time="0.0"/>
  <testcase name="checkDiagnostics[ietf-snmp-vacm.yang]" classname="io.typefox.yang.tests.integration.GoodTests" time="0.0"/>
  <testcase name="checkDiagnostics[leafref-1.1.yang]" classname="io.typefox.yang.tests.integration.GoodTests" time="0.0"/>
  <testcase name="checkDiagnostics[yt5a.yang]" classname="io.typefox.yang.tests.integration.GoodTests" time="0.001"/>
  <testcase name="checkDiagnostics[ietf-netconf.yang]" classname="io.typefox.yang.tests.integration.GoodTests" time="0.002"/>
  <testcase name="checkDiagnostics[t29.yang]" classname="io.typefox.yang.tests.integration.GoodTests" time="0.002"/>
  <testcase name="checkDiagnostics[xt11.yang]" classname="io.typefox.yang.tests.integration.GoodTests" time="0.0"/>
  <testcase name="checkDiagnostics[AGENTX-MIB.yang]" classname="io.typefox.yang.tests.integration.GoodTests" time="0.013"/>
  <testcase name="checkDiagnostics[t9.yang]" classname="io.typefox.yang.tests.integration.GoodTests" time="0.0"/>
  <testcase name="checkDiagnostics[req_inst.yang]" classname="io.typefox.yang.tests.integration.GoodTests" time="0.001"/>
  <testcase name="checkDiagnostics[HOST-RESOURCES-TYPES.yang]" classname="io.typefox.yang.tests.integration.GoodTests" time="0.0"/>
  <testcase name="checkDiagnostics[ietf-inet-types.yang]" classname="io.typefox.yang.tests.integration.GoodTests" time="0.0"/>
  <testcase name="checkDiagnostics[ENTITY-STATE-MIB.yang]" classname="io.typefox.yang.tests.integration.GoodTests" time="0.001"/>
  <testcase name="checkDiagnostics[test8.yang]" classname="io.typefox.yang.tests.integration.GoodTests" time="0.0"/>
  <testcase name="checkDiagnostics[DISMAN-SCRIPT-MIB.yang]" classname="io.typefox.yang.tests.integration.GoodTests" time="0.002"/>
  <testcase name="checkDiagnostics[testdec.yang]" classname="io.typefox.yang.tests.integration.GoodTests" time="0.0"/>
  <testcase name="checkDiagnostics[yangdump.yang]" classname="io.typefox.yang.tests.integration.GoodTests" time="0.006"/>
  <testcase name="checkDiagnostics[testr2@2008-01-01.yang]" classname="io.typefox.yang.tests.integration.GoodTests" time="0.0"/>
  <testcase name="checkDiagnostics[yt1g.yang]" classname="io.typefox.yang.tests.integration.GoodTests" time="0.0"/>
  <testcase name="checkDiagnostics[examples.yang]" classname="io.typefox.yang.tests.integration.GoodTests" time="0.001"/>
  <testcase name="checkDiagnostics[SNMP-FRAMEWORK-MIB.yang]" classname="io.typefox.yang.tests.integration.GoodTests" time="0.0"/>
  <testcase name="checkDiagnostics[IP-MIB.yang]" classname="io.typefox.yang.tests.integration.GoodTests" time="0.017"/>
  <testcase name="checkDiagnostics[test1a.yang]" classname="io.typefox.yang.tests.integration.GoodTests" time="0.001"/>
  <testcase name="checkDiagnostics[siltest2.yang]" classname="io.typefox.yang.tests.integration.GoodTests" time="0.0"/>
  <testcase name="checkDiagnostics[ENTITY-STATE-TC-MIB.yang]" classname="io.typefox.yang.tests.integration.GoodTests" time="0.0"/>
  <testcase name="checkDiagnostics[yuma-arp.yang]" classname="io.typefox.yang.tests.integration.GoodTests" time="0.001"/>
  <testcase name="checkDiagnostics[testr1@2009-02-02.yang]" classname="io.typefox.yang.tests.integration.GoodTests" time="0.0"/>
  <testcase name="checkDiagnostics[u.yang]" classname="io.typefox.yang.tests.integration.GoodTests" time="0.0"/>
  <testcase name="checkDiagnostics[testconfig.yang]" classname="io.typefox.yang.tests.integration.GoodTests" time="0.0"/>
  <testcase name="checkDiagnostics[ytest.yang]" classname="io.typefox.yang.tests.integration.GoodTests" time="0.0"/>
  <testcase name="checkDiagnostics[testgrouping2.yang]" classname="io.typefox.yang.tests.integration.GoodTests" time="0.001"/>
  <testcase name="checkDiagnostics[yt10.yang]" classname="io.typefox.yang.tests.integration.GoodTests" time="0.0"/>
  <testcase name="checkDiagnostics[testmust.yang]" classname="io.typefox.yang.tests.integration.GoodTests" time="0.001"/>
  <testcase name="checkDiagnostics[yuma-mysession.yang]" classname="io.typefox.yang.tests.integration.GoodTests" time="0.0"/>
  <testcase name="checkDiagnostics[ietf-ip.yang]" classname="io.typefox.yang.tests.integration.GoodTests" time="0.001"/>
  <testcase name="checkDiagnostics[ietf-ipv4-unicast-routing.yang]" classname="io.typefox.yang.tests.integration.GoodTests" time="0.0"/>
  <testcase name="checkDiagnostics[testmalloc.yang]" classname="io.typefox.yang.tests.integration.GoodTests" time="0.0"/>
  <testcase name="checkDiagnostics[yuma-xsd.yang]" classname="io.typefox.yang.tests.integration.GoodTests" time="0.0"/>
  <testcase name="checkDiagnostics[yt5.yang]" classname="io.typefox.yang.tests.integration.GoodTests" time="0.0"/>
  <testcase name="checkDiagnostics[nc-notifications.yang]" classname="io.typefox.yang.tests.integration.GoodTests" time="0.0"/>
  <testcase name="checkDiagnostics[d.yang]" classname="io.typefox.yang.tests.integration.GoodTests" time="0.0"/>
  <testcase name="checkDiagnostics[SNMP-USM-AES-MIB.yang]" classname="io.typefox.yang.tests.integration.GoodTests" time="0.0"/>
  <testcase name="checkDiagnostics[ietf-snmp-engine.yang]" classname="io.typefox.yang.tests.integration.GoodTests" time="0.001"/>
  <testcase name="checkDiagnostics[new.yang]" classname="io.typefox.yang.tests.integration.GoodTests" time="0.0"/>
  <testcase name="checkDiagnostics[testcrud.yang]" classname="io.typefox.yang.tests.integration.GoodTests" time="0.0"/>
  <testcase name="checkDiagnostics[yuma-time-filter.yang]" classname="io.typefox.yang.tests.integration.GoodTests" time="0.0"/>
  <testcase name="checkDiagnostics[testfeature.yang]" classname="io.typefox.yang.tests.integration.GoodTests" time="0.001"/>
  <testcase name="checkDiagnostics[foo.yang]" classname="io.typefox.yang.tests.integration.GoodTests" time="0.0"/>
  <testcase name="checkDiagnostics[yang-dep.yang]" classname="io.typefox.yang.tests.integration.GoodTests" time="0.0"/>
  <testcase name="checkDiagnostics[ietf-netconf-partial-lock.yang]" classname="io.typefox.yang.tests.integration.GoodTests" time="0.0"/>
  <testcase name="checkDiagnostics[testuses.yang]" classname="io.typefox.yang.tests.integration.GoodTests" time="0.0"/>
  <testcase name="checkDiagnostics[ietf-netconf-with-defaults.yang]" classname="io.typefox.yang.tests.integration.GoodTests" time="0.001"/>
  <testcase name="checkDiagnostics[iana-crypt-hash.yang]" classname="io.typefox.yang.tests.integration.GoodTests" time="0.0"/>
  <testcase name="checkDiagnostics[mef-yt10.yang]" classname="io.typefox.yang.tests.integration.GoodTests" time="0.001"/>
  <testcase name="checkDiagnostics[siltest7.yang]" classname="io.typefox.yang.tests.integration.GoodTests" time="0.005"/>
  <testcase name="checkDiagnostics[ietf-snmp-common.yang]" classname="io.typefox.yang.tests.integration.GoodTests" time="0.0"/>
  <testcase name="checkDiagnostics[quoted-string-1.0.yang]" classname="io.typefox.yang.tests.integration.GoodTests" time="0.0"/>
  <testcase name="checkDiagnostics[test6.yang]" classname="io.typefox.yang.tests.integration.GoodTests" time="0.0"/>
  <testcase name="checkDiagnostics[siltest4.yang]" classname="io.typefox.yang.tests.integration.GoodTests" time="0.0"/>
  <testcase name="checkDiagnostics[testcommit.yang]" classname="io.typefox.yang.tests.integration.GoodTests" time="0.0"/>
  <testcase name="checkDiagnostics[IF-INVERTED-STACK-MIB.yang]" classname="io.typefox.yang.tests.integration.GoodTests" time="0.0"/>
  <testcase name="checkDiagnostics[augment-super.yang]" classname="io.typefox.yang.tests.integration.GoodTests" time="0.0"/>
  <testcase name="checkDiagnostics[DIFFSERV-CONFIG-MIB.yang]" classname="io.typefox.yang.tests.integration.GoodTests" time="0.0"/>
  <testcase name="checkDiagnostics[test.yang]" classname="io.typefox.yang.tests.integration.GoodTests" time="0.0"/>
  <testcase name="checkDiagnostics[new-aug.yang]" classname="io.typefox.yang.tests.integration.GoodTests" time="0.0"/>
  <testcase name="checkDiagnostics[yang-smi.yang]" classname="io.typefox.yang.tests.integration.GoodTests" time="0.0"/>
  <testcase name="checkDiagnostics[fun_with_augments.yang]" classname="io.typefox.yang.tests.integration.GoodTests" time="0.0"/>
  <testcase name="checkDiagnostics[xt8.yang]" classname="io.typefox.yang.tests.integration.GoodTests" time="0.001"/>
  <testcase name="checkDiagnostics[HCNUM-TC.yang]" classname="io.typefox.yang.tests.integration.GoodTests" time="0.0"/>
  <testcase name="checkDiagnostics[yuma-system.yang]" classname="io.typefox.yang.tests.integration.GoodTests" time="0.0"/>
  <testcase name="checkDiagnostics[SNMP-MPD-MIB.yang]" classname="io.typefox.yang.tests.integration.GoodTests" time="0.001"/>
  <testcase name="checkDiagnostics[xt10@2009-01-01.yang]" classname="io.typefox.yang.tests.integration.GoodTests" time="0.0"/>
  <testcase name="checkDiagnostics[test4.yang]" classname="io.typefox.yang.tests.integration.GoodTests" time="0.0"/>
  <testcase name="checkDiagnostics[DIFFSERV-MIB.yang]" classname="io.typefox.yang.tests.integration.GoodTests" time="0.002"/>
  <testcase name="checkDiagnostics[testdev.yang]" classname="io.typefox.yang.tests.integration.GoodTests" time="0.0"/>
  <testcase name="checkDiagnostics[qs.yang]" classname="io.typefox.yang.tests.integration.GoodTests" time="0.0"/>
  <testcase name="checkDiagnostics[iana-if-type@2014-05-08.yang]" classname="io.typefox.yang.tests.integration.GoodTests" time="0.001"/>
  <testcase name="checkDiagnostics[ietf-ipv6-unicast-routing.yang]" classname="io.typefox.yang.tests.integration.GoodTests" time="0.0"/>
  <testcase name="checkDiagnostics[ietf-yang-smiv2.yang]" classname="io.typefox.yang.tests.integration.GoodTests" time="0.0"/>
  <testcase name="checkDiagnostics[yt7.yang]" classname="io.typefox.yang.tests.integration.GoodTests" time="0.001"/>
  <testcase name="checkDiagnostics[foo_augment2.yang]" classname="io.typefox.yang.tests.integration.GoodTests" time="0.001"/>
  <testcase name="checkDiagnostics[SNMPv2-TM.yang]" classname="io.typefox.yang.tests.integration.GoodTests" time="0.0"/>
  <testcase name="checkDiagnostics[ietf-snmp-notification.yang]" classname="io.typefox.yang.tests.integration.GoodTests" time="0.0"/>
  <testcase name="checkDiagnostics[siltest3.yang]" classname="io.typefox.yang.tests.integration.GoodTests" time="0.001"/>
  <testcase name="checkDiagnostics[ietf-yang-types.yang]" classname="io.typefox.yang.tests.integration.GoodTests" time="0.0"/>
  <testcase name="checkDiagnostics[leafref2-1.1.yang]" classname="io.typefox.yang.tests.integration.GoodTests" time="0.0"/>
  <testcase name="checkDiagnostics[negnum.yang]" classname="io.typefox.yang.tests.integration.GoodTests" time="0.0"/>
  <testcase name="checkDiagnostics[iana-timezones.yang]" classname="io.typefox.yang.tests.integration.GoodTests" time="0.001"/>
  <testcase name="checkDiagnostics[testr1@2009-01-01.yang]" classname="io.typefox.yang.tests.integration.GoodTests" time="0.0"/>
  <testcase name="checkDiagnostics[test5.yang]" classname="io.typefox.yang.tests.integration.GoodTests" time="0.0"/>
  <testcase name="checkDiagnostics[trev.yang]" classname="io.typefox.yang.tests.integration.GoodTests" time="0.001"/>
  <testcase name="checkDiagnostics[SNMPv2-MIB.yang]" classname="io.typefox.yang.tests.integration.GoodTests" time="0.0"/>
  <testcase name="checkDiagnostics[IANA-LANGUAGE-MIB.yang]" classname="io.typefox.yang.tests.integration.GoodTests" time="0.001"/>
  <testcase name="checkDiagnostics[foosub2.yang]" classname="io.typefox.yang.tests.integration.GoodTests" time="0.0"/>
  <testcase name="checkDiagnostics[ietf-ipfix-psamp.yang]" classname="io.typefox.yang.tests.integration.GoodTests" time="0.006"/>
  <testcase name="checkDiagnostics[testsi.yang]" classname="io.typefox.yang.tests.integration.GoodTests" time="0.0"/>
  <testcase name="checkDiagnostics[DIFFSERV-DSCP-TC.yang]" classname="io.typefox.yang.tests.integration.GoodTests" time="0.0"/>
  <testcase name="checkDiagnostics[yt6.yang]" classname="io.typefox.yang.tests.integration.GoodTests" time="0.001"/>
  <testcase name="checkDiagnostics[ENTITY-SENSOR-MIB.yang]" classname="io.typefox.yang.tests.integration.GoodTests" time="0.0"/>
  <testcase name="checkDiagnostics[ietf-snmp-tsm.yang]" classname="io.typefox.yang.tests.integration.GoodTests" time="0.0"/>
  <testcase name="checkDiagnostics[foosub.yang]" classname="io.typefox.yang.tests.integration.GoodTests" time="0.001"/>
  <testcase name="checkDiagnostics[yt6a.yang]" classname="io.typefox.yang.tests.integration.GoodTests" time="0.0"/>
  <testcase name="checkDiagnostics[augment-shorthand-case.yang]" classname="io.typefox.yang.tests.integration.GoodTests" time="0.0"/>
  <testcase name="checkDiagnostics[yuma-app-common.yang]" classname="io.typefox.yang.tests.integration.GoodTests" time="0.0"/>
  <testcase name="checkDiagnostics[ietf-snmp.yang]" classname="io.typefox.yang.tests.integration.GoodTests" time="0.008"/>
  <testcase name="checkDiagnostics[xt10.yang]" classname="io.typefox.yang.tests.integration.GoodTests" time="0.0"/>
  <testcase name="checkDiagnostics[t11.yang]" classname="io.typefox.yang.tests.integration.GoodTests" time="0.0"/>
  <testcase name="checkDiagnostics[INET-ADDRESS-MIB.yang]" classname="io.typefox.yang.tests.integration.GoodTests" time="0.001"/>
  <testcase name="checkDiagnostics[SNMP-NOTIFICATION-MIB.yang]" classname="io.typefox.yang.tests.integration.GoodTests" time="0.0"/>
  <testcase name="checkDiagnostics[test3b.yang]" classname="io.typefox.yang.tests.integration.GoodTests" time="0.0"/>
  <testcase name="checkDiagnostics[RMON-MIB.yang]" classname="io.typefox.yang.tests.integration.GoodTests" time="0.011"/>
  <testcase name="checkDiagnostics[iana-afn-safi.yang]" classname="io.typefox.yang.tests.integration.GoodTests" time="0.0"/>
  <testcase name="checkDiagnostics[foo_augment.yang]" classname="io.typefox.yang.tests.integration.GoodTests" time="0.0"/>
  <testcase name="checkDiagnostics[when_bug.yang]" classname="io.typefox.yang.tests.integration.GoodTests" time="0.0"/>
  <testcase name="checkDiagnostics[t30.yang]" classname="io.typefox.yang.tests.integration.GoodTests" time="0.0"/>
  <testcase name="checkDiagnostics[test1c.yang]" classname="io.typefox.yang.tests.integration.GoodTests" time="0.0"/>
  <testcase name="checkDiagnostics[deref.yang]" classname="io.typefox.yang.tests.integration.GoodTests" time="0.0"/>
  <system-out><![CDATA[Building took 7607 ms.
0    [Test worker] WARN  ox.yang.tests.integration.GoodTests  - Ignored test file: ietf-ipfix-psamp.yang
]]></system-out>
  <system-err><![CDATA[]]></system-err>
</testsuite>
