<?xml version="1.0" encoding="UTF-8"?>
<testsuite name="io.typefox.yang.tests.editor.syntaxcoloring.YangSemanticHighlightingCalculatorTest" tests="3" skipped="0" failures="0" errors="0" timestamp="2018-11-08T13:08:22" hostname="rijul-ThinkPad-T470" time="0.572">
  <properties/>
  <testcase name="checkDescription_multiLine" classname="io.typefox.yang.tests.editor.syntaxcoloring.YangSemanticHighlightingCalculatorTest" time="0.181"/>
  <testcase name="checkStylesAndScopes" classname="io.typefox.yang.tests.editor.syntaxcoloring.YangSemanticHighlightingCalculatorTest" time="0.193"/>
  <testcase name="checkDescription_singleLine" classname="io.typefox.yang.tests.editor.syntaxcoloring.YangSemanticHighlightingCalculatorTest" time="0.198"/>
  <system-out><![CDATA[]]></system-out>
  <system-err><![CDATA[]]></system-err>
</testsuite>
