<?xml version="1.0" encoding="UTF-8"?>
<testsuite name="io.typefox.yang.tests.hover.HoverTest" tests="2" skipped="0" failures="0" errors="0" timestamp="2018-11-08T13:08:23" hostname="rijul-ThinkPad-T470" time="0.132">
  <properties/>
  <testcase name="testHover" classname="io.typefox.yang.tests.hover.HoverTest" time="0.059"/>
  <testcase name="testHover_02" classname="io.typefox.yang.tests.hover.HoverTest" time="0.073"/>
  <system-out><![CDATA[]]></system-out>
  <system-err><![CDATA[]]></system-err>
</testsuite>
