<?xml version="1.0" encoding="UTF-8"?>
<testsuite name="io.typefox.yang.tests.codeActions.CodeActionTest" tests="2" skipped="0" failures="0" errors="0" timestamp="2018-11-08T13:08:22" hostname="rijul-ThinkPad-T470" time="0.269">
  <properties/>
  <testcase name="testFixVersion_01" classname="io.typefox.yang.tests.codeActions.CodeActionTest" time="0.154"/>
  <testcase name="testFixVersion" classname="io.typefox.yang.tests.codeActions.CodeActionTest" time="0.115"/>
  <system-out><![CDATA[]]></system-out>
  <system-err><![CDATA[]]></system-err>
</testsuite>
