<?xml version="1.0" encoding="UTF-8"?>
<testsuite name="io.typefox.yang.tests.fomatting.FormattingTest" tests="215" skipped="0" failures="0" errors="0" timestamp="2018-11-08T13:08:23" hostname="rijul-ThinkPad-T470" time="35.026">
  <properties/>
  <testcase name="testFormatting_ignoring_comparision_failures[./src/test/resources/RIFT.ware/LICENSE]" classname="io.typefox.yang.tests.fomatting.FormattingTest" time="0.176"/>
  <testcase name="testFormatting_ignoring_comparision_failures[./src/test/resources/RIFT.ware/readme.md]" classname="io.typefox.yang.tests.fomatting.FormattingTest" time="0.089"/>
  <testcase name="testFormatting_ignoring_comparision_failures[./src/test/resources/RIFT.ware/test/ietf/ietf-ipv6-unicast-routing.yang]" classname="io.typefox.yang.tests.fomatting.FormattingTest" time="0.364"/>
  <testcase name="testFormatting_ignoring_comparision_failures[./src/test/resources/RIFT.ware/test/ietf/ietf-netconf.yang]" classname="io.typefox.yang.tests.fomatting.FormattingTest" time="0.45"/>
  <testcase name="testFormatting_ignoring_comparision_failures[./src/test/resources/RIFT.ware/test/ietf/HOST-RESOURCES-MIB.yang]" classname="io.typefox.yang.tests.fomatting.FormattingTest" time="0.729"/>
  <testcase name="testFormatting_ignoring_comparision_failures[./src/test/resources/RIFT.ware/test/ietf/IANA-RTPROTO-MIB.yang]" classname="io.typefox.yang.tests.fomatting.FormattingTest" time="0.089"/>
  <testcase name="testFormatting_ignoring_comparision_failures[./src/test/resources/RIFT.ware/test/ietf/ietf-snmp-common.yang]" classname="io.typefox.yang.tests.fomatting.FormattingTest" time="0.112"/>
  <testcase name="testFormatting_ignoring_comparision_failures[./src/test/resources/RIFT.ware/test/ietf/EtherLike-MIB.yang]" classname="io.typefox.yang.tests.fomatting.FormattingTest" time="0.432"/>
  <testcase name="testFormatting_ignoring_comparision_failures[./src/test/resources/RIFT.ware/test/ietf/ietf-snmp-usm.yang]" classname="io.typefox.yang.tests.fomatting.FormattingTest" time="0.234"/>
  <testcase name="testFormatting_ignoring_comparision_failures[./src/test/resources/RIFT.ware/test/ietf/INTEGRATED-SERVICES-MIB.yang]" classname="io.typefox.yang.tests.fomatting.FormattingTest" time="0.272"/>
  <testcase name="testFormatting_ignoring_comparision_failures[./src/test/resources/RIFT.ware/test/ietf/ietf-snmp-vacm.yang]" classname="io.typefox.yang.tests.fomatting.FormattingTest" time="0.182"/>
  <testcase name="testFormatting_ignoring_comparision_failures[./src/test/resources/RIFT.ware/test/ietf/iana-afn-safi.yang]" classname="io.typefox.yang.tests.fomatting.FormattingTest" time="0.271"/>
  <testcase name="testFormatting_ignoring_comparision_failures[./src/test/resources/RIFT.ware/test/ietf/DIFFSERV-CONFIG-MIB.yang]" classname="io.typefox.yang.tests.fomatting.FormattingTest" time="0.172"/>
  <testcase name="testFormatting_ignoring_comparision_failures[./src/test/resources/RIFT.ware/test/ietf/RMON-MIB.yang]" classname="io.typefox.yang.tests.fomatting.FormattingTest" time="1.934"/>
  <testcase name="testFormatting_ignoring_comparision_failures[./src/test/resources/RIFT.ware/test/ietf/HCNUM-TC.yang]" classname="io.typefox.yang.tests.fomatting.FormattingTest" time="0.203"/>
  <testcase name="testFormatting_ignoring_comparision_failures[./src/test/resources/RIFT.ware/test/ietf/SNMP-TARGET-MIB.yang]" classname="io.typefox.yang.tests.fomatting.FormattingTest" time="0.225"/>
  <testcase name="testFormatting_ignoring_comparision_failures[./src/test/resources/RIFT.ware/test/ietf/ietf-snmp-notification.yang]" classname="io.typefox.yang.tests.fomatting.FormattingTest" time="0.172"/>
  <testcase name="testFormatting_ignoring_comparision_failures[./src/test/resources/RIFT.ware/test/ietf/SNMP-NOTIFICATION-MIB.yang]" classname="io.typefox.yang.tests.fomatting.FormattingTest" time="0.352"/>
  <testcase name="testFormatting_ignoring_comparision_failures[./src/test/resources/RIFT.ware/test/ietf/ietf-netconf-monitoring.yang]" classname="io.typefox.yang.tests.fomatting.FormattingTest" time="0.379"/>
  <testcase name="testFormatting_ignoring_comparision_failures[./src/test/resources/RIFT.ware/test/ietf/ietf-ipfix-psamp.yang]" classname="io.typefox.yang.tests.fomatting.FormattingTest" time="1.511"/>
  <testcase name="testFormatting_ignoring_comparision_failures[./src/test/resources/RIFT.ware/test/ietf/ietf-snmp-community.yang]" classname="io.typefox.yang.tests.fomatting.FormattingTest" time="0.095"/>
  <testcase name="testFormatting_ignoring_comparision_failures[./src/test/resources/RIFT.ware/test/ietf/ietf-snmp-tsm.yang]" classname="io.typefox.yang.tests.fomatting.FormattingTest" time="0.099"/>
  <testcase name="testFormatting_ignoring_comparision_failures[./src/test/resources/RIFT.ware/test/ietf/ietf-snmp.yang]" classname="io.typefox.yang.tests.fomatting.FormattingTest" time="0.097"/>
  <testcase name="testFormatting_ignoring_comparision_failures[./src/test/resources/RIFT.ware/test/ietf/ietf-netconf-notifications.yang]" classname="io.typefox.yang.tests.fomatting.FormattingTest" time="0.156"/>
  <testcase name="testFormatting_ignoring_comparision_failures[./src/test/resources/RIFT.ware/test/ietf/ietf-ipv4-unicast-routing.yang]" classname="io.typefox.yang.tests.fomatting.FormattingTest" time="0.223"/>
  <testcase name="testFormatting_ignoring_comparision_failures[./src/test/resources/RIFT.ware/test/ietf/notifications.yang]" classname="io.typefox.yang.tests.fomatting.FormattingTest" time="0.184"/>
  <testcase name="testFormatting_ignoring_comparision_failures[./src/test/resources/RIFT.ware/test/ietf/IANA-ADDRESS-FAMILY-NUMBERS-MIB.yang]" classname="io.typefox.yang.tests.fomatting.FormattingTest" time="0.077"/>
  <testcase name="testFormatting_ignoring_comparision_failures[./src/test/resources/RIFT.ware/test/ietf/ENTITY-STATE-MIB.yang]" classname="io.typefox.yang.tests.fomatting.FormattingTest" time="0.143"/>
  <testcase name="testFormatting_ignoring_comparision_failures[./src/test/resources/RIFT.ware/test/ietf/DISMAN-EVENT-MIB.yang]" classname="io.typefox.yang.tests.fomatting.FormattingTest" time="1.199"/>
  <testcase name="testFormatting_ignoring_comparision_failures[./src/test/resources/RIFT.ware/test/ietf/DIFFSERV-MIB.yang]" classname="io.typefox.yang.tests.fomatting.FormattingTest" time="0.953"/>
  <testcase name="testFormatting_ignoring_comparision_failures[./src/test/resources/RIFT.ware/test/ietf/SNMP-USM-AES-MIB.yang]" classname="io.typefox.yang.tests.fomatting.FormattingTest" time="0.082"/>
  <testcase name="testFormatting_ignoring_comparision_failures[./src/test/resources/RIFT.ware/test/ietf/IF-MIB.yang]" classname="io.typefox.yang.tests.fomatting.FormattingTest" time="0.354"/>
  <testcase name="testFormatting_ignoring_comparision_failures[./src/test/resources/RIFT.ware/test/ietf/SNMPv2-TM.yang]" classname="io.typefox.yang.tests.fomatting.FormattingTest" time="0.076"/>
  <testcase name="testFormatting_ignoring_comparision_failures[./src/test/resources/RIFT.ware/test/ietf/DISMAN-SCRIPT-MIB.yang]" classname="io.typefox.yang.tests.fomatting.FormattingTest" time="0.536"/>
  <testcase name="testFormatting_ignoring_comparision_failures[./src/test/resources/RIFT.ware/test/ietf/TRANSPORT-ADDRESS-MIB.yang]" classname="io.typefox.yang.tests.fomatting.FormattingTest" time="0.079"/>
  <testcase name="testFormatting_ignoring_comparision_failures[./src/test/resources/RIFT.ware/test/ietf/DIFFSERV-DSCP-TC.yang]" classname="io.typefox.yang.tests.fomatting.FormattingTest" time="0.068"/>
  <testcase name="testFormatting_ignoring_comparision_failures[./src/test/resources/RIFT.ware/test/ietf/IANAifType-MIB.yang]" classname="io.typefox.yang.tests.fomatting.FormattingTest" time="0.239"/>
  <testcase name="testFormatting_ignoring_comparision_failures[./src/test/resources/RIFT.ware/test/ietf/ietf-routing.yang]" classname="io.typefox.yang.tests.fomatting.FormattingTest" time="0.133"/>
  <testcase name="testFormatting_ignoring_comparision_failures[./src/test/resources/RIFT.ware/test/ietf/iana-crypt-hash.yang]" classname="io.typefox.yang.tests.fomatting.FormattingTest" time="0.093"/>
  <testcase name="testFormatting_ignoring_comparision_failures[./src/test/resources/RIFT.ware/test/ietf/ietf-netconf-partial-lock.yang]" classname="io.typefox.yang.tests.fomatting.FormattingTest" time="0.074"/>
  <testcase name="testFormatting_ignoring_comparision_failures[./src/test/resources/RIFT.ware/test/ietf/AGENTX-MIB.yang]" classname="io.typefox.yang.tests.fomatting.FormattingTest" time="0.105"/>
  <testcase name="testFormatting_ignoring_comparision_failures[./src/test/resources/RIFT.ware/test/ietf/ietf-system.yang]" classname="io.typefox.yang.tests.fomatting.FormattingTest" time="0.134"/>
  <testcase name="testFormatting_ignoring_comparision_failures[./src/test/resources/RIFT.ware/test/ietf/IP-MIB.yang]" classname="io.typefox.yang.tests.fomatting.FormattingTest" time="1.383"/>
  <testcase name="testFormatting_ignoring_comparision_failures[./src/test/resources/RIFT.ware/test/ietf/ietf-netconf-acm.yang]" classname="io.typefox.yang.tests.fomatting.FormattingTest" time="0.106"/>
  <testcase name="testFormatting_ignoring_comparision_failures[./src/test/resources/RIFT.ware/test/ietf/RFC-1215.yang]" classname="io.typefox.yang.tests.fomatting.FormattingTest" time="0.075"/>
  <testcase name="testFormatting_ignoring_comparision_failures[./src/test/resources/RIFT.ware/test/ietf/ENTITY-STATE-TC-MIB.yang]" classname="io.typefox.yang.tests.fomatting.FormattingTest" time="0.075"/>
  <testcase name="testFormatting_ignoring_comparision_failures[./src/test/resources/RIFT.ware/test/ietf/ietf-netconf-with-defaults.yang]" classname="io.typefox.yang.tests.fomatting.FormattingTest" time="0.089"/>
  <testcase name="testFormatting_ignoring_comparision_failures[./src/test/resources/RIFT.ware/test/ietf/nc-notifications.yang]" classname="io.typefox.yang.tests.fomatting.FormattingTest" time="0.091"/>
  <testcase name="testFormatting_ignoring_comparision_failures[./src/test/resources/RIFT.ware/test/ietf/ietf-snmp-proxy.yang]" classname="io.typefox.yang.tests.fomatting.FormattingTest" time="0.086"/>
  <testcase name="testFormatting_ignoring_comparision_failures[./src/test/resources/RIFT.ware/test/ietf/HOST-RESOURCES-TYPES.yang]" classname="io.typefox.yang.tests.fomatting.FormattingTest" time="0.076"/>
  <testcase name="testFormatting_ignoring_comparision_failures[./src/test/resources/RIFT.ware/test/ietf/ENTITY-SENSOR-MIB.yang]" classname="io.typefox.yang.tests.fomatting.FormattingTest" time="0.108"/>
  <testcase name="testFormatting_ignoring_comparision_failures[./src/test/resources/RIFT.ware/test/ietf/IF-INVERTED-STACK-MIB.yang]" classname="io.typefox.yang.tests.fomatting.FormattingTest" time="0.095"/>
  <testcase name="testFormatting_ignoring_comparision_failures[./src/test/resources/RIFT.ware/test/ietf/SNMPv2-TC.yang]" classname="io.typefox.yang.tests.fomatting.FormattingTest" time="0.113"/>
  <testcase name="testFormatting_ignoring_comparision_failures[./src/test/resources/RIFT.ware/test/ietf/ENTITY-MIB.yang]" classname="io.typefox.yang.tests.fomatting.FormattingTest" time="0.199"/>
  <testcase name="testFormatting_ignoring_comparision_failures[./src/test/resources/RIFT.ware/test/ietf/SNMPv2-MIB.yang]" classname="io.typefox.yang.tests.fomatting.FormattingTest" time="0.176"/>
  <testcase name="testFormatting_ignoring_comparision_failures[./src/test/resources/RIFT.ware/test/ietf/INET-ADDRESS-MIB.yang]" classname="io.typefox.yang.tests.fomatting.FormattingTest" time="0.141"/>
  <testcase name="testFormatting_ignoring_comparision_failures[./src/test/resources/RIFT.ware/test/ietf/SNMP-FRAMEWORK-MIB.yang]" classname="io.typefox.yang.tests.fomatting.FormattingTest" time="0.155"/>
  <testcase name="testFormatting_ignoring_comparision_failures[./src/test/resources/RIFT.ware/test/ietf/IANA-LANGUAGE-MIB.yang]" classname="io.typefox.yang.tests.fomatting.FormattingTest" time="0.081"/>
  <testcase name="testFormatting_ignoring_comparision_failures[./src/test/resources/RIFT.ware/test/ietf/ietf-snmp-engine.yang]" classname="io.typefox.yang.tests.fomatting.FormattingTest" time="0.088"/>
  <testcase name="testFormatting_ignoring_comparision_failures[./src/test/resources/RIFT.ware/test/ietf/DISMAN-SCHEDULE-MIB.yang]" classname="io.typefox.yang.tests.fomatting.FormattingTest" time="0.269"/>
  <testcase name="testFormatting_ignoring_comparision_failures[./src/test/resources/RIFT.ware/test/ietf/ietf-ip.yang]" classname="io.typefox.yang.tests.fomatting.FormattingTest" time="0.188"/>
  <testcase name="testFormatting_ignoring_comparision_failures[./src/test/resources/RIFT.ware/test/ietf/ietf-snmp-tls.yang]" classname="io.typefox.yang.tests.fomatting.FormattingTest" time="0.089"/>
  <testcase name="testFormatting_ignoring_comparision_failures[./src/test/resources/RIFT.ware/test/ietf/iana-timezones.yang]" classname="io.typefox.yang.tests.fomatting.FormattingTest" time="0.451"/>
  <testcase name="testFormatting_ignoring_comparision_failures[./src/test/resources/RIFT.ware/test/ietf/SNMP-MPD-MIB.yang]" classname="io.typefox.yang.tests.fomatting.FormattingTest" time="0.09"/>
  <testcase name="testFormatting_ignoring_comparision_failures[./src/test/resources/RIFT.ware/test/ietf/ietf-snmp-target.yang]" classname="io.typefox.yang.tests.fomatting.FormattingTest" time="0.126"/>
  <testcase name="testFormatting_ignoring_comparision_failures[./src/test/resources/RIFT.ware/test/netconfcentral/yangcli.yang]" classname="io.typefox.yang.tests.fomatting.FormattingTest" time="0.725"/>
  <testcase name="testFormatting_ignoring_comparision_failures[./src/test/resources/RIFT.ware/test/netconfcentral/yuma-mysession.yang]" classname="io.typefox.yang.tests.fomatting.FormattingTest" time="0.15"/>
  <testcase name="testFormatting_ignoring_comparision_failures[./src/test/resources/RIFT.ware/test/netconfcentral/yuma-nacm.yang]" classname="io.typefox.yang.tests.fomatting.FormattingTest" time="0.171"/>
  <testcase name="testFormatting_ignoring_comparision_failures[./src/test/resources/RIFT.ware/test/netconfcentral/yuma-netconf.yang]" classname="io.typefox.yang.tests.fomatting.FormattingTest" time="0.295"/>
  <testcase name="testFormatting_ignoring_comparision_failures[./src/test/resources/RIFT.ware/test/netconfcentral/yangdump.yang]" classname="io.typefox.yang.tests.fomatting.FormattingTest" time="0.118"/>
  <testcase name="testFormatting_ignoring_comparision_failures[./src/test/resources/RIFT.ware/test/netconfcentral/yuma-ncx.yang]" classname="io.typefox.yang.tests.fomatting.FormattingTest" time="0.147"/>
  <testcase name="testFormatting_ignoring_comparision_failures[./src/test/resources/RIFT.ware/test/netconfcentral/yuma-arp.yang]" classname="io.typefox.yang.tests.fomatting.FormattingTest" time="0.108"/>
  <testcase name="testFormatting_ignoring_comparision_failures[./src/test/resources/RIFT.ware/test/netconfcentral/yuma-app-common.yang]" classname="io.typefox.yang.tests.fomatting.FormattingTest" time="0.12"/>
  <testcase name="testFormatting_ignoring_comparision_failures[./src/test/resources/RIFT.ware/test/netconfcentral/yuma-types.yang]" classname="io.typefox.yang.tests.fomatting.FormattingTest" time="0.099"/>
  <testcase name="testFormatting_ignoring_comparision_failures[./src/test/resources/RIFT.ware/test/netconfcentral/yuma-interfaces.yang]" classname="io.typefox.yang.tests.fomatting.FormattingTest" time="0.104"/>
  <testcase name="testFormatting_ignoring_comparision_failures[./src/test/resources/RIFT.ware/test/netconfcentral/yangdiff.yang]" classname="io.typefox.yang.tests.fomatting.FormattingTest" time="0.109"/>
  <testcase name="testFormatting_ignoring_comparision_failures[./src/test/resources/RIFT.ware/test/netconfcentral/toaster.yang]" classname="io.typefox.yang.tests.fomatting.FormattingTest" time="0.133"/>
  <testcase name="testFormatting_ignoring_comparision_failures[./src/test/resources/RIFT.ware/test/netconfcentral/yuma-xsd.yang]" classname="io.typefox.yang.tests.fomatting.FormattingTest" time="0.129"/>
  <testcase name="testFormatting_ignoring_comparision_failures[./src/test/resources/RIFT.ware/test/netconfcentral/yuma-proc.yang]" classname="io.typefox.yang.tests.fomatting.FormattingTest" time="0.139"/>
  <testcase name="testFormatting_ignoring_comparision_failures[./src/test/resources/RIFT.ware/test/netconfcentral/yuma-system.yang]" classname="io.typefox.yang.tests.fomatting.FormattingTest" time="0.119"/>
  <testcase name="testFormatting_ignoring_comparision_failures[./src/test/resources/RIFT.ware/test/netconfcentral/netconfd.yang]" classname="io.typefox.yang.tests.fomatting.FormattingTest" time="0.108"/>
  <testcase name="testFormatting_ignoring_comparision_failures[./src/test/resources/RIFT.ware/test/netconfcentral/yuma-time-filter.yang]" classname="io.typefox.yang.tests.fomatting.FormattingTest" time="0.094"/>
  <testcase name="testFormatting_ignoring_comparision_failures[./src/test/resources/RIFT.ware/test/pass/testr1@2009-02-02.yang]" classname="io.typefox.yang.tests.fomatting.FormattingTest" time="0.104"/>
  <testcase name="testFormatting_ignoring_comparision_failures[./src/test/resources/RIFT.ware/test/pass/testaug2.yang]" classname="io.typefox.yang.tests.fomatting.FormattingTest" time="0.063"/>
  <testcase name="testFormatting_ignoring_comparision_failures[./src/test/resources/RIFT.ware/test/pass/t29.yang]" classname="io.typefox.yang.tests.fomatting.FormattingTest" time="0.17"/>
  <testcase name="testFormatting_ignoring_comparision_failures[./src/test/resources/RIFT.ware/test/pass/testgrp2.yang]" classname="io.typefox.yang.tests.fomatting.FormattingTest" time="0.165"/>
  <testcase name="testFormatting_ignoring_comparision_failures[./src/test/resources/RIFT.ware/test/pass/testgrouping2.yang]" classname="io.typefox.yang.tests.fomatting.FormattingTest" time="0.091"/>
  <testcase name="testFormatting_ignoring_comparision_failures[./src/test/resources/RIFT.ware/test/pass/siltest6.yang]" classname="io.typefox.yang.tests.fomatting.FormattingTest" time="0.098"/>
  <testcase name="testFormatting_ignoring_comparision_failures[./src/test/resources/RIFT.ware/test/pass/test8d.yang]" classname="io.typefox.yang.tests.fomatting.FormattingTest" time="0.085"/>
  <testcase name="testFormatting_ignoring_comparision_failures[./src/test/resources/RIFT.ware/test/pass/test2.yang]" classname="io.typefox.yang.tests.fomatting.FormattingTest" time="0.093"/>
  <testcase name="testFormatting_ignoring_comparision_failures[./src/test/resources/RIFT.ware/test/pass/testmalloc.yang]" classname="io.typefox.yang.tests.fomatting.FormattingTest" time="0.084"/>
  <testcase name="testFormatting_ignoring_comparision_failures[./src/test/resources/RIFT.ware/test/pass/examples.yang]" classname="io.typefox.yang.tests.fomatting.FormattingTest" time="0.128"/>
  <testcase name="testFormatting_ignoring_comparision_failures[./src/test/resources/RIFT.ware/test/pass/testr1@2009-01-01.yang]" classname="io.typefox.yang.tests.fomatting.FormattingTest" time="0.091"/>
  <testcase name="testFormatting_ignoring_comparision_failures[./src/test/resources/RIFT.ware/test/pass/testfeature.yang]" classname="io.typefox.yang.tests.fomatting.FormattingTest" time="0.088"/>
  <testcase name="testFormatting_ignoring_comparision_failures[./src/test/resources/RIFT.ware/test/pass/testdec.yang]" classname="io.typefox.yang.tests.fomatting.FormattingTest" time="0.083"/>
  <testcase name="testFormatting_ignoring_comparision_failures[./src/test/resources/RIFT.ware/test/pass/when_bug.yang]" classname="io.typefox.yang.tests.fomatting.FormattingTest" time="0.085"/>
  <testcase name="testFormatting_ignoring_comparision_failures[./src/test/resources/RIFT.ware/test/pass/testfalse.yang]" classname="io.typefox.yang.tests.fomatting.FormattingTest" time="0.151"/>
  <testcase name="testFormatting_ignoring_comparision_failures[./src/test/resources/RIFT.ware/test/pass/testobsolete.yang]" classname="io.typefox.yang.tests.fomatting.FormattingTest" time="0.083"/>
  <testcase name="testFormatting_ignoring_comparision_failures[./src/test/resources/RIFT.ware/test/pass/testuses.yang]" classname="io.typefox.yang.tests.fomatting.FormattingTest" time="0.077"/>
  <testcase name="testFormatting_ignoring_comparision_failures[./src/test/resources/RIFT.ware/test/pass/testmandatory.yang]" classname="io.typefox.yang.tests.fomatting.FormattingTest" time="0.077"/>
  <testcase name="testFormatting_ignoring_comparision_failures[./src/test/resources/RIFT.ware/test/pass/testr2@2009-01-01.yang]" classname="io.typefox.yang.tests.fomatting.FormattingTest" time="0.079"/>
  <testcase name="testFormatting_ignoring_comparision_failures[./src/test/resources/RIFT.ware/test/pass/siltest2.yang]" classname="io.typefox.yang.tests.fomatting.FormattingTest" time="0.076"/>
  <testcase name="testFormatting_ignoring_comparision_failures[./src/test/resources/RIFT.ware/test/pass/testext.yang]" classname="io.typefox.yang.tests.fomatting.FormattingTest" time="0.086"/>
  <testcase name="testFormatting_ignoring_comparision_failures[./src/test/resources/RIFT.ware/test/pass/ytest.yang]" classname="io.typefox.yang.tests.fomatting.FormattingTest" time="0.087"/>
  <testcase name="testFormatting_ignoring_comparision_failures[./src/test/resources/RIFT.ware/test/pass/test8c.yang]" classname="io.typefox.yang.tests.fomatting.FormattingTest" time="0.087"/>
  <testcase name="testFormatting_ignoring_comparision_failures[./src/test/resources/RIFT.ware/test/pass/testgrp.yang]" classname="io.typefox.yang.tests.fomatting.FormattingTest" time="0.08"/>
  <testcase name="testFormatting_ignoring_comparision_failures[./src/test/resources/RIFT.ware/test/pass/testgrouping3.yang]" classname="io.typefox.yang.tests.fomatting.FormattingTest" time="0.119"/>
  <testcase name="testFormatting_ignoring_comparision_failures[./src/test/resources/RIFT.ware/test/pass/t9.yang]" classname="io.typefox.yang.tests.fomatting.FormattingTest" time="0.082"/>
  <testcase name="testFormatting_ignoring_comparision_failures[./src/test/resources/RIFT.ware/test/pass/t11.yang]" classname="io.typefox.yang.tests.fomatting.FormattingTest" time="0.086"/>
  <testcase name="testFormatting_ignoring_comparision_failures[./src/test/resources/RIFT.ware/test/pass/testcrud.yang]" classname="io.typefox.yang.tests.fomatting.FormattingTest" time="0.081"/>
  <testcase name="testFormatting_ignoring_comparision_failures[./src/test/resources/RIFT.ware/test/pass/test8b.yang]" classname="io.typefox.yang.tests.fomatting.FormattingTest" time="0.07"/>
  <testcase name="testFormatting_ignoring_comparision_failures[./src/test/resources/RIFT.ware/test/pass/negnum.yang]" classname="io.typefox.yang.tests.fomatting.FormattingTest" time="0.095"/>
  <testcase name="testFormatting_ignoring_comparision_failures[./src/test/resources/RIFT.ware/test/pass/test10.yang]" classname="io.typefox.yang.tests.fomatting.FormattingTest" time="0.087"/>
  <testcase name="testFormatting_ignoring_comparision_failures[./src/test/resources/RIFT.ware/test/pass/siltest3.yang]" classname="io.typefox.yang.tests.fomatting.FormattingTest" time="0.09"/>
  <testcase name="testFormatting_ignoring_comparision_failures[./src/test/resources/RIFT.ware/test/pass/testdev_dev.yang]" classname="io.typefox.yang.tests.fomatting.FormattingTest" time="0.084"/>
  <testcase name="testFormatting_ignoring_comparision_failures[./src/test/resources/RIFT.ware/test/pass/test.yang]" classname="io.typefox.yang.tests.fomatting.FormattingTest" time="0.888"/>
  <testcase name="testFormatting_ignoring_comparision_failures[./src/test/resources/RIFT.ware/test/pass/siltest7.yang]" classname="io.typefox.yang.tests.fomatting.FormattingTest" time="0.17"/>
  <testcase name="testFormatting_ignoring_comparision_failures[./src/test/resources/RIFT.ware/test/pass/test8.yang]" classname="io.typefox.yang.tests.fomatting.FormattingTest" time="0.079"/>
  <testcase name="testFormatting_ignoring_comparision_failures[./src/test/resources/RIFT.ware/test/pass/siltest5.yang]" classname="io.typefox.yang.tests.fomatting.FormattingTest" time="0.097"/>
  <testcase name="testFormatting_ignoring_comparision_failures[./src/test/resources/RIFT.ware/test/pass/testdev.yang]" classname="io.typefox.yang.tests.fomatting.FormattingTest" time="0.102"/>
  <testcase name="testFormatting_ignoring_comparision_failures[./src/test/resources/RIFT.ware/test/pass/testcommit.yang]" classname="io.typefox.yang.tests.fomatting.FormattingTest" time="0.108"/>
  <testcase name="testFormatting_ignoring_comparision_failures[./src/test/resources/RIFT.ware/test/pass/testgrouping.yang]" classname="io.typefox.yang.tests.fomatting.FormattingTest" time="0.112"/>
  <testcase name="testFormatting_ignoring_comparision_failures[./src/test/resources/RIFT.ware/test/pass/t30.yang]" classname="io.typefox.yang.tests.fomatting.FormattingTest" time="0.091"/>
  <testcase name="testFormatting_ignoring_comparision_failures[./src/test/resources/RIFT.ware/test/pass/augment_bug.yang]" classname="io.typefox.yang.tests.fomatting.FormattingTest" time="0.089"/>
  <testcase name="testFormatting_ignoring_comparision_failures[./src/test/resources/RIFT.ware/test/pass/test3.yang]" classname="io.typefox.yang.tests.fomatting.FormattingTest" time="0.092"/>
  <testcase name="testFormatting_ignoring_comparision_failures[./src/test/resources/RIFT.ware/test/pass/test1a.yang]" classname="io.typefox.yang.tests.fomatting.FormattingTest" time="0.076"/>
  <testcase name="testFormatting_ignoring_comparision_failures[./src/test/resources/RIFT.ware/test/pass/test1.yang]" classname="io.typefox.yang.tests.fomatting.FormattingTest" time="0.076"/>
  <testcase name="testFormatting_ignoring_comparision_failures[./src/test/resources/RIFT.ware/test/pass/test3a.yang]" classname="io.typefox.yang.tests.fomatting.FormattingTest" time="0.081"/>
  <testcase name="testFormatting_ignoring_comparision_failures[./src/test/resources/RIFT.ware/test/pass/test1b.yang]" classname="io.typefox.yang.tests.fomatting.FormattingTest" time="0.078"/>
  <testcase name="testFormatting_ignoring_comparision_failures[./src/test/resources/RIFT.ware/test/pass/testsim.yang]" classname="io.typefox.yang.tests.fomatting.FormattingTest" time="0.105"/>
  <testcase name="testFormatting_ignoring_comparision_failures[./src/test/resources/RIFT.ware/test/pass/testrev.yang]" classname="io.typefox.yang.tests.fomatting.FormattingTest" time="0.074"/>
  <testcase name="testFormatting_ignoring_comparision_failures[./src/test/resources/RIFT.ware/test/pass/test6.yang]" classname="io.typefox.yang.tests.fomatting.FormattingTest" time="0.078"/>
  <testcase name="testFormatting_ignoring_comparision_failures[./src/test/resources/RIFT.ware/test/pass/test9.yang]" classname="io.typefox.yang.tests.fomatting.FormattingTest" time="0.081"/>
  <testcase name="testFormatting_ignoring_comparision_failures[./src/test/resources/RIFT.ware/test/pass/testrev2.yang]" classname="io.typefox.yang.tests.fomatting.FormattingTest" time="0.082"/>
  <testcase name="testFormatting_ignoring_comparision_failures[./src/test/resources/RIFT.ware/test/pass/test8a.yang]" classname="io.typefox.yang.tests.fomatting.FormattingTest" time="0.091"/>
  <testcase name="testFormatting_ignoring_comparision_failures[./src/test/resources/RIFT.ware/test/pass/trev.yang]" classname="io.typefox.yang.tests.fomatting.FormattingTest" time="0.09"/>
  <testcase name="testFormatting_ignoring_comparision_failures[./src/test/resources/RIFT.ware/test/pass/testconfig.yang]" classname="io.typefox.yang.tests.fomatting.FormattingTest" time="0.094"/>
  <testcase name="testFormatting_ignoring_comparision_failures[./src/test/resources/RIFT.ware/test/pass/test5.yang]" classname="io.typefox.yang.tests.fomatting.FormattingTest" time="0.099"/>
  <testcase name="testFormatting_ignoring_comparision_failures[./src/test/resources/RIFT.ware/test/pass/siltest4.yang]" classname="io.typefox.yang.tests.fomatting.FormattingTest" time="0.147"/>
  <testcase name="testFormatting_ignoring_comparision_failures[./src/test/resources/RIFT.ware/test/pass/siltest1.yang]" classname="io.typefox.yang.tests.fomatting.FormattingTest" time="0.107"/>
  <testcase name="testFormatting_ignoring_comparision_failures[./src/test/resources/RIFT.ware/test/pass/t8.yang]" classname="io.typefox.yang.tests.fomatting.FormattingTest" time="0.071"/>
  <testcase name="testFormatting_ignoring_comparision_failures[./src/test/resources/RIFT.ware/test/pass/augment_interface.yang]" classname="io.typefox.yang.tests.fomatting.FormattingTest" time="0.071"/>
  <testcase name="testFormatting_ignoring_comparision_failures[./src/test/resources/RIFT.ware/test/pass/testmust.yang]" classname="io.typefox.yang.tests.fomatting.FormattingTest" time="0.163"/>
  <testcase name="testFormatting_ignoring_comparision_failures[./src/test/resources/RIFT.ware/test/pass/testr2@2008-01-01.yang]" classname="io.typefox.yang.tests.fomatting.FormattingTest" time="0.096"/>
  <testcase name="testFormatting_ignoring_comparision_failures[./src/test/resources/RIFT.ware/test/pass/testsi.yang]" classname="io.typefox.yang.tests.fomatting.FormattingTest" time="0.081"/>
  <testcase name="testFormatting_ignoring_comparision_failures[./src/test/resources/RIFT.ware/test/pass/test3b.yang]" classname="io.typefox.yang.tests.fomatting.FormattingTest" time="0.1"/>
  <testcase name="testFormatting_ignoring_comparision_failures[./src/test/resources/RIFT.ware/test/pass/test7.yang]" classname="io.typefox.yang.tests.fomatting.FormattingTest" time="0.074"/>
  <testcase name="testFormatting_ignoring_comparision_failures[./src/test/resources/RIFT.ware/test/pass/t31.yang]" classname="io.typefox.yang.tests.fomatting.FormattingTest" time="0.078"/>
  <testcase name="testFormatting_ignoring_comparision_failures[./src/test/resources/RIFT.ware/test/pass/test4.yang]" classname="io.typefox.yang.tests.fomatting.FormattingTest" time="0.076"/>
  <testcase name="testFormatting_ignoring_comparision_failures[./src/test/resources/RIFT.ware/test/pass/tunion.yang]" classname="io.typefox.yang.tests.fomatting.FormattingTest" time="0.074"/>
  <testcase name="testFormatting_ignoring_comparision_failures[./src/test/resources/RIFT.ware/test/pass/t12.yang]" classname="io.typefox.yang.tests.fomatting.FormattingTest" time="0.092"/>
  <testcase name="testFormatting_ignoring_comparision_failures[./src/test/resources/RIFT.ware/test/pass/test1c.yang]" classname="io.typefox.yang.tests.fomatting.FormattingTest" time="0.073"/>
  <testcase name="testFormatting_ignoring_comparision_failures[./src/test/resources/RIFT.ware/test/yang/yang-smi.yang]" classname="io.typefox.yang.tests.fomatting.FormattingTest" time="0.075"/>
  <testcase name="testFormatting_ignoring_comparision_failures[./src/test/resources/RIFT.ware/test/yang/ietf-inet-types.yang]" classname="io.typefox.yang.tests.fomatting.FormattingTest" time="0.132"/>
  <testcase name="testFormatting_ignoring_comparision_failures[./src/test/resources/RIFT.ware/test/yang/ietf-yang-smiv2.yang]" classname="io.typefox.yang.tests.fomatting.FormattingTest" time="0.111"/>
  <testcase name="testFormatting_ignoring_comparision_failures[./src/test/resources/good/q.yang]" classname="io.typefox.yang.tests.fomatting.FormattingTest" time="0.094"/>
  <testcase name="testFormatting_ignoring_comparision_failures[./src/test/resources/good/augment-shorthand-case.yang]" classname="io.typefox.yang.tests.fomatting.FormattingTest" time="0.106"/>
  <testcase name="testFormatting_ignoring_comparision_failures[./src/test/resources/good/leafref-1.1.yang]" classname="io.typefox.yang.tests.fomatting.FormattingTest" time="0.1"/>
  <testcase name="testFormatting_ignoring_comparision_failures[./src/test/resources/good/ethernet.yang]" classname="io.typefox.yang.tests.fomatting.FormattingTest" time="0.266"/>
  <testcase name="testFormatting_ignoring_comparision_failures[./src/test/resources/good/foo.yang]" classname="io.typefox.yang.tests.fomatting.FormattingTest" time="0.093"/>
  <testcase name="testFormatting_ignoring_comparision_failures[./src/test/resources/good/yt4.yang]" classname="io.typefox.yang.tests.fomatting.FormattingTest" time="0.125"/>
  <testcase name="testFormatting_ignoring_comparision_failures[./src/test/resources/good/fun_with_augments.yang]" classname="io.typefox.yang.tests.fomatting.FormattingTest" time="0.094"/>
  <testcase name="testFormatting_ignoring_comparision_failures[./src/test/resources/good/quoted-string-1.0.yang]" classname="io.typefox.yang.tests.fomatting.FormattingTest" time="0.101"/>
  <testcase name="testFormatting_ignoring_comparision_failures[./src/test/resources/good/yt6.yang]" classname="io.typefox.yang.tests.fomatting.FormattingTest" time="0.125"/>
  <testcase name="testFormatting_ignoring_comparision_failures[./src/test/resources/good/xt11.yang]" classname="io.typefox.yang.tests.fomatting.FormattingTest" time="0.095"/>
  <testcase name="testFormatting_ignoring_comparision_failures[./src/test/resources/good/xt6.yang]" classname="io.typefox.yang.tests.fomatting.FormattingTest" time="0.127"/>
  <testcase name="testFormatting_ignoring_comparision_failures[./src/test/resources/good/leafref2-1.1.yang]" classname="io.typefox.yang.tests.fomatting.FormattingTest" time="0.089"/>
  <testcase name="testFormatting_ignoring_comparision_failures[./src/test/resources/good/w.yang]" classname="io.typefox.yang.tests.fomatting.FormattingTest" time="0.095"/>
  <testcase name="testFormatting_ignoring_comparision_failures[./src/test/resources/good/xt8.yang]" classname="io.typefox.yang.tests.fomatting.FormattingTest" time="0.111"/>
  <testcase name="testFormatting_ignoring_comparision_failures[./src/test/resources/good/xt10.yang]" classname="io.typefox.yang.tests.fomatting.FormattingTest" time="0.129"/>
  <testcase name="testFormatting_ignoring_comparision_failures[./src/test/resources/good/revision@2000-01-01.yang]" classname="io.typefox.yang.tests.fomatting.FormattingTest" time="0.087"/>
  <testcase name="testFormatting_ignoring_comparision_failures[./src/test/resources/good/foo_augment2.yang]" classname="io.typefox.yang.tests.fomatting.FormattingTest" time="0.088"/>
  <testcase name="testFormatting_ignoring_comparision_failures[./src/test/resources/good/inputaugment.yang]" classname="io.typefox.yang.tests.fomatting.FormattingTest" time="0.088"/>
  <testcase name="testFormatting_ignoring_comparision_failures[./src/test/resources/good/yt3.yang]" classname="io.typefox.yang.tests.fomatting.FormattingTest" time="0.137"/>
  <testcase name="testFormatting_ignoring_comparision_failures[./src/test/resources/good/yt5a.yang]" classname="io.typefox.yang.tests.fomatting.FormattingTest" time="0.153"/>
  <testcase name="testFormatting_ignoring_comparision_failures[./src/test/resources/good/revision2.yang]" classname="io.typefox.yang.tests.fomatting.FormattingTest" time="0.114"/>
  <testcase name="testFormatting_ignoring_comparision_failures[./src/test/resources/good/yt9.yang]" classname="io.typefox.yang.tests.fomatting.FormattingTest" time="0.087"/>
  <testcase name="testFormatting_ignoring_comparision_failures[./src/test/resources/good/augment-sub1.yang]" classname="io.typefox.yang.tests.fomatting.FormattingTest" time="0.089"/>
  <testcase name="testFormatting_ignoring_comparision_failures[./src/test/resources/good/mef-yt10.yang]" classname="io.typefox.yang.tests.fomatting.FormattingTest" time="0.237"/>
  <testcase name="testFormatting_ignoring_comparision_failures[./src/test/resources/good/yt5.yang]" classname="io.typefox.yang.tests.fomatting.FormattingTest" time="0.166"/>
  <testcase name="testFormatting_ignoring_comparision_failures[./src/test/resources/good/mef-yt11.yang]" classname="io.typefox.yang.tests.fomatting.FormattingTest" time="0.264"/>
  <testcase name="testFormatting_ignoring_comparision_failures[./src/test/resources/good/yangster-action-test.yang]" classname="io.typefox.yang.tests.fomatting.FormattingTest" time="0.074"/>
  <testcase name="testFormatting_ignoring_comparision_failures[./src/test/resources/good/u.yang]" classname="io.typefox.yang.tests.fomatting.FormattingTest" time="0.079"/>
  <testcase name="testFormatting_ignoring_comparision_failures[./src/test/resources/good/augtest.yang]" classname="io.typefox.yang.tests.fomatting.FormattingTest" time="0.076"/>
  <testcase name="testFormatting_ignoring_comparision_failures[./src/test/resources/good/xt10@2009-01-01.yang]" classname="io.typefox.yang.tests.fomatting.FormattingTest" time="0.07"/>
  <testcase name="testFormatting_ignoring_comparision_failures[./src/test/resources/good/yt7.yang]" classname="io.typefox.yang.tests.fomatting.FormattingTest" time="0.082"/>
  <testcase name="testFormatting_ignoring_comparision_failures[./src/test/resources/good/iana-if-type@2014-05-08.yang]" classname="io.typefox.yang.tests.fomatting.FormattingTest" time="0.383"/>
  <testcase name="testFormatting_ignoring_comparision_failures[./src/test/resources/good/deref.yang]" classname="io.typefox.yang.tests.fomatting.FormattingTest" time="0.073"/>
  <testcase name="testFormatting_ignoring_comparision_failures[./src/test/resources/good/augment-sub0.yang]" classname="io.typefox.yang.tests.fomatting.FormattingTest" time="0.07"/>
  <testcase name="testFormatting_ignoring_comparision_failures[./src/test/resources/good/ietf-yang-types.yang]" classname="io.typefox.yang.tests.fomatting.FormattingTest" time="0.086"/>
  <testcase name="testFormatting_ignoring_comparision_failures[./src/test/resources/good/d.yang]" classname="io.typefox.yang.tests.fomatting.FormattingTest" time="0.075"/>
  <testcase name="testFormatting_ignoring_comparision_failures[./src/test/resources/good/req_inst.yang]" classname="io.typefox.yang.tests.fomatting.FormattingTest" time="0.082"/>
  <testcase name="testFormatting_ignoring_comparision_failures[./src/test/resources/good/yt6a.yang]" classname="io.typefox.yang.tests.fomatting.FormattingTest" time="0.092"/>
  <testcase name="testFormatting_ignoring_comparision_failures[./src/test/resources/good/yt1g.yang]" classname="io.typefox.yang.tests.fomatting.FormattingTest" time="0.082"/>
  <testcase name="testFormatting_ignoring_comparision_failures[./src/test/resources/good/yt2.yang]" classname="io.typefox.yang.tests.fomatting.FormattingTest" time="0.079"/>
  <testcase name="testFormatting_ignoring_comparision_failures[./src/test/resources/good/new-aug.yang]" classname="io.typefox.yang.tests.fomatting.FormattingTest" time="0.075"/>
  <testcase name="testFormatting_ignoring_comparision_failures[./src/test/resources/good/xt5.yang]" classname="io.typefox.yang.tests.fomatting.FormattingTest" time="0.07"/>
  <testcase name="testFormatting_ignoring_comparision_failures[./src/test/resources/good/augment-super.yang]" classname="io.typefox.yang.tests.fomatting.FormattingTest" time="0.066"/>
  <testcase name="testFormatting_ignoring_comparision_failures[./src/test/resources/good/amodule.yang]" classname="io.typefox.yang.tests.fomatting.FormattingTest" time="0.06"/>
  <testcase name="testFormatting_ignoring_comparision_failures[./src/test/resources/good/ietf-interfaces@2014-05-08.yang]" classname="io.typefox.yang.tests.fomatting.FormattingTest" time="0.109"/>
  <testcase name="testFormatting_ignoring_comparision_failures[./src/test/resources/good/xt10@2009-02-01.yang]" classname="io.typefox.yang.tests.fomatting.FormattingTest" time="0.073"/>
  <testcase name="testFormatting_ignoring_comparision_failures[./src/test/resources/good/foo_augment.yang]" classname="io.typefox.yang.tests.fomatting.FormattingTest" time="0.07"/>
  <testcase name="testFormatting_ignoring_comparision_failures[./src/test/resources/good/foosub2.yang]" classname="io.typefox.yang.tests.fomatting.FormattingTest" time="0.079"/>
  <testcase name="testFormatting_ignoring_comparision_failures[./src/test/resources/good/yt10.yang]" classname="io.typefox.yang.tests.fomatting.FormattingTest" time="0.075"/>
  <testcase name="testFormatting_ignoring_comparision_failures[./src/test/resources/good/yt3a.yang]" classname="io.typefox.yang.tests.fomatting.FormattingTest" time="0.082"/>
  <testcase name="testFormatting_ignoring_comparision_failures[./src/test/resources/good/qs.yang]" classname="io.typefox.yang.tests.fomatting.FormattingTest" time="0.097"/>
  <testcase name="testFormatting_ignoring_comparision_failures[./src/test/resources/good/lt1.yang]" classname="io.typefox.yang.tests.fomatting.FormattingTest" time="0.093"/>
  <testcase name="testFormatting_ignoring_comparision_failures[./src/test/resources/good/new.yang]" classname="io.typefox.yang.tests.fomatting.FormattingTest" time="0.108"/>
  <testcase name="testFormatting_ignoring_comparision_failures[./src/test/resources/good/yangster-test.yang]" classname="io.typefox.yang.tests.fomatting.FormattingTest" time="0.083"/>
  <testcase name="testFormatting_ignoring_comparision_failures[./src/test/resources/good/yang-dep.yang]" classname="io.typefox.yang.tests.fomatting.FormattingTest" time="0.113"/>
  <testcase name="testFormatting_ignoring_comparision_failures[./src/test/resources/good/ieee-yt12.yang]" classname="io.typefox.yang.tests.fomatting.FormattingTest" time="0.234"/>
  <testcase name="testFormatting_ignoring_comparision_failures[./src/test/resources/good/bug_114.yang]" classname="io.typefox.yang.tests.fomatting.FormattingTest" time="0.093"/>
  <testcase name="testFormatting_ignoring_comparision_failures[./src/test/resources/good/xt7.yang]" classname="io.typefox.yang.tests.fomatting.FormattingTest" time="0.093"/>
  <testcase name="testFormatting_ignoring_comparision_failures[./src/test/resources/good/yt8.yang]" classname="io.typefox.yang.tests.fomatting.FormattingTest" time="0.084"/>
  <testcase name="testFormatting_ignoring_comparision_failures[./src/test/resources/good/foosub.yang]" classname="io.typefox.yang.tests.fomatting.FormattingTest" time="0.089"/>
  <system-out><![CDATA[]]></system-out>
  <system-err><![CDATA[]]></system-err>
</testsuite>
