<?xml version="1.0" encoding="UTF-8"?>
<testsuite name="io.typefox.yang.diagram.test.DiagramIntegrationTest" tests="213" skipped="0" failures="0" errors="0" timestamp="2018-11-08T13:07:21" hostname="rijul-ThinkPad-T470" time="8.645">
  <properties/>
  <testcase name="testDiagram[../io.typefox.yang.ide/src/test/resources/RIFT.ware/test/ietf/ietf-ipv6-unicast-routing.yang]" classname="io.typefox.yang.diagram.test.DiagramIntegrationTest" time="0.434"/>
  <testcase name="testDiagram[../io.typefox.yang.ide/src/test/resources/RIFT.ware/test/ietf/ietf-netconf.yang]" classname="io.typefox.yang.diagram.test.DiagramIntegrationTest" time="0.151"/>
  <testcase name="testDiagram[../io.typefox.yang.ide/src/test/resources/RIFT.ware/test/ietf/HOST-RESOURCES-MIB.yang]" classname="io.typefox.yang.diagram.test.DiagramIntegrationTest" time="0.202"/>
  <testcase name="testDiagram[../io.typefox.yang.ide/src/test/resources/RIFT.ware/test/ietf/IANA-RTPROTO-MIB.yang]" classname="io.typefox.yang.diagram.test.DiagramIntegrationTest" time="0.02"/>
  <testcase name="testDiagram[../io.typefox.yang.ide/src/test/resources/RIFT.ware/test/ietf/ietf-snmp-common.yang]" classname="io.typefox.yang.diagram.test.DiagramIntegrationTest" time="0.194"/>
  <testcase name="testDiagram[../io.typefox.yang.ide/src/test/resources/RIFT.ware/test/ietf/EtherLike-MIB.yang]" classname="io.typefox.yang.diagram.test.DiagramIntegrationTest" time="0.27"/>
  <testcase name="testDiagram[../io.typefox.yang.ide/src/test/resources/RIFT.ware/test/ietf/ietf-snmp-usm.yang]" classname="io.typefox.yang.diagram.test.DiagramIntegrationTest" time="0.118"/>
  <testcase name="testDiagram[../io.typefox.yang.ide/src/test/resources/RIFT.ware/test/ietf/INTEGRATED-SERVICES-MIB.yang]" classname="io.typefox.yang.diagram.test.DiagramIntegrationTest" time="0.199"/>
  <testcase name="testDiagram[../io.typefox.yang.ide/src/test/resources/RIFT.ware/test/ietf/ietf-snmp-vacm.yang]" classname="io.typefox.yang.diagram.test.DiagramIntegrationTest" time="0.077"/>
  <testcase name="testDiagram[../io.typefox.yang.ide/src/test/resources/RIFT.ware/test/ietf/iana-afn-safi.yang]" classname="io.typefox.yang.diagram.test.DiagramIntegrationTest" time="0.004"/>
  <testcase name="testDiagram[../io.typefox.yang.ide/src/test/resources/RIFT.ware/test/ietf/DIFFSERV-CONFIG-MIB.yang]" classname="io.typefox.yang.diagram.test.DiagramIntegrationTest" time="0.021"/>
  <testcase name="testDiagram[../io.typefox.yang.ide/src/test/resources/RIFT.ware/test/ietf/RMON-MIB.yang]" classname="io.typefox.yang.diagram.test.DiagramIntegrationTest" time="0.208"/>
  <testcase name="testDiagram[../io.typefox.yang.ide/src/test/resources/RIFT.ware/test/ietf/HCNUM-TC.yang]" classname="io.typefox.yang.diagram.test.DiagramIntegrationTest" time="0.028"/>
  <testcase name="testDiagram[../io.typefox.yang.ide/src/test/resources/RIFT.ware/test/ietf/SNMP-TARGET-MIB.yang]" classname="io.typefox.yang.diagram.test.DiagramIntegrationTest" time="0.029"/>
  <testcase name="testDiagram[../io.typefox.yang.ide/src/test/resources/RIFT.ware/test/ietf/ietf-snmp-notification.yang]" classname="io.typefox.yang.diagram.test.DiagramIntegrationTest" time="0.108"/>
  <testcase name="testDiagram[../io.typefox.yang.ide/src/test/resources/RIFT.ware/test/ietf/SNMP-NOTIFICATION-MIB.yang]" classname="io.typefox.yang.diagram.test.DiagramIntegrationTest" time="0.094"/>
  <testcase name="testDiagram[../io.typefox.yang.ide/src/test/resources/RIFT.ware/test/ietf/ietf-netconf-monitoring.yang]" classname="io.typefox.yang.diagram.test.DiagramIntegrationTest" time="0.023"/>
  <testcase name="testDiagram[../io.typefox.yang.ide/src/test/resources/RIFT.ware/test/ietf/ietf-ipfix-psamp.yang]" classname="io.typefox.yang.diagram.test.DiagramIntegrationTest" time="0.102"/>
  <testcase name="testDiagram[../io.typefox.yang.ide/src/test/resources/RIFT.ware/test/ietf/ietf-snmp-community.yang]" classname="io.typefox.yang.diagram.test.DiagramIntegrationTest" time="0.093"/>
  <testcase name="testDiagram[../io.typefox.yang.ide/src/test/resources/RIFT.ware/test/ietf/ietf-snmp-tsm.yang]" classname="io.typefox.yang.diagram.test.DiagramIntegrationTest" time="0.107"/>
  <testcase name="testDiagram[../io.typefox.yang.ide/src/test/resources/RIFT.ware/test/ietf/ietf-snmp.yang]" classname="io.typefox.yang.diagram.test.DiagramIntegrationTest" time="0.099"/>
  <testcase name="testDiagram[../io.typefox.yang.ide/src/test/resources/RIFT.ware/test/ietf/ietf-netconf-notifications.yang]" classname="io.typefox.yang.diagram.test.DiagramIntegrationTest" time="0.074"/>
  <testcase name="testDiagram[../io.typefox.yang.ide/src/test/resources/RIFT.ware/test/ietf/ietf-ipv4-unicast-routing.yang]" classname="io.typefox.yang.diagram.test.DiagramIntegrationTest" time="0.115"/>
  <testcase name="testDiagram[../io.typefox.yang.ide/src/test/resources/RIFT.ware/test/ietf/notifications.yang]" classname="io.typefox.yang.diagram.test.DiagramIntegrationTest" time="0.027"/>
  <testcase name="testDiagram[../io.typefox.yang.ide/src/test/resources/RIFT.ware/test/ietf/IANA-ADDRESS-FAMILY-NUMBERS-MIB.yang]" classname="io.typefox.yang.diagram.test.DiagramIntegrationTest" time="0.02"/>
  <testcase name="testDiagram[../io.typefox.yang.ide/src/test/resources/RIFT.ware/test/ietf/ENTITY-STATE-MIB.yang]" classname="io.typefox.yang.diagram.test.DiagramIntegrationTest" time="0.084"/>
  <testcase name="testDiagram[../io.typefox.yang.ide/src/test/resources/RIFT.ware/test/ietf/DISMAN-EVENT-MIB.yang]" classname="io.typefox.yang.diagram.test.DiagramIntegrationTest" time="0.193"/>
  <testcase name="testDiagram[../io.typefox.yang.ide/src/test/resources/RIFT.ware/test/ietf/DIFFSERV-MIB.yang]" classname="io.typefox.yang.diagram.test.DiagramIntegrationTest" time="0.268"/>
  <testcase name="testDiagram[../io.typefox.yang.ide/src/test/resources/RIFT.ware/test/ietf/SNMP-USM-AES-MIB.yang]" classname="io.typefox.yang.diagram.test.DiagramIntegrationTest" time="0.054"/>
  <testcase name="testDiagram[../io.typefox.yang.ide/src/test/resources/RIFT.ware/test/ietf/IF-MIB.yang]" classname="io.typefox.yang.diagram.test.DiagramIntegrationTest" time="0.078"/>
  <testcase name="testDiagram[../io.typefox.yang.ide/src/test/resources/RIFT.ware/test/ietf/SNMPv2-TM.yang]" classname="io.typefox.yang.diagram.test.DiagramIntegrationTest" time="0.006"/>
  <testcase name="testDiagram[../io.typefox.yang.ide/src/test/resources/RIFT.ware/test/ietf/DISMAN-SCRIPT-MIB.yang]" classname="io.typefox.yang.diagram.test.DiagramIntegrationTest" time="0.051"/>
  <testcase name="testDiagram[../io.typefox.yang.ide/src/test/resources/RIFT.ware/test/ietf/TRANSPORT-ADDRESS-MIB.yang]" classname="io.typefox.yang.diagram.test.DiagramIntegrationTest" time="0.03"/>
  <testcase name="testDiagram[../io.typefox.yang.ide/src/test/resources/RIFT.ware/test/ietf/DIFFSERV-DSCP-TC.yang]" classname="io.typefox.yang.diagram.test.DiagramIntegrationTest" time="0.027"/>
  <testcase name="testDiagram[../io.typefox.yang.ide/src/test/resources/RIFT.ware/test/ietf/IANAifType-MIB.yang]" classname="io.typefox.yang.diagram.test.DiagramIntegrationTest" time="0.029"/>
  <testcase name="testDiagram[../io.typefox.yang.ide/src/test/resources/RIFT.ware/test/ietf/ietf-routing.yang]" classname="io.typefox.yang.diagram.test.DiagramIntegrationTest" time="0.087"/>
  <testcase name="testDiagram[../io.typefox.yang.ide/src/test/resources/RIFT.ware/test/ietf/iana-crypt-hash.yang]" classname="io.typefox.yang.diagram.test.DiagramIntegrationTest" time="0.004"/>
  <testcase name="testDiagram[../io.typefox.yang.ide/src/test/resources/RIFT.ware/test/ietf/ietf-netconf-partial-lock.yang]" classname="io.typefox.yang.diagram.test.DiagramIntegrationTest" time="0.012"/>
  <testcase name="testDiagram[../io.typefox.yang.ide/src/test/resources/RIFT.ware/test/ietf/AGENTX-MIB.yang]" classname="io.typefox.yang.diagram.test.DiagramIntegrationTest" time="0.11"/>
  <testcase name="testDiagram[../io.typefox.yang.ide/src/test/resources/RIFT.ware/test/ietf/ietf-system.yang]" classname="io.typefox.yang.diagram.test.DiagramIntegrationTest" time="0.078"/>
  <testcase name="testDiagram[../io.typefox.yang.ide/src/test/resources/RIFT.ware/test/ietf/IP-MIB.yang]" classname="io.typefox.yang.diagram.test.DiagramIntegrationTest" time="0.146"/>
  <testcase name="testDiagram[../io.typefox.yang.ide/src/test/resources/RIFT.ware/test/ietf/ietf-netconf-acm.yang]" classname="io.typefox.yang.diagram.test.DiagramIntegrationTest" time="0.02"/>
  <testcase name="testDiagram[../io.typefox.yang.ide/src/test/resources/RIFT.ware/test/ietf/RFC-1215.yang]" classname="io.typefox.yang.diagram.test.DiagramIntegrationTest" time="0.007"/>
  <testcase name="testDiagram[../io.typefox.yang.ide/src/test/resources/RIFT.ware/test/ietf/ENTITY-STATE-TC-MIB.yang]" classname="io.typefox.yang.diagram.test.DiagramIntegrationTest" time="0.014"/>
  <testcase name="testDiagram[../io.typefox.yang.ide/src/test/resources/RIFT.ware/test/ietf/ietf-netconf-with-defaults.yang]" classname="io.typefox.yang.diagram.test.DiagramIntegrationTest" time="0.054"/>
  <testcase name="testDiagram[../io.typefox.yang.ide/src/test/resources/RIFT.ware/test/ietf/nc-notifications.yang]" classname="io.typefox.yang.diagram.test.DiagramIntegrationTest" time="0.032"/>
  <testcase name="testDiagram[../io.typefox.yang.ide/src/test/resources/RIFT.ware/test/ietf/ietf-snmp-proxy.yang]" classname="io.typefox.yang.diagram.test.DiagramIntegrationTest" time="0.08"/>
  <testcase name="testDiagram[../io.typefox.yang.ide/src/test/resources/RIFT.ware/test/ietf/HOST-RESOURCES-TYPES.yang]" classname="io.typefox.yang.diagram.test.DiagramIntegrationTest" time="0.056"/>
  <testcase name="testDiagram[../io.typefox.yang.ide/src/test/resources/RIFT.ware/test/ietf/ENTITY-SENSOR-MIB.yang]" classname="io.typefox.yang.diagram.test.DiagramIntegrationTest" time="0.036"/>
  <testcase name="testDiagram[../io.typefox.yang.ide/src/test/resources/RIFT.ware/test/ietf/IF-INVERTED-STACK-MIB.yang]" classname="io.typefox.yang.diagram.test.DiagramIntegrationTest" time="0.039"/>
  <testcase name="testDiagram[../io.typefox.yang.ide/src/test/resources/RIFT.ware/test/ietf/SNMPv2-TC.yang]" classname="io.typefox.yang.diagram.test.DiagramIntegrationTest" time="0.01"/>
  <testcase name="testDiagram[../io.typefox.yang.ide/src/test/resources/RIFT.ware/test/ietf/ENTITY-MIB.yang]" classname="io.typefox.yang.diagram.test.DiagramIntegrationTest" time="0.044"/>
  <testcase name="testDiagram[../io.typefox.yang.ide/src/test/resources/RIFT.ware/test/ietf/SNMPv2-MIB.yang]" classname="io.typefox.yang.diagram.test.DiagramIntegrationTest" time="0.039"/>
  <testcase name="testDiagram[../io.typefox.yang.ide/src/test/resources/RIFT.ware/test/ietf/INET-ADDRESS-MIB.yang]" classname="io.typefox.yang.diagram.test.DiagramIntegrationTest" time="0.017"/>
  <testcase name="testDiagram[../io.typefox.yang.ide/src/test/resources/RIFT.ware/test/ietf/SNMP-FRAMEWORK-MIB.yang]" classname="io.typefox.yang.diagram.test.DiagramIntegrationTest" time="0.019"/>
  <testcase name="testDiagram[../io.typefox.yang.ide/src/test/resources/RIFT.ware/test/ietf/IANA-LANGUAGE-MIB.yang]" classname="io.typefox.yang.diagram.test.DiagramIntegrationTest" time="0.004"/>
  <testcase name="testDiagram[../io.typefox.yang.ide/src/test/resources/RIFT.ware/test/ietf/ietf-snmp-engine.yang]" classname="io.typefox.yang.diagram.test.DiagramIntegrationTest" time="0.057"/>
  <testcase name="testDiagram[../io.typefox.yang.ide/src/test/resources/RIFT.ware/test/ietf/DISMAN-SCHEDULE-MIB.yang]" classname="io.typefox.yang.diagram.test.DiagramIntegrationTest" time="0.046"/>
  <testcase name="testDiagram[../io.typefox.yang.ide/src/test/resources/RIFT.ware/test/ietf/ietf-ip.yang]" classname="io.typefox.yang.diagram.test.DiagramIntegrationTest" time="0.087"/>
  <testcase name="testDiagram[../io.typefox.yang.ide/src/test/resources/RIFT.ware/test/ietf/ietf-snmp-tls.yang]" classname="io.typefox.yang.diagram.test.DiagramIntegrationTest" time="0.074"/>
  <testcase name="testDiagram[../io.typefox.yang.ide/src/test/resources/RIFT.ware/test/ietf/iana-timezones.yang]" classname="io.typefox.yang.diagram.test.DiagramIntegrationTest" time="0.019"/>
  <testcase name="testDiagram[../io.typefox.yang.ide/src/test/resources/RIFT.ware/test/ietf/SNMP-MPD-MIB.yang]" classname="io.typefox.yang.diagram.test.DiagramIntegrationTest" time="0.011"/>
  <testcase name="testDiagram[../io.typefox.yang.ide/src/test/resources/RIFT.ware/test/ietf/ietf-snmp-target.yang]" classname="io.typefox.yang.diagram.test.DiagramIntegrationTest" time="0.112"/>
  <testcase name="testDiagram[../io.typefox.yang.ide/src/test/resources/RIFT.ware/test/netconfcentral/yangcli.yang]" classname="io.typefox.yang.diagram.test.DiagramIntegrationTest" time="0.17"/>
  <testcase name="testDiagram[../io.typefox.yang.ide/src/test/resources/RIFT.ware/test/netconfcentral/yuma-mysession.yang]" classname="io.typefox.yang.diagram.test.DiagramIntegrationTest" time="0.08"/>
  <testcase name="testDiagram[../io.typefox.yang.ide/src/test/resources/RIFT.ware/test/netconfcentral/yuma-nacm.yang]" classname="io.typefox.yang.diagram.test.DiagramIntegrationTest" time="0.056"/>
  <testcase name="testDiagram[../io.typefox.yang.ide/src/test/resources/RIFT.ware/test/netconfcentral/yuma-netconf.yang]" classname="io.typefox.yang.diagram.test.DiagramIntegrationTest" time="0.051"/>
  <testcase name="testDiagram[../io.typefox.yang.ide/src/test/resources/RIFT.ware/test/netconfcentral/yangdump.yang]" classname="io.typefox.yang.diagram.test.DiagramIntegrationTest" time="0.052"/>
  <testcase name="testDiagram[../io.typefox.yang.ide/src/test/resources/RIFT.ware/test/netconfcentral/yuma-ncx.yang]" classname="io.typefox.yang.diagram.test.DiagramIntegrationTest" time="0.026"/>
  <testcase name="testDiagram[../io.typefox.yang.ide/src/test/resources/RIFT.ware/test/netconfcentral/yuma-arp.yang]" classname="io.typefox.yang.diagram.test.DiagramIntegrationTest" time="0.038"/>
  <testcase name="testDiagram[../io.typefox.yang.ide/src/test/resources/RIFT.ware/test/netconfcentral/yuma-app-common.yang]" classname="io.typefox.yang.diagram.test.DiagramIntegrationTest" time="0.031"/>
  <testcase name="testDiagram[../io.typefox.yang.ide/src/test/resources/RIFT.ware/test/netconfcentral/yuma-types.yang]" classname="io.typefox.yang.diagram.test.DiagramIntegrationTest" time="0.01"/>
  <testcase name="testDiagram[../io.typefox.yang.ide/src/test/resources/RIFT.ware/test/netconfcentral/yuma-interfaces.yang]" classname="io.typefox.yang.diagram.test.DiagramIntegrationTest" time="0.024"/>
  <testcase name="testDiagram[../io.typefox.yang.ide/src/test/resources/RIFT.ware/test/netconfcentral/yangdiff.yang]" classname="io.typefox.yang.diagram.test.DiagramIntegrationTest" time="0.046"/>
  <testcase name="testDiagram[../io.typefox.yang.ide/src/test/resources/RIFT.ware/test/netconfcentral/toaster.yang]" classname="io.typefox.yang.diagram.test.DiagramIntegrationTest" time="0.016"/>
  <testcase name="testDiagram[../io.typefox.yang.ide/src/test/resources/RIFT.ware/test/netconfcentral/yuma-xsd.yang]" classname="io.typefox.yang.diagram.test.DiagramIntegrationTest" time="0.015"/>
  <testcase name="testDiagram[../io.typefox.yang.ide/src/test/resources/RIFT.ware/test/netconfcentral/yuma-proc.yang]" classname="io.typefox.yang.diagram.test.DiagramIntegrationTest" time="0.042"/>
  <testcase name="testDiagram[../io.typefox.yang.ide/src/test/resources/RIFT.ware/test/netconfcentral/yuma-system.yang]" classname="io.typefox.yang.diagram.test.DiagramIntegrationTest" time="0.112"/>
  <testcase name="testDiagram[../io.typefox.yang.ide/src/test/resources/RIFT.ware/test/netconfcentral/netconfd.yang]" classname="io.typefox.yang.diagram.test.DiagramIntegrationTest" time="0.059"/>
  <testcase name="testDiagram[../io.typefox.yang.ide/src/test/resources/RIFT.ware/test/netconfcentral/yuma-time-filter.yang]" classname="io.typefox.yang.diagram.test.DiagramIntegrationTest" time="0.037"/>
  <testcase name="testDiagram[../io.typefox.yang.ide/src/test/resources/RIFT.ware/test/pass/testr1@2009-02-02.yang]" classname="io.typefox.yang.diagram.test.DiagramIntegrationTest" time="0.025"/>
  <testcase name="testDiagram[../io.typefox.yang.ide/src/test/resources/RIFT.ware/test/pass/testaug2.yang]" classname="io.typefox.yang.diagram.test.DiagramIntegrationTest" time="0.014"/>
  <testcase name="testDiagram[../io.typefox.yang.ide/src/test/resources/RIFT.ware/test/pass/t29.yang]" classname="io.typefox.yang.diagram.test.DiagramIntegrationTest" time="0.018"/>
  <testcase name="testDiagram[../io.typefox.yang.ide/src/test/resources/RIFT.ware/test/pass/testgrp2.yang]" classname="io.typefox.yang.diagram.test.DiagramIntegrationTest" time="0.007"/>
  <testcase name="testDiagram[../io.typefox.yang.ide/src/test/resources/RIFT.ware/test/pass/testgrouping2.yang]" classname="io.typefox.yang.diagram.test.DiagramIntegrationTest" time="0.011"/>
  <testcase name="testDiagram[../io.typefox.yang.ide/src/test/resources/RIFT.ware/test/pass/siltest6.yang]" classname="io.typefox.yang.diagram.test.DiagramIntegrationTest" time="0.004"/>
  <testcase name="testDiagram[../io.typefox.yang.ide/src/test/resources/RIFT.ware/test/pass/test8d.yang]" classname="io.typefox.yang.diagram.test.DiagramIntegrationTest" time="0.024"/>
  <testcase name="testDiagram[../io.typefox.yang.ide/src/test/resources/RIFT.ware/test/pass/test2.yang]" classname="io.typefox.yang.diagram.test.DiagramIntegrationTest" time="0.045"/>
  <testcase name="testDiagram[../io.typefox.yang.ide/src/test/resources/RIFT.ware/test/pass/testmalloc.yang]" classname="io.typefox.yang.diagram.test.DiagramIntegrationTest" time="0.003"/>
  <testcase name="testDiagram[../io.typefox.yang.ide/src/test/resources/RIFT.ware/test/pass/examples.yang]" classname="io.typefox.yang.diagram.test.DiagramIntegrationTest" time="0.075"/>
  <testcase name="testDiagram[../io.typefox.yang.ide/src/test/resources/RIFT.ware/test/pass/testr1@2009-01-01.yang]" classname="io.typefox.yang.diagram.test.DiagramIntegrationTest" time="0.02"/>
  <testcase name="testDiagram[../io.typefox.yang.ide/src/test/resources/RIFT.ware/test/pass/testfeature.yang]" classname="io.typefox.yang.diagram.test.DiagramIntegrationTest" time="0.008"/>
  <testcase name="testDiagram[../io.typefox.yang.ide/src/test/resources/RIFT.ware/test/pass/testdec.yang]" classname="io.typefox.yang.diagram.test.DiagramIntegrationTest" time="0.006"/>
  <testcase name="testDiagram[../io.typefox.yang.ide/src/test/resources/RIFT.ware/test/pass/when_bug.yang]" classname="io.typefox.yang.diagram.test.DiagramIntegrationTest" time="0.062"/>
  <testcase name="testDiagram[../io.typefox.yang.ide/src/test/resources/RIFT.ware/test/pass/testfalse.yang]" classname="io.typefox.yang.diagram.test.DiagramIntegrationTest" time="0.005"/>
  <testcase name="testDiagram[../io.typefox.yang.ide/src/test/resources/RIFT.ware/test/pass/testobsolete.yang]" classname="io.typefox.yang.diagram.test.DiagramIntegrationTest" time="0.006"/>
  <testcase name="testDiagram[../io.typefox.yang.ide/src/test/resources/RIFT.ware/test/pass/testuses.yang]" classname="io.typefox.yang.diagram.test.DiagramIntegrationTest" time="0.005"/>
  <testcase name="testDiagram[../io.typefox.yang.ide/src/test/resources/RIFT.ware/test/pass/testmandatory.yang]" classname="io.typefox.yang.diagram.test.DiagramIntegrationTest" time="0.008"/>
  <testcase name="testDiagram[../io.typefox.yang.ide/src/test/resources/RIFT.ware/test/pass/testr2@2009-01-01.yang]" classname="io.typefox.yang.diagram.test.DiagramIntegrationTest" time="0.009"/>
  <testcase name="testDiagram[../io.typefox.yang.ide/src/test/resources/RIFT.ware/test/pass/siltest2.yang]" classname="io.typefox.yang.diagram.test.DiagramIntegrationTest" time="0.008"/>
  <testcase name="testDiagram[../io.typefox.yang.ide/src/test/resources/RIFT.ware/test/pass/testext.yang]" classname="io.typefox.yang.diagram.test.DiagramIntegrationTest" time="0.007"/>
  <testcase name="testDiagram[../io.typefox.yang.ide/src/test/resources/RIFT.ware/test/pass/ytest.yang]" classname="io.typefox.yang.diagram.test.DiagramIntegrationTest" time="0.014"/>
  <testcase name="testDiagram[../io.typefox.yang.ide/src/test/resources/RIFT.ware/test/pass/test8c.yang]" classname="io.typefox.yang.diagram.test.DiagramIntegrationTest" time="0.019"/>
  <testcase name="testDiagram[../io.typefox.yang.ide/src/test/resources/RIFT.ware/test/pass/testgrp.yang]" classname="io.typefox.yang.diagram.test.DiagramIntegrationTest" time="0.005"/>
  <testcase name="testDiagram[../io.typefox.yang.ide/src/test/resources/RIFT.ware/test/pass/testgrouping3.yang]" classname="io.typefox.yang.diagram.test.DiagramIntegrationTest" time="0.016"/>
  <testcase name="testDiagram[../io.typefox.yang.ide/src/test/resources/RIFT.ware/test/pass/t9.yang]" classname="io.typefox.yang.diagram.test.DiagramIntegrationTest" time="0.005"/>
  <testcase name="testDiagram[../io.typefox.yang.ide/src/test/resources/RIFT.ware/test/pass/t11.yang]" classname="io.typefox.yang.diagram.test.DiagramIntegrationTest" time="0.008"/>
  <testcase name="testDiagram[../io.typefox.yang.ide/src/test/resources/RIFT.ware/test/pass/testcrud.yang]" classname="io.typefox.yang.diagram.test.DiagramIntegrationTest" time="0.007"/>
  <testcase name="testDiagram[../io.typefox.yang.ide/src/test/resources/RIFT.ware/test/pass/test8b.yang]" classname="io.typefox.yang.diagram.test.DiagramIntegrationTest" time="0.019"/>
  <testcase name="testDiagram[../io.typefox.yang.ide/src/test/resources/RIFT.ware/test/pass/negnum.yang]" classname="io.typefox.yang.diagram.test.DiagramIntegrationTest" time="0.004"/>
  <testcase name="testDiagram[../io.typefox.yang.ide/src/test/resources/RIFT.ware/test/pass/test10.yang]" classname="io.typefox.yang.diagram.test.DiagramIntegrationTest" time="0.004"/>
  <testcase name="testDiagram[../io.typefox.yang.ide/src/test/resources/RIFT.ware/test/pass/siltest3.yang]" classname="io.typefox.yang.diagram.test.DiagramIntegrationTest" time="0.01"/>
  <testcase name="testDiagram[../io.typefox.yang.ide/src/test/resources/RIFT.ware/test/pass/testdev_dev.yang]" classname="io.typefox.yang.diagram.test.DiagramIntegrationTest" time="0.023"/>
  <testcase name="testDiagram[../io.typefox.yang.ide/src/test/resources/RIFT.ware/test/pass/test.yang]" classname="io.typefox.yang.diagram.test.DiagramIntegrationTest" time="0.045"/>
  <testcase name="testDiagram[../io.typefox.yang.ide/src/test/resources/RIFT.ware/test/pass/siltest7.yang]" classname="io.typefox.yang.diagram.test.DiagramIntegrationTest" time="0.008"/>
  <testcase name="testDiagram[../io.typefox.yang.ide/src/test/resources/RIFT.ware/test/pass/test8.yang]" classname="io.typefox.yang.diagram.test.DiagramIntegrationTest" time="0.04"/>
  <testcase name="testDiagram[../io.typefox.yang.ide/src/test/resources/RIFT.ware/test/pass/siltest5.yang]" classname="io.typefox.yang.diagram.test.DiagramIntegrationTest" time="0.046"/>
  <testcase name="testDiagram[../io.typefox.yang.ide/src/test/resources/RIFT.ware/test/pass/testdev.yang]" classname="io.typefox.yang.diagram.test.DiagramIntegrationTest" time="0.016"/>
  <testcase name="testDiagram[../io.typefox.yang.ide/src/test/resources/RIFT.ware/test/pass/testcommit.yang]" classname="io.typefox.yang.diagram.test.DiagramIntegrationTest" time="0.064"/>
  <testcase name="testDiagram[../io.typefox.yang.ide/src/test/resources/RIFT.ware/test/pass/testgrouping.yang]" classname="io.typefox.yang.diagram.test.DiagramIntegrationTest" time="0.139"/>
  <testcase name="testDiagram[../io.typefox.yang.ide/src/test/resources/RIFT.ware/test/pass/t30.yang]" classname="io.typefox.yang.diagram.test.DiagramIntegrationTest" time="0.014"/>
  <testcase name="testDiagram[../io.typefox.yang.ide/src/test/resources/RIFT.ware/test/pass/augment_bug.yang]" classname="io.typefox.yang.diagram.test.DiagramIntegrationTest" time="0.104"/>
  <testcase name="testDiagram[../io.typefox.yang.ide/src/test/resources/RIFT.ware/test/pass/test3.yang]" classname="io.typefox.yang.diagram.test.DiagramIntegrationTest" time="0.004"/>
  <testcase name="testDiagram[../io.typefox.yang.ide/src/test/resources/RIFT.ware/test/pass/test1a.yang]" classname="io.typefox.yang.diagram.test.DiagramIntegrationTest" time="0.039"/>
  <testcase name="testDiagram[../io.typefox.yang.ide/src/test/resources/RIFT.ware/test/pass/test1.yang]" classname="io.typefox.yang.diagram.test.DiagramIntegrationTest" time="0.053"/>
  <testcase name="testDiagram[../io.typefox.yang.ide/src/test/resources/RIFT.ware/test/pass/test3a.yang]" classname="io.typefox.yang.diagram.test.DiagramIntegrationTest" time="0.006"/>
  <testcase name="testDiagram[../io.typefox.yang.ide/src/test/resources/RIFT.ware/test/pass/test1b.yang]" classname="io.typefox.yang.diagram.test.DiagramIntegrationTest" time="0.064"/>
  <testcase name="testDiagram[../io.typefox.yang.ide/src/test/resources/RIFT.ware/test/pass/testsim.yang]" classname="io.typefox.yang.diagram.test.DiagramIntegrationTest" time="0.035"/>
  <testcase name="testDiagram[../io.typefox.yang.ide/src/test/resources/RIFT.ware/test/pass/testrev.yang]" classname="io.typefox.yang.diagram.test.DiagramIntegrationTest" time="0.041"/>
  <testcase name="testDiagram[../io.typefox.yang.ide/src/test/resources/RIFT.ware/test/pass/test6.yang]" classname="io.typefox.yang.diagram.test.DiagramIntegrationTest" time="0.011"/>
  <testcase name="testDiagram[../io.typefox.yang.ide/src/test/resources/RIFT.ware/test/pass/test9.yang]" classname="io.typefox.yang.diagram.test.DiagramIntegrationTest" time="0.003"/>
  <testcase name="testDiagram[../io.typefox.yang.ide/src/test/resources/RIFT.ware/test/pass/testrev2.yang]" classname="io.typefox.yang.diagram.test.DiagramIntegrationTest" time="0.056"/>
  <testcase name="testDiagram[../io.typefox.yang.ide/src/test/resources/RIFT.ware/test/pass/test8a.yang]" classname="io.typefox.yang.diagram.test.DiagramIntegrationTest" time="0.026"/>
  <testcase name="testDiagram[../io.typefox.yang.ide/src/test/resources/RIFT.ware/test/pass/trev.yang]" classname="io.typefox.yang.diagram.test.DiagramIntegrationTest" time="0.005"/>
  <testcase name="testDiagram[../io.typefox.yang.ide/src/test/resources/RIFT.ware/test/pass/testconfig.yang]" classname="io.typefox.yang.diagram.test.DiagramIntegrationTest" time="0.002"/>
  <testcase name="testDiagram[../io.typefox.yang.ide/src/test/resources/RIFT.ware/test/pass/test5.yang]" classname="io.typefox.yang.diagram.test.DiagramIntegrationTest" time="0.004"/>
  <testcase name="testDiagram[../io.typefox.yang.ide/src/test/resources/RIFT.ware/test/pass/siltest4.yang]" classname="io.typefox.yang.diagram.test.DiagramIntegrationTest" time="0.008"/>
  <testcase name="testDiagram[../io.typefox.yang.ide/src/test/resources/RIFT.ware/test/pass/siltest1.yang]" classname="io.typefox.yang.diagram.test.DiagramIntegrationTest" time="0.002"/>
  <testcase name="testDiagram[../io.typefox.yang.ide/src/test/resources/RIFT.ware/test/pass/t8.yang]" classname="io.typefox.yang.diagram.test.DiagramIntegrationTest" time="0.005"/>
  <testcase name="testDiagram[../io.typefox.yang.ide/src/test/resources/RIFT.ware/test/pass/augment_interface.yang]" classname="io.typefox.yang.diagram.test.DiagramIntegrationTest" time="0.023"/>
  <testcase name="testDiagram[../io.typefox.yang.ide/src/test/resources/RIFT.ware/test/pass/testmust.yang]" classname="io.typefox.yang.diagram.test.DiagramIntegrationTest" time="0.022"/>
  <testcase name="testDiagram[../io.typefox.yang.ide/src/test/resources/RIFT.ware/test/pass/testr2@2008-01-01.yang]" classname="io.typefox.yang.diagram.test.DiagramIntegrationTest" time="0.004"/>
  <testcase name="testDiagram[../io.typefox.yang.ide/src/test/resources/RIFT.ware/test/pass/testsi.yang]" classname="io.typefox.yang.diagram.test.DiagramIntegrationTest" time="0.037"/>
  <testcase name="testDiagram[../io.typefox.yang.ide/src/test/resources/RIFT.ware/test/pass/test3b.yang]" classname="io.typefox.yang.diagram.test.DiagramIntegrationTest" time="0.014"/>
  <testcase name="testDiagram[../io.typefox.yang.ide/src/test/resources/RIFT.ware/test/pass/test7.yang]" classname="io.typefox.yang.diagram.test.DiagramIntegrationTest" time="0.023"/>
  <testcase name="testDiagram[../io.typefox.yang.ide/src/test/resources/RIFT.ware/test/pass/t31.yang]" classname="io.typefox.yang.diagram.test.DiagramIntegrationTest" time="0.021"/>
  <testcase name="testDiagram[../io.typefox.yang.ide/src/test/resources/RIFT.ware/test/pass/test4.yang]" classname="io.typefox.yang.diagram.test.DiagramIntegrationTest" time="0.014"/>
  <testcase name="testDiagram[../io.typefox.yang.ide/src/test/resources/RIFT.ware/test/pass/tunion.yang]" classname="io.typefox.yang.diagram.test.DiagramIntegrationTest" time="0.042"/>
  <testcase name="testDiagram[../io.typefox.yang.ide/src/test/resources/RIFT.ware/test/pass/t12.yang]" classname="io.typefox.yang.diagram.test.DiagramIntegrationTest" time="0.025"/>
  <testcase name="testDiagram[../io.typefox.yang.ide/src/test/resources/RIFT.ware/test/pass/test1c.yang]" classname="io.typefox.yang.diagram.test.DiagramIntegrationTest" time="0.045"/>
  <testcase name="testDiagram[../io.typefox.yang.ide/src/test/resources/RIFT.ware/test/yang/yang-smi.yang]" classname="io.typefox.yang.diagram.test.DiagramIntegrationTest" time="0.002"/>
  <testcase name="testDiagram[../io.typefox.yang.ide/src/test/resources/RIFT.ware/test/yang/ietf-inet-types.yang]" classname="io.typefox.yang.diagram.test.DiagramIntegrationTest" time="0.014"/>
  <testcase name="testDiagram[../io.typefox.yang.ide/src/test/resources/RIFT.ware/test/yang/ietf-yang-smiv2.yang]" classname="io.typefox.yang.diagram.test.DiagramIntegrationTest" time="0.002"/>
  <testcase name="testDiagram[../io.typefox.yang.ide/src/test/resources/good/q.yang]" classname="io.typefox.yang.diagram.test.DiagramIntegrationTest" time="0.005"/>
  <testcase name="testDiagram[../io.typefox.yang.ide/src/test/resources/good/augment-shorthand-case.yang]" classname="io.typefox.yang.diagram.test.DiagramIntegrationTest" time="0.007"/>
  <testcase name="testDiagram[../io.typefox.yang.ide/src/test/resources/good/leafref-1.1.yang]" classname="io.typefox.yang.diagram.test.DiagramIntegrationTest" time="0.017"/>
  <testcase name="testDiagram[../io.typefox.yang.ide/src/test/resources/good/ethernet.yang]" classname="io.typefox.yang.diagram.test.DiagramIntegrationTest" time="0.09"/>
  <testcase name="testDiagram[../io.typefox.yang.ide/src/test/resources/good/foo.yang]" classname="io.typefox.yang.diagram.test.DiagramIntegrationTest" time="0.012"/>
  <testcase name="testDiagram[../io.typefox.yang.ide/src/test/resources/good/yt4.yang]" classname="io.typefox.yang.diagram.test.DiagramIntegrationTest" time="0.029"/>
  <testcase name="testDiagram[../io.typefox.yang.ide/src/test/resources/good/fun_with_augments.yang]" classname="io.typefox.yang.diagram.test.DiagramIntegrationTest" time="0.009"/>
  <testcase name="testDiagram[../io.typefox.yang.ide/src/test/resources/good/quoted-string-1.0.yang]" classname="io.typefox.yang.diagram.test.DiagramIntegrationTest" time="0.01"/>
  <testcase name="testDiagram[../io.typefox.yang.ide/src/test/resources/good/yt6.yang]" classname="io.typefox.yang.diagram.test.DiagramIntegrationTest" time="0.022"/>
  <testcase name="testDiagram[../io.typefox.yang.ide/src/test/resources/good/xt11.yang]" classname="io.typefox.yang.diagram.test.DiagramIntegrationTest" time="0.046"/>
  <testcase name="testDiagram[../io.typefox.yang.ide/src/test/resources/good/xt6.yang]" classname="io.typefox.yang.diagram.test.DiagramIntegrationTest" time="0.025"/>
  <testcase name="testDiagram[../io.typefox.yang.ide/src/test/resources/good/leafref2-1.1.yang]" classname="io.typefox.yang.diagram.test.DiagramIntegrationTest" time="0.019"/>
  <testcase name="testDiagram[../io.typefox.yang.ide/src/test/resources/good/w.yang]" classname="io.typefox.yang.diagram.test.DiagramIntegrationTest" time="0.034"/>
  <testcase name="testDiagram[../io.typefox.yang.ide/src/test/resources/good/xt8.yang]" classname="io.typefox.yang.diagram.test.DiagramIntegrationTest" time="0.021"/>
  <testcase name="testDiagram[../io.typefox.yang.ide/src/test/resources/good/xt10.yang]" classname="io.typefox.yang.diagram.test.DiagramIntegrationTest" time="0.002"/>
  <testcase name="testDiagram[../io.typefox.yang.ide/src/test/resources/good/revision@2000-01-01.yang]" classname="io.typefox.yang.diagram.test.DiagramIntegrationTest" time="0.01"/>
  <testcase name="testDiagram[../io.typefox.yang.ide/src/test/resources/good/foo_augment2.yang]" classname="io.typefox.yang.diagram.test.DiagramIntegrationTest" time="0.037"/>
  <testcase name="testDiagram[../io.typefox.yang.ide/src/test/resources/good/inputaugment.yang]" classname="io.typefox.yang.diagram.test.DiagramIntegrationTest" time="0.014"/>
  <testcase name="testDiagram[../io.typefox.yang.ide/src/test/resources/good/yt3.yang]" classname="io.typefox.yang.diagram.test.DiagramIntegrationTest" time="0.021"/>
  <testcase name="testDiagram[../io.typefox.yang.ide/src/test/resources/good/yt5a.yang]" classname="io.typefox.yang.diagram.test.DiagramIntegrationTest" time="0.036"/>
  <testcase name="testDiagram[../io.typefox.yang.ide/src/test/resources/good/revision2.yang]" classname="io.typefox.yang.diagram.test.DiagramIntegrationTest" time="0.012"/>
  <testcase name="testDiagram[../io.typefox.yang.ide/src/test/resources/good/yt9.yang]" classname="io.typefox.yang.diagram.test.DiagramIntegrationTest" time="0.002"/>
  <testcase name="testDiagram[../io.typefox.yang.ide/src/test/resources/good/augment-sub1.yang]" classname="io.typefox.yang.diagram.test.DiagramIntegrationTest" time="0.028"/>
  <testcase name="testDiagram[../io.typefox.yang.ide/src/test/resources/good/mef-yt10.yang]" classname="io.typefox.yang.diagram.test.DiagramIntegrationTest" time="0.023"/>
  <testcase name="testDiagram[../io.typefox.yang.ide/src/test/resources/good/yt5.yang]" classname="io.typefox.yang.diagram.test.DiagramIntegrationTest" time="0.037"/>
  <testcase name="testDiagram[../io.typefox.yang.ide/src/test/resources/good/mef-yt11.yang]" classname="io.typefox.yang.diagram.test.DiagramIntegrationTest" time="0.04"/>
  <testcase name="testDiagram[../io.typefox.yang.ide/src/test/resources/good/yangster-action-test.yang]" classname="io.typefox.yang.diagram.test.DiagramIntegrationTest" time="0.012"/>
  <testcase name="testDiagram[../io.typefox.yang.ide/src/test/resources/good/u.yang]" classname="io.typefox.yang.diagram.test.DiagramIntegrationTest" time="0.04"/>
  <testcase name="testDiagram[../io.typefox.yang.ide/src/test/resources/good/augtest.yang]" classname="io.typefox.yang.diagram.test.DiagramIntegrationTest" time="0.004"/>
  <testcase name="testDiagram[../io.typefox.yang.ide/src/test/resources/good/xt10@2009-01-01.yang]" classname="io.typefox.yang.diagram.test.DiagramIntegrationTest" time="0.022"/>
  <testcase name="testDiagram[../io.typefox.yang.ide/src/test/resources/good/yt7.yang]" classname="io.typefox.yang.diagram.test.DiagramIntegrationTest" time="0.007"/>
  <testcase name="testDiagram[../io.typefox.yang.ide/src/test/resources/good/iana-if-type@2014-05-08.yang]" classname="io.typefox.yang.diagram.test.DiagramIntegrationTest" time="0.064"/>
  <testcase name="testDiagram[../io.typefox.yang.ide/src/test/resources/good/deref.yang]" classname="io.typefox.yang.diagram.test.DiagramIntegrationTest" time="0.027"/>
  <testcase name="testDiagram[../io.typefox.yang.ide/src/test/resources/good/augment-sub0.yang]" classname="io.typefox.yang.diagram.test.DiagramIntegrationTest" time="0.006"/>
  <testcase name="testDiagram[../io.typefox.yang.ide/src/test/resources/good/ietf-yang-types.yang]" classname="io.typefox.yang.diagram.test.DiagramIntegrationTest" time="0.01"/>
  <testcase name="testDiagram[../io.typefox.yang.ide/src/test/resources/good/d.yang]" classname="io.typefox.yang.diagram.test.DiagramIntegrationTest" time="0.01"/>
  <testcase name="testDiagram[../io.typefox.yang.ide/src/test/resources/good/req_inst.yang]" classname="io.typefox.yang.diagram.test.DiagramIntegrationTest" time="0.014"/>
  <testcase name="testDiagram[../io.typefox.yang.ide/src/test/resources/good/yt6a.yang]" classname="io.typefox.yang.diagram.test.DiagramIntegrationTest" time="0.026"/>
  <testcase name="testDiagram[../io.typefox.yang.ide/src/test/resources/good/yt1g.yang]" classname="io.typefox.yang.diagram.test.DiagramIntegrationTest" time="0.003"/>
  <testcase name="testDiagram[../io.typefox.yang.ide/src/test/resources/good/yt2.yang]" classname="io.typefox.yang.diagram.test.DiagramIntegrationTest" time="0.019"/>
  <testcase name="testDiagram[../io.typefox.yang.ide/src/test/resources/good/new-aug.yang]" classname="io.typefox.yang.diagram.test.DiagramIntegrationTest" time="0.016"/>
  <testcase name="testDiagram[../io.typefox.yang.ide/src/test/resources/good/xt5.yang]" classname="io.typefox.yang.diagram.test.DiagramIntegrationTest" time="0.002"/>
  <testcase name="testDiagram[../io.typefox.yang.ide/src/test/resources/good/augment-super.yang]" classname="io.typefox.yang.diagram.test.DiagramIntegrationTest" time="0.008"/>
  <testcase name="testDiagram[../io.typefox.yang.ide/src/test/resources/good/amodule.yang]" classname="io.typefox.yang.diagram.test.DiagramIntegrationTest" time="0.003"/>
  <testcase name="testDiagram[../io.typefox.yang.ide/src/test/resources/good/ietf-interfaces@2014-05-08.yang]" classname="io.typefox.yang.diagram.test.DiagramIntegrationTest" time="0.028"/>
  <testcase name="testDiagram[../io.typefox.yang.ide/src/test/resources/good/xt10@2009-02-01.yang]" classname="io.typefox.yang.diagram.test.DiagramIntegrationTest" time="0.013"/>
  <testcase name="testDiagram[../io.typefox.yang.ide/src/test/resources/good/foo_augment.yang]" classname="io.typefox.yang.diagram.test.DiagramIntegrationTest" time="0.009"/>
  <testcase name="testDiagram[../io.typefox.yang.ide/src/test/resources/good/foosub2.yang]" classname="io.typefox.yang.diagram.test.DiagramIntegrationTest" time="0.005"/>
  <testcase name="testDiagram[../io.typefox.yang.ide/src/test/resources/good/yt10.yang]" classname="io.typefox.yang.diagram.test.DiagramIntegrationTest" time="0.013"/>
  <testcase name="testDiagram[../io.typefox.yang.ide/src/test/resources/good/yt3a.yang]" classname="io.typefox.yang.diagram.test.DiagramIntegrationTest" time="0.009"/>
  <testcase name="testDiagram[../io.typefox.yang.ide/src/test/resources/good/qs.yang]" classname="io.typefox.yang.diagram.test.DiagramIntegrationTest" time="0.012"/>
  <testcase name="testDiagram[../io.typefox.yang.ide/src/test/resources/good/lt1.yang]" classname="io.typefox.yang.diagram.test.DiagramIntegrationTest" time="0.005"/>
  <testcase name="testDiagram[../io.typefox.yang.ide/src/test/resources/good/new.yang]" classname="io.typefox.yang.diagram.test.DiagramIntegrationTest" time="0.016"/>
  <testcase name="testDiagram[../io.typefox.yang.ide/src/test/resources/good/yangster-test.yang]" classname="io.typefox.yang.diagram.test.DiagramIntegrationTest" time="0.02"/>
  <testcase name="testDiagram[../io.typefox.yang.ide/src/test/resources/good/yang-dep.yang]" classname="io.typefox.yang.diagram.test.DiagramIntegrationTest" time="0.002"/>
  <testcase name="testDiagram[../io.typefox.yang.ide/src/test/resources/good/ieee-yt12.yang]" classname="io.typefox.yang.diagram.test.DiagramIntegrationTest" time="0.071"/>
  <testcase name="testDiagram[../io.typefox.yang.ide/src/test/resources/good/bug_114.yang]" classname="io.typefox.yang.diagram.test.DiagramIntegrationTest" time="0.003"/>
  <testcase name="testDiagram[../io.typefox.yang.ide/src/test/resources/good/xt7.yang]" classname="io.typefox.yang.diagram.test.DiagramIntegrationTest" time="0.007"/>
  <testcase name="testDiagram[../io.typefox.yang.ide/src/test/resources/good/yt8.yang]" classname="io.typefox.yang.diagram.test.DiagramIntegrationTest" time="0.002"/>
  <testcase name="testDiagram[../io.typefox.yang.ide/src/test/resources/good/foosub.yang]" classname="io.typefox.yang.diagram.test.DiagramIntegrationTest" time="0.018"/>
  <system-out><![CDATA[5133 [Test worker] INFO  x.yang.diagram.YangDiagramGenerator  - Generating diagram for input: 'ietf-ipv6-unicast-routing.yang'
5134 [Test worker] INFO  x.yang.diagram.YangDiagramGenerator  - CREATED ELEMENT FOR statement:io.typefox.yang.yang.impl.LeafImpl@12500816 (name: dest-prefix) WITH ID ietf-ipv6-unicast-routing:v6ur-node-grouping-route-content-dest-prefix
5135 [Test worker] INFO  x.yang.diagram.YangDiagramGenerator  - CREATED ELEMENT FOR statement:io.typefox.yang.yang.impl.LeafImpl@557f5a35 (name: next-hop) WITH ID ietf-ipv6-unicast-routing:v6ur-node-grouping-route-content-next-hop
5135 [Test worker] INFO  x.yang.diagram.YangDiagramGenerator  - CREATED ELEMENT FOR statement:io.typefox.yang.yang.impl.GroupingImpl@70763202 (name: route-content) WITH ID ietf-ipv6-unicast-routing:v6ur-node-grouping-route-content
5145 [Test worker] INFO  x.yang.diagram.YangDiagramGenerator  - CREATED ELEMENT FOR statement:io.typefox.yang.yang.impl.LeafImpl@521b735a (name: address) WITH ID ietf-ipv6-unicast-routing:v6ur-node-/rt:active-route/rt:input/rt:destination-address-augmentation-address
5146 [Test worker] INFO  x.yang.diagram.YangDiagramGenerator  - CREATED ELEMENT FOR statement:io.typefox.yang.yang.impl.AugmentImpl@4019c1b7 WITH ID ietf-ipv6-unicast-routing:v6ur-node-/rt:active-route/rt:input/rt:destination-address-augmentation
5146 [Test worker] INFO  x.yang.diagram.YangDiagramGenerator  - CREATED ELEMENT FOR statement:io.typefox.yang.yang.impl.UsesImpl@2ebf4cb0 WITH ID ietf-ipv6-unicast-routing:v6ur-node-/rt:active-route/rt:output/rt:route-augmentation-uses route-content-pill
5147 [Test worker] INFO  x.yang.diagram.YangDiagramGenerator  - CREATED ELEMENT FOR statement:io.typefox.yang.yang.impl.AugmentImpl@27376b9e WITH ID ietf-ipv6-unicast-routing:v6ur-node-/rt:active-route/rt:output/rt:route-augmentation
5148 [Test worker] INFO  x.yang.diagram.YangDiagramGenerator  - CREATED ELEMENT FOR statement:io.typefox.yang.yang.impl.LeafImpl@292d02b6 (name: send-advertisements) WITH ID ietf-ipv6-unicast-routing:v6ur-node-/rt:routing/rt:router/rt:interfaces/rt:interface-augmentation-container-ipv6-router-advertisements-send-advertisements
5148 [Test worker] INFO  x.yang.diagram.YangDiagramGenerator  - CREATED ELEMENT FOR statement:io.typefox.yang.yang.impl.LeafImpl@2b529fd (name: max-rtr-adv-interval) WITH ID ietf-ipv6-unicast-routing:v6ur-node-/rt:routing/rt:router/rt:interfaces/rt:interface-augmentation-container-ipv6-router-advertisements-max-rtr-adv-interval
5149 [Test worker] INFO  x.yang.diagram.YangDiagramGenerator  - CREATED ELEMENT FOR statement:io.typefox.yang.yang.impl.LeafImpl@4a4cd505 (name: min-rtr-adv-interval) WITH ID ietf-ipv6-unicast-routing:v6ur-node-/rt:routing/rt:router/rt:interfaces/rt:interface-augmentation-container-ipv6-router-advertisements-min-rtr-adv-interval
5150 [Test worker] INFO  x.yang.diagram.YangDiagramGenerator  - CREATED ELEMENT FOR statement:io.typefox.yang.yang.impl.LeafImpl@b354648 (name: managed-flag) WITH ID ietf-ipv6-unicast-routing:v6ur-node-/rt:routing/rt:router/rt:interfaces/rt:interface-augmentation-container-ipv6-router-advertisements-managed-flag
5150 [Test worker] INFO  x.yang.diagram.YangDiagramGenerator  - CREATED ELEMENT FOR statement:io.typefox.yang.yang.impl.LeafImpl@20e46c12 (name: other-config-flag) WITH ID ietf-ipv6-unicast-routing:v6ur-node-/rt:routing/rt:router/rt:interfaces/rt:interface-augmentation-container-ipv6-router-advertisements-other-config-flag
5150 [Test worker] INFO  x.yang.diagram.YangDiagramGenerator  - CREATED ELEMENT FOR statement:io.typefox.yang.yang.impl.LeafImpl@2fae2a4e (name: link-mtu) WITH ID ietf-ipv6-unicast-routing:v6ur-node-/rt:routing/rt:router/rt:interfaces/rt:interface-augmentation-container-ipv6-router-advertisements-link-mtu
5151 [Test worker] INFO  x.yang.diagram.YangDiagramGenerator  - CREATED ELEMENT FOR statement:io.typefox.yang.yang.impl.LeafImpl@3e63643 (name: reachable-time) WITH ID ietf-ipv6-unicast-routing:v6ur-node-/rt:routing/rt:router/rt:interfaces/rt:interface-augmentation-container-ipv6-router-advertisements-reachable-time
5151 [Test worker] INFO  x.yang.diagram.YangDiagramGenerator  - CREATED ELEMENT FOR statement:io.typefox.yang.yang.impl.LeafImpl@22c02771 (name: retrans-timer) WITH ID ietf-ipv6-unicast-routing:v6ur-node-/rt:routing/rt:router/rt:interfaces/rt:interface-augmentation-container-ipv6-router-advertisements-retrans-timer
5151 [Test worker] INFO  x.yang.diagram.YangDiagramGenerator  - CREATED ELEMENT FOR statement:io.typefox.yang.yang.impl.LeafImpl@21c74bc7 (name: cur-hop-limit) WITH ID ietf-ipv6-unicast-routing:v6ur-node-/rt:routing/rt:router/rt:interfaces/rt:interface-augmentation-container-ipv6-router-advertisements-cur-hop-limit
5153 [Test worker] INFO  x.yang.diagram.YangDiagramGenerator  - CREATED ELEMENT FOR statement:io.typefox.yang.yang.impl.LeafImpl@7f65e9eb (name: default-lifetime) WITH ID ietf-ipv6-unicast-routing:v6ur-node-/rt:routing/rt:router/rt:interfaces/rt:interface-augmentation-container-ipv6-router-advertisements-default-lifetime
5154 [Test worker] INFO  x.yang.diagram.YangDiagramGenerator  - CREATED ELEMENT FOR statement:io.typefox.yang.yang.impl.LeafImpl@4d839c6a (name: prefix-spec) WITH ID ietf-ipv6-unicast-routing:v6ur-node-/rt:routing/rt:router/rt:interfaces/rt:interface-augmentation-container-ipv6-router-advertisements-container-prefix-list-list-prefix-prefix-spec
5156 [Test worker] INFO  x.yang.diagram.YangDiagramGenerator  - CREATED ELEMENT FOR statement:io.typefox.yang.yang.impl.LeafImpl@2523a39a (name: no-advertise) WITH ID ietf-ipv6-unicast-routing:v6ur-node-/rt:routing/rt:router/rt:interfaces/rt:interface-augmentation-container-ipv6-router-advertisements-container-prefix-list-list-prefix-control-adv-prefixes-choice-no-advertise-case-no-advertise-case-no-advertise
5158 [Test worker] INFO  x.yang.diagram.YangDiagramGenerator  - CREATED ELEMENT FOR statement:io.typefox.yang.yang.impl.LeafImpl@74920b98 (name: valid-lifetime) WITH ID ietf-ipv6-unicast-routing:v6ur-node-/rt:routing/rt:router/rt:interfaces/rt:interface-augmentation-container-ipv6-router-advertisements-container-prefix-list-list-prefix-control-adv-prefixes-choice-advertise-case-valid-lifetime
5158 [Test worker] INFO  x.yang.diagram.YangDiagramGenerator  - CREATED ELEMENT FOR statement:io.typefox.yang.yang.impl.LeafImpl@4471b7ff (name: on-link-flag) WITH ID ietf-ipv6-unicast-routing:v6ur-node-/rt:routing/rt:router/rt:interfaces/rt:interface-augmentation-container-ipv6-router-advertisements-container-prefix-list-list-prefix-control-adv-prefixes-choice-advertise-case-on-link-flag
5159 [Test worker] INFO  x.yang.diagram.YangDiagramGenerator  - CREATED ELEMENT FOR statement:io.typefox.yang.yang.impl.LeafImpl@78273b74 (name: preferred-lifetime) WITH ID ietf-ipv6-unicast-routing:v6ur-node-/rt:routing/rt:router/rt:interfaces/rt:interface-augmentation-container-ipv6-router-advertisements-container-prefix-list-list-prefix-control-adv-prefixes-choice-advertise-case-preferred-lifetime
5159 [Test worker] INFO  x.yang.diagram.YangDiagramGenerator  - CREATED ELEMENT FOR statement:io.typefox.yang.yang.impl.LeafImpl@40206899 (name: autonomous-flag) WITH ID ietf-ipv6-unicast-routing:v6ur-node-/rt:routing/rt:router/rt:interfaces/rt:interface-augmentation-container-ipv6-router-advertisements-container-prefix-list-list-prefix-control-adv-prefixes-choice-advertise-case-autonomous-flag
5160 [Test worker] INFO  x.yang.diagram.YangDiagramGenerator  - CREATED ELEMENT FOR statement:io.typefox.yang.yang.impl.ChoiceImpl@6d8de0ef (name: control-adv-prefixes) WITH ID ietf-ipv6-unicast-routing:v6ur-node-/rt:routing/rt:router/rt:interfaces/rt:interface-augmentation-container-ipv6-router-advertisements-container-prefix-list-list-prefix-control-adv-prefixes-choice
5162 [Test worker] INFO  x.yang.diagram.YangDiagramGenerator  - CREATED ELEMENT FOR statement:io.typefox.yang.yang.impl.ListImpl@2cb08ab1 (name: prefix) WITH ID ietf-ipv6-unicast-routing:v6ur-node-/rt:routing/rt:router/rt:interfaces/rt:interface-augmentation-container-ipv6-router-advertisements-container-prefix-list-list-prefix
5164 [Test worker] INFO  x.yang.diagram.YangDiagramGenerator  - CREATED ELEMENT FOR statement:io.typefox.yang.yang.impl.ContainerImpl@6f175b1e (name: prefix-list) WITH ID ietf-ipv6-unicast-routing:v6ur-node-/rt:routing/rt:router/rt:interfaces/rt:interface-augmentation-container-ipv6-router-advertisements-container-prefix-list
5170 [Test worker] INFO  x.yang.diagram.YangDiagramGenerator  - CREATED ELEMENT FOR statement:io.typefox.yang.yang.impl.ContainerImpl@18c47737 (name: ipv6-router-advertisements) WITH ID ietf-ipv6-unicast-routing:v6ur-node-/rt:routing/rt:router/rt:interfaces/rt:interface-augmentation-container-ipv6-router-advertisements
5173 [Test worker] INFO  x.yang.diagram.YangDiagramGenerator  - CREATED ELEMENT FOR statement:io.typefox.yang.yang.impl.AugmentImpl@1a4c7658 WITH ID ietf-ipv6-unicast-routing:v6ur-node-/rt:routing/rt:router/rt:interfaces/rt:interface-augmentation
5185 [Test worker] INFO  x.yang.diagram.YangDiagramGenerator  - CREATED ELEMENT FOR statement:io.typefox.yang.yang.impl.LeafImpl@328182a2 (name: id) WITH ID ietf-ipv6-unicast-routing:v6ur-node-/rt:routing/rt:router/rt:routing-protocols/rt:routing-protocol/rt:static-routes-augmentation-container-ipv6-list-route-id
5186 [Test worker] INFO  x.yang.diagram.YangDiagramGenerator  - CREATED ELEMENT FOR statement:io.typefox.yang.yang.impl.LeafImpl@679bf047 (name: description) WITH ID ietf-ipv6-unicast-routing:v6ur-node-/rt:routing/rt:router/rt:routing-protocols/rt:routing-protocol/rt:static-routes-augmentation-container-ipv6-list-route-description
5186 [Test worker] INFO  x.yang.diagram.YangDiagramGenerator  - CREATED ELEMENT FOR statement:io.typefox.yang.yang.impl.UsesImpl@5c5d4e4c WITH ID ietf-ipv6-unicast-routing:v6ur-node-/rt:routing/rt:router/rt:routing-protocols/rt:routing-protocol/rt:static-routes-augmentation-container-ipv6-list-route-uses route-content-pill
5188 [Test worker] INFO  x.yang.diagram.YangDiagramGenerator  - CREATED ELEMENT FOR statement:io.typefox.yang.yang.impl.UsesImpl@1b701fb2 WITH ID ietf-ipv6-unicast-routing:v6ur-node-/rt:routing/rt:router/rt:routing-protocols/rt:routing-protocol/rt:static-routes-augmentation-container-ipv6-list-route-uses route-content-pill
5189 [Test worker] INFO  x.yang.diagram.YangDiagramGenerator  - ietf-ipv6-unicast-routing:v6ur-node-/rt:routing/rt:router/rt:routing-protocols/rt:routing-protocol/rt:static-routes-augmentation-container-ipv6-list-route-uses route-content-pill ALREADY EXISTS!!!
5189 [Test worker] INFO  x.yang.diagram.YangDiagramGenerator  - CREATED ELEMENT FOR statement:io.typefox.yang.yang.impl.ListImpl@23d1dd53 (name: route) WITH ID ietf-ipv6-unicast-routing:v6ur-node-/rt:routing/rt:router/rt:routing-protocols/rt:routing-protocol/rt:static-routes-augmentation-container-ipv6-list-route
5194 [Test worker] INFO  x.yang.diagram.YangDiagramGenerator  - CREATED ELEMENT FOR statement:io.typefox.yang.yang.impl.ContainerImpl@15c8d84b (name: ipv6) WITH ID ietf-ipv6-unicast-routing:v6ur-node-/rt:routing/rt:router/rt:routing-protocols/rt:routing-protocol/rt:static-routes-augmentation-container-ipv6
5194 [Test worker] INFO  x.yang.diagram.YangDiagramGenerator  - CREATED ELEMENT FOR statement:io.typefox.yang.yang.impl.AugmentImpl@608e3c8e WITH ID ietf-ipv6-unicast-routing:v6ur-node-/rt:routing/rt:router/rt:routing-protocols/rt:routing-protocol/rt:static-routes-augmentation
5195 [Test worker] INFO  x.yang.diagram.YangDiagramGenerator  - CREATED ELEMENT FOR statement:io.typefox.yang.yang.impl.UsesImpl@7b1822a2 WITH ID ietf-ipv6-unicast-routing:v6ur-node-/rt:routing/rt:router/rt:routing-tables/rt:routing-table/rt:routes/rt:route-augmentation-uses route-content-pill
5195 [Test worker] INFO  x.yang.diagram.YangDiagramGenerator  - CREATED ELEMENT FOR statement:io.typefox.yang.yang.impl.AugmentImpl@568e43d7 WITH ID ietf-ipv6-unicast-routing:v6ur-node-/rt:routing/rt:router/rt:routing-tables/rt:routing-table/rt:routes/rt:route-augmentation
5195 [Test worker] INFO  x.yang.diagram.YangDiagramGenerator  - CREATED ELEMENT FOR statement:io.typefox.yang.yang.impl.ModuleImpl@5d7c3cd (name: ietf-ipv6-unicast-routing) WITH ID ietf-ipv6-unicast-routing:v6ur
5241 [Test worker] INFO  x.yang.diagram.YangDiagramGenerator  - Generating diagram for input: 'ietf-netconf.yang'
5242 [Test worker] INFO  x.yang.diagram.YangDiagramGenerator  - CREATED ELEMENT FOR statement:io.typefox.yang.yang.impl.TypedefImpl@2cb1c053 (name: session-id-type) WITH ID ietf-netconf:nc-node-typedef-session-id-type
5243 [Test worker] INFO  x.yang.diagram.YangDiagramGenerator  - CREATED ELEMENT FOR statement:io.typefox.yang.yang.impl.TypedefImpl@9bdacd6 (name: session-id-or-zero-type) WITH ID ietf-netconf:nc-node-typedef-session-id-or-zero-type
5244 [Test worker] INFO  x.yang.diagram.YangDiagramGenerator  - CREATED ELEMENT FOR statement:io.typefox.yang.yang.impl.TypedefImpl@1fb9d8fc (name: error-tag-type) WITH ID ietf-netconf:nc-node-typedef-error-tag-type
5244 [Test worker] INFO  x.yang.diagram.YangDiagramGenerator  - CREATED ELEMENT FOR statement:io.typefox.yang.yang.impl.TypedefImpl@67fbd4aa (name: error-severity-type) WITH ID ietf-netconf:nc-node-typedef-error-severity-type
5244 [Test worker] INFO  x.yang.diagram.YangDiagramGenerator  - CREATED ELEMENT FOR statement:io.typefox.yang.yang.impl.TypedefImpl@45ea335e (name: edit-operation-type) WITH ID ietf-netconf:nc-node-typedef-edit-operation-type
5245 [Test worker] INFO  x.yang.diagram.YangDiagramGenerator  - CREATED ELEMENT FOR statement:io.typefox.yang.yang.impl.LeafImpl@2155ec29 (name: candidate) WITH ID ietf-netconf:nc-node-rpc get-config-pill-input-container-source-config-source-choice-candidate-case-candidate-case-candidate
5246 [Test worker] INFO  x.yang.diagram.YangDiagramGenerator  - CREATED ELEMENT FOR statement:io.typefox.yang.yang.impl.LeafImpl@707abec7 (name: running) WITH ID ietf-netconf:nc-node-rpc get-config-pill-input-container-source-config-source-choice-running-case-running-case-running
5254 [Test worker] INFO  x.yang.diagram.YangDiagramGenerator  - CREATED ELEMENT FOR statement:io.typefox.yang.yang.impl.LeafImpl@499d7ae6 (name: startup) WITH ID ietf-netconf:nc-node-rpc get-config-pill-input-container-source-config-source-choice-startup-case-startup-case-startup
5256 [Test worker] INFO  x.yang.diagram.YangDiagramGenerator  - CREATED ELEMENT FOR statement:io.typefox.yang.yang.impl.ChoiceImpl@5d79c048 (name: config-source) WITH ID ietf-netconf:nc-node-rpc get-config-pill-input-container-source-config-source-choice
5257 [Test worker] INFO  x.yang.diagram.YangDiagramGenerator  - CREATED ELEMENT FOR statement:io.typefox.yang.yang.impl.ContainerImpl@53434b6a (name: source) WITH ID ietf-netconf:nc-node-rpc get-config-pill-input-container-source
5257 [Test worker] INFO  x.yang.diagram.YangDiagramGenerator  - CREATED ELEMENT FOR statement:io.typefox.yang.yang.impl.InputImpl@76ea5b43 (name: null) WITH ID ietf-netconf:nc-node-rpc get-config-pill-input
5258 [Test worker] INFO  x.yang.diagram.YangDiagramGenerator  - CREATED ELEMENT FOR statement:io.typefox.yang.yang.impl.OutputImpl@54024532 (name: null) WITH ID ietf-netconf:nc-node-rpc get-config-pill-output
5258 [Test worker] INFO  x.yang.diagram.YangDiagramGenerator  - CREATED ELEMENT FOR statement:io.typefox.yang.yang.impl.RpcImpl@476ab47a (name: get-config) WITH ID ietf-netconf:nc-node-rpc get-config-pill
5259 [Test worker] INFO  x.yang.diagram.YangDiagramGenerator  - CREATED ELEMENT FOR statement:io.typefox.yang.yang.impl.LeafImpl@ebbbfe6 (name: default-operation) WITH ID ietf-netconf:nc-node-rpc edit-config-pill-input-default-operation
5265 [Test worker] INFO  x.yang.diagram.YangDiagramGenerator  - CREATED ELEMENT FOR statement:io.typefox.yang.yang.impl.LeafImpl@2a2fdd31 (name: test-option) WITH ID ietf-netconf:nc-node-rpc edit-config-pill-input-test-option
5267 [Test worker] INFO  x.yang.diagram.YangDiagramGenerator  - CREATED ELEMENT FOR statement:io.typefox.yang.yang.impl.LeafImpl@6c422693 (name: error-option) WITH ID ietf-netconf:nc-node-rpc edit-config-pill-input-error-option
5267 [Test worker] INFO  x.yang.diagram.YangDiagramGenerator  - CREATED ELEMENT FOR statement:io.typefox.yang.yang.impl.LeafImpl@7e998605 (name: candidate) WITH ID ietf-netconf:nc-node-rpc edit-config-pill-input-container-target-config-target-choice-candidate-case-candidate-case-candidate
5271 [Test worker] INFO  x.yang.diagram.YangDiagramGenerator  - CREATED ELEMENT FOR statement:io.typefox.yang.yang.impl.LeafImpl@2d8e42bf (name: running) WITH ID ietf-netconf:nc-node-rpc edit-config-pill-input-container-target-config-target-choice-running-case-running-case-running
5271 [Test worker] INFO  x.yang.diagram.YangDiagramGenerator  - CREATED ELEMENT FOR statement:io.typefox.yang.yang.impl.ChoiceImpl@791cd46a (name: config-target) WITH ID ietf-netconf:nc-node-rpc edit-config-pill-input-container-target-config-target-choice
5272 [Test worker] INFO  x.yang.diagram.YangDiagramGenerator  - CREATED ELEMENT FOR statement:io.typefox.yang.yang.impl.ContainerImpl@4171364 (name: target) WITH ID ietf-netconf:nc-node-rpc edit-config-pill-input-container-target
5282 [Test worker] INFO  x.yang.diagram.YangDiagramGenerator  - CREATED ELEMENT FOR statement:io.typefox.yang.yang.impl.LeafImpl@360c144d (name: url) WITH ID ietf-netconf:nc-node-rpc edit-config-pill-input-edit-content-choice-url-case-url-case-url
5282 [Test worker] INFO  x.yang.diagram.YangDiagramGenerator  - CREATED ELEMENT FOR statement:io.typefox.yang.yang.impl.ChoiceImpl@69c82389 (name: edit-content) WITH ID ietf-netconf:nc-node-rpc edit-config-pill-input-edit-content-choice
5282 [Test worker] INFO  x.yang.diagram.YangDiagramGenerator  - CREATED ELEMENT FOR statement:io.typefox.yang.yang.impl.InputImpl@76e8055e (name: null) WITH ID ietf-netconf:nc-node-rpc edit-config-pill-input
5283 [Test worker] INFO  x.yang.diagram.YangDiagramGenerator  - CREATED ELEMENT FOR statement:io.typefox.yang.yang.impl.RpcImpl@4ad8b4d4 (name: edit-config) WITH ID ietf-netconf:nc-node-rpc edit-config-pill
5283 [Test worker] INFO  x.yang.diagram.YangDiagramGenerator  - CREATED ELEMENT FOR statement:io.typefox.yang.yang.impl.LeafImpl@1ca07fbe (name: candidate) WITH ID ietf-netconf:nc-node-rpc copy-config-pill-input-container-target-config-target-choice-candidate-case-candidate-case-candidate
5284 [Test worker] INFO  x.yang.diagram.YangDiagramGenerator  - CREATED ELEMENT FOR statement:io.typefox.yang.yang.impl.LeafImpl@34dcc3c8 (name: running) WITH ID ietf-netconf:nc-node-rpc copy-config-pill-input-container-target-config-target-choice-running-case-running-case-running
5284 [Test worker] INFO  x.yang.diagram.YangDiagramGenerator  - CREATED ELEMENT FOR statement:io.typefox.yang.yang.impl.LeafImpl@228e2f8 (name: startup) WITH ID ietf-netconf:nc-node-rpc copy-config-pill-input-container-target-config-target-choice-startup-case-startup-case-startup
5287 [Test worker] INFO  x.yang.diagram.YangDiagramGenerator  - CREATED ELEMENT FOR statement:io.typefox.yang.yang.impl.LeafImpl@d59987d (name: url) WITH ID ietf-netconf:nc-node-rpc copy-config-pill-input-container-target-config-target-choice-url-case-url-case-url
5287 [Test worker] INFO  x.yang.diagram.YangDiagramGenerator  - CREATED ELEMENT FOR statement:io.typefox.yang.yang.impl.ChoiceImpl@121b5be7 (name: config-target) WITH ID ietf-netconf:nc-node-rpc copy-config-pill-input-container-target-config-target-choice
5288 [Test worker] INFO  x.yang.diagram.YangDiagramGenerator  - CREATED ELEMENT FOR statement:io.typefox.yang.yang.impl.ContainerImpl@408b08ef (name: target) WITH ID ietf-netconf:nc-node-rpc copy-config-pill-input-container-target
5288 [Test worker] INFO  x.yang.diagram.YangDiagramGenerator  - CREATED ELEMENT FOR statement:io.typefox.yang.yang.impl.LeafImpl@5710d24 (name: candidate) WITH ID ietf-netconf:nc-node-rpc copy-config-pill-input-container-source-config-source-choice-candidate-case-candidate-case-candidate
5289 [Test worker] INFO  x.yang.diagram.YangDiagramGenerator  - CREATED ELEMENT FOR statement:io.typefox.yang.yang.impl.LeafImpl@44aae787 (name: running) WITH ID ietf-netconf:nc-node-rpc copy-config-pill-input-container-source-config-source-choice-running-case-running-case-running
5289 [Test worker] INFO  x.yang.diagram.YangDiagramGenerator  - CREATED ELEMENT FOR statement:io.typefox.yang.yang.impl.LeafImpl@c264896 (name: startup) WITH ID ietf-netconf:nc-node-rpc copy-config-pill-input-container-source-config-source-choice-startup-case-startup-case-startup
5289 [Test worker] INFO  x.yang.diagram.YangDiagramGenerator  - CREATED ELEMENT FOR statement:io.typefox.yang.yang.impl.LeafImpl@1472f58d (name: url) WITH ID ietf-netconf:nc-node-rpc copy-config-pill-input-container-source-config-source-choice-url-case-url-case-url
5290 [Test worker] INFO  x.yang.diagram.YangDiagramGenerator  - CREATED ELEMENT FOR statement:io.typefox.yang.yang.impl.ChoiceImpl@19e7d20a (name: config-source) WITH ID ietf-netconf:nc-node-rpc copy-config-pill-input-container-source-config-source-choice
5291 [Test worker] INFO  x.yang.diagram.YangDiagramGenerator  - CREATED ELEMENT FOR statement:io.typefox.yang.yang.impl.ContainerImpl@a62986e (name: source) WITH ID ietf-netconf:nc-node-rpc copy-config-pill-input-container-source
5302 [Test worker] INFO  x.yang.diagram.YangDiagramGenerator  - CREATED ELEMENT FOR statement:io.typefox.yang.yang.impl.InputImpl@343e034c (name: null) WITH ID ietf-netconf:nc-node-rpc copy-config-pill-input
5302 [Test worker] INFO  x.yang.diagram.YangDiagramGenerator  - CREATED ELEMENT FOR statement:io.typefox.yang.yang.impl.RpcImpl@37e346db (name: copy-config) WITH ID ietf-netconf:nc-node-rpc copy-config-pill
5302 [Test worker] INFO  x.yang.diagram.YangDiagramGenerator  - CREATED ELEMENT FOR statement:io.typefox.yang.yang.impl.LeafImpl@10b3b5af (name: startup) WITH ID ietf-netconf:nc-node-rpc delete-config-pill-input-container-target-config-target-choice-startup-case-startup-case-startup
5303 [Test worker] INFO  x.yang.diagram.YangDiagramGenerator  - CREATED ELEMENT FOR statement:io.typefox.yang.yang.impl.LeafImpl@e0cfe3f (name: url) WITH ID ietf-netconf:nc-node-rpc delete-config-pill-input-container-target-config-target-choice-url-case-url-case-url
5303 [Test worker] INFO  x.yang.diagram.YangDiagramGenerator  - CREATED ELEMENT FOR statement:io.typefox.yang.yang.impl.ChoiceImpl@4aecb8d1 (name: config-target) WITH ID ietf-netconf:nc-node-rpc delete-config-pill-input-container-target-config-target-choice
5303 [Test worker] INFO  x.yang.diagram.YangDiagramGenerator  - CREATED ELEMENT FOR statement:io.typefox.yang.yang.impl.ContainerImpl@6714eac9 (name: target) WITH ID ietf-netconf:nc-node-rpc delete-config-pill-input-container-target
5303 [Test worker] INFO  x.yang.diagram.YangDiagramGenerator  - CREATED ELEMENT FOR statement:io.typefox.yang.yang.impl.InputImpl@6a872549 (name: null) WITH ID ietf-netconf:nc-node-rpc delete-config-pill-input
5304 [Test worker] INFO  x.yang.diagram.YangDiagramGenerator  - CREATED ELEMENT FOR statement:io.typefox.yang.yang.impl.RpcImpl@313d320 (name: delete-config) WITH ID ietf-netconf:nc-node-rpc delete-config-pill
5305 [Test worker] INFO  x.yang.diagram.YangDiagramGenerator  - CREATED ELEMENT FOR statement:io.typefox.yang.yang.impl.LeafImpl@2c96c9a3 (name: candidate) WITH ID ietf-netconf:nc-node-rpc lock-pill-input-container-target-config-target-choice-candidate-case-candidate-case-candidate
5306 [Test worker] INFO  x.yang.diagram.YangDiagramGenerator  - CREATED ELEMENT FOR statement:io.typefox.yang.yang.impl.LeafImpl@6c943c5a (name: running) WITH ID ietf-netconf:nc-node-rpc lock-pill-input-container-target-config-target-choice-running-case-running-case-running
5306 [Test worker] INFO  x.yang.diagram.YangDiagramGenerator  - CREATED ELEMENT FOR statement:io.typefox.yang.yang.impl.LeafImpl@3f6ae1ec (name: startup) WITH ID ietf-netconf:nc-node-rpc lock-pill-input-container-target-config-target-choice-startup-case-startup-case-startup
5307 [Test worker] INFO  x.yang.diagram.YangDiagramGenerator  - CREATED ELEMENT FOR statement:io.typefox.yang.yang.impl.ChoiceImpl@227daff2 (name: config-target) WITH ID ietf-netconf:nc-node-rpc lock-pill-input-container-target-config-target-choice
5307 [Test worker] INFO  x.yang.diagram.YangDiagramGenerator  - CREATED ELEMENT FOR statement:io.typefox.yang.yang.impl.ContainerImpl@38bca1cf (name: target) WITH ID ietf-netconf:nc-node-rpc lock-pill-input-container-target
5308 [Test worker] INFO  x.yang.diagram.YangDiagramGenerator  - CREATED ELEMENT FOR statement:io.typefox.yang.yang.impl.InputImpl@75873c6e (name: null) WITH ID ietf-netconf:nc-node-rpc lock-pill-input
5308 [Test worker] INFO  x.yang.diagram.YangDiagramGenerator  - CREATED ELEMENT FOR statement:io.typefox.yang.yang.impl.RpcImpl@1d0ad6b3 (name: lock) WITH ID ietf-netconf:nc-node-rpc lock-pill
5311 [Test worker] INFO  x.yang.diagram.YangDiagramGenerator  - CREATED ELEMENT FOR statement:io.typefox.yang.yang.impl.LeafImpl@52c7f8df (name: candidate) WITH ID ietf-netconf:nc-node-rpc unlock-pill-input-container-target-config-target-choice-candidate-case-candidate-case-candidate
5318 [Test worker] INFO  x.yang.diagram.YangDiagramGenerator  - CREATED ELEMENT FOR statement:io.typefox.yang.yang.impl.LeafImpl@fa89991 (name: running) WITH ID ietf-netconf:nc-node-rpc unlock-pill-input-container-target-config-target-choice-running-case-running-case-running
5319 [Test worker] INFO  x.yang.diagram.YangDiagramGenerator  - CREATED ELEMENT FOR statement:io.typefox.yang.yang.impl.LeafImpl@4380a046 (name: startup) WITH ID ietf-netconf:nc-node-rpc unlock-pill-input-container-target-config-target-choice-startup-case-startup-case-startup
5320 [Test worker] INFO  x.yang.diagram.YangDiagramGenerator  - CREATED ELEMENT FOR statement:io.typefox.yang.yang.impl.ChoiceImpl@8f449cb (name: config-target) WITH ID ietf-netconf:nc-node-rpc unlock-pill-input-container-target-config-target-choice
5320 [Test worker] INFO  x.yang.diagram.YangDiagramGenerator  - CREATED ELEMENT FOR statement:io.typefox.yang.yang.impl.ContainerImpl@6598490a (name: target) WITH ID ietf-netconf:nc-node-rpc unlock-pill-input-container-target
5321 [Test worker] INFO  x.yang.diagram.YangDiagramGenerator  - CREATED ELEMENT FOR statement:io.typefox.yang.yang.impl.InputImpl@2e373039 (name: null) WITH ID ietf-netconf:nc-node-rpc unlock-pill-input
5322 [Test worker] INFO  x.yang.diagram.YangDiagramGenerator  - CREATED ELEMENT FOR statement:io.typefox.yang.yang.impl.RpcImpl@68733729 (name: unlock) WITH ID ietf-netconf:nc-node-rpc unlock-pill
5323 [Test worker] INFO  x.yang.diagram.YangDiagramGenerator  - CREATED ELEMENT FOR statement:io.typefox.yang.yang.impl.InputImpl@426391fd (name: null) WITH ID ietf-netconf:nc-node-rpc get-pill-input
5324 [Test worker] INFO  x.yang.diagram.YangDiagramGenerator  - CREATED ELEMENT FOR statement:io.typefox.yang.yang.impl.OutputImpl@651440a2 (name: null) WITH ID ietf-netconf:nc-node-rpc get-pill-output
5324 [Test worker] INFO  x.yang.diagram.YangDiagramGenerator  - CREATED ELEMENT FOR statement:io.typefox.yang.yang.impl.RpcImpl@72b502c1 (name: get) WITH ID ietf-netconf:nc-node-rpc get-pill
5332 [Test worker] INFO  x.yang.diagram.YangDiagramGenerator  - CREATED ELEMENT FOR statement:io.typefox.yang.yang.impl.RpcImpl@38eb9c1 (name: close-session) WITH ID ietf-netconf:nc-node-rpc close-session-pill
5333 [Test worker] INFO  x.yang.diagram.YangDiagramGenerator  - CREATED ELEMENT FOR statement:io.typefox.yang.yang.impl.LeafImpl@5dbc3c34 (name: session-id) WITH ID ietf-netconf:nc-node-rpc kill-session-pill-input-session-id
5334 [Test worker] INFO  x.yang.diagram.YangDiagramGenerator  - CREATED ELEMENT FOR statement:io.typefox.yang.yang.impl.InputImpl@1a6a7671 (name: null) WITH ID ietf-netconf:nc-node-rpc kill-session-pill-input
5335 [Test worker] INFO  x.yang.diagram.YangDiagramGenerator  - CREATED ELEMENT FOR statement:io.typefox.yang.yang.impl.RpcImpl@4013ccf7 (name: kill-session) WITH ID ietf-netconf:nc-node-rpc kill-session-pill
5335 [Test worker] INFO  x.yang.diagram.YangDiagramGenerator  - CREATED ELEMENT FOR statement:io.typefox.yang.yang.impl.LeafImpl@36a53585 (name: confirmed) WITH ID ietf-netconf:nc-node-rpc commit-pill-input-confirmed
5336 [Test worker] INFO  x.yang.diagram.YangDiagramGenerator  - CREATED ELEMENT FOR statement:io.typefox.yang.yang.impl.LeafImpl@a44e2f9 (name: confirm-timeout) WITH ID ietf-netconf:nc-node-rpc commit-pill-input-confirm-timeout
5336 [Test worker] INFO  x.yang.diagram.YangDiagramGenerator  - CREATED ELEMENT FOR statement:io.typefox.yang.yang.impl.LeafImpl@4354c43e (name: persist) WITH ID ietf-netconf:nc-node-rpc commit-pill-input-persist
5337 [Test worker] INFO  x.yang.diagram.YangDiagramGenerator  - CREATED ELEMENT FOR statement:io.typefox.yang.yang.impl.LeafImpl@1dfedcd7 (name: persist-id) WITH ID ietf-netconf:nc-node-rpc commit-pill-input-persist-id
5337 [Test worker] INFO  x.yang.diagram.YangDiagramGenerator  - CREATED ELEMENT FOR statement:io.typefox.yang.yang.impl.InputImpl@268cbf0 (name: null) WITH ID ietf-netconf:nc-node-rpc commit-pill-input
5338 [Test worker] INFO  x.yang.diagram.YangDiagramGenerator  - CREATED ELEMENT FOR statement:io.typefox.yang.yang.impl.RpcImpl@2f16a26e (name: commit) WITH ID ietf-netconf:nc-node-rpc commit-pill
5338 [Test worker] INFO  x.yang.diagram.YangDiagramGenerator  - CREATED ELEMENT FOR statement:io.typefox.yang.yang.impl.RpcImpl@4a06f686 (name: discard-changes) WITH ID ietf-netconf:nc-node-rpc discard-changes-pill
5339 [Test worker] INFO  x.yang.diagram.YangDiagramGenerator  - CREATED ELEMENT FOR statement:io.typefox.yang.yang.impl.LeafImpl@21f59375 (name: persist-id) WITH ID ietf-netconf:nc-node-rpc cancel-commit-pill-input-persist-id
5340 [Test worker] INFO  x.yang.diagram.YangDiagramGenerator  - CREATED ELEMENT FOR statement:io.typefox.yang.yang.impl.InputImpl@6506ebf0 (name: null) WITH ID ietf-netconf:nc-node-rpc cancel-commit-pill-input
5341 [Test worker] INFO  x.yang.diagram.YangDiagramGenerator  - CREATED ELEMENT FOR statement:io.typefox.yang.yang.impl.RpcImpl@7f1920ec (name: cancel-commit) WITH ID ietf-netconf:nc-node-rpc cancel-commit-pill
5341 [Test worker] INFO  x.yang.diagram.YangDiagramGenerator  - CREATED ELEMENT FOR statement:io.typefox.yang.yang.impl.LeafImpl@2564b4f (name: candidate) WITH ID ietf-netconf:nc-node-rpc validate-pill-input-container-source-config-source-choice-candidate-case-candidate-case-candidate
5342 [Test worker] INFO  x.yang.diagram.YangDiagramGenerator  - CREATED ELEMENT FOR statement:io.typefox.yang.yang.impl.LeafImpl@fb51e4b (name: running) WITH ID ietf-netconf:nc-node-rpc validate-pill-input-container-source-config-source-choice-running-case-running-case-running
5343 [Test worker] INFO  x.yang.diagram.YangDiagramGenerator  - CREATED ELEMENT FOR statement:io.typefox.yang.yang.impl.LeafImpl@5d3e3d26 (name: startup) WITH ID ietf-netconf:nc-node-rpc validate-pill-input-container-source-config-source-choice-startup-case-startup-case-startup
5343 [Test worker] INFO  x.yang.diagram.YangDiagramGenerator  - CREATED ELEMENT FOR statement:io.typefox.yang.yang.impl.LeafImpl@6b16682d (name: url) WITH ID ietf-netconf:nc-node-rpc validate-pill-input-container-source-config-source-choice-url-case-url-case-url
5344 [Test worker] INFO  x.yang.diagram.YangDiagramGenerator  - CREATED ELEMENT FOR statement:io.typefox.yang.yang.impl.ChoiceImpl@5baa5a33 (name: config-source) WITH ID ietf-netconf:nc-node-rpc validate-pill-input-container-source-config-source-choice
5344 [Test worker] INFO  x.yang.diagram.YangDiagramGenerator  - CREATED ELEMENT FOR statement:io.typefox.yang.yang.impl.ContainerImpl@7cca404b (name: source) WITH ID ietf-netconf:nc-node-rpc validate-pill-input-container-source
5345 [Test worker] INFO  x.yang.diagram.YangDiagramGenerator  - CREATED ELEMENT FOR statement:io.typefox.yang.yang.impl.InputImpl@50b185f9 (name: null) WITH ID ietf-netconf:nc-node-rpc validate-pill-input
5345 [Test worker] INFO  x.yang.diagram.YangDiagramGenerator  - CREATED ELEMENT FOR statement:io.typefox.yang.yang.impl.RpcImpl@83ed8c2 (name: validate) WITH ID ietf-netconf:nc-node-rpc validate-pill
5345 [Test worker] INFO  x.yang.diagram.YangDiagramGenerator  - CREATED ELEMENT FOR statement:io.typefox.yang.yang.impl.ModuleImpl@1cc7034 (name: ietf-netconf) WITH ID ietf-netconf:nc
5460 [Test worker] INFO  x.yang.diagram.YangDiagramGenerator  - Generating diagram for input: 'HOST-RESOURCES-MIB.yang'
5461 [Test worker] INFO  x.yang.diagram.YangDiagramGenerator  - CREATED ELEMENT FOR statement:io.typefox.yang.yang.impl.TypedefImpl@71f93c4f (name: KBytes) WITH ID HOST-RESOURCES-MIB:host-resources-node-typedef-KBytes
5468 [Test worker] INFO  x.yang.diagram.YangDiagramGenerator  - CREATED ELEMENT FOR statement:io.typefox.yang.yang.impl.TypedefImpl@524ea639 (name: ProductID) WITH ID HOST-RESOURCES-MIB:host-resources-node-typedef-ProductID
5468 [Test worker] INFO  x.yang.diagram.YangDiagramGenerator  - CREATED ELEMENT FOR statement:io.typefox.yang.yang.impl.TypedefImpl@1740bf5f (name: InternationalDisplayString) WITH ID HOST-RESOURCES-MIB:host-resources-node-typedef-InternationalDisplayString
5469 [Test worker] INFO  x.yang.diagram.YangDiagramGenerator  - CREATED ELEMENT FOR statement:io.typefox.yang.yang.impl.LeafImpl@688e8579 (name: hrSystemUptime) WITH ID HOST-RESOURCES-MIB:host-resources-node-container-hrSystem-hrSystemUptime
5470 [Test worker] INFO  x.yang.diagram.YangDiagramGenerator  - CREATED ELEMENT FOR statement:io.typefox.yang.yang.impl.LeafImpl@50add763 (name: hrSystemDate) WITH ID HOST-RESOURCES-MIB:host-resources-node-container-hrSystem-hrSystemDate
5471 [Test worker] INFO  x.yang.diagram.YangDiagramGenerator  - CREATED ELEMENT FOR statement:io.typefox.yang.yang.impl.LeafImpl@77f5cc21 (name: hrSystemInitialLoadDevice) WITH ID HOST-RESOURCES-MIB:host-resources-node-container-hrSystem-hrSystemInitialLoadDevice
5471 [Test worker] INFO  x.yang.diagram.YangDiagramGenerator  - CREATED ELEMENT FOR statement:io.typefox.yang.yang.impl.LeafImpl@65dd3fc7 (name: hrSystemInitialLoadParameters) WITH ID HOST-RESOURCES-MIB:host-resources-node-container-hrSystem-hrSystemInitialLoadParameters
5471 [Test worker] INFO  x.yang.diagram.YangDiagramGenerator  - CREATED ELEMENT FOR statement:io.typefox.yang.yang.impl.LeafImpl@7964cb48 (name: hrSystemNumUsers) WITH ID HOST-RESOURCES-MIB:host-resources-node-container-hrSystem-hrSystemNumUsers
5472 [Test worker] INFO  x.yang.diagram.YangDiagramGenerator  - CREATED ELEMENT FOR statement:io.typefox.yang.yang.impl.LeafImpl@474c0dc8 (name: hrSystemProcesses) WITH ID HOST-RESOURCES-MIB:host-resources-node-container-hrSystem-hrSystemProcesses
5472 [Test worker] INFO  x.yang.diagram.YangDiagramGenerator  - CREATED ELEMENT FOR statement:io.typefox.yang.yang.impl.LeafImpl@1e0145c4 (name: hrSystemMaxProcesses) WITH ID HOST-RESOURCES-MIB:host-resources-node-container-hrSystem-hrSystemMaxProcesses
5472 [Test worker] INFO  x.yang.diagram.YangDiagramGenerator  - CREATED ELEMENT FOR statement:io.typefox.yang.yang.impl.ContainerImpl@122e62c4 (name: hrSystem) WITH ID HOST-RESOURCES-MIB:host-resources-node-container-hrSystem
5473 [Test worker] INFO  x.yang.diagram.YangDiagramGenerator  - CREATED ELEMENT FOR statement:io.typefox.yang.yang.impl.LeafImpl@4dcfd542 (name: hrMemorySize) WITH ID HOST-RESOURCES-MIB:host-resources-node-container-hrStorage-hrMemorySize
5473 [Test worker] INFO  x.yang.diagram.YangDiagramGenerator  - CREATED ELEMENT FOR statement:io.typefox.yang.yang.impl.LeafImpl@6a4aa37e (name: hrStorageIndex) WITH ID HOST-RESOURCES-MIB:host-resources-node-container-hrStorage-list-hrStorageEntry-hrStorageIndex
5474 [Test worker] INFO  x.yang.diagram.YangDiagramGenerator  - CREATED ELEMENT FOR statement:io.typefox.yang.yang.impl.LeafImpl@7e71e496 (name: hrStorageType) WITH ID HOST-RESOURCES-MIB:host-resources-node-container-hrStorage-list-hrStorageEntry-hrStorageType
5474 [Test worker] INFO  x.yang.diagram.YangDiagramGenerator  - CREATED ELEMENT FOR statement:io.typefox.yang.yang.impl.LeafImpl@1f2891de (name: hrStorageDescr) WITH ID HOST-RESOURCES-MIB:host-resources-node-container-hrStorage-list-hrStorageEntry-hrStorageDescr
5474 [Test worker] INFO  x.yang.diagram.YangDiagramGenerator  - CREATED ELEMENT FOR statement:io.typefox.yang.yang.impl.LeafImpl@2cfe32bc (name: hrStorageAllocationUnits) WITH ID HOST-RESOURCES-MIB:host-resources-node-container-hrStorage-list-hrStorageEntry-hrStorageAllocationUnits
5481 [Test worker] INFO  x.yang.diagram.YangDiagramGenerator  - CREATED ELEMENT FOR statement:io.typefox.yang.yang.impl.LeafImpl@1390250e (name: hrStorageSize) WITH ID HOST-RESOURCES-MIB:host-resources-node-container-hrStorage-list-hrStorageEntry-hrStorageSize
5482 [Test worker] INFO  x.yang.diagram.YangDiagramGenerator  - CREATED ELEMENT FOR statement:io.typefox.yang.yang.impl.LeafImpl@623436be (name: hrStorageUsed) WITH ID HOST-RESOURCES-MIB:host-resources-node-container-hrStorage-list-hrStorageEntry-hrStorageUsed
5493 [Test worker] INFO  x.yang.diagram.YangDiagramGenerator  - CREATED ELEMENT FOR statement:io.typefox.yang.yang.impl.LeafImpl@39c9fd47 (name: hrStorageAllocationFailures) WITH ID HOST-RESOURCES-MIB:host-resources-node-container-hrStorage-list-hrStorageEntry-hrStorageAllocationFailures
5495 [Test worker] INFO  x.yang.diagram.YangDiagramGenerator  - CREATED ELEMENT FOR statement:io.typefox.yang.yang.impl.ListImpl@64ff4310 (name: hrStorageEntry) WITH ID HOST-RESOURCES-MIB:host-resources-node-container-hrStorage-list-hrStorageEntry
5496 [Test worker] INFO  x.yang.diagram.YangDiagramGenerator  - CREATED ELEMENT FOR statement:io.typefox.yang.yang.impl.ContainerImpl@7655a2d4 (name: hrStorage) WITH ID HOST-RESOURCES-MIB:host-resources-node-container-hrStorage
5497 [Test worker] INFO  x.yang.diagram.YangDiagramGenerator  - CREATED ELEMENT FOR statement:io.typefox.yang.yang.impl.LeafImpl@3517eb66 (name: hrDeviceIndex) WITH ID HOST-RESOURCES-MIB:host-resources-node-container-hrDevice-list-hrDeviceEntry-hrDeviceIndex
5497 [Test worker] INFO  x.yang.diagram.YangDiagramGenerator  - CREATED ELEMENT FOR statement:io.typefox.yang.yang.impl.LeafImpl@43421b46 (name: hrDeviceType) WITH ID HOST-RESOURCES-MIB:host-resources-node-container-hrDevice-list-hrDeviceEntry-hrDeviceType
5497 [Test worker] INFO  x.yang.diagram.YangDiagramGenerator  - CREATED ELEMENT FOR statement:io.typefox.yang.yang.impl.LeafImpl@5d3b27fd (name: hrDeviceDescr) WITH ID HOST-RESOURCES-MIB:host-resources-node-container-hrDevice-list-hrDeviceEntry-hrDeviceDescr
5498 [Test worker] INFO  x.yang.diagram.YangDiagramGenerator  - CREATED ELEMENT FOR statement:io.typefox.yang.yang.impl.LeafImpl@6a36d8c (name: hrDeviceID) WITH ID HOST-RESOURCES-MIB:host-resources-node-container-hrDevice-list-hrDeviceEntry-hrDeviceID
5498 [Test worker] INFO  x.yang.diagram.YangDiagramGenerator  - CREATED ELEMENT FOR statement:io.typefox.yang.yang.impl.LeafImpl@ce5eae5 (name: hrDeviceStatus) WITH ID HOST-RESOURCES-MIB:host-resources-node-container-hrDevice-list-hrDeviceEntry-hrDeviceStatus
5499 [Test worker] INFO  x.yang.diagram.YangDiagramGenerator  - CREATED ELEMENT FOR statement:io.typefox.yang.yang.impl.LeafImpl@5fae4814 (name: hrDeviceErrors) WITH ID HOST-RESOURCES-MIB:host-resources-node-container-hrDevice-list-hrDeviceEntry-hrDeviceErrors
5499 [Test worker] INFO  x.yang.diagram.YangDiagramGenerator  - CREATED ELEMENT FOR statement:io.typefox.yang.yang.impl.ListImpl@5b2e88d3 (name: hrDeviceEntry) WITH ID HOST-RESOURCES-MIB:host-resources-node-container-hrDevice-list-hrDeviceEntry
5500 [Test worker] INFO  x.yang.diagram.YangDiagramGenerator  - CREATED ELEMENT FOR statement:io.typefox.yang.yang.impl.LeafImpl@467c5137 (name: hrDeviceIndex) WITH ID HOST-RESOURCES-MIB:host-resources-node-container-hrDevice-list-hrProcessorEntry-hrDeviceIndex
5500 [Test worker] INFO  x.yang.diagram.YangDiagramGenerator  - CREATED ELEMENT FOR statement:io.typefox.yang.yang.impl.LeafImpl@656d29df (name: hrProcessorFrwID) WITH ID HOST-RESOURCES-MIB:host-resources-node-container-hrDevice-list-hrProcessorEntry-hrProcessorFrwID
5500 [Test worker] INFO  x.yang.diagram.YangDiagramGenerator  - CREATED ELEMENT FOR statement:io.typefox.yang.yang.impl.LeafImpl@48ae338e (name: hrProcessorLoad) WITH ID HOST-RESOURCES-MIB:host-resources-node-container-hrDevice-list-hrProcessorEntry-hrProcessorLoad
5501 [Test worker] INFO  x.yang.diagram.YangDiagramGenerator  - CREATED ELEMENT FOR statement:io.typefox.yang.yang.impl.ListImpl@67695258 (name: hrProcessorEntry) WITH ID HOST-RESOURCES-MIB:host-resources-node-container-hrDevice-list-hrProcessorEntry
5501 [Test worker] INFO  x.yang.diagram.YangDiagramGenerator  - CREATED ELEMENT FOR statement:io.typefox.yang.yang.impl.LeafImpl@4338426b (name: hrDeviceIndex) WITH ID HOST-RESOURCES-MIB:host-resources-node-container-hrDevice-list-hrNetworkEntry-hrDeviceIndex
5510 [Test worker] INFO  x.yang.diagram.YangDiagramGenerator  - CREATED ELEMENT FOR statement:io.typefox.yang.yang.impl.LeafImpl@4f97a802 (name: hrNetworkIfIndex) WITH ID HOST-RESOURCES-MIB:host-resources-node-container-hrDevice-list-hrNetworkEntry-hrNetworkIfIndex
5510 [Test worker] INFO  x.yang.diagram.YangDiagramGenerator  - CREATED ELEMENT FOR statement:io.typefox.yang.yang.impl.ListImpl@761cd03d (name: hrNetworkEntry) WITH ID HOST-RESOURCES-MIB:host-resources-node-container-hrDevice-list-hrNetworkEntry
5511 [Test worker] INFO  x.yang.diagram.YangDiagramGenerator  - CREATED ELEMENT FOR statement:io.typefox.yang.yang.impl.LeafImpl@5bcaa734 (name: hrDeviceIndex) WITH ID HOST-RESOURCES-MIB:host-resources-node-container-hrDevice-list-hrPrinterEntry-hrDeviceIndex
5511 [Test worker] INFO  x.yang.diagram.YangDiagramGenerator  - CREATED ELEMENT FOR statement:io.typefox.yang.yang.impl.LeafImpl@5ae08d3c (name: hrPrinterStatus) WITH ID HOST-RESOURCES-MIB:host-resources-node-container-hrDevice-list-hrPrinterEntry-hrPrinterStatus
5512 [Test worker] INFO  x.yang.diagram.YangDiagramGenerator  - CREATED ELEMENT FOR statement:io.typefox.yang.yang.impl.LeafImpl@28c5f9da (name: hrPrinterDetectedErrorState) WITH ID HOST-RESOURCES-MIB:host-resources-node-container-hrDevice-list-hrPrinterEntry-hrPrinterDetectedErrorState
5512 [Test worker] INFO  x.yang.diagram.YangDiagramGenerator  - CREATED ELEMENT FOR statement:io.typefox.yang.yang.impl.ListImpl@384859c7 (name: hrPrinterEntry) WITH ID HOST-RESOURCES-MIB:host-resources-node-container-hrDevice-list-hrPrinterEntry
5513 [Test worker] INFO  x.yang.diagram.YangDiagramGenerator  - CREATED ELEMENT FOR statement:io.typefox.yang.yang.impl.LeafImpl@3635aafd (name: hrDeviceIndex) WITH ID HOST-RESOURCES-MIB:host-resources-node-container-hrDevice-list-hrDiskStorageEntry-hrDeviceIndex
5513 [Test worker] INFO  x.yang.diagram.YangDiagramGenerator  - CREATED ELEMENT FOR statement:io.typefox.yang.yang.impl.LeafImpl@6862586a (name: hrDiskStorageAccess) WITH ID HOST-RESOURCES-MIB:host-resources-node-container-hrDevice-list-hrDiskStorageEntry-hrDiskStorageAccess
5514 [Test worker] INFO  x.yang.diagram.YangDiagramGenerator  - CREATED ELEMENT FOR statement:io.typefox.yang.yang.impl.LeafImpl@6f6e7795 (name: hrDiskStorageMedia) WITH ID HOST-RESOURCES-MIB:host-resources-node-container-hrDevice-list-hrDiskStorageEntry-hrDiskStorageMedia
5514 [Test worker] INFO  x.yang.diagram.YangDiagramGenerator  - CREATED ELEMENT FOR statement:io.typefox.yang.yang.impl.LeafImpl@15929dde (name: hrDiskStorageRemoveble) WITH ID HOST-RESOURCES-MIB:host-resources-node-container-hrDevice-list-hrDiskStorageEntry-hrDiskStorageRemoveble
5515 [Test worker] INFO  x.yang.diagram.YangDiagramGenerator  - CREATED ELEMENT FOR statement:io.typefox.yang.yang.impl.LeafImpl@eebbfd3 (name: hrDiskStorageCapacity) WITH ID HOST-RESOURCES-MIB:host-resources-node-container-hrDevice-list-hrDiskStorageEntry-hrDiskStorageCapacity
5515 [Test worker] INFO  x.yang.diagram.YangDiagramGenerator  - CREATED ELEMENT FOR statement:io.typefox.yang.yang.impl.ListImpl@7430176c (name: hrDiskStorageEntry) WITH ID HOST-RESOURCES-MIB:host-resources-node-container-hrDevice-list-hrDiskStorageEntry
5516 [Test worker] INFO  x.yang.diagram.YangDiagramGenerator  - CREATED ELEMENT FOR statement:io.typefox.yang.yang.impl.LeafImpl@68fe14a0 (name: hrDeviceIndex) WITH ID HOST-RESOURCES-MIB:host-resources-node-container-hrDevice-list-hrPartitionEntry-hrDeviceIndex
5516 [Test worker] INFO  x.yang.diagram.YangDiagramGenerator  - CREATED ELEMENT FOR statement:io.typefox.yang.yang.impl.LeafImpl@6903080c (name: hrPartitionIndex) WITH ID HOST-RESOURCES-MIB:host-resources-node-container-hrDevice-list-hrPartitionEntry-hrPartitionIndex
5516 [Test worker] INFO  x.yang.diagram.YangDiagramGenerator  - CREATED ELEMENT FOR statement:io.typefox.yang.yang.impl.LeafImpl@3a4527d8 (name: hrPartitionLabel) WITH ID HOST-RESOURCES-MIB:host-resources-node-container-hrDevice-list-hrPartitionEntry-hrPartitionLabel
5517 [Test worker] INFO  x.yang.diagram.YangDiagramGenerator  - CREATED ELEMENT FOR statement:io.typefox.yang.yang.impl.LeafImpl@4e3acc8b (name: hrPartitionID) WITH ID HOST-RESOURCES-MIB:host-resources-node-container-hrDevice-list-hrPartitionEntry-hrPartitionID
5518 [Test worker] INFO  x.yang.diagram.YangDiagramGenerator  - CREATED ELEMENT FOR statement:io.typefox.yang.yang.impl.LeafImpl@56f98af8 (name: hrPartitionSize) WITH ID HOST-RESOURCES-MIB:host-resources-node-container-hrDevice-list-hrPartitionEntry-hrPartitionSize
5525 [Test worker] INFO  x.yang.diagram.YangDiagramGenerator  - CREATED ELEMENT FOR statement:io.typefox.yang.yang.impl.LeafImpl@274bbb43 (name: hrPartitionFSIndex) WITH ID HOST-RESOURCES-MIB:host-resources-node-container-hrDevice-list-hrPartitionEntry-hrPartitionFSIndex
5526 [Test worker] INFO  x.yang.diagram.YangDiagramGenerator  - CREATED ELEMENT FOR statement:io.typefox.yang.yang.impl.ListImpl@34a32395 (name: hrPartitionEntry) WITH ID HOST-RESOURCES-MIB:host-resources-node-container-hrDevice-list-hrPartitionEntry
5527 [Test worker] INFO  x.yang.diagram.YangDiagramGenerator  - CREATED ELEMENT FOR statement:io.typefox.yang.yang.impl.LeafImpl@2c65ff1e (name: hrFSIndex) WITH ID HOST-RESOURCES-MIB:host-resources-node-container-hrDevice-list-hrFSEntry-hrFSIndex
5527 [Test worker] INFO  x.yang.diagram.YangDiagramGenerator  - CREATED ELEMENT FOR statement:io.typefox.yang.yang.impl.LeafImpl@36d11e20 (name: hrFSMountPoint) WITH ID HOST-RESOURCES-MIB:host-resources-node-container-hrDevice-list-hrFSEntry-hrFSMountPoint
5527 [Test worker] INFO  x.yang.diagram.YangDiagramGenerator  - CREATED ELEMENT FOR statement:io.typefox.yang.yang.impl.LeafImpl@4c3a2a1a (name: hrFSRemoteMountPoint) WITH ID HOST-RESOURCES-MIB:host-resources-node-container-hrDevice-list-hrFSEntry-hrFSRemoteMountPoint
5528 [Test worker] INFO  x.yang.diagram.YangDiagramGenerator  - CREATED ELEMENT FOR statement:io.typefox.yang.yang.impl.LeafImpl@61281783 (name: hrFSType) WITH ID HOST-RESOURCES-MIB:host-resources-node-container-hrDevice-list-hrFSEntry-hrFSType
5528 [Test worker] INFO  x.yang.diagram.YangDiagramGenerator  - CREATED ELEMENT FOR statement:io.typefox.yang.yang.impl.LeafImpl@62b699b7 (name: hrFSAccess) WITH ID HOST-RESOURCES-MIB:host-resources-node-container-hrDevice-list-hrFSEntry-hrFSAccess
5529 [Test worker] INFO  x.yang.diagram.YangDiagramGenerator  - CREATED ELEMENT FOR statement:io.typefox.yang.yang.impl.LeafImpl@5c28bbdf (name: hrFSBootable) WITH ID HOST-RESOURCES-MIB:host-resources-node-container-hrDevice-list-hrFSEntry-hrFSBootable
5529 [Test worker] INFO  x.yang.diagram.YangDiagramGenerator  - CREATED ELEMENT FOR statement:io.typefox.yang.yang.impl.LeafImpl@41df20ba (name: hrFSStorageIndex) WITH ID HOST-RESOURCES-MIB:host-resources-node-container-hrDevice-list-hrFSEntry-hrFSStorageIndex
5530 [Test worker] INFO  x.yang.diagram.YangDiagramGenerator  - CREATED ELEMENT FOR statement:io.typefox.yang.yang.impl.LeafImpl@60eaa30d (name: hrFSLastFullBackupDate) WITH ID HOST-RESOURCES-MIB:host-resources-node-container-hrDevice-list-hrFSEntry-hrFSLastFullBackupDate
5530 [Test worker] INFO  x.yang.diagram.YangDiagramGenerator  - CREATED ELEMENT FOR statement:io.typefox.yang.yang.impl.LeafImpl@36c7f586 (name: hrFSLastPartialBackupDate) WITH ID HOST-RESOURCES-MIB:host-resources-node-container-hrDevice-list-hrFSEntry-hrFSLastPartialBackupDate
5531 [Test worker] INFO  x.yang.diagram.YangDiagramGenerator  - CREATED ELEMENT FOR statement:io.typefox.yang.yang.impl.ListImpl@2f2846c2 (name: hrFSEntry) WITH ID HOST-RESOURCES-MIB:host-resources-node-container-hrDevice-list-hrFSEntry
5531 [Test worker] INFO  x.yang.diagram.YangDiagramGenerator  - CREATED ELEMENT FOR statement:io.typefox.yang.yang.impl.ContainerImpl@17ca696d (name: hrDevice) WITH ID HOST-RESOURCES-MIB:host-resources-node-container-hrDevice
5532 [Test worker] INFO  x.yang.diagram.YangDiagramGenerator  - CREATED ELEMENT FOR statement:io.typefox.yang.yang.impl.LeafImpl@220d5252 (name: hrSWOSIndex) WITH ID HOST-RESOURCES-MIB:host-resources-node-container-hrSWRun-hrSWOSIndex
5532 [Test worker] INFO  x.yang.diagram.YangDiagramGenerator  - CREATED ELEMENT FOR statement:io.typefox.yang.yang.impl.LeafImpl@2b6ff850 (name: hrSWRunIndex) WITH ID HOST-RESOURCES-MIB:host-resources-node-container-hrSWRun-list-hrSWRunEntry-hrSWRunIndex
5533 [Test worker] INFO  x.yang.diagram.YangDiagramGenerator  - CREATED ELEMENT FOR statement:io.typefox.yang.yang.impl.LeafImpl@461cb5a9 (name: hrSWRunName) WITH ID HOST-RESOURCES-MIB:host-resources-node-container-hrSWRun-list-hrSWRunEntry-hrSWRunName
5537 [Test worker] INFO  x.yang.diagram.YangDiagramGenerator  - CREATED ELEMENT FOR statement:io.typefox.yang.yang.impl.LeafImpl@2d93d06 (name: hrSWRunID) WITH ID HOST-RESOURCES-MIB:host-resources-node-container-hrSWRun-list-hrSWRunEntry-hrSWRunID
5538 [Test worker] INFO  x.yang.diagram.YangDiagramGenerator  - CREATED ELEMENT FOR statement:io.typefox.yang.yang.impl.LeafImpl@4a0e60cd (name: hrSWRunPath) WITH ID HOST-RESOURCES-MIB:host-resources-node-container-hrSWRun-list-hrSWRunEntry-hrSWRunPath
5538 [Test worker] INFO  x.yang.diagram.YangDiagramGenerator  - CREATED ELEMENT FOR statement:io.typefox.yang.yang.impl.LeafImpl@1ef7bca4 (name: hrSWRunParameters) WITH ID HOST-RESOURCES-MIB:host-resources-node-container-hrSWRun-list-hrSWRunEntry-hrSWRunParameters
5539 [Test worker] INFO  x.yang.diagram.YangDiagramGenerator  - CREATED ELEMENT FOR statement:io.typefox.yang.yang.impl.LeafImpl@3de5f32e (name: hrSWRunType) WITH ID HOST-RESOURCES-MIB:host-resources-node-container-hrSWRun-list-hrSWRunEntry-hrSWRunType
5540 [Test worker] INFO  x.yang.diagram.YangDiagramGenerator  - CREATED ELEMENT FOR statement:io.typefox.yang.yang.impl.LeafImpl@761fd899 (name: hrSWRunStatus) WITH ID HOST-RESOURCES-MIB:host-resources-node-container-hrSWRun-list-hrSWRunEntry-hrSWRunStatus
5540 [Test worker] INFO  x.yang.diagram.YangDiagramGenerator  - CREATED ELEMENT FOR statement:io.typefox.yang.yang.impl.ListImpl@4f2ed69f (name: hrSWRunEntry) WITH ID HOST-RESOURCES-MIB:host-resources-node-container-hrSWRun-list-hrSWRunEntry
5540 [Test worker] INFO  x.yang.diagram.YangDiagramGenerator  - CREATED ELEMENT FOR statement:io.typefox.yang.yang.impl.ContainerImpl@6c9f5142 (name: hrSWRun) WITH ID HOST-RESOURCES-MIB:host-resources-node-container-hrSWRun
5541 [Test worker] INFO  x.yang.diagram.YangDiagramGenerator  - CREATED ELEMENT FOR statement:io.typefox.yang.yang.impl.ContainerImpl@7e71b37c (name: hrSWRunPerf) WITH ID HOST-RESOURCES-MIB:host-resources-node-container-hrSWRunPerf
5541 [Test worker] INFO  x.yang.diagram.YangDiagramGenerator  - CREATED ELEMENT FOR statement:io.typefox.yang.yang.impl.LeafImpl@7622773b (name: hrSWInstalledLastChange) WITH ID HOST-RESOURCES-MIB:host-resources-node-container-hrSWInstalled-hrSWInstalledLastChange
5542 [Test worker] INFO  x.yang.diagram.YangDiagramGenerator  - CREATED ELEMENT FOR statement:io.typefox.yang.yang.impl.LeafImpl@4f81dd4e (name: hrSWInstalledLastUpdateTime) WITH ID HOST-RESOURCES-MIB:host-resources-node-container-hrSWInstalled-hrSWInstalledLastUpdateTime
5542 [Test worker] INFO  x.yang.diagram.YangDiagramGenerator  - CREATED ELEMENT FOR statement:io.typefox.yang.yang.impl.LeafImpl@598290bd (name: hrSWInstalledIndex) WITH ID HOST-RESOURCES-MIB:host-resources-node-container-hrSWInstalled-list-hrSWInstalledEntry-hrSWInstalledIndex
5543 [Test worker] INFO  x.yang.diagram.YangDiagramGenerator  - CREATED ELEMENT FOR statement:io.typefox.yang.yang.impl.LeafImpl@2a9b32a2 (name: hrSWInstalledName) WITH ID HOST-RESOURCES-MIB:host-resources-node-container-hrSWInstalled-list-hrSWInstalledEntry-hrSWInstalledName
5543 [Test worker] INFO  x.yang.diagram.YangDiagramGenerator  - CREATED ELEMENT FOR statement:io.typefox.yang.yang.impl.LeafImpl@4fe50365 (name: hrSWInstalledID) WITH ID HOST-RESOURCES-MIB:host-resources-node-container-hrSWInstalled-list-hrSWInstalledEntry-hrSWInstalledID
5544 [Test worker] INFO  x.yang.diagram.YangDiagramGenerator  - CREATED ELEMENT FOR statement:io.typefox.yang.yang.impl.LeafImpl@e4fdc7a (name: hrSWInstalledType) WITH ID HOST-RESOURCES-MIB:host-resources-node-container-hrSWInstalled-list-hrSWInstalledEntry-hrSWInstalledType
5545 [Test worker] INFO  x.yang.diagram.YangDiagramGenerator  - CREATED ELEMENT FOR statement:io.typefox.yang.yang.impl.LeafImpl@4385a276 (name: hrSWInstalledDate) WITH ID HOST-RESOURCES-MIB:host-resources-node-container-hrSWInstalled-list-hrSWInstalledEntry-hrSWInstalledDate
5546 [Test worker] INFO  x.yang.diagram.YangDiagramGenerator  - CREATED ELEMENT FOR statement:io.typefox.yang.yang.impl.ListImpl@30789686 (name: hrSWInstalledEntry) WITH ID HOST-RESOURCES-MIB:host-resources-node-container-hrSWInstalled-list-hrSWInstalledEntry
5546 [Test worker] INFO  x.yang.diagram.YangDiagramGenerator  - CREATED ELEMENT FOR statement:io.typefox.yang.yang.impl.ContainerImpl@576145c7 (name: hrSWInstalled) WITH ID HOST-RESOURCES-MIB:host-resources-node-container-hrSWInstalled
5547 [Test worker] INFO  x.yang.diagram.YangDiagramGenerator  - CREATED ELEMENT FOR statement:io.typefox.yang.yang.impl.LeafImpl@27bdff5d (name: hrSWRunPerfCPU) WITH ID HOST-RESOURCES-MIB:host-resources-node-/host-resources:hrSWRun/host-resources:hrSWRunEntry-augmentation-hrSWRunPerfCPU
5547 [Test worker] INFO  x.yang.diagram.YangDiagramGenerator  - CREATED ELEMENT FOR statement:io.typefox.yang.yang.impl.LeafImpl@49c56fce (name: hrSWRunPerfMem) WITH ID HOST-RESOURCES-MIB:host-resources-node-/host-resources:hrSWRun/host-resources:hrSWRunEntry-augmentation-hrSWRunPerfMem
5547 [Test worker] INFO  x.yang.diagram.YangDiagramGenerator  - CREATED ELEMENT FOR statement:io.typefox.yang.yang.impl.AugmentImpl@3dfd0cd6 WITH ID HOST-RESOURCES-MIB:host-resources-node-/host-resources:hrSWRun/host-resources:hrSWRunEntry-augmentation
5548 [Test worker] INFO  x.yang.diagram.YangDiagramGenerator  - CREATED ELEMENT FOR statement:io.typefox.yang.yang.impl.ModuleImpl@606f29d3 (name: HOST-RESOURCES-MIB) WITH ID HOST-RESOURCES-MIB:host-resources
5575 [Test worker] INFO  x.yang.diagram.YangDiagramGenerator  - Generating diagram for input: 'IANA-RTPROTO-MIB.yang'
5576 [Test worker] INFO  x.yang.diagram.YangDiagramGenerator  - CREATED ELEMENT FOR statement:io.typefox.yang.yang.impl.TypedefImpl@4d37a9fd (name: IANAipRouteProtocol) WITH ID IANA-RTPROTO-MIB:iana-rtproto-node-typedef-IANAipRouteProtocol
5576 [Test worker] INFO  x.yang.diagram.YangDiagramGenerator  - CREATED ELEMENT FOR statement:io.typefox.yang.yang.impl.TypedefImpl@36503683 (name: IANAipMRouteProtocol) WITH ID IANA-RTPROTO-MIB:iana-rtproto-node-typedef-IANAipMRouteProtocol
5577 [Test worker] INFO  x.yang.diagram.YangDiagramGenerator  - CREATED ELEMENT FOR statement:io.typefox.yang.yang.impl.ModuleImpl@534218ca (name: IANA-RTPROTO-MIB) WITH ID IANA-RTPROTO-MIB:iana-rtproto
5729 [Test worker] INFO  x.yang.diagram.YangDiagramGenerator  - Generating diagram for input: 'ietf-snmp-common.yang'
5729 [Test worker] INFO  x.yang.diagram.YangDiagramGenerator  - CREATED ELEMENT FOR statement:io.typefox.yang.yang.impl.TypedefImpl@6fe24cef (name: admin-string) WITH ID ietf-snmp-common-node-typedef-admin-string
5729 [Test worker] INFO  x.yang.diagram.YangDiagramGenerator  - CREATED ELEMENT FOR statement:io.typefox.yang.yang.impl.TypedefImpl@7c2860a6 (name: identifier) WITH ID ietf-snmp-common-node-typedef-identifier
5748 [Test worker] INFO  x.yang.diagram.YangDiagramGenerator  - CREATED ELEMENT FOR statement:io.typefox.yang.yang.impl.TypedefImpl@766fd93b (name: context-name) WITH ID ietf-snmp-common-node-typedef-context-name
5765 [Test worker] INFO  x.yang.diagram.YangDiagramGenerator  - CREATED ELEMENT FOR statement:io.typefox.yang.yang.impl.TypedefImpl@41487c32 (name: security-name) WITH ID ietf-snmp-common-node-typedef-security-name
5765 [Test worker] INFO  x.yang.diagram.YangDiagramGenerator  - CREATED ELEMENT FOR statement:io.typefox.yang.yang.impl.TypedefImpl@3cb0c5c0 (name: security-model) WITH ID ietf-snmp-common-node-typedef-security-model
5766 [Test worker] INFO  x.yang.diagram.YangDiagramGenerator  - CREATED ELEMENT FOR statement:io.typefox.yang.yang.impl.TypedefImpl@3a2bfa0 (name: security-model-or-any) WITH ID ietf-snmp-common-node-typedef-security-model-or-any
5770 [Test worker] INFO  x.yang.diagram.YangDiagramGenerator  - CREATED ELEMENT FOR statement:io.typefox.yang.yang.impl.TypedefImpl@b0c18ee (name: security-level) WITH ID ietf-snmp-common-node-typedef-security-level
5770 [Test worker] INFO  x.yang.diagram.YangDiagramGenerator  - CREATED ELEMENT FOR statement:io.typefox.yang.yang.impl.TypedefImpl@9a75c51 (name: engine-id) WITH ID ietf-snmp-common-node-typedef-engine-id
5771 [Test worker] INFO  x.yang.diagram.YangDiagramGenerator  - CREATED ELEMENT FOR statement:io.typefox.yang.yang.impl.TypedefImpl@33830660 (name: wildcard-object-identifier) WITH ID ietf-snmp-common-node-typedef-wildcard-object-identifier
5771 [Test worker] INFO  x.yang.diagram.YangDiagramGenerator  - CREATED ELEMENT FOR statement:io.typefox.yang.yang.impl.ContainerImpl@25caf00f (name: snmp) WITH ID ietf-snmp-common-node-container-snmp
5771 [Test worker] INFO  x.yang.diagram.YangDiagramGenerator  - CREATED ELEMENT FOR statement:io.typefox.yang.yang.impl.SubmoduleImpl@4e6a4730 (name: ietf-snmp-common) WITH ID ietf-snmp-common
5962 [Test worker] INFO  x.yang.diagram.YangDiagramGenerator  - Generating diagram for input: 'EtherLike-MIB.yang'
5962 [Test worker] INFO  x.yang.diagram.YangDiagramGenerator  - CREATED ELEMENT FOR statement:io.typefox.yang.yang.impl.LeafImpl@34c0af9 (name: dot3StatsIndex) WITH ID EtherLike-MIB:etherlike-mib-node-container-dot3-list-dot3StatsEntry-dot3StatsIndex
5962 [Test worker] INFO  x.yang.diagram.YangDiagramGenerator  - CREATED ELEMENT FOR statement:io.typefox.yang.yang.impl.LeafImpl@2c91db5d (name: dot3StatsAlignmentErrors) WITH ID EtherLike-MIB:etherlike-mib-node-container-dot3-list-dot3StatsEntry-dot3StatsAlignmentErrors
5962 [Test worker] INFO  x.yang.diagram.YangDiagramGenerator  - CREATED ELEMENT FOR statement:io.typefox.yang.yang.impl.LeafImpl@16eecff7 (name: dot3StatsFCSErrors) WITH ID EtherLike-MIB:etherlike-mib-node-container-dot3-list-dot3StatsEntry-dot3StatsFCSErrors
5963 [Test worker] INFO  x.yang.diagram.YangDiagramGenerator  - CREATED ELEMENT FOR statement:io.typefox.yang.yang.impl.LeafImpl@4e68f02e (name: dot3StatsSingleCollisionFrames) WITH ID EtherLike-MIB:etherlike-mib-node-container-dot3-list-dot3StatsEntry-dot3StatsSingleCollisionFrames
5963 [Test worker] INFO  x.yang.diagram.YangDiagramGenerator  - CREATED ELEMENT FOR statement:io.typefox.yang.yang.impl.LeafImpl@2d1030d8 (name: dot3StatsMultipleCollisionFrames) WITH ID EtherLike-MIB:etherlike-mib-node-container-dot3-list-dot3StatsEntry-dot3StatsMultipleCollisionFrames
5963 [Test worker] INFO  x.yang.diagram.YangDiagramGenerator  - CREATED ELEMENT FOR statement:io.typefox.yang.yang.impl.LeafImpl@ff95d14 (name: dot3StatsSQETestErrors) WITH ID EtherLike-MIB:etherlike-mib-node-container-dot3-list-dot3StatsEntry-dot3StatsSQETestErrors
5963 [Test worker] INFO  x.yang.diagram.YangDiagramGenerator  - CREATED ELEMENT FOR statement:io.typefox.yang.yang.impl.LeafImpl@6f08ba6b (name: dot3StatsDeferredTransmissions) WITH ID EtherLike-MIB:etherlike-mib-node-container-dot3-list-dot3StatsEntry-dot3StatsDeferredTransmissions
5963 [Test worker] INFO  x.yang.diagram.YangDiagramGenerator  - CREATED ELEMENT FOR statement:io.typefox.yang.yang.impl.LeafImpl@6668de24 (name: dot3StatsLateCollisions) WITH ID EtherLike-MIB:etherlike-mib-node-container-dot3-list-dot3StatsEntry-dot3StatsLateCollisions
5963 [Test worker] INFO  x.yang.diagram.YangDiagramGenerator  - CREATED ELEMENT FOR statement:io.typefox.yang.yang.impl.LeafImpl@4ad2a4c1 (name: dot3StatsExcessiveCollisions) WITH ID EtherLike-MIB:etherlike-mib-node-container-dot3-list-dot3StatsEntry-dot3StatsExcessiveCollisions
5963 [Test worker] INFO  x.yang.diagram.YangDiagramGenerator  - CREATED ELEMENT FOR statement:io.typefox.yang.yang.impl.LeafImpl@f065172 (name: dot3StatsInternalMacTransmitErrors) WITH ID EtherLike-MIB:etherlike-mib-node-container-dot3-list-dot3StatsEntry-dot3StatsInternalMacTransmitErrors
5963 [Test worker] INFO  x.yang.diagram.YangDiagramGenerator  - CREATED ELEMENT FOR statement:io.typefox.yang.yang.impl.LeafImpl@25f7691b (name: dot3StatsCarrierSenseErrors) WITH ID EtherLike-MIB:etherlike-mib-node-container-dot3-list-dot3StatsEntry-dot3StatsCarrierSenseErrors
5963 [Test worker] INFO  x.yang.diagram.YangDiagramGenerator  - CREATED ELEMENT FOR statement:io.typefox.yang.yang.impl.LeafImpl@5ce0a7f (name: dot3StatsFrameTooLongs) WITH ID EtherLike-MIB:etherlike-mib-node-container-dot3-list-dot3StatsEntry-dot3StatsFrameTooLongs
5964 [Test worker] INFO  x.yang.diagram.YangDiagramGenerator  - CREATED ELEMENT FOR statement:io.typefox.yang.yang.impl.LeafImpl@5a6542ab (name: dot3StatsInternalMacReceiveErrors) WITH ID EtherLike-MIB:etherlike-mib-node-container-dot3-list-dot3StatsEntry-dot3StatsInternalMacReceiveErrors
5964 [Test worker] INFO  x.yang.diagram.YangDiagramGenerator  - CREATED ELEMENT FOR statement:io.typefox.yang.yang.impl.LeafImpl@67d51554 (name: dot3StatsEtherChipSet) WITH ID EtherLike-MIB:etherlike-mib-node-container-dot3-list-dot3StatsEntry-dot3StatsEtherChipSet
5964 [Test worker] INFO  x.yang.diagram.YangDiagramGenerator  - CREATED ELEMENT FOR statement:io.typefox.yang.yang.impl.LeafImpl@79f40704 (name: dot3StatsSymbolErrors) WITH ID EtherLike-MIB:etherlike-mib-node-container-dot3-list-dot3StatsEntry-dot3StatsSymbolErrors
5964 [Test worker] INFO  x.yang.diagram.YangDiagramGenerator  - CREATED ELEMENT FOR statement:io.typefox.yang.yang.impl.LeafImpl@c9c67b7 (name: dot3StatsDuplexStatus) WITH ID EtherLike-MIB:etherlike-mib-node-container-dot3-list-dot3StatsEntry-dot3StatsDuplexStatus
5964 [Test worker] INFO  x.yang.diagram.YangDiagramGenerator  - CREATED ELEMENT FOR statement:io.typefox.yang.yang.impl.LeafImpl@7c1c1c95 (name: dot3StatsRateControlAbility) WITH ID EtherLike-MIB:etherlike-mib-node-container-dot3-list-dot3StatsEntry-dot3StatsRateControlAbility
5964 [Test worker] INFO  x.yang.diagram.YangDiagramGenerator  - CREATED ELEMENT FOR statement:io.typefox.yang.yang.impl.LeafImpl@332cd9f7 (name: dot3StatsRateControlStatus) WITH ID EtherLike-MIB:etherlike-mib-node-container-dot3-list-dot3StatsEntry-dot3StatsRateControlStatus
5964 [Test worker] INFO  x.yang.diagram.YangDiagramGenerator  - CREATED ELEMENT FOR statement:io.typefox.yang.yang.impl.ListImpl@6a3934b1 (name: dot3StatsEntry) WITH ID EtherLike-MIB:etherlike-mib-node-container-dot3-list-dot3StatsEntry
5965 [Test worker] INFO  x.yang.diagram.YangDiagramGenerator  - CREATED ELEMENT FOR statement:io.typefox.yang.yang.impl.LeafImpl@5f7579e (name: ifIndex) WITH ID EtherLike-MIB:etherlike-mib-node-container-dot3-list-dot3CollEntry-ifIndex
5965 [Test worker] INFO  x.yang.diagram.YangDiagramGenerator  - CREATED ELEMENT FOR statement:io.typefox.yang.yang.impl.LeafImpl@19930b01 (name: dot3CollCount) WITH ID EtherLike-MIB:etherlike-mib-node-container-dot3-list-dot3CollEntry-dot3CollCount
5965 [Test worker] INFO  x.yang.diagram.YangDiagramGenerator  - CREATED ELEMENT FOR statement:io.typefox.yang.yang.impl.LeafImpl@4c258aa5 (name: dot3CollFrequencies) WITH ID EtherLike-MIB:etherlike-mib-node-container-dot3-list-dot3CollEntry-dot3CollFrequencies
5965 [Test worker] INFO  x.yang.diagram.YangDiagramGenerator  - CREATED ELEMENT FOR statement:io.typefox.yang.yang.impl.ListImpl@6f9aa32c (name: dot3CollEntry) WITH ID EtherLike-MIB:etherlike-mib-node-container-dot3-list-dot3CollEntry
5965 [Test worker] INFO  x.yang.diagram.YangDiagramGenerator  - CREATED ELEMENT FOR statement:io.typefox.yang.yang.impl.LeafImpl@50ee42e6 (name: dot3StatsIndex) WITH ID EtherLike-MIB:etherlike-mib-node-container-dot3-list-dot3ControlEntry-dot3StatsIndex
6005 [Test worker] INFO  x.yang.diagram.YangDiagramGenerator  - CREATED ELEMENT FOR statement:io.typefox.yang.yang.impl.LeafImpl@51a480f9 (name: dot3ControlFunctionsSupported) WITH ID EtherLike-MIB:etherlike-mib-node-container-dot3-list-dot3ControlEntry-dot3ControlFunctionsSupported
6006 [Test worker] INFO  x.yang.diagram.YangDiagramGenerator  - CREATED ELEMENT FOR statement:io.typefox.yang.yang.impl.LeafImpl@31b448ca (name: dot3ControlInUnknownOpcodes) WITH ID EtherLike-MIB:etherlike-mib-node-container-dot3-list-dot3ControlEntry-dot3ControlInUnknownOpcodes
6006 [Test worker] INFO  x.yang.diagram.YangDiagramGenerator  - CREATED ELEMENT FOR statement:io.typefox.yang.yang.impl.LeafImpl@b8d1e13 (name: dot3HCControlInUnknownOpcodes) WITH ID EtherLike-MIB:etherlike-mib-node-container-dot3-list-dot3ControlEntry-dot3HCControlInUnknownOpcodes
6006 [Test worker] INFO  x.yang.diagram.YangDiagramGenerator  - CREATED ELEMENT FOR statement:io.typefox.yang.yang.impl.ListImpl@295694f6 (name: dot3ControlEntry) WITH ID EtherLike-MIB:etherlike-mib-node-container-dot3-list-dot3ControlEntry
6006 [Test worker] INFO  x.yang.diagram.YangDiagramGenerator  - CREATED ELEMENT FOR statement:io.typefox.yang.yang.impl.LeafImpl@5c007a6d (name: dot3StatsIndex) WITH ID EtherLike-MIB:etherlike-mib-node-container-dot3-list-dot3PauseEntry-dot3StatsIndex
6006 [Test worker] INFO  x.yang.diagram.YangDiagramGenerator  - CREATED ELEMENT FOR statement:io.typefox.yang.yang.impl.LeafImpl@4fe18b3f (name: dot3PauseAdminMode) WITH ID EtherLike-MIB:etherlike-mib-node-container-dot3-list-dot3PauseEntry-dot3PauseAdminMode
6006 [Test worker] INFO  x.yang.diagram.YangDiagramGenerator  - CREATED ELEMENT FOR statement:io.typefox.yang.yang.impl.LeafImpl@2cff6956 (name: dot3PauseOperMode) WITH ID EtherLike-MIB:etherlike-mib-node-container-dot3-list-dot3PauseEntry-dot3PauseOperMode
6006 [Test worker] INFO  x.yang.diagram.YangDiagramGenerator  - CREATED ELEMENT FOR statement:io.typefox.yang.yang.impl.LeafImpl@3193a91b (name: dot3InPauseFrames) WITH ID EtherLike-MIB:etherlike-mib-node-container-dot3-list-dot3PauseEntry-dot3InPauseFrames
6006 [Test worker] INFO  x.yang.diagram.YangDiagramGenerator  - CREATED ELEMENT FOR statement:io.typefox.yang.yang.impl.LeafImpl@6e9f6e56 (name: dot3OutPauseFrames) WITH ID EtherLike-MIB:etherlike-mib-node-container-dot3-list-dot3PauseEntry-dot3OutPauseFrames
6007 [Test worker] INFO  x.yang.diagram.YangDiagramGenerator  - CREATED ELEMENT FOR statement:io.typefox.yang.yang.impl.LeafImpl@2de4b8c9 (name: dot3HCInPauseFrames) WITH ID EtherLike-MIB:etherlike-mib-node-container-dot3-list-dot3PauseEntry-dot3HCInPauseFrames
6007 [Test worker] INFO  x.yang.diagram.YangDiagramGenerator  - CREATED ELEMENT FOR statement:io.typefox.yang.yang.impl.LeafImpl@7a06d1fa (name: dot3HCOutPauseFrames) WITH ID EtherLike-MIB:etherlike-mib-node-container-dot3-list-dot3PauseEntry-dot3HCOutPauseFrames
6007 [Test worker] INFO  x.yang.diagram.YangDiagramGenerator  - CREATED ELEMENT FOR statement:io.typefox.yang.yang.impl.ListImpl@567174d0 (name: dot3PauseEntry) WITH ID EtherLike-MIB:etherlike-mib-node-container-dot3-list-dot3PauseEntry
6007 [Test worker] INFO  x.yang.diagram.YangDiagramGenerator  - CREATED ELEMENT FOR statement:io.typefox.yang.yang.impl.LeafImpl@43895d96 (name: dot3StatsIndex) WITH ID EtherLike-MIB:etherlike-mib-node-container-dot3-list-dot3HCStatsEntry-dot3StatsIndex
6007 [Test worker] INFO  x.yang.diagram.YangDiagramGenerator  - CREATED ELEMENT FOR statement:io.typefox.yang.yang.impl.LeafImpl@4ba397de (name: dot3HCStatsAlignmentErrors) WITH ID EtherLike-MIB:etherlike-mib-node-container-dot3-list-dot3HCStatsEntry-dot3HCStatsAlignmentErrors
6007 [Test worker] INFO  x.yang.diagram.YangDiagramGenerator  - CREATED ELEMENT FOR statement:io.typefox.yang.yang.impl.LeafImpl@7660651 (name: dot3HCStatsFCSErrors) WITH ID EtherLike-MIB:etherlike-mib-node-container-dot3-list-dot3HCStatsEntry-dot3HCStatsFCSErrors
6007 [Test worker] INFO  x.yang.diagram.YangDiagramGenerator  - CREATED ELEMENT FOR statement:io.typefox.yang.yang.impl.LeafImpl@5aec3599 (name: dot3HCStatsInternalMacTransmitErrors) WITH ID EtherLike-MIB:etherlike-mib-node-container-dot3-list-dot3HCStatsEntry-dot3HCStatsInternalMacTransmitErrors
6007 [Test worker] INFO  x.yang.diagram.YangDiagramGenerator  - CREATED ELEMENT FOR statement:io.typefox.yang.yang.impl.LeafImpl@5300a6bf (name: dot3HCStatsFrameTooLongs) WITH ID EtherLike-MIB:etherlike-mib-node-container-dot3-list-dot3HCStatsEntry-dot3HCStatsFrameTooLongs
6008 [Test worker] INFO  x.yang.diagram.YangDiagramGenerator  - CREATED ELEMENT FOR statement:io.typefox.yang.yang.impl.LeafImpl@4cad666 (name: dot3HCStatsInternalMacReceiveErrors) WITH ID EtherLike-MIB:etherlike-mib-node-container-dot3-list-dot3HCStatsEntry-dot3HCStatsInternalMacReceiveErrors
6008 [Test worker] INFO  x.yang.diagram.YangDiagramGenerator  - CREATED ELEMENT FOR statement:io.typefox.yang.yang.impl.LeafImpl@33291c20 (name: dot3HCStatsSymbolErrors) WITH ID EtherLike-MIB:etherlike-mib-node-container-dot3-list-dot3HCStatsEntry-dot3HCStatsSymbolErrors
6041 [Test worker] INFO  x.yang.diagram.YangDiagramGenerator  - CREATED ELEMENT FOR statement:io.typefox.yang.yang.impl.ListImpl@8d2a721 (name: dot3HCStatsEntry) WITH ID EtherLike-MIB:etherlike-mib-node-container-dot3-list-dot3HCStatsEntry
6042 [Test worker] INFO  x.yang.diagram.YangDiagramGenerator  - CREATED ELEMENT FOR statement:io.typefox.yang.yang.impl.ContainerImpl@5eb1ddda (name: dot3) WITH ID EtherLike-MIB:etherlike-mib-node-container-dot3
6042 [Test worker] INFO  x.yang.diagram.YangDiagramGenerator  - CREATED ELEMENT FOR statement:io.typefox.yang.yang.impl.ModuleImpl@c1a598c (name: EtherLike-MIB) WITH ID EtherLike-MIB:etherlike-mib
6154 [Test worker] INFO  x.yang.diagram.YangDiagramGenerator  - Generating diagram for input: 'ietf-snmp-usm.yang'
6155 [Test worker] INFO  x.yang.diagram.YangDiagramGenerator  - CREATED ELEMENT FOR statement:io.typefox.yang.yang.impl.LeafImpl@6318d9c0 (name: key) WITH ID ietf-snmp-usm-node-grouping-key-key
6155 [Test worker] INFO  x.yang.diagram.YangDiagramGenerator  - CREATED ELEMENT FOR statement:io.typefox.yang.yang.impl.GroupingImpl@12f1933f (name: key) WITH ID ietf-snmp-usm-node-grouping-key
6155 [Test worker] INFO  x.yang.diagram.YangDiagramGenerator  - CREATED ELEMENT FOR statement:io.typefox.yang.yang.impl.LeafImpl@37ac8a8f (name: name) WITH ID ietf-snmp-usm-node-grouping-user-list-list-user-name
6155 [Test worker] INFO  x.yang.diagram.YangDiagramGenerator  - CREATED ELEMENT FOR statement:io.typefox.yang.yang.impl.UsesImpl@4e082ff6 WITH ID ietf-snmp-usm-node-grouping-user-list-list-user-container-auth-protocol-choice-md5-case-md5-case-container-md5-uses key-pill
6155 [Test worker] INFO  x.yang.diagram.YangDiagramGenerator  - CREATED ELEMENT FOR statement:io.typefox.yang.yang.impl.ContainerImpl@6b7b292e (name: md5) WITH ID ietf-snmp-usm-node-grouping-user-list-list-user-container-auth-protocol-choice-md5-case-md5-case-container-md5
6155 [Test worker] INFO  x.yang.diagram.YangDiagramGenerator  - CREATED ELEMENT FOR statement:io.typefox.yang.yang.impl.UsesImpl@750d3715 WITH ID ietf-snmp-usm-node-grouping-user-list-list-user-container-auth-protocol-choice-sha-case-sha-case-container-sha-uses key-pill
6156 [Test worker] INFO  x.yang.diagram.YangDiagramGenerator  - CREATED ELEMENT FOR statement:io.typefox.yang.yang.impl.ContainerImpl@26a623c9 (name: sha) WITH ID ietf-snmp-usm-node-grouping-user-list-list-user-container-auth-protocol-choice-sha-case-sha-case-container-sha
6156 [Test worker] INFO  x.yang.diagram.YangDiagramGenerator  - CREATED ELEMENT FOR statement:io.typefox.yang.yang.impl.ChoiceImpl@29dedf74 (name: protocol) WITH ID ietf-snmp-usm-node-grouping-user-list-list-user-container-auth-protocol-choice
6156 [Test worker] INFO  x.yang.diagram.YangDiagramGenerator  - CREATED ELEMENT FOR statement:io.typefox.yang.yang.impl.ContainerImpl@1bdea138 (name: auth) WITH ID ietf-snmp-usm-node-grouping-user-list-list-user-container-auth
6156 [Test worker] INFO  x.yang.diagram.YangDiagramGenerator  - CREATED ELEMENT FOR statement:io.typefox.yang.yang.impl.UsesImpl@7f798c9 WITH ID ietf-snmp-usm-node-grouping-user-list-list-user-container-priv-protocol-choice-des-case-des-case-container-des-uses key-pill
6156 [Test worker] INFO  x.yang.diagram.YangDiagramGenerator  - CREATED ELEMENT FOR statement:io.typefox.yang.yang.impl.ContainerImpl@10d84b95 (name: des) WITH ID ietf-snmp-usm-node-grouping-user-list-list-user-container-priv-protocol-choice-des-case-des-case-container-des
6156 [Test worker] INFO  x.yang.diagram.YangDiagramGenerator  - CREATED ELEMENT FOR statement:io.typefox.yang.yang.impl.UsesImpl@4fa20385 WITH ID ietf-snmp-usm-node-grouping-user-list-list-user-container-priv-protocol-choice-aes-case-aes-case-container-aes-uses key-pill
6156 [Test worker] INFO  x.yang.diagram.YangDiagramGenerator  - CREATED ELEMENT FOR statement:io.typefox.yang.yang.impl.ContainerImpl@211bac28 (name: aes) WITH ID ietf-snmp-usm-node-grouping-user-list-list-user-container-priv-protocol-choice-aes-case-aes-case-container-aes
6156 [Test worker] INFO  x.yang.diagram.YangDiagramGenerator  - CREATED ELEMENT FOR statement:io.typefox.yang.yang.impl.ChoiceImpl@1a915912 (name: protocol) WITH ID ietf-snmp-usm-node-grouping-user-list-list-user-container-priv-protocol-choice
6156 [Test worker] INFO  x.yang.diagram.YangDiagramGenerator  - CREATED ELEMENT FOR statement:io.typefox.yang.yang.impl.ContainerImpl@48473d36 (name: priv) WITH ID ietf-snmp-usm-node-grouping-user-list-list-user-container-priv
6156 [Test worker] INFO  x.yang.diagram.YangDiagramGenerator  - CREATED ELEMENT FOR statement:io.typefox.yang.yang.impl.ListImpl@1726a190 (name: user) WITH ID ietf-snmp-usm-node-grouping-user-list-list-user
6156 [Test worker] INFO  x.yang.diagram.YangDiagramGenerator  - CREATED ELEMENT FOR statement:io.typefox.yang.yang.impl.GroupingImpl@6b2025b0 (name: user-list) WITH ID ietf-snmp-usm-node-grouping-user-list
6157 [Test worker] INFO  x.yang.diagram.YangDiagramGenerator  - CREATED ELEMENT FOR statement:io.typefox.yang.yang.impl.UsesImpl@7be9a80f WITH ID ietf-snmp-usm-node-/snmp:snmp-augmentation-container-usm-container-local-uses user-list-pill
6157 [Test worker] INFO  x.yang.diagram.YangDiagramGenerator  - CREATED ELEMENT FOR statement:io.typefox.yang.yang.impl.ContainerImpl@a3684c9 (name: local) WITH ID ietf-snmp-usm-node-/snmp:snmp-augmentation-container-usm-container-local
6157 [Test worker] INFO  x.yang.diagram.YangDiagramGenerator  - CREATED ELEMENT FOR statement:io.typefox.yang.yang.impl.LeafImpl@28be8e3e (name: engine-id) WITH ID ietf-snmp-usm-node-/snmp:snmp-augmentation-container-usm-list-remote-engine-id
6157 [Test worker] INFO  x.yang.diagram.YangDiagramGenerator  - CREATED ELEMENT FOR statement:io.typefox.yang.yang.impl.UsesImpl@4259333c WITH ID ietf-snmp-usm-node-/snmp:snmp-augmentation-container-usm-list-remote-uses user-list-pill
6157 [Test worker] INFO  x.yang.diagram.YangDiagramGenerator  - CREATED ELEMENT FOR statement:io.typefox.yang.yang.impl.ListImpl@74c642a8 (name: remote) WITH ID ietf-snmp-usm-node-/snmp:snmp-augmentation-container-usm-list-remote
6157 [Test worker] INFO  x.yang.diagram.YangDiagramGenerator  - CREATED ELEMENT FOR statement:io.typefox.yang.yang.impl.ContainerImpl@4a689035 (name: usm) WITH ID ietf-snmp-usm-node-/snmp:snmp-augmentation-container-usm
6158 [Test worker] INFO  x.yang.diagram.YangDiagramGenerator  - CREATED ELEMENT FOR statement:io.typefox.yang.yang.impl.AugmentImpl@16fb3838 WITH ID ietf-snmp-usm-node-/snmp:snmp-augmentation
6158 [Test worker] INFO  x.yang.diagram.YangDiagramGenerator  - CREATED ELEMENT FOR statement:io.typefox.yang.yang.impl.LeafImpl@1db03908 (name: user-name) WITH ID ietf-snmp-usm-node-grouping-usm-target-params-container-usm-user-name
6158 [Test worker] INFO  x.yang.diagram.YangDiagramGenerator  - CREATED ELEMENT FOR statement:io.typefox.yang.yang.impl.LeafImpl@5b25eb14 (name: security-level) WITH ID ietf-snmp-usm-node-grouping-usm-target-params-container-usm-security-level
6158 [Test worker] INFO  x.yang.diagram.YangDiagramGenerator  - CREATED ELEMENT FOR statement:io.typefox.yang.yang.impl.ContainerImpl@5542317d (name: usm) WITH ID ietf-snmp-usm-node-grouping-usm-target-params-container-usm
6158 [Test worker] INFO  x.yang.diagram.YangDiagramGenerator  - CREATED ELEMENT FOR statement:io.typefox.yang.yang.impl.GroupingImpl@1a37e915 (name: usm-target-params) WITH ID ietf-snmp-usm-node-grouping-usm-target-params
6158 [Test worker] INFO  x.yang.diagram.YangDiagramGenerator  - CREATED ELEMENT FOR statement:io.typefox.yang.yang.impl.UsesImpl@6d3fb22 WITH ID ietf-snmp-usm-node-/snmp:snmp/snmp:target/snmp:params-augmentation-usm-case-uses usm-target-params-pill
6159 [Test worker] INFO  x.yang.diagram.YangDiagramGenerator  - CREATED ELEMENT FOR statement:io.typefox.yang.yang.impl.CaseImpl@36d7d358 (name: usm) WITH ID ietf-snmp-usm-node-/snmp:snmp/snmp:target/snmp:params-augmentation-usm-case
6159 [Test worker] INFO  x.yang.diagram.YangDiagramGenerator  - CREATED ELEMENT FOR statement:io.typefox.yang.yang.impl.AugmentImpl@138dfbd6 WITH ID ietf-snmp-usm-node-/snmp:snmp/snmp:target/snmp:params-augmentation
6159 [Test worker] INFO  x.yang.diagram.YangDiagramGenerator  - CREATED ELEMENT FOR statement:io.typefox.yang.yang.impl.UsesImpl@a1e086e WITH ID ietf-snmp-usm-node-/snmp:snmp/snmp:proxy/snmp:params-in/snmp:params-augmentation-usm-case-uses usm-target-params-pill
6159 [Test worker] INFO  x.yang.diagram.YangDiagramGenerator  - CREATED ELEMENT FOR statement:io.typefox.yang.yang.impl.CaseImpl@2e0d4b7f (name: usm) WITH ID ietf-snmp-usm-node-/snmp:snmp/snmp:proxy/snmp:params-in/snmp:params-augmentation-usm-case
6159 [Test worker] INFO  x.yang.diagram.YangDiagramGenerator  - CREATED ELEMENT FOR statement:io.typefox.yang.yang.impl.AugmentImpl@264800f5 WITH ID ietf-snmp-usm-node-/snmp:snmp/snmp:proxy/snmp:params-in/snmp:params-augmentation
6160 [Test worker] INFO  x.yang.diagram.YangDiagramGenerator  - CREATED ELEMENT FOR statement:io.typefox.yang.yang.impl.LeafImpl@5ae70ca1 (name: engine-id) WITH ID ietf-snmp-usm-node-/snmp:snmp/snmp:target-augmentation-engine-id
6160 [Test worker] INFO  x.yang.diagram.YangDiagramGenerator  - CREATED ELEMENT FOR statement:io.typefox.yang.yang.impl.AugmentImpl@204022eb WITH ID ietf-snmp-usm-node-/snmp:snmp/snmp:target-augmentation
6160 [Test worker] INFO  x.yang.diagram.YangDiagramGenerator  - CREATED ELEMENT FOR statement:io.typefox.yang.yang.impl.SubmoduleImpl@64d2d32f (name: ietf-snmp-usm) WITH ID ietf-snmp-usm
6350 [Test worker] INFO  x.yang.diagram.YangDiagramGenerator  - Generating diagram for input: 'INTEGRATED-SERVICES-MIB.yang'
6351 [Test worker] INFO  x.yang.diagram.YangDiagramGenerator  - CREATED ELEMENT FOR statement:io.typefox.yang.yang.impl.TypedefImpl@f9e15e2 (name: SessionNumber) WITH ID INTEGRATED-SERVICES-MIB:integrated-services-node-typedef-SessionNumber
6351 [Test worker] INFO  x.yang.diagram.YangDiagramGenerator  - CREATED ELEMENT FOR statement:io.typefox.yang.yang.impl.TypedefImpl@4b8aabd5 (name: Protocol) WITH ID INTEGRATED-SERVICES-MIB:integrated-services-node-typedef-Protocol
6351 [Test worker] INFO  x.yang.diagram.YangDiagramGenerator  - CREATED ELEMENT FOR statement:io.typefox.yang.yang.impl.TypedefImpl@73f2d4d5 (name: SessionType) WITH ID INTEGRATED-SERVICES-MIB:integrated-services-node-typedef-SessionType
6351 [Test worker] INFO  x.yang.diagram.YangDiagramGenerator  - CREATED ELEMENT FOR statement:io.typefox.yang.yang.impl.TypedefImpl@267fdfcb (name: Port) WITH ID INTEGRATED-SERVICES-MIB:integrated-services-node-typedef-Port
6351 [Test worker] INFO  x.yang.diagram.YangDiagramGenerator  - CREATED ELEMENT FOR statement:io.typefox.yang.yang.impl.TypedefImpl@59b1efe3 (name: MessageSize) WITH ID INTEGRATED-SERVICES-MIB:integrated-services-node-typedef-MessageSize
6351 [Test worker] INFO  x.yang.diagram.YangDiagramGenerator  - CREATED ELEMENT FOR statement:io.typefox.yang.yang.impl.TypedefImpl@47fb2303 (name: BitRate) WITH ID INTEGRATED-SERVICES-MIB:integrated-services-node-typedef-BitRate
6351 [Test worker] INFO  x.yang.diagram.YangDiagramGenerator  - CREATED ELEMENT FOR statement:io.typefox.yang.yang.impl.TypedefImpl@224a0355 (name: BurstSize) WITH ID INTEGRATED-SERVICES-MIB:integrated-services-node-typedef-BurstSize
6351 [Test worker] INFO  x.yang.diagram.YangDiagramGenerator  - CREATED ELEMENT FOR statement:io.typefox.yang.yang.impl.TypedefImpl@7a131150 (name: QosService) WITH ID INTEGRATED-SERVICES-MIB:integrated-services-node-typedef-QosService
6352 [Test worker] INFO  x.yang.diagram.YangDiagramGenerator  - CREATED ELEMENT FOR statement:io.typefox.yang.yang.impl.LeafImpl@2c8b2706 (name: ifIndex) WITH ID INTEGRATED-SERVICES-MIB:integrated-services-node-container-intSrvObjects-list-intSrvIfAttribEntry-ifIndex
6352 [Test worker] INFO  x.yang.diagram.YangDiagramGenerator  - CREATED ELEMENT FOR statement:io.typefox.yang.yang.impl.LeafImpl@32f6faaf (name: intSrvIfAttribAllocatedBits) WITH ID INTEGRATED-SERVICES-MIB:integrated-services-node-container-intSrvObjects-list-intSrvIfAttribEntry-intSrvIfAttribAllocatedBits
6352 [Test worker] INFO  x.yang.diagram.YangDiagramGenerator  - CREATED ELEMENT FOR statement:io.typefox.yang.yang.impl.LeafImpl@4054170f (name: intSrvIfAttribMaxAllocatedBits) WITH ID INTEGRATED-SERVICES-MIB:integrated-services-node-container-intSrvObjects-list-intSrvIfAttribEntry-intSrvIfAttribMaxAllocatedBits
6352 [Test worker] INFO  x.yang.diagram.YangDiagramGenerator  - CREATED ELEMENT FOR statement:io.typefox.yang.yang.impl.LeafImpl@222f17c4 (name: intSrvIfAttribAllocatedBuffer) WITH ID INTEGRATED-SERVICES-MIB:integrated-services-node-container-intSrvObjects-list-intSrvIfAttribEntry-intSrvIfAttribAllocatedBuffer
6352 [Test worker] INFO  x.yang.diagram.YangDiagramGenerator  - CREATED ELEMENT FOR statement:io.typefox.yang.yang.impl.LeafImpl@57e9a790 (name: intSrvIfAttribFlows) WITH ID INTEGRATED-SERVICES-MIB:integrated-services-node-container-intSrvObjects-list-intSrvIfAttribEntry-intSrvIfAttribFlows
6352 [Test worker] INFO  x.yang.diagram.YangDiagramGenerator  - CREATED ELEMENT FOR statement:io.typefox.yang.yang.impl.LeafImpl@52cf1c40 (name: intSrvIfAttribPropagationDelay) WITH ID INTEGRATED-SERVICES-MIB:integrated-services-node-container-intSrvObjects-list-intSrvIfAttribEntry-intSrvIfAttribPropagationDelay
6352 [Test worker] INFO  x.yang.diagram.YangDiagramGenerator  - CREATED ELEMENT FOR statement:io.typefox.yang.yang.impl.LeafImpl@32c38579 (name: intSrvIfAttribStatus) WITH ID INTEGRATED-SERVICES-MIB:integrated-services-node-container-intSrvObjects-list-intSrvIfAttribEntry-intSrvIfAttribStatus
6352 [Test worker] INFO  x.yang.diagram.YangDiagramGenerator  - CREATED ELEMENT FOR statement:io.typefox.yang.yang.impl.ListImpl@688825d2 (name: intSrvIfAttribEntry) WITH ID INTEGRATED-SERVICES-MIB:integrated-services-node-container-intSrvObjects-list-intSrvIfAttribEntry
6352 [Test worker] INFO  x.yang.diagram.YangDiagramGenerator  - CREATED ELEMENT FOR statement:io.typefox.yang.yang.impl.LeafImpl@72c7ca74 (name: intSrvFlowNumber) WITH ID INTEGRATED-SERVICES-MIB:integrated-services-node-container-intSrvObjects-list-intSrvFlowEntry-intSrvFlowNumber
6352 [Test worker] INFO  x.yang.diagram.YangDiagramGenerator  - CREATED ELEMENT FOR statement:io.typefox.yang.yang.impl.LeafImpl@5840f570 (name: intSrvFlowType) WITH ID INTEGRATED-SERVICES-MIB:integrated-services-node-container-intSrvObjects-list-intSrvFlowEntry-intSrvFlowType
6353 [Test worker] INFO  x.yang.diagram.YangDiagramGenerator  - CREATED ELEMENT FOR statement:io.typefox.yang.yang.impl.LeafImpl@76864b4c (name: intSrvFlowOwner) WITH ID INTEGRATED-SERVICES-MIB:integrated-services-node-container-intSrvObjects-list-intSrvFlowEntry-intSrvFlowOwner
6353 [Test worker] INFO  x.yang.diagram.YangDiagramGenerator  - CREATED ELEMENT FOR statement:io.typefox.yang.yang.impl.LeafImpl@5f8946fb (name: intSrvFlowDestAddr) WITH ID INTEGRATED-SERVICES-MIB:integrated-services-node-container-intSrvObjects-list-intSrvFlowEntry-intSrvFlowDestAddr
6353 [Test worker] INFO  x.yang.diagram.YangDiagramGenerator  - CREATED ELEMENT FOR statement:io.typefox.yang.yang.impl.LeafImpl@1351b314 (name: intSrvFlowSenderAddr) WITH ID INTEGRATED-SERVICES-MIB:integrated-services-node-container-intSrvObjects-list-intSrvFlowEntry-intSrvFlowSenderAddr
6353 [Test worker] INFO  x.yang.diagram.YangDiagramGenerator  - CREATED ELEMENT FOR statement:io.typefox.yang.yang.impl.LeafImpl@4c652f7b (name: intSrvFlowDestAddrLength) WITH ID INTEGRATED-SERVICES-MIB:integrated-services-node-container-intSrvObjects-list-intSrvFlowEntry-intSrvFlowDestAddrLength
6353 [Test worker] INFO  x.yang.diagram.YangDiagramGenerator  - CREATED ELEMENT FOR statement:io.typefox.yang.yang.impl.LeafImpl@87dc190 (name: intSrvFlowSenderAddrLength) WITH ID INTEGRATED-SERVICES-MIB:integrated-services-node-container-intSrvObjects-list-intSrvFlowEntry-intSrvFlowSenderAddrLength
6353 [Test worker] INFO  x.yang.diagram.YangDiagramGenerator  - CREATED ELEMENT FOR statement:io.typefox.yang.yang.impl.LeafImpl@1dd6e0fa (name: intSrvFlowProtocol) WITH ID INTEGRATED-SERVICES-MIB:integrated-services-node-container-intSrvObjects-list-intSrvFlowEntry-intSrvFlowProtocol
6353 [Test worker] INFO  x.yang.diagram.YangDiagramGenerator  - CREATED ELEMENT FOR statement:io.typefox.yang.yang.impl.LeafImpl@3813947 (name: intSrvFlowDestPort) WITH ID INTEGRATED-SERVICES-MIB:integrated-services-node-container-intSrvObjects-list-intSrvFlowEntry-intSrvFlowDestPort
6353 [Test worker] INFO  x.yang.diagram.YangDiagramGenerator  - CREATED ELEMENT FOR statement:io.typefox.yang.yang.impl.LeafImpl@667ac0bb (name: intSrvFlowPort) WITH ID INTEGRATED-SERVICES-MIB:integrated-services-node-container-intSrvObjects-list-intSrvFlowEntry-intSrvFlowPort
6353 [Test worker] INFO  x.yang.diagram.YangDiagramGenerator  - CREATED ELEMENT FOR statement:io.typefox.yang.yang.impl.LeafImpl@edfca5 (name: intSrvFlowFlowId) WITH ID INTEGRATED-SERVICES-MIB:integrated-services-node-container-intSrvObjects-list-intSrvFlowEntry-intSrvFlowFlowId
6357 [Test worker] INFO  x.yang.diagram.YangDiagramGenerator  - CREATED ELEMENT FOR statement:io.typefox.yang.yang.impl.LeafImpl@2a960d72 (name: intSrvFlowInterface) WITH ID INTEGRATED-SERVICES-MIB:integrated-services-node-container-intSrvObjects-list-intSrvFlowEntry-intSrvFlowInterface
6358 [Test worker] INFO  x.yang.diagram.YangDiagramGenerator  - CREATED ELEMENT FOR statement:io.typefox.yang.yang.impl.LeafImpl@20574266 (name: intSrvFlowIfAddr) WITH ID INTEGRATED-SERVICES-MIB:integrated-services-node-container-intSrvObjects-list-intSrvFlowEntry-intSrvFlowIfAddr
6358 [Test worker] INFO  x.yang.diagram.YangDiagramGenerator  - CREATED ELEMENT FOR statement:io.typefox.yang.yang.impl.LeafImpl@109831cf (name: intSrvFlowRate) WITH ID INTEGRATED-SERVICES-MIB:integrated-services-node-container-intSrvObjects-list-intSrvFlowEntry-intSrvFlowRate
6358 [Test worker] INFO  x.yang.diagram.YangDiagramGenerator  - CREATED ELEMENT FOR statement:io.typefox.yang.yang.impl.LeafImpl@7f7fefad (name: intSrvFlowBurst) WITH ID INTEGRATED-SERVICES-MIB:integrated-services-node-container-intSrvObjects-list-intSrvFlowEntry-intSrvFlowBurst
6358 [Test worker] INFO  x.yang.diagram.YangDiagramGenerator  - CREATED ELEMENT FOR statement:io.typefox.yang.yang.impl.LeafImpl@651890ad (name: intSrvFlowWeight) WITH ID INTEGRATED-SERVICES-MIB:integrated-services-node-container-intSrvObjects-list-intSrvFlowEntry-intSrvFlowWeight
6358 [Test worker] INFO  x.yang.diagram.YangDiagramGenerator  - CREATED ELEMENT FOR statement:io.typefox.yang.yang.impl.LeafImpl@7f46aa1a (name: intSrvFlowQueue) WITH ID INTEGRATED-SERVICES-MIB:integrated-services-node-container-intSrvObjects-list-intSrvFlowEntry-intSrvFlowQueue
6358 [Test worker] INFO  x.yang.diagram.YangDiagramGenerator  - CREATED ELEMENT FOR statement:io.typefox.yang.yang.impl.LeafImpl@2e81fa74 (name: intSrvFlowMinTU) WITH ID INTEGRATED-SERVICES-MIB:integrated-services-node-container-intSrvObjects-list-intSrvFlowEntry-intSrvFlowMinTU
6358 [Test worker] INFO  x.yang.diagram.YangDiagramGenerator  - CREATED ELEMENT FOR statement:io.typefox.yang.yang.impl.LeafImpl@2e836a8e (name: intSrvFlowMaxTU) WITH ID INTEGRATED-SERVICES-MIB:integrated-services-node-container-intSrvObjects-list-intSrvFlowEntry-intSrvFlowMaxTU
6358 [Test worker] INFO  x.yang.diagram.YangDiagramGenerator  - CREATED ELEMENT FOR statement:io.typefox.yang.yang.impl.LeafImpl@fbf1a0b (name: intSrvFlowBestEffort) WITH ID INTEGRATED-SERVICES-MIB:integrated-services-node-container-intSrvObjects-list-intSrvFlowEntry-intSrvFlowBestEffort
6358 [Test worker] INFO  x.yang.diagram.YangDiagramGenerator  - CREATED ELEMENT FOR statement:io.typefox.yang.yang.impl.LeafImpl@45e3779c (name: intSrvFlowPoliced) WITH ID INTEGRATED-SERVICES-MIB:integrated-services-node-container-intSrvObjects-list-intSrvFlowEntry-intSrvFlowPoliced
6358 [Test worker] INFO  x.yang.diagram.YangDiagramGenerator  - CREATED ELEMENT FOR statement:io.typefox.yang.yang.impl.LeafImpl@6410770e (name: intSrvFlowDiscard) WITH ID INTEGRATED-SERVICES-MIB:integrated-services-node-container-intSrvObjects-list-intSrvFlowEntry-intSrvFlowDiscard
6358 [Test worker] INFO  x.yang.diagram.YangDiagramGenerator  - CREATED ELEMENT FOR statement:io.typefox.yang.yang.impl.LeafImpl@5172a618 (name: intSrvFlowService) WITH ID INTEGRATED-SERVICES-MIB:integrated-services-node-container-intSrvObjects-list-intSrvFlowEntry-intSrvFlowService
6359 [Test worker] INFO  x.yang.diagram.YangDiagramGenerator  - CREATED ELEMENT FOR statement:io.typefox.yang.yang.impl.LeafImpl@26ea817f (name: intSrvFlowOrder) WITH ID INTEGRATED-SERVICES-MIB:integrated-services-node-container-intSrvObjects-list-intSrvFlowEntry-intSrvFlowOrder
6359 [Test worker] INFO  x.yang.diagram.YangDiagramGenerator  - CREATED ELEMENT FOR statement:io.typefox.yang.yang.impl.LeafImpl@78eb5da9 (name: intSrvFlowStatus) WITH ID INTEGRATED-SERVICES-MIB:integrated-services-node-container-intSrvObjects-list-intSrvFlowEntry-intSrvFlowStatus
6359 [Test worker] INFO  x.yang.diagram.YangDiagramGenerator  - CREATED ELEMENT FOR statement:io.typefox.yang.yang.impl.ListImpl@1f24edbd (name: intSrvFlowEntry) WITH ID INTEGRATED-SERVICES-MIB:integrated-services-node-container-intSrvObjects-list-intSrvFlowEntry
6359 [Test worker] INFO  x.yang.diagram.YangDiagramGenerator  - CREATED ELEMENT FOR statement:io.typefox.yang.yang.impl.ContainerImpl@5ba2da27 (name: intSrvObjects) WITH ID INTEGRATED-SERVICES-MIB:integrated-services-node-container-intSrvObjects
6359 [Test worker] INFO  x.yang.diagram.YangDiagramGenerator  - CREATED ELEMENT FOR statement:io.typefox.yang.yang.impl.LeafImpl@29b14955 (name: intSrvFlowNewIndex) WITH ID INTEGRATED-SERVICES-MIB:integrated-services-node-container-intSrvGenObjects-intSrvFlowNewIndex
6359 [Test worker] INFO  x.yang.diagram.YangDiagramGenerator  - CREATED ELEMENT FOR statement:io.typefox.yang.yang.impl.ContainerImpl@b154fdf (name: intSrvGenObjects) WITH ID INTEGRATED-SERVICES-MIB:integrated-services-node-container-intSrvGenObjects
6359 [Test worker] INFO  x.yang.diagram.YangDiagramGenerator  - CREATED ELEMENT FOR statement:io.typefox.yang.yang.impl.ModuleImpl@33e40205 (name: INTEGRATED-SERVICES-MIB) WITH ID INTEGRATED-SERVICES-MIB:integrated-services
6434 [Test worker] INFO  x.yang.diagram.YangDiagramGenerator  - Generating diagram for input: 'ietf-snmp-vacm.yang'
6434 [Test worker] INFO  x.yang.diagram.YangDiagramGenerator  - CREATED ELEMENT FOR statement:io.typefox.yang.yang.impl.TypedefImpl@26c661c1 (name: view-name) WITH ID ietf-snmp-vacm-node-typedef-view-name
6434 [Test worker] INFO  x.yang.diagram.YangDiagramGenerator  - CREATED ELEMENT FOR statement:io.typefox.yang.yang.impl.TypedefImpl@144329e2 (name: group-name) WITH ID ietf-snmp-vacm-node-typedef-group-name
6435 [Test worker] INFO  x.yang.diagram.YangDiagramGenerator  - CREATED ELEMENT FOR statement:io.typefox.yang.yang.impl.LeafImpl@2ea1c06 (name: name) WITH ID ietf-snmp-vacm-node-/snmp:snmp-augmentation-container-vacm-list-group-name
6435 [Test worker] INFO  x.yang.diagram.YangDiagramGenerator  - CREATED ELEMENT FOR statement:io.typefox.yang.yang.impl.LeafImpl@5b07d1b2 (name: security-name) WITH ID ietf-snmp-vacm-node-/snmp:snmp-augmentation-container-vacm-list-group-list-member-security-name
6435 [Test worker] INFO  x.yang.diagram.YangDiagramGenerator  - CREATED ELEMENT FOR statement:io.typefox.yang.yang.impl.LeafListImpl@4e5a7b7a (name: security-model) WITH ID ietf-snmp-vacm-node-/snmp:snmp-augmentation-container-vacm-list-group-list-member-security-model
6435 [Test worker] INFO  x.yang.diagram.YangDiagramGenerator  - CREATED ELEMENT FOR statement:io.typefox.yang.yang.impl.ListImpl@43db576a (name: member) WITH ID ietf-snmp-vacm-node-/snmp:snmp-augmentation-container-vacm-list-group-list-member
6435 [Test worker] INFO  x.yang.diagram.YangDiagramGenerator  - CREATED ELEMENT FOR statement:io.typefox.yang.yang.impl.LeafImpl@1183793b (name: context) WITH ID ietf-snmp-vacm-node-/snmp:snmp-augmentation-container-vacm-list-group-list-access-context
6435 [Test worker] INFO  x.yang.diagram.YangDiagramGenerator  - CREATED ELEMENT FOR statement:io.typefox.yang.yang.impl.LeafImpl@746cb0f8 (name: context-match) WITH ID ietf-snmp-vacm-node-/snmp:snmp-augmentation-container-vacm-list-group-list-access-context-match
6435 [Test worker] INFO  x.yang.diagram.YangDiagramGenerator  - CREATED ELEMENT FOR statement:io.typefox.yang.yang.impl.LeafImpl@69f094a4 (name: security-model) WITH ID ietf-snmp-vacm-node-/snmp:snmp-augmentation-container-vacm-list-group-list-access-security-model
6435 [Test worker] INFO  x.yang.diagram.YangDiagramGenerator  - CREATED ELEMENT FOR statement:io.typefox.yang.yang.impl.LeafImpl@7009fef7 (name: security-level) WITH ID ietf-snmp-vacm-node-/snmp:snmp-augmentation-container-vacm-list-group-list-access-security-level
6435 [Test worker] INFO  x.yang.diagram.YangDiagramGenerator  - CREATED ELEMENT FOR statement:io.typefox.yang.yang.impl.LeafImpl@7a490b6c (name: read-view) WITH ID ietf-snmp-vacm-node-/snmp:snmp-augmentation-container-vacm-list-group-list-access-read-view
6436 [Test worker] INFO  x.yang.diagram.YangDiagramGenerator  - CREATED ELEMENT FOR statement:io.typefox.yang.yang.impl.LeafImpl@6bb38fad (name: write-view) WITH ID ietf-snmp-vacm-node-/snmp:snmp-augmentation-container-vacm-list-group-list-access-write-view
6436 [Test worker] INFO  x.yang.diagram.YangDiagramGenerator  - CREATED ELEMENT FOR statement:io.typefox.yang.yang.impl.LeafImpl@60b73cb (name: notify-view) WITH ID ietf-snmp-vacm-node-/snmp:snmp-augmentation-container-vacm-list-group-list-access-notify-view
6436 [Test worker] INFO  x.yang.diagram.YangDiagramGenerator  - CREATED ELEMENT FOR statement:io.typefox.yang.yang.impl.ListImpl@394acbbb (name: access) WITH ID ietf-snmp-vacm-node-/snmp:snmp-augmentation-container-vacm-list-group-list-access
6436 [Test worker] INFO  x.yang.diagram.YangDiagramGenerator  - CREATED ELEMENT FOR statement:io.typefox.yang.yang.impl.ListImpl@beaa595 (name: group) WITH ID ietf-snmp-vacm-node-/snmp:snmp-augmentation-container-vacm-list-group
6436 [Test worker] INFO  x.yang.diagram.YangDiagramGenerator  - CREATED ELEMENT FOR statement:io.typefox.yang.yang.impl.LeafImpl@7c538da2 (name: name) WITH ID ietf-snmp-vacm-node-/snmp:snmp-augmentation-container-vacm-list-view-name
6436 [Test worker] INFO  x.yang.diagram.YangDiagramGenerator  - CREATED ELEMENT FOR statement:io.typefox.yang.yang.impl.LeafListImpl@219b3cc8 (name: include) WITH ID ietf-snmp-vacm-node-/snmp:snmp-augmentation-container-vacm-list-view-include
6436 [Test worker] INFO  x.yang.diagram.YangDiagramGenerator  - CREATED ELEMENT FOR statement:io.typefox.yang.yang.impl.LeafListImpl@4e633c53 (name: exclude) WITH ID ietf-snmp-vacm-node-/snmp:snmp-augmentation-container-vacm-list-view-exclude
6436 [Test worker] INFO  x.yang.diagram.YangDiagramGenerator  - CREATED ELEMENT FOR statement:io.typefox.yang.yang.impl.ListImpl@10fbee07 (name: view) WITH ID ietf-snmp-vacm-node-/snmp:snmp-augmentation-container-vacm-list-view
6436 [Test worker] INFO  x.yang.diagram.YangDiagramGenerator  - CREATED ELEMENT FOR statement:io.typefox.yang.yang.impl.ContainerImpl@70255f27 (name: vacm) WITH ID ietf-snmp-vacm-node-/snmp:snmp-augmentation-container-vacm
6436 [Test worker] INFO  x.yang.diagram.YangDiagramGenerator  - CREATED ELEMENT FOR statement:io.typefox.yang.yang.impl.AugmentImpl@8a05097 WITH ID ietf-snmp-vacm-node-/snmp:snmp-augmentation
6436 [Test worker] INFO  x.yang.diagram.YangDiagramGenerator  - CREATED ELEMENT FOR statement:io.typefox.yang.yang.impl.SubmoduleImpl@5ff66474 (name: ietf-snmp-vacm) WITH ID ietf-snmp-vacm
6440 [Test worker] INFO  x.yang.diagram.YangDiagramGenerator  - Generating diagram for input: 'iana-afn-safi.yang'
6440 [Test worker] INFO  x.yang.diagram.YangDiagramGenerator  - CREATED ELEMENT FOR statement:io.typefox.yang.yang.impl.TypedefImpl@4ab48b1d (name: address-family) WITH ID iana-afn-safi:ianaaf-node-typedef-address-family
6440 [Test worker] INFO  x.yang.diagram.YangDiagramGenerator  - CREATED ELEMENT FOR statement:io.typefox.yang.yang.impl.TypedefImpl@401a4e34 (name: subsequent-address-family) WITH ID iana-afn-safi:ianaaf-node-typedef-subsequent-address-family
6440 [Test worker] INFO  x.yang.diagram.YangDiagramGenerator  - CREATED ELEMENT FOR statement:io.typefox.yang.yang.impl.ModuleImpl@2c234787 (name: iana-afn-safi) WITH ID iana-afn-safi:ianaaf
6460 [Test worker] INFO  x.yang.diagram.YangDiagramGenerator  - Generating diagram for input: 'DIFFSERV-CONFIG-MIB.yang'
6460 [Test worker] INFO  x.yang.diagram.YangDiagramGenerator  - CREATED ELEMENT FOR statement:io.typefox.yang.yang.impl.LeafImpl@25b2f63c (name: diffServConfigId) WITH ID DIFFSERV-CONFIG-MIB:diffserv-config-node-container-diffServConfigMIBObjects-list-diffServConfigEntry-diffServConfigId
6461 [Test worker] INFO  x.yang.diagram.YangDiagramGenerator  - CREATED ELEMENT FOR statement:io.typefox.yang.yang.impl.LeafImpl@18559d94 (name: diffServConfigDescr) WITH ID DIFFSERV-CONFIG-MIB:diffserv-config-node-container-diffServConfigMIBObjects-list-diffServConfigEntry-diffServConfigDescr
6461 [Test worker] INFO  x.yang.diagram.YangDiagramGenerator  - CREATED ELEMENT FOR statement:io.typefox.yang.yang.impl.LeafImpl@6e2ec63d (name: diffServConfigOwner) WITH ID DIFFSERV-CONFIG-MIB:diffserv-config-node-container-diffServConfigMIBObjects-list-diffServConfigEntry-diffServConfigOwner
6461 [Test worker] INFO  x.yang.diagram.YangDiagramGenerator  - CREATED ELEMENT FOR statement:io.typefox.yang.yang.impl.LeafImpl@42dcc107 (name: diffServConfigLastChange) WITH ID DIFFSERV-CONFIG-MIB:diffserv-config-node-container-diffServConfigMIBObjects-list-diffServConfigEntry-diffServConfigLastChange
6461 [Test worker] INFO  x.yang.diagram.YangDiagramGenerator  - CREATED ELEMENT FOR statement:io.typefox.yang.yang.impl.LeafImpl@70edcc76 (name: diffServConfigStart) WITH ID DIFFSERV-CONFIG-MIB:diffserv-config-node-container-diffServConfigMIBObjects-list-diffServConfigEntry-diffServConfigStart
6461 [Test worker] INFO  x.yang.diagram.YangDiagramGenerator  - CREATED ELEMENT FOR statement:io.typefox.yang.yang.impl.LeafImpl@446056c2 (name: diffServConfigStorage) WITH ID DIFFSERV-CONFIG-MIB:diffserv-config-node-container-diffServConfigMIBObjects-list-diffServConfigEntry-diffServConfigStorage
6461 [Test worker] INFO  x.yang.diagram.YangDiagramGenerator  - CREATED ELEMENT FOR statement:io.typefox.yang.yang.impl.LeafImpl@5c677f5d (name: diffServConfigStatus) WITH ID DIFFSERV-CONFIG-MIB:diffserv-config-node-container-diffServConfigMIBObjects-list-diffServConfigEntry-diffServConfigStatus
6461 [Test worker] INFO  x.yang.diagram.YangDiagramGenerator  - CREATED ELEMENT FOR statement:io.typefox.yang.yang.impl.ListImpl@7897492f (name: diffServConfigEntry) WITH ID DIFFSERV-CONFIG-MIB:diffserv-config-node-container-diffServConfigMIBObjects-list-diffServConfigEntry
6461 [Test worker] INFO  x.yang.diagram.YangDiagramGenerator  - CREATED ELEMENT FOR statement:io.typefox.yang.yang.impl.ContainerImpl@6687a437 (name: diffServConfigMIBObjects) WITH ID DIFFSERV-CONFIG-MIB:diffserv-config-node-container-diffServConfigMIBObjects
6461 [Test worker] INFO  x.yang.diagram.YangDiagramGenerator  - CREATED ELEMENT FOR statement:io.typefox.yang.yang.impl.ModuleImpl@20973863 (name: DIFFSERV-CONFIG-MIB) WITH ID DIFFSERV-CONFIG-MIB:diffserv-config
6509 [Test worker] INFO  x.yang.diagram.YangDiagramGenerator  - Generating diagram for input: 'RMON-MIB.yang'
6510 [Test worker] INFO  x.yang.diagram.YangDiagramGenerator  - CREATED ELEMENT FOR statement:io.typefox.yang.yang.impl.TypedefImpl@370a46a7 (name: OwnerString) WITH ID RMON-MIB:rmon-mib-node-typedef-OwnerString
6510 [Test worker] INFO  x.yang.diagram.YangDiagramGenerator  - CREATED ELEMENT FOR statement:io.typefox.yang.yang.impl.TypedefImpl@43137ef8 (name: EntryStatus) WITH ID RMON-MIB:rmon-mib-node-typedef-EntryStatus
6510 [Test worker] INFO  x.yang.diagram.YangDiagramGenerator  - CREATED ELEMENT FOR statement:io.typefox.yang.yang.impl.LeafImpl@4fec7269 (name: etherStatsIndex) WITH ID RMON-MIB:rmon-mib-node-container-statistics-list-etherStatsEntry-etherStatsIndex
6510 [Test worker] INFO  x.yang.diagram.YangDiagramGenerator  - CREATED ELEMENT FOR statement:io.typefox.yang.yang.impl.LeafImpl@1e35c2ef (name: etherStatsDataSource) WITH ID RMON-MIB:rmon-mib-node-container-statistics-list-etherStatsEntry-etherStatsDataSource
6510 [Test worker] INFO  x.yang.diagram.YangDiagramGenerator  - CREATED ELEMENT FOR statement:io.typefox.yang.yang.impl.LeafImpl@7bef80f0 (name: etherStatsDropEvents) WITH ID RMON-MIB:rmon-mib-node-container-statistics-list-etherStatsEntry-etherStatsDropEvents
6510 [Test worker] INFO  x.yang.diagram.YangDiagramGenerator  - CREATED ELEMENT FOR statement:io.typefox.yang.yang.impl.LeafImpl@2353c5cb (name: etherStatsOctets) WITH ID RMON-MIB:rmon-mib-node-container-statistics-list-etherStatsEntry-etherStatsOctets
6510 [Test worker] INFO  x.yang.diagram.YangDiagramGenerator  - CREATED ELEMENT FOR statement:io.typefox.yang.yang.impl.LeafImpl@f0094f2 (name: etherStatsPkts) WITH ID RMON-MIB:rmon-mib-node-container-statistics-list-etherStatsEntry-etherStatsPkts
6511 [Test worker] INFO  x.yang.diagram.YangDiagramGenerator  - CREATED ELEMENT FOR statement:io.typefox.yang.yang.impl.LeafImpl@3f921d47 (name: etherStatsBroadcastPkts) WITH ID RMON-MIB:rmon-mib-node-container-statistics-list-etherStatsEntry-etherStatsBroadcastPkts
6511 [Test worker] INFO  x.yang.diagram.YangDiagramGenerator  - CREATED ELEMENT FOR statement:io.typefox.yang.yang.impl.LeafImpl@38fdf245 (name: etherStatsMulticastPkts) WITH ID RMON-MIB:rmon-mib-node-container-statistics-list-etherStatsEntry-etherStatsMulticastPkts
6511 [Test worker] INFO  x.yang.diagram.YangDiagramGenerator  - CREATED ELEMENT FOR statement:io.typefox.yang.yang.impl.LeafImpl@5bd050c (name: etherStatsCRCAlignErrors) WITH ID RMON-MIB:rmon-mib-node-container-statistics-list-etherStatsEntry-etherStatsCRCAlignErrors
6513 [Test worker] INFO  x.yang.diagram.YangDiagramGenerator  - CREATED ELEMENT FOR statement:io.typefox.yang.yang.impl.LeafImpl@e91b64d (name: etherStatsUndersizePkts) WITH ID RMON-MIB:rmon-mib-node-container-statistics-list-etherStatsEntry-etherStatsUndersizePkts
6513 [Test worker] INFO  x.yang.diagram.YangDiagramGenerator  - CREATED ELEMENT FOR statement:io.typefox.yang.yang.impl.LeafImpl@2146eafd (name: etherStatsOversizePkts) WITH ID RMON-MIB:rmon-mib-node-container-statistics-list-etherStatsEntry-etherStatsOversizePkts
6513 [Test worker] INFO  x.yang.diagram.YangDiagramGenerator  - CREATED ELEMENT FOR statement:io.typefox.yang.yang.impl.LeafImpl@767e4b4a (name: etherStatsFragments) WITH ID RMON-MIB:rmon-mib-node-container-statistics-list-etherStatsEntry-etherStatsFragments
6513 [Test worker] INFO  x.yang.diagram.YangDiagramGenerator  - CREATED ELEMENT FOR statement:io.typefox.yang.yang.impl.LeafImpl@1b86a5ec (name: etherStatsJabbers) WITH ID RMON-MIB:rmon-mib-node-container-statistics-list-etherStatsEntry-etherStatsJabbers
6513 [Test worker] INFO  x.yang.diagram.YangDiagramGenerator  - CREATED ELEMENT FOR statement:io.typefox.yang.yang.impl.LeafImpl@18264b0f (name: etherStatsCollisions) WITH ID RMON-MIB:rmon-mib-node-container-statistics-list-etherStatsEntry-etherStatsCollisions
6513 [Test worker] INFO  x.yang.diagram.YangDiagramGenerator  - CREATED ELEMENT FOR statement:io.typefox.yang.yang.impl.LeafImpl@ea15bf4 (name: etherStatsPkts64Octets) WITH ID RMON-MIB:rmon-mib-node-container-statistics-list-etherStatsEntry-etherStatsPkts64Octets
6513 [Test worker] INFO  x.yang.diagram.YangDiagramGenerator  - CREATED ELEMENT FOR statement:io.typefox.yang.yang.impl.LeafImpl@a817571 (name: etherStatsPkts65to127Octets) WITH ID RMON-MIB:rmon-mib-node-container-statistics-list-etherStatsEntry-etherStatsPkts65to127Octets
6513 [Test worker] INFO  x.yang.diagram.YangDiagramGenerator  - CREATED ELEMENT FOR statement:io.typefox.yang.yang.impl.LeafImpl@24860808 (name: etherStatsPkts128to255Octets) WITH ID RMON-MIB:rmon-mib-node-container-statistics-list-etherStatsEntry-etherStatsPkts128to255Octets
6513 [Test worker] INFO  x.yang.diagram.YangDiagramGenerator  - CREATED ELEMENT FOR statement:io.typefox.yang.yang.impl.LeafImpl@ed241a4 (name: etherStatsPkts256to511Octets) WITH ID RMON-MIB:rmon-mib-node-container-statistics-list-etherStatsEntry-etherStatsPkts256to511Octets
6513 [Test worker] INFO  x.yang.diagram.YangDiagramGenerator  - CREATED ELEMENT FOR statement:io.typefox.yang.yang.impl.LeafImpl@a28c571 (name: etherStatsPkts512to1023Octets) WITH ID RMON-MIB:rmon-mib-node-container-statistics-list-etherStatsEntry-etherStatsPkts512to1023Octets
6513 [Test worker] INFO  x.yang.diagram.YangDiagramGenerator  - CREATED ELEMENT FOR statement:io.typefox.yang.yang.impl.LeafImpl@b8303b8 (name: etherStatsPkts1024to1518Octets) WITH ID RMON-MIB:rmon-mib-node-container-statistics-list-etherStatsEntry-etherStatsPkts1024to1518Octets
6514 [Test worker] INFO  x.yang.diagram.YangDiagramGenerator  - CREATED ELEMENT FOR statement:io.typefox.yang.yang.impl.LeafImpl@1f518c88 (name: etherStatsOwner) WITH ID RMON-MIB:rmon-mib-node-container-statistics-list-etherStatsEntry-etherStatsOwner
6514 [Test worker] INFO  x.yang.diagram.YangDiagramGenerator  - CREATED ELEMENT FOR statement:io.typefox.yang.yang.impl.LeafImpl@31231a7 (name: etherStatsStatus) WITH ID RMON-MIB:rmon-mib-node-container-statistics-list-etherStatsEntry-etherStatsStatus
6514 [Test worker] INFO  x.yang.diagram.YangDiagramGenerator  - CREATED ELEMENT FOR statement:io.typefox.yang.yang.impl.ListImpl@4fdd6ff9 (name: etherStatsEntry) WITH ID RMON-MIB:rmon-mib-node-container-statistics-list-etherStatsEntry
6514 [Test worker] INFO  x.yang.diagram.YangDiagramGenerator  - CREATED ELEMENT FOR statement:io.typefox.yang.yang.impl.ContainerImpl@5c503b79 (name: statistics) WITH ID RMON-MIB:rmon-mib-node-container-statistics
6514 [Test worker] INFO  x.yang.diagram.YangDiagramGenerator  - CREATED ELEMENT FOR statement:io.typefox.yang.yang.impl.LeafImpl@4ff6c9b7 (name: historyControlIndex) WITH ID RMON-MIB:rmon-mib-node-container-history-list-historyControlEntry-historyControlIndex
6514 [Test worker] INFO  x.yang.diagram.YangDiagramGenerator  - CREATED ELEMENT FOR statement:io.typefox.yang.yang.impl.LeafImpl@5d7b46e7 (name: historyControlDataSource) WITH ID RMON-MIB:rmon-mib-node-container-history-list-historyControlEntry-historyControlDataSource
6514 [Test worker] INFO  x.yang.diagram.YangDiagramGenerator  - CREATED ELEMENT FOR statement:io.typefox.yang.yang.impl.LeafImpl@797d5816 (name: historyControlBucketsRequested) WITH ID RMON-MIB:rmon-mib-node-container-history-list-historyControlEntry-historyControlBucketsRequested
6514 [Test worker] INFO  x.yang.diagram.YangDiagramGenerator  - CREATED ELEMENT FOR statement:io.typefox.yang.yang.impl.LeafImpl@242b2fb3 (name: historyControlBucketsGranted) WITH ID RMON-MIB:rmon-mib-node-container-history-list-historyControlEntry-historyControlBucketsGranted
6514 [Test worker] INFO  x.yang.diagram.YangDiagramGenerator  - CREATED ELEMENT FOR statement:io.typefox.yang.yang.impl.LeafImpl@5de9f1f0 (name: historyControlInterval) WITH ID RMON-MIB:rmon-mib-node-container-history-list-historyControlEntry-historyControlInterval
6514 [Test worker] INFO  x.yang.diagram.YangDiagramGenerator  - CREATED ELEMENT FOR statement:io.typefox.yang.yang.impl.LeafImpl@5aa2d8d4 (name: historyControlOwner) WITH ID RMON-MIB:rmon-mib-node-container-history-list-historyControlEntry-historyControlOwner
6514 [Test worker] INFO  x.yang.diagram.YangDiagramGenerator  - CREATED ELEMENT FOR statement:io.typefox.yang.yang.impl.LeafImpl@498c967e (name: historyControlStatus) WITH ID RMON-MIB:rmon-mib-node-container-history-list-historyControlEntry-historyControlStatus
6515 [Test worker] INFO  x.yang.diagram.YangDiagramGenerator  - CREATED ELEMENT FOR statement:io.typefox.yang.yang.impl.ListImpl@34277e4b (name: historyControlEntry) WITH ID RMON-MIB:rmon-mib-node-container-history-list-historyControlEntry
6515 [Test worker] INFO  x.yang.diagram.YangDiagramGenerator  - CREATED ELEMENT FOR statement:io.typefox.yang.yang.impl.LeafImpl@26d37f4e (name: etherHistoryIndex) WITH ID RMON-MIB:rmon-mib-node-container-history-list-etherHistoryEntry-etherHistoryIndex
6515 [Test worker] INFO  x.yang.diagram.YangDiagramGenerator  - CREATED ELEMENT FOR statement:io.typefox.yang.yang.impl.LeafImpl@6a7b6738 (name: etherHistorySampleIndex) WITH ID RMON-MIB:rmon-mib-node-container-history-list-etherHistoryEntry-etherHistorySampleIndex
6515 [Test worker] INFO  x.yang.diagram.YangDiagramGenerator  - CREATED ELEMENT FOR statement:io.typefox.yang.yang.impl.LeafImpl@4769236f (name: etherHistoryIntervalStart) WITH ID RMON-MIB:rmon-mib-node-container-history-list-etherHistoryEntry-etherHistoryIntervalStart
6515 [Test worker] INFO  x.yang.diagram.YangDiagramGenerator  - CREATED ELEMENT FOR statement:io.typefox.yang.yang.impl.LeafImpl@4833c8ef (name: etherHistoryDropEvents) WITH ID RMON-MIB:rmon-mib-node-container-history-list-etherHistoryEntry-etherHistoryDropEvents
6515 [Test worker] INFO  x.yang.diagram.YangDiagramGenerator  - CREATED ELEMENT FOR statement:io.typefox.yang.yang.impl.LeafImpl@75a7e7a8 (name: etherHistoryOctets) WITH ID RMON-MIB:rmon-mib-node-container-history-list-etherHistoryEntry-etherHistoryOctets
6515 [Test worker] INFO  x.yang.diagram.YangDiagramGenerator  - CREATED ELEMENT FOR statement:io.typefox.yang.yang.impl.LeafImpl@44d41c83 (name: etherHistoryPkts) WITH ID RMON-MIB:rmon-mib-node-container-history-list-etherHistoryEntry-etherHistoryPkts
6515 [Test worker] INFO  x.yang.diagram.YangDiagramGenerator  - CREATED ELEMENT FOR statement:io.typefox.yang.yang.impl.LeafImpl@4a282d2d (name: etherHistoryBroadcastPkts) WITH ID RMON-MIB:rmon-mib-node-container-history-list-etherHistoryEntry-etherHistoryBroadcastPkts
6515 [Test worker] INFO  x.yang.diagram.YangDiagramGenerator  - CREATED ELEMENT FOR statement:io.typefox.yang.yang.impl.LeafImpl@1c8ae037 (name: etherHistoryMulticastPkts) WITH ID RMON-MIB:rmon-mib-node-container-history-list-etherHistoryEntry-etherHistoryMulticastPkts
6515 [Test worker] INFO  x.yang.diagram.YangDiagramGenerator  - CREATED ELEMENT FOR statement:io.typefox.yang.yang.impl.LeafImpl@56dacea9 (name: etherHistoryCRCAlignErrors) WITH ID RMON-MIB:rmon-mib-node-container-history-list-etherHistoryEntry-etherHistoryCRCAlignErrors
6515 [Test worker] INFO  x.yang.diagram.YangDiagramGenerator  - CREATED ELEMENT FOR statement:io.typefox.yang.yang.impl.LeafImpl@328ef0f5 (name: etherHistoryUndersizePkts) WITH ID RMON-MIB:rmon-mib-node-container-history-list-etherHistoryEntry-etherHistoryUndersizePkts
6515 [Test worker] INFO  x.yang.diagram.YangDiagramGenerator  - CREATED ELEMENT FOR statement:io.typefox.yang.yang.impl.LeafImpl@39c4f2cc (name: etherHistoryOversizePkts) WITH ID RMON-MIB:rmon-mib-node-container-history-list-etherHistoryEntry-etherHistoryOversizePkts
6515 [Test worker] INFO  x.yang.diagram.YangDiagramGenerator  - CREATED ELEMENT FOR statement:io.typefox.yang.yang.impl.LeafImpl@7284269b (name: etherHistoryFragments) WITH ID RMON-MIB:rmon-mib-node-container-history-list-etherHistoryEntry-etherHistoryFragments
6516 [Test worker] INFO  x.yang.diagram.YangDiagramGenerator  - CREATED ELEMENT FOR statement:io.typefox.yang.yang.impl.LeafImpl@72ab11e4 (name: etherHistoryJabbers) WITH ID RMON-MIB:rmon-mib-node-container-history-list-etherHistoryEntry-etherHistoryJabbers
6516 [Test worker] INFO  x.yang.diagram.YangDiagramGenerator  - CREATED ELEMENT FOR statement:io.typefox.yang.yang.impl.LeafImpl@37e74e1c (name: etherHistoryCollisions) WITH ID RMON-MIB:rmon-mib-node-container-history-list-etherHistoryEntry-etherHistoryCollisions
6516 [Test worker] INFO  x.yang.diagram.YangDiagramGenerator  - CREATED ELEMENT FOR statement:io.typefox.yang.yang.impl.LeafImpl@29ab88be (name: etherHistoryUtilization) WITH ID RMON-MIB:rmon-mib-node-container-history-list-etherHistoryEntry-etherHistoryUtilization
6516 [Test worker] INFO  x.yang.diagram.YangDiagramGenerator  - CREATED ELEMENT FOR statement:io.typefox.yang.yang.impl.ListImpl@7ac8c3ee (name: etherHistoryEntry) WITH ID RMON-MIB:rmon-mib-node-container-history-list-etherHistoryEntry
6516 [Test worker] INFO  x.yang.diagram.YangDiagramGenerator  - CREATED ELEMENT FOR statement:io.typefox.yang.yang.impl.ContainerImpl@50c6c962 (name: history) WITH ID RMON-MIB:rmon-mib-node-container-history
6516 [Test worker] INFO  x.yang.diagram.YangDiagramGenerator  - CREATED ELEMENT FOR statement:io.typefox.yang.yang.impl.LeafImpl@5d5ceac8 (name: alarmIndex) WITH ID RMON-MIB:rmon-mib-node-container-alarm-list-alarmEntry-alarmIndex
6516 [Test worker] INFO  x.yang.diagram.YangDiagramGenerator  - CREATED ELEMENT FOR statement:io.typefox.yang.yang.impl.LeafImpl@28c767a5 (name: alarmInterval) WITH ID RMON-MIB:rmon-mib-node-container-alarm-list-alarmEntry-alarmInterval
6516 [Test worker] INFO  x.yang.diagram.YangDiagramGenerator  - CREATED ELEMENT FOR statement:io.typefox.yang.yang.impl.LeafImpl@14ac16e0 (name: alarmVariable) WITH ID RMON-MIB:rmon-mib-node-container-alarm-list-alarmEntry-alarmVariable
6516 [Test worker] INFO  x.yang.diagram.YangDiagramGenerator  - CREATED ELEMENT FOR statement:io.typefox.yang.yang.impl.LeafImpl@72c740ce (name: alarmSampleType) WITH ID RMON-MIB:rmon-mib-node-container-alarm-list-alarmEntry-alarmSampleType
6516 [Test worker] INFO  x.yang.diagram.YangDiagramGenerator  - CREATED ELEMENT FOR statement:io.typefox.yang.yang.impl.LeafImpl@48f7fef4 (name: alarmValue) WITH ID RMON-MIB:rmon-mib-node-container-alarm-list-alarmEntry-alarmValue
6516 [Test worker] INFO  x.yang.diagram.YangDiagramGenerator  - CREATED ELEMENT FOR statement:io.typefox.yang.yang.impl.LeafImpl@5b9e5200 (name: alarmStartupAlarm) WITH ID RMON-MIB:rmon-mib-node-container-alarm-list-alarmEntry-alarmStartupAlarm
6516 [Test worker] INFO  x.yang.diagram.YangDiagramGenerator  - CREATED ELEMENT FOR statement:io.typefox.yang.yang.impl.LeafImpl@2ff15485 (name: alarmRisingThreshold) WITH ID RMON-MIB:rmon-mib-node-container-alarm-list-alarmEntry-alarmRisingThreshold
6516 [Test worker] INFO  x.yang.diagram.YangDiagramGenerator  - CREATED ELEMENT FOR statement:io.typefox.yang.yang.impl.LeafImpl@67f8a085 (name: alarmFallingThreshold) WITH ID RMON-MIB:rmon-mib-node-container-alarm-list-alarmEntry-alarmFallingThreshold
6516 [Test worker] INFO  x.yang.diagram.YangDiagramGenerator  - CREATED ELEMENT FOR statement:io.typefox.yang.yang.impl.LeafImpl@108fe2d0 (name: alarmRisingEventIndex) WITH ID RMON-MIB:rmon-mib-node-container-alarm-list-alarmEntry-alarmRisingEventIndex
6517 [Test worker] INFO  x.yang.diagram.YangDiagramGenerator  - CREATED ELEMENT FOR statement:io.typefox.yang.yang.impl.LeafImpl@3928ac93 (name: alarmFallingEventIndex) WITH ID RMON-MIB:rmon-mib-node-container-alarm-list-alarmEntry-alarmFallingEventIndex
6517 [Test worker] INFO  x.yang.diagram.YangDiagramGenerator  - CREATED ELEMENT FOR statement:io.typefox.yang.yang.impl.LeafImpl@1cd8824f (name: alarmOwner) WITH ID RMON-MIB:rmon-mib-node-container-alarm-list-alarmEntry-alarmOwner
6517 [Test worker] INFO  x.yang.diagram.YangDiagramGenerator  - CREATED ELEMENT FOR statement:io.typefox.yang.yang.impl.LeafImpl@3e06e5d9 (name: alarmStatus) WITH ID RMON-MIB:rmon-mib-node-container-alarm-list-alarmEntry-alarmStatus
6517 [Test worker] INFO  x.yang.diagram.YangDiagramGenerator  - CREATED ELEMENT FOR statement:io.typefox.yang.yang.impl.ListImpl@517009ab (name: alarmEntry) WITH ID RMON-MIB:rmon-mib-node-container-alarm-list-alarmEntry
6517 [Test worker] INFO  x.yang.diagram.YangDiagramGenerator  - CREATED ELEMENT FOR statement:io.typefox.yang.yang.impl.ContainerImpl@2d407b22 (name: alarm) WITH ID RMON-MIB:rmon-mib-node-container-alarm
6517 [Test worker] INFO  x.yang.diagram.YangDiagramGenerator  - CREATED ELEMENT FOR statement:io.typefox.yang.yang.impl.LeafImpl@75d24e3f (name: hostControlIndex) WITH ID RMON-MIB:rmon-mib-node-container-hosts-list-hostControlEntry-hostControlIndex
6517 [Test worker] INFO  x.yang.diagram.YangDiagramGenerator  - CREATED ELEMENT FOR statement:io.typefox.yang.yang.impl.LeafImpl@7c734571 (name: hostControlDataSource) WITH ID RMON-MIB:rmon-mib-node-container-hosts-list-hostControlEntry-hostControlDataSource
6517 [Test worker] INFO  x.yang.diagram.YangDiagramGenerator  - CREATED ELEMENT FOR statement:io.typefox.yang.yang.impl.LeafImpl@2d9f3605 (name: hostControlTableSize) WITH ID RMON-MIB:rmon-mib-node-container-hosts-list-hostControlEntry-hostControlTableSize
6517 [Test worker] INFO  x.yang.diagram.YangDiagramGenerator  - CREATED ELEMENT FOR statement:io.typefox.yang.yang.impl.LeafImpl@328c1ff (name: hostControlLastDeleteTime) WITH ID RMON-MIB:rmon-mib-node-container-hosts-list-hostControlEntry-hostControlLastDeleteTime
6517 [Test worker] INFO  x.yang.diagram.YangDiagramGenerator  - CREATED ELEMENT FOR statement:io.typefox.yang.yang.impl.LeafImpl@646cd413 (name: hostControlOwner) WITH ID RMON-MIB:rmon-mib-node-container-hosts-list-hostControlEntry-hostControlOwner
6517 [Test worker] INFO  x.yang.diagram.YangDiagramGenerator  - CREATED ELEMENT FOR statement:io.typefox.yang.yang.impl.LeafImpl@2525d22 (name: hostControlStatus) WITH ID RMON-MIB:rmon-mib-node-container-hosts-list-hostControlEntry-hostControlStatus
6517 [Test worker] INFO  x.yang.diagram.YangDiagramGenerator  - CREATED ELEMENT FOR statement:io.typefox.yang.yang.impl.ListImpl@56a97c73 (name: hostControlEntry) WITH ID RMON-MIB:rmon-mib-node-container-hosts-list-hostControlEntry
6518 [Test worker] INFO  x.yang.diagram.YangDiagramGenerator  - CREATED ELEMENT FOR statement:io.typefox.yang.yang.impl.LeafImpl@13cb6860 (name: hostAddress) WITH ID RMON-MIB:rmon-mib-node-container-hosts-list-hostEntry-hostAddress
6518 [Test worker] INFO  x.yang.diagram.YangDiagramGenerator  - CREATED ELEMENT FOR statement:io.typefox.yang.yang.impl.LeafImpl@1185ea46 (name: hostCreationOrder) WITH ID RMON-MIB:rmon-mib-node-container-hosts-list-hostEntry-hostCreationOrder
6518 [Test worker] INFO  x.yang.diagram.YangDiagramGenerator  - CREATED ELEMENT FOR statement:io.typefox.yang.yang.impl.LeafImpl@12e0e19 (name: hostIndex) WITH ID RMON-MIB:rmon-mib-node-container-hosts-list-hostEntry-hostIndex
6518 [Test worker] INFO  x.yang.diagram.YangDiagramGenerator  - CREATED ELEMENT FOR statement:io.typefox.yang.yang.impl.LeafImpl@1c79b0ab (name: hostInPkts) WITH ID RMON-MIB:rmon-mib-node-container-hosts-list-hostEntry-hostInPkts
6518 [Test worker] INFO  x.yang.diagram.YangDiagramGenerator  - CREATED ELEMENT FOR statement:io.typefox.yang.yang.impl.LeafImpl@54b9432c (name: hostOutPkts) WITH ID RMON-MIB:rmon-mib-node-container-hosts-list-hostEntry-hostOutPkts
6518 [Test worker] INFO  x.yang.diagram.YangDiagramGenerator  - CREATED ELEMENT FOR statement:io.typefox.yang.yang.impl.LeafImpl@6ad05427 (name: hostInOctets) WITH ID RMON-MIB:rmon-mib-node-container-hosts-list-hostEntry-hostInOctets
6518 [Test worker] INFO  x.yang.diagram.YangDiagramGenerator  - CREATED ELEMENT FOR statement:io.typefox.yang.yang.impl.LeafImpl@1b7fc1a2 (name: hostOutOctets) WITH ID RMON-MIB:rmon-mib-node-container-hosts-list-hostEntry-hostOutOctets
6518 [Test worker] INFO  x.yang.diagram.YangDiagramGenerator  - CREATED ELEMENT FOR statement:io.typefox.yang.yang.impl.LeafImpl@4ad2c68e (name: hostOutErrors) WITH ID RMON-MIB:rmon-mib-node-container-hosts-list-hostEntry-hostOutErrors
6518 [Test worker] INFO  x.yang.diagram.YangDiagramGenerator  - CREATED ELEMENT FOR statement:io.typefox.yang.yang.impl.LeafImpl@546c5cdb (name: hostOutBroadcastPkts) WITH ID RMON-MIB:rmon-mib-node-container-hosts-list-hostEntry-hostOutBroadcastPkts
6518 [Test worker] INFO  x.yang.diagram.YangDiagramGenerator  - CREATED ELEMENT FOR statement:io.typefox.yang.yang.impl.LeafImpl@3cf55b1d (name: hostOutMulticastPkts) WITH ID RMON-MIB:rmon-mib-node-container-hosts-list-hostEntry-hostOutMulticastPkts
6518 [Test worker] INFO  x.yang.diagram.YangDiagramGenerator  - CREATED ELEMENT FOR statement:io.typefox.yang.yang.impl.ListImpl@59e2fff0 (name: hostEntry) WITH ID RMON-MIB:rmon-mib-node-container-hosts-list-hostEntry
6518 [Test worker] INFO  x.yang.diagram.YangDiagramGenerator  - CREATED ELEMENT FOR statement:io.typefox.yang.yang.impl.LeafImpl@558a4f4 (name: hostTimeAddress) WITH ID RMON-MIB:rmon-mib-node-container-hosts-list-hostTimeEntry-hostTimeAddress
6518 [Test worker] INFO  x.yang.diagram.YangDiagramGenerator  - CREATED ELEMENT FOR statement:io.typefox.yang.yang.impl.LeafImpl@3364aa00 (name: hostTimeCreationOrder) WITH ID RMON-MIB:rmon-mib-node-container-hosts-list-hostTimeEntry-hostTimeCreationOrder
6519 [Test worker] INFO  x.yang.diagram.YangDiagramGenerator  - CREATED ELEMENT FOR statement:io.typefox.yang.yang.impl.LeafImpl@25df22c2 (name: hostTimeIndex) WITH ID RMON-MIB:rmon-mib-node-container-hosts-list-hostTimeEntry-hostTimeIndex
6519 [Test worker] INFO  x.yang.diagram.YangDiagramGenerator  - CREATED ELEMENT FOR statement:io.typefox.yang.yang.impl.LeafImpl@6b8c44f6 (name: hostTimeInPkts) WITH ID RMON-MIB:rmon-mib-node-container-hosts-list-hostTimeEntry-hostTimeInPkts
6630 [Test worker] INFO  x.yang.diagram.YangDiagramGenerator  - CREATED ELEMENT FOR statement:io.typefox.yang.yang.impl.LeafImpl@2b333277 (name: hostTimeOutPkts) WITH ID RMON-MIB:rmon-mib-node-container-hosts-list-hostTimeEntry-hostTimeOutPkts
6631 [Test worker] INFO  x.yang.diagram.YangDiagramGenerator  - CREATED ELEMENT FOR statement:io.typefox.yang.yang.impl.LeafImpl@3d91b9bb (name: hostTimeInOctets) WITH ID RMON-MIB:rmon-mib-node-container-hosts-list-hostTimeEntry-hostTimeInOctets
6645 [Test worker] INFO  x.yang.diagram.YangDiagramGenerator  - CREATED ELEMENT FOR statement:io.typefox.yang.yang.impl.LeafImpl@618445f9 (name: hostTimeOutOctets) WITH ID RMON-MIB:rmon-mib-node-container-hosts-list-hostTimeEntry-hostTimeOutOctets
6646 [Test worker] INFO  x.yang.diagram.YangDiagramGenerator  - CREATED ELEMENT FOR statement:io.typefox.yang.yang.impl.LeafImpl@682606cb (name: hostTimeOutErrors) WITH ID RMON-MIB:rmon-mib-node-container-hosts-list-hostTimeEntry-hostTimeOutErrors
6646 [Test worker] INFO  x.yang.diagram.YangDiagramGenerator  - CREATED ELEMENT FOR statement:io.typefox.yang.yang.impl.LeafImpl@5ab43132 (name: hostTimeOutBroadcastPkts) WITH ID RMON-MIB:rmon-mib-node-container-hosts-list-hostTimeEntry-hostTimeOutBroadcastPkts
6646 [Test worker] INFO  x.yang.diagram.YangDiagramGenerator  - CREATED ELEMENT FOR statement:io.typefox.yang.yang.impl.LeafImpl@6a5817be (name: hostTimeOutMulticastPkts) WITH ID RMON-MIB:rmon-mib-node-container-hosts-list-hostTimeEntry-hostTimeOutMulticastPkts
6646 [Test worker] INFO  x.yang.diagram.YangDiagramGenerator  - CREATED ELEMENT FOR statement:io.typefox.yang.yang.impl.ListImpl@29303c81 (name: hostTimeEntry) WITH ID RMON-MIB:rmon-mib-node-container-hosts-list-hostTimeEntry
6646 [Test worker] INFO  x.yang.diagram.YangDiagramGenerator  - CREATED ELEMENT FOR statement:io.typefox.yang.yang.impl.ContainerImpl@71f86732 (name: hosts) WITH ID RMON-MIB:rmon-mib-node-container-hosts
6646 [Test worker] INFO  x.yang.diagram.YangDiagramGenerator  - CREATED ELEMENT FOR statement:io.typefox.yang.yang.impl.LeafImpl@abef59e (name: hostTopNControlIndex) WITH ID RMON-MIB:rmon-mib-node-container-hostTopN-list-hostTopNControlEntry-hostTopNControlIndex
6646 [Test worker] INFO  x.yang.diagram.YangDiagramGenerator  - CREATED ELEMENT FOR statement:io.typefox.yang.yang.impl.LeafImpl@20f1f690 (name: hostTopNHostIndex) WITH ID RMON-MIB:rmon-mib-node-container-hostTopN-list-hostTopNControlEntry-hostTopNHostIndex
6646 [Test worker] INFO  x.yang.diagram.YangDiagramGenerator  - CREATED ELEMENT FOR statement:io.typefox.yang.yang.impl.LeafImpl@80d023b (name: hostTopNRateBase) WITH ID RMON-MIB:rmon-mib-node-container-hostTopN-list-hostTopNControlEntry-hostTopNRateBase
6646 [Test worker] INFO  x.yang.diagram.YangDiagramGenerator  - CREATED ELEMENT FOR statement:io.typefox.yang.yang.impl.LeafImpl@3a7e25ff (name: hostTopNTimeRemaining) WITH ID RMON-MIB:rmon-mib-node-container-hostTopN-list-hostTopNControlEntry-hostTopNTimeRemaining
6646 [Test worker] INFO  x.yang.diagram.YangDiagramGenerator  - CREATED ELEMENT FOR statement:io.typefox.yang.yang.impl.LeafImpl@4791352b (name: hostTopNDuration) WITH ID RMON-MIB:rmon-mib-node-container-hostTopN-list-hostTopNControlEntry-hostTopNDuration
6647 [Test worker] INFO  x.yang.diagram.YangDiagramGenerator  - CREATED ELEMENT FOR statement:io.typefox.yang.yang.impl.LeafImpl@68fb1e3f (name: hostTopNRequestedSize) WITH ID RMON-MIB:rmon-mib-node-container-hostTopN-list-hostTopNControlEntry-hostTopNRequestedSize
6647 [Test worker] INFO  x.yang.diagram.YangDiagramGenerator  - CREATED ELEMENT FOR statement:io.typefox.yang.yang.impl.LeafImpl@807c5c1 (name: hostTopNGrantedSize) WITH ID RMON-MIB:rmon-mib-node-container-hostTopN-list-hostTopNControlEntry-hostTopNGrantedSize
6647 [Test worker] INFO  x.yang.diagram.YangDiagramGenerator  - CREATED ELEMENT FOR statement:io.typefox.yang.yang.impl.LeafImpl@439d48e3 (name: hostTopNStartTime) WITH ID RMON-MIB:rmon-mib-node-container-hostTopN-list-hostTopNControlEntry-hostTopNStartTime
6647 [Test worker] INFO  x.yang.diagram.YangDiagramGenerator  - CREATED ELEMENT FOR statement:io.typefox.yang.yang.impl.LeafImpl@deb05d6 (name: hostTopNOwner) WITH ID RMON-MIB:rmon-mib-node-container-hostTopN-list-hostTopNControlEntry-hostTopNOwner
6647 [Test worker] INFO  x.yang.diagram.YangDiagramGenerator  - CREATED ELEMENT FOR statement:io.typefox.yang.yang.impl.LeafImpl@3dd1f8b2 (name: hostTopNStatus) WITH ID RMON-MIB:rmon-mib-node-container-hostTopN-list-hostTopNControlEntry-hostTopNStatus
6647 [Test worker] INFO  x.yang.diagram.YangDiagramGenerator  - CREATED ELEMENT FOR statement:io.typefox.yang.yang.impl.ListImpl@bce0b04 (name: hostTopNControlEntry) WITH ID RMON-MIB:rmon-mib-node-container-hostTopN-list-hostTopNControlEntry
6647 [Test worker] INFO  x.yang.diagram.YangDiagramGenerator  - CREATED ELEMENT FOR statement:io.typefox.yang.yang.impl.LeafImpl@223d90ce (name: hostTopNReport) WITH ID RMON-MIB:rmon-mib-node-container-hostTopN-list-hostTopNEntry-hostTopNReport
6647 [Test worker] INFO  x.yang.diagram.YangDiagramGenerator  - CREATED ELEMENT FOR statement:io.typefox.yang.yang.impl.LeafImpl@772df4ea (name: hostTopNIndex) WITH ID RMON-MIB:rmon-mib-node-container-hostTopN-list-hostTopNEntry-hostTopNIndex
6647 [Test worker] INFO  x.yang.diagram.YangDiagramGenerator  - CREATED ELEMENT FOR statement:io.typefox.yang.yang.impl.LeafImpl@450b86d5 (name: hostTopNAddress) WITH ID RMON-MIB:rmon-mib-node-container-hostTopN-list-hostTopNEntry-hostTopNAddress
6647 [Test worker] INFO  x.yang.diagram.YangDiagramGenerator  - CREATED ELEMENT FOR statement:io.typefox.yang.yang.impl.LeafImpl@3e66335b (name: hostTopNRate) WITH ID RMON-MIB:rmon-mib-node-container-hostTopN-list-hostTopNEntry-hostTopNRate
6647 [Test worker] INFO  x.yang.diagram.YangDiagramGenerator  - CREATED ELEMENT FOR statement:io.typefox.yang.yang.impl.ListImpl@70937fb9 (name: hostTopNEntry) WITH ID RMON-MIB:rmon-mib-node-container-hostTopN-list-hostTopNEntry
6647 [Test worker] INFO  x.yang.diagram.YangDiagramGenerator  - CREATED ELEMENT FOR statement:io.typefox.yang.yang.impl.ContainerImpl@68014fe5 (name: hostTopN) WITH ID RMON-MIB:rmon-mib-node-container-hostTopN
6648 [Test worker] INFO  x.yang.diagram.YangDiagramGenerator  - CREATED ELEMENT FOR statement:io.typefox.yang.yang.impl.LeafImpl@7125411e (name: matrixControlIndex) WITH ID RMON-MIB:rmon-mib-node-container-matrix-list-matrixControlEntry-matrixControlIndex
6648 [Test worker] INFO  x.yang.diagram.YangDiagramGenerator  - CREATED ELEMENT FOR statement:io.typefox.yang.yang.impl.LeafImpl@7e56488a (name: matrixControlDataSource) WITH ID RMON-MIB:rmon-mib-node-container-matrix-list-matrixControlEntry-matrixControlDataSource
6648 [Test worker] INFO  x.yang.diagram.YangDiagramGenerator  - CREATED ELEMENT FOR statement:io.typefox.yang.yang.impl.LeafImpl@15539e4e (name: matrixControlTableSize) WITH ID RMON-MIB:rmon-mib-node-container-matrix-list-matrixControlEntry-matrixControlTableSize
6648 [Test worker] INFO  x.yang.diagram.YangDiagramGenerator  - CREATED ELEMENT FOR statement:io.typefox.yang.yang.impl.LeafImpl@77cf8566 (name: matrixControlLastDeleteTime) WITH ID RMON-MIB:rmon-mib-node-container-matrix-list-matrixControlEntry-matrixControlLastDeleteTime
6648 [Test worker] INFO  x.yang.diagram.YangDiagramGenerator  - CREATED ELEMENT FOR statement:io.typefox.yang.yang.impl.LeafImpl@2c390730 (name: matrixControlOwner) WITH ID RMON-MIB:rmon-mib-node-container-matrix-list-matrixControlEntry-matrixControlOwner
6648 [Test worker] INFO  x.yang.diagram.YangDiagramGenerator  - CREATED ELEMENT FOR statement:io.typefox.yang.yang.impl.LeafImpl@60e70825 (name: matrixControlStatus) WITH ID RMON-MIB:rmon-mib-node-container-matrix-list-matrixControlEntry-matrixControlStatus
6648 [Test worker] INFO  x.yang.diagram.YangDiagramGenerator  - CREATED ELEMENT FOR statement:io.typefox.yang.yang.impl.ListImpl@69cf5b99 (name: matrixControlEntry) WITH ID RMON-MIB:rmon-mib-node-container-matrix-list-matrixControlEntry
6648 [Test worker] INFO  x.yang.diagram.YangDiagramGenerator  - CREATED ELEMENT FOR statement:io.typefox.yang.yang.impl.LeafImpl@62a00773 (name: matrixSDSourceAddress) WITH ID RMON-MIB:rmon-mib-node-container-matrix-list-matrixSDEntry-matrixSDSourceAddress
6648 [Test worker] INFO  x.yang.diagram.YangDiagramGenerator  - CREATED ELEMENT FOR statement:io.typefox.yang.yang.impl.LeafImpl@6449c90 (name: matrixSDDestAddress) WITH ID RMON-MIB:rmon-mib-node-container-matrix-list-matrixSDEntry-matrixSDDestAddress
6648 [Test worker] INFO  x.yang.diagram.YangDiagramGenerator  - CREATED ELEMENT FOR statement:io.typefox.yang.yang.impl.LeafImpl@5e3a1a5d (name: matrixSDIndex) WITH ID RMON-MIB:rmon-mib-node-container-matrix-list-matrixSDEntry-matrixSDIndex
6648 [Test worker] INFO  x.yang.diagram.YangDiagramGenerator  - CREATED ELEMENT FOR statement:io.typefox.yang.yang.impl.LeafImpl@4d3a8190 (name: matrixSDPkts) WITH ID RMON-MIB:rmon-mib-node-container-matrix-list-matrixSDEntry-matrixSDPkts
6648 [Test worker] INFO  x.yang.diagram.YangDiagramGenerator  - CREATED ELEMENT FOR statement:io.typefox.yang.yang.impl.LeafImpl@2f439cdb (name: matrixSDOctets) WITH ID RMON-MIB:rmon-mib-node-container-matrix-list-matrixSDEntry-matrixSDOctets
6649 [Test worker] INFO  x.yang.diagram.YangDiagramGenerator  - CREATED ELEMENT FOR statement:io.typefox.yang.yang.impl.LeafImpl@dc125bf (name: matrixSDErrors) WITH ID RMON-MIB:rmon-mib-node-container-matrix-list-matrixSDEntry-matrixSDErrors
6649 [Test worker] INFO  x.yang.diagram.YangDiagramGenerator  - CREATED ELEMENT FOR statement:io.typefox.yang.yang.impl.ListImpl@3273ea8 (name: matrixSDEntry) WITH ID RMON-MIB:rmon-mib-node-container-matrix-list-matrixSDEntry
6649 [Test worker] INFO  x.yang.diagram.YangDiagramGenerator  - CREATED ELEMENT FOR statement:io.typefox.yang.yang.impl.LeafImpl@1a08095d (name: matrixDSSourceAddress) WITH ID RMON-MIB:rmon-mib-node-container-matrix-list-matrixDSEntry-matrixDSSourceAddress
6649 [Test worker] INFO  x.yang.diagram.YangDiagramGenerator  - CREATED ELEMENT FOR statement:io.typefox.yang.yang.impl.LeafImpl@299eeb83 (name: matrixDSDestAddress) WITH ID RMON-MIB:rmon-mib-node-container-matrix-list-matrixDSEntry-matrixDSDestAddress
6649 [Test worker] INFO  x.yang.diagram.YangDiagramGenerator  - CREATED ELEMENT FOR statement:io.typefox.yang.yang.impl.LeafImpl@2d76dfd2 (name: matrixDSIndex) WITH ID RMON-MIB:rmon-mib-node-container-matrix-list-matrixDSEntry-matrixDSIndex
6649 [Test worker] INFO  x.yang.diagram.YangDiagramGenerator  - CREATED ELEMENT FOR statement:io.typefox.yang.yang.impl.LeafImpl@179e76aa (name: matrixDSPkts) WITH ID RMON-MIB:rmon-mib-node-container-matrix-list-matrixDSEntry-matrixDSPkts
6649 [Test worker] INFO  x.yang.diagram.YangDiagramGenerator  - CREATED ELEMENT FOR statement:io.typefox.yang.yang.impl.LeafImpl@4d86d7e5 (name: matrixDSOctets) WITH ID RMON-MIB:rmon-mib-node-container-matrix-list-matrixDSEntry-matrixDSOctets
6649 [Test worker] INFO  x.yang.diagram.YangDiagramGenerator  - CREATED ELEMENT FOR statement:io.typefox.yang.yang.impl.LeafImpl@139aef25 (name: matrixDSErrors) WITH ID RMON-MIB:rmon-mib-node-container-matrix-list-matrixDSEntry-matrixDSErrors
6661 [Test worker] INFO  x.yang.diagram.YangDiagramGenerator  - CREATED ELEMENT FOR statement:io.typefox.yang.yang.impl.ListImpl@8893acb (name: matrixDSEntry) WITH ID RMON-MIB:rmon-mib-node-container-matrix-list-matrixDSEntry
6662 [Test worker] INFO  x.yang.diagram.YangDiagramGenerator  - CREATED ELEMENT FOR statement:io.typefox.yang.yang.impl.ContainerImpl@6c463656 (name: matrix) WITH ID RMON-MIB:rmon-mib-node-container-matrix
6662 [Test worker] INFO  x.yang.diagram.YangDiagramGenerator  - CREATED ELEMENT FOR statement:io.typefox.yang.yang.impl.LeafImpl@1704edc4 (name: filterIndex) WITH ID RMON-MIB:rmon-mib-node-container-filter-list-filterEntry-filterIndex
6662 [Test worker] INFO  x.yang.diagram.YangDiagramGenerator  - CREATED ELEMENT FOR statement:io.typefox.yang.yang.impl.LeafImpl@53a3dbc6 (name: filterChannelIndex) WITH ID RMON-MIB:rmon-mib-node-container-filter-list-filterEntry-filterChannelIndex
6662 [Test worker] INFO  x.yang.diagram.YangDiagramGenerator  - CREATED ELEMENT FOR statement:io.typefox.yang.yang.impl.LeafImpl@12bdfc1b (name: filterPktDataOffset) WITH ID RMON-MIB:rmon-mib-node-container-filter-list-filterEntry-filterPktDataOffset
6662 [Test worker] INFO  x.yang.diagram.YangDiagramGenerator  - CREATED ELEMENT FOR statement:io.typefox.yang.yang.impl.LeafImpl@4f949c9c (name: filterPktData) WITH ID RMON-MIB:rmon-mib-node-container-filter-list-filterEntry-filterPktData
6662 [Test worker] INFO  x.yang.diagram.YangDiagramGenerator  - CREATED ELEMENT FOR statement:io.typefox.yang.yang.impl.LeafImpl@7f4e3267 (name: filterPktDataMask) WITH ID RMON-MIB:rmon-mib-node-container-filter-list-filterEntry-filterPktDataMask
6662 [Test worker] INFO  x.yang.diagram.YangDiagramGenerator  - CREATED ELEMENT FOR statement:io.typefox.yang.yang.impl.LeafImpl@32febba3 (name: filterPktDataNotMask) WITH ID RMON-MIB:rmon-mib-node-container-filter-list-filterEntry-filterPktDataNotMask
6662 [Test worker] INFO  x.yang.diagram.YangDiagramGenerator  - CREATED ELEMENT FOR statement:io.typefox.yang.yang.impl.LeafImpl@4fdec4c3 (name: filterPktStatus) WITH ID RMON-MIB:rmon-mib-node-container-filter-list-filterEntry-filterPktStatus
6662 [Test worker] INFO  x.yang.diagram.YangDiagramGenerator  - CREATED ELEMENT FOR statement:io.typefox.yang.yang.impl.LeafImpl@2445c1d8 (name: filterPktStatusMask) WITH ID RMON-MIB:rmon-mib-node-container-filter-list-filterEntry-filterPktStatusMask
6662 [Test worker] INFO  x.yang.diagram.YangDiagramGenerator  - CREATED ELEMENT FOR statement:io.typefox.yang.yang.impl.LeafImpl@2a16023d (name: filterPktStatusNotMask) WITH ID RMON-MIB:rmon-mib-node-container-filter-list-filterEntry-filterPktStatusNotMask
6662 [Test worker] INFO  x.yang.diagram.YangDiagramGenerator  - CREATED ELEMENT FOR statement:io.typefox.yang.yang.impl.LeafImpl@6df2877f (name: filterOwner) WITH ID RMON-MIB:rmon-mib-node-container-filter-list-filterEntry-filterOwner
6662 [Test worker] INFO  x.yang.diagram.YangDiagramGenerator  - CREATED ELEMENT FOR statement:io.typefox.yang.yang.impl.LeafImpl@54b3bede (name: filterStatus) WITH ID RMON-MIB:rmon-mib-node-container-filter-list-filterEntry-filterStatus
6662 [Test worker] INFO  x.yang.diagram.YangDiagramGenerator  - CREATED ELEMENT FOR statement:io.typefox.yang.yang.impl.ListImpl@5e72fe91 (name: filterEntry) WITH ID RMON-MIB:rmon-mib-node-container-filter-list-filterEntry
6663 [Test worker] INFO  x.yang.diagram.YangDiagramGenerator  - CREATED ELEMENT FOR statement:io.typefox.yang.yang.impl.LeafImpl@44ef0888 (name: channelIndex) WITH ID RMON-MIB:rmon-mib-node-container-filter-list-channelEntry-channelIndex
6663 [Test worker] INFO  x.yang.diagram.YangDiagramGenerator  - CREATED ELEMENT FOR statement:io.typefox.yang.yang.impl.LeafImpl@3d5fb615 (name: channelIfIndex) WITH ID RMON-MIB:rmon-mib-node-container-filter-list-channelEntry-channelIfIndex
6663 [Test worker] INFO  x.yang.diagram.YangDiagramGenerator  - CREATED ELEMENT FOR statement:io.typefox.yang.yang.impl.LeafImpl@74d3ba2e (name: channelAcceptType) WITH ID RMON-MIB:rmon-mib-node-container-filter-list-channelEntry-channelAcceptType
6663 [Test worker] INFO  x.yang.diagram.YangDiagramGenerator  - CREATED ELEMENT FOR statement:io.typefox.yang.yang.impl.LeafImpl@3d1c5453 (name: channelDataControl) WITH ID RMON-MIB:rmon-mib-node-container-filter-list-channelEntry-channelDataControl
6663 [Test worker] INFO  x.yang.diagram.YangDiagramGenerator  - CREATED ELEMENT FOR statement:io.typefox.yang.yang.impl.LeafImpl@18ba030 (name: channelTurnOnEventIndex) WITH ID RMON-MIB:rmon-mib-node-container-filter-list-channelEntry-channelTurnOnEventIndex
6663 [Test worker] INFO  x.yang.diagram.YangDiagramGenerator  - CREATED ELEMENT FOR statement:io.typefox.yang.yang.impl.LeafImpl@41a4410a (name: channelTurnOffEventIndex) WITH ID RMON-MIB:rmon-mib-node-container-filter-list-channelEntry-channelTurnOffEventIndex
6663 [Test worker] INFO  x.yang.diagram.YangDiagramGenerator  - CREATED ELEMENT FOR statement:io.typefox.yang.yang.impl.LeafImpl@28cf81da (name: channelEventIndex) WITH ID RMON-MIB:rmon-mib-node-container-filter-list-channelEntry-channelEventIndex
6663 [Test worker] INFO  x.yang.diagram.YangDiagramGenerator  - CREATED ELEMENT FOR statement:io.typefox.yang.yang.impl.LeafImpl@772ef65c (name: channelEventStatus) WITH ID RMON-MIB:rmon-mib-node-container-filter-list-channelEntry-channelEventStatus
6663 [Test worker] INFO  x.yang.diagram.YangDiagramGenerator  - CREATED ELEMENT FOR statement:io.typefox.yang.yang.impl.LeafImpl@2b7852a9 (name: channelMatches) WITH ID RMON-MIB:rmon-mib-node-container-filter-list-channelEntry-channelMatches
6663 [Test worker] INFO  x.yang.diagram.YangDiagramGenerator  - CREATED ELEMENT FOR statement:io.typefox.yang.yang.impl.LeafImpl@48b7fadd (name: channelDescription) WITH ID RMON-MIB:rmon-mib-node-container-filter-list-channelEntry-channelDescription
6663 [Test worker] INFO  x.yang.diagram.YangDiagramGenerator  - CREATED ELEMENT FOR statement:io.typefox.yang.yang.impl.LeafImpl@1c227340 (name: channelOwner) WITH ID RMON-MIB:rmon-mib-node-container-filter-list-channelEntry-channelOwner
6663 [Test worker] INFO  x.yang.diagram.YangDiagramGenerator  - CREATED ELEMENT FOR statement:io.typefox.yang.yang.impl.LeafImpl@1cbeea8e (name: channelStatus) WITH ID RMON-MIB:rmon-mib-node-container-filter-list-channelEntry-channelStatus
6663 [Test worker] INFO  x.yang.diagram.YangDiagramGenerator  - CREATED ELEMENT FOR statement:io.typefox.yang.yang.impl.ListImpl@753a0eaa (name: channelEntry) WITH ID RMON-MIB:rmon-mib-node-container-filter-list-channelEntry
6663 [Test worker] INFO  x.yang.diagram.YangDiagramGenerator  - CREATED ELEMENT FOR statement:io.typefox.yang.yang.impl.ContainerImpl@22c63c2 (name: filter) WITH ID RMON-MIB:rmon-mib-node-container-filter
6664 [Test worker] INFO  x.yang.diagram.YangDiagramGenerator  - CREATED ELEMENT FOR statement:io.typefox.yang.yang.impl.LeafImpl@d1bb8b4 (name: bufferControlIndex) WITH ID RMON-MIB:rmon-mib-node-container-capture-list-bufferControlEntry-bufferControlIndex
6664 [Test worker] INFO  x.yang.diagram.YangDiagramGenerator  - CREATED ELEMENT FOR statement:io.typefox.yang.yang.impl.LeafImpl@669ac903 (name: bufferControlChannelIndex) WITH ID RMON-MIB:rmon-mib-node-container-capture-list-bufferControlEntry-bufferControlChannelIndex
6664 [Test worker] INFO  x.yang.diagram.YangDiagramGenerator  - CREATED ELEMENT FOR statement:io.typefox.yang.yang.impl.LeafImpl@43f0d424 (name: bufferControlFullStatus) WITH ID RMON-MIB:rmon-mib-node-container-capture-list-bufferControlEntry-bufferControlFullStatus
6664 [Test worker] INFO  x.yang.diagram.YangDiagramGenerator  - CREATED ELEMENT FOR statement:io.typefox.yang.yang.impl.LeafImpl@22239deb (name: bufferControlFullAction) WITH ID RMON-MIB:rmon-mib-node-container-capture-list-bufferControlEntry-bufferControlFullAction
6664 [Test worker] INFO  x.yang.diagram.YangDiagramGenerator  - CREATED ELEMENT FOR statement:io.typefox.yang.yang.impl.LeafImpl@722d4f03 (name: bufferControlCaptureSliceSize) WITH ID RMON-MIB:rmon-mib-node-container-capture-list-bufferControlEntry-bufferControlCaptureSliceSize
6664 [Test worker] INFO  x.yang.diagram.YangDiagramGenerator  - CREATED ELEMENT FOR statement:io.typefox.yang.yang.impl.LeafImpl@424f4294 (name: bufferControlDownloadSliceSize) WITH ID RMON-MIB:rmon-mib-node-container-capture-list-bufferControlEntry-bufferControlDownloadSliceSize
6664 [Test worker] INFO  x.yang.diagram.YangDiagramGenerator  - CREATED ELEMENT FOR statement:io.typefox.yang.yang.impl.LeafImpl@7dbff0d (name: bufferControlDownloadOffset) WITH ID RMON-MIB:rmon-mib-node-container-capture-list-bufferControlEntry-bufferControlDownloadOffset
6664 [Test worker] INFO  x.yang.diagram.YangDiagramGenerator  - CREATED ELEMENT FOR statement:io.typefox.yang.yang.impl.LeafImpl@39a9f6d8 (name: bufferControlMaxOctetsRequested) WITH ID RMON-MIB:rmon-mib-node-container-capture-list-bufferControlEntry-bufferControlMaxOctetsRequested
6664 [Test worker] INFO  x.yang.diagram.YangDiagramGenerator  - CREATED ELEMENT FOR statement:io.typefox.yang.yang.impl.LeafImpl@21e4e3b9 (name: bufferControlMaxOctetsGranted) WITH ID RMON-MIB:rmon-mib-node-container-capture-list-bufferControlEntry-bufferControlMaxOctetsGranted
6664 [Test worker] INFO  x.yang.diagram.YangDiagramGenerator  - CREATED ELEMENT FOR statement:io.typefox.yang.yang.impl.LeafImpl@19074ef3 (name: bufferControlCapturedPackets) WITH ID RMON-MIB:rmon-mib-node-container-capture-list-bufferControlEntry-bufferControlCapturedPackets
6664 [Test worker] INFO  x.yang.diagram.YangDiagramGenerator  - CREATED ELEMENT FOR statement:io.typefox.yang.yang.impl.LeafImpl@41fcf949 (name: bufferControlTurnOnTime) WITH ID RMON-MIB:rmon-mib-node-container-capture-list-bufferControlEntry-bufferControlTurnOnTime
6664 [Test worker] INFO  x.yang.diagram.YangDiagramGenerator  - CREATED ELEMENT FOR statement:io.typefox.yang.yang.impl.LeafImpl@3715c898 (name: bufferControlOwner) WITH ID RMON-MIB:rmon-mib-node-container-capture-list-bufferControlEntry-bufferControlOwner
6664 [Test worker] INFO  x.yang.diagram.YangDiagramGenerator  - CREATED ELEMENT FOR statement:io.typefox.yang.yang.impl.LeafImpl@316a1ce8 (name: bufferControlStatus) WITH ID RMON-MIB:rmon-mib-node-container-capture-list-bufferControlEntry-bufferControlStatus
6664 [Test worker] INFO  x.yang.diagram.YangDiagramGenerator  - CREATED ELEMENT FOR statement:io.typefox.yang.yang.impl.ListImpl@1239ace0 (name: bufferControlEntry) WITH ID RMON-MIB:rmon-mib-node-container-capture-list-bufferControlEntry
6664 [Test worker] INFO  x.yang.diagram.YangDiagramGenerator  - CREATED ELEMENT FOR statement:io.typefox.yang.yang.impl.LeafImpl@3429395f (name: captureBufferControlIndex) WITH ID RMON-MIB:rmon-mib-node-container-capture-list-captureBufferEntry-captureBufferControlIndex
6665 [Test worker] INFO  x.yang.diagram.YangDiagramGenerator  - CREATED ELEMENT FOR statement:io.typefox.yang.yang.impl.LeafImpl@2de1764a (name: captureBufferIndex) WITH ID RMON-MIB:rmon-mib-node-container-capture-list-captureBufferEntry-captureBufferIndex
6665 [Test worker] INFO  x.yang.diagram.YangDiagramGenerator  - CREATED ELEMENT FOR statement:io.typefox.yang.yang.impl.LeafImpl@4c8da242 (name: captureBufferPacketID) WITH ID RMON-MIB:rmon-mib-node-container-capture-list-captureBufferEntry-captureBufferPacketID
6665 [Test worker] INFO  x.yang.diagram.YangDiagramGenerator  - CREATED ELEMENT FOR statement:io.typefox.yang.yang.impl.LeafImpl@138c499f (name: captureBufferPacketData) WITH ID RMON-MIB:rmon-mib-node-container-capture-list-captureBufferEntry-captureBufferPacketData
6665 [Test worker] INFO  x.yang.diagram.YangDiagramGenerator  - CREATED ELEMENT FOR statement:io.typefox.yang.yang.impl.LeafImpl@6e927970 (name: captureBufferPacketLength) WITH ID RMON-MIB:rmon-mib-node-container-capture-list-captureBufferEntry-captureBufferPacketLength
6665 [Test worker] INFO  x.yang.diagram.YangDiagramGenerator  - CREATED ELEMENT FOR statement:io.typefox.yang.yang.impl.LeafImpl@48e701ce (name: captureBufferPacketTime) WITH ID RMON-MIB:rmon-mib-node-container-capture-list-captureBufferEntry-captureBufferPacketTime
6665 [Test worker] INFO  x.yang.diagram.YangDiagramGenerator  - CREATED ELEMENT FOR statement:io.typefox.yang.yang.impl.LeafImpl@69d92522 (name: captureBufferPacketStatus) WITH ID RMON-MIB:rmon-mib-node-container-capture-list-captureBufferEntry-captureBufferPacketStatus
6665 [Test worker] INFO  x.yang.diagram.YangDiagramGenerator  - CREATED ELEMENT FOR statement:io.typefox.yang.yang.impl.ListImpl@18e84937 (name: captureBufferEntry) WITH ID RMON-MIB:rmon-mib-node-container-capture-list-captureBufferEntry
6665 [Test worker] INFO  x.yang.diagram.YangDiagramGenerator  - CREATED ELEMENT FOR statement:io.typefox.yang.yang.impl.ContainerImpl@654ceaa3 (name: capture) WITH ID RMON-MIB:rmon-mib-node-container-capture
6665 [Test worker] INFO  x.yang.diagram.YangDiagramGenerator  - CREATED ELEMENT FOR statement:io.typefox.yang.yang.impl.LeafImpl@15d56eb5 (name: eventIndex) WITH ID RMON-MIB:rmon-mib-node-container-event-list-eventEntry-eventIndex
6665 [Test worker] INFO  x.yang.diagram.YangDiagramGenerator  - CREATED ELEMENT FOR statement:io.typefox.yang.yang.impl.LeafImpl@3505b918 (name: eventDescription) WITH ID RMON-MIB:rmon-mib-node-container-event-list-eventEntry-eventDescription
6665 [Test worker] INFO  x.yang.diagram.YangDiagramGenerator  - CREATED ELEMENT FOR statement:io.typefox.yang.yang.impl.LeafImpl@6ffeff7e (name: eventType) WITH ID RMON-MIB:rmon-mib-node-container-event-list-eventEntry-eventType
6665 [Test worker] INFO  x.yang.diagram.YangDiagramGenerator  - CREATED ELEMENT FOR statement:io.typefox.yang.yang.impl.LeafImpl@6d6509d0 (name: eventCommunity) WITH ID RMON-MIB:rmon-mib-node-container-event-list-eventEntry-eventCommunity
6665 [Test worker] INFO  x.yang.diagram.YangDiagramGenerator  - CREATED ELEMENT FOR statement:io.typefox.yang.yang.impl.LeafImpl@53fb620f (name: eventLastTimeSent) WITH ID RMON-MIB:rmon-mib-node-container-event-list-eventEntry-eventLastTimeSent
6666 [Test worker] INFO  x.yang.diagram.YangDiagramGenerator  - CREATED ELEMENT FOR statement:io.typefox.yang.yang.impl.LeafImpl@4baedc11 (name: eventOwner) WITH ID RMON-MIB:rmon-mib-node-container-event-list-eventEntry-eventOwner
6666 [Test worker] INFO  x.yang.diagram.YangDiagramGenerator  - CREATED ELEMENT FOR statement:io.typefox.yang.yang.impl.LeafImpl@53b3cf15 (name: eventStatus) WITH ID RMON-MIB:rmon-mib-node-container-event-list-eventEntry-eventStatus
6666 [Test worker] INFO  x.yang.diagram.YangDiagramGenerator  - CREATED ELEMENT FOR statement:io.typefox.yang.yang.impl.ListImpl@16dd773a (name: eventEntry) WITH ID RMON-MIB:rmon-mib-node-container-event-list-eventEntry
6666 [Test worker] INFO  x.yang.diagram.YangDiagramGenerator  - CREATED ELEMENT FOR statement:io.typefox.yang.yang.impl.LeafImpl@1ebe94f4 (name: logEventIndex) WITH ID RMON-MIB:rmon-mib-node-container-event-list-logEntry-logEventIndex
6666 [Test worker] INFO  x.yang.diagram.YangDiagramGenerator  - CREATED ELEMENT FOR statement:io.typefox.yang.yang.impl.LeafImpl@234d8d66 (name: logIndex) WITH ID RMON-MIB:rmon-mib-node-container-event-list-logEntry-logIndex
6666 [Test worker] INFO  x.yang.diagram.YangDiagramGenerator  - CREATED ELEMENT FOR statement:io.typefox.yang.yang.impl.LeafImpl@6ecb357d (name: logTime) WITH ID RMON-MIB:rmon-mib-node-container-event-list-logEntry-logTime
6666 [Test worker] INFO  x.yang.diagram.YangDiagramGenerator  - CREATED ELEMENT FOR statement:io.typefox.yang.yang.impl.LeafImpl@13d2eb39 (name: logDescription) WITH ID RMON-MIB:rmon-mib-node-container-event-list-logEntry-logDescription
6666 [Test worker] INFO  x.yang.diagram.YangDiagramGenerator  - CREATED ELEMENT FOR statement:io.typefox.yang.yang.impl.ListImpl@7921d483 (name: logEntry) WITH ID RMON-MIB:rmon-mib-node-container-event-list-logEntry
6666 [Test worker] INFO  x.yang.diagram.YangDiagramGenerator  - CREATED ELEMENT FOR statement:io.typefox.yang.yang.impl.ContainerImpl@36c8407c (name: event) WITH ID RMON-MIB:rmon-mib-node-container-event
6666 [Test worker] INFO  x.yang.diagram.YangDiagramGenerator  - CREATED ELEMENT FOR statement:io.typefox.yang.yang.impl.LeafImpl@11feb05 (name: alarmIndex) WITH ID RMON-MIB:rmon-mib-node-notification-risingAlarm-container-risingAlarm-alarmIndex-alarmIndex
6666 [Test worker] INFO  x.yang.diagram.YangDiagramGenerator  - CREATED ELEMENT FOR statement:io.typefox.yang.yang.impl.ContainerImpl@590433c (name: risingAlarm-alarmIndex) WITH ID RMON-MIB:rmon-mib-node-notification-risingAlarm-container-risingAlarm-alarmIndex
6667 [Test worker] INFO  x.yang.diagram.YangDiagramGenerator  - CREATED ELEMENT FOR statement:io.typefox.yang.yang.impl.LeafImpl@72620ac1 (name: alarmIndex) WITH ID RMON-MIB:rmon-mib-node-notification-risingAlarm-container-risingAlarm-alarmVariable-alarmIndex
6667 [Test worker] INFO  x.yang.diagram.YangDiagramGenerator  - CREATED ELEMENT FOR statement:io.typefox.yang.yang.impl.LeafImpl@65d6f51 (name: alarmVariable) WITH ID RMON-MIB:rmon-mib-node-notification-risingAlarm-container-risingAlarm-alarmVariable-alarmVariable
6667 [Test worker] INFO  x.yang.diagram.YangDiagramGenerator  - CREATED ELEMENT FOR statement:io.typefox.yang.yang.impl.ContainerImpl@78e4fb5c (name: risingAlarm-alarmVariable) WITH ID RMON-MIB:rmon-mib-node-notification-risingAlarm-container-risingAlarm-alarmVariable
6667 [Test worker] INFO  x.yang.diagram.YangDiagramGenerator  - CREATED ELEMENT FOR statement:io.typefox.yang.yang.impl.LeafImpl@7feadedf (name: alarmIndex) WITH ID RMON-MIB:rmon-mib-node-notification-risingAlarm-container-risingAlarm-alarmSampleType-alarmIndex
6667 [Test worker] INFO  x.yang.diagram.YangDiagramGenerator  - CREATED ELEMENT FOR statement:io.typefox.yang.yang.impl.LeafImpl@1dbcf7e1 (name: alarmSampleType) WITH ID RMON-MIB:rmon-mib-node-notification-risingAlarm-container-risingAlarm-alarmSampleType-alarmSampleType
6667 [Test worker] INFO  x.yang.diagram.YangDiagramGenerator  - CREATED ELEMENT FOR statement:io.typefox.yang.yang.impl.ContainerImpl@70f624e0 (name: risingAlarm-alarmSampleType) WITH ID RMON-MIB:rmon-mib-node-notification-risingAlarm-container-risingAlarm-alarmSampleType
6667 [Test worker] INFO  x.yang.diagram.YangDiagramGenerator  - CREATED ELEMENT FOR statement:io.typefox.yang.yang.impl.LeafImpl@2f971fb9 (name: alarmIndex) WITH ID RMON-MIB:rmon-mib-node-notification-risingAlarm-container-risingAlarm-alarmValue-alarmIndex
6667 [Test worker] INFO  x.yang.diagram.YangDiagramGenerator  - CREATED ELEMENT FOR statement:io.typefox.yang.yang.impl.LeafImpl@62230b2 (name: alarmValue) WITH ID RMON-MIB:rmon-mib-node-notification-risingAlarm-container-risingAlarm-alarmValue-alarmValue
6667 [Test worker] INFO  x.yang.diagram.YangDiagramGenerator  - CREATED ELEMENT FOR statement:io.typefox.yang.yang.impl.ContainerImpl@7c5bcc68 (name: risingAlarm-alarmValue) WITH ID RMON-MIB:rmon-mib-node-notification-risingAlarm-container-risingAlarm-alarmValue
6667 [Test worker] INFO  x.yang.diagram.YangDiagramGenerator  - CREATED ELEMENT FOR statement:io.typefox.yang.yang.impl.LeafImpl@3dcb3627 (name: alarmIndex) WITH ID RMON-MIB:rmon-mib-node-notification-risingAlarm-container-risingAlarm-alarmRisingThreshold-alarmIndex
6667 [Test worker] INFO  x.yang.diagram.YangDiagramGenerator  - CREATED ELEMENT FOR statement:io.typefox.yang.yang.impl.LeafImpl@2ab68cf0 (name: alarmRisingThreshold) WITH ID RMON-MIB:rmon-mib-node-notification-risingAlarm-container-risingAlarm-alarmRisingThreshold-alarmRisingThreshold
6667 [Test worker] INFO  x.yang.diagram.YangDiagramGenerator  - CREATED ELEMENT FOR statement:io.typefox.yang.yang.impl.ContainerImpl@3d068eb4 (name: risingAlarm-alarmRisingThreshold) WITH ID RMON-MIB:rmon-mib-node-notification-risingAlarm-container-risingAlarm-alarmRisingThreshold
6668 [Test worker] INFO  x.yang.diagram.YangDiagramGenerator  - CREATED ELEMENT FOR statement:io.typefox.yang.yang.impl.NotificationImpl@1f9c3df0 (name: risingAlarm) WITH ID RMON-MIB:rmon-mib-node-notification-risingAlarm
6668 [Test worker] INFO  x.yang.diagram.YangDiagramGenerator  - CREATED ELEMENT FOR statement:io.typefox.yang.yang.impl.LeafImpl@7b825a2a (name: alarmIndex) WITH ID RMON-MIB:rmon-mib-node-notification-fallingAlarm-container-fallingAlarm-alarmIndex-alarmIndex
6668 [Test worker] INFO  x.yang.diagram.YangDiagramGenerator  - CREATED ELEMENT FOR statement:io.typefox.yang.yang.impl.ContainerImpl@65cd98a6 (name: fallingAlarm-alarmIndex) WITH ID RMON-MIB:rmon-mib-node-notification-fallingAlarm-container-fallingAlarm-alarmIndex
6668 [Test worker] INFO  x.yang.diagram.YangDiagramGenerator  - CREATED ELEMENT FOR statement:io.typefox.yang.yang.impl.LeafImpl@6cb7c985 (name: alarmIndex) WITH ID RMON-MIB:rmon-mib-node-notification-fallingAlarm-container-fallingAlarm-alarmVariable-alarmIndex
6668 [Test worker] INFO  x.yang.diagram.YangDiagramGenerator  - CREATED ELEMENT FOR statement:io.typefox.yang.yang.impl.LeafImpl@12ba0a5e (name: alarmVariable) WITH ID RMON-MIB:rmon-mib-node-notification-fallingAlarm-container-fallingAlarm-alarmVariable-alarmVariable
6668 [Test worker] INFO  x.yang.diagram.YangDiagramGenerator  - CREATED ELEMENT FOR statement:io.typefox.yang.yang.impl.ContainerImpl@7b005129 (name: fallingAlarm-alarmVariable) WITH ID RMON-MIB:rmon-mib-node-notification-fallingAlarm-container-fallingAlarm-alarmVariable
6668 [Test worker] INFO  x.yang.diagram.YangDiagramGenerator  - CREATED ELEMENT FOR statement:io.typefox.yang.yang.impl.LeafImpl@7201ee47 (name: alarmIndex) WITH ID RMON-MIB:rmon-mib-node-notification-fallingAlarm-container-fallingAlarm-alarmSampleType-alarmIndex
6668 [Test worker] INFO  x.yang.diagram.YangDiagramGenerator  - CREATED ELEMENT FOR statement:io.typefox.yang.yang.impl.LeafImpl@2028ea63 (name: alarmSampleType) WITH ID RMON-MIB:rmon-mib-node-notification-fallingAlarm-container-fallingAlarm-alarmSampleType-alarmSampleType
6668 [Test worker] INFO  x.yang.diagram.YangDiagramGenerator  - CREATED ELEMENT FOR statement:io.typefox.yang.yang.impl.ContainerImpl@6202fcc2 (name: fallingAlarm-alarmSampleType) WITH ID RMON-MIB:rmon-mib-node-notification-fallingAlarm-container-fallingAlarm-alarmSampleType
6668 [Test worker] INFO  x.yang.diagram.YangDiagramGenerator  - CREATED ELEMENT FOR statement:io.typefox.yang.yang.impl.LeafImpl@1b7270b2 (name: alarmIndex) WITH ID RMON-MIB:rmon-mib-node-notification-fallingAlarm-container-fallingAlarm-alarmValue-alarmIndex
6668 [Test worker] INFO  x.yang.diagram.YangDiagramGenerator  - CREATED ELEMENT FOR statement:io.typefox.yang.yang.impl.LeafImpl@66fcd64d (name: alarmValue) WITH ID RMON-MIB:rmon-mib-node-notification-fallingAlarm-container-fallingAlarm-alarmValue-alarmValue
6669 [Test worker] INFO  x.yang.diagram.YangDiagramGenerator  - CREATED ELEMENT FOR statement:io.typefox.yang.yang.impl.ContainerImpl@1e04303 (name: fallingAlarm-alarmValue) WITH ID RMON-MIB:rmon-mib-node-notification-fallingAlarm-container-fallingAlarm-alarmValue
6669 [Test worker] INFO  x.yang.diagram.YangDiagramGenerator  - CREATED ELEMENT FOR statement:io.typefox.yang.yang.impl.LeafImpl@74f15b11 (name: alarmIndex) WITH ID RMON-MIB:rmon-mib-node-notification-fallingAlarm-container-fallingAlarm-alarmFallingThreshold-alarmIndex
6669 [Test worker] INFO  x.yang.diagram.YangDiagramGenerator  - CREATED ELEMENT FOR statement:io.typefox.yang.yang.impl.LeafImpl@7c8e42dd (name: alarmFallingThreshold) WITH ID RMON-MIB:rmon-mib-node-notification-fallingAlarm-container-fallingAlarm-alarmFallingThreshold-alarmFallingThreshold
6669 [Test worker] INFO  x.yang.diagram.YangDiagramGenerator  - CREATED ELEMENT FOR statement:io.typefox.yang.yang.impl.ContainerImpl@7cc0adbf (name: fallingAlarm-alarmFallingThreshold) WITH ID RMON-MIB:rmon-mib-node-notification-fallingAlarm-container-fallingAlarm-alarmFallingThreshold
6669 [Test worker] INFO  x.yang.diagram.YangDiagramGenerator  - CREATED ELEMENT FOR statement:io.typefox.yang.yang.impl.NotificationImpl@7fbb117f (name: fallingAlarm) WITH ID RMON-MIB:rmon-mib-node-notification-fallingAlarm
6669 [Test worker] INFO  x.yang.diagram.YangDiagramGenerator  - CREATED ELEMENT FOR statement:io.typefox.yang.yang.impl.ModuleImpl@16ce44a (name: RMON-MIB) WITH ID RMON-MIB:rmon-mib
6685 [Test worker] INFO  x.yang.diagram.YangDiagramGenerator  - Generating diagram for input: 'HCNUM-TC.yang'
6705 [Test worker] INFO  x.yang.diagram.YangDiagramGenerator  - CREATED ELEMENT FOR statement:io.typefox.yang.yang.impl.TypedefImpl@4e7e45e0 (name: CounterBasedGauge64) WITH ID HCNUM-TC:hcnum-tc-node-typedef-CounterBasedGauge64
6706 [Test worker] INFO  x.yang.diagram.YangDiagramGenerator  - CREATED ELEMENT FOR statement:io.typefox.yang.yang.impl.TypedefImpl@31ef8858 (name: ZeroBasedCounter64) WITH ID HCNUM-TC:hcnum-tc-node-typedef-ZeroBasedCounter64
6706 [Test worker] INFO  x.yang.diagram.YangDiagramGenerator  - CREATED ELEMENT FOR statement:io.typefox.yang.yang.impl.ModuleImpl@4fe645bf (name: HCNUM-TC) WITH ID HCNUM-TC:hcnum-tc
6734 [Test worker] INFO  x.yang.diagram.YangDiagramGenerator  - Generating diagram for input: 'SNMP-TARGET-MIB.yang'
6734 [Test worker] INFO  x.yang.diagram.YangDiagramGenerator  - CREATED ELEMENT FOR statement:io.typefox.yang.yang.impl.TypedefImpl@188688c1 (name: SnmpTagValue) WITH ID SNMP-TARGET-MIB:snmp-target-node-typedef-SnmpTagValue
6734 [Test worker] INFO  x.yang.diagram.YangDiagramGenerator  - CREATED ELEMENT FOR statement:io.typefox.yang.yang.impl.TypedefImpl@47c59d1f (name: SnmpTagList) WITH ID SNMP-TARGET-MIB:snmp-target-node-typedef-SnmpTagList
6734 [Test worker] INFO  x.yang.diagram.YangDiagramGenerator  - CREATED ELEMENT FOR statement:io.typefox.yang.yang.impl.LeafImpl@41e4442b (name: snmpTargetSpinLock) WITH ID SNMP-TARGET-MIB:snmp-target-node-container-snmpTargetObjects-snmpTargetSpinLock
6734 [Test worker] INFO  x.yang.diagram.YangDiagramGenerator  - CREATED ELEMENT FOR statement:io.typefox.yang.yang.impl.LeafImpl@1bed5a87 (name: snmpUnavailableContexts) WITH ID SNMP-TARGET-MIB:snmp-target-node-container-snmpTargetObjects-snmpUnavailableContexts
6734 [Test worker] INFO  x.yang.diagram.YangDiagramGenerator  - CREATED ELEMENT FOR statement:io.typefox.yang.yang.impl.LeafImpl@378119bb (name: snmpUnknownContexts) WITH ID SNMP-TARGET-MIB:snmp-target-node-container-snmpTargetObjects-snmpUnknownContexts
6734 [Test worker] INFO  x.yang.diagram.YangDiagramGenerator  - CREATED ELEMENT FOR statement:io.typefox.yang.yang.impl.LeafImpl@5c474731 (name: snmpTargetAddrName) WITH ID SNMP-TARGET-MIB:snmp-target-node-container-snmpTargetObjects-list-snmpTargetAddrEntry-snmpTargetAddrName
6735 [Test worker] INFO  x.yang.diagram.YangDiagramGenerator  - CREATED ELEMENT FOR statement:io.typefox.yang.yang.impl.LeafImpl@3f61958e (name: snmpTargetAddrTDomain) WITH ID SNMP-TARGET-MIB:snmp-target-node-container-snmpTargetObjects-list-snmpTargetAddrEntry-snmpTargetAddrTDomain
6735 [Test worker] INFO  x.yang.diagram.YangDiagramGenerator  - CREATED ELEMENT FOR statement:io.typefox.yang.yang.impl.LeafImpl@4e29d987 (name: snmpTargetAddrTAddress) WITH ID SNMP-TARGET-MIB:snmp-target-node-container-snmpTargetObjects-list-snmpTargetAddrEntry-snmpTargetAddrTAddress
6735 [Test worker] INFO  x.yang.diagram.YangDiagramGenerator  - CREATED ELEMENT FOR statement:io.typefox.yang.yang.impl.LeafImpl@71da4d38 (name: snmpTargetAddrTimeout) WITH ID SNMP-TARGET-MIB:snmp-target-node-container-snmpTargetObjects-list-snmpTargetAddrEntry-snmpTargetAddrTimeout
6735 [Test worker] INFO  x.yang.diagram.YangDiagramGenerator  - CREATED ELEMENT FOR statement:io.typefox.yang.yang.impl.LeafImpl@17c2f2fd (name: snmpTargetAddrRetryCount) WITH ID SNMP-TARGET-MIB:snmp-target-node-container-snmpTargetObjects-list-snmpTargetAddrEntry-snmpTargetAddrRetryCount
6735 [Test worker] INFO  x.yang.diagram.YangDiagramGenerator  - CREATED ELEMENT FOR statement:io.typefox.yang.yang.impl.LeafImpl@24bcd86e (name: snmpTargetAddrTagList) WITH ID SNMP-TARGET-MIB:snmp-target-node-container-snmpTargetObjects-list-snmpTargetAddrEntry-snmpTargetAddrTagList
6735 [Test worker] INFO  x.yang.diagram.YangDiagramGenerator  - CREATED ELEMENT FOR statement:io.typefox.yang.yang.impl.LeafImpl@24d9c89f (name: snmpTargetAddrParams) WITH ID SNMP-TARGET-MIB:snmp-target-node-container-snmpTargetObjects-list-snmpTargetAddrEntry-snmpTargetAddrParams
6735 [Test worker] INFO  x.yang.diagram.YangDiagramGenerator  - CREATED ELEMENT FOR statement:io.typefox.yang.yang.impl.LeafImpl@7c9f2b1 (name: snmpTargetAddrStorageType) WITH ID SNMP-TARGET-MIB:snmp-target-node-container-snmpTargetObjects-list-snmpTargetAddrEntry-snmpTargetAddrStorageType
6735 [Test worker] INFO  x.yang.diagram.YangDiagramGenerator  - CREATED ELEMENT FOR statement:io.typefox.yang.yang.impl.LeafImpl@79cadaf (name: snmpTargetAddrRowStatus) WITH ID SNMP-TARGET-MIB:snmp-target-node-container-snmpTargetObjects-list-snmpTargetAddrEntry-snmpTargetAddrRowStatus
6735 [Test worker] INFO  x.yang.diagram.YangDiagramGenerator  - CREATED ELEMENT FOR statement:io.typefox.yang.yang.impl.ListImpl@45a16a9a (name: snmpTargetAddrEntry) WITH ID SNMP-TARGET-MIB:snmp-target-node-container-snmpTargetObjects-list-snmpTargetAddrEntry
6735 [Test worker] INFO  x.yang.diagram.YangDiagramGenerator  - CREATED ELEMENT FOR statement:io.typefox.yang.yang.impl.LeafImpl@2fd6df81 (name: snmpTargetParamsName) WITH ID SNMP-TARGET-MIB:snmp-target-node-container-snmpTargetObjects-list-snmpTargetParamsEntry-snmpTargetParamsName
6735 [Test worker] INFO  x.yang.diagram.YangDiagramGenerator  - CREATED ELEMENT FOR statement:io.typefox.yang.yang.impl.LeafImpl@6742fcb0 (name: snmpTargetParamsMPModel) WITH ID SNMP-TARGET-MIB:snmp-target-node-container-snmpTargetObjects-list-snmpTargetParamsEntry-snmpTargetParamsMPModel
6735 [Test worker] INFO  x.yang.diagram.YangDiagramGenerator  - CREATED ELEMENT FOR statement:io.typefox.yang.yang.impl.LeafImpl@5d1c422 (name: snmpTargetParamsSecurityModel) WITH ID SNMP-TARGET-MIB:snmp-target-node-container-snmpTargetObjects-list-snmpTargetParamsEntry-snmpTargetParamsSecurityModel
6735 [Test worker] INFO  x.yang.diagram.YangDiagramGenerator  - CREATED ELEMENT FOR statement:io.typefox.yang.yang.impl.LeafImpl@4bea9bb8 (name: snmpTargetParamsSecurityName) WITH ID SNMP-TARGET-MIB:snmp-target-node-container-snmpTargetObjects-list-snmpTargetParamsEntry-snmpTargetParamsSecurityName
6735 [Test worker] INFO  x.yang.diagram.YangDiagramGenerator  - CREATED ELEMENT FOR statement:io.typefox.yang.yang.impl.LeafImpl@52596f93 (name: snmpTargetParamsSecurityLevel) WITH ID SNMP-TARGET-MIB:snmp-target-node-container-snmpTargetObjects-list-snmpTargetParamsEntry-snmpTargetParamsSecurityLevel
6735 [Test worker] INFO  x.yang.diagram.YangDiagramGenerator  - CREATED ELEMENT FOR statement:io.typefox.yang.yang.impl.LeafImpl@220eae14 (name: snmpTargetParamsStorageType) WITH ID SNMP-TARGET-MIB:snmp-target-node-container-snmpTargetObjects-list-snmpTargetParamsEntry-snmpTargetParamsStorageType
6735 [Test worker] INFO  x.yang.diagram.YangDiagramGenerator  - CREATED ELEMENT FOR statement:io.typefox.yang.yang.impl.LeafImpl@29f58ea3 (name: snmpTargetParamsRowStatus) WITH ID SNMP-TARGET-MIB:snmp-target-node-container-snmpTargetObjects-list-snmpTargetParamsEntry-snmpTargetParamsRowStatus
6735 [Test worker] INFO  x.yang.diagram.YangDiagramGenerator  - CREATED ELEMENT FOR statement:io.typefox.yang.yang.impl.ListImpl@36dde77e (name: snmpTargetParamsEntry) WITH ID SNMP-TARGET-MIB:snmp-target-node-container-snmpTargetObjects-list-snmpTargetParamsEntry
6735 [Test worker] INFO  x.yang.diagram.YangDiagramGenerator  - CREATED ELEMENT FOR statement:io.typefox.yang.yang.impl.ContainerImpl@2fe133c1 (name: snmpTargetObjects) WITH ID SNMP-TARGET-MIB:snmp-target-node-container-snmpTargetObjects
6736 [Test worker] INFO  x.yang.diagram.YangDiagramGenerator  - CREATED ELEMENT FOR statement:io.typefox.yang.yang.impl.ModuleImpl@78c84627 (name: SNMP-TARGET-MIB) WITH ID SNMP-TARGET-MIB:snmp-target
6842 [Test worker] INFO  x.yang.diagram.YangDiagramGenerator  - Generating diagram for input: 'ietf-snmp-notification.yang'
6842 [Test worker] INFO  x.yang.diagram.YangDiagramGenerator  - CREATED ELEMENT FOR statement:io.typefox.yang.yang.impl.LeafImpl@2fa89996 (name: enable-authen-traps) WITH ID ietf-snmp-notification-node-/snmp:snmp-augmentation-enable-authen-traps
6842 [Test worker] INFO  x.yang.diagram.YangDiagramGenerator  - CREATED ELEMENT FOR statement:io.typefox.yang.yang.impl.LeafImpl@1374f66a (name: name) WITH ID ietf-snmp-notification-node-/snmp:snmp-augmentation-list-notify-name
6842 [Test worker] INFO  x.yang.diagram.YangDiagramGenerator  - CREATED ELEMENT FOR statement:io.typefox.yang.yang.impl.LeafImpl@586979e (name: tag) WITH ID ietf-snmp-notification-node-/snmp:snmp-augmentation-list-notify-tag
6843 [Test worker] INFO  x.yang.diagram.YangDiagramGenerator  - CREATED ELEMENT FOR statement:io.typefox.yang.yang.impl.LeafImpl@325e4e1a (name: type) WITH ID ietf-snmp-notification-node-/snmp:snmp-augmentation-list-notify-type
6843 [Test worker] INFO  x.yang.diagram.YangDiagramGenerator  - CREATED ELEMENT FOR statement:io.typefox.yang.yang.impl.ListImpl@595115ee (name: notify) WITH ID ietf-snmp-notification-node-/snmp:snmp-augmentation-list-notify
6843 [Test worker] INFO  x.yang.diagram.YangDiagramGenerator  - CREATED ELEMENT FOR statement:io.typefox.yang.yang.impl.LeafImpl@6da26f08 (name: name) WITH ID ietf-snmp-notification-node-/snmp:snmp-augmentation-list-notify-filter-profile-name
6843 [Test worker] INFO  x.yang.diagram.YangDiagramGenerator  - CREATED ELEMENT FOR statement:io.typefox.yang.yang.impl.LeafListImpl@5ca92f45 (name: include) WITH ID ietf-snmp-notification-node-/snmp:snmp-augmentation-list-notify-filter-profile-include
6843 [Test worker] INFO  x.yang.diagram.YangDiagramGenerator  - CREATED ELEMENT FOR statement:io.typefox.yang.yang.impl.LeafListImpl@1cc78454 (name: exclude) WITH ID ietf-snmp-notification-node-/snmp:snmp-augmentation-list-notify-filter-profile-exclude
6843 [Test worker] INFO  x.yang.diagram.YangDiagramGenerator  - CREATED ELEMENT FOR statement:io.typefox.yang.yang.impl.ListImpl@4d680c47 (name: notify-filter-profile) WITH ID ietf-snmp-notification-node-/snmp:snmp-augmentation-list-notify-filter-profile
6843 [Test worker] INFO  x.yang.diagram.YangDiagramGenerator  - CREATED ELEMENT FOR statement:io.typefox.yang.yang.impl.AugmentImpl@334ce0cd WITH ID ietf-snmp-notification-node-/snmp:snmp-augmentation
6843 [Test worker] INFO  x.yang.diagram.YangDiagramGenerator  - CREATED ELEMENT FOR statement:io.typefox.yang.yang.impl.LeafImpl@260a32e6 (name: notify-filter-profile) WITH ID ietf-snmp-notification-node-/snmp:snmp/snmp:target-augmentation-notify-filter-profile
6843 [Test worker] INFO  x.yang.diagram.YangDiagramGenerator  - CREATED ELEMENT FOR statement:io.typefox.yang.yang.impl.AugmentImpl@64fe757 WITH ID ietf-snmp-notification-node-/snmp:snmp/snmp:target-augmentation
6843 [Test worker] INFO  x.yang.diagram.YangDiagramGenerator  - CREATED ELEMENT FOR statement:io.typefox.yang.yang.impl.SubmoduleImpl@bc8d9ed (name: ietf-snmp-notification) WITH ID ietf-snmp-notification
6936 [Test worker] INFO  x.yang.diagram.YangDiagramGenerator  - Generating diagram for input: 'SNMP-NOTIFICATION-MIB.yang'
6937 [Test worker] INFO  x.yang.diagram.YangDiagramGenerator  - CREATED ELEMENT FOR statement:io.typefox.yang.yang.impl.LeafImpl@4b910af0 (name: snmpNotifyName) WITH ID SNMP-NOTIFICATION-MIB:snmp-notification-node-container-snmpNotifyObjects-list-snmpNotifyEntry-snmpNotifyName
6937 [Test worker] INFO  x.yang.diagram.YangDiagramGenerator  - CREATED ELEMENT FOR statement:io.typefox.yang.yang.impl.LeafImpl@2cd2260e (name: snmpNotifyTag) WITH ID SNMP-NOTIFICATION-MIB:snmp-notification-node-container-snmpNotifyObjects-list-snmpNotifyEntry-snmpNotifyTag
6937 [Test worker] INFO  x.yang.diagram.YangDiagramGenerator  - CREATED ELEMENT FOR statement:io.typefox.yang.yang.impl.LeafImpl@562df402 (name: snmpNotifyType) WITH ID SNMP-NOTIFICATION-MIB:snmp-notification-node-container-snmpNotifyObjects-list-snmpNotifyEntry-snmpNotifyType
6937 [Test worker] INFO  x.yang.diagram.YangDiagramGenerator  - CREATED ELEMENT FOR statement:io.typefox.yang.yang.impl.LeafImpl@395b8f52 (name: snmpNotifyStorageType) WITH ID SNMP-NOTIFICATION-MIB:snmp-notification-node-container-snmpNotifyObjects-list-snmpNotifyEntry-snmpNotifyStorageType
6937 [Test worker] INFO  x.yang.diagram.YangDiagramGenerator  - CREATED ELEMENT FOR statement:io.typefox.yang.yang.impl.LeafImpl@7adec403 (name: snmpNotifyRowStatus) WITH ID SNMP-NOTIFICATION-MIB:snmp-notification-node-container-snmpNotifyObjects-list-snmpNotifyEntry-snmpNotifyRowStatus
6937 [Test worker] INFO  x.yang.diagram.YangDiagramGenerator  - CREATED ELEMENT FOR statement:io.typefox.yang.yang.impl.ListImpl@47817f00 (name: snmpNotifyEntry) WITH ID SNMP-NOTIFICATION-MIB:snmp-notification-node-container-snmpNotifyObjects-list-snmpNotifyEntry
6937 [Test worker] INFO  x.yang.diagram.YangDiagramGenerator  - CREATED ELEMENT FOR statement:io.typefox.yang.yang.impl.LeafImpl@7e350e16 (name: snmpTargetParamsName) WITH ID SNMP-NOTIFICATION-MIB:snmp-notification-node-container-snmpNotifyObjects-list-snmpNotifyFilterProfileEntry-snmpTargetParamsName
6938 [Test worker] INFO  x.yang.diagram.YangDiagramGenerator  - CREATED ELEMENT FOR statement:io.typefox.yang.yang.impl.LeafImpl@1bf12f9d (name: snmpNotifyFilterProfileName) WITH ID SNMP-NOTIFICATION-MIB:snmp-notification-node-container-snmpNotifyObjects-list-snmpNotifyFilterProfileEntry-snmpNotifyFilterProfileName
6938 [Test worker] INFO  x.yang.diagram.YangDiagramGenerator  - CREATED ELEMENT FOR statement:io.typefox.yang.yang.impl.LeafImpl@17830e3c (name: snmpNotifyFilterProfileStorType) WITH ID SNMP-NOTIFICATION-MIB:snmp-notification-node-container-snmpNotifyObjects-list-snmpNotifyFilterProfileEntry-snmpNotifyFilterProfileStorType
6938 [Test worker] INFO  x.yang.diagram.YangDiagramGenerator  - CREATED ELEMENT FOR statement:io.typefox.yang.yang.impl.LeafImpl@5b361ab3 (name: snmpNotifyFilterProfileRowStatus) WITH ID SNMP-NOTIFICATION-MIB:snmp-notification-node-container-snmpNotifyObjects-list-snmpNotifyFilterProfileEntry-snmpNotifyFilterProfileRowStatus
6938 [Test worker] INFO  x.yang.diagram.YangDiagramGenerator  - CREATED ELEMENT FOR statement:io.typefox.yang.yang.impl.ListImpl@d25ea7d (name: snmpNotifyFilterProfileEntry) WITH ID SNMP-NOTIFICATION-MIB:snmp-notification-node-container-snmpNotifyObjects-list-snmpNotifyFilterProfileEntry
6938 [Test worker] INFO  x.yang.diagram.YangDiagramGenerator  - CREATED ELEMENT FOR statement:io.typefox.yang.yang.impl.LeafImpl@1f3aa183 (name: snmpNotifyFilterProfileName) WITH ID SNMP-NOTIFICATION-MIB:snmp-notification-node-container-snmpNotifyObjects-list-snmpNotifyFilterEntry-snmpNotifyFilterProfileName
6938 [Test worker] INFO  x.yang.diagram.YangDiagramGenerator  - CREATED ELEMENT FOR statement:io.typefox.yang.yang.impl.LeafImpl@1047aeb6 (name: snmpNotifyFilterSubtree) WITH ID SNMP-NOTIFICATION-MIB:snmp-notification-node-container-snmpNotifyObjects-list-snmpNotifyFilterEntry-snmpNotifyFilterSubtree
6938 [Test worker] INFO  x.yang.diagram.YangDiagramGenerator  - CREATED ELEMENT FOR statement:io.typefox.yang.yang.impl.LeafImpl@7b4fcd8f (name: snmpNotifyFilterMask) WITH ID SNMP-NOTIFICATION-MIB:snmp-notification-node-container-snmpNotifyObjects-list-snmpNotifyFilterEntry-snmpNotifyFilterMask
6938 [Test worker] INFO  x.yang.diagram.YangDiagramGenerator  - CREATED ELEMENT FOR statement:io.typefox.yang.yang.impl.LeafImpl@591ba699 (name: snmpNotifyFilterType) WITH ID SNMP-NOTIFICATION-MIB:snmp-notification-node-container-snmpNotifyObjects-list-snmpNotifyFilterEntry-snmpNotifyFilterType
6938 [Test worker] INFO  x.yang.diagram.YangDiagramGenerator  - CREATED ELEMENT FOR statement:io.typefox.yang.yang.impl.LeafImpl@13673280 (name: snmpNotifyFilterStorageType) WITH ID SNMP-NOTIFICATION-MIB:snmp-notification-node-container-snmpNotifyObjects-list-snmpNotifyFilterEntry-snmpNotifyFilterStorageType
6938 [Test worker] INFO  x.yang.diagram.YangDiagramGenerator  - CREATED ELEMENT FOR statement:io.typefox.yang.yang.impl.LeafImpl@3e780c44 (name: snmpNotifyFilterRowStatus) WITH ID SNMP-NOTIFICATION-MIB:snmp-notification-node-container-snmpNotifyObjects-list-snmpNotifyFilterEntry-snmpNotifyFilterRowStatus
6938 [Test worker] INFO  x.yang.diagram.YangDiagramGenerator  - CREATED ELEMENT FOR statement:io.typefox.yang.yang.impl.ListImpl@3bde8db1 (name: snmpNotifyFilterEntry) WITH ID SNMP-NOTIFICATION-MIB:snmp-notification-node-container-snmpNotifyObjects-list-snmpNotifyFilterEntry
6938 [Test worker] INFO  x.yang.diagram.YangDiagramGenerator  - CREATED ELEMENT FOR statement:io.typefox.yang.yang.impl.ContainerImpl@3ff5cb3d (name: snmpNotifyObjects) WITH ID SNMP-NOTIFICATION-MIB:snmp-notification-node-container-snmpNotifyObjects
6938 [Test worker] INFO  x.yang.diagram.YangDiagramGenerator  - CREATED ELEMENT FOR statement:io.typefox.yang.yang.impl.ModuleImpl@15ac0d71 (name: SNMP-NOTIFICATION-MIB) WITH ID SNMP-NOTIFICATION-MIB:snmp-notification
6955 [Test worker] INFO  x.yang.diagram.YangDiagramGenerator  - Generating diagram for input: 'ietf-netconf-monitoring.yang'
6955 [Test worker] INFO  x.yang.diagram.YangDiagramGenerator  - CREATED ELEMENT FOR statement:io.typefox.yang.yang.impl.TypedefImpl@6133d41a (name: netconf-datastore-type) WITH ID ietf-netconf-monitoring:ncm-node-typedef-netconf-datastore-type
6956 [Test worker] INFO  x.yang.diagram.YangDiagramGenerator  - CREATED ELEMENT FOR statement:io.typefox.yang.yang.impl.IdentityImpl@5a2d3071 (name: transport) WITH ID ietf-netconf-monitoring:ncm-node-identity-transport
6957 [Test worker] INFO  x.yang.diagram.YangDiagramGenerator  - CREATED ELEMENT FOR statement:io.typefox.yang.yang.impl.IdentityImpl@7eb80d59 (name: schema-format) WITH ID ietf-netconf-monitoring:ncm-node-identity-schema-format
6957 [Test worker] INFO  x.yang.diagram.YangDiagramGenerator  - CREATED ELEMENT FOR statement:io.typefox.yang.yang.impl.LeafImpl@4da51447 (name: in-rpcs) WITH ID ietf-netconf-monitoring:ncm-node-grouping-common-counters-in-rpcs
6957 [Test worker] INFO  x.yang.diagram.YangDiagramGenerator  - CREATED ELEMENT FOR statement:io.typefox.yang.yang.impl.LeafImpl@7be25aa9 (name: in-bad-rpcs) WITH ID ietf-netconf-monitoring:ncm-node-grouping-common-counters-in-bad-rpcs
6957 [Test worker] INFO  x.yang.diagram.YangDiagramGenerator  - CREATED ELEMENT FOR statement:io.typefox.yang.yang.impl.LeafImpl@5ec0304a (name: out-rpc-errors) WITH ID ietf-netconf-monitoring:ncm-node-grouping-common-counters-out-rpc-errors
6957 [Test worker] INFO  x.yang.diagram.YangDiagramGenerator  - CREATED ELEMENT FOR statement:io.typefox.yang.yang.impl.LeafImpl@60ac2c0e (name: out-notifications) WITH ID ietf-netconf-monitoring:ncm-node-grouping-common-counters-out-notifications
6957 [Test worker] INFO  x.yang.diagram.YangDiagramGenerator  - CREATED ELEMENT FOR statement:io.typefox.yang.yang.impl.GroupingImpl@54e1b70 (name: common-counters) WITH ID ietf-netconf-monitoring:ncm-node-grouping-common-counters
6957 [Test worker] INFO  x.yang.diagram.YangDiagramGenerator  - CREATED ELEMENT FOR statement:io.typefox.yang.yang.impl.LeafListImpl@6c903e62 (name: capability) WITH ID ietf-netconf-monitoring:ncm-node-container-netconf-state-container-capabilities-capability
6957 [Test worker] INFO  x.yang.diagram.YangDiagramGenerator  - CREATED ELEMENT FOR statement:io.typefox.yang.yang.impl.ContainerImpl@338d01da (name: capabilities) WITH ID ietf-netconf-monitoring:ncm-node-container-netconf-state-container-capabilities
6957 [Test worker] INFO  x.yang.diagram.YangDiagramGenerator  - CREATED ELEMENT FOR statement:io.typefox.yang.yang.impl.LeafImpl@32c087f9 (name: name) WITH ID ietf-netconf-monitoring:ncm-node-container-netconf-state-container-datastores-list-datastore-name
6957 [Test worker] INFO  x.yang.diagram.YangDiagramGenerator  - CREATED ELEMENT FOR statement:io.typefox.yang.yang.impl.LeafImpl@47208f4a (name: locked-by-session) WITH ID ietf-netconf-monitoring:ncm-node-container-netconf-state-container-datastores-list-datastore-container-locks-grouping-lock-info-locked-by-session
6958 [Test worker] INFO  x.yang.diagram.YangDiagramGenerator  - CREATED ELEMENT FOR statement:io.typefox.yang.yang.impl.LeafImpl@2a2ecae2 (name: locked-time) WITH ID ietf-netconf-monitoring:ncm-node-container-netconf-state-container-datastores-list-datastore-container-locks-grouping-lock-info-locked-time
6958 [Test worker] INFO  x.yang.diagram.YangDiagramGenerator  - CREATED ELEMENT FOR statement:io.typefox.yang.yang.impl.GroupingImpl@71769dac (name: lock-info) WITH ID ietf-netconf-monitoring:ncm-node-container-netconf-state-container-datastores-list-datastore-container-locks-grouping-lock-info
6958 [Test worker] INFO  x.yang.diagram.YangDiagramGenerator  - CREATED ELEMENT FOR statement:io.typefox.yang.yang.impl.UsesImpl@47bf3334 WITH ID ietf-netconf-monitoring:ncm-node-container-netconf-state-container-datastores-list-datastore-container-locks-lock-type-choice-global-lock-case-global-lock-case-container-global-lock-uses lock-info-pill
6958 [Test worker] INFO  x.yang.diagram.YangDiagramGenerator  - CREATED ELEMENT FOR statement:io.typefox.yang.yang.impl.ContainerImpl@4a6ae56 (name: global-lock) WITH ID ietf-netconf-monitoring:ncm-node-container-netconf-state-container-datastores-list-datastore-container-locks-lock-type-choice-global-lock-case-global-lock-case-container-global-lock
6958 [Test worker] INFO  x.yang.diagram.YangDiagramGenerator  - CREATED ELEMENT FOR statement:io.typefox.yang.yang.impl.LeafImpl@58831dfa (name: lock-id) WITH ID ietf-netconf-monitoring:ncm-node-container-netconf-state-container-datastores-list-datastore-container-locks-lock-type-choice-partial-lock-case-partial-lock-case-list-partial-lock-lock-id
6958 [Test worker] INFO  x.yang.diagram.YangDiagramGenerator  - CREATED ELEMENT FOR statement:io.typefox.yang.yang.impl.LeafListImpl@1d5d60bb (name: select) WITH ID ietf-netconf-monitoring:ncm-node-container-netconf-state-container-datastores-list-datastore-container-locks-lock-type-choice-partial-lock-case-partial-lock-case-list-partial-lock-select
6958 [Test worker] INFO  x.yang.diagram.YangDiagramGenerator  - CREATED ELEMENT FOR statement:io.typefox.yang.yang.impl.LeafListImpl@2345c6b7 (name: locked-node) WITH ID ietf-netconf-monitoring:ncm-node-container-netconf-state-container-datastores-list-datastore-container-locks-lock-type-choice-partial-lock-case-partial-lock-case-list-partial-lock-locked-node
6958 [Test worker] INFO  x.yang.diagram.YangDiagramGenerator  - CREATED ELEMENT FOR statement:io.typefox.yang.yang.impl.UsesImpl@12201897 WITH ID ietf-netconf-monitoring:ncm-node-container-netconf-state-container-datastores-list-datastore-container-locks-lock-type-choice-partial-lock-case-partial-lock-case-list-partial-lock-uses lock-info-pill
6958 [Test worker] INFO  x.yang.diagram.YangDiagramGenerator  - CREATED ELEMENT FOR statement:io.typefox.yang.yang.impl.ListImpl@528cbbe4 (name: partial-lock) WITH ID ietf-netconf-monitoring:ncm-node-container-netconf-state-container-datastores-list-datastore-container-locks-lock-type-choice-partial-lock-case-partial-lock-case-list-partial-lock
6958 [Test worker] INFO  x.yang.diagram.YangDiagramGenerator  - CREATED ELEMENT FOR statement:io.typefox.yang.yang.impl.ChoiceImpl@24a241b6 (name: lock-type) WITH ID ietf-netconf-monitoring:ncm-node-container-netconf-state-container-datastores-list-datastore-container-locks-lock-type-choice
6958 [Test worker] INFO  x.yang.diagram.YangDiagramGenerator  - CREATED ELEMENT FOR statement:io.typefox.yang.yang.impl.ContainerImpl@295f5beb (name: locks) WITH ID ietf-netconf-monitoring:ncm-node-container-netconf-state-container-datastores-list-datastore-container-locks
6958 [Test worker] INFO  x.yang.diagram.YangDiagramGenerator  - CREATED ELEMENT FOR statement:io.typefox.yang.yang.impl.ListImpl@3ba91af7 (name: datastore) WITH ID ietf-netconf-monitoring:ncm-node-container-netconf-state-container-datastores-list-datastore
6959 [Test worker] INFO  x.yang.diagram.YangDiagramGenerator  - CREATED ELEMENT FOR statement:io.typefox.yang.yang.impl.ContainerImpl@c4dd5fd (name: datastores) WITH ID ietf-netconf-monitoring:ncm-node-container-netconf-state-container-datastores
6959 [Test worker] INFO  x.yang.diagram.YangDiagramGenerator  - CREATED ELEMENT FOR statement:io.typefox.yang.yang.impl.LeafImpl@3a549a33 (name: identifier) WITH ID ietf-netconf-monitoring:ncm-node-container-netconf-state-container-schemas-list-schema-identifier
6959 [Test worker] INFO  x.yang.diagram.YangDiagramGenerator  - CREATED ELEMENT FOR statement:io.typefox.yang.yang.impl.LeafImpl@69071e91 (name: version) WITH ID ietf-netconf-monitoring:ncm-node-container-netconf-state-container-schemas-list-schema-version
6959 [Test worker] INFO  x.yang.diagram.YangDiagramGenerator  - CREATED ELEMENT FOR statement:io.typefox.yang.yang.impl.LeafImpl@1a0adfe4 (name: format) WITH ID ietf-netconf-monitoring:ncm-node-container-netconf-state-container-schemas-list-schema-format
6959 [Test worker] INFO  x.yang.diagram.YangDiagramGenerator  - CREATED ELEMENT FOR statement:io.typefox.yang.yang.impl.LeafImpl@780a1365 (name: namespace) WITH ID ietf-netconf-monitoring:ncm-node-container-netconf-state-container-schemas-list-schema-namespace
6959 [Test worker] INFO  x.yang.diagram.YangDiagramGenerator  - CREATED ELEMENT FOR statement:io.typefox.yang.yang.impl.LeafListImpl@66119b55 (name: location) WITH ID ietf-netconf-monitoring:ncm-node-container-netconf-state-container-schemas-list-schema-location
6959 [Test worker] INFO  x.yang.diagram.YangDiagramGenerator  - CREATED ELEMENT FOR statement:io.typefox.yang.yang.impl.ListImpl@3733e290 (name: schema) WITH ID ietf-netconf-monitoring:ncm-node-container-netconf-state-container-schemas-list-schema
6959 [Test worker] INFO  x.yang.diagram.YangDiagramGenerator  - CREATED ELEMENT FOR statement:io.typefox.yang.yang.impl.ContainerImpl@7b0aee6d (name: schemas) WITH ID ietf-netconf-monitoring:ncm-node-container-netconf-state-container-schemas
6959 [Test worker] INFO  x.yang.diagram.YangDiagramGenerator  - CREATED ELEMENT FOR statement:io.typefox.yang.yang.impl.LeafImpl@53b35b52 (name: session-id) WITH ID ietf-netconf-monitoring:ncm-node-container-netconf-state-container-sessions-list-session-session-id
6959 [Test worker] INFO  x.yang.diagram.YangDiagramGenerator  - CREATED ELEMENT FOR statement:io.typefox.yang.yang.impl.LeafImpl@3912b942 (name: transport) WITH ID ietf-netconf-monitoring:ncm-node-container-netconf-state-container-sessions-list-session-transport
6959 [Test worker] INFO  x.yang.diagram.YangDiagramGenerator  - CREATED ELEMENT FOR statement:io.typefox.yang.yang.impl.LeafImpl@119deb92 (name: username) WITH ID ietf-netconf-monitoring:ncm-node-container-netconf-state-container-sessions-list-session-username
6959 [Test worker] INFO  x.yang.diagram.YangDiagramGenerator  - CREATED ELEMENT FOR statement:io.typefox.yang.yang.impl.LeafImpl@3d48164a (name: source-host) WITH ID ietf-netconf-monitoring:ncm-node-container-netconf-state-container-sessions-list-session-source-host
6960 [Test worker] INFO  x.yang.diagram.YangDiagramGenerator  - CREATED ELEMENT FOR statement:io.typefox.yang.yang.impl.LeafImpl@7468a37a (name: login-time) WITH ID ietf-netconf-monitoring:ncm-node-container-netconf-state-container-sessions-list-session-login-time
6960 [Test worker] INFO  x.yang.diagram.YangDiagramGenerator  - CREATED ELEMENT FOR statement:io.typefox.yang.yang.impl.UsesImpl@589ccc1c WITH ID ietf-netconf-monitoring:ncm-node-container-netconf-state-container-sessions-list-session-uses common-counters-pill
6960 [Test worker] INFO  x.yang.diagram.YangDiagramGenerator  - CREATED ELEMENT FOR statement:io.typefox.yang.yang.impl.ListImpl@26a36de6 (name: session) WITH ID ietf-netconf-monitoring:ncm-node-container-netconf-state-container-sessions-list-session
6960 [Test worker] INFO  x.yang.diagram.YangDiagramGenerator  - CREATED ELEMENT FOR statement:io.typefox.yang.yang.impl.ContainerImpl@5ba4d53e (name: sessions) WITH ID ietf-netconf-monitoring:ncm-node-container-netconf-state-container-sessions
6960 [Test worker] INFO  x.yang.diagram.YangDiagramGenerator  - CREATED ELEMENT FOR statement:io.typefox.yang.yang.impl.LeafImpl@6a66ce43 (name: netconf-start-time) WITH ID ietf-netconf-monitoring:ncm-node-container-netconf-state-container-statistics-netconf-start-time
6960 [Test worker] INFO  x.yang.diagram.YangDiagramGenerator  - CREATED ELEMENT FOR statement:io.typefox.yang.yang.impl.LeafImpl@54a4133f (name: in-bad-hellos) WITH ID ietf-netconf-monitoring:ncm-node-container-netconf-state-container-statistics-in-bad-hellos
6960 [Test worker] INFO  x.yang.diagram.YangDiagramGenerator  - CREATED ELEMENT FOR statement:io.typefox.yang.yang.impl.LeafImpl@69558810 (name: in-sessions) WITH ID ietf-netconf-monitoring:ncm-node-container-netconf-state-container-statistics-in-sessions
6960 [Test worker] INFO  x.yang.diagram.YangDiagramGenerator  - CREATED ELEMENT FOR statement:io.typefox.yang.yang.impl.LeafImpl@14a5ad21 (name: dropped-sessions) WITH ID ietf-netconf-monitoring:ncm-node-container-netconf-state-container-statistics-dropped-sessions
6960 [Test worker] INFO  x.yang.diagram.YangDiagramGenerator  - CREATED ELEMENT FOR statement:io.typefox.yang.yang.impl.UsesImpl@48ed7d20 WITH ID ietf-netconf-monitoring:ncm-node-container-netconf-state-container-statistics-uses common-counters-pill
6960 [Test worker] INFO  x.yang.diagram.YangDiagramGenerator  - CREATED ELEMENT FOR statement:io.typefox.yang.yang.impl.ContainerImpl@3ca4b2e9 (name: statistics) WITH ID ietf-netconf-monitoring:ncm-node-container-netconf-state-container-statistics
6960 [Test worker] INFO  x.yang.diagram.YangDiagramGenerator  - CREATED ELEMENT FOR statement:io.typefox.yang.yang.impl.ContainerImpl@7974b865 (name: netconf-state) WITH ID ietf-netconf-monitoring:ncm-node-container-netconf-state
6960 [Test worker] INFO  x.yang.diagram.YangDiagramGenerator  - CREATED ELEMENT FOR statement:io.typefox.yang.yang.impl.LeafImpl@4001decf (name: identifier) WITH ID ietf-netconf-monitoring:ncm-node-rpc get-schema-pill-input-identifier
6960 [Test worker] INFO  x.yang.diagram.YangDiagramGenerator  - CREATED ELEMENT FOR statement:io.typefox.yang.yang.impl.LeafImpl@63a6bf92 (name: version) WITH ID ietf-netconf-monitoring:ncm-node-rpc get-schema-pill-input-version
6960 [Test worker] INFO  x.yang.diagram.YangDiagramGenerator  - CREATED ELEMENT FOR statement:io.typefox.yang.yang.impl.LeafImpl@7a0c7af5 (name: format) WITH ID ietf-netconf-monitoring:ncm-node-rpc get-schema-pill-input-format
6960 [Test worker] INFO  x.yang.diagram.YangDiagramGenerator  - CREATED ELEMENT FOR statement:io.typefox.yang.yang.impl.InputImpl@26674241 (name: null) WITH ID ietf-netconf-monitoring:ncm-node-rpc get-schema-pill-input
6961 [Test worker] INFO  x.yang.diagram.YangDiagramGenerator  - CREATED ELEMENT FOR statement:io.typefox.yang.yang.impl.OutputImpl@685e17e4 (name: null) WITH ID ietf-netconf-monitoring:ncm-node-rpc get-schema-pill-output
6961 [Test worker] INFO  x.yang.diagram.YangDiagramGenerator  - CREATED ELEMENT FOR statement:io.typefox.yang.yang.impl.RpcImpl@3e527f52 (name: get-schema) WITH ID ietf-netconf-monitoring:ncm-node-rpc get-schema-pill
6961 [Test worker] INFO  x.yang.diagram.YangDiagramGenerator  - CREATED ELEMENT FOR statement:io.typefox.yang.yang.impl.ModuleImpl@271061bf (name: ietf-netconf-monitoring) WITH ID ietf-netconf-monitoring:ncm
7008 [Test worker] INFO  x.yang.diagram.YangDiagramGenerator  - Generating diagram for input: 'ietf-ipfix-psamp.yang'
7008 [Test worker] INFO  x.yang.diagram.YangDiagramGenerator  - CREATED ELEMENT FOR statement:io.typefox.yang.yang.impl.IdentityImpl@fe2fcee (name: hashFunction) WITH ID ietf-ipfix-psamp:ipfix-node-identity-hashFunction
7008 [Test worker] INFO  x.yang.diagram.YangDiagramGenerator  - CREATED ELEMENT FOR statement:io.typefox.yang.yang.impl.IdentityImpl@53c2ce4d (name: exportMode) WITH ID ietf-ipfix-psamp:ipfix-node-identity-exportMode
7008 [Test worker] INFO  x.yang.diagram.YangDiagramGenerator  - CREATED ELEMENT FOR statement:io.typefox.yang.yang.impl.IdentityImpl@1e195979 (name: optionsType) WITH ID ietf-ipfix-psamp:ipfix-node-identity-optionsType
7008 [Test worker] INFO  x.yang.diagram.YangDiagramGenerator  - CREATED ELEMENT FOR statement:io.typefox.yang.yang.impl.TypedefImpl@76cc9991 (name: ieNameType) WITH ID ietf-ipfix-psamp:ipfix-node-typedef-ieNameType
7008 [Test worker] INFO  x.yang.diagram.YangDiagramGenerator  - CREATED ELEMENT FOR statement:io.typefox.yang.yang.impl.TypedefImpl@6ed11e2a (name: ieIdType) WITH ID ietf-ipfix-psamp:ipfix-node-typedef-ieIdType
7008 [Test worker] INFO  x.yang.diagram.YangDiagramGenerator  - CREATED ELEMENT FOR statement:io.typefox.yang.yang.impl.TypedefImpl@2b24051b (name: nameType) WITH ID ietf-ipfix-psamp:ipfix-node-typedef-nameType
7008 [Test worker] INFO  x.yang.diagram.YangDiagramGenerator  - CREATED ELEMENT FOR statement:io.typefox.yang.yang.impl.TypedefImpl@7f224397 (name: ifNameType) WITH ID ietf-ipfix-psamp:ipfix-node-typedef-ifNameType
7009 [Test worker] INFO  x.yang.diagram.YangDiagramGenerator  - CREATED ELEMENT FOR statement:io.typefox.yang.yang.impl.TypedefImpl@6d304df3 (name: direction) WITH ID ietf-ipfix-psamp:ipfix-node-typedef-direction
7009 [Test worker] INFO  x.yang.diagram.YangDiagramGenerator  - CREATED ELEMENT FOR statement:io.typefox.yang.yang.impl.TypedefImpl@bf63e31 (name: transportSessionStatus) WITH ID ietf-ipfix-psamp:ipfix-node-typedef-transportSessionStatus
7009 [Test worker] INFO  x.yang.diagram.YangDiagramGenerator  - CREATED ELEMENT FOR statement:io.typefox.yang.yang.impl.LeafImpl@f1ee89 (name: observationPointId) WITH ID ietf-ipfix-psamp:ipfix-node-grouping-observationPointParameters-observationPointId
7009 [Test worker] INFO  x.yang.diagram.YangDiagramGenerator  - CREATED ELEMENT FOR statement:io.typefox.yang.yang.impl.LeafImpl@6d222bfb (name: observationDomainId) WITH ID ietf-ipfix-psamp:ipfix-node-grouping-observationPointParameters-observationDomainId
7009 [Test worker] INFO  x.yang.diagram.YangDiagramGenerator  - CREATED ELEMENT FOR statement:io.typefox.yang.yang.impl.LeafListImpl@212bc79 (name: ifName) WITH ID ietf-ipfix-psamp:ipfix-node-grouping-observationPointParameters-ifName
7009 [Test worker] INFO  x.yang.diagram.YangDiagramGenerator  - CREATED ELEMENT FOR statement:io.typefox.yang.yang.impl.LeafListImpl@38af1dbc (name: ifIndex) WITH ID ietf-ipfix-psamp:ipfix-node-grouping-observationPointParameters-ifIndex
7009 [Test worker] INFO  x.yang.diagram.YangDiagramGenerator  - CREATED ELEMENT FOR statement:io.typefox.yang.yang.impl.LeafListImpl@37a53986 (name: entPhysicalName) WITH ID ietf-ipfix-psamp:ipfix-node-grouping-observationPointParameters-entPhysicalName
7009 [Test worker] INFO  x.yang.diagram.YangDiagramGenerator  - CREATED ELEMENT FOR statement:io.typefox.yang.yang.impl.LeafListImpl@4b24a17a (name: entPhysicalIndex) WITH ID ietf-ipfix-psamp:ipfix-node-grouping-observationPointParameters-entPhysicalIndex
7009 [Test worker] INFO  x.yang.diagram.YangDiagramGenerator  - CREATED ELEMENT FOR statement:io.typefox.yang.yang.impl.LeafImpl@5cc22d13 (name: direction) WITH ID ietf-ipfix-psamp:ipfix-node-grouping-observationPointParameters-direction
7009 [Test worker] INFO  x.yang.diagram.YangDiagramGenerator  - CREATED ELEMENT FOR statement:io.typefox.yang.yang.impl.GroupingImpl@1cc099ca (name: observationPointParameters) WITH ID ietf-ipfix-psamp:ipfix-node-grouping-observationPointParameters
7009 [Test worker] INFO  x.yang.diagram.YangDiagramGenerator  - CREATED ELEMENT FOR statement:io.typefox.yang.yang.impl.LeafImpl@237fadd (name: packetInterval) WITH ID ietf-ipfix-psamp:ipfix-node-grouping-sampCountBasedParameters-packetInterval
7009 [Test worker] INFO  x.yang.diagram.YangDiagramGenerator  - CREATED ELEMENT FOR statement:io.typefox.yang.yang.impl.LeafImpl@6c76b490 (name: packetSpace) WITH ID ietf-ipfix-psamp:ipfix-node-grouping-sampCountBasedParameters-packetSpace
7009 [Test worker] INFO  x.yang.diagram.YangDiagramGenerator  - CREATED ELEMENT FOR statement:io.typefox.yang.yang.impl.GroupingImpl@2191b6b8 (name: sampCountBasedParameters) WITH ID ietf-ipfix-psamp:ipfix-node-grouping-sampCountBasedParameters
7009 [Test worker] INFO  x.yang.diagram.YangDiagramGenerator  - CREATED ELEMENT FOR statement:io.typefox.yang.yang.impl.LeafImpl@39876589 (name: timeInterval) WITH ID ietf-ipfix-psamp:ipfix-node-grouping-sampTimeBasedParameters-timeInterval
7010 [Test worker] INFO  x.yang.diagram.YangDiagramGenerator  - CREATED ELEMENT FOR statement:io.typefox.yang.yang.impl.LeafImpl@45b8176 (name: timeSpace) WITH ID ietf-ipfix-psamp:ipfix-node-grouping-sampTimeBasedParameters-timeSpace
7010 [Test worker] INFO  x.yang.diagram.YangDiagramGenerator  - CREATED ELEMENT FOR statement:io.typefox.yang.yang.impl.GroupingImpl@5dd07759 (name: sampTimeBasedParameters) WITH ID ietf-ipfix-psamp:ipfix-node-grouping-sampTimeBasedParameters
7010 [Test worker] INFO  x.yang.diagram.YangDiagramGenerator  - CREATED ELEMENT FOR statement:io.typefox.yang.yang.impl.LeafImpl@71d83e2d (name: size) WITH ID ietf-ipfix-psamp:ipfix-node-grouping-sampRandOutOfNParameters-size
7010 [Test worker] INFO  x.yang.diagram.YangDiagramGenerator  - CREATED ELEMENT FOR statement:io.typefox.yang.yang.impl.LeafImpl@73f1a6b2 (name: population) WITH ID ietf-ipfix-psamp:ipfix-node-grouping-sampRandOutOfNParameters-population
7010 [Test worker] INFO  x.yang.diagram.YangDiagramGenerator  - CREATED ELEMENT FOR statement:io.typefox.yang.yang.impl.GroupingImpl@2bf9c98b (name: sampRandOutOfNParameters) WITH ID ietf-ipfix-psamp:ipfix-node-grouping-sampRandOutOfNParameters
7010 [Test worker] INFO  x.yang.diagram.YangDiagramGenerator  - CREATED ELEMENT FOR statement:io.typefox.yang.yang.impl.LeafImpl@75cd1912 (name: probability) WITH ID ietf-ipfix-psamp:ipfix-node-grouping-sampUniProbParameters-probability
7010 [Test worker] INFO  x.yang.diagram.YangDiagramGenerator  - CREATED ELEMENT FOR statement:io.typefox.yang.yang.impl.GroupingImpl@45d468d0 (name: sampUniProbParameters) WITH ID ietf-ipfix-psamp:ipfix-node-grouping-sampUniProbParameters
7010 [Test worker] INFO  x.yang.diagram.YangDiagramGenerator  - CREATED ELEMENT FOR statement:io.typefox.yang.yang.impl.LeafImpl@3bee92ee (name: ieEnterpriseNumber) WITH ID ietf-ipfix-psamp:ipfix-node-grouping-filterMatchParameters-ieEnterpriseNumber
7010 [Test worker] INFO  x.yang.diagram.YangDiagramGenerator  - CREATED ELEMENT FOR statement:io.typefox.yang.yang.impl.LeafImpl@5ebea189 (name: value) WITH ID ietf-ipfix-psamp:ipfix-node-grouping-filterMatchParameters-value
7010 [Test worker] INFO  x.yang.diagram.YangDiagramGenerator  - CREATED ELEMENT FOR statement:io.typefox.yang.yang.impl.LeafImpl@43a626c5 (name: ieName) WITH ID ietf-ipfix-psamp:ipfix-node-grouping-filterMatchParameters-nameOrId-choice-ieName-case-ieName-case-ieName
7010 [Test worker] INFO  x.yang.diagram.YangDiagramGenerator  - CREATED ELEMENT FOR statement:io.typefox.yang.yang.impl.LeafImpl@25d25489 (name: ieId) WITH ID ietf-ipfix-psamp:ipfix-node-grouping-filterMatchParameters-nameOrId-choice-ieId-case-ieId-case-ieId
7010 [Test worker] INFO  x.yang.diagram.YangDiagramGenerator  - CREATED ELEMENT FOR statement:io.typefox.yang.yang.impl.ChoiceImpl@6a64db3f (name: nameOrId) WITH ID ietf-ipfix-psamp:ipfix-node-grouping-filterMatchParameters-nameOrId-choice
7010 [Test worker] INFO  x.yang.diagram.YangDiagramGenerator  - CREATED ELEMENT FOR statement:io.typefox.yang.yang.impl.GroupingImpl@417d8d13 (name: filterMatchParameters) WITH ID ietf-ipfix-psamp:ipfix-node-grouping-filterMatchParameters
7010 [Test worker] INFO  x.yang.diagram.YangDiagramGenerator  - CREATED ELEMENT FOR statement:io.typefox.yang.yang.impl.LeafImpl@339f0bf7 (name: hashFunction) WITH ID ietf-ipfix-psamp:ipfix-node-grouping-filterHashParameters-hashFunction
7010 [Test worker] INFO  x.yang.diagram.YangDiagramGenerator  - CREATED ELEMENT FOR statement:io.typefox.yang.yang.impl.LeafImpl@4de7711 (name: initializerValue) WITH ID ietf-ipfix-psamp:ipfix-node-grouping-filterHashParameters-initializerValue
7010 [Test worker] INFO  x.yang.diagram.YangDiagramGenerator  - CREATED ELEMENT FOR statement:io.typefox.yang.yang.impl.LeafImpl@482ff996 (name: ipPayloadOffset) WITH ID ietf-ipfix-psamp:ipfix-node-grouping-filterHashParameters-ipPayloadOffset
7011 [Test worker] INFO  x.yang.diagram.YangDiagramGenerator  - CREATED ELEMENT FOR statement:io.typefox.yang.yang.impl.LeafImpl@6517e095 (name: ipPayloadSize) WITH ID ietf-ipfix-psamp:ipfix-node-grouping-filterHashParameters-ipPayloadSize
7011 [Test worker] INFO  x.yang.diagram.YangDiagramGenerator  - CREATED ELEMENT FOR statement:io.typefox.yang.yang.impl.LeafImpl@2e9c8f73 (name: digestOutput) WITH ID ietf-ipfix-psamp:ipfix-node-grouping-filterHashParameters-digestOutput
7011 [Test worker] INFO  x.yang.diagram.YangDiagramGenerator  - CREATED ELEMENT FOR statement:io.typefox.yang.yang.impl.LeafImpl@598d034e (name: outputRangeMin) WITH ID ietf-ipfix-psamp:ipfix-node-grouping-filterHashParameters-outputRangeMin
7011 [Test worker] INFO  x.yang.diagram.YangDiagramGenerator  - CREATED ELEMENT FOR statement:io.typefox.yang.yang.impl.LeafImpl@6ed9b2a0 (name: outputRangeMax) WITH ID ietf-ipfix-psamp:ipfix-node-grouping-filterHashParameters-outputRangeMax
7011 [Test worker] INFO  x.yang.diagram.YangDiagramGenerator  - CREATED ELEMENT FOR statement:io.typefox.yang.yang.impl.LeafImpl@3490e4a6 (name: name) WITH ID ietf-ipfix-psamp:ipfix-node-grouping-filterHashParameters-list-selectedRange-name
7011 [Test worker] INFO  x.yang.diagram.YangDiagramGenerator  - CREATED ELEMENT FOR statement:io.typefox.yang.yang.impl.LeafImpl@7e3d1250 (name: min) WITH ID ietf-ipfix-psamp:ipfix-node-grouping-filterHashParameters-list-selectedRange-min
7011 [Test worker] INFO  x.yang.diagram.YangDiagramGenerator  - CREATED ELEMENT FOR statement:io.typefox.yang.yang.impl.LeafImpl@4f1bf9aa (name: max) WITH ID ietf-ipfix-psamp:ipfix-node-grouping-filterHashParameters-list-selectedRange-max
7011 [Test worker] INFO  x.yang.diagram.YangDiagramGenerator  - CREATED ELEMENT FOR statement:io.typefox.yang.yang.impl.ListImpl@6cf41e5b (name: selectedRange) WITH ID ietf-ipfix-psamp:ipfix-node-grouping-filterHashParameters-list-selectedRange
7011 [Test worker] INFO  x.yang.diagram.YangDiagramGenerator  - CREATED ELEMENT FOR statement:io.typefox.yang.yang.impl.GroupingImpl@5ff272b7 (name: filterHashParameters) WITH ID ietf-ipfix-psamp:ipfix-node-grouping-filterHashParameters
7011 [Test worker] INFO  x.yang.diagram.YangDiagramGenerator  - CREATED ELEMENT FOR statement:io.typefox.yang.yang.impl.LeafImpl@49cb548b (name: packetsObserved) WITH ID ietf-ipfix-psamp:ipfix-node-grouping-selectorParameters-packetsObserved
7011 [Test worker] INFO  x.yang.diagram.YangDiagramGenerator  - CREATED ELEMENT FOR statement:io.typefox.yang.yang.impl.LeafImpl@590d22b1 (name: packetsDropped) WITH ID ietf-ipfix-psamp:ipfix-node-grouping-selectorParameters-packetsDropped
7011 [Test worker] INFO  x.yang.diagram.YangDiagramGenerator  - CREATED ELEMENT FOR statement:io.typefox.yang.yang.impl.LeafImpl@15c7e90d (name: selectorDiscontinuityTime) WITH ID ietf-ipfix-psamp:ipfix-node-grouping-selectorParameters-selectorDiscontinuityTime
7011 [Test worker] INFO  x.yang.diagram.YangDiagramGenerator  - CREATED ELEMENT FOR statement:io.typefox.yang.yang.impl.LeafImpl@59ec56c8 (name: selectAll) WITH ID ietf-ipfix-psamp:ipfix-node-grouping-selectorParameters-Method-choice-selectAll-case-selectAll-case-selectAll
7012 [Test worker] INFO  x.yang.diagram.YangDiagramGenerator  - CREATED ELEMENT FOR statement:io.typefox.yang.yang.impl.UsesImpl@4a902e72 WITH ID ietf-ipfix-psamp:ipfix-node-grouping-selectorParameters-Method-choice-sampCountBased-case-sampCountBased-case-container-sampCountBased-uses sampCountBasedParameters-pill
7012 [Test worker] INFO  x.yang.diagram.YangDiagramGenerator  - CREATED ELEMENT FOR statement:io.typefox.yang.yang.impl.ContainerImpl@7ab8853b (name: sampCountBased) WITH ID ietf-ipfix-psamp:ipfix-node-grouping-selectorParameters-Method-choice-sampCountBased-case-sampCountBased-case-container-sampCountBased
7012 [Test worker] INFO  x.yang.diagram.YangDiagramGenerator  - CREATED ELEMENT FOR statement:io.typefox.yang.yang.impl.UsesImpl@509d94e0 WITH ID ietf-ipfix-psamp:ipfix-node-grouping-selectorParameters-Method-choice-sampTimeBased-case-sampTimeBased-case-container-sampTimeBased-uses sampTimeBasedParameters-pill
7012 [Test worker] INFO  x.yang.diagram.YangDiagramGenerator  - CREATED ELEMENT FOR statement:io.typefox.yang.yang.impl.ContainerImpl@6b7cd22d (name: sampTimeBased) WITH ID ietf-ipfix-psamp:ipfix-node-grouping-selectorParameters-Method-choice-sampTimeBased-case-sampTimeBased-case-container-sampTimeBased
7012 [Test worker] INFO  x.yang.diagram.YangDiagramGenerator  - CREATED ELEMENT FOR statement:io.typefox.yang.yang.impl.UsesImpl@20d4928e WITH ID ietf-ipfix-psamp:ipfix-node-grouping-selectorParameters-Method-choice-sampRandOutOfN-case-sampRandOutOfN-case-container-sampRandOutOfN-uses sampRandOutOfNParameters-pill
7012 [Test worker] INFO  x.yang.diagram.YangDiagramGenerator  - CREATED ELEMENT FOR statement:io.typefox.yang.yang.impl.ContainerImpl@1e7b4af2 (name: sampRandOutOfN) WITH ID ietf-ipfix-psamp:ipfix-node-grouping-selectorParameters-Method-choice-sampRandOutOfN-case-sampRandOutOfN-case-container-sampRandOutOfN
7012 [Test worker] INFO  x.yang.diagram.YangDiagramGenerator  - CREATED ELEMENT FOR statement:io.typefox.yang.yang.impl.UsesImpl@22fdf749 WITH ID ietf-ipfix-psamp:ipfix-node-grouping-selectorParameters-Method-choice-sampUniProb-case-sampUniProb-case-container-sampUniProb-uses sampUniProbParameters-pill
7012 [Test worker] INFO  x.yang.diagram.YangDiagramGenerator  - CREATED ELEMENT FOR statement:io.typefox.yang.yang.impl.ContainerImpl@2f1da481 (name: sampUniProb) WITH ID ietf-ipfix-psamp:ipfix-node-grouping-selectorParameters-Method-choice-sampUniProb-case-sampUniProb-case-container-sampUniProb
7012 [Test worker] INFO  x.yang.diagram.YangDiagramGenerator  - CREATED ELEMENT FOR statement:io.typefox.yang.yang.impl.UsesImpl@2b59030e WITH ID ietf-ipfix-psamp:ipfix-node-grouping-selectorParameters-Method-choice-filterMatch-case-filterMatch-case-container-filterMatch-uses filterMatchParameters-pill
7012 [Test worker] INFO  x.yang.diagram.YangDiagramGenerator  - CREATED ELEMENT FOR statement:io.typefox.yang.yang.impl.ContainerImpl@6f31f04d (name: filterMatch) WITH ID ietf-ipfix-psamp:ipfix-node-grouping-selectorParameters-Method-choice-filterMatch-case-filterMatch-case-container-filterMatch
7013 [Test worker] INFO  x.yang.diagram.YangDiagramGenerator  - CREATED ELEMENT FOR statement:io.typefox.yang.yang.impl.UsesImpl@22bb055d WITH ID ietf-ipfix-psamp:ipfix-node-grouping-selectorParameters-Method-choice-filterHash-case-filterHash-case-container-filterHash-uses filterHashParameters-pill
7013 [Test worker] INFO  x.yang.diagram.YangDiagramGenerator  - CREATED ELEMENT FOR statement:io.typefox.yang.yang.impl.ContainerImpl@60408427 (name: filterHash) WITH ID ietf-ipfix-psamp:ipfix-node-grouping-selectorParameters-Method-choice-filterHash-case-filterHash-case-container-filterHash
7013 [Test worker] INFO  x.yang.diagram.YangDiagramGenerator  - CREATED ELEMENT FOR statement:io.typefox.yang.yang.impl.ChoiceImpl@3e2ba52 (name: Method) WITH ID ietf-ipfix-psamp:ipfix-node-grouping-selectorParameters-Method-choice
7013 [Test worker] INFO  x.yang.diagram.YangDiagramGenerator  - CREATED ELEMENT FOR statement:io.typefox.yang.yang.impl.GroupingImpl@63b181fb (name: selectorParameters) WITH ID ietf-ipfix-psamp:ipfix-node-grouping-selectorParameters
7013 [Test worker] INFO  x.yang.diagram.YangDiagramGenerator  - CREATED ELEMENT FOR statement:io.typefox.yang.yang.impl.LeafImpl@195af13d (name: name) WITH ID ietf-ipfix-psamp:ipfix-node-grouping-cacheLayoutParameters-container-cacheLayout-list-cacheField-name
7013 [Test worker] INFO  x.yang.diagram.YangDiagramGenerator  - CREATED ELEMENT FOR statement:io.typefox.yang.yang.impl.LeafImpl@7d5f2f8d (name: ieLength) WITH ID ietf-ipfix-psamp:ipfix-node-grouping-cacheLayoutParameters-container-cacheLayout-list-cacheField-ieLength
7013 [Test worker] INFO  x.yang.diagram.YangDiagramGenerator  - CREATED ELEMENT FOR statement:io.typefox.yang.yang.impl.LeafImpl@6bf93a5e (name: ieEnterpriseNumber) WITH ID ietf-ipfix-psamp:ipfix-node-grouping-cacheLayoutParameters-container-cacheLayout-list-cacheField-ieEnterpriseNumber
7013 [Test worker] INFO  x.yang.diagram.YangDiagramGenerator  - CREATED ELEMENT FOR statement:io.typefox.yang.yang.impl.LeafImpl@4a8c083 (name: isFlowKey) WITH ID ietf-ipfix-psamp:ipfix-node-grouping-cacheLayoutParameters-container-cacheLayout-list-cacheField-isFlowKey
7013 [Test worker] INFO  x.yang.diagram.YangDiagramGenerator  - CREATED ELEMENT FOR statement:io.typefox.yang.yang.impl.LeafImpl@4ab50a32 (name: ieName) WITH ID ietf-ipfix-psamp:ipfix-node-grouping-cacheLayoutParameters-container-cacheLayout-list-cacheField-nameOrId-choice-ieName-case-ieName-case-ieName
7013 [Test worker] INFO  x.yang.diagram.YangDiagramGenerator  - CREATED ELEMENT FOR statement:io.typefox.yang.yang.impl.LeafImpl@4e1277ae (name: ieId) WITH ID ietf-ipfix-psamp:ipfix-node-grouping-cacheLayoutParameters-container-cacheLayout-list-cacheField-nameOrId-choice-ieId-case-ieId-case-ieId
7013 [Test worker] INFO  x.yang.diagram.YangDiagramGenerator  - CREATED ELEMENT FOR statement:io.typefox.yang.yang.impl.ChoiceImpl@6c1b9ff8 (name: nameOrId) WITH ID ietf-ipfix-psamp:ipfix-node-grouping-cacheLayoutParameters-container-cacheLayout-list-cacheField-nameOrId-choice
7013 [Test worker] INFO  x.yang.diagram.YangDiagramGenerator  - CREATED ELEMENT FOR statement:io.typefox.yang.yang.impl.ListImpl@2ef5e620 (name: cacheField) WITH ID ietf-ipfix-psamp:ipfix-node-grouping-cacheLayoutParameters-container-cacheLayout-list-cacheField
7014 [Test worker] INFO  x.yang.diagram.YangDiagramGenerator  - CREATED ELEMENT FOR statement:io.typefox.yang.yang.impl.ContainerImpl@4c739d56 (name: cacheLayout) WITH ID ietf-ipfix-psamp:ipfix-node-grouping-cacheLayoutParameters-container-cacheLayout
7014 [Test worker] INFO  x.yang.diagram.YangDiagramGenerator  - CREATED ELEMENT FOR statement:io.typefox.yang.yang.impl.GroupingImpl@11013c71 (name: cacheLayoutParameters) WITH ID ietf-ipfix-psamp:ipfix-node-grouping-cacheLayoutParameters
7014 [Test worker] INFO  x.yang.diagram.YangDiagramGenerator  - CREATED ELEMENT FOR statement:io.typefox.yang.yang.impl.LeafImpl@215595f6 (name: maxFlows) WITH ID ietf-ipfix-psamp:ipfix-node-grouping-flowCacheParameters-maxFlows
7014 [Test worker] INFO  x.yang.diagram.YangDiagramGenerator  - CREATED ELEMENT FOR statement:io.typefox.yang.yang.impl.LeafImpl@2010b31a (name: activeTimeout) WITH ID ietf-ipfix-psamp:ipfix-node-grouping-flowCacheParameters-activeTimeout
7014 [Test worker] INFO  x.yang.diagram.YangDiagramGenerator  - CREATED ELEMENT FOR statement:io.typefox.yang.yang.impl.LeafImpl@70591363 (name: idleTimeout) WITH ID ietf-ipfix-psamp:ipfix-node-grouping-flowCacheParameters-idleTimeout
7014 [Test worker] INFO  x.yang.diagram.YangDiagramGenerator  - CREATED ELEMENT FOR statement:io.typefox.yang.yang.impl.LeafImpl@68234bad (name: exportInterval) WITH ID ietf-ipfix-psamp:ipfix-node-grouping-flowCacheParameters-exportInterval
7014 [Test worker] INFO  x.yang.diagram.YangDiagramGenerator  - CREATED ELEMENT FOR statement:io.typefox.yang.yang.impl.LeafImpl@6554897a (name: activeFlows) WITH ID ietf-ipfix-psamp:ipfix-node-grouping-flowCacheParameters-activeFlows
7014 [Test worker] INFO  x.yang.diagram.YangDiagramGenerator  - CREATED ELEMENT FOR statement:io.typefox.yang.yang.impl.LeafImpl@40f96ea9 (name: unusedCacheEntries) WITH ID ietf-ipfix-psamp:ipfix-node-grouping-flowCacheParameters-unusedCacheEntries
7014 [Test worker] INFO  x.yang.diagram.YangDiagramGenerator  - CREATED ELEMENT FOR statement:io.typefox.yang.yang.impl.GroupingImpl@7883afde (name: flowCacheParameters) WITH ID ietf-ipfix-psamp:ipfix-node-grouping-flowCacheParameters
7014 [Test worker] INFO  x.yang.diagram.YangDiagramGenerator  - CREATED ELEMENT FOR statement:io.typefox.yang.yang.impl.LeafImpl@a0fed40 (name: exportingProcessId) WITH ID ietf-ipfix-psamp:ipfix-node-grouping-exportingProcessParameters-exportingProcessId
7014 [Test worker] INFO  x.yang.diagram.YangDiagramGenerator  - CREATED ELEMENT FOR statement:io.typefox.yang.yang.impl.LeafImpl@4bd1aa22 (name: exportMode) WITH ID ietf-ipfix-psamp:ipfix-node-grouping-exportingProcessParameters-exportMode
7014 [Test worker] INFO  x.yang.diagram.YangDiagramGenerator  - CREATED ELEMENT FOR statement:io.typefox.yang.yang.impl.LeafImpl@40d619d7 (name: name) WITH ID ietf-ipfix-psamp:ipfix-node-grouping-exportingProcessParameters-list-destination-name
7014 [Test worker] INFO  x.yang.diagram.YangDiagramGenerator  - CREATED ELEMENT FOR statement:io.typefox.yang.yang.impl.UsesImpl@25ceb34c WITH ID ietf-ipfix-psamp:ipfix-node-grouping-exportingProcessParameters-list-destination-DestinationParameters-choice-sctpExporter-case-sctpExporter-case-container-sctpExporter-uses sctpExporterParameters-pill
7015 [Test worker] INFO  x.yang.diagram.YangDiagramGenerator  - CREATED ELEMENT FOR statement:io.typefox.yang.yang.impl.ContainerImpl@50de2f58 (name: sctpExporter) WITH ID ietf-ipfix-psamp:ipfix-node-grouping-exportingProcessParameters-list-destination-DestinationParameters-choice-sctpExporter-case-sctpExporter-case-container-sctpExporter
7015 [Test worker] INFO  x.yang.diagram.YangDiagramGenerator  - CREATED ELEMENT FOR statement:io.typefox.yang.yang.impl.UsesImpl@16180fdb WITH ID ietf-ipfix-psamp:ipfix-node-grouping-exportingProcessParameters-list-destination-DestinationParameters-choice-udpExporter-case-udpExporter-case-container-udpExporter-uses udpExporterParameters-pill
7015 [Test worker] INFO  x.yang.diagram.YangDiagramGenerator  - CREATED ELEMENT FOR statement:io.typefox.yang.yang.impl.ContainerImpl@66f0a46e (name: udpExporter) WITH ID ietf-ipfix-psamp:ipfix-node-grouping-exportingProcessParameters-list-destination-DestinationParameters-choice-udpExporter-case-udpExporter-case-container-udpExporter
7015 [Test worker] INFO  x.yang.diagram.YangDiagramGenerator  - CREATED ELEMENT FOR statement:io.typefox.yang.yang.impl.UsesImpl@36742f2f WITH ID ietf-ipfix-psamp:ipfix-node-grouping-exportingProcessParameters-list-destination-DestinationParameters-choice-tcpExporter-case-tcpExporter-case-container-tcpExporter-uses tcpExporterParameters-pill
7015 [Test worker] INFO  x.yang.diagram.YangDiagramGenerator  - CREATED ELEMENT FOR statement:io.typefox.yang.yang.impl.ContainerImpl@17f17256 (name: tcpExporter) WITH ID ietf-ipfix-psamp:ipfix-node-grouping-exportingProcessParameters-list-destination-DestinationParameters-choice-tcpExporter-case-tcpExporter-case-container-tcpExporter
7015 [Test worker] INFO  x.yang.diagram.YangDiagramGenerator  - CREATED ELEMENT FOR statement:io.typefox.yang.yang.impl.UsesImpl@41c1d1a4 WITH ID ietf-ipfix-psamp:ipfix-node-grouping-exportingProcessParameters-list-destination-DestinationParameters-choice-fileWriter-case-fileWriter-case-container-fileWriter-uses fileWriterParameters-pill
7015 [Test worker] INFO  x.yang.diagram.YangDiagramGenerator  - CREATED ELEMENT FOR statement:io.typefox.yang.yang.impl.ContainerImpl@22f1ce26 (name: fileWriter) WITH ID ietf-ipfix-psamp:ipfix-node-grouping-exportingProcessParameters-list-destination-DestinationParameters-choice-fileWriter-case-fileWriter-case-container-fileWriter
7020 [Test worker] INFO  x.yang.diagram.YangDiagramGenerator  - CREATED ELEMENT FOR statement:io.typefox.yang.yang.impl.ChoiceImpl@35eb9000 (name: DestinationParameters) WITH ID ietf-ipfix-psamp:ipfix-node-grouping-exportingProcessParameters-list-destination-DestinationParameters-choice
7020 [Test worker] INFO  x.yang.diagram.YangDiagramGenerator  - CREATED ELEMENT FOR statement:io.typefox.yang.yang.impl.ListImpl@29943729 (name: destination) WITH ID ietf-ipfix-psamp:ipfix-node-grouping-exportingProcessParameters-list-destination
7020 [Test worker] INFO  x.yang.diagram.YangDiagramGenerator  - CREATED ELEMENT FOR statement:io.typefox.yang.yang.impl.LeafImpl@66178f4e (name: name) WITH ID ietf-ipfix-psamp:ipfix-node-grouping-exportingProcessParameters-list-options-name
7020 [Test worker] INFO  x.yang.diagram.YangDiagramGenerator  - CREATED ELEMENT FOR statement:io.typefox.yang.yang.impl.UsesImpl@4a3bed54 WITH ID ietf-ipfix-psamp:ipfix-node-grouping-exportingProcessParameters-list-options-uses optionsParameters-pill
7020 [Test worker] INFO  x.yang.diagram.YangDiagramGenerator  - CREATED ELEMENT FOR statement:io.typefox.yang.yang.impl.ListImpl@23391f83 (name: options) WITH ID ietf-ipfix-psamp:ipfix-node-grouping-exportingProcessParameters-list-options
7021 [Test worker] INFO  x.yang.diagram.YangDiagramGenerator  - CREATED ELEMENT FOR statement:io.typefox.yang.yang.impl.GroupingImpl@2b9c49b2 (name: exportingProcessParameters) WITH ID ietf-ipfix-psamp:ipfix-node-grouping-exportingProcessParameters
7021 [Test worker] INFO  x.yang.diagram.YangDiagramGenerator  - CREATED ELEMENT FOR statement:io.typefox.yang.yang.impl.LeafImpl@71abce70 (name: ipfixVersion) WITH ID ietf-ipfix-psamp:ipfix-node-grouping-commonExporterParameters-ipfixVersion
7021 [Test worker] INFO  x.yang.diagram.YangDiagramGenerator  - CREATED ELEMENT FOR statement:io.typefox.yang.yang.impl.LeafImpl@646fcc5c (name: destinationPort) WITH ID ietf-ipfix-psamp:ipfix-node-grouping-commonExporterParameters-destinationPort
7021 [Test worker] INFO  x.yang.diagram.YangDiagramGenerator  - CREATED ELEMENT FOR statement:io.typefox.yang.yang.impl.LeafImpl@f410255 (name: sendBufferSize) WITH ID ietf-ipfix-psamp:ipfix-node-grouping-commonExporterParameters-sendBufferSize
7021 [Test worker] INFO  x.yang.diagram.YangDiagramGenerator  - CREATED ELEMENT FOR statement:io.typefox.yang.yang.impl.LeafImpl@46d91bd6 (name: rateLimit) WITH ID ietf-ipfix-psamp:ipfix-node-grouping-commonExporterParameters-rateLimit
7021 [Test worker] INFO  x.yang.diagram.YangDiagramGenerator  - CREATED ELEMENT FOR statement:io.typefox.yang.yang.impl.LeafImpl@69ae9533 (name: ifIndex) WITH ID ietf-ipfix-psamp:ipfix-node-grouping-commonExporterParameters-indexOrName-choice-ifIndex-case-ifIndex-case-ifIndex
7021 [Test worker] INFO  x.yang.diagram.YangDiagramGenerator  - CREATED ELEMENT FOR statement:io.typefox.yang.yang.impl.LeafImpl@73b9b976 (name: ifName) WITH ID ietf-ipfix-psamp:ipfix-node-grouping-commonExporterParameters-indexOrName-choice-ifName-case-ifName-case-ifName
7021 [Test worker] INFO  x.yang.diagram.YangDiagramGenerator  - CREATED ELEMENT FOR statement:io.typefox.yang.yang.impl.ChoiceImpl@746d4efe (name: indexOrName) WITH ID ietf-ipfix-psamp:ipfix-node-grouping-commonExporterParameters-indexOrName-choice
7021 [Test worker] INFO  x.yang.diagram.YangDiagramGenerator  - CREATED ELEMENT FOR statement:io.typefox.yang.yang.impl.UsesImpl@7a64fc0e WITH ID ietf-ipfix-psamp:ipfix-node-grouping-commonExporterParameters-container-transportLayerSecurity-uses transportLayerSecurityParameters-pill
7021 [Test worker] INFO  x.yang.diagram.YangDiagramGenerator  - CREATED ELEMENT FOR statement:io.typefox.yang.yang.impl.ContainerImpl@677ee97c (name: transportLayerSecurity) WITH ID ietf-ipfix-psamp:ipfix-node-grouping-commonExporterParameters-container-transportLayerSecurity
7021 [Test worker] INFO  x.yang.diagram.YangDiagramGenerator  - CREATED ELEMENT FOR statement:io.typefox.yang.yang.impl.UsesImpl@59b28eec WITH ID ietf-ipfix-psamp:ipfix-node-grouping-commonExporterParameters-container-transportSession-uses transportSessionParameters-pill
7022 [Test worker] INFO  x.yang.diagram.YangDiagramGenerator  - CREATED ELEMENT FOR statement:io.typefox.yang.yang.impl.ContainerImpl@4736219a (name: transportSession) WITH ID ietf-ipfix-psamp:ipfix-node-grouping-commonExporterParameters-container-transportSession
7022 [Test worker] INFO  x.yang.diagram.YangDiagramGenerator  - CREATED ELEMENT FOR statement:io.typefox.yang.yang.impl.GroupingImpl@1a6f31fe (name: commonExporterParameters) WITH ID ietf-ipfix-psamp:ipfix-node-grouping-commonExporterParameters
7022 [Test worker] INFO  x.yang.diagram.YangDiagramGenerator  - CREATED ELEMENT FOR statement:io.typefox.yang.yang.impl.LeafListImpl@a4a0ec6 (name: sourceIPAddress) WITH ID ietf-ipfix-psamp:ipfix-node-grouping-sctpExporterParameters-sourceIPAddress
7022 [Test worker] INFO  x.yang.diagram.YangDiagramGenerator  - CREATED ELEMENT FOR statement:io.typefox.yang.yang.impl.LeafListImpl@4742248d (name: destinationIPAddress) WITH ID ietf-ipfix-psamp:ipfix-node-grouping-sctpExporterParameters-destinationIPAddress
7022 [Test worker] INFO  x.yang.diagram.YangDiagramGenerator  - CREATED ELEMENT FOR statement:io.typefox.yang.yang.impl.LeafImpl@310ef70e (name: timedReliability) WITH ID ietf-ipfix-psamp:ipfix-node-grouping-sctpExporterParameters-timedReliability
7022 [Test worker] INFO  x.yang.diagram.YangDiagramGenerator  - CREATED ELEMENT FOR statement:io.typefox.yang.yang.impl.UsesImpl@528dc010 WITH ID ietf-ipfix-psamp:ipfix-node-grouping-sctpExporterParameters-uses commonExporterParameters-pill
7022 [Test worker] INFO  x.yang.diagram.YangDiagramGenerator  - CREATED ELEMENT FOR statement:io.typefox.yang.yang.impl.GroupingImpl@8ebd8b9 (name: sctpExporterParameters) WITH ID ietf-ipfix-psamp:ipfix-node-grouping-sctpExporterParameters
7022 [Test worker] INFO  x.yang.diagram.YangDiagramGenerator  - CREATED ELEMENT FOR statement:io.typefox.yang.yang.impl.LeafImpl@5e5be365 (name: sourceIPAddress) WITH ID ietf-ipfix-psamp:ipfix-node-grouping-udpExporterParameters-sourceIPAddress
7022 [Test worker] INFO  x.yang.diagram.YangDiagramGenerator  - CREATED ELEMENT FOR statement:io.typefox.yang.yang.impl.LeafImpl@182bd927 (name: destinationIPAddress) WITH ID ietf-ipfix-psamp:ipfix-node-grouping-udpExporterParameters-destinationIPAddress
7022 [Test worker] INFO  x.yang.diagram.YangDiagramGenerator  - CREATED ELEMENT FOR statement:io.typefox.yang.yang.impl.LeafImpl@241a0772 (name: maxPacketSize) WITH ID ietf-ipfix-psamp:ipfix-node-grouping-udpExporterParameters-maxPacketSize
7022 [Test worker] INFO  x.yang.diagram.YangDiagramGenerator  - CREATED ELEMENT FOR statement:io.typefox.yang.yang.impl.LeafImpl@72e23d58 (name: templateRefreshTimeout) WITH ID ietf-ipfix-psamp:ipfix-node-grouping-udpExporterParameters-templateRefreshTimeout
7022 [Test worker] INFO  x.yang.diagram.YangDiagramGenerator  - CREATED ELEMENT FOR statement:io.typefox.yang.yang.impl.LeafImpl@7323a8aa (name: optionsTemplateRefreshTimeout) WITH ID ietf-ipfix-psamp:ipfix-node-grouping-udpExporterParameters-optionsTemplateRefreshTimeout
7022 [Test worker] INFO  x.yang.diagram.YangDiagramGenerator  - CREATED ELEMENT FOR statement:io.typefox.yang.yang.impl.LeafImpl@3507a508 (name: templateRefreshPacket) WITH ID ietf-ipfix-psamp:ipfix-node-grouping-udpExporterParameters-templateRefreshPacket
7022 [Test worker] INFO  x.yang.diagram.YangDiagramGenerator  - CREATED ELEMENT FOR statement:io.typefox.yang.yang.impl.LeafImpl@41d2054d (name: optionsTemplateRefreshPacket) WITH ID ietf-ipfix-psamp:ipfix-node-grouping-udpExporterParameters-optionsTemplateRefreshPacket
7023 [Test worker] INFO  x.yang.diagram.YangDiagramGenerator  - CREATED ELEMENT FOR statement:io.typefox.yang.yang.impl.UsesImpl@2239f8d2 WITH ID ietf-ipfix-psamp:ipfix-node-grouping-udpExporterParameters-uses commonExporterParameters-pill
7023 [Test worker] INFO  x.yang.diagram.YangDiagramGenerator  - CREATED ELEMENT FOR statement:io.typefox.yang.yang.impl.GroupingImpl@4c3172c7 (name: udpExporterParameters) WITH ID ietf-ipfix-psamp:ipfix-node-grouping-udpExporterParameters
7023 [Test worker] INFO  x.yang.diagram.YangDiagramGenerator  - CREATED ELEMENT FOR statement:io.typefox.yang.yang.impl.LeafImpl@4496a1ac (name: sourceIPAddress) WITH ID ietf-ipfix-psamp:ipfix-node-grouping-tcpExporterParameters-sourceIPAddress
7023 [Test worker] INFO  x.yang.diagram.YangDiagramGenerator  - CREATED ELEMENT FOR statement:io.typefox.yang.yang.impl.LeafImpl@15bf3c1e (name: destinationIPAddress) WITH ID ietf-ipfix-psamp:ipfix-node-grouping-tcpExporterParameters-destinationIPAddress
7023 [Test worker] INFO  x.yang.diagram.YangDiagramGenerator  - CREATED ELEMENT FOR statement:io.typefox.yang.yang.impl.UsesImpl@782db913 WITH ID ietf-ipfix-psamp:ipfix-node-grouping-tcpExporterParameters-uses commonExporterParameters-pill
7023 [Test worker] INFO  x.yang.diagram.YangDiagramGenerator  - CREATED ELEMENT FOR statement:io.typefox.yang.yang.impl.GroupingImpl@3fcd4b9b (name: tcpExporterParameters) WITH ID ietf-ipfix-psamp:ipfix-node-grouping-tcpExporterParameters
7023 [Test worker] INFO  x.yang.diagram.YangDiagramGenerator  - CREATED ELEMENT FOR statement:io.typefox.yang.yang.impl.LeafImpl@4ea7060f (name: ipfixVersion) WITH ID ietf-ipfix-psamp:ipfix-node-grouping-fileWriterParameters-ipfixVersion
7023 [Test worker] INFO  x.yang.diagram.YangDiagramGenerator  - CREATED ELEMENT FOR statement:io.typefox.yang.yang.impl.LeafImpl@22949c09 (name: file) WITH ID ietf-ipfix-psamp:ipfix-node-grouping-fileWriterParameters-file
7023 [Test worker] INFO  x.yang.diagram.YangDiagramGenerator  - CREATED ELEMENT FOR statement:io.typefox.yang.yang.impl.LeafImpl@37e45c69 (name: bytes) WITH ID ietf-ipfix-psamp:ipfix-node-grouping-fileWriterParameters-bytes
7023 [Test worker] INFO  x.yang.diagram.YangDiagramGenerator  - CREATED ELEMENT FOR statement:io.typefox.yang.yang.impl.LeafImpl@62a0489d (name: messages) WITH ID ietf-ipfix-psamp:ipfix-node-grouping-fileWriterParameters-messages
7023 [Test worker] INFO  x.yang.diagram.YangDiagramGenerator  - CREATED ELEMENT FOR statement:io.typefox.yang.yang.impl.LeafImpl@1441adb8 (name: discardedMessages) WITH ID ietf-ipfix-psamp:ipfix-node-grouping-fileWriterParameters-discardedMessages
7023 [Test worker] INFO  x.yang.diagram.YangDiagramGenerator  - CREATED ELEMENT FOR statement:io.typefox.yang.yang.impl.LeafImpl@12b30fed (name: records) WITH ID ietf-ipfix-psamp:ipfix-node-grouping-fileWriterParameters-records
7023 [Test worker] INFO  x.yang.diagram.YangDiagramGenerator  - CREATED ELEMENT FOR statement:io.typefox.yang.yang.impl.LeafImpl@7210ec6 (name: templates) WITH ID ietf-ipfix-psamp:ipfix-node-grouping-fileWriterParameters-templates
7024 [Test worker] INFO  x.yang.diagram.YangDiagramGenerator  - CREATED ELEMENT FOR statement:io.typefox.yang.yang.impl.LeafImpl@67a54a1f (name: optionsTemplates) WITH ID ietf-ipfix-psamp:ipfix-node-grouping-fileWriterParameters-optionsTemplates
7024 [Test worker] INFO  x.yang.diagram.YangDiagramGenerator  - CREATED ELEMENT FOR statement:io.typefox.yang.yang.impl.LeafImpl@7e90073e (name: fileWriterDiscontinuityTime) WITH ID ietf-ipfix-psamp:ipfix-node-grouping-fileWriterParameters-fileWriterDiscontinuityTime
7024 [Test worker] INFO  x.yang.diagram.YangDiagramGenerator  - CREATED ELEMENT FOR statement:io.typefox.yang.yang.impl.UsesImpl@7456a366 WITH ID ietf-ipfix-psamp:ipfix-node-grouping-fileWriterParameters-list-template-uses templateParameters-pill
7024 [Test worker] INFO  x.yang.diagram.YangDiagramGenerator  - CREATED ELEMENT FOR statement:io.typefox.yang.yang.impl.ListImpl@7b0ec414 (name: template) WITH ID ietf-ipfix-psamp:ipfix-node-grouping-fileWriterParameters-list-template
7024 [Test worker] INFO  x.yang.diagram.YangDiagramGenerator  - CREATED ELEMENT FOR statement:io.typefox.yang.yang.impl.GroupingImpl@36b68cd8 (name: fileWriterParameters) WITH ID ietf-ipfix-psamp:ipfix-node-grouping-fileWriterParameters
7024 [Test worker] INFO  x.yang.diagram.YangDiagramGenerator  - CREATED ELEMENT FOR statement:io.typefox.yang.yang.impl.LeafImpl@48e1d4c7 (name: optionsType) WITH ID ietf-ipfix-psamp:ipfix-node-grouping-optionsParameters-optionsType
7024 [Test worker] INFO  x.yang.diagram.YangDiagramGenerator  - CREATED ELEMENT FOR statement:io.typefox.yang.yang.impl.LeafImpl@96d132e (name: optionsTimeout) WITH ID ietf-ipfix-psamp:ipfix-node-grouping-optionsParameters-optionsTimeout
7024 [Test worker] INFO  x.yang.diagram.YangDiagramGenerator  - CREATED ELEMENT FOR statement:io.typefox.yang.yang.impl.GroupingImpl@44e5873 (name: optionsParameters) WITH ID ietf-ipfix-psamp:ipfix-node-grouping-optionsParameters
7024 [Test worker] INFO  x.yang.diagram.YangDiagramGenerator  - CREATED ELEMENT FOR statement:io.typefox.yang.yang.impl.LeafImpl@61cc46e (name: name) WITH ID ietf-ipfix-psamp:ipfix-node-grouping-collectingProcessParameters-list-sctpCollector-name
7024 [Test worker] INFO  x.yang.diagram.YangDiagramGenerator  - CREATED ELEMENT FOR statement:io.typefox.yang.yang.impl.UsesImpl@409d7f86 WITH ID ietf-ipfix-psamp:ipfix-node-grouping-collectingProcessParameters-list-sctpCollector-uses sctpCollectorParameters-pill
7024 [Test worker] INFO  x.yang.diagram.YangDiagramGenerator  - CREATED ELEMENT FOR statement:io.typefox.yang.yang.impl.ListImpl@2108e0d8 (name: sctpCollector) WITH ID ietf-ipfix-psamp:ipfix-node-grouping-collectingProcessParameters-list-sctpCollector
7030 [Test worker] INFO  x.yang.diagram.YangDiagramGenerator  - CREATED ELEMENT FOR statement:io.typefox.yang.yang.impl.LeafImpl@57f3a94a (name: name) WITH ID ietf-ipfix-psamp:ipfix-node-grouping-collectingProcessParameters-list-udpCollector-name
7030 [Test worker] INFO  x.yang.diagram.YangDiagramGenerator  - CREATED ELEMENT FOR statement:io.typefox.yang.yang.impl.UsesImpl@37ac286e WITH ID ietf-ipfix-psamp:ipfix-node-grouping-collectingProcessParameters-list-udpCollector-uses udpCollectorParameters-pill
7030 [Test worker] INFO  x.yang.diagram.YangDiagramGenerator  - CREATED ELEMENT FOR statement:io.typefox.yang.yang.impl.ListImpl@1c660052 (name: udpCollector) WITH ID ietf-ipfix-psamp:ipfix-node-grouping-collectingProcessParameters-list-udpCollector
7033 [Test worker] INFO  x.yang.diagram.YangDiagramGenerator  - CREATED ELEMENT FOR statement:io.typefox.yang.yang.impl.LeafImpl@7a0e3d26 (name: name) WITH ID ietf-ipfix-psamp:ipfix-node-grouping-collectingProcessParameters-list-tcpCollector-name
7034 [Test worker] INFO  x.yang.diagram.YangDiagramGenerator  - CREATED ELEMENT FOR statement:io.typefox.yang.yang.impl.UsesImpl@307d62d4 WITH ID ietf-ipfix-psamp:ipfix-node-grouping-collectingProcessParameters-list-tcpCollector-uses tcpCollectorParameters-pill
7034 [Test worker] INFO  x.yang.diagram.YangDiagramGenerator  - CREATED ELEMENT FOR statement:io.typefox.yang.yang.impl.ListImpl@66c4d3ed (name: tcpCollector) WITH ID ietf-ipfix-psamp:ipfix-node-grouping-collectingProcessParameters-list-tcpCollector
7034 [Test worker] INFO  x.yang.diagram.YangDiagramGenerator  - CREATED ELEMENT FOR statement:io.typefox.yang.yang.impl.LeafImpl@4a0c2bf7 (name: name) WITH ID ietf-ipfix-psamp:ipfix-node-grouping-collectingProcessParameters-list-fileReader-name
7034 [Test worker] INFO  x.yang.diagram.YangDiagramGenerator  - CREATED ELEMENT FOR statement:io.typefox.yang.yang.impl.UsesImpl@4160d89d WITH ID ietf-ipfix-psamp:ipfix-node-grouping-collectingProcessParameters-list-fileReader-uses fileReaderParameters-pill
7034 [Test worker] INFO  x.yang.diagram.YangDiagramGenerator  - CREATED ELEMENT FOR statement:io.typefox.yang.yang.impl.ListImpl@1ad079a7 (name: fileReader) WITH ID ietf-ipfix-psamp:ipfix-node-grouping-collectingProcessParameters-list-fileReader
7034 [Test worker] INFO  x.yang.diagram.YangDiagramGenerator  - CREATED ELEMENT FOR statement:io.typefox.yang.yang.impl.GroupingImpl@5acb8aab (name: collectingProcessParameters) WITH ID ietf-ipfix-psamp:ipfix-node-grouping-collectingProcessParameters
7035 [Test worker] INFO  x.yang.diagram.YangDiagramGenerator  - CREATED ELEMENT FOR statement:io.typefox.yang.yang.impl.LeafImpl@71335196 (name: localPort) WITH ID ietf-ipfix-psamp:ipfix-node-grouping-commonCollectorParameters-localPort
7035 [Test worker] INFO  x.yang.diagram.YangDiagramGenerator  - CREATED ELEMENT FOR statement:io.typefox.yang.yang.impl.UsesImpl@36d0cb1d WITH ID ietf-ipfix-psamp:ipfix-node-grouping-commonCollectorParameters-container-transportLayerSecurity-uses transportLayerSecurityParameters-pill
7035 [Test worker] INFO  x.yang.diagram.YangDiagramGenerator  - CREATED ELEMENT FOR statement:io.typefox.yang.yang.impl.ContainerImpl@2fd49121 (name: transportLayerSecurity) WITH ID ietf-ipfix-psamp:ipfix-node-grouping-commonCollectorParameters-container-transportLayerSecurity
7035 [Test worker] INFO  x.yang.diagram.YangDiagramGenerator  - CREATED ELEMENT FOR statement:io.typefox.yang.yang.impl.UsesImpl@29ccd8a2 WITH ID ietf-ipfix-psamp:ipfix-node-grouping-commonCollectorParameters-list-transportSession-uses transportSessionParameters-pill
7035 [Test worker] INFO  x.yang.diagram.YangDiagramGenerator  - CREATED ELEMENT FOR statement:io.typefox.yang.yang.impl.ListImpl@429893ec (name: transportSession) WITH ID ietf-ipfix-psamp:ipfix-node-grouping-commonCollectorParameters-list-transportSession
7035 [Test worker] INFO  x.yang.diagram.YangDiagramGenerator  - CREATED ELEMENT FOR statement:io.typefox.yang.yang.impl.GroupingImpl@72a03081 (name: commonCollectorParameters) WITH ID ietf-ipfix-psamp:ipfix-node-grouping-commonCollectorParameters
7035 [Test worker] INFO  x.yang.diagram.YangDiagramGenerator  - CREATED ELEMENT FOR statement:io.typefox.yang.yang.impl.LeafListImpl@7976ea6d (name: localIPAddress) WITH ID ietf-ipfix-psamp:ipfix-node-grouping-sctpCollectorParameters-localIPAddress
7035 [Test worker] INFO  x.yang.diagram.YangDiagramGenerator  - CREATED ELEMENT FOR statement:io.typefox.yang.yang.impl.UsesImpl@36b02429 WITH ID ietf-ipfix-psamp:ipfix-node-grouping-sctpCollectorParameters-uses commonCollectorParameters-pill
7036 [Test worker] INFO  x.yang.diagram.YangDiagramGenerator  - CREATED ELEMENT FOR statement:io.typefox.yang.yang.impl.GroupingImpl@3031c6e0 (name: sctpCollectorParameters) WITH ID ietf-ipfix-psamp:ipfix-node-grouping-sctpCollectorParameters
7036 [Test worker] INFO  x.yang.diagram.YangDiagramGenerator  - CREATED ELEMENT FOR statement:io.typefox.yang.yang.impl.LeafListImpl@43e6dc5f (name: localIPAddress) WITH ID ietf-ipfix-psamp:ipfix-node-grouping-udpCollectorParameters-localIPAddress
7036 [Test worker] INFO  x.yang.diagram.YangDiagramGenerator  - CREATED ELEMENT FOR statement:io.typefox.yang.yang.impl.LeafImpl@d0d63cc (name: templateLifeTime) WITH ID ietf-ipfix-psamp:ipfix-node-grouping-udpCollectorParameters-templateLifeTime
7036 [Test worker] INFO  x.yang.diagram.YangDiagramGenerator  - CREATED ELEMENT FOR statement:io.typefox.yang.yang.impl.LeafImpl@3aab9f28 (name: optionsTemplateLifeTime) WITH ID ietf-ipfix-psamp:ipfix-node-grouping-udpCollectorParameters-optionsTemplateLifeTime
7037 [Test worker] INFO  x.yang.diagram.YangDiagramGenerator  - CREATED ELEMENT FOR statement:io.typefox.yang.yang.impl.LeafImpl@413585b (name: templateLifePacket) WITH ID ietf-ipfix-psamp:ipfix-node-grouping-udpCollectorParameters-templateLifePacket
7037 [Test worker] INFO  x.yang.diagram.YangDiagramGenerator  - CREATED ELEMENT FOR statement:io.typefox.yang.yang.impl.LeafImpl@71e268a2 (name: optionsTemplateLifePacket) WITH ID ietf-ipfix-psamp:ipfix-node-grouping-udpCollectorParameters-optionsTemplateLifePacket
7037 [Test worker] INFO  x.yang.diagram.YangDiagramGenerator  - CREATED ELEMENT FOR statement:io.typefox.yang.yang.impl.UsesImpl@17977651 WITH ID ietf-ipfix-psamp:ipfix-node-grouping-udpCollectorParameters-uses commonCollectorParameters-pill
7037 [Test worker] INFO  x.yang.diagram.YangDiagramGenerator  - CREATED ELEMENT FOR statement:io.typefox.yang.yang.impl.GroupingImpl@71a3f954 (name: udpCollectorParameters) WITH ID ietf-ipfix-psamp:ipfix-node-grouping-udpCollectorParameters
7041 [Test worker] INFO  x.yang.diagram.YangDiagramGenerator  - CREATED ELEMENT FOR statement:io.typefox.yang.yang.impl.LeafListImpl@6f6ca6bb (name: localIPAddress) WITH ID ietf-ipfix-psamp:ipfix-node-grouping-tcpCollectorParameters-localIPAddress
7042 [Test worker] INFO  x.yang.diagram.YangDiagramGenerator  - CREATED ELEMENT FOR statement:io.typefox.yang.yang.impl.UsesImpl@da9748c WITH ID ietf-ipfix-psamp:ipfix-node-grouping-tcpCollectorParameters-uses commonCollectorParameters-pill
7042 [Test worker] INFO  x.yang.diagram.YangDiagramGenerator  - CREATED ELEMENT FOR statement:io.typefox.yang.yang.impl.GroupingImpl@2120ae96 (name: tcpCollectorParameters) WITH ID ietf-ipfix-psamp:ipfix-node-grouping-tcpCollectorParameters
7042 [Test worker] INFO  x.yang.diagram.YangDiagramGenerator  - CREATED ELEMENT FOR statement:io.typefox.yang.yang.impl.LeafImpl@4f278abf (name: file) WITH ID ietf-ipfix-psamp:ipfix-node-grouping-fileReaderParameters-file
7042 [Test worker] INFO  x.yang.diagram.YangDiagramGenerator  - CREATED ELEMENT FOR statement:io.typefox.yang.yang.impl.LeafImpl@4574b49e (name: bytes) WITH ID ietf-ipfix-psamp:ipfix-node-grouping-fileReaderParameters-bytes
7042 [Test worker] INFO  x.yang.diagram.YangDiagramGenerator  - CREATED ELEMENT FOR statement:io.typefox.yang.yang.impl.LeafImpl@33fb5a8 (name: messages) WITH ID ietf-ipfix-psamp:ipfix-node-grouping-fileReaderParameters-messages
7042 [Test worker] INFO  x.yang.diagram.YangDiagramGenerator  - CREATED ELEMENT FOR statement:io.typefox.yang.yang.impl.LeafImpl@27cfef47 (name: records) WITH ID ietf-ipfix-psamp:ipfix-node-grouping-fileReaderParameters-records
7042 [Test worker] INFO  x.yang.diagram.YangDiagramGenerator  - CREATED ELEMENT FOR statement:io.typefox.yang.yang.impl.LeafImpl@544eeb73 (name: templates) WITH ID ietf-ipfix-psamp:ipfix-node-grouping-fileReaderParameters-templates
7042 [Test worker] INFO  x.yang.diagram.YangDiagramGenerator  - CREATED ELEMENT FOR statement:io.typefox.yang.yang.impl.LeafImpl@34fe6520 (name: optionsTemplates) WITH ID ietf-ipfix-psamp:ipfix-node-grouping-fileReaderParameters-optionsTemplates
7042 [Test worker] INFO  x.yang.diagram.YangDiagramGenerator  - CREATED ELEMENT FOR statement:io.typefox.yang.yang.impl.LeafImpl@4a1214e2 (name: fileReaderDiscontinuityTime) WITH ID ietf-ipfix-psamp:ipfix-node-grouping-fileReaderParameters-fileReaderDiscontinuityTime
7043 [Test worker] INFO  x.yang.diagram.YangDiagramGenerator  - CREATED ELEMENT FOR statement:io.typefox.yang.yang.impl.UsesImpl@12ff6f30 WITH ID ietf-ipfix-psamp:ipfix-node-grouping-fileReaderParameters-list-template-uses templateParameters-pill
7043 [Test worker] INFO  x.yang.diagram.YangDiagramGenerator  - CREATED ELEMENT FOR statement:io.typefox.yang.yang.impl.ListImpl@31491b6f (name: template) WITH ID ietf-ipfix-psamp:ipfix-node-grouping-fileReaderParameters-list-template
7043 [Test worker] INFO  x.yang.diagram.YangDiagramGenerator  - CREATED ELEMENT FOR statement:io.typefox.yang.yang.impl.GroupingImpl@76d9af03 (name: fileReaderParameters) WITH ID ietf-ipfix-psamp:ipfix-node-grouping-fileReaderParameters
7043 [Test worker] INFO  x.yang.diagram.YangDiagramGenerator  - CREATED ELEMENT FOR statement:io.typefox.yang.yang.impl.LeafListImpl@2c36103e (name: localCertificationAuthorityDN) WITH ID ietf-ipfix-psamp:ipfix-node-grouping-transportLayerSecurityParameters-localCertificationAuthorityDN
7043 [Test worker] INFO  x.yang.diagram.YangDiagramGenerator  - CREATED ELEMENT FOR statement:io.typefox.yang.yang.impl.LeafListImpl@45d97c67 (name: localSubjectDN) WITH ID ietf-ipfix-psamp:ipfix-node-grouping-transportLayerSecurityParameters-localSubjectDN
7043 [Test worker] INFO  x.yang.diagram.YangDiagramGenerator  - CREATED ELEMENT FOR statement:io.typefox.yang.yang.impl.LeafListImpl@3c3285d0 (name: localSubjectFQDN) WITH ID ietf-ipfix-psamp:ipfix-node-grouping-transportLayerSecurityParameters-localSubjectFQDN
7043 [Test worker] INFO  x.yang.diagram.YangDiagramGenerator  - CREATED ELEMENT FOR statement:io.typefox.yang.yang.impl.LeafListImpl@72894e2 (name: remoteCertificationAuthorityDN) WITH ID ietf-ipfix-psamp:ipfix-node-grouping-transportLayerSecurityParameters-remoteCertificationAuthorityDN
7043 [Test worker] INFO  x.yang.diagram.YangDiagramGenerator  - CREATED ELEMENT FOR statement:io.typefox.yang.yang.impl.LeafListImpl@1b03d3d9 (name: remoteSubjectDN) WITH ID ietf-ipfix-psamp:ipfix-node-grouping-transportLayerSecurityParameters-remoteSubjectDN
7043 [Test worker] INFO  x.yang.diagram.YangDiagramGenerator  - CREATED ELEMENT FOR statement:io.typefox.yang.yang.impl.LeafListImpl@15b7ae9a (name: remoteSubjectFQDN) WITH ID ietf-ipfix-psamp:ipfix-node-grouping-transportLayerSecurityParameters-remoteSubjectFQDN
7043 [Test worker] INFO  x.yang.diagram.YangDiagramGenerator  - CREATED ELEMENT FOR statement:io.typefox.yang.yang.impl.GroupingImpl@3d03a5f9 (name: transportLayerSecurityParameters) WITH ID ietf-ipfix-psamp:ipfix-node-grouping-transportLayerSecurityParameters
7043 [Test worker] INFO  x.yang.diagram.YangDiagramGenerator  - CREATED ELEMENT FOR statement:io.typefox.yang.yang.impl.LeafImpl@7e4fa93f (name: observationDomainId) WITH ID ietf-ipfix-psamp:ipfix-node-grouping-templateParameters-observationDomainId
7043 [Test worker] INFO  x.yang.diagram.YangDiagramGenerator  - CREATED ELEMENT FOR statement:io.typefox.yang.yang.impl.LeafImpl@7bd73034 (name: templateId) WITH ID ietf-ipfix-psamp:ipfix-node-grouping-templateParameters-templateId
7044 [Test worker] INFO  x.yang.diagram.YangDiagramGenerator  - CREATED ELEMENT FOR statement:io.typefox.yang.yang.impl.LeafImpl@533c92aa (name: setId) WITH ID ietf-ipfix-psamp:ipfix-node-grouping-templateParameters-setId
7044 [Test worker] INFO  x.yang.diagram.YangDiagramGenerator  - CREATED ELEMENT FOR statement:io.typefox.yang.yang.impl.LeafImpl@7330c959 (name: accessTime) WITH ID ietf-ipfix-psamp:ipfix-node-grouping-templateParameters-accessTime
7044 [Test worker] INFO  x.yang.diagram.YangDiagramGenerator  - CREATED ELEMENT FOR statement:io.typefox.yang.yang.impl.LeafImpl@70b58051 (name: templateDataRecords) WITH ID ietf-ipfix-psamp:ipfix-node-grouping-templateParameters-templateDataRecords
7044 [Test worker] INFO  x.yang.diagram.YangDiagramGenerator  - CREATED ELEMENT FOR statement:io.typefox.yang.yang.impl.LeafImpl@32a148e3 (name: templateDiscontinuityTime) WITH ID ietf-ipfix-psamp:ipfix-node-grouping-templateParameters-templateDiscontinuityTime
7044 [Test worker] INFO  x.yang.diagram.YangDiagramGenerator  - CREATED ELEMENT FOR statement:io.typefox.yang.yang.impl.LeafImpl@53f25df (name: ieId) WITH ID ietf-ipfix-psamp:ipfix-node-grouping-templateParameters-list-field-ieId
7044 [Test worker] INFO  x.yang.diagram.YangDiagramGenerator  - CREATED ELEMENT FOR statement:io.typefox.yang.yang.impl.LeafImpl@70305e20 (name: ieLength) WITH ID ietf-ipfix-psamp:ipfix-node-grouping-templateParameters-list-field-ieLength
7051 [Test worker] INFO  x.yang.diagram.YangDiagramGenerator  - CREATED ELEMENT FOR statement:io.typefox.yang.yang.impl.LeafImpl@2c5bef7f (name: ieEnterpriseNumber) WITH ID ietf-ipfix-psamp:ipfix-node-grouping-templateParameters-list-field-ieEnterpriseNumber
7051 [Test worker] INFO  x.yang.diagram.YangDiagramGenerator  - CREATED ELEMENT FOR statement:io.typefox.yang.yang.impl.LeafImpl@14854c47 (name: isFlowKey) WITH ID ietf-ipfix-psamp:ipfix-node-grouping-templateParameters-list-field-isFlowKey
7051 [Test worker] INFO  x.yang.diagram.YangDiagramGenerator  - CREATED ELEMENT FOR statement:io.typefox.yang.yang.impl.LeafImpl@686892d5 (name: isScope) WITH ID ietf-ipfix-psamp:ipfix-node-grouping-templateParameters-list-field-isScope
7051 [Test worker] INFO  x.yang.diagram.YangDiagramGenerator  - CREATED ELEMENT FOR statement:io.typefox.yang.yang.impl.ListImpl@1a5b00a6 (name: field) WITH ID ietf-ipfix-psamp:ipfix-node-grouping-templateParameters-list-field
7051 [Test worker] INFO  x.yang.diagram.YangDiagramGenerator  - CREATED ELEMENT FOR statement:io.typefox.yang.yang.impl.GroupingImpl@69082485 (name: templateParameters) WITH ID ietf-ipfix-psamp:ipfix-node-grouping-templateParameters
7051 [Test worker] INFO  x.yang.diagram.YangDiagramGenerator  - CREATED ELEMENT FOR statement:io.typefox.yang.yang.impl.LeafImpl@5751aa97 (name: ipfixVersion) WITH ID ietf-ipfix-psamp:ipfix-node-grouping-transportSessionParameters-ipfixVersion
7051 [Test worker] INFO  x.yang.diagram.YangDiagramGenerator  - CREATED ELEMENT FOR statement:io.typefox.yang.yang.impl.LeafImpl@7b836492 (name: sourceAddress) WITH ID ietf-ipfix-psamp:ipfix-node-grouping-transportSessionParameters-sourceAddress
7051 [Test worker] INFO  x.yang.diagram.YangDiagramGenerator  - CREATED ELEMENT FOR statement:io.typefox.yang.yang.impl.LeafImpl@399f0574 (name: destinationAddress) WITH ID ietf-ipfix-psamp:ipfix-node-grouping-transportSessionParameters-destinationAddress
7051 [Test worker] INFO  x.yang.diagram.YangDiagramGenerator  - CREATED ELEMENT FOR statement:io.typefox.yang.yang.impl.LeafImpl@111b22ce (name: sourcePort) WITH ID ietf-ipfix-psamp:ipfix-node-grouping-transportSessionParameters-sourcePort
7051 [Test worker] INFO  x.yang.diagram.YangDiagramGenerator  - CREATED ELEMENT FOR statement:io.typefox.yang.yang.impl.LeafImpl@4bc42768 (name: destinationPort) WITH ID ietf-ipfix-psamp:ipfix-node-grouping-transportSessionParameters-destinationPort
7053 [Test worker] INFO  x.yang.diagram.YangDiagramGenerator  - CREATED ELEMENT FOR statement:io.typefox.yang.yang.impl.LeafImpl@2b037d76 (name: sctpAssocId) WITH ID ietf-ipfix-psamp:ipfix-node-grouping-transportSessionParameters-sctpAssocId
7054 [Test worker] INFO  x.yang.diagram.YangDiagramGenerator  - CREATED ELEMENT FOR statement:io.typefox.yang.yang.impl.LeafImpl@6a7669c7 (name: status) WITH ID ietf-ipfix-psamp:ipfix-node-grouping-transportSessionParameters-status
7054 [Test worker] INFO  x.yang.diagram.YangDiagramGenerator  - CREATED ELEMENT FOR statement:io.typefox.yang.yang.impl.LeafImpl@22332b15 (name: rate) WITH ID ietf-ipfix-psamp:ipfix-node-grouping-transportSessionParameters-rate
7054 [Test worker] INFO  x.yang.diagram.YangDiagramGenerator  - CREATED ELEMENT FOR statement:io.typefox.yang.yang.impl.LeafImpl@48a6a75c (name: bytes) WITH ID ietf-ipfix-psamp:ipfix-node-grouping-transportSessionParameters-bytes
7054 [Test worker] INFO  x.yang.diagram.YangDiagramGenerator  - CREATED ELEMENT FOR statement:io.typefox.yang.yang.impl.LeafImpl@787e9bf3 (name: messages) WITH ID ietf-ipfix-psamp:ipfix-node-grouping-transportSessionParameters-messages
7054 [Test worker] INFO  x.yang.diagram.YangDiagramGenerator  - CREATED ELEMENT FOR statement:io.typefox.yang.yang.impl.LeafImpl@211fed6a (name: discardedMessages) WITH ID ietf-ipfix-psamp:ipfix-node-grouping-transportSessionParameters-discardedMessages
7054 [Test worker] INFO  x.yang.diagram.YangDiagramGenerator  - CREATED ELEMENT FOR statement:io.typefox.yang.yang.impl.LeafImpl@1a4f11df (name: records) WITH ID ietf-ipfix-psamp:ipfix-node-grouping-transportSessionParameters-records
7054 [Test worker] INFO  x.yang.diagram.YangDiagramGenerator  - CREATED ELEMENT FOR statement:io.typefox.yang.yang.impl.LeafImpl@672ed98d (name: templates) WITH ID ietf-ipfix-psamp:ipfix-node-grouping-transportSessionParameters-templates
7054 [Test worker] INFO  x.yang.diagram.YangDiagramGenerator  - CREATED ELEMENT FOR statement:io.typefox.yang.yang.impl.LeafImpl@6b837798 (name: optionsTemplates) WITH ID ietf-ipfix-psamp:ipfix-node-grouping-transportSessionParameters-optionsTemplates
7054 [Test worker] INFO  x.yang.diagram.YangDiagramGenerator  - CREATED ELEMENT FOR statement:io.typefox.yang.yang.impl.LeafImpl@35a9b33f (name: transportSessionStartTime) WITH ID ietf-ipfix-psamp:ipfix-node-grouping-transportSessionParameters-transportSessionStartTime
7054 [Test worker] INFO  x.yang.diagram.YangDiagramGenerator  - CREATED ELEMENT FOR statement:io.typefox.yang.yang.impl.LeafImpl@578a9dbc (name: transportSessionDiscontinuityTime) WITH ID ietf-ipfix-psamp:ipfix-node-grouping-transportSessionParameters-transportSessionDiscontinuityTime
7055 [Test worker] INFO  x.yang.diagram.YangDiagramGenerator  - CREATED ELEMENT FOR statement:io.typefox.yang.yang.impl.UsesImpl@4679d471 WITH ID ietf-ipfix-psamp:ipfix-node-grouping-transportSessionParameters-list-template-uses templateParameters-pill
7055 [Test worker] INFO  x.yang.diagram.YangDiagramGenerator  - CREATED ELEMENT FOR statement:io.typefox.yang.yang.impl.ListImpl@36364491 (name: template) WITH ID ietf-ipfix-psamp:ipfix-node-grouping-transportSessionParameters-list-template
7055 [Test worker] INFO  x.yang.diagram.YangDiagramGenerator  - CREATED ELEMENT FOR statement:io.typefox.yang.yang.impl.GroupingImpl@4e7e2923 (name: transportSessionParameters) WITH ID ietf-ipfix-psamp:ipfix-node-grouping-transportSessionParameters
7058 [Test worker] INFO  x.yang.diagram.YangDiagramGenerator  - CREATED ELEMENT FOR statement:io.typefox.yang.yang.impl.LeafImpl@4d9a2a2d (name: name) WITH ID ietf-ipfix-psamp:ipfix-node-container-ipfix-list-collectingProcess-name
7058 [Test worker] INFO  x.yang.diagram.YangDiagramGenerator  - CREATED ELEMENT FOR statement:io.typefox.yang.yang.impl.LeafListImpl@4548a5b3 (name: exportingProcess) WITH ID ietf-ipfix-psamp:ipfix-node-container-ipfix-list-collectingProcess-exportingProcess
7058 [Test worker] INFO  x.yang.diagram.YangDiagramGenerator  - CREATED ELEMENT FOR statement:io.typefox.yang.yang.impl.UsesImpl@415e7347 WITH ID ietf-ipfix-psamp:ipfix-node-container-ipfix-list-collectingProcess-uses collectingProcessParameters-pill
7058 [Test worker] INFO  x.yang.diagram.YangDiagramGenerator  - CREATED ELEMENT FOR statement:io.typefox.yang.yang.impl.ListImpl@7e567d7e (name: collectingProcess) WITH ID ietf-ipfix-psamp:ipfix-node-container-ipfix-list-collectingProcess
7058 [Test worker] INFO  x.yang.diagram.YangDiagramGenerator  - CREATED ELEMENT FOR statement:io.typefox.yang.yang.impl.LeafImpl@6201fbdb (name: name) WITH ID ietf-ipfix-psamp:ipfix-node-container-ipfix-list-observationPoint-name
7059 [Test worker] INFO  x.yang.diagram.YangDiagramGenerator  - CREATED ELEMENT FOR statement:io.typefox.yang.yang.impl.LeafListImpl@6264bf15 (name: selectionProcess) WITH ID ietf-ipfix-psamp:ipfix-node-container-ipfix-list-observationPoint-selectionProcess
7059 [Test worker] INFO  x.yang.diagram.YangDiagramGenerator  - CREATED ELEMENT FOR statement:io.typefox.yang.yang.impl.UsesImpl@50122c55 WITH ID ietf-ipfix-psamp:ipfix-node-container-ipfix-list-observationPoint-uses observationPointParameters-pill
7059 [Test worker] INFO  x.yang.diagram.YangDiagramGenerator  - CREATED ELEMENT FOR statement:io.typefox.yang.yang.impl.ListImpl@1d6216a4 (name: observationPoint) WITH ID ietf-ipfix-psamp:ipfix-node-container-ipfix-list-observationPoint
7059 [Test worker] INFO  x.yang.diagram.YangDiagramGenerator  - CREATED ELEMENT FOR statement:io.typefox.yang.yang.impl.LeafImpl@7050f9f0 (name: name) WITH ID ietf-ipfix-psamp:ipfix-node-container-ipfix-list-selectionProcess-name
7059 [Test worker] INFO  x.yang.diagram.YangDiagramGenerator  - CREATED ELEMENT FOR statement:io.typefox.yang.yang.impl.LeafImpl@370b7cf8 (name: cache) WITH ID ietf-ipfix-psamp:ipfix-node-container-ipfix-list-selectionProcess-cache
7059 [Test worker] INFO  x.yang.diagram.YangDiagramGenerator  - CREATED ELEMENT FOR statement:io.typefox.yang.yang.impl.LeafImpl@76ba9ec8 (name: name) WITH ID ietf-ipfix-psamp:ipfix-node-container-ipfix-list-selectionProcess-list-selector-name
7059 [Test worker] INFO  x.yang.diagram.YangDiagramGenerator  - CREATED ELEMENT FOR statement:io.typefox.yang.yang.impl.UsesImpl@7be0718d WITH ID ietf-ipfix-psamp:ipfix-node-container-ipfix-list-selectionProcess-list-selector-uses selectorParameters-pill
7059 [Test worker] INFO  x.yang.diagram.YangDiagramGenerator  - CREATED ELEMENT FOR statement:io.typefox.yang.yang.impl.ListImpl@c888878 (name: selector) WITH ID ietf-ipfix-psamp:ipfix-node-container-ipfix-list-selectionProcess-list-selector
7059 [Test worker] INFO  x.yang.diagram.YangDiagramGenerator  - CREATED ELEMENT FOR statement:io.typefox.yang.yang.impl.LeafImpl@6088d9ad (name: observationDomainId) WITH ID ietf-ipfix-psamp:ipfix-node-container-ipfix-list-selectionProcess-list-selectionSequence-observationDomainId
7059 [Test worker] INFO  x.yang.diagram.YangDiagramGenerator  - CREATED ELEMENT FOR statement:io.typefox.yang.yang.impl.LeafImpl@426657aa (name: selectionSequenceId) WITH ID ietf-ipfix-psamp:ipfix-node-container-ipfix-list-selectionProcess-list-selectionSequence-selectionSequenceId
7060 [Test worker] INFO  x.yang.diagram.YangDiagramGenerator  - CREATED ELEMENT FOR statement:io.typefox.yang.yang.impl.ListImpl@3af22a72 (name: selectionSequence) WITH ID ietf-ipfix-psamp:ipfix-node-container-ipfix-list-selectionProcess-list-selectionSequence
7060 [Test worker] INFO  x.yang.diagram.YangDiagramGenerator  - CREATED ELEMENT FOR statement:io.typefox.yang.yang.impl.ListImpl@7271be1c (name: selectionProcess) WITH ID ietf-ipfix-psamp:ipfix-node-container-ipfix-list-selectionProcess
7060 [Test worker] INFO  x.yang.diagram.YangDiagramGenerator  - CREATED ELEMENT FOR statement:io.typefox.yang.yang.impl.LeafImpl@5492544e (name: name) WITH ID ietf-ipfix-psamp:ipfix-node-container-ipfix-list-cache-name
7060 [Test worker] INFO  x.yang.diagram.YangDiagramGenerator  - CREATED ELEMENT FOR statement:io.typefox.yang.yang.impl.LeafImpl@24398271 (name: meteringProcessId) WITH ID ietf-ipfix-psamp:ipfix-node-container-ipfix-list-cache-meteringProcessId
7060 [Test worker] INFO  x.yang.diagram.YangDiagramGenerator  - CREATED ELEMENT FOR statement:io.typefox.yang.yang.impl.LeafImpl@fb39d3e (name: dataRecords) WITH ID ietf-ipfix-psamp:ipfix-node-container-ipfix-list-cache-dataRecords
7060 [Test worker] INFO  x.yang.diagram.YangDiagramGenerator  - CREATED ELEMENT FOR statement:io.typefox.yang.yang.impl.LeafImpl@704d438a (name: cacheDiscontinuityTime) WITH ID ietf-ipfix-psamp:ipfix-node-container-ipfix-list-cache-cacheDiscontinuityTime
7060 [Test worker] INFO  x.yang.diagram.YangDiagramGenerator  - CREATED ELEMENT FOR statement:io.typefox.yang.yang.impl.LeafListImpl@36bb59e9 (name: exportingProcess) WITH ID ietf-ipfix-psamp:ipfix-node-container-ipfix-list-cache-exportingProcess
7060 [Test worker] INFO  x.yang.diagram.YangDiagramGenerator  - CREATED ELEMENT FOR statement:io.typefox.yang.yang.impl.UsesImpl@5e796f45 WITH ID ietf-ipfix-psamp:ipfix-node-container-ipfix-list-cache-CacheType-choice-immediateCache-case-immediateCache-case-container-immediateCache-uses cacheLayoutParameters-pill
7060 [Test worker] INFO  x.yang.diagram.YangDiagramGenerator  - CREATED ELEMENT FOR statement:io.typefox.yang.yang.impl.ContainerImpl@4db053d9 (name: immediateCache) WITH ID ietf-ipfix-psamp:ipfix-node-container-ipfix-list-cache-CacheType-choice-immediateCache-case-immediateCache-case-container-immediateCache
7061 [Test worker] INFO  x.yang.diagram.YangDiagramGenerator  - CREATED ELEMENT FOR statement:io.typefox.yang.yang.impl.UsesImpl@57fb08f6 WITH ID ietf-ipfix-psamp:ipfix-node-container-ipfix-list-cache-CacheType-choice-timeoutCache-case-timeoutCache-case-container-timeoutCache-uses flowCacheParameters-pill
7061 [Test worker] INFO  x.yang.diagram.YangDiagramGenerator  - CREATED ELEMENT FOR statement:io.typefox.yang.yang.impl.UsesImpl@3be377f1 WITH ID ietf-ipfix-psamp:ipfix-node-container-ipfix-list-cache-CacheType-choice-timeoutCache-case-timeoutCache-case-container-timeoutCache-uses cacheLayoutParameters-pill
7061 [Test worker] INFO  x.yang.diagram.YangDiagramGenerator  - CREATED ELEMENT FOR statement:io.typefox.yang.yang.impl.ContainerImpl@2e75248f (name: timeoutCache) WITH ID ietf-ipfix-psamp:ipfix-node-container-ipfix-list-cache-CacheType-choice-timeoutCache-case-timeoutCache-case-container-timeoutCache
7062 [Test worker] INFO  x.yang.diagram.YangDiagramGenerator  - CREATED ELEMENT FOR statement:io.typefox.yang.yang.impl.UsesImpl@61149403 WITH ID ietf-ipfix-psamp:ipfix-node-container-ipfix-list-cache-CacheType-choice-naturalCache-case-naturalCache-case-container-naturalCache-uses flowCacheParameters-pill
7062 [Test worker] INFO  x.yang.diagram.YangDiagramGenerator  - CREATED ELEMENT FOR statement:io.typefox.yang.yang.impl.UsesImpl@6ea79c6f WITH ID ietf-ipfix-psamp:ipfix-node-container-ipfix-list-cache-CacheType-choice-naturalCache-case-naturalCache-case-container-naturalCache-uses cacheLayoutParameters-pill
7062 [Test worker] INFO  x.yang.diagram.YangDiagramGenerator  - CREATED ELEMENT FOR statement:io.typefox.yang.yang.impl.ContainerImpl@4e5b32b5 (name: naturalCache) WITH ID ietf-ipfix-psamp:ipfix-node-container-ipfix-list-cache-CacheType-choice-naturalCache-case-naturalCache-case-container-naturalCache
7062 [Test worker] INFO  x.yang.diagram.YangDiagramGenerator  - CREATED ELEMENT FOR statement:io.typefox.yang.yang.impl.UsesImpl@498d26ad WITH ID ietf-ipfix-psamp:ipfix-node-container-ipfix-list-cache-CacheType-choice-permanentCache-case-permanentCache-case-container-permanentCache-uses flowCacheParameters-pill
7062 [Test worker] INFO  x.yang.diagram.YangDiagramGenerator  - CREATED ELEMENT FOR statement:io.typefox.yang.yang.impl.UsesImpl@cfc1713 WITH ID ietf-ipfix-psamp:ipfix-node-container-ipfix-list-cache-CacheType-choice-permanentCache-case-permanentCache-case-container-permanentCache-uses cacheLayoutParameters-pill
7062 [Test worker] INFO  x.yang.diagram.YangDiagramGenerator  - CREATED ELEMENT FOR statement:io.typefox.yang.yang.impl.ContainerImpl@5eeaa607 (name: permanentCache) WITH ID ietf-ipfix-psamp:ipfix-node-container-ipfix-list-cache-CacheType-choice-permanentCache-case-permanentCache-case-container-permanentCache
7062 [Test worker] INFO  x.yang.diagram.YangDiagramGenerator  - CREATED ELEMENT FOR statement:io.typefox.yang.yang.impl.ChoiceImpl@4933e9f5 (name: CacheType) WITH ID ietf-ipfix-psamp:ipfix-node-container-ipfix-list-cache-CacheType-choice
7062 [Test worker] INFO  x.yang.diagram.YangDiagramGenerator  - CREATED ELEMENT FOR statement:io.typefox.yang.yang.impl.ListImpl@69ab0630 (name: cache) WITH ID ietf-ipfix-psamp:ipfix-node-container-ipfix-list-cache
7062 [Test worker] INFO  x.yang.diagram.YangDiagramGenerator  - CREATED ELEMENT FOR statement:io.typefox.yang.yang.impl.LeafImpl@583d099 (name: name) WITH ID ietf-ipfix-psamp:ipfix-node-container-ipfix-list-exportingProcess-name
7063 [Test worker] INFO  x.yang.diagram.YangDiagramGenerator  - CREATED ELEMENT FOR statement:io.typefox.yang.yang.impl.UsesImpl@ed284b0 WITH ID ietf-ipfix-psamp:ipfix-node-container-ipfix-list-exportingProcess-uses exportingProcessParameters-pill
7063 [Test worker] INFO  x.yang.diagram.YangDiagramGenerator  - CREATED ELEMENT FOR statement:io.typefox.yang.yang.impl.ListImpl@58f8b8de (name: exportingProcess) WITH ID ietf-ipfix-psamp:ipfix-node-container-ipfix-list-exportingProcess
7063 [Test worker] INFO  x.yang.diagram.YangDiagramGenerator  - CREATED ELEMENT FOR statement:io.typefox.yang.yang.impl.ContainerImpl@69d3af77 (name: ipfix) WITH ID ietf-ipfix-psamp:ipfix-node-container-ipfix
7063 [Test worker] INFO  x.yang.diagram.YangDiagramGenerator  - CREATED ELEMENT FOR statement:io.typefox.yang.yang.impl.ModuleImpl@724fadcc (name: ietf-ipfix-psamp) WITH ID ietf-ipfix-psamp:ipfix
7151 [Test worker] INFO  x.yang.diagram.YangDiagramGenerator  - Generating diagram for input: 'ietf-snmp-community.yang'
7152 [Test worker] INFO  x.yang.diagram.YangDiagramGenerator  - CREATED ELEMENT FOR statement:io.typefox.yang.yang.impl.LeafImpl@2c4834eb (name: index) WITH ID ietf-snmp-community-node-/snmp:snmp-augmentation-list-community-index
7152 [Test worker] INFO  x.yang.diagram.YangDiagramGenerator  - CREATED ELEMENT FOR statement:io.typefox.yang.yang.impl.LeafImpl@2147e5e2 (name: security-name) WITH ID ietf-snmp-community-node-/snmp:snmp-augmentation-list-community-security-name
7152 [Test worker] INFO  x.yang.diagram.YangDiagramGenerator  - CREATED ELEMENT FOR statement:io.typefox.yang.yang.impl.LeafImpl@754f60c7 (name: engine-id) WITH ID ietf-snmp-community-node-/snmp:snmp-augmentation-list-community-engine-id
7152 [Test worker] INFO  x.yang.diagram.YangDiagramGenerator  - CREATED ELEMENT FOR statement:io.typefox.yang.yang.impl.LeafImpl@7719e040 (name: context) WITH ID ietf-snmp-community-node-/snmp:snmp-augmentation-list-community-context
7152 [Test worker] INFO  x.yang.diagram.YangDiagramGenerator  - CREATED ELEMENT FOR statement:io.typefox.yang.yang.impl.LeafImpl@1a1b7d24 (name: target-tag) WITH ID ietf-snmp-community-node-/snmp:snmp-augmentation-list-community-target-tag
7152 [Test worker] INFO  x.yang.diagram.YangDiagramGenerator  - CREATED ELEMENT FOR statement:io.typefox.yang.yang.impl.LeafImpl@46de370 (name: text-name) WITH ID ietf-snmp-community-node-/snmp:snmp-augmentation-list-community-name-choice-text-name-case-text-name-case-text-name
7152 [Test worker] INFO  x.yang.diagram.YangDiagramGenerator  - CREATED ELEMENT FOR statement:io.typefox.yang.yang.impl.LeafImpl@a2af262 (name: binary-name) WITH ID ietf-snmp-community-node-/snmp:snmp-augmentation-list-community-name-choice-binary-name-case-binary-name-case-binary-name
7152 [Test worker] INFO  x.yang.diagram.YangDiagramGenerator  - CREATED ELEMENT FOR statement:io.typefox.yang.yang.impl.ChoiceImpl@32090887 (name: name) WITH ID ietf-snmp-community-node-/snmp:snmp-augmentation-list-community-name-choice
7152 [Test worker] INFO  x.yang.diagram.YangDiagramGenerator  - CREATED ELEMENT FOR statement:io.typefox.yang.yang.impl.ListImpl@733aa1bf (name: community) WITH ID ietf-snmp-community-node-/snmp:snmp-augmentation-list-community
7152 [Test worker] INFO  x.yang.diagram.YangDiagramGenerator  - CREATED ELEMENT FOR statement:io.typefox.yang.yang.impl.AugmentImpl@1827aacb WITH ID ietf-snmp-community-node-/snmp:snmp-augmentation
7152 [Test worker] INFO  x.yang.diagram.YangDiagramGenerator  - CREATED ELEMENT FOR statement:io.typefox.yang.yang.impl.LeafImpl@45c3e24f (name: security-name) WITH ID ietf-snmp-community-node-grouping-v1-target-params-container-v1-security-name
7152 [Test worker] INFO  x.yang.diagram.YangDiagramGenerator  - CREATED ELEMENT FOR statement:io.typefox.yang.yang.impl.ContainerImpl@3ff48740 (name: v1) WITH ID ietf-snmp-community-node-grouping-v1-target-params-container-v1
7153 [Test worker] INFO  x.yang.diagram.YangDiagramGenerator  - CREATED ELEMENT FOR statement:io.typefox.yang.yang.impl.GroupingImpl@19e5fe58 (name: v1-target-params) WITH ID ietf-snmp-community-node-grouping-v1-target-params
7153 [Test worker] INFO  x.yang.diagram.YangDiagramGenerator  - CREATED ELEMENT FOR statement:io.typefox.yang.yang.impl.LeafImpl@3c316e5d (name: security-name) WITH ID ietf-snmp-community-node-grouping-v2c-target-params-container-v2c-security-name
7153 [Test worker] INFO  x.yang.diagram.YangDiagramGenerator  - CREATED ELEMENT FOR statement:io.typefox.yang.yang.impl.ContainerImpl@663a220e (name: v2c) WITH ID ietf-snmp-community-node-grouping-v2c-target-params-container-v2c
7153 [Test worker] INFO  x.yang.diagram.YangDiagramGenerator  - CREATED ELEMENT FOR statement:io.typefox.yang.yang.impl.GroupingImpl@7def770e (name: v2c-target-params) WITH ID ietf-snmp-community-node-grouping-v2c-target-params
7153 [Test worker] INFO  x.yang.diagram.YangDiagramGenerator  - CREATED ELEMENT FOR statement:io.typefox.yang.yang.impl.UsesImpl@4b4e41d5 WITH ID ietf-snmp-community-node-/snmp:snmp/snmp:target/snmp:params-augmentation-v1-case-uses v1-target-params-pill
7153 [Test worker] INFO  x.yang.diagram.YangDiagramGenerator  - CREATED ELEMENT FOR statement:io.typefox.yang.yang.impl.CaseImpl@7cba8d67 (name: v1) WITH ID ietf-snmp-community-node-/snmp:snmp/snmp:target/snmp:params-augmentation-v1-case
7153 [Test worker] INFO  x.yang.diagram.YangDiagramGenerator  - CREATED ELEMENT FOR statement:io.typefox.yang.yang.impl.UsesImpl@4ba7eaac WITH ID ietf-snmp-community-node-/snmp:snmp/snmp:target/snmp:params-augmentation-v2c-case-uses v2c-target-params-pill
7153 [Test worker] INFO  x.yang.diagram.YangDiagramGenerator  - CREATED ELEMENT FOR statement:io.typefox.yang.yang.impl.CaseImpl@4d76a3d1 (name: v2c) WITH ID ietf-snmp-community-node-/snmp:snmp/snmp:target/snmp:params-augmentation-v2c-case
7153 [Test worker] INFO  x.yang.diagram.YangDiagramGenerator  - CREATED ELEMENT FOR statement:io.typefox.yang.yang.impl.AugmentImpl@740f0343 WITH ID ietf-snmp-community-node-/snmp:snmp/snmp:target/snmp:params-augmentation
7153 [Test worker] INFO  x.yang.diagram.YangDiagramGenerator  - CREATED ELEMENT FOR statement:io.typefox.yang.yang.impl.UsesImpl@5cf66910 WITH ID ietf-snmp-community-node-/snmp:snmp/snmp:proxy/snmp:params-in/snmp:params-augmentation-v1-case-uses v1-target-params-pill
7153 [Test worker] INFO  x.yang.diagram.YangDiagramGenerator  - CREATED ELEMENT FOR statement:io.typefox.yang.yang.impl.CaseImpl@28f01aa8 (name: v1) WITH ID ietf-snmp-community-node-/snmp:snmp/snmp:proxy/snmp:params-in/snmp:params-augmentation-v1-case
7154 [Test worker] INFO  x.yang.diagram.YangDiagramGenerator  - CREATED ELEMENT FOR statement:io.typefox.yang.yang.impl.UsesImpl@50604c4c WITH ID ietf-snmp-community-node-/snmp:snmp/snmp:proxy/snmp:params-in/snmp:params-augmentation-v2c-case-uses v2c-target-params-pill
7155 [Test worker] INFO  x.yang.diagram.YangDiagramGenerator  - CREATED ELEMENT FOR statement:io.typefox.yang.yang.impl.CaseImpl@5c794818 (name: v2c) WITH ID ietf-snmp-community-node-/snmp:snmp/snmp:proxy/snmp:params-in/snmp:params-augmentation-v2c-case
7155 [Test worker] INFO  x.yang.diagram.YangDiagramGenerator  - CREATED ELEMENT FOR statement:io.typefox.yang.yang.impl.AugmentImpl@3328146e WITH ID ietf-snmp-community-node-/snmp:snmp/snmp:proxy/snmp:params-in/snmp:params-augmentation
7156 [Test worker] INFO  x.yang.diagram.YangDiagramGenerator  - CREATED ELEMENT FOR statement:io.typefox.yang.yang.impl.LeafImpl@1b257df9 (name: mms) WITH ID ietf-snmp-community-node-/snmp:snmp/snmp:target-augmentation-mms
7157 [Test worker] INFO  x.yang.diagram.YangDiagramGenerator  - CREATED ELEMENT FOR statement:io.typefox.yang.yang.impl.AugmentImpl@497540fd WITH ID ietf-snmp-community-node-/snmp:snmp/snmp:target-augmentation
7157 [Test worker] INFO  x.yang.diagram.YangDiagramGenerator  - CREATED ELEMENT FOR statement:io.typefox.yang.yang.impl.SubmoduleImpl@5fdae843 (name: ietf-snmp-community) WITH ID ietf-snmp-community
7264 [Test worker] INFO  x.yang.diagram.YangDiagramGenerator  - Generating diagram for input: 'ietf-snmp-tsm.yang'
7265 [Test worker] INFO  x.yang.diagram.YangDiagramGenerator  - CREATED ELEMENT FOR statement:io.typefox.yang.yang.impl.LeafImpl@644949fe (name: use-prefix) WITH ID ietf-snmp-tsm-node-/snmp:snmp-augmentation-container-tsm-use-prefix
7265 [Test worker] INFO  x.yang.diagram.YangDiagramGenerator  - CREATED ELEMENT FOR statement:io.typefox.yang.yang.impl.ContainerImpl@6daeba9f (name: tsm) WITH ID ietf-snmp-tsm-node-/snmp:snmp-augmentation-container-tsm
7265 [Test worker] INFO  x.yang.diagram.YangDiagramGenerator  - CREATED ELEMENT FOR statement:io.typefox.yang.yang.impl.AugmentImpl@5c7862ba WITH ID ietf-snmp-tsm-node-/snmp:snmp-augmentation
7265 [Test worker] INFO  x.yang.diagram.YangDiagramGenerator  - CREATED ELEMENT FOR statement:io.typefox.yang.yang.impl.LeafImpl@7fc14eb0 (name: security-name) WITH ID ietf-snmp-tsm-node-grouping-tsm-target-params-container-tsm-security-name
7265 [Test worker] INFO  x.yang.diagram.YangDiagramGenerator  - CREATED ELEMENT FOR statement:io.typefox.yang.yang.impl.LeafImpl@51e9fe0f (name: security-level) WITH ID ietf-snmp-tsm-node-grouping-tsm-target-params-container-tsm-security-level
7265 [Test worker] INFO  x.yang.diagram.YangDiagramGenerator  - CREATED ELEMENT FOR statement:io.typefox.yang.yang.impl.ContainerImpl@498bccef (name: tsm) WITH ID ietf-snmp-tsm-node-grouping-tsm-target-params-container-tsm
7265 [Test worker] INFO  x.yang.diagram.YangDiagramGenerator  - CREATED ELEMENT FOR statement:io.typefox.yang.yang.impl.GroupingImpl@56791ad6 (name: tsm-target-params) WITH ID ietf-snmp-tsm-node-grouping-tsm-target-params
7265 [Test worker] INFO  x.yang.diagram.YangDiagramGenerator  - CREATED ELEMENT FOR statement:io.typefox.yang.yang.impl.UsesImpl@23b87a67 WITH ID ietf-snmp-tsm-node-/snmp:snmp/snmp:target/snmp:params-augmentation-tsm-case-uses tsm-target-params-pill
7265 [Test worker] INFO  x.yang.diagram.YangDiagramGenerator  - CREATED ELEMENT FOR statement:io.typefox.yang.yang.impl.CaseImpl@3dbff199 (name: tsm) WITH ID ietf-snmp-tsm-node-/snmp:snmp/snmp:target/snmp:params-augmentation-tsm-case
7265 [Test worker] INFO  x.yang.diagram.YangDiagramGenerator  - CREATED ELEMENT FOR statement:io.typefox.yang.yang.impl.AugmentImpl@2a44be75 WITH ID ietf-snmp-tsm-node-/snmp:snmp/snmp:target/snmp:params-augmentation
7265 [Test worker] INFO  x.yang.diagram.YangDiagramGenerator  - CREATED ELEMENT FOR statement:io.typefox.yang.yang.impl.UsesImpl@34f5ae41 WITH ID ietf-snmp-tsm-node-/snmp:snmp/snmp:proxy/snmp:params-in/snmp:params-augmentation-tsm-case-uses tsm-target-params-pill
7265 [Test worker] INFO  x.yang.diagram.YangDiagramGenerator  - CREATED ELEMENT FOR statement:io.typefox.yang.yang.impl.CaseImpl@54fe91fa (name: tsm) WITH ID ietf-snmp-tsm-node-/snmp:snmp/snmp:proxy/snmp:params-in/snmp:params-augmentation-tsm-case
7265 [Test worker] INFO  x.yang.diagram.YangDiagramGenerator  - CREATED ELEMENT FOR statement:io.typefox.yang.yang.impl.AugmentImpl@168f81c5 WITH ID ietf-snmp-tsm-node-/snmp:snmp/snmp:proxy/snmp:params-in/snmp:params-augmentation
7265 [Test worker] INFO  x.yang.diagram.YangDiagramGenerator  - CREATED ELEMENT FOR statement:io.typefox.yang.yang.impl.SubmoduleImpl@19b73277 (name: ietf-snmp-tsm) WITH ID ietf-snmp-tsm
7364 [Test worker] INFO  x.yang.diagram.YangDiagramGenerator  - Generating diagram for input: 'ietf-snmp.yang'
7364 [Test worker] INFO  x.yang.diagram.YangDiagramGenerator  - CREATED ELEMENT FOR statement:io.typefox.yang.yang.impl.IncludeImpl@42c70182 WITH ID ietf-snmp-common
7364 [Test worker] INFO  x.yang.diagram.YangDiagramGenerator  - CREATED ELEMENT FOR statement:io.typefox.yang.yang.impl.IncludeImpl@79adf700 WITH ID ietf-snmp-engine
7365 [Test worker] INFO  x.yang.diagram.YangDiagramGenerator  - CREATED ELEMENT FOR statement:io.typefox.yang.yang.impl.IncludeImpl@19a59bfb WITH ID ietf-snmp-target
7365 [Test worker] INFO  x.yang.diagram.YangDiagramGenerator  - CREATED ELEMENT FOR statement:io.typefox.yang.yang.impl.IncludeImpl@5c5f60c5 WITH ID ietf-snmp-notification
7365 [Test worker] INFO  x.yang.diagram.YangDiagramGenerator  - CREATED ELEMENT FOR statement:io.typefox.yang.yang.impl.IncludeImpl@266eb1dd WITH ID ietf-snmp-proxy
7365 [Test worker] INFO  x.yang.diagram.YangDiagramGenerator  - CREATED ELEMENT FOR statement:io.typefox.yang.yang.impl.IncludeImpl@306d47e7 WITH ID ietf-snmp-community
7365 [Test worker] INFO  x.yang.diagram.YangDiagramGenerator  - CREATED ELEMENT FOR statement:io.typefox.yang.yang.impl.IncludeImpl@5a26852 WITH ID ietf-snmp-usm
7365 [Test worker] INFO  x.yang.diagram.YangDiagramGenerator  - CREATED ELEMENT FOR statement:io.typefox.yang.yang.impl.IncludeImpl@225c796b WITH ID ietf-snmp-tsm
7365 [Test worker] INFO  x.yang.diagram.YangDiagramGenerator  - CREATED ELEMENT FOR statement:io.typefox.yang.yang.impl.IncludeImpl@716fd4a4 WITH ID ietf-snmp-vacm
7365 [Test worker] INFO  x.yang.diagram.YangDiagramGenerator  - CREATED ELEMENT FOR statement:io.typefox.yang.yang.impl.IncludeImpl@2be7f711 WITH ID ietf-snmp-tls
7365 [Test worker] INFO  x.yang.diagram.YangDiagramGenerator  - CREATED ELEMENT FOR statement:io.typefox.yang.yang.impl.ModuleImpl@3d11fac7 (name: ietf-snmp) WITH ID ietf-snmp:snmp
7430 [Test worker] INFO  x.yang.diagram.YangDiagramGenerator  - Generating diagram for input: 'ietf-netconf-notifications.yang'
7430 [Test worker] INFO  x.yang.diagram.YangDiagramGenerator  - CREATED ELEMENT FOR statement:io.typefox.yang.yang.impl.LeafImpl@bc5a89d (name: username) WITH ID ietf-netconf-notifications:ncn-node-grouping-common-session-parms-username
7430 [Test worker] INFO  x.yang.diagram.YangDiagramGenerator  - CREATED ELEMENT FOR statement:io.typefox.yang.yang.impl.LeafImpl@12e35e32 (name: session-id) WITH ID ietf-netconf-notifications:ncn-node-grouping-common-session-parms-session-id
7430 [Test worker] INFO  x.yang.diagram.YangDiagramGenerator  - CREATED ELEMENT FOR statement:io.typefox.yang.yang.impl.LeafImpl@6729a5f9 (name: source-host) WITH ID ietf-netconf-notifications:ncn-node-grouping-common-session-parms-source-host
7430 [Test worker] INFO  x.yang.diagram.YangDiagramGenerator  - CREATED ELEMENT FOR statement:io.typefox.yang.yang.impl.GroupingImpl@24164e64 (name: common-session-parms) WITH ID ietf-netconf-notifications:ncn-node-grouping-common-session-parms
7431 [Test worker] INFO  x.yang.diagram.YangDiagramGenerator  - CREATED ELEMENT FOR statement:io.typefox.yang.yang.impl.LeafImpl@2b18b3b (name: server) WITH ID ietf-netconf-notifications:ncn-node-grouping-changed-by-parms-container-changed-by-server-or-user-choice-server-case-server-case-server
7437 [Test worker] INFO  x.yang.diagram.YangDiagramGenerator  - CREATED ELEMENT FOR statement:io.typefox.yang.yang.impl.UsesImpl@a2b5791 WITH ID ietf-netconf-notifications:ncn-node-grouping-changed-by-parms-container-changed-by-server-or-user-choice-by-user-case-uses common-session-parms-pill
7438 [Test worker] INFO  x.yang.diagram.YangDiagramGenerator  - CREATED ELEMENT FOR statement:io.typefox.yang.yang.impl.ChoiceImpl@20872d40 (name: server-or-user) WITH ID ietf-netconf-notifications:ncn-node-grouping-changed-by-parms-container-changed-by-server-or-user-choice
7438 [Test worker] INFO  x.yang.diagram.YangDiagramGenerator  - CREATED ELEMENT FOR statement:io.typefox.yang.yang.impl.ContainerImpl@3674225a (name: changed-by) WITH ID ietf-netconf-notifications:ncn-node-grouping-changed-by-parms-container-changed-by
7438 [Test worker] INFO  x.yang.diagram.YangDiagramGenerator  - CREATED ELEMENT FOR statement:io.typefox.yang.yang.impl.GroupingImpl@38128ffc (name: changed-by-parms) WITH ID ietf-netconf-notifications:ncn-node-grouping-changed-by-parms
7438 [Test worker] INFO  x.yang.diagram.YangDiagramGenerator  - CREATED ELEMENT FOR statement:io.typefox.yang.yang.impl.LeafImpl@6855c0b0 (name: datastore) WITH ID ietf-netconf-notifications:ncn-node-notification-netconf-config-change-datastore
7438 [Test worker] INFO  x.yang.diagram.YangDiagramGenerator  - CREATED ELEMENT FOR statement:io.typefox.yang.yang.impl.UsesImpl@71a11dd7 WITH ID ietf-netconf-notifications:ncn-node-notification-netconf-config-change-uses changed-by-parms-pill
7438 [Test worker] INFO  x.yang.diagram.YangDiagramGenerator  - CREATED ELEMENT FOR statement:io.typefox.yang.yang.impl.LeafImpl@66d0974b (name: target) WITH ID ietf-netconf-notifications:ncn-node-notification-netconf-config-change-list-edit-target
7438 [Test worker] INFO  x.yang.diagram.YangDiagramGenerator  - CREATED ELEMENT FOR statement:io.typefox.yang.yang.impl.LeafImpl@4a118902 (name: operation) WITH ID ietf-netconf-notifications:ncn-node-notification-netconf-config-change-list-edit-operation
7438 [Test worker] INFO  x.yang.diagram.YangDiagramGenerator  - CREATED ELEMENT FOR statement:io.typefox.yang.yang.impl.ListImpl@c0790b0 (name: edit) WITH ID ietf-netconf-notifications:ncn-node-notification-netconf-config-change-list-edit
7438 [Test worker] INFO  x.yang.diagram.YangDiagramGenerator  - CREATED ELEMENT FOR statement:io.typefox.yang.yang.impl.NotificationImpl@75b17b42 (name: netconf-config-change) WITH ID ietf-netconf-notifications:ncn-node-notification-netconf-config-change
7438 [Test worker] INFO  x.yang.diagram.YangDiagramGenerator  - CREATED ELEMENT FOR statement:io.typefox.yang.yang.impl.LeafListImpl@17b9c070 (name: added-capability) WITH ID ietf-netconf-notifications:ncn-node-notification-netconf-capability-change-added-capability
7438 [Test worker] INFO  x.yang.diagram.YangDiagramGenerator  - CREATED ELEMENT FOR statement:io.typefox.yang.yang.impl.LeafListImpl@5126121c (name: deleted-capability) WITH ID ietf-netconf-notifications:ncn-node-notification-netconf-capability-change-deleted-capability
7438 [Test worker] INFO  x.yang.diagram.YangDiagramGenerator  - CREATED ELEMENT FOR statement:io.typefox.yang.yang.impl.LeafListImpl@61948a98 (name: modified-capability) WITH ID ietf-netconf-notifications:ncn-node-notification-netconf-capability-change-modified-capability
7438 [Test worker] INFO  x.yang.diagram.YangDiagramGenerator  - CREATED ELEMENT FOR statement:io.typefox.yang.yang.impl.UsesImpl@1f818683 WITH ID ietf-netconf-notifications:ncn-node-notification-netconf-capability-change-uses changed-by-parms-pill
7438 [Test worker] INFO  x.yang.diagram.YangDiagramGenerator  - CREATED ELEMENT FOR statement:io.typefox.yang.yang.impl.NotificationImpl@46627f43 (name: netconf-capability-change) WITH ID ietf-netconf-notifications:ncn-node-notification-netconf-capability-change
7438 [Test worker] INFO  x.yang.diagram.YangDiagramGenerator  - CREATED ELEMENT FOR statement:io.typefox.yang.yang.impl.UsesImpl@27b53361 WITH ID ietf-netconf-notifications:ncn-node-notification-netconf-session-start-uses common-session-parms-pill
7439 [Test worker] INFO  x.yang.diagram.YangDiagramGenerator  - CREATED ELEMENT FOR statement:io.typefox.yang.yang.impl.NotificationImpl@62b0bd45 (name: netconf-session-start) WITH ID ietf-netconf-notifications:ncn-node-notification-netconf-session-start
7439 [Test worker] INFO  x.yang.diagram.YangDiagramGenerator  - CREATED ELEMENT FOR statement:io.typefox.yang.yang.impl.LeafImpl@71168a0e (name: killed-by) WITH ID ietf-netconf-notifications:ncn-node-notification-netconf-session-end-killed-by
7439 [Test worker] INFO  x.yang.diagram.YangDiagramGenerator  - CREATED ELEMENT FOR statement:io.typefox.yang.yang.impl.LeafImpl@24db6b08 (name: termination-reason) WITH ID ietf-netconf-notifications:ncn-node-notification-netconf-session-end-termination-reason
7439 [Test worker] INFO  x.yang.diagram.YangDiagramGenerator  - CREATED ELEMENT FOR statement:io.typefox.yang.yang.impl.UsesImpl@2a7b6ac9 WITH ID ietf-netconf-notifications:ncn-node-notification-netconf-session-end-uses common-session-parms-pill
7439 [Test worker] INFO  x.yang.diagram.YangDiagramGenerator  - CREATED ELEMENT FOR statement:io.typefox.yang.yang.impl.NotificationImpl@4d46a056 (name: netconf-session-end) WITH ID ietf-netconf-notifications:ncn-node-notification-netconf-session-end
7439 [Test worker] INFO  x.yang.diagram.YangDiagramGenerator  - CREATED ELEMENT FOR statement:io.typefox.yang.yang.impl.LeafImpl@845150a (name: confirm-event) WITH ID ietf-netconf-notifications:ncn-node-notification-netconf-confirmed-commit-confirm-event
7439 [Test worker] INFO  x.yang.diagram.YangDiagramGenerator  - CREATED ELEMENT FOR statement:io.typefox.yang.yang.impl.LeafImpl@77b9bc21 (name: timeout) WITH ID ietf-netconf-notifications:ncn-node-notification-netconf-confirmed-commit-timeout
7439 [Test worker] INFO  x.yang.diagram.YangDiagramGenerator  - CREATED ELEMENT FOR statement:io.typefox.yang.yang.impl.UsesImpl@665bd3d WITH ID ietf-netconf-notifications:ncn-node-notification-netconf-confirmed-commit-uses common-session-parms-pill
7439 [Test worker] INFO  x.yang.diagram.YangDiagramGenerator  - CREATED ELEMENT FOR statement:io.typefox.yang.yang.impl.NotificationImpl@7e59f9b7 (name: netconf-confirmed-commit) WITH ID ietf-netconf-notifications:ncn-node-notification-netconf-confirmed-commit
7439 [Test worker] INFO  x.yang.diagram.YangDiagramGenerator  - CREATED ELEMENT FOR statement:io.typefox.yang.yang.impl.ModuleImpl@5e944e33 (name: ietf-netconf-notifications) WITH ID ietf-netconf-notifications:ncn
7544 [Test worker] INFO  x.yang.diagram.YangDiagramGenerator  - Generating diagram for input: 'ietf-ipv4-unicast-routing.yang'
7546 [Test worker] INFO  x.yang.diagram.YangDiagramGenerator  - CREATED ELEMENT FOR statement:io.typefox.yang.yang.impl.LeafImpl@8b91606 (name: dest-prefix) WITH ID ietf-ipv4-unicast-routing:v4ur-node-grouping-route-content-dest-prefix
7546 [Test worker] INFO  x.yang.diagram.YangDiagramGenerator  - CREATED ELEMENT FOR statement:io.typefox.yang.yang.impl.LeafImpl@6b533a9b (name: next-hop) WITH ID ietf-ipv4-unicast-routing:v4ur-node-grouping-route-content-next-hop
7546 [Test worker] INFO  x.yang.diagram.YangDiagramGenerator  - CREATED ELEMENT FOR statement:io.typefox.yang.yang.impl.GroupingImpl@3a7d3d63 (name: route-content) WITH ID ietf-ipv4-unicast-routing:v4ur-node-grouping-route-content
7546 [Test worker] INFO  x.yang.diagram.YangDiagramGenerator  - CREATED ELEMENT FOR statement:io.typefox.yang.yang.impl.LeafImpl@35dc045c (name: address) WITH ID ietf-ipv4-unicast-routing:v4ur-node-/rt:active-route/rt:input/rt:destination-address-augmentation-address
7546 [Test worker] INFO  x.yang.diagram.YangDiagramGenerator  - CREATED ELEMENT FOR statement:io.typefox.yang.yang.impl.AugmentImpl@75153dc7 WITH ID ietf-ipv4-unicast-routing:v4ur-node-/rt:active-route/rt:input/rt:destination-address-augmentation
7546 [Test worker] INFO  x.yang.diagram.YangDiagramGenerator  - CREATED ELEMENT FOR statement:io.typefox.yang.yang.impl.UsesImpl@760561c WITH ID ietf-ipv4-unicast-routing:v4ur-node-/rt:active-route/rt:output/rt:route-augmentation-uses route-content-pill
7546 [Test worker] INFO  x.yang.diagram.YangDiagramGenerator  - CREATED ELEMENT FOR statement:io.typefox.yang.yang.impl.AugmentImpl@5425f5b6 WITH ID ietf-ipv4-unicast-routing:v4ur-node-/rt:active-route/rt:output/rt:route-augmentation
7547 [Test worker] INFO  x.yang.diagram.YangDiagramGenerator  - CREATED ELEMENT FOR statement:io.typefox.yang.yang.impl.LeafImpl@18ee58a (name: id) WITH ID ietf-ipv4-unicast-routing:v4ur-node-/rt:routing/rt:router/rt:routing-protocols/rt:routing-protocol/rt:static-routes-augmentation-container-ipv4-list-route-id
7547 [Test worker] INFO  x.yang.diagram.YangDiagramGenerator  - CREATED ELEMENT FOR statement:io.typefox.yang.yang.impl.LeafImpl@5da91b79 (name: description) WITH ID ietf-ipv4-unicast-routing:v4ur-node-/rt:routing/rt:router/rt:routing-protocols/rt:routing-protocol/rt:static-routes-augmentation-container-ipv4-list-route-description
7547 [Test worker] INFO  x.yang.diagram.YangDiagramGenerator  - CREATED ELEMENT FOR statement:io.typefox.yang.yang.impl.UsesImpl@58fc6666 WITH ID ietf-ipv4-unicast-routing:v4ur-node-/rt:routing/rt:router/rt:routing-protocols/rt:routing-protocol/rt:static-routes-augmentation-container-ipv4-list-route-uses route-content-pill
7547 [Test worker] INFO  x.yang.diagram.YangDiagramGenerator  - CREATED ELEMENT FOR statement:io.typefox.yang.yang.impl.UsesImpl@230fa08a WITH ID ietf-ipv4-unicast-routing:v4ur-node-/rt:routing/rt:router/rt:routing-protocols/rt:routing-protocol/rt:static-routes-augmentation-container-ipv4-list-route-uses route-content-pill
7547 [Test worker] INFO  x.yang.diagram.YangDiagramGenerator  - ietf-ipv4-unicast-routing:v4ur-node-/rt:routing/rt:router/rt:routing-protocols/rt:routing-protocol/rt:static-routes-augmentation-container-ipv4-list-route-uses route-content-pill ALREADY EXISTS!!!
7547 [Test worker] INFO  x.yang.diagram.YangDiagramGenerator  - CREATED ELEMENT FOR statement:io.typefox.yang.yang.impl.ListImpl@55dbb3d4 (name: route) WITH ID ietf-ipv4-unicast-routing:v4ur-node-/rt:routing/rt:router/rt:routing-protocols/rt:routing-protocol/rt:static-routes-augmentation-container-ipv4-list-route
7547 [Test worker] INFO  x.yang.diagram.YangDiagramGenerator  - CREATED ELEMENT FOR statement:io.typefox.yang.yang.impl.ContainerImpl@403c18c5 (name: ipv4) WITH ID ietf-ipv4-unicast-routing:v4ur-node-/rt:routing/rt:router/rt:routing-protocols/rt:routing-protocol/rt:static-routes-augmentation-container-ipv4
7547 [Test worker] INFO  x.yang.diagram.YangDiagramGenerator  - CREATED ELEMENT FOR statement:io.typefox.yang.yang.impl.AugmentImpl@7b4899f2 WITH ID ietf-ipv4-unicast-routing:v4ur-node-/rt:routing/rt:router/rt:routing-protocols/rt:routing-protocol/rt:static-routes-augmentation
7554 [Test worker] INFO  x.yang.diagram.YangDiagramGenerator  - CREATED ELEMENT FOR statement:io.typefox.yang.yang.impl.UsesImpl@251d6de1 WITH ID ietf-ipv4-unicast-routing:v4ur-node-/rt:routing/rt:router/rt:routing-tables/rt:routing-table/rt:routes/rt:route-augmentation-uses route-content-pill
7554 [Test worker] INFO  x.yang.diagram.YangDiagramGenerator  - CREATED ELEMENT FOR statement:io.typefox.yang.yang.impl.AugmentImpl@2dd03f85 WITH ID ietf-ipv4-unicast-routing:v4ur-node-/rt:routing/rt:router/rt:routing-tables/rt:routing-table/rt:routes/rt:route-augmentation
7554 [Test worker] INFO  x.yang.diagram.YangDiagramGenerator  - CREATED ELEMENT FOR statement:io.typefox.yang.yang.impl.ModuleImpl@d0ae0ca (name: ietf-ipv4-unicast-routing) WITH ID ietf-ipv4-unicast-routing:v4ur
7580 [Test worker] INFO  x.yang.diagram.YangDiagramGenerator  - Generating diagram for input: 'notifications.yang'
7581 [Test worker] INFO  x.yang.diagram.YangDiagramGenerator  - CREATED ELEMENT FOR statement:io.typefox.yang.yang.impl.TypedefImpl@187ba656 (name: streamNameType) WITH ID notifications:ncEvent-node-typedef-streamNameType
7581 [Test worker] INFO  x.yang.diagram.YangDiagramGenerator  - CREATED ELEMENT FOR statement:io.typefox.yang.yang.impl.LeafImpl@43af08d0 (name: stream) WITH ID notifications:ncEvent-node-rpc create-subscription-pill-input-stream
7581 [Test worker] INFO  x.yang.diagram.YangDiagramGenerator  - CREATED ELEMENT FOR statement:io.typefox.yang.yang.impl.LeafImpl@2b54b66 (name: startTime) WITH ID notifications:ncEvent-node-rpc create-subscription-pill-input-startTime
7581 [Test worker] INFO  x.yang.diagram.YangDiagramGenerator  - CREATED ELEMENT FOR statement:io.typefox.yang.yang.impl.LeafImpl@1d16905c (name: stopTime) WITH ID notifications:ncEvent-node-rpc create-subscription-pill-input-stopTime
7581 [Test worker] INFO  x.yang.diagram.YangDiagramGenerator  - CREATED ELEMENT FOR statement:io.typefox.yang.yang.impl.InputImpl@589accbe (name: null) WITH ID notifications:ncEvent-node-rpc create-subscription-pill-input
7581 [Test worker] INFO  x.yang.diagram.YangDiagramGenerator  - CREATED ELEMENT FOR statement:io.typefox.yang.yang.impl.RpcImpl@6348b6f5 (name: create-subscription) WITH ID notifications:ncEvent-node-rpc create-subscription-pill
7581 [Test worker] INFO  x.yang.diagram.YangDiagramGenerator  - CREATED ELEMENT FOR statement:io.typefox.yang.yang.impl.LeafImpl@4b8e3f81 (name: eventTime) WITH ID notifications:ncEvent-node-container-notification-eventTime
7581 [Test worker] INFO  x.yang.diagram.YangDiagramGenerator  - CREATED ELEMENT FOR statement:io.typefox.yang.yang.impl.ContainerImpl@62b3c2dc (name: notification) WITH ID notifications:ncEvent-node-container-notification
7581 [Test worker] INFO  x.yang.diagram.YangDiagramGenerator  - CREATED ELEMENT FOR statement:io.typefox.yang.yang.impl.ModuleImpl@6c420d08 (name: notifications) WITH ID notifications:ncEvent
7601 [Test worker] INFO  x.yang.diagram.YangDiagramGenerator  - Generating diagram for input: 'IANA-ADDRESS-FAMILY-NUMBERS-MIB.yang'
7601 [Test worker] INFO  x.yang.diagram.YangDiagramGenerator  - CREATED ELEMENT FOR statement:io.typefox.yang.yang.impl.TypedefImpl@1ce65129 (name: AddressFamilyNumbers) WITH ID IANA-ADDRESS-FAMILY-NUMBERS-MIB:iana-address-node-typedef-AddressFamilyNumbers
7601 [Test worker] INFO  x.yang.diagram.YangDiagramGenerator  - CREATED ELEMENT FOR statement:io.typefox.yang.yang.impl.ModuleImpl@442cebd5 (name: IANA-ADDRESS-FAMILY-NUMBERS-MIB) WITH ID IANA-ADDRESS-FAMILY-NUMBERS-MIB:iana-address
7677 [Test worker] INFO  x.yang.diagram.YangDiagramGenerator  - Generating diagram for input: 'ENTITY-STATE-MIB.yang'
7678 [Test worker] INFO  x.yang.diagram.YangDiagramGenerator  - CREATED ELEMENT FOR statement:io.typefox.yang.yang.impl.LeafImpl@6ab6f335 (name: entPhysicalIndex) WITH ID ENTITY-STATE-MIB:entity-state-mib-node-container-entStateObjects-list-entStateEntry-entPhysicalIndex
7678 [Test worker] INFO  x.yang.diagram.YangDiagramGenerator  - CREATED ELEMENT FOR statement:io.typefox.yang.yang.impl.LeafImpl@1871963b (name: entStateLastChanged) WITH ID ENTITY-STATE-MIB:entity-state-mib-node-container-entStateObjects-list-entStateEntry-entStateLastChanged
7678 [Test worker] INFO  x.yang.diagram.YangDiagramGenerator  - CREATED ELEMENT FOR statement:io.typefox.yang.yang.impl.LeafImpl@4c6192e2 (name: entStateAdmin) WITH ID ENTITY-STATE-MIB:entity-state-mib-node-container-entStateObjects-list-entStateEntry-entStateAdmin
7678 [Test worker] INFO  x.yang.diagram.YangDiagramGenerator  - CREATED ELEMENT FOR statement:io.typefox.yang.yang.impl.LeafImpl@43b25d59 (name: entStateOper) WITH ID ENTITY-STATE-MIB:entity-state-mib-node-container-entStateObjects-list-entStateEntry-entStateOper
7678 [Test worker] INFO  x.yang.diagram.YangDiagramGenerator  - CREATED ELEMENT FOR statement:io.typefox.yang.yang.impl.LeafImpl@1ec03141 (name: entStateUsage) WITH ID ENTITY-STATE-MIB:entity-state-mib-node-container-entStateObjects-list-entStateEntry-entStateUsage
7678 [Test worker] INFO  x.yang.diagram.YangDiagramGenerator  - CREATED ELEMENT FOR statement:io.typefox.yang.yang.impl.LeafImpl@a14acec (name: entStateAlarm) WITH ID ENTITY-STATE-MIB:entity-state-mib-node-container-entStateObjects-list-entStateEntry-entStateAlarm
7678 [Test worker] INFO  x.yang.diagram.YangDiagramGenerator  - CREATED ELEMENT FOR statement:io.typefox.yang.yang.impl.LeafImpl@4a22c9ce (name: entStateStandby) WITH ID ENTITY-STATE-MIB:entity-state-mib-node-container-entStateObjects-list-entStateEntry-entStateStandby
7678 [Test worker] INFO  x.yang.diagram.YangDiagramGenerator  - CREATED ELEMENT FOR statement:io.typefox.yang.yang.impl.ListImpl@1b2b0d46 (name: entStateEntry) WITH ID ENTITY-STATE-MIB:entity-state-mib-node-container-entStateObjects-list-entStateEntry
7678 [Test worker] INFO  x.yang.diagram.YangDiagramGenerator  - CREATED ELEMENT FOR statement:io.typefox.yang.yang.impl.ContainerImpl@4fe7d5b (name: entStateObjects) WITH ID ENTITY-STATE-MIB:entity-state-mib-node-container-entStateObjects
7678 [Test worker] INFO  x.yang.diagram.YangDiagramGenerator  - CREATED ELEMENT FOR statement:io.typefox.yang.yang.impl.LeafImpl@2ba2d2e4 (name: entPhysicalIndex) WITH ID ENTITY-STATE-MIB:entity-state-mib-node-notification-entStateOperEnabled-container-entStateOperEnabled-entStateAdmin-entPhysicalIndex
7678 [Test worker] INFO  x.yang.diagram.YangDiagramGenerator  - CREATED ELEMENT FOR statement:io.typefox.yang.yang.impl.LeafImpl@779212e7 (name: entStateAdmin) WITH ID ENTITY-STATE-MIB:entity-state-mib-node-notification-entStateOperEnabled-container-entStateOperEnabled-entStateAdmin-entStateAdmin
7678 [Test worker] INFO  x.yang.diagram.YangDiagramGenerator  - CREATED ELEMENT FOR statement:io.typefox.yang.yang.impl.ContainerImpl@3490706e (name: entStateOperEnabled-entStateAdmin) WITH ID ENTITY-STATE-MIB:entity-state-mib-node-notification-entStateOperEnabled-container-entStateOperEnabled-entStateAdmin
7678 [Test worker] INFO  x.yang.diagram.YangDiagramGenerator  - CREATED ELEMENT FOR statement:io.typefox.yang.yang.impl.LeafImpl@43f3d702 (name: entPhysicalIndex) WITH ID ENTITY-STATE-MIB:entity-state-mib-node-notification-entStateOperEnabled-container-entStateOperEnabled-entStateAlarm-entPhysicalIndex
7678 [Test worker] INFO  x.yang.diagram.YangDiagramGenerator  - CREATED ELEMENT FOR statement:io.typefox.yang.yang.impl.LeafImpl@7e7b086a (name: entStateAlarm) WITH ID ENTITY-STATE-MIB:entity-state-mib-node-notification-entStateOperEnabled-container-entStateOperEnabled-entStateAlarm-entStateAlarm
7678 [Test worker] INFO  x.yang.diagram.YangDiagramGenerator  - CREATED ELEMENT FOR statement:io.typefox.yang.yang.impl.ContainerImpl@19192868 (name: entStateOperEnabled-entStateAlarm) WITH ID ENTITY-STATE-MIB:entity-state-mib-node-notification-entStateOperEnabled-container-entStateOperEnabled-entStateAlarm
7678 [Test worker] INFO  x.yang.diagram.YangDiagramGenerator  - CREATED ELEMENT FOR statement:io.typefox.yang.yang.impl.NotificationImpl@2e3d3825 (name: entStateOperEnabled) WITH ID ENTITY-STATE-MIB:entity-state-mib-node-notification-entStateOperEnabled
7678 [Test worker] INFO  x.yang.diagram.YangDiagramGenerator  - CREATED ELEMENT FOR statement:io.typefox.yang.yang.impl.LeafImpl@732bb127 (name: entPhysicalIndex) WITH ID ENTITY-STATE-MIB:entity-state-mib-node-notification-entStateOperDisabled-container-entStateOperDisabled-entStateAdmin-entPhysicalIndex
7678 [Test worker] INFO  x.yang.diagram.YangDiagramGenerator  - CREATED ELEMENT FOR statement:io.typefox.yang.yang.impl.LeafImpl@55b5df70 (name: entStateAdmin) WITH ID ENTITY-STATE-MIB:entity-state-mib-node-notification-entStateOperDisabled-container-entStateOperDisabled-entStateAdmin-entStateAdmin
7678 [Test worker] INFO  x.yang.diagram.YangDiagramGenerator  - CREATED ELEMENT FOR statement:io.typefox.yang.yang.impl.ContainerImpl@53ff7c6 (name: entStateOperDisabled-entStateAdmin) WITH ID ENTITY-STATE-MIB:entity-state-mib-node-notification-entStateOperDisabled-container-entStateOperDisabled-entStateAdmin
7679 [Test worker] INFO  x.yang.diagram.YangDiagramGenerator  - CREATED ELEMENT FOR statement:io.typefox.yang.yang.impl.LeafImpl@42041b54 (name: entPhysicalIndex) WITH ID ENTITY-STATE-MIB:entity-state-mib-node-notification-entStateOperDisabled-container-entStateOperDisabled-entStateAlarm-entPhysicalIndex
7679 [Test worker] INFO  x.yang.diagram.YangDiagramGenerator  - CREATED ELEMENT FOR statement:io.typefox.yang.yang.impl.LeafImpl@6c8828ba (name: entStateAlarm) WITH ID ENTITY-STATE-MIB:entity-state-mib-node-notification-entStateOperDisabled-container-entStateOperDisabled-entStateAlarm-entStateAlarm
7679 [Test worker] INFO  x.yang.diagram.YangDiagramGenerator  - CREATED ELEMENT FOR statement:io.typefox.yang.yang.impl.ContainerImpl@17bd2404 (name: entStateOperDisabled-entStateAlarm) WITH ID ENTITY-STATE-MIB:entity-state-mib-node-notification-entStateOperDisabled-container-entStateOperDisabled-entStateAlarm
7685 [Test worker] INFO  x.yang.diagram.YangDiagramGenerator  - CREATED ELEMENT FOR statement:io.typefox.yang.yang.impl.NotificationImpl@6dc670f2 (name: entStateOperDisabled) WITH ID ENTITY-STATE-MIB:entity-state-mib-node-notification-entStateOperDisabled
7685 [Test worker] INFO  x.yang.diagram.YangDiagramGenerator  - CREATED ELEMENT FOR statement:io.typefox.yang.yang.impl.ModuleImpl@ffa18a5 (name: ENTITY-STATE-MIB) WITH ID ENTITY-STATE-MIB:entity-state-mib
7850 [Test worker] INFO  x.yang.diagram.YangDiagramGenerator  - Generating diagram for input: 'DISMAN-EVENT-MIB.yang'
7853 [Test worker] INFO  x.yang.diagram.YangDiagramGenerator  - CREATED ELEMENT FOR statement:io.typefox.yang.yang.impl.TypedefImpl@72aa9077 (name: FailureReason) WITH ID DISMAN-EVENT-MIB:disman-event-node-typedef-FailureReason
7853 [Test worker] INFO  x.yang.diagram.YangDiagramGenerator  - CREATED ELEMENT FOR statement:io.typefox.yang.yang.impl.LeafImpl@18d75f7e (name: mteResourceSampleMinimum) WITH ID DISMAN-EVENT-MIB:disman-event-node-container-mteResource-mteResourceSampleMinimum
7853 [Test worker] INFO  x.yang.diagram.YangDiagramGenerator  - CREATED ELEMENT FOR statement:io.typefox.yang.yang.impl.LeafImpl@3c470ef9 (name: mteResourceSampleInstanceMaximum) WITH ID DISMAN-EVENT-MIB:disman-event-node-container-mteResource-mteResourceSampleInstanceMaximum
7853 [Test worker] INFO  x.yang.diagram.YangDiagramGenerator  - CREATED ELEMENT FOR statement:io.typefox.yang.yang.impl.LeafImpl@6b783687 (name: mteResourceSampleInstances) WITH ID DISMAN-EVENT-MIB:disman-event-node-container-mteResource-mteResourceSampleInstances
7853 [Test worker] INFO  x.yang.diagram.YangDiagramGenerator  - CREATED ELEMENT FOR statement:io.typefox.yang.yang.impl.LeafImpl@4df73ab7 (name: mteResourceSampleInstancesHigh) WITH ID DISMAN-EVENT-MIB:disman-event-node-container-mteResource-mteResourceSampleInstancesHigh
7853 [Test worker] INFO  x.yang.diagram.YangDiagramGenerator  - CREATED ELEMENT FOR statement:io.typefox.yang.yang.impl.LeafImpl@6f79a0d8 (name: mteResourceSampleInstanceLacks) WITH ID DISMAN-EVENT-MIB:disman-event-node-container-mteResource-mteResourceSampleInstanceLacks
7853 [Test worker] INFO  x.yang.diagram.YangDiagramGenerator  - CREATED ELEMENT FOR statement:io.typefox.yang.yang.impl.ContainerImpl@6b4d5b08 (name: mteResource) WITH ID DISMAN-EVENT-MIB:disman-event-node-container-mteResource
7853 [Test worker] INFO  x.yang.diagram.YangDiagramGenerator  - CREATED ELEMENT FOR statement:io.typefox.yang.yang.impl.LeafImpl@412b94e8 (name: mteTriggerFailures) WITH ID DISMAN-EVENT-MIB:disman-event-node-container-mteTrigger-mteTriggerFailures
7853 [Test worker] INFO  x.yang.diagram.YangDiagramGenerator  - CREATED ELEMENT FOR statement:io.typefox.yang.yang.impl.LeafImpl@357d2cf8 (name: mteOwner) WITH ID DISMAN-EVENT-MIB:disman-event-node-container-mteTrigger-list-mteTriggerEntry-mteOwner
7853 [Test worker] INFO  x.yang.diagram.YangDiagramGenerator  - CREATED ELEMENT FOR statement:io.typefox.yang.yang.impl.LeafImpl@17a025ef (name: mteTriggerName) WITH ID DISMAN-EVENT-MIB:disman-event-node-container-mteTrigger-list-mteTriggerEntry-mteTriggerName
7853 [Test worker] INFO  x.yang.diagram.YangDiagramGenerator  - CREATED ELEMENT FOR statement:io.typefox.yang.yang.impl.LeafImpl@1634a908 (name: mteTriggerComment) WITH ID DISMAN-EVENT-MIB:disman-event-node-container-mteTrigger-list-mteTriggerEntry-mteTriggerComment
7853 [Test worker] INFO  x.yang.diagram.YangDiagramGenerator  - CREATED ELEMENT FOR statement:io.typefox.yang.yang.impl.LeafImpl@b25f3f2 (name: mteTriggerTest) WITH ID DISMAN-EVENT-MIB:disman-event-node-container-mteTrigger-list-mteTriggerEntry-mteTriggerTest
7853 [Test worker] INFO  x.yang.diagram.YangDiagramGenerator  - CREATED ELEMENT FOR statement:io.typefox.yang.yang.impl.LeafImpl@57631482 (name: mteTriggerSampleType) WITH ID DISMAN-EVENT-MIB:disman-event-node-container-mteTrigger-list-mteTriggerEntry-mteTriggerSampleType
7853 [Test worker] INFO  x.yang.diagram.YangDiagramGenerator  - CREATED ELEMENT FOR statement:io.typefox.yang.yang.impl.LeafImpl@41fadcdc (name: mteTriggerValueID) WITH ID DISMAN-EVENT-MIB:disman-event-node-container-mteTrigger-list-mteTriggerEntry-mteTriggerValueID
7853 [Test worker] INFO  x.yang.diagram.YangDiagramGenerator  - CREATED ELEMENT FOR statement:io.typefox.yang.yang.impl.LeafImpl@72355102 (name: mteTriggerValueIDWildcard) WITH ID DISMAN-EVENT-MIB:disman-event-node-container-mteTrigger-list-mteTriggerEntry-mteTriggerValueIDWildcard
7853 [Test worker] INFO  x.yang.diagram.YangDiagramGenerator  - CREATED ELEMENT FOR statement:io.typefox.yang.yang.impl.LeafImpl@562b86d5 (name: mteTriggerTargetTag) WITH ID DISMAN-EVENT-MIB:disman-event-node-container-mteTrigger-list-mteTriggerEntry-mteTriggerTargetTag
7853 [Test worker] INFO  x.yang.diagram.YangDiagramGenerator  - CREATED ELEMENT FOR statement:io.typefox.yang.yang.impl.LeafImpl@19235f96 (name: mteTriggerContextName) WITH ID DISMAN-EVENT-MIB:disman-event-node-container-mteTrigger-list-mteTriggerEntry-mteTriggerContextName
7853 [Test worker] INFO  x.yang.diagram.YangDiagramGenerator  - CREATED ELEMENT FOR statement:io.typefox.yang.yang.impl.LeafImpl@e287c52 (name: mteTriggerContextNameWildcard) WITH ID DISMAN-EVENT-MIB:disman-event-node-container-mteTrigger-list-mteTriggerEntry-mteTriggerContextNameWildcard
7853 [Test worker] INFO  x.yang.diagram.YangDiagramGenerator  - CREATED ELEMENT FOR statement:io.typefox.yang.yang.impl.LeafImpl@564d81d4 (name: mteTriggerFrequency) WITH ID DISMAN-EVENT-MIB:disman-event-node-container-mteTrigger-list-mteTriggerEntry-mteTriggerFrequency
7853 [Test worker] INFO  x.yang.diagram.YangDiagramGenerator  - CREATED ELEMENT FOR statement:io.typefox.yang.yang.impl.LeafImpl@5cdaa8e6 (name: mteTriggerObjectsOwner) WITH ID DISMAN-EVENT-MIB:disman-event-node-container-mteTrigger-list-mteTriggerEntry-mteTriggerObjectsOwner
7853 [Test worker] INFO  x.yang.diagram.YangDiagramGenerator  - CREATED ELEMENT FOR statement:io.typefox.yang.yang.impl.LeafImpl@5f069304 (name: mteTriggerObjects) WITH ID DISMAN-EVENT-MIB:disman-event-node-container-mteTrigger-list-mteTriggerEntry-mteTriggerObjects
7853 [Test worker] INFO  x.yang.diagram.YangDiagramGenerator  - CREATED ELEMENT FOR statement:io.typefox.yang.yang.impl.LeafImpl@1281be5a (name: mteTriggerEnabled) WITH ID DISMAN-EVENT-MIB:disman-event-node-container-mteTrigger-list-mteTriggerEntry-mteTriggerEnabled
7853 [Test worker] INFO  x.yang.diagram.YangDiagramGenerator  - CREATED ELEMENT FOR statement:io.typefox.yang.yang.impl.LeafImpl@2878deff (name: mteTriggerEntryStatus) WITH ID DISMAN-EVENT-MIB:disman-event-node-container-mteTrigger-list-mteTriggerEntry-mteTriggerEntryStatus
7853 [Test worker] INFO  x.yang.diagram.YangDiagramGenerator  - CREATED ELEMENT FOR statement:io.typefox.yang.yang.impl.ListImpl@216cce8e (name: mteTriggerEntry) WITH ID DISMAN-EVENT-MIB:disman-event-node-container-mteTrigger-list-mteTriggerEntry
7854 [Test worker] INFO  x.yang.diagram.YangDiagramGenerator  - CREATED ELEMENT FOR statement:io.typefox.yang.yang.impl.LeafImpl@4a99e714 (name: mteOwner) WITH ID DISMAN-EVENT-MIB:disman-event-node-container-mteTrigger-list-mteTriggerDeltaEntry-mteOwner
7854 [Test worker] INFO  x.yang.diagram.YangDiagramGenerator  - CREATED ELEMENT FOR statement:io.typefox.yang.yang.impl.LeafImpl@55f5f373 (name: mteTriggerName) WITH ID DISMAN-EVENT-MIB:disman-event-node-container-mteTrigger-list-mteTriggerDeltaEntry-mteTriggerName
7854 [Test worker] INFO  x.yang.diagram.YangDiagramGenerator  - CREATED ELEMENT FOR statement:io.typefox.yang.yang.impl.LeafImpl@3b145014 (name: mteTriggerDeltaDiscontinuityID) WITH ID DISMAN-EVENT-MIB:disman-event-node-container-mteTrigger-list-mteTriggerDeltaEntry-mteTriggerDeltaDiscontinuityID
7854 [Test worker] INFO  x.yang.diagram.YangDiagramGenerator  - CREATED ELEMENT FOR statement:io.typefox.yang.yang.impl.LeafImpl@7c4bf146 (name: mteTriggerDeltaDiscontinuityIDWildcard) WITH ID DISMAN-EVENT-MIB:disman-event-node-container-mteTrigger-list-mteTriggerDeltaEntry-mteTriggerDeltaDiscontinuityIDWildcard
7854 [Test worker] INFO  x.yang.diagram.YangDiagramGenerator  - CREATED ELEMENT FOR statement:io.typefox.yang.yang.impl.LeafImpl@796f189c (name: mteTriggerDeltaDiscontinuityIDType) WITH ID DISMAN-EVENT-MIB:disman-event-node-container-mteTrigger-list-mteTriggerDeltaEntry-mteTriggerDeltaDiscontinuityIDType
7854 [Test worker] INFO  x.yang.diagram.YangDiagramGenerator  - CREATED ELEMENT FOR statement:io.typefox.yang.yang.impl.ListImpl@3fb02a9 (name: mteTriggerDeltaEntry) WITH ID DISMAN-EVENT-MIB:disman-event-node-container-mteTrigger-list-mteTriggerDeltaEntry
7854 [Test worker] INFO  x.yang.diagram.YangDiagramGenerator  - CREATED ELEMENT FOR statement:io.typefox.yang.yang.impl.LeafImpl@1af66632 (name: mteOwner) WITH ID DISMAN-EVENT-MIB:disman-event-node-container-mteTrigger-list-mteTriggerExistenceEntry-mteOwner
7854 [Test worker] INFO  x.yang.diagram.YangDiagramGenerator  - CREATED ELEMENT FOR statement:io.typefox.yang.yang.impl.LeafImpl@391475eb (name: mteTriggerName) WITH ID DISMAN-EVENT-MIB:disman-event-node-container-mteTrigger-list-mteTriggerExistenceEntry-mteTriggerName
7854 [Test worker] INFO  x.yang.diagram.YangDiagramGenerator  - CREATED ELEMENT FOR statement:io.typefox.yang.yang.impl.LeafImpl@383e31ad (name: mteTriggerExistenceTest) WITH ID DISMAN-EVENT-MIB:disman-event-node-container-mteTrigger-list-mteTriggerExistenceEntry-mteTriggerExistenceTest
7854 [Test worker] INFO  x.yang.diagram.YangDiagramGenerator  - CREATED ELEMENT FOR statement:io.typefox.yang.yang.impl.LeafImpl@630b9249 (name: mteTriggerExistenceStartup) WITH ID DISMAN-EVENT-MIB:disman-event-node-container-mteTrigger-list-mteTriggerExistenceEntry-mteTriggerExistenceStartup
7854 [Test worker] INFO  x.yang.diagram.YangDiagramGenerator  - CREATED ELEMENT FOR statement:io.typefox.yang.yang.impl.LeafImpl@4ae5bfec (name: mteTriggerExistenceObjectsOwner) WITH ID DISMAN-EVENT-MIB:disman-event-node-container-mteTrigger-list-mteTriggerExistenceEntry-mteTriggerExistenceObjectsOwner
7854 [Test worker] INFO  x.yang.diagram.YangDiagramGenerator  - CREATED ELEMENT FOR statement:io.typefox.yang.yang.impl.LeafImpl@50443076 (name: mteTriggerExistenceObjects) WITH ID DISMAN-EVENT-MIB:disman-event-node-container-mteTrigger-list-mteTriggerExistenceEntry-mteTriggerExistenceObjects
7854 [Test worker] INFO  x.yang.diagram.YangDiagramGenerator  - CREATED ELEMENT FOR statement:io.typefox.yang.yang.impl.LeafImpl@193ec08a (name: mteTriggerExistenceEventOwner) WITH ID DISMAN-EVENT-MIB:disman-event-node-container-mteTrigger-list-mteTriggerExistenceEntry-mteTriggerExistenceEventOwner
7854 [Test worker] INFO  x.yang.diagram.YangDiagramGenerator  - CREATED ELEMENT FOR statement:io.typefox.yang.yang.impl.LeafImpl@2618803e (name: mteTriggerExistenceEvent) WITH ID DISMAN-EVENT-MIB:disman-event-node-container-mteTrigger-list-mteTriggerExistenceEntry-mteTriggerExistenceEvent
7854 [Test worker] INFO  x.yang.diagram.YangDiagramGenerator  - CREATED ELEMENT FOR statement:io.typefox.yang.yang.impl.ListImpl@41e551ce (name: mteTriggerExistenceEntry) WITH ID DISMAN-EVENT-MIB:disman-event-node-container-mteTrigger-list-mteTriggerExistenceEntry
7854 [Test worker] INFO  x.yang.diagram.YangDiagramGenerator  - CREATED ELEMENT FOR statement:io.typefox.yang.yang.impl.LeafImpl@30d31e04 (name: mteOwner) WITH ID DISMAN-EVENT-MIB:disman-event-node-container-mteTrigger-list-mteTriggerBooleanEntry-mteOwner
7854 [Test worker] INFO  x.yang.diagram.YangDiagramGenerator  - CREATED ELEMENT FOR statement:io.typefox.yang.yang.impl.LeafImpl@5f06a204 (name: mteTriggerName) WITH ID DISMAN-EVENT-MIB:disman-event-node-container-mteTrigger-list-mteTriggerBooleanEntry-mteTriggerName
7854 [Test worker] INFO  x.yang.diagram.YangDiagramGenerator  - CREATED ELEMENT FOR statement:io.typefox.yang.yang.impl.LeafImpl@3d7dc0aa (name: mteTriggerBooleanComparison) WITH ID DISMAN-EVENT-MIB:disman-event-node-container-mteTrigger-list-mteTriggerBooleanEntry-mteTriggerBooleanComparison
7854 [Test worker] INFO  x.yang.diagram.YangDiagramGenerator  - CREATED ELEMENT FOR statement:io.typefox.yang.yang.impl.LeafImpl@567d8dea (name: mteTriggerBooleanValue) WITH ID DISMAN-EVENT-MIB:disman-event-node-container-mteTrigger-list-mteTriggerBooleanEntry-mteTriggerBooleanValue
7854 [Test worker] INFO  x.yang.diagram.YangDiagramGenerator  - CREATED ELEMENT FOR statement:io.typefox.yang.yang.impl.LeafImpl@7e769a1f (name: mteTriggerBooleanStartup) WITH ID DISMAN-EVENT-MIB:disman-event-node-container-mteTrigger-list-mteTriggerBooleanEntry-mteTriggerBooleanStartup
7854 [Test worker] INFO  x.yang.diagram.YangDiagramGenerator  - CREATED ELEMENT FOR statement:io.typefox.yang.yang.impl.LeafImpl@140a0157 (name: mteTriggerBooleanObjectsOwner) WITH ID DISMAN-EVENT-MIB:disman-event-node-container-mteTrigger-list-mteTriggerBooleanEntry-mteTriggerBooleanObjectsOwner
7854 [Test worker] INFO  x.yang.diagram.YangDiagramGenerator  - CREATED ELEMENT FOR statement:io.typefox.yang.yang.impl.LeafImpl@47a1ebec (name: mteTriggerBooleanObjects) WITH ID DISMAN-EVENT-MIB:disman-event-node-container-mteTrigger-list-mteTriggerBooleanEntry-mteTriggerBooleanObjects
7854 [Test worker] INFO  x.yang.diagram.YangDiagramGenerator  - CREATED ELEMENT FOR statement:io.typefox.yang.yang.impl.LeafImpl@7d093c2f (name: mteTriggerBooleanEventOwner) WITH ID DISMAN-EVENT-MIB:disman-event-node-container-mteTrigger-list-mteTriggerBooleanEntry-mteTriggerBooleanEventOwner
7854 [Test worker] INFO  x.yang.diagram.YangDiagramGenerator  - CREATED ELEMENT FOR statement:io.typefox.yang.yang.impl.LeafImpl@3765f7f3 (name: mteTriggerBooleanEvent) WITH ID DISMAN-EVENT-MIB:disman-event-node-container-mteTrigger-list-mteTriggerBooleanEntry-mteTriggerBooleanEvent
7854 [Test worker] INFO  x.yang.diagram.YangDiagramGenerator  - CREATED ELEMENT FOR statement:io.typefox.yang.yang.impl.ListImpl@732158f1 (name: mteTriggerBooleanEntry) WITH ID DISMAN-EVENT-MIB:disman-event-node-container-mteTrigger-list-mteTriggerBooleanEntry
7855 [Test worker] INFO  x.yang.diagram.YangDiagramGenerator  - CREATED ELEMENT FOR statement:io.typefox.yang.yang.impl.LeafImpl@3b1733f2 (name: mteOwner) WITH ID DISMAN-EVENT-MIB:disman-event-node-container-mteTrigger-list-mteTriggerThresholdEntry-mteOwner
7855 [Test worker] INFO  x.yang.diagram.YangDiagramGenerator  - CREATED ELEMENT FOR statement:io.typefox.yang.yang.impl.LeafImpl@fcb98fb (name: mteTriggerName) WITH ID DISMAN-EVENT-MIB:disman-event-node-container-mteTrigger-list-mteTriggerThresholdEntry-mteTriggerName
7855 [Test worker] INFO  x.yang.diagram.YangDiagramGenerator  - CREATED ELEMENT FOR statement:io.typefox.yang.yang.impl.LeafImpl@17892c9e (name: mteTriggerThresholdStartup) WITH ID DISMAN-EVENT-MIB:disman-event-node-container-mteTrigger-list-mteTriggerThresholdEntry-mteTriggerThresholdStartup
7855 [Test worker] INFO  x.yang.diagram.YangDiagramGenerator  - CREATED ELEMENT FOR statement:io.typefox.yang.yang.impl.LeafImpl@6e96084e (name: mteTriggerThresholdRising) WITH ID DISMAN-EVENT-MIB:disman-event-node-container-mteTrigger-list-mteTriggerThresholdEntry-mteTriggerThresholdRising
7855 [Test worker] INFO  x.yang.diagram.YangDiagramGenerator  - CREATED ELEMENT FOR statement:io.typefox.yang.yang.impl.LeafImpl@6c9c2ecd (name: mteTriggerThresholdFalling) WITH ID DISMAN-EVENT-MIB:disman-event-node-container-mteTrigger-list-mteTriggerThresholdEntry-mteTriggerThresholdFalling
7855 [Test worker] INFO  x.yang.diagram.YangDiagramGenerator  - CREATED ELEMENT FOR statement:io.typefox.yang.yang.impl.LeafImpl@3fc37fe5 (name: mteTriggerThresholdDeltaRising) WITH ID DISMAN-EVENT-MIB:disman-event-node-container-mteTrigger-list-mteTriggerThresholdEntry-mteTriggerThresholdDeltaRising
7855 [Test worker] INFO  x.yang.diagram.YangDiagramGenerator  - CREATED ELEMENT FOR statement:io.typefox.yang.yang.impl.LeafImpl@61f0595f (name: mteTriggerThresholdDeltaFalling) WITH ID DISMAN-EVENT-MIB:disman-event-node-container-mteTrigger-list-mteTriggerThresholdEntry-mteTriggerThresholdDeltaFalling
7855 [Test worker] INFO  x.yang.diagram.YangDiagramGenerator  - CREATED ELEMENT FOR statement:io.typefox.yang.yang.impl.LeafImpl@3ffaf957 (name: mteTriggerThresholdObjectsOwner) WITH ID DISMAN-EVENT-MIB:disman-event-node-container-mteTrigger-list-mteTriggerThresholdEntry-mteTriggerThresholdObjectsOwner
7855 [Test worker] INFO  x.yang.diagram.YangDiagramGenerator  - CREATED ELEMENT FOR statement:io.typefox.yang.yang.impl.LeafImpl@321d4223 (name: mteTriggerThresholdObjects) WITH ID DISMAN-EVENT-MIB:disman-event-node-container-mteTrigger-list-mteTriggerThresholdEntry-mteTriggerThresholdObjects
7855 [Test worker] INFO  x.yang.diagram.YangDiagramGenerator  - CREATED ELEMENT FOR statement:io.typefox.yang.yang.impl.LeafImpl@16853fd2 (name: mteTriggerThresholdRisingEventOwner) WITH ID DISMAN-EVENT-MIB:disman-event-node-container-mteTrigger-list-mteTriggerThresholdEntry-mteTriggerThresholdRisingEventOwner
7855 [Test worker] INFO  x.yang.diagram.YangDiagramGenerator  - CREATED ELEMENT FOR statement:io.typefox.yang.yang.impl.LeafImpl@755ca6fc (name: mteTriggerThresholdRisingEvent) WITH ID DISMAN-EVENT-MIB:disman-event-node-container-mteTrigger-list-mteTriggerThresholdEntry-mteTriggerThresholdRisingEvent
7855 [Test worker] INFO  x.yang.diagram.YangDiagramGenerator  - CREATED ELEMENT FOR statement:io.typefox.yang.yang.impl.LeafImpl@1d04c941 (name: mteTriggerThresholdFallingEventOwner) WITH ID DISMAN-EVENT-MIB:disman-event-node-container-mteTrigger-list-mteTriggerThresholdEntry-mteTriggerThresholdFallingEventOwner
7855 [Test worker] INFO  x.yang.diagram.YangDiagramGenerator  - CREATED ELEMENT FOR statement:io.typefox.yang.yang.impl.LeafImpl@45508c98 (name: mteTriggerThresholdFallingEvent) WITH ID DISMAN-EVENT-MIB:disman-event-node-container-mteTrigger-list-mteTriggerThresholdEntry-mteTriggerThresholdFallingEvent
7855 [Test worker] INFO  x.yang.diagram.YangDiagramGenerator  - CREATED ELEMENT FOR statement:io.typefox.yang.yang.impl.LeafImpl@7a14404f (name: mteTriggerThresholdDeltaRisingEventOwner) WITH ID DISMAN-EVENT-MIB:disman-event-node-container-mteTrigger-list-mteTriggerThresholdEntry-mteTriggerThresholdDeltaRisingEventOwner
7855 [Test worker] INFO  x.yang.diagram.YangDiagramGenerator  - CREATED ELEMENT FOR statement:io.typefox.yang.yang.impl.LeafImpl@6a6f72b7 (name: mteTriggerThresholdDeltaRisingEvent) WITH ID DISMAN-EVENT-MIB:disman-event-node-container-mteTrigger-list-mteTriggerThresholdEntry-mteTriggerThresholdDeltaRisingEvent
7855 [Test worker] INFO  x.yang.diagram.YangDiagramGenerator  - CREATED ELEMENT FOR statement:io.typefox.yang.yang.impl.LeafImpl@519ae07a (name: mteTriggerThresholdDeltaFallingEventOwner) WITH ID DISMAN-EVENT-MIB:disman-event-node-container-mteTrigger-list-mteTriggerThresholdEntry-mteTriggerThresholdDeltaFallingEventOwner
7855 [Test worker] INFO  x.yang.diagram.YangDiagramGenerator  - CREATED ELEMENT FOR statement:io.typefox.yang.yang.impl.LeafImpl@10ef929d (name: mteTriggerThresholdDeltaFallingEvent) WITH ID DISMAN-EVENT-MIB:disman-event-node-container-mteTrigger-list-mteTriggerThresholdEntry-mteTriggerThresholdDeltaFallingEvent
7855 [Test worker] INFO  x.yang.diagram.YangDiagramGenerator  - CREATED ELEMENT FOR statement:io.typefox.yang.yang.impl.ListImpl@48a1bef7 (name: mteTriggerThresholdEntry) WITH ID DISMAN-EVENT-MIB:disman-event-node-container-mteTrigger-list-mteTriggerThresholdEntry
7855 [Test worker] INFO  x.yang.diagram.YangDiagramGenerator  - CREATED ELEMENT FOR statement:io.typefox.yang.yang.impl.ContainerImpl@59ca879e (name: mteTrigger) WITH ID DISMAN-EVENT-MIB:disman-event-node-container-mteTrigger
7855 [Test worker] INFO  x.yang.diagram.YangDiagramGenerator  - CREATED ELEMENT FOR statement:io.typefox.yang.yang.impl.LeafImpl@5fd535ed (name: mteOwner) WITH ID DISMAN-EVENT-MIB:disman-event-node-container-mteObjects-list-mteObjectsEntry-mteOwner
7855 [Test worker] INFO  x.yang.diagram.YangDiagramGenerator  - CREATED ELEMENT FOR statement:io.typefox.yang.yang.impl.LeafImpl@33c23ff0 (name: mteObjectsName) WITH ID DISMAN-EVENT-MIB:disman-event-node-container-mteObjects-list-mteObjectsEntry-mteObjectsName
7855 [Test worker] INFO  x.yang.diagram.YangDiagramGenerator  - CREATED ELEMENT FOR statement:io.typefox.yang.yang.impl.LeafImpl@76d16979 (name: mteObjectsIndex) WITH ID DISMAN-EVENT-MIB:disman-event-node-container-mteObjects-list-mteObjectsEntry-mteObjectsIndex
7855 [Test worker] INFO  x.yang.diagram.YangDiagramGenerator  - CREATED ELEMENT FOR statement:io.typefox.yang.yang.impl.LeafImpl@7baae64a (name: mteObjectsID) WITH ID DISMAN-EVENT-MIB:disman-event-node-container-mteObjects-list-mteObjectsEntry-mteObjectsID
7855 [Test worker] INFO  x.yang.diagram.YangDiagramGenerator  - CREATED ELEMENT FOR statement:io.typefox.yang.yang.impl.LeafImpl@d26de8f (name: mteObjectsIDWildcard) WITH ID DISMAN-EVENT-MIB:disman-event-node-container-mteObjects-list-mteObjectsEntry-mteObjectsIDWildcard
7855 [Test worker] INFO  x.yang.diagram.YangDiagramGenerator  - CREATED ELEMENT FOR statement:io.typefox.yang.yang.impl.LeafImpl@2f395d64 (name: mteObjectsEntryStatus) WITH ID DISMAN-EVENT-MIB:disman-event-node-container-mteObjects-list-mteObjectsEntry-mteObjectsEntryStatus
7856 [Test worker] INFO  x.yang.diagram.YangDiagramGenerator  - CREATED ELEMENT FOR statement:io.typefox.yang.yang.impl.ListImpl@525e635b (name: mteObjectsEntry) WITH ID DISMAN-EVENT-MIB:disman-event-node-container-mteObjects-list-mteObjectsEntry
7856 [Test worker] INFO  x.yang.diagram.YangDiagramGenerator  - CREATED ELEMENT FOR statement:io.typefox.yang.yang.impl.ContainerImpl@7e6a57ec (name: mteObjects) WITH ID DISMAN-EVENT-MIB:disman-event-node-container-mteObjects
7863 [Test worker] INFO  x.yang.diagram.YangDiagramGenerator  - CREATED ELEMENT FOR statement:io.typefox.yang.yang.impl.LeafImpl@45832c08 (name: mteEventFailures) WITH ID DISMAN-EVENT-MIB:disman-event-node-container-mteEvent-mteEventFailures
7865 [Test worker] INFO  x.yang.diagram.YangDiagramGenerator  - CREATED ELEMENT FOR statement:io.typefox.yang.yang.impl.LeafImpl@20b48ba1 (name: mteOwner) WITH ID DISMAN-EVENT-MIB:disman-event-node-container-mteEvent-list-mteEventEntry-mteOwner
7865 [Test worker] INFO  x.yang.diagram.YangDiagramGenerator  - CREATED ELEMENT FOR statement:io.typefox.yang.yang.impl.LeafImpl@1d16057 (name: mteEventName) WITH ID DISMAN-EVENT-MIB:disman-event-node-container-mteEvent-list-mteEventEntry-mteEventName
7866 [Test worker] INFO  x.yang.diagram.YangDiagramGenerator  - CREATED ELEMENT FOR statement:io.typefox.yang.yang.impl.LeafImpl@2d2892b6 (name: mteEventComment) WITH ID DISMAN-EVENT-MIB:disman-event-node-container-mteEvent-list-mteEventEntry-mteEventComment
7866 [Test worker] INFO  x.yang.diagram.YangDiagramGenerator  - CREATED ELEMENT FOR statement:io.typefox.yang.yang.impl.LeafImpl@71970877 (name: mteEventActions) WITH ID DISMAN-EVENT-MIB:disman-event-node-container-mteEvent-list-mteEventEntry-mteEventActions
7866 [Test worker] INFO  x.yang.diagram.YangDiagramGenerator  - CREATED ELEMENT FOR statement:io.typefox.yang.yang.impl.LeafImpl@757a7c67 (name: mteEventEnabled) WITH ID DISMAN-EVENT-MIB:disman-event-node-container-mteEvent-list-mteEventEntry-mteEventEnabled
7866 [Test worker] INFO  x.yang.diagram.YangDiagramGenerator  - CREATED ELEMENT FOR statement:io.typefox.yang.yang.impl.LeafImpl@7fa36947 (name: mteEventEntryStatus) WITH ID DISMAN-EVENT-MIB:disman-event-node-container-mteEvent-list-mteEventEntry-mteEventEntryStatus
7866 [Test worker] INFO  x.yang.diagram.YangDiagramGenerator  - CREATED ELEMENT FOR statement:io.typefox.yang.yang.impl.ListImpl@16f7e927 (name: mteEventEntry) WITH ID DISMAN-EVENT-MIB:disman-event-node-container-mteEvent-list-mteEventEntry
7866 [Test worker] INFO  x.yang.diagram.YangDiagramGenerator  - CREATED ELEMENT FOR statement:io.typefox.yang.yang.impl.LeafImpl@5f6a8f3e (name: mteOwner) WITH ID DISMAN-EVENT-MIB:disman-event-node-container-mteEvent-list-mteEventNotificationEntry-mteOwner
7866 [Test worker] INFO  x.yang.diagram.YangDiagramGenerator  - CREATED ELEMENT FOR statement:io.typefox.yang.yang.impl.LeafImpl@79d559f0 (name: mteEventName) WITH ID DISMAN-EVENT-MIB:disman-event-node-container-mteEvent-list-mteEventNotificationEntry-mteEventName
7866 [Test worker] INFO  x.yang.diagram.YangDiagramGenerator  - CREATED ELEMENT FOR statement:io.typefox.yang.yang.impl.LeafImpl@1dd8eedc (name: mteEventNotification) WITH ID DISMAN-EVENT-MIB:disman-event-node-container-mteEvent-list-mteEventNotificationEntry-mteEventNotification
7866 [Test worker] INFO  x.yang.diagram.YangDiagramGenerator  - CREATED ELEMENT FOR statement:io.typefox.yang.yang.impl.LeafImpl@34cf9291 (name: mteEventNotificationObjectsOwner) WITH ID DISMAN-EVENT-MIB:disman-event-node-container-mteEvent-list-mteEventNotificationEntry-mteEventNotificationObjectsOwner
7866 [Test worker] INFO  x.yang.diagram.YangDiagramGenerator  - CREATED ELEMENT FOR statement:io.typefox.yang.yang.impl.LeafImpl@3fd7f849 (name: mteEventNotificationObjects) WITH ID DISMAN-EVENT-MIB:disman-event-node-container-mteEvent-list-mteEventNotificationEntry-mteEventNotificationObjects
7866 [Test worker] INFO  x.yang.diagram.YangDiagramGenerator  - CREATED ELEMENT FOR statement:io.typefox.yang.yang.impl.ListImpl@6c1e3c9a (name: mteEventNotificationEntry) WITH ID DISMAN-EVENT-MIB:disman-event-node-container-mteEvent-list-mteEventNotificationEntry
7866 [Test worker] INFO  x.yang.diagram.YangDiagramGenerator  - CREATED ELEMENT FOR statement:io.typefox.yang.yang.impl.LeafImpl@36ea81cb (name: mteOwner) WITH ID DISMAN-EVENT-MIB:disman-event-node-container-mteEvent-list-mteEventSetEntry-mteOwner
7866 [Test worker] INFO  x.yang.diagram.YangDiagramGenerator  - CREATED ELEMENT FOR statement:io.typefox.yang.yang.impl.LeafImpl@7ef9d69d (name: mteEventName) WITH ID DISMAN-EVENT-MIB:disman-event-node-container-mteEvent-list-mteEventSetEntry-mteEventName
7866 [Test worker] INFO  x.yang.diagram.YangDiagramGenerator  - CREATED ELEMENT FOR statement:io.typefox.yang.yang.impl.LeafImpl@7e6c6cbb (name: mteEventSetObject) WITH ID DISMAN-EVENT-MIB:disman-event-node-container-mteEvent-list-mteEventSetEntry-mteEventSetObject
7866 [Test worker] INFO  x.yang.diagram.YangDiagramGenerator  - CREATED ELEMENT FOR statement:io.typefox.yang.yang.impl.LeafImpl@638b7500 (name: mteEventSetObjectWildcard) WITH ID DISMAN-EVENT-MIB:disman-event-node-container-mteEvent-list-mteEventSetEntry-mteEventSetObjectWildcard
7866 [Test worker] INFO  x.yang.diagram.YangDiagramGenerator  - CREATED ELEMENT FOR statement:io.typefox.yang.yang.impl.LeafImpl@18d4463 (name: mteEventSetValue) WITH ID DISMAN-EVENT-MIB:disman-event-node-container-mteEvent-list-mteEventSetEntry-mteEventSetValue
7866 [Test worker] INFO  x.yang.diagram.YangDiagramGenerator  - CREATED ELEMENT FOR statement:io.typefox.yang.yang.impl.LeafImpl@31f027f1 (name: mteEventSetTargetTag) WITH ID DISMAN-EVENT-MIB:disman-event-node-container-mteEvent-list-mteEventSetEntry-mteEventSetTargetTag
7866 [Test worker] INFO  x.yang.diagram.YangDiagramGenerator  - CREATED ELEMENT FOR statement:io.typefox.yang.yang.impl.LeafImpl@2ce48cc0 (name: mteEventSetContextName) WITH ID DISMAN-EVENT-MIB:disman-event-node-container-mteEvent-list-mteEventSetEntry-mteEventSetContextName
7867 [Test worker] INFO  x.yang.diagram.YangDiagramGenerator  - CREATED ELEMENT FOR statement:io.typefox.yang.yang.impl.LeafImpl@14ffcf29 (name: mteEventSetContextNameWildcard) WITH ID DISMAN-EVENT-MIB:disman-event-node-container-mteEvent-list-mteEventSetEntry-mteEventSetContextNameWildcard
7867 [Test worker] INFO  x.yang.diagram.YangDiagramGenerator  - CREATED ELEMENT FOR statement:io.typefox.yang.yang.impl.ListImpl@7fba2f89 (name: mteEventSetEntry) WITH ID DISMAN-EVENT-MIB:disman-event-node-container-mteEvent-list-mteEventSetEntry
7867 [Test worker] INFO  x.yang.diagram.YangDiagramGenerator  - CREATED ELEMENT FOR statement:io.typefox.yang.yang.impl.ContainerImpl@4f454020 (name: mteEvent) WITH ID DISMAN-EVENT-MIB:disman-event-node-container-mteEvent
7867 [Test worker] INFO  x.yang.diagram.YangDiagramGenerator  - CREATED ELEMENT FOR statement:io.typefox.yang.yang.impl.LeafImpl@474f4784 (name: mteHotTrigger) WITH ID DISMAN-EVENT-MIB:disman-event-node-container-dismanEventMIBNotificationObjects-mteHotTrigger
7867 [Test worker] INFO  x.yang.diagram.YangDiagramGenerator  - CREATED ELEMENT FOR statement:io.typefox.yang.yang.impl.LeafImpl@2da35ec3 (name: mteHotTargetName) WITH ID DISMAN-EVENT-MIB:disman-event-node-container-dismanEventMIBNotificationObjects-mteHotTargetName
7867 [Test worker] INFO  x.yang.diagram.YangDiagramGenerator  - CREATED ELEMENT FOR statement:io.typefox.yang.yang.impl.LeafImpl@3cbea99 (name: mteHotContextName) WITH ID DISMAN-EVENT-MIB:disman-event-node-container-dismanEventMIBNotificationObjects-mteHotContextName
7867 [Test worker] INFO  x.yang.diagram.YangDiagramGenerator  - CREATED ELEMENT FOR statement:io.typefox.yang.yang.impl.LeafImpl@66eaee80 (name: mteHotOID) WITH ID DISMAN-EVENT-MIB:disman-event-node-container-dismanEventMIBNotificationObjects-mteHotOID
7867 [Test worker] INFO  x.yang.diagram.YangDiagramGenerator  - CREATED ELEMENT FOR statement:io.typefox.yang.yang.impl.LeafImpl@5b24f6be (name: mteHotValue) WITH ID DISMAN-EVENT-MIB:disman-event-node-container-dismanEventMIBNotificationObjects-mteHotValue
7867 [Test worker] INFO  x.yang.diagram.YangDiagramGenerator  - CREATED ELEMENT FOR statement:io.typefox.yang.yang.impl.LeafImpl@6cc6fe5f (name: mteFailedReason) WITH ID DISMAN-EVENT-MIB:disman-event-node-container-dismanEventMIBNotificationObjects-mteFailedReason
7867 [Test worker] INFO  x.yang.diagram.YangDiagramGenerator  - CREATED ELEMENT FOR statement:io.typefox.yang.yang.impl.ContainerImpl@30054e7c (name: dismanEventMIBNotificationObjects) WITH ID DISMAN-EVENT-MIB:disman-event-node-container-dismanEventMIBNotificationObjects
7867 [Test worker] INFO  x.yang.diagram.YangDiagramGenerator  - CREATED ELEMENT FOR statement:io.typefox.yang.yang.impl.LeafImpl@1aa3812 (name: mteHotTrigger) WITH ID DISMAN-EVENT-MIB:disman-event-node-notification-mteTriggerFired-container-mteTriggerFired-mteHotTrigger-mteHotTrigger
7867 [Test worker] INFO  x.yang.diagram.YangDiagramGenerator  - CREATED ELEMENT FOR statement:io.typefox.yang.yang.impl.ContainerImpl@7dc7af9f (name: mteTriggerFired-mteHotTrigger) WITH ID DISMAN-EVENT-MIB:disman-event-node-notification-mteTriggerFired-container-mteTriggerFired-mteHotTrigger
7867 [Test worker] INFO  x.yang.diagram.YangDiagramGenerator  - CREATED ELEMENT FOR statement:io.typefox.yang.yang.impl.LeafImpl@26a8827e (name: mteHotTargetName) WITH ID DISMAN-EVENT-MIB:disman-event-node-notification-mteTriggerFired-container-mteTriggerFired-mteHotTargetName-mteHotTargetName
7867 [Test worker] INFO  x.yang.diagram.YangDiagramGenerator  - CREATED ELEMENT FOR statement:io.typefox.yang.yang.impl.ContainerImpl@3cc44e79 (name: mteTriggerFired-mteHotTargetName) WITH ID DISMAN-EVENT-MIB:disman-event-node-notification-mteTriggerFired-container-mteTriggerFired-mteHotTargetName
7867 [Test worker] INFO  x.yang.diagram.YangDiagramGenerator  - CREATED ELEMENT FOR statement:io.typefox.yang.yang.impl.LeafImpl@6cfe9b5b (name: mteHotContextName) WITH ID DISMAN-EVENT-MIB:disman-event-node-notification-mteTriggerFired-container-mteTriggerFired-mteHotContextName-mteHotContextName
7867 [Test worker] INFO  x.yang.diagram.YangDiagramGenerator  - CREATED ELEMENT FOR statement:io.typefox.yang.yang.impl.ContainerImpl@2c856a0c (name: mteTriggerFired-mteHotContextName) WITH ID DISMAN-EVENT-MIB:disman-event-node-notification-mteTriggerFired-container-mteTriggerFired-mteHotContextName
7867 [Test worker] INFO  x.yang.diagram.YangDiagramGenerator  - CREATED ELEMENT FOR statement:io.typefox.yang.yang.impl.LeafImpl@4edca690 (name: mteHotOID) WITH ID DISMAN-EVENT-MIB:disman-event-node-notification-mteTriggerFired-container-mteTriggerFired-mteHotOID-mteHotOID
7867 [Test worker] INFO  x.yang.diagram.YangDiagramGenerator  - CREATED ELEMENT FOR statement:io.typefox.yang.yang.impl.ContainerImpl@50f58eb4 (name: mteTriggerFired-mteHotOID) WITH ID DISMAN-EVENT-MIB:disman-event-node-notification-mteTriggerFired-container-mteTriggerFired-mteHotOID
7867 [Test worker] INFO  x.yang.diagram.YangDiagramGenerator  - CREATED ELEMENT FOR statement:io.typefox.yang.yang.impl.LeafImpl@48c9e3b2 (name: mteHotValue) WITH ID DISMAN-EVENT-MIB:disman-event-node-notification-mteTriggerFired-container-mteTriggerFired-mteHotValue-mteHotValue
7867 [Test worker] INFO  x.yang.diagram.YangDiagramGenerator  - CREATED ELEMENT FOR statement:io.typefox.yang.yang.impl.ContainerImpl@4f1b35ad (name: mteTriggerFired-mteHotValue) WITH ID DISMAN-EVENT-MIB:disman-event-node-notification-mteTriggerFired-container-mteTriggerFired-mteHotValue
7868 [Test worker] INFO  x.yang.diagram.YangDiagramGenerator  - CREATED ELEMENT FOR statement:io.typefox.yang.yang.impl.NotificationImpl@64d8f2f8 (name: mteTriggerFired) WITH ID DISMAN-EVENT-MIB:disman-event-node-notification-mteTriggerFired
7868 [Test worker] INFO  x.yang.diagram.YangDiagramGenerator  - CREATED ELEMENT FOR statement:io.typefox.yang.yang.impl.LeafImpl@18a450f9 (name: mteHotTrigger) WITH ID DISMAN-EVENT-MIB:disman-event-node-notification-mteTriggerRising-container-mteTriggerRising-mteHotTrigger-mteHotTrigger
7868 [Test worker] INFO  x.yang.diagram.YangDiagramGenerator  - CREATED ELEMENT FOR statement:io.typefox.yang.yang.impl.ContainerImpl@1f77e42c (name: mteTriggerRising-mteHotTrigger) WITH ID DISMAN-EVENT-MIB:disman-event-node-notification-mteTriggerRising-container-mteTriggerRising-mteHotTrigger
7868 [Test worker] INFO  x.yang.diagram.YangDiagramGenerator  - CREATED ELEMENT FOR statement:io.typefox.yang.yang.impl.LeafImpl@9571c32 (name: mteHotTargetName) WITH ID DISMAN-EVENT-MIB:disman-event-node-notification-mteTriggerRising-container-mteTriggerRising-mteHotTargetName-mteHotTargetName
7868 [Test worker] INFO  x.yang.diagram.YangDiagramGenerator  - CREATED ELEMENT FOR statement:io.typefox.yang.yang.impl.ContainerImpl@2abb60d2 (name: mteTriggerRising-mteHotTargetName) WITH ID DISMAN-EVENT-MIB:disman-event-node-notification-mteTriggerRising-container-mteTriggerRising-mteHotTargetName
7873 [Test worker] INFO  x.yang.diagram.YangDiagramGenerator  - CREATED ELEMENT FOR statement:io.typefox.yang.yang.impl.LeafImpl@1022cee4 (name: mteHotContextName) WITH ID DISMAN-EVENT-MIB:disman-event-node-notification-mteTriggerRising-container-mteTriggerRising-mteHotContextName-mteHotContextName
7874 [Test worker] INFO  x.yang.diagram.YangDiagramGenerator  - CREATED ELEMENT FOR statement:io.typefox.yang.yang.impl.ContainerImpl@30541e48 (name: mteTriggerRising-mteHotContextName) WITH ID DISMAN-EVENT-MIB:disman-event-node-notification-mteTriggerRising-container-mteTriggerRising-mteHotContextName
7874 [Test worker] INFO  x.yang.diagram.YangDiagramGenerator  - CREATED ELEMENT FOR statement:io.typefox.yang.yang.impl.LeafImpl@15322fc (name: mteHotOID) WITH ID DISMAN-EVENT-MIB:disman-event-node-notification-mteTriggerRising-container-mteTriggerRising-mteHotOID-mteHotOID
7874 [Test worker] INFO  x.yang.diagram.YangDiagramGenerator  - CREATED ELEMENT FOR statement:io.typefox.yang.yang.impl.ContainerImpl@709f7ff4 (name: mteTriggerRising-mteHotOID) WITH ID DISMAN-EVENT-MIB:disman-event-node-notification-mteTriggerRising-container-mteTriggerRising-mteHotOID
7877 [Test worker] INFO  x.yang.diagram.YangDiagramGenerator  - CREATED ELEMENT FOR statement:io.typefox.yang.yang.impl.LeafImpl@76ccdaed (name: mteHotValue) WITH ID DISMAN-EVENT-MIB:disman-event-node-notification-mteTriggerRising-container-mteTriggerRising-mteHotValue-mteHotValue
7877 [Test worker] INFO  x.yang.diagram.YangDiagramGenerator  - CREATED ELEMENT FOR statement:io.typefox.yang.yang.impl.ContainerImpl@66fa3c22 (name: mteTriggerRising-mteHotValue) WITH ID DISMAN-EVENT-MIB:disman-event-node-notification-mteTriggerRising-container-mteTriggerRising-mteHotValue
7877 [Test worker] INFO  x.yang.diagram.YangDiagramGenerator  - CREATED ELEMENT FOR statement:io.typefox.yang.yang.impl.NotificationImpl@7ea6b6c3 (name: mteTriggerRising) WITH ID DISMAN-EVENT-MIB:disman-event-node-notification-mteTriggerRising
7877 [Test worker] INFO  x.yang.diagram.YangDiagramGenerator  - CREATED ELEMENT FOR statement:io.typefox.yang.yang.impl.LeafImpl@75cd063c (name: mteHotTrigger) WITH ID DISMAN-EVENT-MIB:disman-event-node-notification-mteTriggerFalling-container-mteTriggerFalling-mteHotTrigger-mteHotTrigger
7877 [Test worker] INFO  x.yang.diagram.YangDiagramGenerator  - CREATED ELEMENT FOR statement:io.typefox.yang.yang.impl.ContainerImpl@6546a1da (name: mteTriggerFalling-mteHotTrigger) WITH ID DISMAN-EVENT-MIB:disman-event-node-notification-mteTriggerFalling-container-mteTriggerFalling-mteHotTrigger
7877 [Test worker] INFO  x.yang.diagram.YangDiagramGenerator  - CREATED ELEMENT FOR statement:io.typefox.yang.yang.impl.LeafImpl@52ea8a7c (name: mteHotTargetName) WITH ID DISMAN-EVENT-MIB:disman-event-node-notification-mteTriggerFalling-container-mteTriggerFalling-mteHotTargetName-mteHotTargetName
7877 [Test worker] INFO  x.yang.diagram.YangDiagramGenerator  - CREATED ELEMENT FOR statement:io.typefox.yang.yang.impl.ContainerImpl@19b13e4c (name: mteTriggerFalling-mteHotTargetName) WITH ID DISMAN-EVENT-MIB:disman-event-node-notification-mteTriggerFalling-container-mteTriggerFalling-mteHotTargetName
7877 [Test worker] INFO  x.yang.diagram.YangDiagramGenerator  - CREATED ELEMENT FOR statement:io.typefox.yang.yang.impl.LeafImpl@45027a0 (name: mteHotContextName) WITH ID DISMAN-EVENT-MIB:disman-event-node-notification-mteTriggerFalling-container-mteTriggerFalling-mteHotContextName-mteHotContextName
7877 [Test worker] INFO  x.yang.diagram.YangDiagramGenerator  - CREATED ELEMENT FOR statement:io.typefox.yang.yang.impl.ContainerImpl@54c81e81 (name: mteTriggerFalling-mteHotContextName) WITH ID DISMAN-EVENT-MIB:disman-event-node-notification-mteTriggerFalling-container-mteTriggerFalling-mteHotContextName
7877 [Test worker] INFO  x.yang.diagram.YangDiagramGenerator  - CREATED ELEMENT FOR statement:io.typefox.yang.yang.impl.LeafImpl@5277d70e (name: mteHotOID) WITH ID DISMAN-EVENT-MIB:disman-event-node-notification-mteTriggerFalling-container-mteTriggerFalling-mteHotOID-mteHotOID
7877 [Test worker] INFO  x.yang.diagram.YangDiagramGenerator  - CREATED ELEMENT FOR statement:io.typefox.yang.yang.impl.ContainerImpl@42a4d052 (name: mteTriggerFalling-mteHotOID) WITH ID DISMAN-EVENT-MIB:disman-event-node-notification-mteTriggerFalling-container-mteTriggerFalling-mteHotOID
7877 [Test worker] INFO  x.yang.diagram.YangDiagramGenerator  - CREATED ELEMENT FOR statement:io.typefox.yang.yang.impl.LeafImpl@474c9281 (name: mteHotValue) WITH ID DISMAN-EVENT-MIB:disman-event-node-notification-mteTriggerFalling-container-mteTriggerFalling-mteHotValue-mteHotValue
7877 [Test worker] INFO  x.yang.diagram.YangDiagramGenerator  - CREATED ELEMENT FOR statement:io.typefox.yang.yang.impl.ContainerImpl@53e4a0ff (name: mteTriggerFalling-mteHotValue) WITH ID DISMAN-EVENT-MIB:disman-event-node-notification-mteTriggerFalling-container-mteTriggerFalling-mteHotValue
7877 [Test worker] INFO  x.yang.diagram.YangDiagramGenerator  - CREATED ELEMENT FOR statement:io.typefox.yang.yang.impl.NotificationImpl@3f47c22a (name: mteTriggerFalling) WITH ID DISMAN-EVENT-MIB:disman-event-node-notification-mteTriggerFalling
7878 [Test worker] INFO  x.yang.diagram.YangDiagramGenerator  - CREATED ELEMENT FOR statement:io.typefox.yang.yang.impl.LeafImpl@5b05a3d0 (name: mteHotTrigger) WITH ID DISMAN-EVENT-MIB:disman-event-node-notification-mteTriggerFailure-container-mteTriggerFailure-mteHotTrigger-mteHotTrigger
7878 [Test worker] INFO  x.yang.diagram.YangDiagramGenerator  - CREATED ELEMENT FOR statement:io.typefox.yang.yang.impl.ContainerImpl@787eeaab (name: mteTriggerFailure-mteHotTrigger) WITH ID DISMAN-EVENT-MIB:disman-event-node-notification-mteTriggerFailure-container-mteTriggerFailure-mteHotTrigger
7878 [Test worker] INFO  x.yang.diagram.YangDiagramGenerator  - CREATED ELEMENT FOR statement:io.typefox.yang.yang.impl.LeafImpl@eeb4e03 (name: mteHotTargetName) WITH ID DISMAN-EVENT-MIB:disman-event-node-notification-mteTriggerFailure-container-mteTriggerFailure-mteHotTargetName-mteHotTargetName
7878 [Test worker] INFO  x.yang.diagram.YangDiagramGenerator  - CREATED ELEMENT FOR statement:io.typefox.yang.yang.impl.ContainerImpl@fbc9b66 (name: mteTriggerFailure-mteHotTargetName) WITH ID DISMAN-EVENT-MIB:disman-event-node-notification-mteTriggerFailure-container-mteTriggerFailure-mteHotTargetName
7878 [Test worker] INFO  x.yang.diagram.YangDiagramGenerator  - CREATED ELEMENT FOR statement:io.typefox.yang.yang.impl.LeafImpl@79d1b262 (name: mteHotContextName) WITH ID DISMAN-EVENT-MIB:disman-event-node-notification-mteTriggerFailure-container-mteTriggerFailure-mteHotContextName-mteHotContextName
7878 [Test worker] INFO  x.yang.diagram.YangDiagramGenerator  - CREATED ELEMENT FOR statement:io.typefox.yang.yang.impl.ContainerImpl@76f53441 (name: mteTriggerFailure-mteHotContextName) WITH ID DISMAN-EVENT-MIB:disman-event-node-notification-mteTriggerFailure-container-mteTriggerFailure-mteHotContextName
7878 [Test worker] INFO  x.yang.diagram.YangDiagramGenerator  - CREATED ELEMENT FOR statement:io.typefox.yang.yang.impl.LeafImpl@22bae7ca (name: mteHotOID) WITH ID DISMAN-EVENT-MIB:disman-event-node-notification-mteTriggerFailure-container-mteTriggerFailure-mteHotOID-mteHotOID
7878 [Test worker] INFO  x.yang.diagram.YangDiagramGenerator  - CREATED ELEMENT FOR statement:io.typefox.yang.yang.impl.ContainerImpl@49b62f50 (name: mteTriggerFailure-mteHotOID) WITH ID DISMAN-EVENT-MIB:disman-event-node-notification-mteTriggerFailure-container-mteTriggerFailure-mteHotOID
7878 [Test worker] INFO  x.yang.diagram.YangDiagramGenerator  - CREATED ELEMENT FOR statement:io.typefox.yang.yang.impl.LeafImpl@3d80c6a6 (name: mteFailedReason) WITH ID DISMAN-EVENT-MIB:disman-event-node-notification-mteTriggerFailure-container-mteTriggerFailure-mteFailedReason-mteFailedReason
7878 [Test worker] INFO  x.yang.diagram.YangDiagramGenerator  - CREATED ELEMENT FOR statement:io.typefox.yang.yang.impl.ContainerImpl@6288aa6b (name: mteTriggerFailure-mteFailedReason) WITH ID DISMAN-EVENT-MIB:disman-event-node-notification-mteTriggerFailure-container-mteTriggerFailure-mteFailedReason
7878 [Test worker] INFO  x.yang.diagram.YangDiagramGenerator  - CREATED ELEMENT FOR statement:io.typefox.yang.yang.impl.NotificationImpl@17f99547 (name: mteTriggerFailure) WITH ID DISMAN-EVENT-MIB:disman-event-node-notification-mteTriggerFailure
7878 [Test worker] INFO  x.yang.diagram.YangDiagramGenerator  - CREATED ELEMENT FOR statement:io.typefox.yang.yang.impl.LeafImpl@6fcde447 (name: mteHotTrigger) WITH ID DISMAN-EVENT-MIB:disman-event-node-notification-mteEventSetFailure-container-mteEventSetFailure-mteHotTrigger-mteHotTrigger
7878 [Test worker] INFO  x.yang.diagram.YangDiagramGenerator  - CREATED ELEMENT FOR statement:io.typefox.yang.yang.impl.ContainerImpl@5443aaee (name: mteEventSetFailure-mteHotTrigger) WITH ID DISMAN-EVENT-MIB:disman-event-node-notification-mteEventSetFailure-container-mteEventSetFailure-mteHotTrigger
7878 [Test worker] INFO  x.yang.diagram.YangDiagramGenerator  - CREATED ELEMENT FOR statement:io.typefox.yang.yang.impl.LeafImpl@73bf89ff (name: mteHotTargetName) WITH ID DISMAN-EVENT-MIB:disman-event-node-notification-mteEventSetFailure-container-mteEventSetFailure-mteHotTargetName-mteHotTargetName
7878 [Test worker] INFO  x.yang.diagram.YangDiagramGenerator  - CREATED ELEMENT FOR statement:io.typefox.yang.yang.impl.ContainerImpl@28b77962 (name: mteEventSetFailure-mteHotTargetName) WITH ID DISMAN-EVENT-MIB:disman-event-node-notification-mteEventSetFailure-container-mteEventSetFailure-mteHotTargetName
7878 [Test worker] INFO  x.yang.diagram.YangDiagramGenerator  - CREATED ELEMENT FOR statement:io.typefox.yang.yang.impl.LeafImpl@28584fef (name: mteHotContextName) WITH ID DISMAN-EVENT-MIB:disman-event-node-notification-mteEventSetFailure-container-mteEventSetFailure-mteHotContextName-mteHotContextName
7878 [Test worker] INFO  x.yang.diagram.YangDiagramGenerator  - CREATED ELEMENT FOR statement:io.typefox.yang.yang.impl.ContainerImpl@610584d0 (name: mteEventSetFailure-mteHotContextName) WITH ID DISMAN-EVENT-MIB:disman-event-node-notification-mteEventSetFailure-container-mteEventSetFailure-mteHotContextName
7878 [Test worker] INFO  x.yang.diagram.YangDiagramGenerator  - CREATED ELEMENT FOR statement:io.typefox.yang.yang.impl.LeafImpl@6e7a097e (name: mteHotOID) WITH ID DISMAN-EVENT-MIB:disman-event-node-notification-mteEventSetFailure-container-mteEventSetFailure-mteHotOID-mteHotOID
7878 [Test worker] INFO  x.yang.diagram.YangDiagramGenerator  - CREATED ELEMENT FOR statement:io.typefox.yang.yang.impl.ContainerImpl@7d9501ba (name: mteEventSetFailure-mteHotOID) WITH ID DISMAN-EVENT-MIB:disman-event-node-notification-mteEventSetFailure-container-mteEventSetFailure-mteHotOID
7878 [Test worker] INFO  x.yang.diagram.YangDiagramGenerator  - CREATED ELEMENT FOR statement:io.typefox.yang.yang.impl.LeafImpl@17581ed0 (name: mteFailedReason) WITH ID DISMAN-EVENT-MIB:disman-event-node-notification-mteEventSetFailure-container-mteEventSetFailure-mteFailedReason-mteFailedReason
7879 [Test worker] INFO  x.yang.diagram.YangDiagramGenerator  - CREATED ELEMENT FOR statement:io.typefox.yang.yang.impl.ContainerImpl@5a362bef (name: mteEventSetFailure-mteFailedReason) WITH ID DISMAN-EVENT-MIB:disman-event-node-notification-mteEventSetFailure-container-mteEventSetFailure-mteFailedReason
7879 [Test worker] INFO  x.yang.diagram.YangDiagramGenerator  - CREATED ELEMENT FOR statement:io.typefox.yang.yang.impl.NotificationImpl@6439f82e (name: mteEventSetFailure) WITH ID DISMAN-EVENT-MIB:disman-event-node-notification-mteEventSetFailure
7879 [Test worker] INFO  x.yang.diagram.YangDiagramGenerator  - CREATED ELEMENT FOR statement:io.typefox.yang.yang.impl.ModuleImpl@3174adc2 (name: DISMAN-EVENT-MIB) WITH ID DISMAN-EVENT-MIB:disman-event
8091 [Test worker] INFO  x.yang.diagram.YangDiagramGenerator  - Generating diagram for input: 'DIFFSERV-MIB.yang'
8095 [Test worker] INFO  x.yang.diagram.YangDiagramGenerator  - CREATED ELEMENT FOR statement:io.typefox.yang.yang.impl.TypedefImpl@70e4e093 (name: IndexInteger) WITH ID DIFFSERV-MIB:diffserv-mib-node-typedef-IndexInteger
8095 [Test worker] INFO  x.yang.diagram.YangDiagramGenerator  - CREATED ELEMENT FOR statement:io.typefox.yang.yang.impl.TypedefImpl@892848b (name: IndexIntegerNextFree) WITH ID DIFFSERV-MIB:diffserv-mib-node-typedef-IndexIntegerNextFree
8096 [Test worker] INFO  x.yang.diagram.YangDiagramGenerator  - CREATED ELEMENT FOR statement:io.typefox.yang.yang.impl.TypedefImpl@1183555c (name: IfDirection) WITH ID DIFFSERV-MIB:diffserv-mib-node-typedef-IfDirection
8096 [Test worker] INFO  x.yang.diagram.YangDiagramGenerator  - CREATED ELEMENT FOR statement:io.typefox.yang.yang.impl.LeafImpl@548657ff (name: ifIndex) WITH ID DIFFSERV-MIB:diffserv-mib-node-container-diffServDataPath-list-diffServDataPathEntry-ifIndex
8096 [Test worker] INFO  x.yang.diagram.YangDiagramGenerator  - CREATED ELEMENT FOR statement:io.typefox.yang.yang.impl.LeafImpl@3b1d584 (name: diffServDataPathIfDirection) WITH ID DIFFSERV-MIB:diffserv-mib-node-container-diffServDataPath-list-diffServDataPathEntry-diffServDataPathIfDirection
8099 [Test worker] INFO  x.yang.diagram.YangDiagramGenerator  - CREATED ELEMENT FOR statement:io.typefox.yang.yang.impl.LeafImpl@1f9bbfa5 (name: diffServDataPathStart) WITH ID DIFFSERV-MIB:diffserv-mib-node-container-diffServDataPath-list-diffServDataPathEntry-diffServDataPathStart
8099 [Test worker] INFO  x.yang.diagram.YangDiagramGenerator  - CREATED ELEMENT FOR statement:io.typefox.yang.yang.impl.LeafImpl@143930bf (name: diffServDataPathStorage) WITH ID DIFFSERV-MIB:diffserv-mib-node-container-diffServDataPath-list-diffServDataPathEntry-diffServDataPathStorage
8099 [Test worker] INFO  x.yang.diagram.YangDiagramGenerator  - CREATED ELEMENT FOR statement:io.typefox.yang.yang.impl.LeafImpl@72e6a468 (name: diffServDataPathStatus) WITH ID DIFFSERV-MIB:diffserv-mib-node-container-diffServDataPath-list-diffServDataPathEntry-diffServDataPathStatus
8099 [Test worker] INFO  x.yang.diagram.YangDiagramGenerator  - CREATED ELEMENT FOR statement:io.typefox.yang.yang.impl.ListImpl@7f765245 (name: diffServDataPathEntry) WITH ID DIFFSERV-MIB:diffserv-mib-node-container-diffServDataPath-list-diffServDataPathEntry
8099 [Test worker] INFO  x.yang.diagram.YangDiagramGenerator  - CREATED ELEMENT FOR statement:io.typefox.yang.yang.impl.ContainerImpl@3d52ac99 (name: diffServDataPath) WITH ID DIFFSERV-MIB:diffserv-mib-node-container-diffServDataPath
8099 [Test worker] INFO  x.yang.diagram.YangDiagramGenerator  - CREATED ELEMENT FOR statement:io.typefox.yang.yang.impl.LeafImpl@6033df44 (name: diffServClfrNextFree) WITH ID DIFFSERV-MIB:diffserv-mib-node-container-diffServClassifier-diffServClfrNextFree
8100 [Test worker] INFO  x.yang.diagram.YangDiagramGenerator  - CREATED ELEMENT FOR statement:io.typefox.yang.yang.impl.LeafImpl@2731e2ce (name: diffServClfrElementNextFree) WITH ID DIFFSERV-MIB:diffserv-mib-node-container-diffServClassifier-diffServClfrElementNextFree
8100 [Test worker] INFO  x.yang.diagram.YangDiagramGenerator  - CREATED ELEMENT FOR statement:io.typefox.yang.yang.impl.LeafImpl@6a187817 (name: diffServMultiFieldClfrNextFree) WITH ID DIFFSERV-MIB:diffserv-mib-node-container-diffServClassifier-diffServMultiFieldClfrNextFree
8100 [Test worker] INFO  x.yang.diagram.YangDiagramGenerator  - CREATED ELEMENT FOR statement:io.typefox.yang.yang.impl.LeafImpl@428637a9 (name: diffServClfrId) WITH ID DIFFSERV-MIB:diffserv-mib-node-container-diffServClassifier-list-diffServClfrEntry-diffServClfrId
8100 [Test worker] INFO  x.yang.diagram.YangDiagramGenerator  - CREATED ELEMENT FOR statement:io.typefox.yang.yang.impl.LeafImpl@3c310942 (name: diffServClfrStorage) WITH ID DIFFSERV-MIB:diffserv-mib-node-container-diffServClassifier-list-diffServClfrEntry-diffServClfrStorage
8100 [Test worker] INFO  x.yang.diagram.YangDiagramGenerator  - CREATED ELEMENT FOR statement:io.typefox.yang.yang.impl.LeafImpl@14bebb98 (name: diffServClfrStatus) WITH ID DIFFSERV-MIB:diffserv-mib-node-container-diffServClassifier-list-diffServClfrEntry-diffServClfrStatus
8100 [Test worker] INFO  x.yang.diagram.YangDiagramGenerator  - CREATED ELEMENT FOR statement:io.typefox.yang.yang.impl.ListImpl@3d4fb1d8 (name: diffServClfrEntry) WITH ID DIFFSERV-MIB:diffserv-mib-node-container-diffServClassifier-list-diffServClfrEntry
8108 [Test worker] INFO  x.yang.diagram.YangDiagramGenerator  - CREATED ELEMENT FOR statement:io.typefox.yang.yang.impl.LeafImpl@4e07e2a7 (name: diffServClfrId) WITH ID DIFFSERV-MIB:diffserv-mib-node-container-diffServClassifier-list-diffServClfrElementEntry-diffServClfrId
8108 [Test worker] INFO  x.yang.diagram.YangDiagramGenerator  - CREATED ELEMENT FOR statement:io.typefox.yang.yang.impl.LeafImpl@7ac8993c (name: diffServClfrElementId) WITH ID DIFFSERV-MIB:diffserv-mib-node-container-diffServClassifier-list-diffServClfrElementEntry-diffServClfrElementId
8108 [Test worker] INFO  x.yang.diagram.YangDiagramGenerator  - CREATED ELEMENT FOR statement:io.typefox.yang.yang.impl.LeafImpl@1bcb8f86 (name: diffServClfrElementPrecedence) WITH ID DIFFSERV-MIB:diffserv-mib-node-container-diffServClassifier-list-diffServClfrElementEntry-diffServClfrElementPrecedence
8109 [Test worker] INFO  x.yang.diagram.YangDiagramGenerator  - CREATED ELEMENT FOR statement:io.typefox.yang.yang.impl.LeafImpl@5bca3c56 (name: diffServClfrElementNext) WITH ID DIFFSERV-MIB:diffserv-mib-node-container-diffServClassifier-list-diffServClfrElementEntry-diffServClfrElementNext
8109 [Test worker] INFO  x.yang.diagram.YangDiagramGenerator  - CREATED ELEMENT FOR statement:io.typefox.yang.yang.impl.LeafImpl@2a29ef52 (name: diffServClfrElementSpecific) WITH ID DIFFSERV-MIB:diffserv-mib-node-container-diffServClassifier-list-diffServClfrElementEntry-diffServClfrElementSpecific
8109 [Test worker] INFO  x.yang.diagram.YangDiagramGenerator  - CREATED ELEMENT FOR statement:io.typefox.yang.yang.impl.LeafImpl@14169252 (name: diffServClfrElementStorage) WITH ID DIFFSERV-MIB:diffserv-mib-node-container-diffServClassifier-list-diffServClfrElementEntry-diffServClfrElementStorage
8109 [Test worker] INFO  x.yang.diagram.YangDiagramGenerator  - CREATED ELEMENT FOR statement:io.typefox.yang.yang.impl.LeafImpl@53e698e9 (name: diffServClfrElementStatus) WITH ID DIFFSERV-MIB:diffserv-mib-node-container-diffServClassifier-list-diffServClfrElementEntry-diffServClfrElementStatus
8110 [Test worker] INFO  x.yang.diagram.YangDiagramGenerator  - CREATED ELEMENT FOR statement:io.typefox.yang.yang.impl.ListImpl@5944364f (name: diffServClfrElementEntry) WITH ID DIFFSERV-MIB:diffserv-mib-node-container-diffServClassifier-list-diffServClfrElementEntry
8114 [Test worker] INFO  x.yang.diagram.YangDiagramGenerator  - CREATED ELEMENT FOR statement:io.typefox.yang.yang.impl.LeafImpl@3c72014a (name: diffServMultiFieldClfrId) WITH ID DIFFSERV-MIB:diffserv-mib-node-container-diffServClassifier-list-diffServMultiFieldClfrEntry-diffServMultiFieldClfrId
8114 [Test worker] INFO  x.yang.diagram.YangDiagramGenerator  - CREATED ELEMENT FOR statement:io.typefox.yang.yang.impl.LeafImpl@1c569094 (name: diffServMultiFieldClfrAddrType) WITH ID DIFFSERV-MIB:diffserv-mib-node-container-diffServClassifier-list-diffServMultiFieldClfrEntry-diffServMultiFieldClfrAddrType
8117 [Test worker] INFO  x.yang.diagram.YangDiagramGenerator  - CREATED ELEMENT FOR statement:io.typefox.yang.yang.impl.LeafImpl@7b106227 (name: diffServMultiFieldClfrDstAddr) WITH ID DIFFSERV-MIB:diffserv-mib-node-container-diffServClassifier-list-diffServMultiFieldClfrEntry-diffServMultiFieldClfrDstAddr
8117 [Test worker] INFO  x.yang.diagram.YangDiagramGenerator  - CREATED ELEMENT FOR statement:io.typefox.yang.yang.impl.LeafImpl@31ed544 (name: diffServMultiFieldClfrDstPrefixLength) WITH ID DIFFSERV-MIB:diffserv-mib-node-container-diffServClassifier-list-diffServMultiFieldClfrEntry-diffServMultiFieldClfrDstPrefixLength
8119 [Test worker] INFO  x.yang.diagram.YangDiagramGenerator  - CREATED ELEMENT FOR statement:io.typefox.yang.yang.impl.LeafImpl@2f4aec3c (name: diffServMultiFieldClfrSrcAddr) WITH ID DIFFSERV-MIB:diffserv-mib-node-container-diffServClassifier-list-diffServMultiFieldClfrEntry-diffServMultiFieldClfrSrcAddr
8119 [Test worker] INFO  x.yang.diagram.YangDiagramGenerator  - CREATED ELEMENT FOR statement:io.typefox.yang.yang.impl.LeafImpl@7301b71 (name: diffServMultiFieldClfrSrcPrefixLength) WITH ID DIFFSERV-MIB:diffserv-mib-node-container-diffServClassifier-list-diffServMultiFieldClfrEntry-diffServMultiFieldClfrSrcPrefixLength
8119 [Test worker] INFO  x.yang.diagram.YangDiagramGenerator  - CREATED ELEMENT FOR statement:io.typefox.yang.yang.impl.LeafImpl@7fc940ea (name: diffServMultiFieldClfrDscp) WITH ID DIFFSERV-MIB:diffserv-mib-node-container-diffServClassifier-list-diffServMultiFieldClfrEntry-diffServMultiFieldClfrDscp
8119 [Test worker] INFO  x.yang.diagram.YangDiagramGenerator  - CREATED ELEMENT FOR statement:io.typefox.yang.yang.impl.LeafImpl@a081ea2 (name: diffServMultiFieldClfrFlowId) WITH ID DIFFSERV-MIB:diffserv-mib-node-container-diffServClassifier-list-diffServMultiFieldClfrEntry-diffServMultiFieldClfrFlowId
8119 [Test worker] INFO  x.yang.diagram.YangDiagramGenerator  - CREATED ELEMENT FOR statement:io.typefox.yang.yang.impl.LeafImpl@72db28d3 (name: diffServMultiFieldClfrProtocol) WITH ID DIFFSERV-MIB:diffserv-mib-node-container-diffServClassifier-list-diffServMultiFieldClfrEntry-diffServMultiFieldClfrProtocol
8120 [Test worker] INFO  x.yang.diagram.YangDiagramGenerator  - CREATED ELEMENT FOR statement:io.typefox.yang.yang.impl.LeafImpl@75b75e6a (name: diffServMultiFieldClfrDstL4PortMin) WITH ID DIFFSERV-MIB:diffserv-mib-node-container-diffServClassifier-list-diffServMultiFieldClfrEntry-diffServMultiFieldClfrDstL4PortMin
8120 [Test worker] INFO  x.yang.diagram.YangDiagramGenerator  - CREATED ELEMENT FOR statement:io.typefox.yang.yang.impl.LeafImpl@40cc9e26 (name: diffServMultiFieldClfrDstL4PortMax) WITH ID DIFFSERV-MIB:diffserv-mib-node-container-diffServClassifier-list-diffServMultiFieldClfrEntry-diffServMultiFieldClfrDstL4PortMax
8120 [Test worker] INFO  x.yang.diagram.YangDiagramGenerator  - CREATED ELEMENT FOR statement:io.typefox.yang.yang.impl.LeafImpl@afb6593 (name: diffServMultiFieldClfrSrcL4PortMin) WITH ID DIFFSERV-MIB:diffserv-mib-node-container-diffServClassifier-list-diffServMultiFieldClfrEntry-diffServMultiFieldClfrSrcL4PortMin
8120 [Test worker] INFO  x.yang.diagram.YangDiagramGenerator  - CREATED ELEMENT FOR statement:io.typefox.yang.yang.impl.LeafImpl@21cd59af (name: diffServMultiFieldClfrSrcL4PortMax) WITH ID DIFFSERV-MIB:diffserv-mib-node-container-diffServClassifier-list-diffServMultiFieldClfrEntry-diffServMultiFieldClfrSrcL4PortMax
8120 [Test worker] INFO  x.yang.diagram.YangDiagramGenerator  - CREATED ELEMENT FOR statement:io.typefox.yang.yang.impl.LeafImpl@6ec617f2 (name: diffServMultiFieldClfrStorage) WITH ID DIFFSERV-MIB:diffserv-mib-node-container-diffServClassifier-list-diffServMultiFieldClfrEntry-diffServMultiFieldClfrStorage
8120 [Test worker] INFO  x.yang.diagram.YangDiagramGenerator  - CREATED ELEMENT FOR statement:io.typefox.yang.yang.impl.LeafImpl@4adf89a2 (name: diffServMultiFieldClfrStatus) WITH ID DIFFSERV-MIB:diffserv-mib-node-container-diffServClassifier-list-diffServMultiFieldClfrEntry-diffServMultiFieldClfrStatus
8120 [Test worker] INFO  x.yang.diagram.YangDiagramGenerator  - CREATED ELEMENT FOR statement:io.typefox.yang.yang.impl.ListImpl@1b59aa97 (name: diffServMultiFieldClfrEntry) WITH ID DIFFSERV-MIB:diffserv-mib-node-container-diffServClassifier-list-diffServMultiFieldClfrEntry
8120 [Test worker] INFO  x.yang.diagram.YangDiagramGenerator  - CREATED ELEMENT FOR statement:io.typefox.yang.yang.impl.ContainerImpl@50128872 (name: diffServClassifier) WITH ID DIFFSERV-MIB:diffserv-mib-node-container-diffServClassifier
8120 [Test worker] INFO  x.yang.diagram.YangDiagramGenerator  - CREATED ELEMENT FOR statement:io.typefox.yang.yang.impl.LeafImpl@e357c05 (name: diffServMeterNextFree) WITH ID DIFFSERV-MIB:diffserv-mib-node-container-diffServMeter-diffServMeterNextFree
8120 [Test worker] INFO  x.yang.diagram.YangDiagramGenerator  - CREATED ELEMENT FOR statement:io.typefox.yang.yang.impl.LeafImpl@381176f8 (name: diffServMeterId) WITH ID DIFFSERV-MIB:diffserv-mib-node-container-diffServMeter-list-diffServMeterEntry-diffServMeterId
8121 [Test worker] INFO  x.yang.diagram.YangDiagramGenerator  - CREATED ELEMENT FOR statement:io.typefox.yang.yang.impl.LeafImpl@6eca7e7f (name: diffServMeterSucceedNext) WITH ID DIFFSERV-MIB:diffserv-mib-node-container-diffServMeter-list-diffServMeterEntry-diffServMeterSucceedNext
8121 [Test worker] INFO  x.yang.diagram.YangDiagramGenerator  - CREATED ELEMENT FOR statement:io.typefox.yang.yang.impl.LeafImpl@2a5f3acc (name: diffServMeterFailNext) WITH ID DIFFSERV-MIB:diffserv-mib-node-container-diffServMeter-list-diffServMeterEntry-diffServMeterFailNext
8121 [Test worker] INFO  x.yang.diagram.YangDiagramGenerator  - CREATED ELEMENT FOR statement:io.typefox.yang.yang.impl.LeafImpl@f2faed6 (name: diffServMeterSpecific) WITH ID DIFFSERV-MIB:diffserv-mib-node-container-diffServMeter-list-diffServMeterEntry-diffServMeterSpecific
8121 [Test worker] INFO  x.yang.diagram.YangDiagramGenerator  - CREATED ELEMENT FOR statement:io.typefox.yang.yang.impl.LeafImpl@3cbabf7d (name: diffServMeterStorage) WITH ID DIFFSERV-MIB:diffserv-mib-node-container-diffServMeter-list-diffServMeterEntry-diffServMeterStorage
8121 [Test worker] INFO  x.yang.diagram.YangDiagramGenerator  - CREATED ELEMENT FOR statement:io.typefox.yang.yang.impl.LeafImpl@1be0713 (name: diffServMeterStatus) WITH ID DIFFSERV-MIB:diffserv-mib-node-container-diffServMeter-list-diffServMeterEntry-diffServMeterStatus
8121 [Test worker] INFO  x.yang.diagram.YangDiagramGenerator  - CREATED ELEMENT FOR statement:io.typefox.yang.yang.impl.ListImpl@5264d4b2 (name: diffServMeterEntry) WITH ID DIFFSERV-MIB:diffserv-mib-node-container-diffServMeter-list-diffServMeterEntry
8121 [Test worker] INFO  x.yang.diagram.YangDiagramGenerator  - CREATED ELEMENT FOR statement:io.typefox.yang.yang.impl.ContainerImpl@204f9936 (name: diffServMeter) WITH ID DIFFSERV-MIB:diffserv-mib-node-container-diffServMeter
8121 [Test worker] INFO  x.yang.diagram.YangDiagramGenerator  - CREATED ELEMENT FOR statement:io.typefox.yang.yang.impl.LeafImpl@49e78b15 (name: diffServTBParamNextFree) WITH ID DIFFSERV-MIB:diffserv-mib-node-container-diffServTBParam-diffServTBParamNextFree
8121 [Test worker] INFO  x.yang.diagram.YangDiagramGenerator  - CREATED ELEMENT FOR statement:io.typefox.yang.yang.impl.LeafImpl@38908ba5 (name: diffServTBParamId) WITH ID DIFFSERV-MIB:diffserv-mib-node-container-diffServTBParam-list-diffServTBParamEntry-diffServTBParamId
8121 [Test worker] INFO  x.yang.diagram.YangDiagramGenerator  - CREATED ELEMENT FOR statement:io.typefox.yang.yang.impl.LeafImpl@4c250941 (name: diffServTBParamType) WITH ID DIFFSERV-MIB:diffserv-mib-node-container-diffServTBParam-list-diffServTBParamEntry-diffServTBParamType
8121 [Test worker] INFO  x.yang.diagram.YangDiagramGenerator  - CREATED ELEMENT FOR statement:io.typefox.yang.yang.impl.LeafImpl@10ffafda (name: diffServTBParamRate) WITH ID DIFFSERV-MIB:diffserv-mib-node-container-diffServTBParam-list-diffServTBParamEntry-diffServTBParamRate
8121 [Test worker] INFO  x.yang.diagram.YangDiagramGenerator  - CREATED ELEMENT FOR statement:io.typefox.yang.yang.impl.LeafImpl@65b531f3 (name: diffServTBParamBurstSize) WITH ID DIFFSERV-MIB:diffserv-mib-node-container-diffServTBParam-list-diffServTBParamEntry-diffServTBParamBurstSize
8121 [Test worker] INFO  x.yang.diagram.YangDiagramGenerator  - CREATED ELEMENT FOR statement:io.typefox.yang.yang.impl.LeafImpl@59c44343 (name: diffServTBParamInterval) WITH ID DIFFSERV-MIB:diffserv-mib-node-container-diffServTBParam-list-diffServTBParamEntry-diffServTBParamInterval
8121 [Test worker] INFO  x.yang.diagram.YangDiagramGenerator  - CREATED ELEMENT FOR statement:io.typefox.yang.yang.impl.LeafImpl@3dcf263b (name: diffServTBParamStorage) WITH ID DIFFSERV-MIB:diffserv-mib-node-container-diffServTBParam-list-diffServTBParamEntry-diffServTBParamStorage
8121 [Test worker] INFO  x.yang.diagram.YangDiagramGenerator  - CREATED ELEMENT FOR statement:io.typefox.yang.yang.impl.LeafImpl@50a3df27 (name: diffServTBParamStatus) WITH ID DIFFSERV-MIB:diffserv-mib-node-container-diffServTBParam-list-diffServTBParamEntry-diffServTBParamStatus
8121 [Test worker] INFO  x.yang.diagram.YangDiagramGenerator  - CREATED ELEMENT FOR statement:io.typefox.yang.yang.impl.ListImpl@1cd55669 (name: diffServTBParamEntry) WITH ID DIFFSERV-MIB:diffserv-mib-node-container-diffServTBParam-list-diffServTBParamEntry
8121 [Test worker] INFO  x.yang.diagram.YangDiagramGenerator  - CREATED ELEMENT FOR statement:io.typefox.yang.yang.impl.ContainerImpl@6770c0eb (name: diffServTBParam) WITH ID DIFFSERV-MIB:diffserv-mib-node-container-diffServTBParam
8122 [Test worker] INFO  x.yang.diagram.YangDiagramGenerator  - CREATED ELEMENT FOR statement:io.typefox.yang.yang.impl.LeafImpl@23cadcc0 (name: diffServActionNextFree) WITH ID DIFFSERV-MIB:diffserv-mib-node-container-diffServAction-diffServActionNextFree
8122 [Test worker] INFO  x.yang.diagram.YangDiagramGenerator  - CREATED ELEMENT FOR statement:io.typefox.yang.yang.impl.LeafImpl@6d5e7579 (name: diffServCountActNextFree) WITH ID DIFFSERV-MIB:diffserv-mib-node-container-diffServAction-diffServCountActNextFree
8122 [Test worker] INFO  x.yang.diagram.YangDiagramGenerator  - CREATED ELEMENT FOR statement:io.typefox.yang.yang.impl.LeafImpl@5b0e00a5 (name: diffServActionId) WITH ID DIFFSERV-MIB:diffserv-mib-node-container-diffServAction-list-diffServActionEntry-diffServActionId
8122 [Test worker] INFO  x.yang.diagram.YangDiagramGenerator  - CREATED ELEMENT FOR statement:io.typefox.yang.yang.impl.LeafImpl@3a18e4b7 (name: diffServActionInterface) WITH ID DIFFSERV-MIB:diffserv-mib-node-container-diffServAction-list-diffServActionEntry-diffServActionInterface
8124 [Test worker] INFO  x.yang.diagram.YangDiagramGenerator  - CREATED ELEMENT FOR statement:io.typefox.yang.yang.impl.LeafImpl@4fc113e8 (name: diffServActionNext) WITH ID DIFFSERV-MIB:diffserv-mib-node-container-diffServAction-list-diffServActionEntry-diffServActionNext
8124 [Test worker] INFO  x.yang.diagram.YangDiagramGenerator  - CREATED ELEMENT FOR statement:io.typefox.yang.yang.impl.LeafImpl@51aa42d4 (name: diffServActionSpecific) WITH ID DIFFSERV-MIB:diffserv-mib-node-container-diffServAction-list-diffServActionEntry-diffServActionSpecific
8124 [Test worker] INFO  x.yang.diagram.YangDiagramGenerator  - CREATED ELEMENT FOR statement:io.typefox.yang.yang.impl.LeafImpl@7a8a6b6c (name: diffServActionStorage) WITH ID DIFFSERV-MIB:diffserv-mib-node-container-diffServAction-list-diffServActionEntry-diffServActionStorage
8124 [Test worker] INFO  x.yang.diagram.YangDiagramGenerator  - CREATED ELEMENT FOR statement:io.typefox.yang.yang.impl.LeafImpl@74a05d6 (name: diffServActionStatus) WITH ID DIFFSERV-MIB:diffserv-mib-node-container-diffServAction-list-diffServActionEntry-diffServActionStatus
8124 [Test worker] INFO  x.yang.diagram.YangDiagramGenerator  - CREATED ELEMENT FOR statement:io.typefox.yang.yang.impl.ListImpl@40d31884 (name: diffServActionEntry) WITH ID DIFFSERV-MIB:diffserv-mib-node-container-diffServAction-list-diffServActionEntry
8124 [Test worker] INFO  x.yang.diagram.YangDiagramGenerator  - CREATED ELEMENT FOR statement:io.typefox.yang.yang.impl.LeafImpl@436c4ea8 (name: diffServDscpMarkActDscp) WITH ID DIFFSERV-MIB:diffserv-mib-node-container-diffServAction-list-diffServDscpMarkActEntry-diffServDscpMarkActDscp
8124 [Test worker] INFO  x.yang.diagram.YangDiagramGenerator  - CREATED ELEMENT FOR statement:io.typefox.yang.yang.impl.ListImpl@6a949ca2 (name: diffServDscpMarkActEntry) WITH ID DIFFSERV-MIB:diffserv-mib-node-container-diffServAction-list-diffServDscpMarkActEntry
8124 [Test worker] INFO  x.yang.diagram.YangDiagramGenerator  - CREATED ELEMENT FOR statement:io.typefox.yang.yang.impl.LeafImpl@3d274093 (name: diffServCountActId) WITH ID DIFFSERV-MIB:diffserv-mib-node-container-diffServAction-list-diffServCountActEntry-diffServCountActId
8125 [Test worker] INFO  x.yang.diagram.YangDiagramGenerator  - CREATED ELEMENT FOR statement:io.typefox.yang.yang.impl.LeafImpl@65e8788b (name: diffServCountActOctets) WITH ID DIFFSERV-MIB:diffserv-mib-node-container-diffServAction-list-diffServCountActEntry-diffServCountActOctets
8125 [Test worker] INFO  x.yang.diagram.YangDiagramGenerator  - CREATED ELEMENT FOR statement:io.typefox.yang.yang.impl.LeafImpl@44d06390 (name: diffServCountActPkts) WITH ID DIFFSERV-MIB:diffserv-mib-node-container-diffServAction-list-diffServCountActEntry-diffServCountActPkts
8125 [Test worker] INFO  x.yang.diagram.YangDiagramGenerator  - CREATED ELEMENT FOR statement:io.typefox.yang.yang.impl.LeafImpl@a6f9624 (name: diffServCountActStorage) WITH ID DIFFSERV-MIB:diffserv-mib-node-container-diffServAction-list-diffServCountActEntry-diffServCountActStorage
8125 [Test worker] INFO  x.yang.diagram.YangDiagramGenerator  - CREATED ELEMENT FOR statement:io.typefox.yang.yang.impl.LeafImpl@dcb7c22 (name: diffServCountActStatus) WITH ID DIFFSERV-MIB:diffserv-mib-node-container-diffServAction-list-diffServCountActEntry-diffServCountActStatus
8126 [Test worker] INFO  x.yang.diagram.YangDiagramGenerator  - CREATED ELEMENT FOR statement:io.typefox.yang.yang.impl.ListImpl@2bc17130 (name: diffServCountActEntry) WITH ID DIFFSERV-MIB:diffserv-mib-node-container-diffServAction-list-diffServCountActEntry
8126 [Test worker] INFO  x.yang.diagram.YangDiagramGenerator  - CREATED ELEMENT FOR statement:io.typefox.yang.yang.impl.ContainerImpl@6cca5b3b (name: diffServAction) WITH ID DIFFSERV-MIB:diffserv-mib-node-container-diffServAction
8126 [Test worker] INFO  x.yang.diagram.YangDiagramGenerator  - CREATED ELEMENT FOR statement:io.typefox.yang.yang.impl.LeafImpl@1ae22e30 (name: diffServAlgDropNextFree) WITH ID DIFFSERV-MIB:diffserv-mib-node-container-diffServAlgDrop-diffServAlgDropNextFree
8126 [Test worker] INFO  x.yang.diagram.YangDiagramGenerator  - CREATED ELEMENT FOR statement:io.typefox.yang.yang.impl.LeafImpl@4c9e6b22 (name: diffServRandomDropNextFree) WITH ID DIFFSERV-MIB:diffserv-mib-node-container-diffServAlgDrop-diffServRandomDropNextFree
8126 [Test worker] INFO  x.yang.diagram.YangDiagramGenerator  - CREATED ELEMENT FOR statement:io.typefox.yang.yang.impl.LeafImpl@6cf6db70 (name: diffServAlgDropId) WITH ID DIFFSERV-MIB:diffserv-mib-node-container-diffServAlgDrop-list-diffServAlgDropEntry-diffServAlgDropId
8126 [Test worker] INFO  x.yang.diagram.YangDiagramGenerator  - CREATED ELEMENT FOR statement:io.typefox.yang.yang.impl.LeafImpl@525b4656 (name: diffServAlgDropType) WITH ID DIFFSERV-MIB:diffserv-mib-node-container-diffServAlgDrop-list-diffServAlgDropEntry-diffServAlgDropType
8126 [Test worker] INFO  x.yang.diagram.YangDiagramGenerator  - CREATED ELEMENT FOR statement:io.typefox.yang.yang.impl.LeafImpl@59c36183 (name: diffServAlgDropNext) WITH ID DIFFSERV-MIB:diffserv-mib-node-container-diffServAlgDrop-list-diffServAlgDropEntry-diffServAlgDropNext
8127 [Test worker] INFO  x.yang.diagram.YangDiagramGenerator  - CREATED ELEMENT FOR statement:io.typefox.yang.yang.impl.LeafImpl@66bbc6e2 (name: diffServAlgDropQMeasure) WITH ID DIFFSERV-MIB:diffserv-mib-node-container-diffServAlgDrop-list-diffServAlgDropEntry-diffServAlgDropQMeasure
8128 [Test worker] INFO  x.yang.diagram.YangDiagramGenerator  - CREATED ELEMENT FOR statement:io.typefox.yang.yang.impl.LeafImpl@3c4cbc1e (name: diffServAlgDropQThreshold) WITH ID DIFFSERV-MIB:diffserv-mib-node-container-diffServAlgDrop-list-diffServAlgDropEntry-diffServAlgDropQThreshold
8129 [Test worker] INFO  x.yang.diagram.YangDiagramGenerator  - CREATED ELEMENT FOR statement:io.typefox.yang.yang.impl.LeafImpl@342d3437 (name: diffServAlgDropSpecific) WITH ID DIFFSERV-MIB:diffserv-mib-node-container-diffServAlgDrop-list-diffServAlgDropEntry-diffServAlgDropSpecific
8129 [Test worker] INFO  x.yang.diagram.YangDiagramGenerator  - CREATED ELEMENT FOR statement:io.typefox.yang.yang.impl.LeafImpl@76209448 (name: diffServAlgDropOctets) WITH ID DIFFSERV-MIB:diffserv-mib-node-container-diffServAlgDrop-list-diffServAlgDropEntry-diffServAlgDropOctets
8129 [Test worker] INFO  x.yang.diagram.YangDiagramGenerator  - CREATED ELEMENT FOR statement:io.typefox.yang.yang.impl.LeafImpl@4e14c0b8 (name: diffServAlgDropPkts) WITH ID DIFFSERV-MIB:diffserv-mib-node-container-diffServAlgDrop-list-diffServAlgDropEntry-diffServAlgDropPkts
8129 [Test worker] INFO  x.yang.diagram.YangDiagramGenerator  - CREATED ELEMENT FOR statement:io.typefox.yang.yang.impl.LeafImpl@17613928 (name: diffServAlgRandomDropOctets) WITH ID DIFFSERV-MIB:diffserv-mib-node-container-diffServAlgDrop-list-diffServAlgDropEntry-diffServAlgRandomDropOctets
8129 [Test worker] INFO  x.yang.diagram.YangDiagramGenerator  - CREATED ELEMENT FOR statement:io.typefox.yang.yang.impl.LeafImpl@4a303b7f (name: diffServAlgRandomDropPkts) WITH ID DIFFSERV-MIB:diffserv-mib-node-container-diffServAlgDrop-list-diffServAlgDropEntry-diffServAlgRandomDropPkts
8130 [Test worker] INFO  x.yang.diagram.YangDiagramGenerator  - CREATED ELEMENT FOR statement:io.typefox.yang.yang.impl.LeafImpl@38c074a5 (name: diffServAlgDropStorage) WITH ID DIFFSERV-MIB:diffserv-mib-node-container-diffServAlgDrop-list-diffServAlgDropEntry-diffServAlgDropStorage
8130 [Test worker] INFO  x.yang.diagram.YangDiagramGenerator  - CREATED ELEMENT FOR statement:io.typefox.yang.yang.impl.LeafImpl@50b97205 (name: diffServAlgDropStatus) WITH ID DIFFSERV-MIB:diffserv-mib-node-container-diffServAlgDrop-list-diffServAlgDropEntry-diffServAlgDropStatus
8130 [Test worker] INFO  x.yang.diagram.YangDiagramGenerator  - CREATED ELEMENT FOR statement:io.typefox.yang.yang.impl.ListImpl@4e0fb943 (name: diffServAlgDropEntry) WITH ID DIFFSERV-MIB:diffserv-mib-node-container-diffServAlgDrop-list-diffServAlgDropEntry
8130 [Test worker] INFO  x.yang.diagram.YangDiagramGenerator  - CREATED ELEMENT FOR statement:io.typefox.yang.yang.impl.LeafImpl@5af883e (name: diffServRandomDropId) WITH ID DIFFSERV-MIB:diffserv-mib-node-container-diffServAlgDrop-list-diffServRandomDropEntry-diffServRandomDropId
8131 [Test worker] INFO  x.yang.diagram.YangDiagramGenerator  - CREATED ELEMENT FOR statement:io.typefox.yang.yang.impl.LeafImpl@3e71a172 (name: diffServRandomDropMinThreshBytes) WITH ID DIFFSERV-MIB:diffserv-mib-node-container-diffServAlgDrop-list-diffServRandomDropEntry-diffServRandomDropMinThreshBytes
8133 [Test worker] INFO  x.yang.diagram.YangDiagramGenerator  - CREATED ELEMENT FOR statement:io.typefox.yang.yang.impl.LeafImpl@2543d5e3 (name: diffServRandomDropMinThreshPkts) WITH ID DIFFSERV-MIB:diffserv-mib-node-container-diffServAlgDrop-list-diffServRandomDropEntry-diffServRandomDropMinThreshPkts
8133 [Test worker] INFO  x.yang.diagram.YangDiagramGenerator  - CREATED ELEMENT FOR statement:io.typefox.yang.yang.impl.LeafImpl@1635b5a9 (name: diffServRandomDropMaxThreshBytes) WITH ID DIFFSERV-MIB:diffserv-mib-node-container-diffServAlgDrop-list-diffServRandomDropEntry-diffServRandomDropMaxThreshBytes
8134 [Test worker] INFO  x.yang.diagram.YangDiagramGenerator  - CREATED ELEMENT FOR statement:io.typefox.yang.yang.impl.LeafImpl@6f223129 (name: diffServRandomDropMaxThreshPkts) WITH ID DIFFSERV-MIB:diffserv-mib-node-container-diffServAlgDrop-list-diffServRandomDropEntry-diffServRandomDropMaxThreshPkts
8134 [Test worker] INFO  x.yang.diagram.YangDiagramGenerator  - CREATED ELEMENT FOR statement:io.typefox.yang.yang.impl.LeafImpl@5ceb778e (name: diffServRandomDropProbMax) WITH ID DIFFSERV-MIB:diffserv-mib-node-container-diffServAlgDrop-list-diffServRandomDropEntry-diffServRandomDropProbMax
8134 [Test worker] INFO  x.yang.diagram.YangDiagramGenerator  - CREATED ELEMENT FOR statement:io.typefox.yang.yang.impl.LeafImpl@673c4d3d (name: diffServRandomDropWeight) WITH ID DIFFSERV-MIB:diffserv-mib-node-container-diffServAlgDrop-list-diffServRandomDropEntry-diffServRandomDropWeight
8134 [Test worker] INFO  x.yang.diagram.YangDiagramGenerator  - CREATED ELEMENT FOR statement:io.typefox.yang.yang.impl.LeafImpl@5c9f348e (name: diffServRandomDropSamplingRate) WITH ID DIFFSERV-MIB:diffserv-mib-node-container-diffServAlgDrop-list-diffServRandomDropEntry-diffServRandomDropSamplingRate
8134 [Test worker] INFO  x.yang.diagram.YangDiagramGenerator  - CREATED ELEMENT FOR statement:io.typefox.yang.yang.impl.LeafImpl@224afd4d (name: diffServRandomDropStorage) WITH ID DIFFSERV-MIB:diffserv-mib-node-container-diffServAlgDrop-list-diffServRandomDropEntry-diffServRandomDropStorage
8134 [Test worker] INFO  x.yang.diagram.YangDiagramGenerator  - CREATED ELEMENT FOR statement:io.typefox.yang.yang.impl.LeafImpl@259ab98d (name: diffServRandomDropStatus) WITH ID DIFFSERV-MIB:diffserv-mib-node-container-diffServAlgDrop-list-diffServRandomDropEntry-diffServRandomDropStatus
8134 [Test worker] INFO  x.yang.diagram.YangDiagramGenerator  - CREATED ELEMENT FOR statement:io.typefox.yang.yang.impl.ListImpl@20ca4da6 (name: diffServRandomDropEntry) WITH ID DIFFSERV-MIB:diffserv-mib-node-container-diffServAlgDrop-list-diffServRandomDropEntry
8134 [Test worker] INFO  x.yang.diagram.YangDiagramGenerator  - CREATED ELEMENT FOR statement:io.typefox.yang.yang.impl.ContainerImpl@5d43675 (name: diffServAlgDrop) WITH ID DIFFSERV-MIB:diffserv-mib-node-container-diffServAlgDrop
8134 [Test worker] INFO  x.yang.diagram.YangDiagramGenerator  - CREATED ELEMENT FOR statement:io.typefox.yang.yang.impl.LeafImpl@70810317 (name: diffServQNextFree) WITH ID DIFFSERV-MIB:diffserv-mib-node-container-diffServQueue-diffServQNextFree
8139 [Test worker] INFO  x.yang.diagram.YangDiagramGenerator  - CREATED ELEMENT FOR statement:io.typefox.yang.yang.impl.LeafImpl@279a5b (name: diffServQId) WITH ID DIFFSERV-MIB:diffserv-mib-node-container-diffServQueue-list-diffServQEntry-diffServQId
8139 [Test worker] INFO  x.yang.diagram.YangDiagramGenerator  - CREATED ELEMENT FOR statement:io.typefox.yang.yang.impl.LeafImpl@72f24084 (name: diffServQNext) WITH ID DIFFSERV-MIB:diffserv-mib-node-container-diffServQueue-list-diffServQEntry-diffServQNext
8139 [Test worker] INFO  x.yang.diagram.YangDiagramGenerator  - CREATED ELEMENT FOR statement:io.typefox.yang.yang.impl.LeafImpl@5631b731 (name: diffServQMinRate) WITH ID DIFFSERV-MIB:diffserv-mib-node-container-diffServQueue-list-diffServQEntry-diffServQMinRate
8139 [Test worker] INFO  x.yang.diagram.YangDiagramGenerator  - CREATED ELEMENT FOR statement:io.typefox.yang.yang.impl.LeafImpl@2e508f5b (name: diffServQMaxRate) WITH ID DIFFSERV-MIB:diffserv-mib-node-container-diffServQueue-list-diffServQEntry-diffServQMaxRate
8139 [Test worker] INFO  x.yang.diagram.YangDiagramGenerator  - CREATED ELEMENT FOR statement:io.typefox.yang.yang.impl.LeafImpl@12993d88 (name: diffServQStorage) WITH ID DIFFSERV-MIB:diffserv-mib-node-container-diffServQueue-list-diffServQEntry-diffServQStorage
8139 [Test worker] INFO  x.yang.diagram.YangDiagramGenerator  - CREATED ELEMENT FOR statement:io.typefox.yang.yang.impl.LeafImpl@728fa93f (name: diffServQStatus) WITH ID DIFFSERV-MIB:diffserv-mib-node-container-diffServQueue-list-diffServQEntry-diffServQStatus
8139 [Test worker] INFO  x.yang.diagram.YangDiagramGenerator  - CREATED ELEMENT FOR statement:io.typefox.yang.yang.impl.ListImpl@295c0060 (name: diffServQEntry) WITH ID DIFFSERV-MIB:diffserv-mib-node-container-diffServQueue-list-diffServQEntry
8139 [Test worker] INFO  x.yang.diagram.YangDiagramGenerator  - CREATED ELEMENT FOR statement:io.typefox.yang.yang.impl.ContainerImpl@3dc6847 (name: diffServQueue) WITH ID DIFFSERV-MIB:diffserv-mib-node-container-diffServQueue
8139 [Test worker] INFO  x.yang.diagram.YangDiagramGenerator  - CREATED ELEMENT FOR statement:io.typefox.yang.yang.impl.LeafImpl@587260c9 (name: diffServSchedulerNextFree) WITH ID DIFFSERV-MIB:diffserv-mib-node-container-diffServScheduler-diffServSchedulerNextFree
8140 [Test worker] INFO  x.yang.diagram.YangDiagramGenerator  - CREATED ELEMENT FOR statement:io.typefox.yang.yang.impl.LeafImpl@573beca9 (name: diffServMinRateNextFree) WITH ID DIFFSERV-MIB:diffserv-mib-node-container-diffServScheduler-diffServMinRateNextFree
8140 [Test worker] INFO  x.yang.diagram.YangDiagramGenerator  - CREATED ELEMENT FOR statement:io.typefox.yang.yang.impl.LeafImpl@1e2db92e (name: diffServMaxRateNextFree) WITH ID DIFFSERV-MIB:diffserv-mib-node-container-diffServScheduler-diffServMaxRateNextFree
8140 [Test worker] INFO  x.yang.diagram.YangDiagramGenerator  - CREATED ELEMENT FOR statement:io.typefox.yang.yang.impl.LeafImpl@7e5374fc (name: diffServSchedulerId) WITH ID DIFFSERV-MIB:diffserv-mib-node-container-diffServScheduler-list-diffServSchedulerEntry-diffServSchedulerId
8140 [Test worker] INFO  x.yang.diagram.YangDiagramGenerator  - CREATED ELEMENT FOR statement:io.typefox.yang.yang.impl.LeafImpl@356c37d7 (name: diffServSchedulerNext) WITH ID DIFFSERV-MIB:diffserv-mib-node-container-diffServScheduler-list-diffServSchedulerEntry-diffServSchedulerNext
8140 [Test worker] INFO  x.yang.diagram.YangDiagramGenerator  - CREATED ELEMENT FOR statement:io.typefox.yang.yang.impl.LeafImpl@3dbadb77 (name: diffServSchedulerMethod) WITH ID DIFFSERV-MIB:diffserv-mib-node-container-diffServScheduler-list-diffServSchedulerEntry-diffServSchedulerMethod
8140 [Test worker] INFO  x.yang.diagram.YangDiagramGenerator  - CREATED ELEMENT FOR statement:io.typefox.yang.yang.impl.LeafImpl@4e2df127 (name: diffServSchedulerMinRate) WITH ID DIFFSERV-MIB:diffserv-mib-node-container-diffServScheduler-list-diffServSchedulerEntry-diffServSchedulerMinRate
8140 [Test worker] INFO  x.yang.diagram.YangDiagramGenerator  - CREATED ELEMENT FOR statement:io.typefox.yang.yang.impl.LeafImpl@2bbc988a (name: diffServSchedulerMaxRate) WITH ID DIFFSERV-MIB:diffserv-mib-node-container-diffServScheduler-list-diffServSchedulerEntry-diffServSchedulerMaxRate
8141 [Test worker] INFO  x.yang.diagram.YangDiagramGenerator  - CREATED ELEMENT FOR statement:io.typefox.yang.yang.impl.LeafImpl@7fbac0a5 (name: diffServSchedulerStorage) WITH ID DIFFSERV-MIB:diffserv-mib-node-container-diffServScheduler-list-diffServSchedulerEntry-diffServSchedulerStorage
8141 [Test worker] INFO  x.yang.diagram.YangDiagramGenerator  - CREATED ELEMENT FOR statement:io.typefox.yang.yang.impl.LeafImpl@1430dd46 (name: diffServSchedulerStatus) WITH ID DIFFSERV-MIB:diffserv-mib-node-container-diffServScheduler-list-diffServSchedulerEntry-diffServSchedulerStatus
8141 [Test worker] INFO  x.yang.diagram.YangDiagramGenerator  - CREATED ELEMENT FOR statement:io.typefox.yang.yang.impl.ListImpl@35b5b22e (name: diffServSchedulerEntry) WITH ID DIFFSERV-MIB:diffserv-mib-node-container-diffServScheduler-list-diffServSchedulerEntry
8141 [Test worker] INFO  x.yang.diagram.YangDiagramGenerator  - CREATED ELEMENT FOR statement:io.typefox.yang.yang.impl.LeafImpl@7a0204da (name: diffServMinRateId) WITH ID DIFFSERV-MIB:diffserv-mib-node-container-diffServScheduler-list-diffServMinRateEntry-diffServMinRateId
8141 [Test worker] INFO  x.yang.diagram.YangDiagramGenerator  - CREATED ELEMENT FOR statement:io.typefox.yang.yang.impl.LeafImpl@53944cd7 (name: diffServMinRatePriority) WITH ID DIFFSERV-MIB:diffserv-mib-node-container-diffServScheduler-list-diffServMinRateEntry-diffServMinRatePriority
8141 [Test worker] INFO  x.yang.diagram.YangDiagramGenerator  - CREATED ELEMENT FOR statement:io.typefox.yang.yang.impl.LeafImpl@41dc610e (name: diffServMinRateAbsolute) WITH ID DIFFSERV-MIB:diffserv-mib-node-container-diffServScheduler-list-diffServMinRateEntry-diffServMinRateAbsolute
8142 [Test worker] INFO  x.yang.diagram.YangDiagramGenerator  - CREATED ELEMENT FOR statement:io.typefox.yang.yang.impl.LeafImpl@59608fd9 (name: diffServMinRateRelative) WITH ID DIFFSERV-MIB:diffserv-mib-node-container-diffServScheduler-list-diffServMinRateEntry-diffServMinRateRelative
8142 [Test worker] INFO  x.yang.diagram.YangDiagramGenerator  - CREATED ELEMENT FOR statement:io.typefox.yang.yang.impl.LeafImpl@33ae64fb (name: diffServMinRateStorage) WITH ID DIFFSERV-MIB:diffserv-mib-node-container-diffServScheduler-list-diffServMinRateEntry-diffServMinRateStorage
8146 [Test worker] INFO  x.yang.diagram.YangDiagramGenerator  - CREATED ELEMENT FOR statement:io.typefox.yang.yang.impl.LeafImpl@422d64ad (name: diffServMinRateStatus) WITH ID DIFFSERV-MIB:diffserv-mib-node-container-diffServScheduler-list-diffServMinRateEntry-diffServMinRateStatus
8146 [Test worker] INFO  x.yang.diagram.YangDiagramGenerator  - CREATED ELEMENT FOR statement:io.typefox.yang.yang.impl.ListImpl@605ba9f7 (name: diffServMinRateEntry) WITH ID DIFFSERV-MIB:diffserv-mib-node-container-diffServScheduler-list-diffServMinRateEntry
8146 [Test worker] INFO  x.yang.diagram.YangDiagramGenerator  - CREATED ELEMENT FOR statement:io.typefox.yang.yang.impl.LeafImpl@3d98ec62 (name: diffServMaxRateId) WITH ID DIFFSERV-MIB:diffserv-mib-node-container-diffServScheduler-list-diffServMaxRateEntry-diffServMaxRateId
8146 [Test worker] INFO  x.yang.diagram.YangDiagramGenerator  - CREATED ELEMENT FOR statement:io.typefox.yang.yang.impl.LeafImpl@7d51de96 (name: diffServMaxRateLevel) WITH ID DIFFSERV-MIB:diffserv-mib-node-container-diffServScheduler-list-diffServMaxRateEntry-diffServMaxRateLevel
8146 [Test worker] INFO  x.yang.diagram.YangDiagramGenerator  - CREATED ELEMENT FOR statement:io.typefox.yang.yang.impl.LeafImpl@5470d59d (name: diffServMaxRateAbsolute) WITH ID DIFFSERV-MIB:diffserv-mib-node-container-diffServScheduler-list-diffServMaxRateEntry-diffServMaxRateAbsolute
8147 [Test worker] INFO  x.yang.diagram.YangDiagramGenerator  - CREATED ELEMENT FOR statement:io.typefox.yang.yang.impl.LeafImpl@6959daf5 (name: diffServMaxRateRelative) WITH ID DIFFSERV-MIB:diffserv-mib-node-container-diffServScheduler-list-diffServMaxRateEntry-diffServMaxRateRelative
8147 [Test worker] INFO  x.yang.diagram.YangDiagramGenerator  - CREATED ELEMENT FOR statement:io.typefox.yang.yang.impl.LeafImpl@1358d040 (name: diffServMaxRateThreshold) WITH ID DIFFSERV-MIB:diffserv-mib-node-container-diffServScheduler-list-diffServMaxRateEntry-diffServMaxRateThreshold
8147 [Test worker] INFO  x.yang.diagram.YangDiagramGenerator  - CREATED ELEMENT FOR statement:io.typefox.yang.yang.impl.LeafImpl@600e09d3 (name: diffServMaxRateStorage) WITH ID DIFFSERV-MIB:diffserv-mib-node-container-diffServScheduler-list-diffServMaxRateEntry-diffServMaxRateStorage
8147 [Test worker] INFO  x.yang.diagram.YangDiagramGenerator  - CREATED ELEMENT FOR statement:io.typefox.yang.yang.impl.LeafImpl@3200e472 (name: diffServMaxRateStatus) WITH ID DIFFSERV-MIB:diffserv-mib-node-container-diffServScheduler-list-diffServMaxRateEntry-diffServMaxRateStatus
8147 [Test worker] INFO  x.yang.diagram.YangDiagramGenerator  - CREATED ELEMENT FOR statement:io.typefox.yang.yang.impl.ListImpl@15290eb5 (name: diffServMaxRateEntry) WITH ID DIFFSERV-MIB:diffserv-mib-node-container-diffServScheduler-list-diffServMaxRateEntry
8147 [Test worker] INFO  x.yang.diagram.YangDiagramGenerator  - CREATED ELEMENT FOR statement:io.typefox.yang.yang.impl.ContainerImpl@40a60680 (name: diffServScheduler) WITH ID DIFFSERV-MIB:diffserv-mib-node-container-diffServScheduler
8147 [Test worker] INFO  x.yang.diagram.YangDiagramGenerator  - CREATED ELEMENT FOR statement:io.typefox.yang.yang.impl.ModuleImpl@50f6dfd6 (name: DIFFSERV-MIB) WITH ID DIFFSERV-MIB:diffserv-mib
8201 [Test worker] INFO  x.yang.diagram.YangDiagramGenerator  - Generating diagram for input: 'SNMP-USM-AES-MIB.yang'
8201 [Test worker] INFO  x.yang.diagram.YangDiagramGenerator  - CREATED ELEMENT FOR statement:io.typefox.yang.yang.impl.ModuleImpl@50062838 (name: SNMP-USM-AES-MIB) WITH ID SNMP-USM-AES-MIB:snmp-usm
8273 [Test worker] INFO  x.yang.diagram.YangDiagramGenerator  - Generating diagram for input: 'IF-MIB.yang'
8273 [Test worker] INFO  x.yang.diagram.YangDiagramGenerator  - CREATED ELEMENT FOR statement:io.typefox.yang.yang.impl.TypedefImpl@40857fe7 (name: OwnerString) WITH ID IF-MIB:if-mib-node-typedef-OwnerString
8273 [Test worker] INFO  x.yang.diagram.YangDiagramGenerator  - CREATED ELEMENT FOR statement:io.typefox.yang.yang.impl.TypedefImpl@60b64d6c (name: InterfaceIndex) WITH ID IF-MIB:if-mib-node-typedef-InterfaceIndex
8273 [Test worker] INFO  x.yang.diagram.YangDiagramGenerator  - CREATED ELEMENT FOR statement:io.typefox.yang.yang.impl.TypedefImpl@14fc3f73 (name: InterfaceIndexOrZero) WITH ID IF-MIB:if-mib-node-typedef-InterfaceIndexOrZero
8274 [Test worker] INFO  x.yang.diagram.YangDiagramGenerator  - CREATED ELEMENT FOR statement:io.typefox.yang.yang.impl.LeafImpl@51f4364a (name: ifNumber) WITH ID IF-MIB:if-mib-node-container-interfaces-ifNumber
8274 [Test worker] INFO  x.yang.diagram.YangDiagramGenerator  - CREATED ELEMENT FOR statement:io.typefox.yang.yang.impl.LeafImpl@3a6511d4 (name: ifIndex) WITH ID IF-MIB:if-mib-node-container-interfaces-list-ifEntry-ifIndex
8274 [Test worker] INFO  x.yang.diagram.YangDiagramGenerator  - CREATED ELEMENT FOR statement:io.typefox.yang.yang.impl.LeafImpl@686ae6d9 (name: ifDescr) WITH ID IF-MIB:if-mib-node-container-interfaces-list-ifEntry-ifDescr
8274 [Test worker] INFO  x.yang.diagram.YangDiagramGenerator  - CREATED ELEMENT FOR statement:io.typefox.yang.yang.impl.LeafImpl@1d985b00 (name: ifType) WITH ID IF-MIB:if-mib-node-container-interfaces-list-ifEntry-ifType
8274 [Test worker] INFO  x.yang.diagram.YangDiagramGenerator  - CREATED ELEMENT FOR statement:io.typefox.yang.yang.impl.LeafImpl@6dae789f (name: ifMtu) WITH ID IF-MIB:if-mib-node-container-interfaces-list-ifEntry-ifMtu
8274 [Test worker] INFO  x.yang.diagram.YangDiagramGenerator  - CREATED ELEMENT FOR statement:io.typefox.yang.yang.impl.LeafImpl@7f572f4f (name: ifSpeed) WITH ID IF-MIB:if-mib-node-container-interfaces-list-ifEntry-ifSpeed
8274 [Test worker] INFO  x.yang.diagram.YangDiagramGenerator  - CREATED ELEMENT FOR statement:io.typefox.yang.yang.impl.LeafImpl@40b45252 (name: ifPhysAddress) WITH ID IF-MIB:if-mib-node-container-interfaces-list-ifEntry-ifPhysAddress
8274 [Test worker] INFO  x.yang.diagram.YangDiagramGenerator  - CREATED ELEMENT FOR statement:io.typefox.yang.yang.impl.LeafImpl@1f2b511f (name: ifAdminStatus) WITH ID IF-MIB:if-mib-node-container-interfaces-list-ifEntry-ifAdminStatus
8274 [Test worker] INFO  x.yang.diagram.YangDiagramGenerator  - CREATED ELEMENT FOR statement:io.typefox.yang.yang.impl.LeafImpl@15fb8e5 (name: ifOperStatus) WITH ID IF-MIB:if-mib-node-container-interfaces-list-ifEntry-ifOperStatus
8274 [Test worker] INFO  x.yang.diagram.YangDiagramGenerator  - CREATED ELEMENT FOR statement:io.typefox.yang.yang.impl.LeafImpl@47b4c2d6 (name: ifLastChange) WITH ID IF-MIB:if-mib-node-container-interfaces-list-ifEntry-ifLastChange
8274 [Test worker] INFO  x.yang.diagram.YangDiagramGenerator  - CREATED ELEMENT FOR statement:io.typefox.yang.yang.impl.LeafImpl@25f03eb0 (name: ifInOctets) WITH ID IF-MIB:if-mib-node-container-interfaces-list-ifEntry-ifInOctets
8274 [Test worker] INFO  x.yang.diagram.YangDiagramGenerator  - CREATED ELEMENT FOR statement:io.typefox.yang.yang.impl.LeafImpl@601620b8 (name: ifInUcastPkts) WITH ID IF-MIB:if-mib-node-container-interfaces-list-ifEntry-ifInUcastPkts
8275 [Test worker] INFO  x.yang.diagram.YangDiagramGenerator  - CREATED ELEMENT FOR statement:io.typefox.yang.yang.impl.LeafImpl@1c7234cf (name: ifInNUcastPkts) WITH ID IF-MIB:if-mib-node-container-interfaces-list-ifEntry-ifInNUcastPkts
8275 [Test worker] INFO  x.yang.diagram.YangDiagramGenerator  - CREATED ELEMENT FOR statement:io.typefox.yang.yang.impl.LeafImpl@7db1e7e5 (name: ifInDiscards) WITH ID IF-MIB:if-mib-node-container-interfaces-list-ifEntry-ifInDiscards
8275 [Test worker] INFO  x.yang.diagram.YangDiagramGenerator  - CREATED ELEMENT FOR statement:io.typefox.yang.yang.impl.LeafImpl@5990535d (name: ifInErrors) WITH ID IF-MIB:if-mib-node-container-interfaces-list-ifEntry-ifInErrors
8275 [Test worker] INFO  x.yang.diagram.YangDiagramGenerator  - CREATED ELEMENT FOR statement:io.typefox.yang.yang.impl.LeafImpl@8d2ab37 (name: ifInUnknownProtos) WITH ID IF-MIB:if-mib-node-container-interfaces-list-ifEntry-ifInUnknownProtos
8275 [Test worker] INFO  x.yang.diagram.YangDiagramGenerator  - CREATED ELEMENT FOR statement:io.typefox.yang.yang.impl.LeafImpl@58b32ae (name: ifOutOctets) WITH ID IF-MIB:if-mib-node-container-interfaces-list-ifEntry-ifOutOctets
8275 [Test worker] INFO  x.yang.diagram.YangDiagramGenerator  - CREATED ELEMENT FOR statement:io.typefox.yang.yang.impl.LeafImpl@77f76335 (name: ifOutUcastPkts) WITH ID IF-MIB:if-mib-node-container-interfaces-list-ifEntry-ifOutUcastPkts
8275 [Test worker] INFO  x.yang.diagram.YangDiagramGenerator  - CREATED ELEMENT FOR statement:io.typefox.yang.yang.impl.LeafImpl@2c26dc2d (name: ifOutNUcastPkts) WITH ID IF-MIB:if-mib-node-container-interfaces-list-ifEntry-ifOutNUcastPkts
8275 [Test worker] INFO  x.yang.diagram.YangDiagramGenerator  - CREATED ELEMENT FOR statement:io.typefox.yang.yang.impl.LeafImpl@3130518d (name: ifOutDiscards) WITH ID IF-MIB:if-mib-node-container-interfaces-list-ifEntry-ifOutDiscards
8275 [Test worker] INFO  x.yang.diagram.YangDiagramGenerator  - CREATED ELEMENT FOR statement:io.typefox.yang.yang.impl.LeafImpl@6df20b47 (name: ifOutErrors) WITH ID IF-MIB:if-mib-node-container-interfaces-list-ifEntry-ifOutErrors
8275 [Test worker] INFO  x.yang.diagram.YangDiagramGenerator  - CREATED ELEMENT FOR statement:io.typefox.yang.yang.impl.LeafImpl@21d03307 (name: ifOutQLen) WITH ID IF-MIB:if-mib-node-container-interfaces-list-ifEntry-ifOutQLen
8275 [Test worker] INFO  x.yang.diagram.YangDiagramGenerator  - CREATED ELEMENT FOR statement:io.typefox.yang.yang.impl.LeafImpl@3b8d44a4 (name: ifSpecific) WITH ID IF-MIB:if-mib-node-container-interfaces-list-ifEntry-ifSpecific
8275 [Test worker] INFO  x.yang.diagram.YangDiagramGenerator  - CREATED ELEMENT FOR statement:io.typefox.yang.yang.impl.ListImpl@882d661 (name: ifEntry) WITH ID IF-MIB:if-mib-node-container-interfaces-list-ifEntry
8275 [Test worker] INFO  x.yang.diagram.YangDiagramGenerator  - CREATED ELEMENT FOR statement:io.typefox.yang.yang.impl.ContainerImpl@75574c05 (name: interfaces) WITH ID IF-MIB:if-mib-node-container-interfaces
8275 [Test worker] INFO  x.yang.diagram.YangDiagramGenerator  - CREATED ELEMENT FOR statement:io.typefox.yang.yang.impl.LeafImpl@55bf01a3 (name: ifTableLastChange) WITH ID IF-MIB:if-mib-node-container-ifMIBObjects-ifTableLastChange
8275 [Test worker] INFO  x.yang.diagram.YangDiagramGenerator  - CREATED ELEMENT FOR statement:io.typefox.yang.yang.impl.LeafImpl@4c6d7d4 (name: ifStackLastChange) WITH ID IF-MIB:if-mib-node-container-ifMIBObjects-ifStackLastChange
8275 [Test worker] INFO  x.yang.diagram.YangDiagramGenerator  - CREATED ELEMENT FOR statement:io.typefox.yang.yang.impl.LeafImpl@1ae938f3 (name: ifStackHigherLayer) WITH ID IF-MIB:if-mib-node-container-ifMIBObjects-list-ifStackEntry-ifStackHigherLayer
8275 [Test worker] INFO  x.yang.diagram.YangDiagramGenerator  - CREATED ELEMENT FOR statement:io.typefox.yang.yang.impl.LeafImpl@551168cf (name: ifStackLowerLayer) WITH ID IF-MIB:if-mib-node-container-ifMIBObjects-list-ifStackEntry-ifStackLowerLayer
8275 [Test worker] INFO  x.yang.diagram.YangDiagramGenerator  - CREATED ELEMENT FOR statement:io.typefox.yang.yang.impl.LeafImpl@788ed9d7 (name: ifStackStatus) WITH ID IF-MIB:if-mib-node-container-ifMIBObjects-list-ifStackEntry-ifStackStatus
8275 [Test worker] INFO  x.yang.diagram.YangDiagramGenerator  - CREATED ELEMENT FOR statement:io.typefox.yang.yang.impl.ListImpl@4ac4c965 (name: ifStackEntry) WITH ID IF-MIB:if-mib-node-container-ifMIBObjects-list-ifStackEntry
8276 [Test worker] INFO  x.yang.diagram.YangDiagramGenerator  - CREATED ELEMENT FOR statement:io.typefox.yang.yang.impl.LeafImpl@19b95e6e (name: ifIndex) WITH ID IF-MIB:if-mib-node-container-ifMIBObjects-list-ifRcvAddressEntry-ifIndex
8276 [Test worker] INFO  x.yang.diagram.YangDiagramGenerator  - CREATED ELEMENT FOR statement:io.typefox.yang.yang.impl.LeafImpl@47b00a86 (name: ifRcvAddressAddress) WITH ID IF-MIB:if-mib-node-container-ifMIBObjects-list-ifRcvAddressEntry-ifRcvAddressAddress
8276 [Test worker] INFO  x.yang.diagram.YangDiagramGenerator  - CREATED ELEMENT FOR statement:io.typefox.yang.yang.impl.LeafImpl@497e33c6 (name: ifRcvAddressStatus) WITH ID IF-MIB:if-mib-node-container-ifMIBObjects-list-ifRcvAddressEntry-ifRcvAddressStatus
8276 [Test worker] INFO  x.yang.diagram.YangDiagramGenerator  - CREATED ELEMENT FOR statement:io.typefox.yang.yang.impl.LeafImpl@251d546d (name: ifRcvAddressType) WITH ID IF-MIB:if-mib-node-container-ifMIBObjects-list-ifRcvAddressEntry-ifRcvAddressType
8276 [Test worker] INFO  x.yang.diagram.YangDiagramGenerator  - CREATED ELEMENT FOR statement:io.typefox.yang.yang.impl.ListImpl@7604248e (name: ifRcvAddressEntry) WITH ID IF-MIB:if-mib-node-container-ifMIBObjects-list-ifRcvAddressEntry
8276 [Test worker] INFO  x.yang.diagram.YangDiagramGenerator  - CREATED ELEMENT FOR statement:io.typefox.yang.yang.impl.ContainerImpl@31a7e4f2 (name: ifMIBObjects) WITH ID IF-MIB:if-mib-node-container-ifMIBObjects
8276 [Test worker] INFO  x.yang.diagram.YangDiagramGenerator  - CREATED ELEMENT FOR statement:io.typefox.yang.yang.impl.LeafImpl@9ff1103 (name: ifName) WITH ID IF-MIB:if-mib-node-/if-mib:interfaces/if-mib:ifEntry-augmentation-ifName
8276 [Test worker] INFO  x.yang.diagram.YangDiagramGenerator  - CREATED ELEMENT FOR statement:io.typefox.yang.yang.impl.LeafImpl@460e926d (name: ifInMulticastPkts) WITH ID IF-MIB:if-mib-node-/if-mib:interfaces/if-mib:ifEntry-augmentation-ifInMulticastPkts
8276 [Test worker] INFO  x.yang.diagram.YangDiagramGenerator  - CREATED ELEMENT FOR statement:io.typefox.yang.yang.impl.LeafImpl@11f9ee76 (name: ifInBroadcastPkts) WITH ID IF-MIB:if-mib-node-/if-mib:interfaces/if-mib:ifEntry-augmentation-ifInBroadcastPkts
8276 [Test worker] INFO  x.yang.diagram.YangDiagramGenerator  - CREATED ELEMENT FOR statement:io.typefox.yang.yang.impl.LeafImpl@1ff708cf (name: ifOutMulticastPkts) WITH ID IF-MIB:if-mib-node-/if-mib:interfaces/if-mib:ifEntry-augmentation-ifOutMulticastPkts
8276 [Test worker] INFO  x.yang.diagram.YangDiagramGenerator  - CREATED ELEMENT FOR statement:io.typefox.yang.yang.impl.LeafImpl@6e71753b (name: ifOutBroadcastPkts) WITH ID IF-MIB:if-mib-node-/if-mib:interfaces/if-mib:ifEntry-augmentation-ifOutBroadcastPkts
8276 [Test worker] INFO  x.yang.diagram.YangDiagramGenerator  - CREATED ELEMENT FOR statement:io.typefox.yang.yang.impl.LeafImpl@5cde0f62 (name: ifHCInOctets) WITH ID IF-MIB:if-mib-node-/if-mib:interfaces/if-mib:ifEntry-augmentation-ifHCInOctets
8276 [Test worker] INFO  x.yang.diagram.YangDiagramGenerator  - CREATED ELEMENT FOR statement:io.typefox.yang.yang.impl.LeafImpl@20ac0d1 (name: ifHCInUcastPkts) WITH ID IF-MIB:if-mib-node-/if-mib:interfaces/if-mib:ifEntry-augmentation-ifHCInUcastPkts
8276 [Test worker] INFO  x.yang.diagram.YangDiagramGenerator  - CREATED ELEMENT FOR statement:io.typefox.yang.yang.impl.LeafImpl@251c112f (name: ifHCInMulticastPkts) WITH ID IF-MIB:if-mib-node-/if-mib:interfaces/if-mib:ifEntry-augmentation-ifHCInMulticastPkts
8276 [Test worker] INFO  x.yang.diagram.YangDiagramGenerator  - CREATED ELEMENT FOR statement:io.typefox.yang.yang.impl.LeafImpl@40a1601a (name: ifHCInBroadcastPkts) WITH ID IF-MIB:if-mib-node-/if-mib:interfaces/if-mib:ifEntry-augmentation-ifHCInBroadcastPkts
8276 [Test worker] INFO  x.yang.diagram.YangDiagramGenerator  - CREATED ELEMENT FOR statement:io.typefox.yang.yang.impl.LeafImpl@6c28d273 (name: ifHCOutOctets) WITH ID IF-MIB:if-mib-node-/if-mib:interfaces/if-mib:ifEntry-augmentation-ifHCOutOctets
8276 [Test worker] INFO  x.yang.diagram.YangDiagramGenerator  - CREATED ELEMENT FOR statement:io.typefox.yang.yang.impl.LeafImpl@38f09b6f (name: ifHCOutUcastPkts) WITH ID IF-MIB:if-mib-node-/if-mib:interfaces/if-mib:ifEntry-augmentation-ifHCOutUcastPkts
8276 [Test worker] INFO  x.yang.diagram.YangDiagramGenerator  - CREATED ELEMENT FOR statement:io.typefox.yang.yang.impl.LeafImpl@7da07037 (name: ifHCOutMulticastPkts) WITH ID IF-MIB:if-mib-node-/if-mib:interfaces/if-mib:ifEntry-augmentation-ifHCOutMulticastPkts
8277 [Test worker] INFO  x.yang.diagram.YangDiagramGenerator  - CREATED ELEMENT FOR statement:io.typefox.yang.yang.impl.LeafImpl@364a6e29 (name: ifHCOutBroadcastPkts) WITH ID IF-MIB:if-mib-node-/if-mib:interfaces/if-mib:ifEntry-augmentation-ifHCOutBroadcastPkts
8277 [Test worker] INFO  x.yang.diagram.YangDiagramGenerator  - CREATED ELEMENT FOR statement:io.typefox.yang.yang.impl.LeafImpl@1cdb99d9 (name: ifLinkUpDownTrapEnable) WITH ID IF-MIB:if-mib-node-/if-mib:interfaces/if-mib:ifEntry-augmentation-ifLinkUpDownTrapEnable
8277 [Test worker] INFO  x.yang.diagram.YangDiagramGenerator  - CREATED ELEMENT FOR statement:io.typefox.yang.yang.impl.LeafImpl@20cc52ce (name: ifHighSpeed) WITH ID IF-MIB:if-mib-node-/if-mib:interfaces/if-mib:ifEntry-augmentation-ifHighSpeed
8277 [Test worker] INFO  x.yang.diagram.YangDiagramGenerator  - CREATED ELEMENT FOR statement:io.typefox.yang.yang.impl.LeafImpl@5e93bf28 (name: ifPromiscuousMode) WITH ID IF-MIB:if-mib-node-/if-mib:interfaces/if-mib:ifEntry-augmentation-ifPromiscuousMode
8277 [Test worker] INFO  x.yang.diagram.YangDiagramGenerator  - CREATED ELEMENT FOR statement:io.typefox.yang.yang.impl.LeafImpl@3bcda9f5 (name: ifConnectorPresent) WITH ID IF-MIB:if-mib-node-/if-mib:interfaces/if-mib:ifEntry-augmentation-ifConnectorPresent
8277 [Test worker] INFO  x.yang.diagram.YangDiagramGenerator  - CREATED ELEMENT FOR statement:io.typefox.yang.yang.impl.LeafImpl@7b18ea04 (name: ifAlias) WITH ID IF-MIB:if-mib-node-/if-mib:interfaces/if-mib:ifEntry-augmentation-ifAlias
8277 [Test worker] INFO  x.yang.diagram.YangDiagramGenerator  - CREATED ELEMENT FOR statement:io.typefox.yang.yang.impl.LeafImpl@39008d8b (name: ifCounterDiscontinuityTime) WITH ID IF-MIB:if-mib-node-/if-mib:interfaces/if-mib:ifEntry-augmentation-ifCounterDiscontinuityTime
8277 [Test worker] INFO  x.yang.diagram.YangDiagramGenerator  - CREATED ELEMENT FOR statement:io.typefox.yang.yang.impl.AugmentImpl@7aa90f7c WITH ID IF-MIB:if-mib-node-/if-mib:interfaces/if-mib:ifEntry-augmentation
8278 [Test worker] INFO  x.yang.diagram.YangDiagramGenerator  - CREATED ELEMENT FOR statement:io.typefox.yang.yang.impl.LeafImpl@1009049c (name: ifTestId) WITH ID IF-MIB:if-mib-node-/if-mib:interfaces/if-mib:ifEntry-augmentation-ifTestId
8278 [Test worker] INFO  x.yang.diagram.YangDiagramGenerator  - CREATED ELEMENT FOR statement:io.typefox.yang.yang.impl.LeafImpl@2dd8bfc3 (name: ifTestStatus) WITH ID IF-MIB:if-mib-node-/if-mib:interfaces/if-mib:ifEntry-augmentation-ifTestStatus
8278 [Test worker] INFO  x.yang.diagram.YangDiagramGenerator  - CREATED ELEMENT FOR statement:io.typefox.yang.yang.impl.LeafImpl@1f3897eb (name: ifTestType) WITH ID IF-MIB:if-mib-node-/if-mib:interfaces/if-mib:ifEntry-augmentation-ifTestType
8278 [Test worker] INFO  x.yang.diagram.YangDiagramGenerator  - CREATED ELEMENT FOR statement:io.typefox.yang.yang.impl.LeafImpl@5f9b8cba (name: ifTestResult) WITH ID IF-MIB:if-mib-node-/if-mib:interfaces/if-mib:ifEntry-augmentation-ifTestResult
8278 [Test worker] INFO  x.yang.diagram.YangDiagramGenerator  - CREATED ELEMENT FOR statement:io.typefox.yang.yang.impl.LeafImpl@7ee4e31 (name: ifTestCode) WITH ID IF-MIB:if-mib-node-/if-mib:interfaces/if-mib:ifEntry-augmentation-ifTestCode
8278 [Test worker] INFO  x.yang.diagram.YangDiagramGenerator  - CREATED ELEMENT FOR statement:io.typefox.yang.yang.impl.LeafImpl@6fa0cfa8 (name: ifTestOwner) WITH ID IF-MIB:if-mib-node-/if-mib:interfaces/if-mib:ifEntry-augmentation-ifTestOwner
8278 [Test worker] INFO  x.yang.diagram.YangDiagramGenerator  - CREATED ELEMENT FOR statement:io.typefox.yang.yang.impl.LeafImpl@347c8a78 (name: ifIndex) WITH ID IF-MIB:if-mib-node-notification-linkDown-container-linkDown-ifIndex-ifIndex
8278 [Test worker] INFO  x.yang.diagram.YangDiagramGenerator  - CREATED ELEMENT FOR statement:io.typefox.yang.yang.impl.ContainerImpl@37012e11 (name: linkDown-ifIndex) WITH ID IF-MIB:if-mib-node-notification-linkDown-container-linkDown-ifIndex
8278 [Test worker] INFO  x.yang.diagram.YangDiagramGenerator  - CREATED ELEMENT FOR statement:io.typefox.yang.yang.impl.LeafImpl@42eb6106 (name: ifIndex) WITH ID IF-MIB:if-mib-node-notification-linkDown-container-linkDown-ifAdminStatus-ifIndex
8278 [Test worker] INFO  x.yang.diagram.YangDiagramGenerator  - CREATED ELEMENT FOR statement:io.typefox.yang.yang.impl.LeafImpl@2b5f2b7c (name: ifAdminStatus) WITH ID IF-MIB:if-mib-node-notification-linkDown-container-linkDown-ifAdminStatus-ifAdminStatus
8279 [Test worker] INFO  x.yang.diagram.YangDiagramGenerator  - CREATED ELEMENT FOR statement:io.typefox.yang.yang.impl.ContainerImpl@7ba05b25 (name: linkDown-ifAdminStatus) WITH ID IF-MIB:if-mib-node-notification-linkDown-container-linkDown-ifAdminStatus
8279 [Test worker] INFO  x.yang.diagram.YangDiagramGenerator  - CREATED ELEMENT FOR statement:io.typefox.yang.yang.impl.LeafImpl@456f83e6 (name: ifIndex) WITH ID IF-MIB:if-mib-node-notification-linkDown-container-linkDown-ifOperStatus-ifIndex
8279 [Test worker] INFO  x.yang.diagram.YangDiagramGenerator  - CREATED ELEMENT FOR statement:io.typefox.yang.yang.impl.LeafImpl@5c15291c (name: ifOperStatus) WITH ID IF-MIB:if-mib-node-notification-linkDown-container-linkDown-ifOperStatus-ifOperStatus
8279 [Test worker] INFO  x.yang.diagram.YangDiagramGenerator  - CREATED ELEMENT FOR statement:io.typefox.yang.yang.impl.ContainerImpl@e43ed29 (name: linkDown-ifOperStatus) WITH ID IF-MIB:if-mib-node-notification-linkDown-container-linkDown-ifOperStatus
8279 [Test worker] INFO  x.yang.diagram.YangDiagramGenerator  - CREATED ELEMENT FOR statement:io.typefox.yang.yang.impl.NotificationImpl@7743e6b7 (name: linkDown) WITH ID IF-MIB:if-mib-node-notification-linkDown
8279 [Test worker] INFO  x.yang.diagram.YangDiagramGenerator  - CREATED ELEMENT FOR statement:io.typefox.yang.yang.impl.LeafImpl@4e8a2b0a (name: ifIndex) WITH ID IF-MIB:if-mib-node-notification-linkUp-container-linkUp-ifIndex-ifIndex
8279 [Test worker] INFO  x.yang.diagram.YangDiagramGenerator  - CREATED ELEMENT FOR statement:io.typefox.yang.yang.impl.ContainerImpl@3b22a60e (name: linkUp-ifIndex) WITH ID IF-MIB:if-mib-node-notification-linkUp-container-linkUp-ifIndex
8279 [Test worker] INFO  x.yang.diagram.YangDiagramGenerator  - CREATED ELEMENT FOR statement:io.typefox.yang.yang.impl.LeafImpl@2a192ee6 (name: ifIndex) WITH ID IF-MIB:if-mib-node-notification-linkUp-container-linkUp-ifAdminStatus-ifIndex
8279 [Test worker] INFO  x.yang.diagram.YangDiagramGenerator  - CREATED ELEMENT FOR statement:io.typefox.yang.yang.impl.LeafImpl@4207034c (name: ifAdminStatus) WITH ID IF-MIB:if-mib-node-notification-linkUp-container-linkUp-ifAdminStatus-ifAdminStatus
8279 [Test worker] INFO  x.yang.diagram.YangDiagramGenerator  - CREATED ELEMENT FOR statement:io.typefox.yang.yang.impl.ContainerImpl@5d4aa27d (name: linkUp-ifAdminStatus) WITH ID IF-MIB:if-mib-node-notification-linkUp-container-linkUp-ifAdminStatus
8279 [Test worker] INFO  x.yang.diagram.YangDiagramGenerator  - CREATED ELEMENT FOR statement:io.typefox.yang.yang.impl.LeafImpl@73767d0c (name: ifIndex) WITH ID IF-MIB:if-mib-node-notification-linkUp-container-linkUp-ifOperStatus-ifIndex
8279 [Test worker] INFO  x.yang.diagram.YangDiagramGenerator  - CREATED ELEMENT FOR statement:io.typefox.yang.yang.impl.LeafImpl@10fb139a (name: ifOperStatus) WITH ID IF-MIB:if-mib-node-notification-linkUp-container-linkUp-ifOperStatus-ifOperStatus
8279 [Test worker] INFO  x.yang.diagram.YangDiagramGenerator  - CREATED ELEMENT FOR statement:io.typefox.yang.yang.impl.ContainerImpl@6a9c6faa (name: linkUp-ifOperStatus) WITH ID IF-MIB:if-mib-node-notification-linkUp-container-linkUp-ifOperStatus
8279 [Test worker] INFO  x.yang.diagram.YangDiagramGenerator  - CREATED ELEMENT FOR statement:io.typefox.yang.yang.impl.NotificationImpl@624d71ce (name: linkUp) WITH ID IF-MIB:if-mib-node-notification-linkUp
8279 [Test worker] INFO  x.yang.diagram.YangDiagramGenerator  - CREATED ELEMENT FOR statement:io.typefox.yang.yang.impl.ModuleImpl@2293ee96 (name: IF-MIB) WITH ID IF-MIB:if-mib
8285 [Test worker] INFO  x.yang.diagram.YangDiagramGenerator  - Generating diagram for input: 'SNMPv2-TM.yang'
8285 [Test worker] INFO  x.yang.diagram.YangDiagramGenerator  - CREATED ELEMENT FOR statement:io.typefox.yang.yang.impl.TypedefImpl@3acf6231 (name: SnmpUDPAddress) WITH ID SNMPv2-TM:snmpv2-tm-node-typedef-SnmpUDPAddress
8286 [Test worker] INFO  x.yang.diagram.YangDiagramGenerator  - CREATED ELEMENT FOR statement:io.typefox.yang.yang.impl.TypedefImpl@21a48245 (name: SnmpOSIAddress) WITH ID SNMPv2-TM:snmpv2-tm-node-typedef-SnmpOSIAddress
8286 [Test worker] INFO  x.yang.diagram.YangDiagramGenerator  - CREATED ELEMENT FOR statement:io.typefox.yang.yang.impl.TypedefImpl@36111dcf (name: SnmpNBPAddress) WITH ID SNMPv2-TM:snmpv2-tm-node-typedef-SnmpNBPAddress
8286 [Test worker] INFO  x.yang.diagram.YangDiagramGenerator  - CREATED ELEMENT FOR statement:io.typefox.yang.yang.impl.TypedefImpl@49f539af (name: SnmpIPXAddress) WITH ID SNMPv2-TM:snmpv2-tm-node-typedef-SnmpIPXAddress
8286 [Test worker] INFO  x.yang.diagram.YangDiagramGenerator  - CREATED ELEMENT FOR statement:io.typefox.yang.yang.impl.ModuleImpl@86a044a (name: SNMPv2-TM) WITH ID SNMPv2-TM:snmpv2-tm
8329 [Test worker] INFO  x.yang.diagram.YangDiagramGenerator  - Generating diagram for input: 'DISMAN-SCRIPT-MIB.yang'
8329 [Test worker] INFO  x.yang.diagram.YangDiagramGenerator  - CREATED ELEMENT FOR statement:io.typefox.yang.yang.impl.LeafImpl@4eab22bf (name: smLangIndex) WITH ID DISMAN-SCRIPT-MIB:disman-script-node-container-smObjects-list-smLangEntry-smLangIndex
8329 [Test worker] INFO  x.yang.diagram.YangDiagramGenerator  - CREATED ELEMENT FOR statement:io.typefox.yang.yang.impl.LeafImpl@2bc03085 (name: smLangLanguage) WITH ID DISMAN-SCRIPT-MIB:disman-script-node-container-smObjects-list-smLangEntry-smLangLanguage
8329 [Test worker] INFO  x.yang.diagram.YangDiagramGenerator  - CREATED ELEMENT FOR statement:io.typefox.yang.yang.impl.LeafImpl@898de23 (name: smLangVersion) WITH ID DISMAN-SCRIPT-MIB:disman-script-node-container-smObjects-list-smLangEntry-smLangVersion
8330 [Test worker] INFO  x.yang.diagram.YangDiagramGenerator  - CREATED ELEMENT FOR statement:io.typefox.yang.yang.impl.LeafImpl@2e8136f4 (name: smLangVendor) WITH ID DISMAN-SCRIPT-MIB:disman-script-node-container-smObjects-list-smLangEntry-smLangVendor
8330 [Test worker] INFO  x.yang.diagram.YangDiagramGenerator  - CREATED ELEMENT FOR statement:io.typefox.yang.yang.impl.LeafImpl@39285741 (name: smLangRevision) WITH ID DISMAN-SCRIPT-MIB:disman-script-node-container-smObjects-list-smLangEntry-smLangRevision
8330 [Test worker] INFO  x.yang.diagram.YangDiagramGenerator  - CREATED ELEMENT FOR statement:io.typefox.yang.yang.impl.LeafImpl@13c60cf9 (name: smLangDescr) WITH ID DISMAN-SCRIPT-MIB:disman-script-node-container-smObjects-list-smLangEntry-smLangDescr
8330 [Test worker] INFO  x.yang.diagram.YangDiagramGenerator  - CREATED ELEMENT FOR statement:io.typefox.yang.yang.impl.ListImpl@5d61b164 (name: smLangEntry) WITH ID DISMAN-SCRIPT-MIB:disman-script-node-container-smObjects-list-smLangEntry
8330 [Test worker] INFO  x.yang.diagram.YangDiagramGenerator  - CREATED ELEMENT FOR statement:io.typefox.yang.yang.impl.LeafImpl@7a701aaa (name: smLangIndex) WITH ID DISMAN-SCRIPT-MIB:disman-script-node-container-smObjects-list-smExtsnEntry-smLangIndex
8330 [Test worker] INFO  x.yang.diagram.YangDiagramGenerator  - CREATED ELEMENT FOR statement:io.typefox.yang.yang.impl.LeafImpl@199d8fa (name: smExtsnIndex) WITH ID DISMAN-SCRIPT-MIB:disman-script-node-container-smObjects-list-smExtsnEntry-smExtsnIndex
8330 [Test worker] INFO  x.yang.diagram.YangDiagramGenerator  - CREATED ELEMENT FOR statement:io.typefox.yang.yang.impl.LeafImpl@229bbdf4 (name: smExtsnExtension) WITH ID DISMAN-SCRIPT-MIB:disman-script-node-container-smObjects-list-smExtsnEntry-smExtsnExtension
8330 [Test worker] INFO  x.yang.diagram.YangDiagramGenerator  - CREATED ELEMENT FOR statement:io.typefox.yang.yang.impl.LeafImpl@7221d252 (name: smExtsnVersion) WITH ID DISMAN-SCRIPT-MIB:disman-script-node-container-smObjects-list-smExtsnEntry-smExtsnVersion
8330 [Test worker] INFO  x.yang.diagram.YangDiagramGenerator  - CREATED ELEMENT FOR statement:io.typefox.yang.yang.impl.LeafImpl@87e23f6 (name: smExtsnVendor) WITH ID DISMAN-SCRIPT-MIB:disman-script-node-container-smObjects-list-smExtsnEntry-smExtsnVendor
8330 [Test worker] INFO  x.yang.diagram.YangDiagramGenerator  - CREATED ELEMENT FOR statement:io.typefox.yang.yang.impl.LeafImpl@47ef740b (name: smExtsnRevision) WITH ID DISMAN-SCRIPT-MIB:disman-script-node-container-smObjects-list-smExtsnEntry-smExtsnRevision
8330 [Test worker] INFO  x.yang.diagram.YangDiagramGenerator  - CREATED ELEMENT FOR statement:io.typefox.yang.yang.impl.LeafImpl@38e4051f (name: smExtsnDescr) WITH ID DISMAN-SCRIPT-MIB:disman-script-node-container-smObjects-list-smExtsnEntry-smExtsnDescr
8330 [Test worker] INFO  x.yang.diagram.YangDiagramGenerator  - CREATED ELEMENT FOR statement:io.typefox.yang.yang.impl.ListImpl@44abe313 (name: smExtsnEntry) WITH ID DISMAN-SCRIPT-MIB:disman-script-node-container-smObjects-list-smExtsnEntry
8330 [Test worker] INFO  x.yang.diagram.YangDiagramGenerator  - CREATED ELEMENT FOR statement:io.typefox.yang.yang.impl.ContainerImpl@3d3319e3 (name: smObjects) WITH ID DISMAN-SCRIPT-MIB:disman-script-node-container-smObjects
8330 [Test worker] INFO  x.yang.diagram.YangDiagramGenerator  - CREATED ELEMENT FOR statement:io.typefox.yang.yang.impl.LeafImpl@1c06d62 (name: smScriptOwner) WITH ID DISMAN-SCRIPT-MIB:disman-script-node-container-smScriptObjects-list-smScriptEntry-smScriptOwner
8330 [Test worker] INFO  x.yang.diagram.YangDiagramGenerator  - CREATED ELEMENT FOR statement:io.typefox.yang.yang.impl.LeafImpl@19945cb8 (name: smScriptName) WITH ID DISMAN-SCRIPT-MIB:disman-script-node-container-smScriptObjects-list-smScriptEntry-smScriptName
8331 [Test worker] INFO  x.yang.diagram.YangDiagramGenerator  - CREATED ELEMENT FOR statement:io.typefox.yang.yang.impl.LeafImpl@23c87e2 (name: smScriptDescr) WITH ID DISMAN-SCRIPT-MIB:disman-script-node-container-smScriptObjects-list-smScriptEntry-smScriptDescr
8331 [Test worker] INFO  x.yang.diagram.YangDiagramGenerator  - CREATED ELEMENT FOR statement:io.typefox.yang.yang.impl.LeafImpl@27e56a47 (name: smScriptLanguage) WITH ID DISMAN-SCRIPT-MIB:disman-script-node-container-smScriptObjects-list-smScriptEntry-smScriptLanguage
8331 [Test worker] INFO  x.yang.diagram.YangDiagramGenerator  - CREATED ELEMENT FOR statement:io.typefox.yang.yang.impl.LeafImpl@254ca8a4 (name: smScriptSource) WITH ID DISMAN-SCRIPT-MIB:disman-script-node-container-smScriptObjects-list-smScriptEntry-smScriptSource
8331 [Test worker] INFO  x.yang.diagram.YangDiagramGenerator  - CREATED ELEMENT FOR statement:io.typefox.yang.yang.impl.LeafImpl@1e065129 (name: smScriptAdminStatus) WITH ID DISMAN-SCRIPT-MIB:disman-script-node-container-smScriptObjects-list-smScriptEntry-smScriptAdminStatus
8331 [Test worker] INFO  x.yang.diagram.YangDiagramGenerator  - CREATED ELEMENT FOR statement:io.typefox.yang.yang.impl.LeafImpl@7863d69c (name: smScriptOperStatus) WITH ID DISMAN-SCRIPT-MIB:disman-script-node-container-smScriptObjects-list-smScriptEntry-smScriptOperStatus
8331 [Test worker] INFO  x.yang.diagram.YangDiagramGenerator  - CREATED ELEMENT FOR statement:io.typefox.yang.yang.impl.LeafImpl@74582c85 (name: smScriptStorageType) WITH ID DISMAN-SCRIPT-MIB:disman-script-node-container-smScriptObjects-list-smScriptEntry-smScriptStorageType
8331 [Test worker] INFO  x.yang.diagram.YangDiagramGenerator  - CREATED ELEMENT FOR statement:io.typefox.yang.yang.impl.LeafImpl@3491a322 (name: smScriptRowStatus) WITH ID DISMAN-SCRIPT-MIB:disman-script-node-container-smScriptObjects-list-smScriptEntry-smScriptRowStatus
8331 [Test worker] INFO  x.yang.diagram.YangDiagramGenerator  - CREATED ELEMENT FOR statement:io.typefox.yang.yang.impl.LeafImpl@18b22380 (name: smScriptError) WITH ID DISMAN-SCRIPT-MIB:disman-script-node-container-smScriptObjects-list-smScriptEntry-smScriptError
8331 [Test worker] INFO  x.yang.diagram.YangDiagramGenerator  - CREATED ELEMENT FOR statement:io.typefox.yang.yang.impl.LeafImpl@7e83c13c (name: smScriptLastChange) WITH ID DISMAN-SCRIPT-MIB:disman-script-node-container-smScriptObjects-list-smScriptEntry-smScriptLastChange
8331 [Test worker] INFO  x.yang.diagram.YangDiagramGenerator  - CREATED ELEMENT FOR statement:io.typefox.yang.yang.impl.ListImpl@4b0ae66d (name: smScriptEntry) WITH ID DISMAN-SCRIPT-MIB:disman-script-node-container-smScriptObjects-list-smScriptEntry
8331 [Test worker] INFO  x.yang.diagram.YangDiagramGenerator  - CREATED ELEMENT FOR statement:io.typefox.yang.yang.impl.LeafImpl@72bbd49d (name: smScriptOwner) WITH ID DISMAN-SCRIPT-MIB:disman-script-node-container-smScriptObjects-list-smCodeEntry-smScriptOwner
8331 [Test worker] INFO  x.yang.diagram.YangDiagramGenerator  - CREATED ELEMENT FOR statement:io.typefox.yang.yang.impl.LeafImpl@7b9c5769 (name: smScriptName) WITH ID DISMAN-SCRIPT-MIB:disman-script-node-container-smScriptObjects-list-smCodeEntry-smScriptName
8331 [Test worker] INFO  x.yang.diagram.YangDiagramGenerator  - CREATED ELEMENT FOR statement:io.typefox.yang.yang.impl.LeafImpl@1bf6e307 (name: smCodeIndex) WITH ID DISMAN-SCRIPT-MIB:disman-script-node-container-smScriptObjects-list-smCodeEntry-smCodeIndex
8331 [Test worker] INFO  x.yang.diagram.YangDiagramGenerator  - CREATED ELEMENT FOR statement:io.typefox.yang.yang.impl.LeafImpl@7d3579a (name: smCodeText) WITH ID DISMAN-SCRIPT-MIB:disman-script-node-container-smScriptObjects-list-smCodeEntry-smCodeText
8331 [Test worker] INFO  x.yang.diagram.YangDiagramGenerator  - CREATED ELEMENT FOR statement:io.typefox.yang.yang.impl.LeafImpl@2b6074c1 (name: smCodeRowStatus) WITH ID DISMAN-SCRIPT-MIB:disman-script-node-container-smScriptObjects-list-smCodeEntry-smCodeRowStatus
8332 [Test worker] INFO  x.yang.diagram.YangDiagramGenerator  - CREATED ELEMENT FOR statement:io.typefox.yang.yang.impl.ListImpl@325e59db (name: smCodeEntry) WITH ID DISMAN-SCRIPT-MIB:disman-script-node-container-smScriptObjects-list-smCodeEntry
8332 [Test worker] INFO  x.yang.diagram.YangDiagramGenerator  - CREATED ELEMENT FOR statement:io.typefox.yang.yang.impl.ContainerImpl@1e1c7a4c (name: smScriptObjects) WITH ID DISMAN-SCRIPT-MIB:disman-script-node-container-smScriptObjects
8332 [Test worker] INFO  x.yang.diagram.YangDiagramGenerator  - CREATED ELEMENT FOR statement:io.typefox.yang.yang.impl.LeafImpl@3ee9192 (name: smLaunchOwner) WITH ID DISMAN-SCRIPT-MIB:disman-script-node-container-smRunObjects-list-smLaunchEntry-smLaunchOwner
8332 [Test worker] INFO  x.yang.diagram.YangDiagramGenerator  - CREATED ELEMENT FOR statement:io.typefox.yang.yang.impl.LeafImpl@2b803b52 (name: smLaunchName) WITH ID DISMAN-SCRIPT-MIB:disman-script-node-container-smRunObjects-list-smLaunchEntry-smLaunchName
8332 [Test worker] INFO  x.yang.diagram.YangDiagramGenerator  - CREATED ELEMENT FOR statement:io.typefox.yang.yang.impl.LeafImpl@6b502f78 (name: smLaunchScriptOwner) WITH ID DISMAN-SCRIPT-MIB:disman-script-node-container-smRunObjects-list-smLaunchEntry-smLaunchScriptOwner
8332 [Test worker] INFO  x.yang.diagram.YangDiagramGenerator  - CREATED ELEMENT FOR statement:io.typefox.yang.yang.impl.LeafImpl@1663f644 (name: smLaunchScriptName) WITH ID DISMAN-SCRIPT-MIB:disman-script-node-container-smRunObjects-list-smLaunchEntry-smLaunchScriptName
8332 [Test worker] INFO  x.yang.diagram.YangDiagramGenerator  - CREATED ELEMENT FOR statement:io.typefox.yang.yang.impl.LeafImpl@61f6871b (name: smLaunchArgument) WITH ID DISMAN-SCRIPT-MIB:disman-script-node-container-smRunObjects-list-smLaunchEntry-smLaunchArgument
8332 [Test worker] INFO  x.yang.diagram.YangDiagramGenerator  - CREATED ELEMENT FOR statement:io.typefox.yang.yang.impl.LeafImpl@4b867adc (name: smLaunchMaxRunning) WITH ID DISMAN-SCRIPT-MIB:disman-script-node-container-smRunObjects-list-smLaunchEntry-smLaunchMaxRunning
8332 [Test worker] INFO  x.yang.diagram.YangDiagramGenerator  - CREATED ELEMENT FOR statement:io.typefox.yang.yang.impl.LeafImpl@2147b73b (name: smLaunchMaxCompleted) WITH ID DISMAN-SCRIPT-MIB:disman-script-node-container-smRunObjects-list-smLaunchEntry-smLaunchMaxCompleted
8332 [Test worker] INFO  x.yang.diagram.YangDiagramGenerator  - CREATED ELEMENT FOR statement:io.typefox.yang.yang.impl.LeafImpl@281fa481 (name: smLaunchLifeTime) WITH ID DISMAN-SCRIPT-MIB:disman-script-node-container-smRunObjects-list-smLaunchEntry-smLaunchLifeTime
8332 [Test worker] INFO  x.yang.diagram.YangDiagramGenerator  - CREATED ELEMENT FOR statement:io.typefox.yang.yang.impl.LeafImpl@7d0430c6 (name: smLaunchExpireTime) WITH ID DISMAN-SCRIPT-MIB:disman-script-node-container-smRunObjects-list-smLaunchEntry-smLaunchExpireTime
8332 [Test worker] INFO  x.yang.diagram.YangDiagramGenerator  - CREATED ELEMENT FOR statement:io.typefox.yang.yang.impl.LeafImpl@52ce520 (name: smLaunchStart) WITH ID DISMAN-SCRIPT-MIB:disman-script-node-container-smRunObjects-list-smLaunchEntry-smLaunchStart
8332 [Test worker] INFO  x.yang.diagram.YangDiagramGenerator  - CREATED ELEMENT FOR statement:io.typefox.yang.yang.impl.LeafImpl@194e64d1 (name: smLaunchControl) WITH ID DISMAN-SCRIPT-MIB:disman-script-node-container-smRunObjects-list-smLaunchEntry-smLaunchControl
8333 [Test worker] INFO  x.yang.diagram.YangDiagramGenerator  - CREATED ELEMENT FOR statement:io.typefox.yang.yang.impl.LeafImpl@4ca0f0d5 (name: smLaunchAdminStatus) WITH ID DISMAN-SCRIPT-MIB:disman-script-node-container-smRunObjects-list-smLaunchEntry-smLaunchAdminStatus
8333 [Test worker] INFO  x.yang.diagram.YangDiagramGenerator  - CREATED ELEMENT FOR statement:io.typefox.yang.yang.impl.LeafImpl@10fe6b87 (name: smLaunchOperStatus) WITH ID DISMAN-SCRIPT-MIB:disman-script-node-container-smRunObjects-list-smLaunchEntry-smLaunchOperStatus
8333 [Test worker] INFO  x.yang.diagram.YangDiagramGenerator  - CREATED ELEMENT FOR statement:io.typefox.yang.yang.impl.LeafImpl@7219895d (name: smLaunchRunIndexNext) WITH ID DISMAN-SCRIPT-MIB:disman-script-node-container-smRunObjects-list-smLaunchEntry-smLaunchRunIndexNext
8333 [Test worker] INFO  x.yang.diagram.YangDiagramGenerator  - CREATED ELEMENT FOR statement:io.typefox.yang.yang.impl.LeafImpl@181b1323 (name: smLaunchStorageType) WITH ID DISMAN-SCRIPT-MIB:disman-script-node-container-smRunObjects-list-smLaunchEntry-smLaunchStorageType
8334 [Test worker] INFO  x.yang.diagram.YangDiagramGenerator  - CREATED ELEMENT FOR statement:io.typefox.yang.yang.impl.LeafImpl@53f67ead (name: smLaunchRowStatus) WITH ID DISMAN-SCRIPT-MIB:disman-script-node-container-smRunObjects-list-smLaunchEntry-smLaunchRowStatus
8334 [Test worker] INFO  x.yang.diagram.YangDiagramGenerator  - CREATED ELEMENT FOR statement:io.typefox.yang.yang.impl.LeafImpl@30b78507 (name: smLaunchError) WITH ID DISMAN-SCRIPT-MIB:disman-script-node-container-smRunObjects-list-smLaunchEntry-smLaunchError
8334 [Test worker] INFO  x.yang.diagram.YangDiagramGenerator  - CREATED ELEMENT FOR statement:io.typefox.yang.yang.impl.LeafImpl@edaa12d (name: smLaunchLastChange) WITH ID DISMAN-SCRIPT-MIB:disman-script-node-container-smRunObjects-list-smLaunchEntry-smLaunchLastChange
8334 [Test worker] INFO  x.yang.diagram.YangDiagramGenerator  - CREATED ELEMENT FOR statement:io.typefox.yang.yang.impl.LeafImpl@4e1839de (name: smLaunchRowExpireTime) WITH ID DISMAN-SCRIPT-MIB:disman-script-node-container-smRunObjects-list-smLaunchEntry-smLaunchRowExpireTime
8334 [Test worker] INFO  x.yang.diagram.YangDiagramGenerator  - CREATED ELEMENT FOR statement:io.typefox.yang.yang.impl.ListImpl@2efb35a6 (name: smLaunchEntry) WITH ID DISMAN-SCRIPT-MIB:disman-script-node-container-smRunObjects-list-smLaunchEntry
8334 [Test worker] INFO  x.yang.diagram.YangDiagramGenerator  - CREATED ELEMENT FOR statement:io.typefox.yang.yang.impl.LeafImpl@226812c3 (name: smLaunchOwner) WITH ID DISMAN-SCRIPT-MIB:disman-script-node-container-smRunObjects-list-smRunEntry-smLaunchOwner
8335 [Test worker] INFO  x.yang.diagram.YangDiagramGenerator  - CREATED ELEMENT FOR statement:io.typefox.yang.yang.impl.LeafImpl@79e00c6a (name: smLaunchName) WITH ID DISMAN-SCRIPT-MIB:disman-script-node-container-smRunObjects-list-smRunEntry-smLaunchName
8335 [Test worker] INFO  x.yang.diagram.YangDiagramGenerator  - CREATED ELEMENT FOR statement:io.typefox.yang.yang.impl.LeafImpl@76391c41 (name: smRunIndex) WITH ID DISMAN-SCRIPT-MIB:disman-script-node-container-smRunObjects-list-smRunEntry-smRunIndex
8335 [Test worker] INFO  x.yang.diagram.YangDiagramGenerator  - CREATED ELEMENT FOR statement:io.typefox.yang.yang.impl.LeafImpl@1984125 (name: smRunArgument) WITH ID DISMAN-SCRIPT-MIB:disman-script-node-container-smRunObjects-list-smRunEntry-smRunArgument
8335 [Test worker] INFO  x.yang.diagram.YangDiagramGenerator  - CREATED ELEMENT FOR statement:io.typefox.yang.yang.impl.LeafImpl@6304a5df (name: smRunStartTime) WITH ID DISMAN-SCRIPT-MIB:disman-script-node-container-smRunObjects-list-smRunEntry-smRunStartTime
8335 [Test worker] INFO  x.yang.diagram.YangDiagramGenerator  - CREATED ELEMENT FOR statement:io.typefox.yang.yang.impl.LeafImpl@1afe6689 (name: smRunEndTime) WITH ID DISMAN-SCRIPT-MIB:disman-script-node-container-smRunObjects-list-smRunEntry-smRunEndTime
8335 [Test worker] INFO  x.yang.diagram.YangDiagramGenerator  - CREATED ELEMENT FOR statement:io.typefox.yang.yang.impl.LeafImpl@249bba83 (name: smRunLifeTime) WITH ID DISMAN-SCRIPT-MIB:disman-script-node-container-smRunObjects-list-smRunEntry-smRunLifeTime
8335 [Test worker] INFO  x.yang.diagram.YangDiagramGenerator  - CREATED ELEMENT FOR statement:io.typefox.yang.yang.impl.LeafImpl@6749465c (name: smRunExpireTime) WITH ID DISMAN-SCRIPT-MIB:disman-script-node-container-smRunObjects-list-smRunEntry-smRunExpireTime
8335 [Test worker] INFO  x.yang.diagram.YangDiagramGenerator  - CREATED ELEMENT FOR statement:io.typefox.yang.yang.impl.LeafImpl@21a53d37 (name: smRunExitCode) WITH ID DISMAN-SCRIPT-MIB:disman-script-node-container-smRunObjects-list-smRunEntry-smRunExitCode
8335 [Test worker] INFO  x.yang.diagram.YangDiagramGenerator  - CREATED ELEMENT FOR statement:io.typefox.yang.yang.impl.LeafImpl@4806cda4 (name: smRunResult) WITH ID DISMAN-SCRIPT-MIB:disman-script-node-container-smRunObjects-list-smRunEntry-smRunResult
8335 [Test worker] INFO  x.yang.diagram.YangDiagramGenerator  - CREATED ELEMENT FOR statement:io.typefox.yang.yang.impl.LeafImpl@31b03985 (name: smRunControl) WITH ID DISMAN-SCRIPT-MIB:disman-script-node-container-smRunObjects-list-smRunEntry-smRunControl
8335 [Test worker] INFO  x.yang.diagram.YangDiagramGenerator  - CREATED ELEMENT FOR statement:io.typefox.yang.yang.impl.LeafImpl@1ce6e249 (name: smRunState) WITH ID DISMAN-SCRIPT-MIB:disman-script-node-container-smRunObjects-list-smRunEntry-smRunState
8335 [Test worker] INFO  x.yang.diagram.YangDiagramGenerator  - CREATED ELEMENT FOR statement:io.typefox.yang.yang.impl.LeafImpl@14222867 (name: smRunError) WITH ID DISMAN-SCRIPT-MIB:disman-script-node-container-smRunObjects-list-smRunEntry-smRunError
8335 [Test worker] INFO  x.yang.diagram.YangDiagramGenerator  - CREATED ELEMENT FOR statement:io.typefox.yang.yang.impl.LeafImpl@6ab7bcaa (name: smRunResultTime) WITH ID DISMAN-SCRIPT-MIB:disman-script-node-container-smRunObjects-list-smRunEntry-smRunResultTime
8335 [Test worker] INFO  x.yang.diagram.YangDiagramGenerator  - CREATED ELEMENT FOR statement:io.typefox.yang.yang.impl.LeafImpl@5a7bdc68 (name: smRunErrorTime) WITH ID DISMAN-SCRIPT-MIB:disman-script-node-container-smRunObjects-list-smRunEntry-smRunErrorTime
8335 [Test worker] INFO  x.yang.diagram.YangDiagramGenerator  - CREATED ELEMENT FOR statement:io.typefox.yang.yang.impl.ListImpl@71a499c4 (name: smRunEntry) WITH ID DISMAN-SCRIPT-MIB:disman-script-node-container-smRunObjects-list-smRunEntry
8335 [Test worker] INFO  x.yang.diagram.YangDiagramGenerator  - CREATED ELEMENT FOR statement:io.typefox.yang.yang.impl.ContainerImpl@7440f687 (name: smRunObjects) WITH ID DISMAN-SCRIPT-MIB:disman-script-node-container-smRunObjects
8335 [Test worker] INFO  x.yang.diagram.YangDiagramGenerator  - CREATED ELEMENT FOR statement:io.typefox.yang.yang.impl.LeafImpl@23c54649 (name: smLaunchOwner) WITH ID DISMAN-SCRIPT-MIB:disman-script-node-notification-smScriptAbort-container-smScriptAbort-smRunExitCode-smLaunchOwner
8336 [Test worker] INFO  x.yang.diagram.YangDiagramGenerator  - CREATED ELEMENT FOR statement:io.typefox.yang.yang.impl.LeafImpl@275956c5 (name: smLaunchName) WITH ID DISMAN-SCRIPT-MIB:disman-script-node-notification-smScriptAbort-container-smScriptAbort-smRunExitCode-smLaunchName
8336 [Test worker] INFO  x.yang.diagram.YangDiagramGenerator  - CREATED ELEMENT FOR statement:io.typefox.yang.yang.impl.LeafImpl@72e69153 (name: smRunIndex) WITH ID DISMAN-SCRIPT-MIB:disman-script-node-notification-smScriptAbort-container-smScriptAbort-smRunExitCode-smRunIndex
8336 [Test worker] INFO  x.yang.diagram.YangDiagramGenerator  - CREATED ELEMENT FOR statement:io.typefox.yang.yang.impl.LeafImpl@161a546 (name: smRunExitCode) WITH ID DISMAN-SCRIPT-MIB:disman-script-node-notification-smScriptAbort-container-smScriptAbort-smRunExitCode-smRunExitCode
8336 [Test worker] INFO  x.yang.diagram.YangDiagramGenerator  - CREATED ELEMENT FOR statement:io.typefox.yang.yang.impl.ContainerImpl@81f5c2d (name: smScriptAbort-smRunExitCode) WITH ID DISMAN-SCRIPT-MIB:disman-script-node-notification-smScriptAbort-container-smScriptAbort-smRunExitCode
8336 [Test worker] INFO  x.yang.diagram.YangDiagramGenerator  - CREATED ELEMENT FOR statement:io.typefox.yang.yang.impl.LeafImpl@659ddc95 (name: smLaunchOwner) WITH ID DISMAN-SCRIPT-MIB:disman-script-node-notification-smScriptAbort-container-smScriptAbort-smRunEndTime-smLaunchOwner
8336 [Test worker] INFO  x.yang.diagram.YangDiagramGenerator  - CREATED ELEMENT FOR statement:io.typefox.yang.yang.impl.LeafImpl@23b7a57c (name: smLaunchName) WITH ID DISMAN-SCRIPT-MIB:disman-script-node-notification-smScriptAbort-container-smScriptAbort-smRunEndTime-smLaunchName
8336 [Test worker] INFO  x.yang.diagram.YangDiagramGenerator  - CREATED ELEMENT FOR statement:io.typefox.yang.yang.impl.LeafImpl@2ff06fd9 (name: smRunIndex) WITH ID DISMAN-SCRIPT-MIB:disman-script-node-notification-smScriptAbort-container-smScriptAbort-smRunEndTime-smRunIndex
8336 [Test worker] INFO  x.yang.diagram.YangDiagramGenerator  - CREATED ELEMENT FOR statement:io.typefox.yang.yang.impl.LeafImpl@5d7cb03e (name: smRunEndTime) WITH ID DISMAN-SCRIPT-MIB:disman-script-node-notification-smScriptAbort-container-smScriptAbort-smRunEndTime-smRunEndTime
8336 [Test worker] INFO  x.yang.diagram.YangDiagramGenerator  - CREATED ELEMENT FOR statement:io.typefox.yang.yang.impl.ContainerImpl@560ea670 (name: smScriptAbort-smRunEndTime) WITH ID DISMAN-SCRIPT-MIB:disman-script-node-notification-smScriptAbort-container-smScriptAbort-smRunEndTime
8336 [Test worker] INFO  x.yang.diagram.YangDiagramGenerator  - CREATED ELEMENT FOR statement:io.typefox.yang.yang.impl.LeafImpl@488c6588 (name: smLaunchOwner) WITH ID DISMAN-SCRIPT-MIB:disman-script-node-notification-smScriptAbort-container-smScriptAbort-smRunError-smLaunchOwner
8336 [Test worker] INFO  x.yang.diagram.YangDiagramGenerator  - CREATED ELEMENT FOR statement:io.typefox.yang.yang.impl.LeafImpl@642e55e7 (name: smLaunchName) WITH ID DISMAN-SCRIPT-MIB:disman-script-node-notification-smScriptAbort-container-smScriptAbort-smRunError-smLaunchName
8336 [Test worker] INFO  x.yang.diagram.YangDiagramGenerator  - CREATED ELEMENT FOR statement:io.typefox.yang.yang.impl.LeafImpl@5cebf41c (name: smRunIndex) WITH ID DISMAN-SCRIPT-MIB:disman-script-node-notification-smScriptAbort-container-smScriptAbort-smRunError-smRunIndex
8336 [Test worker] INFO  x.yang.diagram.YangDiagramGenerator  - CREATED ELEMENT FOR statement:io.typefox.yang.yang.impl.LeafImpl@7f75f4d7 (name: smRunError) WITH ID DISMAN-SCRIPT-MIB:disman-script-node-notification-smScriptAbort-container-smScriptAbort-smRunError-smRunError
8336 [Test worker] INFO  x.yang.diagram.YangDiagramGenerator  - CREATED ELEMENT FOR statement:io.typefox.yang.yang.impl.ContainerImpl@547e7e94 (name: smScriptAbort-smRunError) WITH ID DISMAN-SCRIPT-MIB:disman-script-node-notification-smScriptAbort-container-smScriptAbort-smRunError
8336 [Test worker] INFO  x.yang.diagram.YangDiagramGenerator  - CREATED ELEMENT FOR statement:io.typefox.yang.yang.impl.NotificationImpl@42698891 (name: smScriptAbort) WITH ID DISMAN-SCRIPT-MIB:disman-script-node-notification-smScriptAbort
8337 [Test worker] INFO  x.yang.diagram.YangDiagramGenerator  - CREATED ELEMENT FOR statement:io.typefox.yang.yang.impl.LeafImpl@41a1dfd4 (name: smLaunchOwner) WITH ID DISMAN-SCRIPT-MIB:disman-script-node-notification-smScriptResult-container-smScriptResult-smRunResult-smLaunchOwner
8337 [Test worker] INFO  x.yang.diagram.YangDiagramGenerator  - CREATED ELEMENT FOR statement:io.typefox.yang.yang.impl.LeafImpl@11a2587b (name: smLaunchName) WITH ID DISMAN-SCRIPT-MIB:disman-script-node-notification-smScriptResult-container-smScriptResult-smRunResult-smLaunchName
8337 [Test worker] INFO  x.yang.diagram.YangDiagramGenerator  - CREATED ELEMENT FOR statement:io.typefox.yang.yang.impl.LeafImpl@360f0e05 (name: smRunIndex) WITH ID DISMAN-SCRIPT-MIB:disman-script-node-notification-smScriptResult-container-smScriptResult-smRunResult-smRunIndex
8337 [Test worker] INFO  x.yang.diagram.YangDiagramGenerator  - CREATED ELEMENT FOR statement:io.typefox.yang.yang.impl.LeafImpl@382c2555 (name: smRunResult) WITH ID DISMAN-SCRIPT-MIB:disman-script-node-notification-smScriptResult-container-smScriptResult-smRunResult-smRunResult
8337 [Test worker] INFO  x.yang.diagram.YangDiagramGenerator  - CREATED ELEMENT FOR statement:io.typefox.yang.yang.impl.ContainerImpl@77bc02fb (name: smScriptResult-smRunResult) WITH ID DISMAN-SCRIPT-MIB:disman-script-node-notification-smScriptResult-container-smScriptResult-smRunResult
8337 [Test worker] INFO  x.yang.diagram.YangDiagramGenerator  - CREATED ELEMENT FOR statement:io.typefox.yang.yang.impl.NotificationImpl@74defdf7 (name: smScriptResult) WITH ID DISMAN-SCRIPT-MIB:disman-script-node-notification-smScriptResult
8337 [Test worker] INFO  x.yang.diagram.YangDiagramGenerator  - CREATED ELEMENT FOR statement:io.typefox.yang.yang.impl.LeafImpl@3aefba4f (name: smLaunchOwner) WITH ID DISMAN-SCRIPT-MIB:disman-script-node-notification-smScriptException-container-smScriptException-smRunError-smLaunchOwner
8337 [Test worker] INFO  x.yang.diagram.YangDiagramGenerator  - CREATED ELEMENT FOR statement:io.typefox.yang.yang.impl.LeafImpl@63b026ca (name: smLaunchName) WITH ID DISMAN-SCRIPT-MIB:disman-script-node-notification-smScriptException-container-smScriptException-smRunError-smLaunchName
8337 [Test worker] INFO  x.yang.diagram.YangDiagramGenerator  - CREATED ELEMENT FOR statement:io.typefox.yang.yang.impl.LeafImpl@740c4b9d (name: smRunIndex) WITH ID DISMAN-SCRIPT-MIB:disman-script-node-notification-smScriptException-container-smScriptException-smRunError-smRunIndex
8337 [Test worker] INFO  x.yang.diagram.YangDiagramGenerator  - CREATED ELEMENT FOR statement:io.typefox.yang.yang.impl.LeafImpl@773e21ae (name: smRunError) WITH ID DISMAN-SCRIPT-MIB:disman-script-node-notification-smScriptException-container-smScriptException-smRunError-smRunError
8337 [Test worker] INFO  x.yang.diagram.YangDiagramGenerator  - CREATED ELEMENT FOR statement:io.typefox.yang.yang.impl.ContainerImpl@30c4c0c4 (name: smScriptException-smRunError) WITH ID DISMAN-SCRIPT-MIB:disman-script-node-notification-smScriptException-container-smScriptException-smRunError
8337 [Test worker] INFO  x.yang.diagram.YangDiagramGenerator  - CREATED ELEMENT FOR statement:io.typefox.yang.yang.impl.NotificationImpl@52203660 (name: smScriptException) WITH ID DISMAN-SCRIPT-MIB:disman-script-node-notification-smScriptException
8337 [Test worker] INFO  x.yang.diagram.YangDiagramGenerator  - CREATED ELEMENT FOR statement:io.typefox.yang.yang.impl.ModuleImpl@44e6cf1a (name: DISMAN-SCRIPT-MIB) WITH ID DISMAN-SCRIPT-MIB:disman-script
8362 [Test worker] INFO  x.yang.diagram.YangDiagramGenerator  - Generating diagram for input: 'TRANSPORT-ADDRESS-MIB.yang'
8363 [Test worker] INFO  x.yang.diagram.YangDiagramGenerator  - CREATED ELEMENT FOR statement:io.typefox.yang.yang.impl.TypedefImpl@46944df (name: TransportDomain) WITH ID TRANSPORT-ADDRESS-MIB:transport-address-node-typedef-TransportDomain
8364 [Test worker] INFO  x.yang.diagram.YangDiagramGenerator  - CREATED ELEMENT FOR statement:io.typefox.yang.yang.impl.TypedefImpl@352b669d (name: TransportAddressType) WITH ID TRANSPORT-ADDRESS-MIB:transport-address-node-typedef-TransportAddressType
8364 [Test worker] INFO  x.yang.diagram.YangDiagramGenerator  - CREATED ELEMENT FOR statement:io.typefox.yang.yang.impl.TypedefImpl@67fad291 (name: TransportAddress) WITH ID TRANSPORT-ADDRESS-MIB:transport-address-node-typedef-TransportAddress
8365 [Test worker] INFO  x.yang.diagram.YangDiagramGenerator  - CREATED ELEMENT FOR statement:io.typefox.yang.yang.impl.TypedefImpl@7fd76a67 (name: TransportAddressIPv4) WITH ID TRANSPORT-ADDRESS-MIB:transport-address-node-typedef-TransportAddressIPv4
8365 [Test worker] INFO  x.yang.diagram.YangDiagramGenerator  - CREATED ELEMENT FOR statement:io.typefox.yang.yang.impl.TypedefImpl@315686fe (name: TransportAddressIPv6) WITH ID TRANSPORT-ADDRESS-MIB:transport-address-node-typedef-TransportAddressIPv6
8365 [Test worker] INFO  x.yang.diagram.YangDiagramGenerator  - CREATED ELEMENT FOR statement:io.typefox.yang.yang.impl.TypedefImpl@5f2711c7 (name: TransportAddressIPv4z) WITH ID TRANSPORT-ADDRESS-MIB:transport-address-node-typedef-TransportAddressIPv4z
8366 [Test worker] INFO  x.yang.diagram.YangDiagramGenerator  - CREATED ELEMENT FOR statement:io.typefox.yang.yang.impl.TypedefImpl@6e782ee8 (name: TransportAddressIPv6z) WITH ID TRANSPORT-ADDRESS-MIB:transport-address-node-typedef-TransportAddressIPv6z
8366 [Test worker] INFO  x.yang.diagram.YangDiagramGenerator  - CREATED ELEMENT FOR statement:io.typefox.yang.yang.impl.TypedefImpl@2ab8f512 (name: TransportAddressLocal) WITH ID TRANSPORT-ADDRESS-MIB:transport-address-node-typedef-TransportAddressLocal
8367 [Test worker] INFO  x.yang.diagram.YangDiagramGenerator  - CREATED ELEMENT FOR statement:io.typefox.yang.yang.impl.TypedefImpl@2f5ce7cd (name: TransportAddressDns) WITH ID TRANSPORT-ADDRESS-MIB:transport-address-node-typedef-TransportAddressDns
8367 [Test worker] INFO  x.yang.diagram.YangDiagramGenerator  - CREATED ELEMENT FOR statement:io.typefox.yang.yang.impl.ModuleImpl@489272c8 (name: TRANSPORT-ADDRESS-MIB) WITH ID TRANSPORT-ADDRESS-MIB:transport-address
8395 [Test worker] INFO  x.yang.diagram.YangDiagramGenerator  - Generating diagram for input: 'DIFFSERV-DSCP-TC.yang'
8395 [Test worker] INFO  x.yang.diagram.YangDiagramGenerator  - CREATED ELEMENT FOR statement:io.typefox.yang.yang.impl.TypedefImpl@acf73cd (name: Dscp) WITH ID DIFFSERV-DSCP-TC:diffserv-dscp-node-typedef-Dscp
8395 [Test worker] INFO  x.yang.diagram.YangDiagramGenerator  - CREATED ELEMENT FOR statement:io.typefox.yang.yang.impl.TypedefImpl@42e58fd6 (name: DscpOrAny) WITH ID DIFFSERV-DSCP-TC:diffserv-dscp-node-typedef-DscpOrAny
8395 [Test worker] INFO  x.yang.diagram.YangDiagramGenerator  - CREATED ELEMENT FOR statement:io.typefox.yang.yang.impl.ModuleImpl@19baa170 (name: DIFFSERV-DSCP-TC) WITH ID DIFFSERV-DSCP-TC:diffserv-dscp
8424 [Test worker] INFO  x.yang.diagram.YangDiagramGenerator  - Generating diagram for input: 'IANAifType-MIB.yang'
8424 [Test worker] INFO  x.yang.diagram.YangDiagramGenerator  - CREATED ELEMENT FOR statement:io.typefox.yang.yang.impl.TypedefImpl@1f8d7fe2 (name: IANAifType) WITH ID IANAifType-MIB:ianaiftype-mib-node-typedef-IANAifType
8424 [Test worker] INFO  x.yang.diagram.YangDiagramGenerator  - CREATED ELEMENT FOR statement:io.typefox.yang.yang.impl.TypedefImpl@71f8c8fa (name: IANAtunnelType) WITH ID IANAifType-MIB:ianaiftype-mib-node-typedef-IANAtunnelType
8424 [Test worker] INFO  x.yang.diagram.YangDiagramGenerator  - CREATED ELEMENT FOR statement:io.typefox.yang.yang.impl.ModuleImpl@3d055694 (name: IANAifType-MIB) WITH ID IANAifType-MIB:ianaiftype-mib
8499 [Test worker] INFO  x.yang.diagram.YangDiagramGenerator  - Generating diagram for input: 'ietf-routing.yang'
8500 [Test worker] INFO  x.yang.diagram.YangDiagramGenerator  - CREATED ELEMENT FOR statement:io.typefox.yang.yang.impl.IdentityImpl@1409faca (name: routing-protocol) WITH ID ietf-routing:rt-node-identity-routing-protocol
8500 [Test worker] INFO  x.yang.diagram.YangDiagramGenerator  - CREATED ELEMENT FOR statement:io.typefox.yang.yang.impl.IdentityImpl@2a5422d7 (name: route-filter) WITH ID ietf-routing:rt-node-identity-route-filter
8500 [Test worker] INFO  x.yang.diagram.YangDiagramGenerator  - CREATED ELEMENT FOR statement:io.typefox.yang.yang.impl.TypedefImpl@6602d2e8 (name: router-ref) WITH ID ietf-routing:rt-node-typedef-router-ref
8500 [Test worker] INFO  x.yang.diagram.YangDiagramGenerator  - CREATED ELEMENT FOR statement:io.typefox.yang.yang.impl.LeafImpl@f95f72b (name: address-family) WITH ID ietf-routing:rt-node-grouping-afn-safi-address-family
8500 [Test worker] INFO  x.yang.diagram.YangDiagramGenerator  - CREATED ELEMENT FOR statement:io.typefox.yang.yang.impl.LeafImpl@541193b9 (name: safi) WITH ID ietf-routing:rt-node-grouping-afn-safi-safi
8500 [Test worker] INFO  x.yang.diagram.YangDiagramGenerator  - CREATED ELEMENT FOR statement:io.typefox.yang.yang.impl.GroupingImpl@5f585176 (name: afn-safi) WITH ID ietf-routing:rt-node-grouping-afn-safi
8500 [Test worker] INFO  x.yang.diagram.YangDiagramGenerator  - CREATED ELEMENT FOR statement:io.typefox.yang.yang.impl.LeafImpl@2f3d4de7 (name: outgoing-interface) WITH ID ietf-routing:rt-node-grouping-route-content-outgoing-interface
8500 [Test worker] INFO  x.yang.diagram.YangDiagramGenerator  - CREATED ELEMENT FOR statement:io.typefox.yang.yang.impl.GroupingImpl@f31cb84 (name: route-content) WITH ID ietf-routing:rt-node-grouping-route-content
8500 [Test worker] INFO  x.yang.diagram.YangDiagramGenerator  - CREATED ELEMENT FOR statement:io.typefox.yang.yang.impl.LeafImpl@57e51d80 (name: router-name) WITH ID ietf-routing:rt-node-rpc active-route-pill-input-router-name
8500 [Test worker] INFO  x.yang.diagram.YangDiagramGenerator  - CREATED ELEMENT FOR statement:io.typefox.yang.yang.impl.UsesImpl@4a2b25eb WITH ID ietf-routing:rt-node-rpc active-route-pill-input-container-destination-address-uses afn-safi-pill
8500 [Test worker] INFO  x.yang.diagram.YangDiagramGenerator  - CREATED ELEMENT FOR statement:io.typefox.yang.yang.impl.ContainerImpl@fbc0b3c (name: destination-address) WITH ID ietf-routing:rt-node-rpc active-route-pill-input-container-destination-address
8500 [Test worker] INFO  x.yang.diagram.YangDiagramGenerator  - CREATED ELEMENT FOR statement:io.typefox.yang.yang.impl.InputImpl@e509ca4 (name: null) WITH ID ietf-routing:rt-node-rpc active-route-pill-input
8500 [Test worker] INFO  x.yang.diagram.YangDiagramGenerator  - CREATED ELEMENT FOR statement:io.typefox.yang.yang.impl.UsesImpl@712689f3 WITH ID ietf-routing:rt-node-rpc active-route-pill-output-list-route-uses afn-safi-pill
8500 [Test worker] INFO  x.yang.diagram.YangDiagramGenerator  - CREATED ELEMENT FOR statement:io.typefox.yang.yang.impl.UsesImpl@6231fe41 WITH ID ietf-routing:rt-node-rpc active-route-pill-output-list-route-uses route-content-pill
8500 [Test worker] INFO  x.yang.diagram.YangDiagramGenerator  - CREATED ELEMENT FOR statement:io.typefox.yang.yang.impl.ListImpl@dbbfcd0 (name: route) WITH ID ietf-routing:rt-node-rpc active-route-pill-output-list-route
8500 [Test worker] INFO  x.yang.diagram.YangDiagramGenerator  - CREATED ELEMENT FOR statement:io.typefox.yang.yang.impl.OutputImpl@784f47f (name: null) WITH ID ietf-routing:rt-node-rpc active-route-pill-output
8500 [Test worker] INFO  x.yang.diagram.YangDiagramGenerator  - CREATED ELEMENT FOR statement:io.typefox.yang.yang.impl.RpcImpl@42a89c6d (name: active-route) WITH ID ietf-routing:rt-node-rpc active-route-pill
8500 [Test worker] INFO  x.yang.diagram.YangDiagramGenerator  - CREATED ELEMENT FOR statement:io.typefox.yang.yang.impl.LeafImpl@2f86b18f (name: router-name) WITH ID ietf-routing:rt-node-rpc route-count-pill-input-router-name
8500 [Test worker] INFO  x.yang.diagram.YangDiagramGenerator  - CREATED ELEMENT FOR statement:io.typefox.yang.yang.impl.LeafImpl@7d0995d3 (name: routing-table) WITH ID ietf-routing:rt-node-rpc route-count-pill-input-routing-table
8500 [Test worker] INFO  x.yang.diagram.YangDiagramGenerator  - CREATED ELEMENT FOR statement:io.typefox.yang.yang.impl.InputImpl@5d8ea101 (name: null) WITH ID ietf-routing:rt-node-rpc route-count-pill-input
8500 [Test worker] INFO  x.yang.diagram.YangDiagramGenerator  - CREATED ELEMENT FOR statement:io.typefox.yang.yang.impl.LeafImpl@5b431529 (name: number-of-routes) WITH ID ietf-routing:rt-node-rpc route-count-pill-output-number-of-routes
8500 [Test worker] INFO  x.yang.diagram.YangDiagramGenerator  - CREATED ELEMENT FOR statement:io.typefox.yang.yang.impl.OutputImpl@4153cd07 (name: null) WITH ID ietf-routing:rt-node-rpc route-count-pill-output
8500 [Test worker] INFO  x.yang.diagram.YangDiagramGenerator  - CREATED ELEMENT FOR statement:io.typefox.yang.yang.impl.RpcImpl@70457ff3 (name: route-count) WITH ID ietf-routing:rt-node-rpc route-count-pill
8501 [Test worker] INFO  x.yang.diagram.YangDiagramGenerator  - CREATED ELEMENT FOR statement:io.typefox.yang.yang.impl.LeafImpl@58eb5e53 (name: name) WITH ID ietf-routing:rt-node-container-routing-list-router-name
8501 [Test worker] INFO  x.yang.diagram.YangDiagramGenerator  - CREATED ELEMENT FOR statement:io.typefox.yang.yang.impl.LeafImpl@1bc2e23a (name: router-id) WITH ID ietf-routing:rt-node-container-routing-list-router-router-id
8501 [Test worker] INFO  x.yang.diagram.YangDiagramGenerator  - CREATED ELEMENT FOR statement:io.typefox.yang.yang.impl.LeafImpl@44a63fb0 (name: description) WITH ID ietf-routing:rt-node-container-routing-list-router-description
8501 [Test worker] INFO  x.yang.diagram.YangDiagramGenerator  - CREATED ELEMENT FOR statement:io.typefox.yang.yang.impl.LeafImpl@1f477a30 (name: enabled) WITH ID ietf-routing:rt-node-container-routing-list-router-enabled
8501 [Test worker] INFO  x.yang.diagram.YangDiagramGenerator  - CREATED ELEMENT FOR statement:io.typefox.yang.yang.impl.LeafImpl@1d5cb64d (name: name) WITH ID ietf-routing:rt-node-container-routing-list-router-container-interfaces-list-interface-name
8501 [Test worker] INFO  x.yang.diagram.YangDiagramGenerator  - CREATED ELEMENT FOR statement:io.typefox.yang.yang.impl.ListImpl@110344ee (name: interface) WITH ID ietf-routing:rt-node-container-routing-list-router-container-interfaces-list-interface
8501 [Test worker] INFO  x.yang.diagram.YangDiagramGenerator  - CREATED ELEMENT FOR statement:io.typefox.yang.yang.impl.ContainerImpl@64ada2c1 (name: interfaces) WITH ID ietf-routing:rt-node-container-routing-list-router-container-interfaces
8501 [Test worker] INFO  x.yang.diagram.YangDiagramGenerator  - CREATED ELEMENT FOR statement:io.typefox.yang.yang.impl.LeafImpl@409fd29e (name: name) WITH ID ietf-routing:rt-node-container-routing-list-router-container-routing-protocols-list-routing-protocol-name
8501 [Test worker] INFO  x.yang.diagram.YangDiagramGenerator  - CREATED ELEMENT FOR statement:io.typefox.yang.yang.impl.LeafImpl@3809ea1e (name: description) WITH ID ietf-routing:rt-node-container-routing-list-router-container-routing-protocols-list-routing-protocol-description
8501 [Test worker] INFO  x.yang.diagram.YangDiagramGenerator  - CREATED ELEMENT FOR statement:io.typefox.yang.yang.impl.LeafImpl@3326fdc5 (name: type) WITH ID ietf-routing:rt-node-container-routing-list-router-container-routing-protocols-list-routing-protocol-type
8501 [Test worker] INFO  x.yang.diagram.YangDiagramGenerator  - CREATED ELEMENT FOR statement:io.typefox.yang.yang.impl.LeafImpl@3a14eaca (name: name) WITH ID ietf-routing:rt-node-container-routing-list-router-container-routing-protocols-list-routing-protocol-container-connected-routing-tables-list-routing-table-name
8501 [Test worker] INFO  x.yang.diagram.YangDiagramGenerator  - CREATED ELEMENT FOR statement:io.typefox.yang.yang.impl.LeafImpl@4a1d434 (name: import-filter) WITH ID ietf-routing:rt-node-container-routing-list-router-container-routing-protocols-list-routing-protocol-container-connected-routing-tables-list-routing-table-import-filter
8501 [Test worker] INFO  x.yang.diagram.YangDiagramGenerator  - CREATED ELEMENT FOR statement:io.typefox.yang.yang.impl.LeafImpl@738f97a4 (name: export-filter) WITH ID ietf-routing:rt-node-container-routing-list-router-container-routing-protocols-list-routing-protocol-container-connected-routing-tables-list-routing-table-export-filter
8501 [Test worker] INFO  x.yang.diagram.YangDiagramGenerator  - CREATED ELEMENT FOR statement:io.typefox.yang.yang.impl.ListImpl@774384c5 (name: routing-table) WITH ID ietf-routing:rt-node-container-routing-list-router-container-routing-protocols-list-routing-protocol-container-connected-routing-tables-list-routing-table
8501 [Test worker] INFO  x.yang.diagram.YangDiagramGenerator  - CREATED ELEMENT FOR statement:io.typefox.yang.yang.impl.ContainerImpl@6a1c725d (name: connected-routing-tables) WITH ID ietf-routing:rt-node-container-routing-list-router-container-routing-protocols-list-routing-protocol-container-connected-routing-tables
8501 [Test worker] INFO  x.yang.diagram.YangDiagramGenerator  - CREATED ELEMENT FOR statement:io.typefox.yang.yang.impl.ContainerImpl@60160b5e (name: static-routes) WITH ID ietf-routing:rt-node-container-routing-list-router-container-routing-protocols-list-routing-protocol-container-static-routes
8505 [Test worker] INFO  x.yang.diagram.YangDiagramGenerator  - CREATED ELEMENT FOR statement:io.typefox.yang.yang.impl.ListImpl@6f2b824f (name: routing-protocol) WITH ID ietf-routing:rt-node-container-routing-list-router-container-routing-protocols-list-routing-protocol
8505 [Test worker] INFO  x.yang.diagram.YangDiagramGenerator  - CREATED ELEMENT FOR statement:io.typefox.yang.yang.impl.ContainerImpl@42546c3 (name: routing-protocols) WITH ID ietf-routing:rt-node-container-routing-list-router-container-routing-protocols
8506 [Test worker] INFO  x.yang.diagram.YangDiagramGenerator  - CREATED ELEMENT FOR statement:io.typefox.yang.yang.impl.LeafImpl@d225280 (name: name) WITH ID ietf-routing:rt-node-container-routing-list-router-container-routing-tables-list-routing-table-name
8506 [Test worker] INFO  x.yang.diagram.YangDiagramGenerator  - CREATED ELEMENT FOR statement:io.typefox.yang.yang.impl.LeafImpl@5dbef481 (name: description) WITH ID ietf-routing:rt-node-container-routing-list-router-container-routing-tables-list-routing-table-description
8506 [Test worker] INFO  x.yang.diagram.YangDiagramGenerator  - CREATED ELEMENT FOR statement:io.typefox.yang.yang.impl.UsesImpl@6eb43c83 WITH ID ietf-routing:rt-node-container-routing-list-router-container-routing-tables-list-routing-table-uses afn-safi-pill
8506 [Test worker] INFO  x.yang.diagram.YangDiagramGenerator  - CREATED ELEMENT FOR statement:io.typefox.yang.yang.impl.LeafImpl@40897cc8 (name: source-protocol) WITH ID ietf-routing:rt-node-container-routing-list-router-container-routing-tables-list-routing-table-container-routes-list-route-source-protocol
8506 [Test worker] INFO  x.yang.diagram.YangDiagramGenerator  - CREATED ELEMENT FOR statement:io.typefox.yang.yang.impl.LeafImpl@5fa0900b (name: age) WITH ID ietf-routing:rt-node-container-routing-list-router-container-routing-tables-list-routing-table-container-routes-list-route-age
8506 [Test worker] INFO  x.yang.diagram.YangDiagramGenerator  - CREATED ELEMENT FOR statement:io.typefox.yang.yang.impl.UsesImpl@75106d82 WITH ID ietf-routing:rt-node-container-routing-list-router-container-routing-tables-list-routing-table-container-routes-list-route-uses route-content-pill
8506 [Test worker] INFO  x.yang.diagram.YangDiagramGenerator  - CREATED ELEMENT FOR statement:io.typefox.yang.yang.impl.ListImpl@3a8f1787 (name: route) WITH ID ietf-routing:rt-node-container-routing-list-router-container-routing-tables-list-routing-table-container-routes-list-route
8506 [Test worker] INFO  x.yang.diagram.YangDiagramGenerator  - CREATED ELEMENT FOR statement:io.typefox.yang.yang.impl.ContainerImpl@31eb5322 (name: routes) WITH ID ietf-routing:rt-node-container-routing-list-router-container-routing-tables-list-routing-table-container-routes
8506 [Test worker] INFO  x.yang.diagram.YangDiagramGenerator  - CREATED ELEMENT FOR statement:io.typefox.yang.yang.impl.LeafImpl@6a10addc (name: name) WITH ID ietf-routing:rt-node-container-routing-list-router-container-routing-tables-list-routing-table-container-recipient-routing-tables-list-recipient-routing-table-name
8506 [Test worker] INFO  x.yang.diagram.YangDiagramGenerator  - CREATED ELEMENT FOR statement:io.typefox.yang.yang.impl.LeafImpl@1c9aa161 (name: filter) WITH ID ietf-routing:rt-node-container-routing-list-router-container-routing-tables-list-routing-table-container-recipient-routing-tables-list-recipient-routing-table-filter
8506 [Test worker] INFO  x.yang.diagram.YangDiagramGenerator  - CREATED ELEMENT FOR statement:io.typefox.yang.yang.impl.ListImpl@5e6bae5a (name: recipient-routing-table) WITH ID ietf-routing:rt-node-container-routing-list-router-container-routing-tables-list-routing-table-container-recipient-routing-tables-list-recipient-routing-table
8506 [Test worker] INFO  x.yang.diagram.YangDiagramGenerator  - CREATED ELEMENT FOR statement:io.typefox.yang.yang.impl.ContainerImpl@35f294f6 (name: recipient-routing-tables) WITH ID ietf-routing:rt-node-container-routing-list-router-container-routing-tables-list-routing-table-container-recipient-routing-tables
8506 [Test worker] INFO  x.yang.diagram.YangDiagramGenerator  - CREATED ELEMENT FOR statement:io.typefox.yang.yang.impl.ListImpl@5a63b1d9 (name: routing-table) WITH ID ietf-routing:rt-node-container-routing-list-router-container-routing-tables-list-routing-table
8506 [Test worker] INFO  x.yang.diagram.YangDiagramGenerator  - CREATED ELEMENT FOR statement:io.typefox.yang.yang.impl.ContainerImpl@13bb825d (name: routing-tables) WITH ID ietf-routing:rt-node-container-routing-list-router-container-routing-tables
8506 [Test worker] INFO  x.yang.diagram.YangDiagramGenerator  - CREATED ELEMENT FOR statement:io.typefox.yang.yang.impl.ListImpl@10a1e70e (name: router) WITH ID ietf-routing:rt-node-container-routing-list-router
8506 [Test worker] INFO  x.yang.diagram.YangDiagramGenerator  - CREATED ELEMENT FOR statement:io.typefox.yang.yang.impl.LeafImpl@31d594c8 (name: name) WITH ID ietf-routing:rt-node-container-routing-container-route-filters-list-route-filter-name
8506 [Test worker] INFO  x.yang.diagram.YangDiagramGenerator  - CREATED ELEMENT FOR statement:io.typefox.yang.yang.impl.LeafImpl@767f0652 (name: description) WITH ID ietf-routing:rt-node-container-routing-container-route-filters-list-route-filter-description
8511 [Test worker] INFO  x.yang.diagram.YangDiagramGenerator  - CREATED ELEMENT FOR statement:io.typefox.yang.yang.impl.LeafImpl@3919cbaa (name: type) WITH ID ietf-routing:rt-node-container-routing-container-route-filters-list-route-filter-type
8511 [Test worker] INFO  x.yang.diagram.YangDiagramGenerator  - CREATED ELEMENT FOR statement:io.typefox.yang.yang.impl.ListImpl@269fd210 (name: route-filter) WITH ID ietf-routing:rt-node-container-routing-container-route-filters-list-route-filter
8511 [Test worker] INFO  x.yang.diagram.YangDiagramGenerator  - CREATED ELEMENT FOR statement:io.typefox.yang.yang.impl.ContainerImpl@3b7161df (name: route-filters) WITH ID ietf-routing:rt-node-container-routing-container-route-filters
8511 [Test worker] INFO  x.yang.diagram.YangDiagramGenerator  - CREATED ELEMENT FOR statement:io.typefox.yang.yang.impl.ContainerImpl@35b2bd75 (name: routing) WITH ID ietf-routing:rt-node-container-routing
8511 [Test worker] INFO  x.yang.diagram.YangDiagramGenerator  - CREATED ELEMENT FOR statement:io.typefox.yang.yang.impl.ModuleImpl@428174f2 (name: ietf-routing) WITH ID ietf-routing:rt
8513 [Test worker] INFO  x.yang.diagram.YangDiagramGenerator  - Generating diagram for input: 'iana-crypt-hash.yang'
8515 [Test worker] INFO  x.yang.diagram.YangDiagramGenerator  - CREATED ELEMENT FOR statement:io.typefox.yang.yang.impl.TypedefImpl@3819c7bb (name: crypt-hash) WITH ID iana-crypt-hash:ianach-node-typedef-crypt-hash
8515 [Test worker] INFO  x.yang.diagram.YangDiagramGenerator  - CREATED ELEMENT FOR statement:io.typefox.yang.yang.impl.ModuleImpl@450cee0a (name: iana-crypt-hash) WITH ID iana-crypt-hash:ianach
8526 [Test worker] INFO  x.yang.diagram.YangDiagramGenerator  - Generating diagram for input: 'ietf-netconf-partial-lock.yang'
8527 [Test worker] INFO  x.yang.diagram.YangDiagramGenerator  - CREATED ELEMENT FOR statement:io.typefox.yang.yang.impl.TypedefImpl@120f0895 (name: lock-id-type) WITH ID ietf-netconf-partial-lock:pl-node-typedef-lock-id-type
8527 [Test worker] INFO  x.yang.diagram.YangDiagramGenerator  - CREATED ELEMENT FOR statement:io.typefox.yang.yang.impl.LeafListImpl@77504425 (name: select) WITH ID ietf-netconf-partial-lock:pl-node-rpc partial-lock-pill-input-select
8527 [Test worker] INFO  x.yang.diagram.YangDiagramGenerator  - CREATED ELEMENT FOR statement:io.typefox.yang.yang.impl.InputImpl@796d041c (name: null) WITH ID ietf-netconf-partial-lock:pl-node-rpc partial-lock-pill-input
8527 [Test worker] INFO  x.yang.diagram.YangDiagramGenerator  - CREATED ELEMENT FOR statement:io.typefox.yang.yang.impl.LeafImpl@36aedcaf (name: lock-id) WITH ID ietf-netconf-partial-lock:pl-node-rpc partial-lock-pill-output-lock-id
8527 [Test worker] INFO  x.yang.diagram.YangDiagramGenerator  - CREATED ELEMENT FOR statement:io.typefox.yang.yang.impl.LeafListImpl@5c8f214f (name: locked-node) WITH ID ietf-netconf-partial-lock:pl-node-rpc partial-lock-pill-output-locked-node
8527 [Test worker] INFO  x.yang.diagram.YangDiagramGenerator  - CREATED ELEMENT FOR statement:io.typefox.yang.yang.impl.OutputImpl@298b2797 (name: null) WITH ID ietf-netconf-partial-lock:pl-node-rpc partial-lock-pill-output
8527 [Test worker] INFO  x.yang.diagram.YangDiagramGenerator  - CREATED ELEMENT FOR statement:io.typefox.yang.yang.impl.RpcImpl@38d79b5e (name: partial-lock) WITH ID ietf-netconf-partial-lock:pl-node-rpc partial-lock-pill
8528 [Test worker] INFO  x.yang.diagram.YangDiagramGenerator  - CREATED ELEMENT FOR statement:io.typefox.yang.yang.impl.LeafImpl@785c634f (name: lock-id) WITH ID ietf-netconf-partial-lock:pl-node-rpc partial-unlock-pill-input-lock-id
8528 [Test worker] INFO  x.yang.diagram.YangDiagramGenerator  - CREATED ELEMENT FOR statement:io.typefox.yang.yang.impl.InputImpl@5d7cb052 (name: null) WITH ID ietf-netconf-partial-lock:pl-node-rpc partial-unlock-pill-input
8528 [Test worker] INFO  x.yang.diagram.YangDiagramGenerator  - CREATED ELEMENT FOR statement:io.typefox.yang.yang.impl.RpcImpl@2d3b83f5 (name: partial-unlock) WITH ID ietf-netconf-partial-lock:pl-node-rpc partial-unlock-pill
8528 [Test worker] INFO  x.yang.diagram.YangDiagramGenerator  - CREATED ELEMENT FOR statement:io.typefox.yang.yang.impl.ModuleImpl@2932e067 (name: ietf-netconf-partial-lock) WITH ID ietf-netconf-partial-lock:pl
8574 [Test worker] INFO  x.yang.diagram.YangDiagramGenerator  - Generating diagram for input: 'AGENTX-MIB.yang'
8574 [Test worker] INFO  x.yang.diagram.YangDiagramGenerator  - CREATED ELEMENT FOR statement:io.typefox.yang.yang.impl.TypedefImpl@36a39700 (name: AgentxTAddress) WITH ID AGENTX-MIB:agentx-mib-node-typedef-AgentxTAddress
8574 [Test worker] INFO  x.yang.diagram.YangDiagramGenerator  - CREATED ELEMENT FOR statement:io.typefox.yang.yang.impl.LeafImpl@4b5425f (name: agentxDefaultTimeout) WITH ID AGENTX-MIB:agentx-mib-node-container-agentxGeneral-agentxDefaultTimeout
8574 [Test worker] INFO  x.yang.diagram.YangDiagramGenerator  - CREATED ELEMENT FOR statement:io.typefox.yang.yang.impl.LeafImpl@202f9171 (name: agentxMasterAgentXVer) WITH ID AGENTX-MIB:agentx-mib-node-container-agentxGeneral-agentxMasterAgentXVer
8574 [Test worker] INFO  x.yang.diagram.YangDiagramGenerator  - CREATED ELEMENT FOR statement:io.typefox.yang.yang.impl.ContainerImpl@216110b0 (name: agentxGeneral) WITH ID AGENTX-MIB:agentx-mib-node-container-agentxGeneral
8574 [Test worker] INFO  x.yang.diagram.YangDiagramGenerator  - CREATED ELEMENT FOR statement:io.typefox.yang.yang.impl.LeafImpl@b50880b (name: agentxConnTableLastChange) WITH ID AGENTX-MIB:agentx-mib-node-container-agentxConnection-agentxConnTableLastChange
8574 [Test worker] INFO  x.yang.diagram.YangDiagramGenerator  - CREATED ELEMENT FOR statement:io.typefox.yang.yang.impl.LeafImpl@25598484 (name: agentxConnIndex) WITH ID AGENTX-MIB:agentx-mib-node-container-agentxConnection-list-agentxConnectionEntry-agentxConnIndex
8574 [Test worker] INFO  x.yang.diagram.YangDiagramGenerator  - CREATED ELEMENT FOR statement:io.typefox.yang.yang.impl.LeafImpl@79a13d47 (name: agentxConnOpenTime) WITH ID AGENTX-MIB:agentx-mib-node-container-agentxConnection-list-agentxConnectionEntry-agentxConnOpenTime
8575 [Test worker] INFO  x.yang.diagram.YangDiagramGenerator  - CREATED ELEMENT FOR statement:io.typefox.yang.yang.impl.LeafImpl@50ec4653 (name: agentxConnTransportDomain) WITH ID AGENTX-MIB:agentx-mib-node-container-agentxConnection-list-agentxConnectionEntry-agentxConnTransportDomain
8575 [Test worker] INFO  x.yang.diagram.YangDiagramGenerator  - CREATED ELEMENT FOR statement:io.typefox.yang.yang.impl.LeafImpl@5ff39c95 (name: agentxConnTransportAddress) WITH ID AGENTX-MIB:agentx-mib-node-container-agentxConnection-list-agentxConnectionEntry-agentxConnTransportAddress
8575 [Test worker] INFO  x.yang.diagram.YangDiagramGenerator  - CREATED ELEMENT FOR statement:io.typefox.yang.yang.impl.ListImpl@36675e4b (name: agentxConnectionEntry) WITH ID AGENTX-MIB:agentx-mib-node-container-agentxConnection-list-agentxConnectionEntry
8575 [Test worker] INFO  x.yang.diagram.YangDiagramGenerator  - CREATED ELEMENT FOR statement:io.typefox.yang.yang.impl.ContainerImpl@465c16c5 (name: agentxConnection) WITH ID AGENTX-MIB:agentx-mib-node-container-agentxConnection
8575 [Test worker] INFO  x.yang.diagram.YangDiagramGenerator  - CREATED ELEMENT FOR statement:io.typefox.yang.yang.impl.LeafImpl@74301e83 (name: agentxSessionTableLastChange) WITH ID AGENTX-MIB:agentx-mib-node-container-agentxSession-agentxSessionTableLastChange
8575 [Test worker] INFO  x.yang.diagram.YangDiagramGenerator  - CREATED ELEMENT FOR statement:io.typefox.yang.yang.impl.LeafImpl@376423a4 (name: agentxConnIndex) WITH ID AGENTX-MIB:agentx-mib-node-container-agentxSession-list-agentxSessionEntry-agentxConnIndex
8575 [Test worker] INFO  x.yang.diagram.YangDiagramGenerator  - CREATED ELEMENT FOR statement:io.typefox.yang.yang.impl.LeafImpl@3bfda605 (name: agentxSessionIndex) WITH ID AGENTX-MIB:agentx-mib-node-container-agentxSession-list-agentxSessionEntry-agentxSessionIndex
8575 [Test worker] INFO  x.yang.diagram.YangDiagramGenerator  - CREATED ELEMENT FOR statement:io.typefox.yang.yang.impl.LeafImpl@1db16581 (name: agentxSessionObjectID) WITH ID AGENTX-MIB:agentx-mib-node-container-agentxSession-list-agentxSessionEntry-agentxSessionObjectID
8577 [Test worker] INFO  x.yang.diagram.YangDiagramGenerator  - CREATED ELEMENT FOR statement:io.typefox.yang.yang.impl.LeafImpl@6901a4b2 (name: agentxSessionDescr) WITH ID AGENTX-MIB:agentx-mib-node-container-agentxSession-list-agentxSessionEntry-agentxSessionDescr
8577 [Test worker] INFO  x.yang.diagram.YangDiagramGenerator  - CREATED ELEMENT FOR statement:io.typefox.yang.yang.impl.LeafImpl@7feed335 (name: agentxSessionAdminStatus) WITH ID AGENTX-MIB:agentx-mib-node-container-agentxSession-list-agentxSessionEntry-agentxSessionAdminStatus
8577 [Test worker] INFO  x.yang.diagram.YangDiagramGenerator  - CREATED ELEMENT FOR statement:io.typefox.yang.yang.impl.LeafImpl@29758f43 (name: agentxSessionOpenTime) WITH ID AGENTX-MIB:agentx-mib-node-container-agentxSession-list-agentxSessionEntry-agentxSessionOpenTime
8577 [Test worker] INFO  x.yang.diagram.YangDiagramGenerator  - CREATED ELEMENT FOR statement:io.typefox.yang.yang.impl.LeafImpl@3f7e6a81 (name: agentxSessionAgentXVer) WITH ID AGENTX-MIB:agentx-mib-node-container-agentxSession-list-agentxSessionEntry-agentxSessionAgentXVer
8638 [Test worker] INFO  x.yang.diagram.YangDiagramGenerator  - CREATED ELEMENT FOR statement:io.typefox.yang.yang.impl.LeafImpl@5b3e7de8 (name: agentxSessionTimeout) WITH ID AGENTX-MIB:agentx-mib-node-container-agentxSession-list-agentxSessionEntry-agentxSessionTimeout
8638 [Test worker] INFO  x.yang.diagram.YangDiagramGenerator  - CREATED ELEMENT FOR statement:io.typefox.yang.yang.impl.ListImpl@52c07ac1 (name: agentxSessionEntry) WITH ID AGENTX-MIB:agentx-mib-node-container-agentxSession-list-agentxSessionEntry
8638 [Test worker] INFO  x.yang.diagram.YangDiagramGenerator  - CREATED ELEMENT FOR statement:io.typefox.yang.yang.impl.ContainerImpl@57caf84d (name: agentxSession) WITH ID AGENTX-MIB:agentx-mib-node-container-agentxSession
8638 [Test worker] INFO  x.yang.diagram.YangDiagramGenerator  - CREATED ELEMENT FOR statement:io.typefox.yang.yang.impl.LeafImpl@1b2caa57 (name: agentxRegistrationTableLastChange) WITH ID AGENTX-MIB:agentx-mib-node-container-agentxRegistration-agentxRegistrationTableLastChange
8638 [Test worker] INFO  x.yang.diagram.YangDiagramGenerator  - CREATED ELEMENT FOR statement:io.typefox.yang.yang.impl.LeafImpl@335545e7 (name: agentxConnIndex) WITH ID AGENTX-MIB:agentx-mib-node-container-agentxRegistration-list-agentxRegistrationEntry-agentxConnIndex
8638 [Test worker] INFO  x.yang.diagram.YangDiagramGenerator  - CREATED ELEMENT FOR statement:io.typefox.yang.yang.impl.LeafImpl@6292373e (name: agentxSessionIndex) WITH ID AGENTX-MIB:agentx-mib-node-container-agentxRegistration-list-agentxRegistrationEntry-agentxSessionIndex
8638 [Test worker] INFO  x.yang.diagram.YangDiagramGenerator  - CREATED ELEMENT FOR statement:io.typefox.yang.yang.impl.LeafImpl@621aa3b1 (name: agentxRegIndex) WITH ID AGENTX-MIB:agentx-mib-node-container-agentxRegistration-list-agentxRegistrationEntry-agentxRegIndex
8638 [Test worker] INFO  x.yang.diagram.YangDiagramGenerator  - CREATED ELEMENT FOR statement:io.typefox.yang.yang.impl.LeafImpl@1c1ad3b7 (name: agentxRegContext) WITH ID AGENTX-MIB:agentx-mib-node-container-agentxRegistration-list-agentxRegistrationEntry-agentxRegContext
8638 [Test worker] INFO  x.yang.diagram.YangDiagramGenerator  - CREATED ELEMENT FOR statement:io.typefox.yang.yang.impl.LeafImpl@579c7ae (name: agentxRegStart) WITH ID AGENTX-MIB:agentx-mib-node-container-agentxRegistration-list-agentxRegistrationEntry-agentxRegStart
8638 [Test worker] INFO  x.yang.diagram.YangDiagramGenerator  - CREATED ELEMENT FOR statement:io.typefox.yang.yang.impl.LeafImpl@76a13bf8 (name: agentxRegRangeSubId) WITH ID AGENTX-MIB:agentx-mib-node-container-agentxRegistration-list-agentxRegistrationEntry-agentxRegRangeSubId
8638 [Test worker] INFO  x.yang.diagram.YangDiagramGenerator  - CREATED ELEMENT FOR statement:io.typefox.yang.yang.impl.LeafImpl@419119b6 (name: agentxRegUpperBound) WITH ID AGENTX-MIB:agentx-mib-node-container-agentxRegistration-list-agentxRegistrationEntry-agentxRegUpperBound
8638 [Test worker] INFO  x.yang.diagram.YangDiagramGenerator  - CREATED ELEMENT FOR statement:io.typefox.yang.yang.impl.LeafImpl@b5cfd58 (name: agentxRegPriority) WITH ID AGENTX-MIB:agentx-mib-node-container-agentxRegistration-list-agentxRegistrationEntry-agentxRegPriority
8638 [Test worker] INFO  x.yang.diagram.YangDiagramGenerator  - CREATED ELEMENT FOR statement:io.typefox.yang.yang.impl.LeafImpl@40530f2a (name: agentxRegTimeout) WITH ID AGENTX-MIB:agentx-mib-node-container-agentxRegistration-list-agentxRegistrationEntry-agentxRegTimeout
8638 [Test worker] INFO  x.yang.diagram.YangDiagramGenerator  - CREATED ELEMENT FOR statement:io.typefox.yang.yang.impl.LeafImpl@3f528223 (name: agentxRegInstance) WITH ID AGENTX-MIB:agentx-mib-node-container-agentxRegistration-list-agentxRegistrationEntry-agentxRegInstance
8638 [Test worker] INFO  x.yang.diagram.YangDiagramGenerator  - CREATED ELEMENT FOR statement:io.typefox.yang.yang.impl.ListImpl@76c770d6 (name: agentxRegistrationEntry) WITH ID AGENTX-MIB:agentx-mib-node-container-agentxRegistration-list-agentxRegistrationEntry
8638 [Test worker] INFO  x.yang.diagram.YangDiagramGenerator  - CREATED ELEMENT FOR statement:io.typefox.yang.yang.impl.ContainerImpl@1a9de56b (name: agentxRegistration) WITH ID AGENTX-MIB:agentx-mib-node-container-agentxRegistration
8638 [Test worker] INFO  x.yang.diagram.YangDiagramGenerator  - CREATED ELEMENT FOR statement:io.typefox.yang.yang.impl.ModuleImpl@426f934d (name: AGENTX-MIB) WITH ID AGENTX-MIB:agentx-mib
8698 [Test worker] INFO  x.yang.diagram.YangDiagramGenerator  - Generating diagram for input: 'ietf-system.yang'
8698 [Test worker] INFO  x.yang.diagram.YangDiagramGenerator  - CREATED ELEMENT FOR statement:io.typefox.yang.yang.impl.TypedefImpl@1a237649 (name: timezone-name) WITH ID ietf-system:sys-node-typedef-timezone-name
8698 [Test worker] INFO  x.yang.diagram.YangDiagramGenerator  - CREATED ELEMENT FOR statement:io.typefox.yang.yang.impl.IdentityImpl@6e6422c (name: authentication-method) WITH ID ietf-system:sys-node-identity-authentication-method
8698 [Test worker] INFO  x.yang.diagram.YangDiagramGenerator  - CREATED ELEMENT FOR statement:io.typefox.yang.yang.impl.IdentityImpl@4b022837 (name: radius-authentication-type) WITH ID ietf-system:sys-node-identity-radius-authentication-type
8699 [Test worker] INFO  x.yang.diagram.YangDiagramGenerator  - CREATED ELEMENT FOR statement:io.typefox.yang.yang.impl.LeafImpl@74779272 (name: contact) WITH ID ietf-system:sys-node-container-system-contact
8699 [Test worker] INFO  x.yang.diagram.YangDiagramGenerator  - CREATED ELEMENT FOR statement:io.typefox.yang.yang.impl.LeafImpl@7567338b (name: hostname) WITH ID ietf-system:sys-node-container-system-hostname
8699 [Test worker] INFO  x.yang.diagram.YangDiagramGenerator  - CREATED ELEMENT FOR statement:io.typefox.yang.yang.impl.LeafImpl@41a4f829 (name: location) WITH ID ietf-system:sys-node-container-system-location
8699 [Test worker] INFO  x.yang.diagram.YangDiagramGenerator  - CREATED ELEMENT FOR statement:io.typefox.yang.yang.impl.LeafImpl@1b3d33ba (name: timezone-name) WITH ID ietf-system:sys-node-container-system-container-clock-timezone-choice-timezone-name-case-timezone-name
8699 [Test worker] INFO  x.yang.diagram.YangDiagramGenerator  - CREATED ELEMENT FOR statement:io.typefox.yang.yang.impl.LeafImpl@5311d6ad (name: timezone-utc-offset) WITH ID ietf-system:sys-node-container-system-container-clock-timezone-choice-timezone-utc-offset-case-timezone-utc-offset
8699 [Test worker] INFO  x.yang.diagram.YangDiagramGenerator  - CREATED ELEMENT FOR statement:io.typefox.yang.yang.impl.ChoiceImpl@1f265c2f (name: timezone) WITH ID ietf-system:sys-node-container-system-container-clock-timezone-choice
8699 [Test worker] INFO  x.yang.diagram.YangDiagramGenerator  - CREATED ELEMENT FOR statement:io.typefox.yang.yang.impl.ContainerImpl@79a58a52 (name: clock) WITH ID ietf-system:sys-node-container-system-container-clock
8699 [Test worker] INFO  x.yang.diagram.YangDiagramGenerator  - CREATED ELEMENT FOR statement:io.typefox.yang.yang.impl.LeafImpl@bf7d63f (name: enabled) WITH ID ietf-system:sys-node-container-system-container-ntp-enabled
8699 [Test worker] INFO  x.yang.diagram.YangDiagramGenerator  - CREATED ELEMENT FOR statement:io.typefox.yang.yang.impl.LeafImpl@560ecd52 (name: name) WITH ID ietf-system:sys-node-container-system-container-ntp-list-server-name
8699 [Test worker] INFO  x.yang.diagram.YangDiagramGenerator  - CREATED ELEMENT FOR statement:io.typefox.yang.yang.impl.LeafImpl@7be42498 (name: association-type) WITH ID ietf-system:sys-node-container-system-container-ntp-list-server-association-type
8699 [Test worker] INFO  x.yang.diagram.YangDiagramGenerator  - CREATED ELEMENT FOR statement:io.typefox.yang.yang.impl.LeafImpl@2ec6c6ac (name: iburst) WITH ID ietf-system:sys-node-container-system-container-ntp-list-server-iburst
8699 [Test worker] INFO  x.yang.diagram.YangDiagramGenerator  - CREATED ELEMENT FOR statement:io.typefox.yang.yang.impl.LeafImpl@1b35bb65 (name: prefer) WITH ID ietf-system:sys-node-container-system-container-ntp-list-server-prefer
8699 [Test worker] INFO  x.yang.diagram.YangDiagramGenerator  - CREATED ELEMENT FOR statement:io.typefox.yang.yang.impl.LeafImpl@3b71810c (name: address) WITH ID ietf-system:sys-node-container-system-container-ntp-list-server-transport-choice-udp-case-container-udp-address
8700 [Test worker] INFO  x.yang.diagram.YangDiagramGenerator  - CREATED ELEMENT FOR statement:io.typefox.yang.yang.impl.LeafImpl@61eba21e (name: port) WITH ID ietf-system:sys-node-container-system-container-ntp-list-server-transport-choice-udp-case-container-udp-port
8700 [Test worker] INFO  x.yang.diagram.YangDiagramGenerator  - CREATED ELEMENT FOR statement:io.typefox.yang.yang.impl.ContainerImpl@7980fb29 (name: udp) WITH ID ietf-system:sys-node-container-system-container-ntp-list-server-transport-choice-udp-case-container-udp
8700 [Test worker] INFO  x.yang.diagram.YangDiagramGenerator  - CREATED ELEMENT FOR statement:io.typefox.yang.yang.impl.ChoiceImpl@4fd899ef (name: transport) WITH ID ietf-system:sys-node-container-system-container-ntp-list-server-transport-choice
8700 [Test worker] INFO  x.yang.diagram.YangDiagramGenerator  - CREATED ELEMENT FOR statement:io.typefox.yang.yang.impl.ListImpl@781608f9 (name: server) WITH ID ietf-system:sys-node-container-system-container-ntp-list-server
8700 [Test worker] INFO  x.yang.diagram.YangDiagramGenerator  - CREATED ELEMENT FOR statement:io.typefox.yang.yang.impl.ContainerImpl@44d1beb7 (name: ntp) WITH ID ietf-system:sys-node-container-system-container-ntp
8700 [Test worker] INFO  x.yang.diagram.YangDiagramGenerator  - CREATED ELEMENT FOR statement:io.typefox.yang.yang.impl.LeafListImpl@3a764cb7 (name: search) WITH ID ietf-system:sys-node-container-system-container-dns-resolver-search
8701 [Test worker] INFO  x.yang.diagram.YangDiagramGenerator  - CREATED ELEMENT FOR statement:io.typefox.yang.yang.impl.LeafImpl@31eabdf7 (name: name) WITH ID ietf-system:sys-node-container-system-container-dns-resolver-list-server-name
8702 [Test worker] INFO  x.yang.diagram.YangDiagramGenerator  - CREATED ELEMENT FOR statement:io.typefox.yang.yang.impl.LeafImpl@79f33af3 (name: address) WITH ID ietf-system:sys-node-container-system-container-dns-resolver-list-server-transport-choice-udp-and-tcp-case-container-udp-and-tcp-address
8702 [Test worker] INFO  x.yang.diagram.YangDiagramGenerator  - CREATED ELEMENT FOR statement:io.typefox.yang.yang.impl.LeafImpl@309e077c (name: port) WITH ID ietf-system:sys-node-container-system-container-dns-resolver-list-server-transport-choice-udp-and-tcp-case-container-udp-and-tcp-port
8702 [Test worker] INFO  x.yang.diagram.YangDiagramGenerator  - CREATED ELEMENT FOR statement:io.typefox.yang.yang.impl.ContainerImpl@3805f62c (name: udp-and-tcp) WITH ID ietf-system:sys-node-container-system-container-dns-resolver-list-server-transport-choice-udp-and-tcp-case-container-udp-and-tcp
8702 [Test worker] INFO  x.yang.diagram.YangDiagramGenerator  - CREATED ELEMENT FOR statement:io.typefox.yang.yang.impl.ChoiceImpl@5ce4f1de (name: transport) WITH ID ietf-system:sys-node-container-system-container-dns-resolver-list-server-transport-choice
8702 [Test worker] INFO  x.yang.diagram.YangDiagramGenerator  - CREATED ELEMENT FOR statement:io.typefox.yang.yang.impl.ListImpl@3ca06c13 (name: server) WITH ID ietf-system:sys-node-container-system-container-dns-resolver-list-server
8702 [Test worker] INFO  x.yang.diagram.YangDiagramGenerator  - CREATED ELEMENT FOR statement:io.typefox.yang.yang.impl.LeafImpl@7c45391c (name: timeout) WITH ID ietf-system:sys-node-container-system-container-dns-resolver-container-options-timeout
8702 [Test worker] INFO  x.yang.diagram.YangDiagramGenerator  - CREATED ELEMENT FOR statement:io.typefox.yang.yang.impl.LeafImpl@6be6042e (name: attempts) WITH ID ietf-system:sys-node-container-system-container-dns-resolver-container-options-attempts
8702 [Test worker] INFO  x.yang.diagram.YangDiagramGenerator  - CREATED ELEMENT FOR statement:io.typefox.yang.yang.impl.ContainerImpl@1077728d (name: options) WITH ID ietf-system:sys-node-container-system-container-dns-resolver-container-options
8702 [Test worker] INFO  x.yang.diagram.YangDiagramGenerator  - CREATED ELEMENT FOR statement:io.typefox.yang.yang.impl.ContainerImpl@2f084464 (name: dns-resolver) WITH ID ietf-system:sys-node-container-system-container-dns-resolver
8702 [Test worker] INFO  x.yang.diagram.YangDiagramGenerator  - CREATED ELEMENT FOR statement:io.typefox.yang.yang.impl.LeafImpl@7a500540 (name: name) WITH ID ietf-system:sys-node-container-system-container-radius-list-server-name
8702 [Test worker] INFO  x.yang.diagram.YangDiagramGenerator  - CREATED ELEMENT FOR statement:io.typefox.yang.yang.impl.LeafImpl@214cb950 (name: authentication-type) WITH ID ietf-system:sys-node-container-system-container-radius-list-server-authentication-type
8702 [Test worker] INFO  x.yang.diagram.YangDiagramGenerator  - CREATED ELEMENT FOR statement:io.typefox.yang.yang.impl.LeafImpl@a0454ee (name: address) WITH ID ietf-system:sys-node-container-system-container-radius-list-server-transport-choice-udp-case-container-udp-address
8702 [Test worker] INFO  x.yang.diagram.YangDiagramGenerator  - CREATED ELEMENT FOR statement:io.typefox.yang.yang.impl.LeafImpl@67c21aae (name: authentication-port) WITH ID ietf-system:sys-node-container-system-container-radius-list-server-transport-choice-udp-case-container-udp-authentication-port
8702 [Test worker] INFO  x.yang.diagram.YangDiagramGenerator  - CREATED ELEMENT FOR statement:io.typefox.yang.yang.impl.LeafImpl@1d427913 (name: shared-secret) WITH ID ietf-system:sys-node-container-system-container-radius-list-server-transport-choice-udp-case-container-udp-shared-secret
8702 [Test worker] INFO  x.yang.diagram.YangDiagramGenerator  - CREATED ELEMENT FOR statement:io.typefox.yang.yang.impl.ContainerImpl@5900c5d2 (name: udp) WITH ID ietf-system:sys-node-container-system-container-radius-list-server-transport-choice-udp-case-container-udp
8702 [Test worker] INFO  x.yang.diagram.YangDiagramGenerator  - CREATED ELEMENT FOR statement:io.typefox.yang.yang.impl.ChoiceImpl@718b5938 (name: transport) WITH ID ietf-system:sys-node-container-system-container-radius-list-server-transport-choice
8703 [Test worker] INFO  x.yang.diagram.YangDiagramGenerator  - CREATED ELEMENT FOR statement:io.typefox.yang.yang.impl.ListImpl@66b3acd (name: server) WITH ID ietf-system:sys-node-container-system-container-radius-list-server
8703 [Test worker] INFO  x.yang.diagram.YangDiagramGenerator  - CREATED ELEMENT FOR statement:io.typefox.yang.yang.impl.LeafImpl@8ef51f2 (name: timeout) WITH ID ietf-system:sys-node-container-system-container-radius-container-options-timeout
8703 [Test worker] INFO  x.yang.diagram.YangDiagramGenerator  - CREATED ELEMENT FOR statement:io.typefox.yang.yang.impl.LeafImpl@571e2b68 (name: attempts) WITH ID ietf-system:sys-node-container-system-container-radius-container-options-attempts
8703 [Test worker] INFO  x.yang.diagram.YangDiagramGenerator  - CREATED ELEMENT FOR statement:io.typefox.yang.yang.impl.ContainerImpl@7cf7ea2a (name: options) WITH ID ietf-system:sys-node-container-system-container-radius-container-options
8703 [Test worker] INFO  x.yang.diagram.YangDiagramGenerator  - CREATED ELEMENT FOR statement:io.typefox.yang.yang.impl.ContainerImpl@23150a2b (name: radius) WITH ID ietf-system:sys-node-container-system-container-radius
8703 [Test worker] INFO  x.yang.diagram.YangDiagramGenerator  - CREATED ELEMENT FOR statement:io.typefox.yang.yang.impl.LeafListImpl@5107af7a (name: user-authentication-order) WITH ID ietf-system:sys-node-container-system-container-authentication-user-authentication-order
8703 [Test worker] INFO  x.yang.diagram.YangDiagramGenerator  - CREATED ELEMENT FOR statement:io.typefox.yang.yang.impl.LeafImpl@77648b59 (name: name) WITH ID ietf-system:sys-node-container-system-container-authentication-list-user-name
8703 [Test worker] INFO  x.yang.diagram.YangDiagramGenerator  - CREATED ELEMENT FOR statement:io.typefox.yang.yang.impl.LeafImpl@34019925 (name: password) WITH ID ietf-system:sys-node-container-system-container-authentication-list-user-password
8703 [Test worker] INFO  x.yang.diagram.YangDiagramGenerator  - CREATED ELEMENT FOR statement:io.typefox.yang.yang.impl.LeafImpl@3fce99dc (name: name) WITH ID ietf-system:sys-node-container-system-container-authentication-list-user-list-authorized-key-name
8703 [Test worker] INFO  x.yang.diagram.YangDiagramGenerator  - CREATED ELEMENT FOR statement:io.typefox.yang.yang.impl.LeafImpl@53de9d20 (name: algorithm) WITH ID ietf-system:sys-node-container-system-container-authentication-list-user-list-authorized-key-algorithm
8703 [Test worker] INFO  x.yang.diagram.YangDiagramGenerator  - CREATED ELEMENT FOR statement:io.typefox.yang.yang.impl.LeafImpl@b3ea41 (name: key-data) WITH ID ietf-system:sys-node-container-system-container-authentication-list-user-list-authorized-key-key-data
8703 [Test worker] INFO  x.yang.diagram.YangDiagramGenerator  - CREATED ELEMENT FOR statement:io.typefox.yang.yang.impl.ListImpl@38c393c3 (name: authorized-key) WITH ID ietf-system:sys-node-container-system-container-authentication-list-user-list-authorized-key
8703 [Test worker] INFO  x.yang.diagram.YangDiagramGenerator  - CREATED ELEMENT FOR statement:io.typefox.yang.yang.impl.ListImpl@7388fd7e (name: user) WITH ID ietf-system:sys-node-container-system-container-authentication-list-user
8703 [Test worker] INFO  x.yang.diagram.YangDiagramGenerator  - CREATED ELEMENT FOR statement:io.typefox.yang.yang.impl.ContainerImpl@541849b2 (name: authentication) WITH ID ietf-system:sys-node-container-system-container-authentication
8703 [Test worker] INFO  x.yang.diagram.YangDiagramGenerator  - CREATED ELEMENT FOR statement:io.typefox.yang.yang.impl.ContainerImpl@4b664092 (name: system) WITH ID ietf-system:sys-node-container-system
8703 [Test worker] INFO  x.yang.diagram.YangDiagramGenerator  - CREATED ELEMENT FOR statement:io.typefox.yang.yang.impl.LeafImpl@6f9f8fb6 (name: os-name) WITH ID ietf-system:sys-node-container-system-state-container-platform-os-name
8704 [Test worker] INFO  x.yang.diagram.YangDiagramGenerator  - CREATED ELEMENT FOR statement:io.typefox.yang.yang.impl.LeafImpl@5b48ec36 (name: os-release) WITH ID ietf-system:sys-node-container-system-state-container-platform-os-release
8704 [Test worker] INFO  x.yang.diagram.YangDiagramGenerator  - CREATED ELEMENT FOR statement:io.typefox.yang.yang.impl.LeafImpl@4d8b7b34 (name: os-version) WITH ID ietf-system:sys-node-container-system-state-container-platform-os-version
8706 [Test worker] INFO  x.yang.diagram.YangDiagramGenerator  - CREATED ELEMENT FOR statement:io.typefox.yang.yang.impl.LeafImpl@3410c0c7 (name: machine) WITH ID ietf-system:sys-node-container-system-state-container-platform-machine
8707 [Test worker] INFO  x.yang.diagram.YangDiagramGenerator  - CREATED ELEMENT FOR statement:io.typefox.yang.yang.impl.ContainerImpl@27610bcc (name: platform) WITH ID ietf-system:sys-node-container-system-state-container-platform
8707 [Test worker] INFO  x.yang.diagram.YangDiagramGenerator  - CREATED ELEMENT FOR statement:io.typefox.yang.yang.impl.LeafImpl@3bd47a4a (name: current-datetime) WITH ID ietf-system:sys-node-container-system-state-container-clock-current-datetime
8707 [Test worker] INFO  x.yang.diagram.YangDiagramGenerator  - CREATED ELEMENT FOR statement:io.typefox.yang.yang.impl.LeafImpl@2d90e4df (name: boot-datetime) WITH ID ietf-system:sys-node-container-system-state-container-clock-boot-datetime
8707 [Test worker] INFO  x.yang.diagram.YangDiagramGenerator  - CREATED ELEMENT FOR statement:io.typefox.yang.yang.impl.ContainerImpl@1fb41f52 (name: clock) WITH ID ietf-system:sys-node-container-system-state-container-clock
8707 [Test worker] INFO  x.yang.diagram.YangDiagramGenerator  - CREATED ELEMENT FOR statement:io.typefox.yang.yang.impl.ContainerImpl@30a45803 (name: system-state) WITH ID ietf-system:sys-node-container-system-state
8707 [Test worker] INFO  x.yang.diagram.YangDiagramGenerator  - CREATED ELEMENT FOR statement:io.typefox.yang.yang.impl.LeafImpl@28ba6277 (name: current-datetime) WITH ID ietf-system:sys-node-rpc set-current-datetime-pill-input-current-datetime
8707 [Test worker] INFO  x.yang.diagram.YangDiagramGenerator  - CREATED ELEMENT FOR statement:io.typefox.yang.yang.impl.InputImpl@226dda3 (name: null) WITH ID ietf-system:sys-node-rpc set-current-datetime-pill-input
8707 [Test worker] INFO  x.yang.diagram.YangDiagramGenerator  - CREATED ELEMENT FOR statement:io.typefox.yang.yang.impl.RpcImpl@3d570c3a (name: set-current-datetime) WITH ID ietf-system:sys-node-rpc set-current-datetime-pill
8707 [Test worker] INFO  x.yang.diagram.YangDiagramGenerator  - CREATED ELEMENT FOR statement:io.typefox.yang.yang.impl.RpcImpl@2fa13fd3 (name: system-restart) WITH ID ietf-system:sys-node-rpc system-restart-pill
8707 [Test worker] INFO  x.yang.diagram.YangDiagramGenerator  - CREATED ELEMENT FOR statement:io.typefox.yang.yang.impl.RpcImpl@5473498a (name: system-shutdown) WITH ID ietf-system:sys-node-rpc system-shutdown-pill
8707 [Test worker] INFO  x.yang.diagram.YangDiagramGenerator  - CREATED ELEMENT FOR statement:io.typefox.yang.yang.impl.ModuleImpl@600c4d62 (name: ietf-system) WITH ID ietf-system:sys
8834 [Test worker] INFO  x.yang.diagram.YangDiagramGenerator  - Generating diagram for input: 'IP-MIB.yang'
8834 [Test worker] INFO  x.yang.diagram.YangDiagramGenerator  - CREATED ELEMENT FOR statement:io.typefox.yang.yang.impl.TypedefImpl@5fe9e6f (name: IpAddressOriginTC) WITH ID IP-MIB:ip-mib-node-typedef-IpAddressOriginTC
8834 [Test worker] INFO  x.yang.diagram.YangDiagramGenerator  - CREATED ELEMENT FOR statement:io.typefox.yang.yang.impl.TypedefImpl@67e61c1f (name: IpAddressStatusTC) WITH ID IP-MIB:ip-mib-node-typedef-IpAddressStatusTC
8834 [Test worker] INFO  x.yang.diagram.YangDiagramGenerator  - CREATED ELEMENT FOR statement:io.typefox.yang.yang.impl.TypedefImpl@6586774e (name: IpAddressPrefixOriginTC) WITH ID IP-MIB:ip-mib-node-typedef-IpAddressPrefixOriginTC
8834 [Test worker] INFO  x.yang.diagram.YangDiagramGenerator  - CREATED ELEMENT FOR statement:io.typefox.yang.yang.impl.TypedefImpl@75430c04 (name: Ipv6AddressIfIdentifierTC) WITH ID IP-MIB:ip-mib-node-typedef-Ipv6AddressIfIdentifierTC
8834 [Test worker] INFO  x.yang.diagram.YangDiagramGenerator  - CREATED ELEMENT FOR statement:io.typefox.yang.yang.impl.LeafImpl@43fe925 (name: ipForwarding) WITH ID IP-MIB:ip-mib-node-container-ip-ipForwarding
8835 [Test worker] INFO  x.yang.diagram.YangDiagramGenerator  - CREATED ELEMENT FOR statement:io.typefox.yang.yang.impl.LeafImpl@536e0b59 (name: ipDefaultTTL) WITH ID IP-MIB:ip-mib-node-container-ip-ipDefaultTTL
8835 [Test worker] INFO  x.yang.diagram.YangDiagramGenerator  - CREATED ELEMENT FOR statement:io.typefox.yang.yang.impl.LeafImpl@5843a7d (name: ipInReceives) WITH ID IP-MIB:ip-mib-node-container-ip-ipInReceives
8835 [Test worker] INFO  x.yang.diagram.YangDiagramGenerator  - CREATED ELEMENT FOR statement:io.typefox.yang.yang.impl.LeafImpl@68ca25e5 (name: ipInHdrErrors) WITH ID IP-MIB:ip-mib-node-container-ip-ipInHdrErrors
8835 [Test worker] INFO  x.yang.diagram.YangDiagramGenerator  - CREATED ELEMENT FOR statement:io.typefox.yang.yang.impl.LeafImpl@13478f18 (name: ipInAddrErrors) WITH ID IP-MIB:ip-mib-node-container-ip-ipInAddrErrors
8835 [Test worker] INFO  x.yang.diagram.YangDiagramGenerator  - CREATED ELEMENT FOR statement:io.typefox.yang.yang.impl.LeafImpl@30507aea (name: ipForwDatagrams) WITH ID IP-MIB:ip-mib-node-container-ip-ipForwDatagrams
8835 [Test worker] INFO  x.yang.diagram.YangDiagramGenerator  - CREATED ELEMENT FOR statement:io.typefox.yang.yang.impl.LeafImpl@14a3f94f (name: ipInUnknownProtos) WITH ID IP-MIB:ip-mib-node-container-ip-ipInUnknownProtos
8835 [Test worker] INFO  x.yang.diagram.YangDiagramGenerator  - CREATED ELEMENT FOR statement:io.typefox.yang.yang.impl.LeafImpl@2dff0333 (name: ipInDiscards) WITH ID IP-MIB:ip-mib-node-container-ip-ipInDiscards
8835 [Test worker] INFO  x.yang.diagram.YangDiagramGenerator  - CREATED ELEMENT FOR statement:io.typefox.yang.yang.impl.LeafImpl@2ef76db (name: ipInDelivers) WITH ID IP-MIB:ip-mib-node-container-ip-ipInDelivers
8835 [Test worker] INFO  x.yang.diagram.YangDiagramGenerator  - CREATED ELEMENT FOR statement:io.typefox.yang.yang.impl.LeafImpl@31dbdb46 (name: ipOutRequests) WITH ID IP-MIB:ip-mib-node-container-ip-ipOutRequests
8835 [Test worker] INFO  x.yang.diagram.YangDiagramGenerator  - CREATED ELEMENT FOR statement:io.typefox.yang.yang.impl.LeafImpl@3a3925b3 (name: ipOutDiscards) WITH ID IP-MIB:ip-mib-node-container-ip-ipOutDiscards
8835 [Test worker] INFO  x.yang.diagram.YangDiagramGenerator  - CREATED ELEMENT FOR statement:io.typefox.yang.yang.impl.LeafImpl@6f0a5f5c (name: ipOutNoRoutes) WITH ID IP-MIB:ip-mib-node-container-ip-ipOutNoRoutes
8835 [Test worker] INFO  x.yang.diagram.YangDiagramGenerator  - CREATED ELEMENT FOR statement:io.typefox.yang.yang.impl.LeafImpl@162ab5c8 (name: ipReasmTimeout) WITH ID IP-MIB:ip-mib-node-container-ip-ipReasmTimeout
8835 [Test worker] INFO  x.yang.diagram.YangDiagramGenerator  - CREATED ELEMENT FOR statement:io.typefox.yang.yang.impl.LeafImpl@79444da0 (name: ipReasmReqds) WITH ID IP-MIB:ip-mib-node-container-ip-ipReasmReqds
8835 [Test worker] INFO  x.yang.diagram.YangDiagramGenerator  - CREATED ELEMENT FOR statement:io.typefox.yang.yang.impl.LeafImpl@aa3fb86 (name: ipReasmOKs) WITH ID IP-MIB:ip-mib-node-container-ip-ipReasmOKs
8835 [Test worker] INFO  x.yang.diagram.YangDiagramGenerator  - CREATED ELEMENT FOR statement:io.typefox.yang.yang.impl.LeafImpl@37eeb531 (name: ipReasmFails) WITH ID IP-MIB:ip-mib-node-container-ip-ipReasmFails
8835 [Test worker] INFO  x.yang.diagram.YangDiagramGenerator  - CREATED ELEMENT FOR statement:io.typefox.yang.yang.impl.LeafImpl@74a9d2f1 (name: ipFragOKs) WITH ID IP-MIB:ip-mib-node-container-ip-ipFragOKs
8835 [Test worker] INFO  x.yang.diagram.YangDiagramGenerator  - CREATED ELEMENT FOR statement:io.typefox.yang.yang.impl.LeafImpl@2f5bb889 (name: ipFragFails) WITH ID IP-MIB:ip-mib-node-container-ip-ipFragFails
8835 [Test worker] INFO  x.yang.diagram.YangDiagramGenerator  - CREATED ELEMENT FOR statement:io.typefox.yang.yang.impl.LeafImpl@3a31192f (name: ipFragCreates) WITH ID IP-MIB:ip-mib-node-container-ip-ipFragCreates
8835 [Test worker] INFO  x.yang.diagram.YangDiagramGenerator  - CREATED ELEMENT FOR statement:io.typefox.yang.yang.impl.LeafImpl@78b47465 (name: ipRoutingDiscards) WITH ID IP-MIB:ip-mib-node-container-ip-ipRoutingDiscards
8835 [Test worker] INFO  x.yang.diagram.YangDiagramGenerator  - CREATED ELEMENT FOR statement:io.typefox.yang.yang.impl.LeafImpl@42b01fd8 (name: ipv6IpForwarding) WITH ID IP-MIB:ip-mib-node-container-ip-ipv6IpForwarding
8835 [Test worker] INFO  x.yang.diagram.YangDiagramGenerator  - CREATED ELEMENT FOR statement:io.typefox.yang.yang.impl.LeafImpl@305d78f7 (name: ipv6IpDefaultHopLimit) WITH ID IP-MIB:ip-mib-node-container-ip-ipv6IpDefaultHopLimit
8835 [Test worker] INFO  x.yang.diagram.YangDiagramGenerator  - CREATED ELEMENT FOR statement:io.typefox.yang.yang.impl.LeafImpl@297e7b2 (name: ipv4InterfaceTableLastChange) WITH ID IP-MIB:ip-mib-node-container-ip-ipv4InterfaceTableLastChange
8835 [Test worker] INFO  x.yang.diagram.YangDiagramGenerator  - CREATED ELEMENT FOR statement:io.typefox.yang.yang.impl.LeafImpl@595bacd9 (name: ipv6InterfaceTableLastChange) WITH ID IP-MIB:ip-mib-node-container-ip-ipv6InterfaceTableLastChange
8835 [Test worker] INFO  x.yang.diagram.YangDiagramGenerator  - CREATED ELEMENT FOR statement:io.typefox.yang.yang.impl.LeafImpl@1bd726f5 (name: ipAddressSpinLock) WITH ID IP-MIB:ip-mib-node-container-ip-ipAddressSpinLock
8835 [Test worker] INFO  x.yang.diagram.YangDiagramGenerator  - CREATED ELEMENT FOR statement:io.typefox.yang.yang.impl.LeafImpl@40967fb8 (name: ipv6RouterAdvertSpinLock) WITH ID IP-MIB:ip-mib-node-container-ip-ipv6RouterAdvertSpinLock
8835 [Test worker] INFO  x.yang.diagram.YangDiagramGenerator  - CREATED ELEMENT FOR statement:io.typefox.yang.yang.impl.LeafImpl@7d81ba6f (name: ipAdEntAddr) WITH ID IP-MIB:ip-mib-node-container-ip-list-ipAddrEntry-ipAdEntAddr
8835 [Test worker] INFO  x.yang.diagram.YangDiagramGenerator  - CREATED ELEMENT FOR statement:io.typefox.yang.yang.impl.LeafImpl@79b8ec62 (name: ipAdEntIfIndex) WITH ID IP-MIB:ip-mib-node-container-ip-list-ipAddrEntry-ipAdEntIfIndex
8835 [Test worker] INFO  x.yang.diagram.YangDiagramGenerator  - CREATED ELEMENT FOR statement:io.typefox.yang.yang.impl.LeafImpl@5bfa8d2e (name: ipAdEntNetMask) WITH ID IP-MIB:ip-mib-node-container-ip-list-ipAddrEntry-ipAdEntNetMask
8835 [Test worker] INFO  x.yang.diagram.YangDiagramGenerator  - CREATED ELEMENT FOR statement:io.typefox.yang.yang.impl.LeafImpl@28e24256 (name: ipAdEntBcastAddr) WITH ID IP-MIB:ip-mib-node-container-ip-list-ipAddrEntry-ipAdEntBcastAddr
8835 [Test worker] INFO  x.yang.diagram.YangDiagramGenerator  - CREATED ELEMENT FOR statement:io.typefox.yang.yang.impl.LeafImpl@58c0c7e7 (name: ipAdEntReasmMaxSize) WITH ID IP-MIB:ip-mib-node-container-ip-list-ipAddrEntry-ipAdEntReasmMaxSize
8835 [Test worker] INFO  x.yang.diagram.YangDiagramGenerator  - CREATED ELEMENT FOR statement:io.typefox.yang.yang.impl.ListImpl@66a5fb61 (name: ipAddrEntry) WITH ID IP-MIB:ip-mib-node-container-ip-list-ipAddrEntry
8836 [Test worker] INFO  x.yang.diagram.YangDiagramGenerator  - CREATED ELEMENT FOR statement:io.typefox.yang.yang.impl.LeafImpl@69399966 (name: ipNetToMediaIfIndex) WITH ID IP-MIB:ip-mib-node-container-ip-list-ipNetToMediaEntry-ipNetToMediaIfIndex
8836 [Test worker] INFO  x.yang.diagram.YangDiagramGenerator  - CREATED ELEMENT FOR statement:io.typefox.yang.yang.impl.LeafImpl@537396e5 (name: ipNetToMediaPhysAddress) WITH ID IP-MIB:ip-mib-node-container-ip-list-ipNetToMediaEntry-ipNetToMediaPhysAddress
8836 [Test worker] INFO  x.yang.diagram.YangDiagramGenerator  - CREATED ELEMENT FOR statement:io.typefox.yang.yang.impl.LeafImpl@d528c93 (name: ipNetToMediaNetAddress) WITH ID IP-MIB:ip-mib-node-container-ip-list-ipNetToMediaEntry-ipNetToMediaNetAddress
8836 [Test worker] INFO  x.yang.diagram.YangDiagramGenerator  - CREATED ELEMENT FOR statement:io.typefox.yang.yang.impl.LeafImpl@446500ab (name: ipNetToMediaType) WITH ID IP-MIB:ip-mib-node-container-ip-list-ipNetToMediaEntry-ipNetToMediaType
8836 [Test worker] INFO  x.yang.diagram.YangDiagramGenerator  - CREATED ELEMENT FOR statement:io.typefox.yang.yang.impl.ListImpl@613253e8 (name: ipNetToMediaEntry) WITH ID IP-MIB:ip-mib-node-container-ip-list-ipNetToMediaEntry
8836 [Test worker] INFO  x.yang.diagram.YangDiagramGenerator  - CREATED ELEMENT FOR statement:io.typefox.yang.yang.impl.LeafImpl@2eb93595 (name: ipv4InterfaceIfIndex) WITH ID IP-MIB:ip-mib-node-container-ip-list-ipv4InterfaceEntry-ipv4InterfaceIfIndex
8836 [Test worker] INFO  x.yang.diagram.YangDiagramGenerator  - CREATED ELEMENT FOR statement:io.typefox.yang.yang.impl.LeafImpl@371602c5 (name: ipv4InterfaceReasmMaxSize) WITH ID IP-MIB:ip-mib-node-container-ip-list-ipv4InterfaceEntry-ipv4InterfaceReasmMaxSize
8836 [Test worker] INFO  x.yang.diagram.YangDiagramGenerator  - CREATED ELEMENT FOR statement:io.typefox.yang.yang.impl.LeafImpl@5b1a3cd4 (name: ipv4InterfaceEnableStatus) WITH ID IP-MIB:ip-mib-node-container-ip-list-ipv4InterfaceEntry-ipv4InterfaceEnableStatus
8836 [Test worker] INFO  x.yang.diagram.YangDiagramGenerator  - CREATED ELEMENT FOR statement:io.typefox.yang.yang.impl.LeafImpl@28c4894c (name: ipv4InterfaceRetransmitTime) WITH ID IP-MIB:ip-mib-node-container-ip-list-ipv4InterfaceEntry-ipv4InterfaceRetransmitTime
8836 [Test worker] INFO  x.yang.diagram.YangDiagramGenerator  - CREATED ELEMENT FOR statement:io.typefox.yang.yang.impl.ListImpl@4fb6045c (name: ipv4InterfaceEntry) WITH ID IP-MIB:ip-mib-node-container-ip-list-ipv4InterfaceEntry
8836 [Test worker] INFO  x.yang.diagram.YangDiagramGenerator  - CREATED ELEMENT FOR statement:io.typefox.yang.yang.impl.LeafImpl@48312745 (name: ipv6InterfaceIfIndex) WITH ID IP-MIB:ip-mib-node-container-ip-list-ipv6InterfaceEntry-ipv6InterfaceIfIndex
8836 [Test worker] INFO  x.yang.diagram.YangDiagramGenerator  - CREATED ELEMENT FOR statement:io.typefox.yang.yang.impl.LeafImpl@42475e0b (name: ipv6InterfaceReasmMaxSize) WITH ID IP-MIB:ip-mib-node-container-ip-list-ipv6InterfaceEntry-ipv6InterfaceReasmMaxSize
8836 [Test worker] INFO  x.yang.diagram.YangDiagramGenerator  - CREATED ELEMENT FOR statement:io.typefox.yang.yang.impl.LeafImpl@4ec531e6 (name: ipv6InterfaceIdentifier) WITH ID IP-MIB:ip-mib-node-container-ip-list-ipv6InterfaceEntry-ipv6InterfaceIdentifier
8836 [Test worker] INFO  x.yang.diagram.YangDiagramGenerator  - CREATED ELEMENT FOR statement:io.typefox.yang.yang.impl.LeafImpl@31ae4886 (name: ipv6InterfaceEnableStatus) WITH ID IP-MIB:ip-mib-node-container-ip-list-ipv6InterfaceEntry-ipv6InterfaceEnableStatus
8836 [Test worker] INFO  x.yang.diagram.YangDiagramGenerator  - CREATED ELEMENT FOR statement:io.typefox.yang.yang.impl.LeafImpl@70e45af9 (name: ipv6InterfaceReachableTime) WITH ID IP-MIB:ip-mib-node-container-ip-list-ipv6InterfaceEntry-ipv6InterfaceReachableTime
8836 [Test worker] INFO  x.yang.diagram.YangDiagramGenerator  - CREATED ELEMENT FOR statement:io.typefox.yang.yang.impl.LeafImpl@82bf5e8 (name: ipv6InterfaceRetransmitTime) WITH ID IP-MIB:ip-mib-node-container-ip-list-ipv6InterfaceEntry-ipv6InterfaceRetransmitTime
8836 [Test worker] INFO  x.yang.diagram.YangDiagramGenerator  - CREATED ELEMENT FOR statement:io.typefox.yang.yang.impl.LeafImpl@6f06af0a (name: ipv6InterfaceForwarding) WITH ID IP-MIB:ip-mib-node-container-ip-list-ipv6InterfaceEntry-ipv6InterfaceForwarding
8836 [Test worker] INFO  x.yang.diagram.YangDiagramGenerator  - CREATED ELEMENT FOR statement:io.typefox.yang.yang.impl.ListImpl@2c2f2014 (name: ipv6InterfaceEntry) WITH ID IP-MIB:ip-mib-node-container-ip-list-ipv6InterfaceEntry
8836 [Test worker] INFO  x.yang.diagram.YangDiagramGenerator  - CREATED ELEMENT FOR statement:io.typefox.yang.yang.impl.LeafImpl@7ece84fa (name: ipAddressPrefixIfIndex) WITH ID IP-MIB:ip-mib-node-container-ip-list-ipAddressPrefixEntry-ipAddressPrefixIfIndex
8836 [Test worker] INFO  x.yang.diagram.YangDiagramGenerator  - CREATED ELEMENT FOR statement:io.typefox.yang.yang.impl.LeafImpl@299daa7e (name: ipAddressPrefixType) WITH ID IP-MIB:ip-mib-node-container-ip-list-ipAddressPrefixEntry-ipAddressPrefixType
8836 [Test worker] INFO  x.yang.diagram.YangDiagramGenerator  - CREATED ELEMENT FOR statement:io.typefox.yang.yang.impl.LeafImpl@73392eb8 (name: ipAddressPrefixPrefix) WITH ID IP-MIB:ip-mib-node-container-ip-list-ipAddressPrefixEntry-ipAddressPrefixPrefix
8836 [Test worker] INFO  x.yang.diagram.YangDiagramGenerator  - CREATED ELEMENT FOR statement:io.typefox.yang.yang.impl.LeafImpl@26439f4b (name: ipAddressPrefixLength) WITH ID IP-MIB:ip-mib-node-container-ip-list-ipAddressPrefixEntry-ipAddressPrefixLength
8836 [Test worker] INFO  x.yang.diagram.YangDiagramGenerator  - CREATED ELEMENT FOR statement:io.typefox.yang.yang.impl.LeafImpl@2c20362d (name: ipAddressPrefixOrigin) WITH ID IP-MIB:ip-mib-node-container-ip-list-ipAddressPrefixEntry-ipAddressPrefixOrigin
8836 [Test worker] INFO  x.yang.diagram.YangDiagramGenerator  - CREATED ELEMENT FOR statement:io.typefox.yang.yang.impl.LeafImpl@682aa78d (name: ipAddressPrefixOnLinkFlag) WITH ID IP-MIB:ip-mib-node-container-ip-list-ipAddressPrefixEntry-ipAddressPrefixOnLinkFlag
8841 [Test worker] INFO  x.yang.diagram.YangDiagramGenerator  - CREATED ELEMENT FOR statement:io.typefox.yang.yang.impl.LeafImpl@525c18de (name: ipAddressPrefixAutonomousFlag) WITH ID IP-MIB:ip-mib-node-container-ip-list-ipAddressPrefixEntry-ipAddressPrefixAutonomousFlag
8842 [Test worker] INFO  x.yang.diagram.YangDiagramGenerator  - CREATED ELEMENT FOR statement:io.typefox.yang.yang.impl.LeafImpl@685f7c19 (name: ipAddressPrefixAdvPreferredLifetime) WITH ID IP-MIB:ip-mib-node-container-ip-list-ipAddressPrefixEntry-ipAddressPrefixAdvPreferredLifetime
8842 [Test worker] INFO  x.yang.diagram.YangDiagramGenerator  - CREATED ELEMENT FOR statement:io.typefox.yang.yang.impl.LeafImpl@45e3be61 (name: ipAddressPrefixAdvValidLifetime) WITH ID IP-MIB:ip-mib-node-container-ip-list-ipAddressPrefixEntry-ipAddressPrefixAdvValidLifetime
8842 [Test worker] INFO  x.yang.diagram.YangDiagramGenerator  - CREATED ELEMENT FOR statement:io.typefox.yang.yang.impl.ListImpl@78486f9f (name: ipAddressPrefixEntry) WITH ID IP-MIB:ip-mib-node-container-ip-list-ipAddressPrefixEntry
8842 [Test worker] INFO  x.yang.diagram.YangDiagramGenerator  - CREATED ELEMENT FOR statement:io.typefox.yang.yang.impl.LeafImpl@4ae002a0 (name: ipAddressAddrType) WITH ID IP-MIB:ip-mib-node-container-ip-list-ipAddressEntry-ipAddressAddrType
8842 [Test worker] INFO  x.yang.diagram.YangDiagramGenerator  - CREATED ELEMENT FOR statement:io.typefox.yang.yang.impl.LeafImpl@59cc1051 (name: ipAddressAddr) WITH ID IP-MIB:ip-mib-node-container-ip-list-ipAddressEntry-ipAddressAddr
8842 [Test worker] INFO  x.yang.diagram.YangDiagramGenerator  - CREATED ELEMENT FOR statement:io.typefox.yang.yang.impl.LeafImpl@184bdbf (name: ipAddressIfIndex) WITH ID IP-MIB:ip-mib-node-container-ip-list-ipAddressEntry-ipAddressIfIndex
8842 [Test worker] INFO  x.yang.diagram.YangDiagramGenerator  - CREATED ELEMENT FOR statement:io.typefox.yang.yang.impl.LeafImpl@3a0b1e87 (name: ipAddressType) WITH ID IP-MIB:ip-mib-node-container-ip-list-ipAddressEntry-ipAddressType
8842 [Test worker] INFO  x.yang.diagram.YangDiagramGenerator  - CREATED ELEMENT FOR statement:io.typefox.yang.yang.impl.LeafImpl@7034fe64 (name: ipAddressPrefix) WITH ID IP-MIB:ip-mib-node-container-ip-list-ipAddressEntry-ipAddressPrefix
8842 [Test worker] INFO  x.yang.diagram.YangDiagramGenerator  - CREATED ELEMENT FOR statement:io.typefox.yang.yang.impl.LeafImpl@494326ab (name: ipAddressOrigin) WITH ID IP-MIB:ip-mib-node-container-ip-list-ipAddressEntry-ipAddressOrigin
8842 [Test worker] INFO  x.yang.diagram.YangDiagramGenerator  - CREATED ELEMENT FOR statement:io.typefox.yang.yang.impl.LeafImpl@6d0e0379 (name: ipAddressStatus) WITH ID IP-MIB:ip-mib-node-container-ip-list-ipAddressEntry-ipAddressStatus
8842 [Test worker] INFO  x.yang.diagram.YangDiagramGenerator  - CREATED ELEMENT FOR statement:io.typefox.yang.yang.impl.LeafImpl@f13d779 (name: ipAddressCreated) WITH ID IP-MIB:ip-mib-node-container-ip-list-ipAddressEntry-ipAddressCreated
8842 [Test worker] INFO  x.yang.diagram.YangDiagramGenerator  - CREATED ELEMENT FOR statement:io.typefox.yang.yang.impl.LeafImpl@5803df21 (name: ipAddressLastChanged) WITH ID IP-MIB:ip-mib-node-container-ip-list-ipAddressEntry-ipAddressLastChanged
8842 [Test worker] INFO  x.yang.diagram.YangDiagramGenerator  - CREATED ELEMENT FOR statement:io.typefox.yang.yang.impl.LeafImpl@825dcf4 (name: ipAddressRowStatus) WITH ID IP-MIB:ip-mib-node-container-ip-list-ipAddressEntry-ipAddressRowStatus
8842 [Test worker] INFO  x.yang.diagram.YangDiagramGenerator  - CREATED ELEMENT FOR statement:io.typefox.yang.yang.impl.LeafImpl@152d0342 (name: ipAddressStorageType) WITH ID IP-MIB:ip-mib-node-container-ip-list-ipAddressEntry-ipAddressStorageType
8842 [Test worker] INFO  x.yang.diagram.YangDiagramGenerator  - CREATED ELEMENT FOR statement:io.typefox.yang.yang.impl.ListImpl@494b681 (name: ipAddressEntry) WITH ID IP-MIB:ip-mib-node-container-ip-list-ipAddressEntry
8842 [Test worker] INFO  x.yang.diagram.YangDiagramGenerator  - CREATED ELEMENT FOR statement:io.typefox.yang.yang.impl.LeafImpl@42289be5 (name: ipNetToPhysicalIfIndex) WITH ID IP-MIB:ip-mib-node-container-ip-list-ipNetToPhysicalEntry-ipNetToPhysicalIfIndex
8842 [Test worker] INFO  x.yang.diagram.YangDiagramGenerator  - CREATED ELEMENT FOR statement:io.typefox.yang.yang.impl.LeafImpl@64cc2d28 (name: ipNetToPhysicalNetAddressType) WITH ID IP-MIB:ip-mib-node-container-ip-list-ipNetToPhysicalEntry-ipNetToPhysicalNetAddressType
8842 [Test worker] INFO  x.yang.diagram.YangDiagramGenerator  - CREATED ELEMENT FOR statement:io.typefox.yang.yang.impl.LeafImpl@198605e0 (name: ipNetToPhysicalNetAddress) WITH ID IP-MIB:ip-mib-node-container-ip-list-ipNetToPhysicalEntry-ipNetToPhysicalNetAddress
8842 [Test worker] INFO  x.yang.diagram.YangDiagramGenerator  - CREATED ELEMENT FOR statement:io.typefox.yang.yang.impl.LeafImpl@380798ef (name: ipNetToPhysicalPhysAddress) WITH ID IP-MIB:ip-mib-node-container-ip-list-ipNetToPhysicalEntry-ipNetToPhysicalPhysAddress
8842 [Test worker] INFO  x.yang.diagram.YangDiagramGenerator  - CREATED ELEMENT FOR statement:io.typefox.yang.yang.impl.LeafImpl@3ef6cbb9 (name: ipNetToPhysicalLastUpdated) WITH ID IP-MIB:ip-mib-node-container-ip-list-ipNetToPhysicalEntry-ipNetToPhysicalLastUpdated
8842 [Test worker] INFO  x.yang.diagram.YangDiagramGenerator  - CREATED ELEMENT FOR statement:io.typefox.yang.yang.impl.LeafImpl@3b561422 (name: ipNetToPhysicalType) WITH ID IP-MIB:ip-mib-node-container-ip-list-ipNetToPhysicalEntry-ipNetToPhysicalType
8843 [Test worker] INFO  x.yang.diagram.YangDiagramGenerator  - CREATED ELEMENT FOR statement:io.typefox.yang.yang.impl.LeafImpl@12d6afad (name: ipNetToPhysicalState) WITH ID IP-MIB:ip-mib-node-container-ip-list-ipNetToPhysicalEntry-ipNetToPhysicalState
8843 [Test worker] INFO  x.yang.diagram.YangDiagramGenerator  - CREATED ELEMENT FOR statement:io.typefox.yang.yang.impl.LeafImpl@16929df8 (name: ipNetToPhysicalRowStatus) WITH ID IP-MIB:ip-mib-node-container-ip-list-ipNetToPhysicalEntry-ipNetToPhysicalRowStatus
8843 [Test worker] INFO  x.yang.diagram.YangDiagramGenerator  - CREATED ELEMENT FOR statement:io.typefox.yang.yang.impl.ListImpl@1e313790 (name: ipNetToPhysicalEntry) WITH ID IP-MIB:ip-mib-node-container-ip-list-ipNetToPhysicalEntry
8843 [Test worker] INFO  x.yang.diagram.YangDiagramGenerator  - CREATED ELEMENT FOR statement:io.typefox.yang.yang.impl.LeafImpl@15cdc770 (name: ipv6ScopeZoneIndexIfIndex) WITH ID IP-MIB:ip-mib-node-container-ip-list-ipv6ScopeZoneIndexEntry-ipv6ScopeZoneIndexIfIndex
8843 [Test worker] INFO  x.yang.diagram.YangDiagramGenerator  - CREATED ELEMENT FOR statement:io.typefox.yang.yang.impl.LeafImpl@3241a9a3 (name: ipv6ScopeZoneIndexLinkLocal) WITH ID IP-MIB:ip-mib-node-container-ip-list-ipv6ScopeZoneIndexEntry-ipv6ScopeZoneIndexLinkLocal
8843 [Test worker] INFO  x.yang.diagram.YangDiagramGenerator  - CREATED ELEMENT FOR statement:io.typefox.yang.yang.impl.LeafImpl@30be8f4e (name: ipv6ScopeZoneIndex3) WITH ID IP-MIB:ip-mib-node-container-ip-list-ipv6ScopeZoneIndexEntry-ipv6ScopeZoneIndex3
8843 [Test worker] INFO  x.yang.diagram.YangDiagramGenerator  - CREATED ELEMENT FOR statement:io.typefox.yang.yang.impl.LeafImpl@27a4a37e (name: ipv6ScopeZoneIndexAdminLocal) WITH ID IP-MIB:ip-mib-node-container-ip-list-ipv6ScopeZoneIndexEntry-ipv6ScopeZoneIndexAdminLocal
8843 [Test worker] INFO  x.yang.diagram.YangDiagramGenerator  - CREATED ELEMENT FOR statement:io.typefox.yang.yang.impl.LeafImpl@5c2916bd (name: ipv6ScopeZoneIndexSiteLocal) WITH ID IP-MIB:ip-mib-node-container-ip-list-ipv6ScopeZoneIndexEntry-ipv6ScopeZoneIndexSiteLocal
8843 [Test worker] INFO  x.yang.diagram.YangDiagramGenerator  - CREATED ELEMENT FOR statement:io.typefox.yang.yang.impl.LeafImpl@631aa02a (name: ipv6ScopeZoneIndex6) WITH ID IP-MIB:ip-mib-node-container-ip-list-ipv6ScopeZoneIndexEntry-ipv6ScopeZoneIndex6
8843 [Test worker] INFO  x.yang.diagram.YangDiagramGenerator  - CREATED ELEMENT FOR statement:io.typefox.yang.yang.impl.LeafImpl@279a97f8 (name: ipv6ScopeZoneIndex7) WITH ID IP-MIB:ip-mib-node-container-ip-list-ipv6ScopeZoneIndexEntry-ipv6ScopeZoneIndex7
8843 [Test worker] INFO  x.yang.diagram.YangDiagramGenerator  - CREATED ELEMENT FOR statement:io.typefox.yang.yang.impl.LeafImpl@25277f26 (name: ipv6ScopeZoneIndexOrganizationLocal) WITH ID IP-MIB:ip-mib-node-container-ip-list-ipv6ScopeZoneIndexEntry-ipv6ScopeZoneIndexOrganizationLocal
8843 [Test worker] INFO  x.yang.diagram.YangDiagramGenerator  - CREATED ELEMENT FOR statement:io.typefox.yang.yang.impl.LeafImpl@31af19c1 (name: ipv6ScopeZoneIndex9) WITH ID IP-MIB:ip-mib-node-container-ip-list-ipv6ScopeZoneIndexEntry-ipv6ScopeZoneIndex9
8843 [Test worker] INFO  x.yang.diagram.YangDiagramGenerator  - CREATED ELEMENT FOR statement:io.typefox.yang.yang.impl.LeafImpl@702f42e (name: ipv6ScopeZoneIndexA) WITH ID IP-MIB:ip-mib-node-container-ip-list-ipv6ScopeZoneIndexEntry-ipv6ScopeZoneIndexA
8843 [Test worker] INFO  x.yang.diagram.YangDiagramGenerator  - CREATED ELEMENT FOR statement:io.typefox.yang.yang.impl.LeafImpl@74d49661 (name: ipv6ScopeZoneIndexB) WITH ID IP-MIB:ip-mib-node-container-ip-list-ipv6ScopeZoneIndexEntry-ipv6ScopeZoneIndexB
8843 [Test worker] INFO  x.yang.diagram.YangDiagramGenerator  - CREATED ELEMENT FOR statement:io.typefox.yang.yang.impl.LeafImpl@6a140992 (name: ipv6ScopeZoneIndexC) WITH ID IP-MIB:ip-mib-node-container-ip-list-ipv6ScopeZoneIndexEntry-ipv6ScopeZoneIndexC
8843 [Test worker] INFO  x.yang.diagram.YangDiagramGenerator  - CREATED ELEMENT FOR statement:io.typefox.yang.yang.impl.LeafImpl@233c7400 (name: ipv6ScopeZoneIndexD) WITH ID IP-MIB:ip-mib-node-container-ip-list-ipv6ScopeZoneIndexEntry-ipv6ScopeZoneIndexD
8843 [Test worker] INFO  x.yang.diagram.YangDiagramGenerator  - CREATED ELEMENT FOR statement:io.typefox.yang.yang.impl.ListImpl@330f57cd (name: ipv6ScopeZoneIndexEntry) WITH ID IP-MIB:ip-mib-node-container-ip-list-ipv6ScopeZoneIndexEntry
8843 [Test worker] INFO  x.yang.diagram.YangDiagramGenerator  - CREATED ELEMENT FOR statement:io.typefox.yang.yang.impl.LeafImpl@63b8b853 (name: ipDefaultRouterAddressType) WITH ID IP-MIB:ip-mib-node-container-ip-list-ipDefaultRouterEntry-ipDefaultRouterAddressType
8843 [Test worker] INFO  x.yang.diagram.YangDiagramGenerator  - CREATED ELEMENT FOR statement:io.typefox.yang.yang.impl.LeafImpl@292a752f (name: ipDefaultRouterAddress) WITH ID IP-MIB:ip-mib-node-container-ip-list-ipDefaultRouterEntry-ipDefaultRouterAddress
8850 [Test worker] INFO  x.yang.diagram.YangDiagramGenerator  - CREATED ELEMENT FOR statement:io.typefox.yang.yang.impl.LeafImpl@6976887e (name: ipDefaultRouterIfIndex) WITH ID IP-MIB:ip-mib-node-container-ip-list-ipDefaultRouterEntry-ipDefaultRouterIfIndex
8850 [Test worker] INFO  x.yang.diagram.YangDiagramGenerator  - CREATED ELEMENT FOR statement:io.typefox.yang.yang.impl.LeafImpl@200e0ba2 (name: ipDefaultRouterLifetime) WITH ID IP-MIB:ip-mib-node-container-ip-list-ipDefaultRouterEntry-ipDefaultRouterLifetime
8850 [Test worker] INFO  x.yang.diagram.YangDiagramGenerator  - CREATED ELEMENT FOR statement:io.typefox.yang.yang.impl.LeafImpl@6d245d0 (name: ipDefaultRouterPreference) WITH ID IP-MIB:ip-mib-node-container-ip-list-ipDefaultRouterEntry-ipDefaultRouterPreference
8850 [Test worker] INFO  x.yang.diagram.YangDiagramGenerator  - CREATED ELEMENT FOR statement:io.typefox.yang.yang.impl.ListImpl@7cabcb28 (name: ipDefaultRouterEntry) WITH ID IP-MIB:ip-mib-node-container-ip-list-ipDefaultRouterEntry
8850 [Test worker] INFO  x.yang.diagram.YangDiagramGenerator  - CREATED ELEMENT FOR statement:io.typefox.yang.yang.impl.LeafImpl@214399bb (name: ipv6RouterAdvertIfIndex) WITH ID IP-MIB:ip-mib-node-container-ip-list-ipv6RouterAdvertEntry-ipv6RouterAdvertIfIndex
8850 [Test worker] INFO  x.yang.diagram.YangDiagramGenerator  - CREATED ELEMENT FOR statement:io.typefox.yang.yang.impl.LeafImpl@71c0d52a (name: ipv6RouterAdvertSendAdverts) WITH ID IP-MIB:ip-mib-node-container-ip-list-ipv6RouterAdvertEntry-ipv6RouterAdvertSendAdverts
8850 [Test worker] INFO  x.yang.diagram.YangDiagramGenerator  - CREATED ELEMENT FOR statement:io.typefox.yang.yang.impl.LeafImpl@65a8f207 (name: ipv6RouterAdvertMaxInterval) WITH ID IP-MIB:ip-mib-node-container-ip-list-ipv6RouterAdvertEntry-ipv6RouterAdvertMaxInterval
8850 [Test worker] INFO  x.yang.diagram.YangDiagramGenerator  - CREATED ELEMENT FOR statement:io.typefox.yang.yang.impl.LeafImpl@47f88711 (name: ipv6RouterAdvertMinInterval) WITH ID IP-MIB:ip-mib-node-container-ip-list-ipv6RouterAdvertEntry-ipv6RouterAdvertMinInterval
8850 [Test worker] INFO  x.yang.diagram.YangDiagramGenerator  - CREATED ELEMENT FOR statement:io.typefox.yang.yang.impl.LeafImpl@7a4b5014 (name: ipv6RouterAdvertManagedFlag) WITH ID IP-MIB:ip-mib-node-container-ip-list-ipv6RouterAdvertEntry-ipv6RouterAdvertManagedFlag
8850 [Test worker] INFO  x.yang.diagram.YangDiagramGenerator  - CREATED ELEMENT FOR statement:io.typefox.yang.yang.impl.LeafImpl@dd5a3f2 (name: ipv6RouterAdvertOtherConfigFlag) WITH ID IP-MIB:ip-mib-node-container-ip-list-ipv6RouterAdvertEntry-ipv6RouterAdvertOtherConfigFlag
8850 [Test worker] INFO  x.yang.diagram.YangDiagramGenerator  - CREATED ELEMENT FOR statement:io.typefox.yang.yang.impl.LeafImpl@2fcf5085 (name: ipv6RouterAdvertLinkMTU) WITH ID IP-MIB:ip-mib-node-container-ip-list-ipv6RouterAdvertEntry-ipv6RouterAdvertLinkMTU
8850 [Test worker] INFO  x.yang.diagram.YangDiagramGenerator  - CREATED ELEMENT FOR statement:io.typefox.yang.yang.impl.LeafImpl@2c0c9a62 (name: ipv6RouterAdvertReachableTime) WITH ID IP-MIB:ip-mib-node-container-ip-list-ipv6RouterAdvertEntry-ipv6RouterAdvertReachableTime
8850 [Test worker] INFO  x.yang.diagram.YangDiagramGenerator  - CREATED ELEMENT FOR statement:io.typefox.yang.yang.impl.LeafImpl@c67a407 (name: ipv6RouterAdvertRetransmitTime) WITH ID IP-MIB:ip-mib-node-container-ip-list-ipv6RouterAdvertEntry-ipv6RouterAdvertRetransmitTime
8850 [Test worker] INFO  x.yang.diagram.YangDiagramGenerator  - CREATED ELEMENT FOR statement:io.typefox.yang.yang.impl.LeafImpl@2c0d4c4a (name: ipv6RouterAdvertCurHopLimit) WITH ID IP-MIB:ip-mib-node-container-ip-list-ipv6RouterAdvertEntry-ipv6RouterAdvertCurHopLimit
8851 [Test worker] INFO  x.yang.diagram.YangDiagramGenerator  - CREATED ELEMENT FOR statement:io.typefox.yang.yang.impl.LeafImpl@79137a36 (name: ipv6RouterAdvertDefaultLifetime) WITH ID IP-MIB:ip-mib-node-container-ip-list-ipv6RouterAdvertEntry-ipv6RouterAdvertDefaultLifetime
8851 [Test worker] INFO  x.yang.diagram.YangDiagramGenerator  - CREATED ELEMENT FOR statement:io.typefox.yang.yang.impl.LeafImpl@318420fc (name: ipv6RouterAdvertRowStatus) WITH ID IP-MIB:ip-mib-node-container-ip-list-ipv6RouterAdvertEntry-ipv6RouterAdvertRowStatus
8851 [Test worker] INFO  x.yang.diagram.YangDiagramGenerator  - CREATED ELEMENT FOR statement:io.typefox.yang.yang.impl.ListImpl@72fd57 (name: ipv6RouterAdvertEntry) WITH ID IP-MIB:ip-mib-node-container-ip-list-ipv6RouterAdvertEntry
8851 [Test worker] INFO  x.yang.diagram.YangDiagramGenerator  - CREATED ELEMENT FOR statement:io.typefox.yang.yang.impl.ContainerImpl@465b9e0f (name: ip) WITH ID IP-MIB:ip-mib-node-container-ip
8851 [Test worker] INFO  x.yang.diagram.YangDiagramGenerator  - CREATED ELEMENT FOR statement:io.typefox.yang.yang.impl.LeafImpl@247b8e38 (name: ipIfStatsTableLastChange) WITH ID IP-MIB:ip-mib-node-container-ipTrafficStats-ipIfStatsTableLastChange
8851 [Test worker] INFO  x.yang.diagram.YangDiagramGenerator  - CREATED ELEMENT FOR statement:io.typefox.yang.yang.impl.LeafImpl@34e8c98b (name: ipSystemStatsIPVersion) WITH ID IP-MIB:ip-mib-node-container-ipTrafficStats-list-ipSystemStatsEntry-ipSystemStatsIPVersion
8851 [Test worker] INFO  x.yang.diagram.YangDiagramGenerator  - CREATED ELEMENT FOR statement:io.typefox.yang.yang.impl.LeafImpl@23671204 (name: ipSystemStatsInReceives) WITH ID IP-MIB:ip-mib-node-container-ipTrafficStats-list-ipSystemStatsEntry-ipSystemStatsInReceives
8851 [Test worker] INFO  x.yang.diagram.YangDiagramGenerator  - CREATED ELEMENT FOR statement:io.typefox.yang.yang.impl.LeafImpl@39d65b81 (name: ipSystemStatsHCInReceives) WITH ID IP-MIB:ip-mib-node-container-ipTrafficStats-list-ipSystemStatsEntry-ipSystemStatsHCInReceives
8851 [Test worker] INFO  x.yang.diagram.YangDiagramGenerator  - CREATED ELEMENT FOR statement:io.typefox.yang.yang.impl.LeafImpl@412418cd (name: ipSystemStatsInOctets) WITH ID IP-MIB:ip-mib-node-container-ipTrafficStats-list-ipSystemStatsEntry-ipSystemStatsInOctets
8851 [Test worker] INFO  x.yang.diagram.YangDiagramGenerator  - CREATED ELEMENT FOR statement:io.typefox.yang.yang.impl.LeafImpl@33f235f3 (name: ipSystemStatsHCInOctets) WITH ID IP-MIB:ip-mib-node-container-ipTrafficStats-list-ipSystemStatsEntry-ipSystemStatsHCInOctets
8851 [Test worker] INFO  x.yang.diagram.YangDiagramGenerator  - CREATED ELEMENT FOR statement:io.typefox.yang.yang.impl.LeafImpl@281ee6bb (name: ipSystemStatsInHdrErrors) WITH ID IP-MIB:ip-mib-node-container-ipTrafficStats-list-ipSystemStatsEntry-ipSystemStatsInHdrErrors
8851 [Test worker] INFO  x.yang.diagram.YangDiagramGenerator  - CREATED ELEMENT FOR statement:io.typefox.yang.yang.impl.LeafImpl@239faa6a (name: ipSystemStatsInNoRoutes) WITH ID IP-MIB:ip-mib-node-container-ipTrafficStats-list-ipSystemStatsEntry-ipSystemStatsInNoRoutes
8851 [Test worker] INFO  x.yang.diagram.YangDiagramGenerator  - CREATED ELEMENT FOR statement:io.typefox.yang.yang.impl.LeafImpl@429c3ca4 (name: ipSystemStatsInAddrErrors) WITH ID IP-MIB:ip-mib-node-container-ipTrafficStats-list-ipSystemStatsEntry-ipSystemStatsInAddrErrors
8851 [Test worker] INFO  x.yang.diagram.YangDiagramGenerator  - CREATED ELEMENT FOR statement:io.typefox.yang.yang.impl.LeafImpl@60e3d4a9 (name: ipSystemStatsInUnknownProtos) WITH ID IP-MIB:ip-mib-node-container-ipTrafficStats-list-ipSystemStatsEntry-ipSystemStatsInUnknownProtos
8851 [Test worker] INFO  x.yang.diagram.YangDiagramGenerator  - CREATED ELEMENT FOR statement:io.typefox.yang.yang.impl.LeafImpl@3f97dd30 (name: ipSystemStatsInTruncatedPkts) WITH ID IP-MIB:ip-mib-node-container-ipTrafficStats-list-ipSystemStatsEntry-ipSystemStatsInTruncatedPkts
8851 [Test worker] INFO  x.yang.diagram.YangDiagramGenerator  - CREATED ELEMENT FOR statement:io.typefox.yang.yang.impl.LeafImpl@6185fc52 (name: ipSystemStatsInForwDatagrams) WITH ID IP-MIB:ip-mib-node-container-ipTrafficStats-list-ipSystemStatsEntry-ipSystemStatsInForwDatagrams
8851 [Test worker] INFO  x.yang.diagram.YangDiagramGenerator  - CREATED ELEMENT FOR statement:io.typefox.yang.yang.impl.LeafImpl@42df95da (name: ipSystemStatsHCInForwDatagrams) WITH ID IP-MIB:ip-mib-node-container-ipTrafficStats-list-ipSystemStatsEntry-ipSystemStatsHCInForwDatagrams
8852 [Test worker] INFO  x.yang.diagram.YangDiagramGenerator  - CREATED ELEMENT FOR statement:io.typefox.yang.yang.impl.LeafImpl@3c6747b4 (name: ipSystemStatsReasmReqds) WITH ID IP-MIB:ip-mib-node-container-ipTrafficStats-list-ipSystemStatsEntry-ipSystemStatsReasmReqds
8852 [Test worker] INFO  x.yang.diagram.YangDiagramGenerator  - CREATED ELEMENT FOR statement:io.typefox.yang.yang.impl.LeafImpl@3d187355 (name: ipSystemStatsReasmOKs) WITH ID IP-MIB:ip-mib-node-container-ipTrafficStats-list-ipSystemStatsEntry-ipSystemStatsReasmOKs
8852 [Test worker] INFO  x.yang.diagram.YangDiagramGenerator  - CREATED ELEMENT FOR statement:io.typefox.yang.yang.impl.LeafImpl@73316fc8 (name: ipSystemStatsReasmFails) WITH ID IP-MIB:ip-mib-node-container-ipTrafficStats-list-ipSystemStatsEntry-ipSystemStatsReasmFails
8852 [Test worker] INFO  x.yang.diagram.YangDiagramGenerator  - CREATED ELEMENT FOR statement:io.typefox.yang.yang.impl.LeafImpl@4dfe4531 (name: ipSystemStatsInDiscards) WITH ID IP-MIB:ip-mib-node-container-ipTrafficStats-list-ipSystemStatsEntry-ipSystemStatsInDiscards
8852 [Test worker] INFO  x.yang.diagram.YangDiagramGenerator  - CREATED ELEMENT FOR statement:io.typefox.yang.yang.impl.LeafImpl@4b22f1dd (name: ipSystemStatsInDelivers) WITH ID IP-MIB:ip-mib-node-container-ipTrafficStats-list-ipSystemStatsEntry-ipSystemStatsInDelivers
8852 [Test worker] INFO  x.yang.diagram.YangDiagramGenerator  - CREATED ELEMENT FOR statement:io.typefox.yang.yang.impl.LeafImpl@35deb137 (name: ipSystemStatsHCInDelivers) WITH ID IP-MIB:ip-mib-node-container-ipTrafficStats-list-ipSystemStatsEntry-ipSystemStatsHCInDelivers
8852 [Test worker] INFO  x.yang.diagram.YangDiagramGenerator  - CREATED ELEMENT FOR statement:io.typefox.yang.yang.impl.LeafImpl@4de9c76b (name: ipSystemStatsOutRequests) WITH ID IP-MIB:ip-mib-node-container-ipTrafficStats-list-ipSystemStatsEntry-ipSystemStatsOutRequests
8852 [Test worker] INFO  x.yang.diagram.YangDiagramGenerator  - CREATED ELEMENT FOR statement:io.typefox.yang.yang.impl.LeafImpl@7281c42a (name: ipSystemStatsHCOutRequests) WITH ID IP-MIB:ip-mib-node-container-ipTrafficStats-list-ipSystemStatsEntry-ipSystemStatsHCOutRequests
8852 [Test worker] INFO  x.yang.diagram.YangDiagramGenerator  - CREATED ELEMENT FOR statement:io.typefox.yang.yang.impl.LeafImpl@2ef17fbe (name: ipSystemStatsOutNoRoutes) WITH ID IP-MIB:ip-mib-node-container-ipTrafficStats-list-ipSystemStatsEntry-ipSystemStatsOutNoRoutes
8852 [Test worker] INFO  x.yang.diagram.YangDiagramGenerator  - CREATED ELEMENT FOR statement:io.typefox.yang.yang.impl.LeafImpl@6ee6345e (name: ipSystemStatsOutForwDatagrams) WITH ID IP-MIB:ip-mib-node-container-ipTrafficStats-list-ipSystemStatsEntry-ipSystemStatsOutForwDatagrams
8852 [Test worker] INFO  x.yang.diagram.YangDiagramGenerator  - CREATED ELEMENT FOR statement:io.typefox.yang.yang.impl.LeafImpl@6db76476 (name: ipSystemStatsHCOutForwDatagrams) WITH ID IP-MIB:ip-mib-node-container-ipTrafficStats-list-ipSystemStatsEntry-ipSystemStatsHCOutForwDatagrams
8852 [Test worker] INFO  x.yang.diagram.YangDiagramGenerator  - CREATED ELEMENT FOR statement:io.typefox.yang.yang.impl.LeafImpl@116b5d7e (name: ipSystemStatsOutDiscards) WITH ID IP-MIB:ip-mib-node-container-ipTrafficStats-list-ipSystemStatsEntry-ipSystemStatsOutDiscards
8852 [Test worker] INFO  x.yang.diagram.YangDiagramGenerator  - CREATED ELEMENT FOR statement:io.typefox.yang.yang.impl.LeafImpl@3442dc62 (name: ipSystemStatsOutFragReqds) WITH ID IP-MIB:ip-mib-node-container-ipTrafficStats-list-ipSystemStatsEntry-ipSystemStatsOutFragReqds
8852 [Test worker] INFO  x.yang.diagram.YangDiagramGenerator  - CREATED ELEMENT FOR statement:io.typefox.yang.yang.impl.LeafImpl@6bd95a70 (name: ipSystemStatsOutFragOKs) WITH ID IP-MIB:ip-mib-node-container-ipTrafficStats-list-ipSystemStatsEntry-ipSystemStatsOutFragOKs
8852 [Test worker] INFO  x.yang.diagram.YangDiagramGenerator  - CREATED ELEMENT FOR statement:io.typefox.yang.yang.impl.LeafImpl@3d9b07a9 (name: ipSystemStatsOutFragFails) WITH ID IP-MIB:ip-mib-node-container-ipTrafficStats-list-ipSystemStatsEntry-ipSystemStatsOutFragFails
8852 [Test worker] INFO  x.yang.diagram.YangDiagramGenerator  - CREATED ELEMENT FOR statement:io.typefox.yang.yang.impl.LeafImpl@76502dc9 (name: ipSystemStatsOutFragCreates) WITH ID IP-MIB:ip-mib-node-container-ipTrafficStats-list-ipSystemStatsEntry-ipSystemStatsOutFragCreates
8852 [Test worker] INFO  x.yang.diagram.YangDiagramGenerator  - CREATED ELEMENT FOR statement:io.typefox.yang.yang.impl.LeafImpl@54d34ead (name: ipSystemStatsOutTransmits) WITH ID IP-MIB:ip-mib-node-container-ipTrafficStats-list-ipSystemStatsEntry-ipSystemStatsOutTransmits
8852 [Test worker] INFO  x.yang.diagram.YangDiagramGenerator  - CREATED ELEMENT FOR statement:io.typefox.yang.yang.impl.LeafImpl@75f8949d (name: ipSystemStatsHCOutTransmits) WITH ID IP-MIB:ip-mib-node-container-ipTrafficStats-list-ipSystemStatsEntry-ipSystemStatsHCOutTransmits
8852 [Test worker] INFO  x.yang.diagram.YangDiagramGenerator  - CREATED ELEMENT FOR statement:io.typefox.yang.yang.impl.LeafImpl@10bb73c4 (name: ipSystemStatsOutOctets) WITH ID IP-MIB:ip-mib-node-container-ipTrafficStats-list-ipSystemStatsEntry-ipSystemStatsOutOctets
8852 [Test worker] INFO  x.yang.diagram.YangDiagramGenerator  - CREATED ELEMENT FOR statement:io.typefox.yang.yang.impl.LeafImpl@67723a7f (name: ipSystemStatsHCOutOctets) WITH ID IP-MIB:ip-mib-node-container-ipTrafficStats-list-ipSystemStatsEntry-ipSystemStatsHCOutOctets
8853 [Test worker] INFO  x.yang.diagram.YangDiagramGenerator  - CREATED ELEMENT FOR statement:io.typefox.yang.yang.impl.LeafImpl@291ab61a (name: ipSystemStatsInMcastPkts) WITH ID IP-MIB:ip-mib-node-container-ipTrafficStats-list-ipSystemStatsEntry-ipSystemStatsInMcastPkts
8853 [Test worker] INFO  x.yang.diagram.YangDiagramGenerator  - CREATED ELEMENT FOR statement:io.typefox.yang.yang.impl.LeafImpl@18f783d8 (name: ipSystemStatsHCInMcastPkts) WITH ID IP-MIB:ip-mib-node-container-ipTrafficStats-list-ipSystemStatsEntry-ipSystemStatsHCInMcastPkts
8853 [Test worker] INFO  x.yang.diagram.YangDiagramGenerator  - CREATED ELEMENT FOR statement:io.typefox.yang.yang.impl.LeafImpl@5399f651 (name: ipSystemStatsInMcastOctets) WITH ID IP-MIB:ip-mib-node-container-ipTrafficStats-list-ipSystemStatsEntry-ipSystemStatsInMcastOctets
8853 [Test worker] INFO  x.yang.diagram.YangDiagramGenerator  - CREATED ELEMENT FOR statement:io.typefox.yang.yang.impl.LeafImpl@25ce9f9f (name: ipSystemStatsHCInMcastOctets) WITH ID IP-MIB:ip-mib-node-container-ipTrafficStats-list-ipSystemStatsEntry-ipSystemStatsHCInMcastOctets
8853 [Test worker] INFO  x.yang.diagram.YangDiagramGenerator  - CREATED ELEMENT FOR statement:io.typefox.yang.yang.impl.LeafImpl@5918475a (name: ipSystemStatsOutMcastPkts) WITH ID IP-MIB:ip-mib-node-container-ipTrafficStats-list-ipSystemStatsEntry-ipSystemStatsOutMcastPkts
8853 [Test worker] INFO  x.yang.diagram.YangDiagramGenerator  - CREATED ELEMENT FOR statement:io.typefox.yang.yang.impl.LeafImpl@7d55f6e2 (name: ipSystemStatsHCOutMcastPkts) WITH ID IP-MIB:ip-mib-node-container-ipTrafficStats-list-ipSystemStatsEntry-ipSystemStatsHCOutMcastPkts
8853 [Test worker] INFO  x.yang.diagram.YangDiagramGenerator  - CREATED ELEMENT FOR statement:io.typefox.yang.yang.impl.LeafImpl@61e2ac67 (name: ipSystemStatsOutMcastOctets) WITH ID IP-MIB:ip-mib-node-container-ipTrafficStats-list-ipSystemStatsEntry-ipSystemStatsOutMcastOctets
8853 [Test worker] INFO  x.yang.diagram.YangDiagramGenerator  - CREATED ELEMENT FOR statement:io.typefox.yang.yang.impl.LeafImpl@3001e5a3 (name: ipSystemStatsHCOutMcastOctets) WITH ID IP-MIB:ip-mib-node-container-ipTrafficStats-list-ipSystemStatsEntry-ipSystemStatsHCOutMcastOctets
8853 [Test worker] INFO  x.yang.diagram.YangDiagramGenerator  - CREATED ELEMENT FOR statement:io.typefox.yang.yang.impl.LeafImpl@2b38566e (name: ipSystemStatsInBcastPkts) WITH ID IP-MIB:ip-mib-node-container-ipTrafficStats-list-ipSystemStatsEntry-ipSystemStatsInBcastPkts
8853 [Test worker] INFO  x.yang.diagram.YangDiagramGenerator  - CREATED ELEMENT FOR statement:io.typefox.yang.yang.impl.LeafImpl@7908570d (name: ipSystemStatsHCInBcastPkts) WITH ID IP-MIB:ip-mib-node-container-ipTrafficStats-list-ipSystemStatsEntry-ipSystemStatsHCInBcastPkts
8853 [Test worker] INFO  x.yang.diagram.YangDiagramGenerator  - CREATED ELEMENT FOR statement:io.typefox.yang.yang.impl.LeafImpl@d7d5ddf (name: ipSystemStatsOutBcastPkts) WITH ID IP-MIB:ip-mib-node-container-ipTrafficStats-list-ipSystemStatsEntry-ipSystemStatsOutBcastPkts
8853 [Test worker] INFO  x.yang.diagram.YangDiagramGenerator  - CREATED ELEMENT FOR statement:io.typefox.yang.yang.impl.LeafImpl@326e8d2e (name: ipSystemStatsHCOutBcastPkts) WITH ID IP-MIB:ip-mib-node-container-ipTrafficStats-list-ipSystemStatsEntry-ipSystemStatsHCOutBcastPkts
8853 [Test worker] INFO  x.yang.diagram.YangDiagramGenerator  - CREATED ELEMENT FOR statement:io.typefox.yang.yang.impl.LeafImpl@5b0c262b (name: ipSystemStatsDiscontinuityTime) WITH ID IP-MIB:ip-mib-node-container-ipTrafficStats-list-ipSystemStatsEntry-ipSystemStatsDiscontinuityTime
8853 [Test worker] INFO  x.yang.diagram.YangDiagramGenerator  - CREATED ELEMENT FOR statement:io.typefox.yang.yang.impl.LeafImpl@6007b278 (name: ipSystemStatsRefreshRate) WITH ID IP-MIB:ip-mib-node-container-ipTrafficStats-list-ipSystemStatsEntry-ipSystemStatsRefreshRate
8853 [Test worker] INFO  x.yang.diagram.YangDiagramGenerator  - CREATED ELEMENT FOR statement:io.typefox.yang.yang.impl.ListImpl@7738802 (name: ipSystemStatsEntry) WITH ID IP-MIB:ip-mib-node-container-ipTrafficStats-list-ipSystemStatsEntry
8853 [Test worker] INFO  x.yang.diagram.YangDiagramGenerator  - CREATED ELEMENT FOR statement:io.typefox.yang.yang.impl.LeafImpl@4132623f (name: ipIfStatsIPVersion) WITH ID IP-MIB:ip-mib-node-container-ipTrafficStats-list-ipIfStatsEntry-ipIfStatsIPVersion
8854 [Test worker] INFO  x.yang.diagram.YangDiagramGenerator  - CREATED ELEMENT FOR statement:io.typefox.yang.yang.impl.LeafImpl@7bb5394c (name: ipIfStatsIfIndex) WITH ID IP-MIB:ip-mib-node-container-ipTrafficStats-list-ipIfStatsEntry-ipIfStatsIfIndex
8854 [Test worker] INFO  x.yang.diagram.YangDiagramGenerator  - CREATED ELEMENT FOR statement:io.typefox.yang.yang.impl.LeafImpl@267cd030 (name: ipIfStatsInReceives) WITH ID IP-MIB:ip-mib-node-container-ipTrafficStats-list-ipIfStatsEntry-ipIfStatsInReceives
8854 [Test worker] INFO  x.yang.diagram.YangDiagramGenerator  - CREATED ELEMENT FOR statement:io.typefox.yang.yang.impl.LeafImpl@3d547f65 (name: ipIfStatsHCInReceives) WITH ID IP-MIB:ip-mib-node-container-ipTrafficStats-list-ipIfStatsEntry-ipIfStatsHCInReceives
8854 [Test worker] INFO  x.yang.diagram.YangDiagramGenerator  - CREATED ELEMENT FOR statement:io.typefox.yang.yang.impl.LeafImpl@6f25c16a (name: ipIfStatsInOctets) WITH ID IP-MIB:ip-mib-node-container-ipTrafficStats-list-ipIfStatsEntry-ipIfStatsInOctets
8854 [Test worker] INFO  x.yang.diagram.YangDiagramGenerator  - CREATED ELEMENT FOR statement:io.typefox.yang.yang.impl.LeafImpl@3d88ea9b (name: ipIfStatsHCInOctets) WITH ID IP-MIB:ip-mib-node-container-ipTrafficStats-list-ipIfStatsEntry-ipIfStatsHCInOctets
8854 [Test worker] INFO  x.yang.diagram.YangDiagramGenerator  - CREATED ELEMENT FOR statement:io.typefox.yang.yang.impl.LeafImpl@7db5504a (name: ipIfStatsInHdrErrors) WITH ID IP-MIB:ip-mib-node-container-ipTrafficStats-list-ipIfStatsEntry-ipIfStatsInHdrErrors
8854 [Test worker] INFO  x.yang.diagram.YangDiagramGenerator  - CREATED ELEMENT FOR statement:io.typefox.yang.yang.impl.LeafImpl@6384a7ce (name: ipIfStatsInNoRoutes) WITH ID IP-MIB:ip-mib-node-container-ipTrafficStats-list-ipIfStatsEntry-ipIfStatsInNoRoutes
8854 [Test worker] INFO  x.yang.diagram.YangDiagramGenerator  - CREATED ELEMENT FOR statement:io.typefox.yang.yang.impl.LeafImpl@22eb0445 (name: ipIfStatsInAddrErrors) WITH ID IP-MIB:ip-mib-node-container-ipTrafficStats-list-ipIfStatsEntry-ipIfStatsInAddrErrors
8854 [Test worker] INFO  x.yang.diagram.YangDiagramGenerator  - CREATED ELEMENT FOR statement:io.typefox.yang.yang.impl.LeafImpl@58cdfeb1 (name: ipIfStatsInUnknownProtos) WITH ID IP-MIB:ip-mib-node-container-ipTrafficStats-list-ipIfStatsEntry-ipIfStatsInUnknownProtos
8854 [Test worker] INFO  x.yang.diagram.YangDiagramGenerator  - CREATED ELEMENT FOR statement:io.typefox.yang.yang.impl.LeafImpl@f2dc2e2 (name: ipIfStatsInTruncatedPkts) WITH ID IP-MIB:ip-mib-node-container-ipTrafficStats-list-ipIfStatsEntry-ipIfStatsInTruncatedPkts
8854 [Test worker] INFO  x.yang.diagram.YangDiagramGenerator  - CREATED ELEMENT FOR statement:io.typefox.yang.yang.impl.LeafImpl@4951be1e (name: ipIfStatsInForwDatagrams) WITH ID IP-MIB:ip-mib-node-container-ipTrafficStats-list-ipIfStatsEntry-ipIfStatsInForwDatagrams
8854 [Test worker] INFO  x.yang.diagram.YangDiagramGenerator  - CREATED ELEMENT FOR statement:io.typefox.yang.yang.impl.LeafImpl@3362525d (name: ipIfStatsHCInForwDatagrams) WITH ID IP-MIB:ip-mib-node-container-ipTrafficStats-list-ipIfStatsEntry-ipIfStatsHCInForwDatagrams
8854 [Test worker] INFO  x.yang.diagram.YangDiagramGenerator  - CREATED ELEMENT FOR statement:io.typefox.yang.yang.impl.LeafImpl@46d0af6 (name: ipIfStatsReasmReqds) WITH ID IP-MIB:ip-mib-node-container-ipTrafficStats-list-ipIfStatsEntry-ipIfStatsReasmReqds
8854 [Test worker] INFO  x.yang.diagram.YangDiagramGenerator  - CREATED ELEMENT FOR statement:io.typefox.yang.yang.impl.LeafImpl@65b6f24b (name: ipIfStatsReasmOKs) WITH ID IP-MIB:ip-mib-node-container-ipTrafficStats-list-ipIfStatsEntry-ipIfStatsReasmOKs
8854 [Test worker] INFO  x.yang.diagram.YangDiagramGenerator  - CREATED ELEMENT FOR statement:io.typefox.yang.yang.impl.LeafImpl@21d311ad (name: ipIfStatsReasmFails) WITH ID IP-MIB:ip-mib-node-container-ipTrafficStats-list-ipIfStatsEntry-ipIfStatsReasmFails
8854 [Test worker] INFO  x.yang.diagram.YangDiagramGenerator  - CREATED ELEMENT FOR statement:io.typefox.yang.yang.impl.LeafImpl@824f70 (name: ipIfStatsInDiscards) WITH ID IP-MIB:ip-mib-node-container-ipTrafficStats-list-ipIfStatsEntry-ipIfStatsInDiscards
8854 [Test worker] INFO  x.yang.diagram.YangDiagramGenerator  - CREATED ELEMENT FOR statement:io.typefox.yang.yang.impl.LeafImpl@6c54cf2c (name: ipIfStatsInDelivers) WITH ID IP-MIB:ip-mib-node-container-ipTrafficStats-list-ipIfStatsEntry-ipIfStatsInDelivers
8855 [Test worker] INFO  x.yang.diagram.YangDiagramGenerator  - CREATED ELEMENT FOR statement:io.typefox.yang.yang.impl.LeafImpl@3ea25c47 (name: ipIfStatsHCInDelivers) WITH ID IP-MIB:ip-mib-node-container-ipTrafficStats-list-ipIfStatsEntry-ipIfStatsHCInDelivers
8855 [Test worker] INFO  x.yang.diagram.YangDiagramGenerator  - CREATED ELEMENT FOR statement:io.typefox.yang.yang.impl.LeafImpl@7c57c47 (name: ipIfStatsOutRequests) WITH ID IP-MIB:ip-mib-node-container-ipTrafficStats-list-ipIfStatsEntry-ipIfStatsOutRequests
8855 [Test worker] INFO  x.yang.diagram.YangDiagramGenerator  - CREATED ELEMENT FOR statement:io.typefox.yang.yang.impl.LeafImpl@152e4a00 (name: ipIfStatsHCOutRequests) WITH ID IP-MIB:ip-mib-node-container-ipTrafficStats-list-ipIfStatsEntry-ipIfStatsHCOutRequests
8859 [Test worker] INFO  x.yang.diagram.YangDiagramGenerator  - CREATED ELEMENT FOR statement:io.typefox.yang.yang.impl.LeafImpl@5f49ca26 (name: ipIfStatsOutForwDatagrams) WITH ID IP-MIB:ip-mib-node-container-ipTrafficStats-list-ipIfStatsEntry-ipIfStatsOutForwDatagrams
8859 [Test worker] INFO  x.yang.diagram.YangDiagramGenerator  - CREATED ELEMENT FOR statement:io.typefox.yang.yang.impl.LeafImpl@7325e5ec (name: ipIfStatsHCOutForwDatagrams) WITH ID IP-MIB:ip-mib-node-container-ipTrafficStats-list-ipIfStatsEntry-ipIfStatsHCOutForwDatagrams
8859 [Test worker] INFO  x.yang.diagram.YangDiagramGenerator  - CREATED ELEMENT FOR statement:io.typefox.yang.yang.impl.LeafImpl@5f2e888b (name: ipIfStatsOutDiscards) WITH ID IP-MIB:ip-mib-node-container-ipTrafficStats-list-ipIfStatsEntry-ipIfStatsOutDiscards
8859 [Test worker] INFO  x.yang.diagram.YangDiagramGenerator  - CREATED ELEMENT FOR statement:io.typefox.yang.yang.impl.LeafImpl@3837b724 (name: ipIfStatsOutFragReqds) WITH ID IP-MIB:ip-mib-node-container-ipTrafficStats-list-ipIfStatsEntry-ipIfStatsOutFragReqds
8859 [Test worker] INFO  x.yang.diagram.YangDiagramGenerator  - CREATED ELEMENT FOR statement:io.typefox.yang.yang.impl.LeafImpl@293e52fe (name: ipIfStatsOutFragOKs) WITH ID IP-MIB:ip-mib-node-container-ipTrafficStats-list-ipIfStatsEntry-ipIfStatsOutFragOKs
8859 [Test worker] INFO  x.yang.diagram.YangDiagramGenerator  - CREATED ELEMENT FOR statement:io.typefox.yang.yang.impl.LeafImpl@7568d8b0 (name: ipIfStatsOutFragFails) WITH ID IP-MIB:ip-mib-node-container-ipTrafficStats-list-ipIfStatsEntry-ipIfStatsOutFragFails
8859 [Test worker] INFO  x.yang.diagram.YangDiagramGenerator  - CREATED ELEMENT FOR statement:io.typefox.yang.yang.impl.LeafImpl@5e296c46 (name: ipIfStatsOutFragCreates) WITH ID IP-MIB:ip-mib-node-container-ipTrafficStats-list-ipIfStatsEntry-ipIfStatsOutFragCreates
8859 [Test worker] INFO  x.yang.diagram.YangDiagramGenerator  - CREATED ELEMENT FOR statement:io.typefox.yang.yang.impl.LeafImpl@5b227e30 (name: ipIfStatsOutTransmits) WITH ID IP-MIB:ip-mib-node-container-ipTrafficStats-list-ipIfStatsEntry-ipIfStatsOutTransmits
8859 [Test worker] INFO  x.yang.diagram.YangDiagramGenerator  - CREATED ELEMENT FOR statement:io.typefox.yang.yang.impl.LeafImpl@506e08 (name: ipIfStatsHCOutTransmits) WITH ID IP-MIB:ip-mib-node-container-ipTrafficStats-list-ipIfStatsEntry-ipIfStatsHCOutTransmits
8859 [Test worker] INFO  x.yang.diagram.YangDiagramGenerator  - CREATED ELEMENT FOR statement:io.typefox.yang.yang.impl.LeafImpl@33ce9bea (name: ipIfStatsOutOctets) WITH ID IP-MIB:ip-mib-node-container-ipTrafficStats-list-ipIfStatsEntry-ipIfStatsOutOctets
8859 [Test worker] INFO  x.yang.diagram.YangDiagramGenerator  - CREATED ELEMENT FOR statement:io.typefox.yang.yang.impl.LeafImpl@26908a89 (name: ipIfStatsHCOutOctets) WITH ID IP-MIB:ip-mib-node-container-ipTrafficStats-list-ipIfStatsEntry-ipIfStatsHCOutOctets
8860 [Test worker] INFO  x.yang.diagram.YangDiagramGenerator  - CREATED ELEMENT FOR statement:io.typefox.yang.yang.impl.LeafImpl@6e8ba395 (name: ipIfStatsInMcastPkts) WITH ID IP-MIB:ip-mib-node-container-ipTrafficStats-list-ipIfStatsEntry-ipIfStatsInMcastPkts
8860 [Test worker] INFO  x.yang.diagram.YangDiagramGenerator  - CREATED ELEMENT FOR statement:io.typefox.yang.yang.impl.LeafImpl@6d28b062 (name: ipIfStatsHCInMcastPkts) WITH ID IP-MIB:ip-mib-node-container-ipTrafficStats-list-ipIfStatsEntry-ipIfStatsHCInMcastPkts
8860 [Test worker] INFO  x.yang.diagram.YangDiagramGenerator  - CREATED ELEMENT FOR statement:io.typefox.yang.yang.impl.LeafImpl@2a7e67e6 (name: ipIfStatsInMcastOctets) WITH ID IP-MIB:ip-mib-node-container-ipTrafficStats-list-ipIfStatsEntry-ipIfStatsInMcastOctets
8860 [Test worker] INFO  x.yang.diagram.YangDiagramGenerator  - CREATED ELEMENT FOR statement:io.typefox.yang.yang.impl.LeafImpl@81864e2 (name: ipIfStatsHCInMcastOctets) WITH ID IP-MIB:ip-mib-node-container-ipTrafficStats-list-ipIfStatsEntry-ipIfStatsHCInMcastOctets
8860 [Test worker] INFO  x.yang.diagram.YangDiagramGenerator  - CREATED ELEMENT FOR statement:io.typefox.yang.yang.impl.LeafImpl@3b3ce97f (name: ipIfStatsOutMcastPkts) WITH ID IP-MIB:ip-mib-node-container-ipTrafficStats-list-ipIfStatsEntry-ipIfStatsOutMcastPkts
8860 [Test worker] INFO  x.yang.diagram.YangDiagramGenerator  - CREATED ELEMENT FOR statement:io.typefox.yang.yang.impl.LeafImpl@13bfe5da (name: ipIfStatsHCOutMcastPkts) WITH ID IP-MIB:ip-mib-node-container-ipTrafficStats-list-ipIfStatsEntry-ipIfStatsHCOutMcastPkts
8860 [Test worker] INFO  x.yang.diagram.YangDiagramGenerator  - CREATED ELEMENT FOR statement:io.typefox.yang.yang.impl.LeafImpl@4a27f11c (name: ipIfStatsOutMcastOctets) WITH ID IP-MIB:ip-mib-node-container-ipTrafficStats-list-ipIfStatsEntry-ipIfStatsOutMcastOctets
8860 [Test worker] INFO  x.yang.diagram.YangDiagramGenerator  - CREATED ELEMENT FOR statement:io.typefox.yang.yang.impl.LeafImpl@153a3ce (name: ipIfStatsHCOutMcastOctets) WITH ID IP-MIB:ip-mib-node-container-ipTrafficStats-list-ipIfStatsEntry-ipIfStatsHCOutMcastOctets
8860 [Test worker] INFO  x.yang.diagram.YangDiagramGenerator  - CREATED ELEMENT FOR statement:io.typefox.yang.yang.impl.LeafImpl@5df8d58a (name: ipIfStatsInBcastPkts) WITH ID IP-MIB:ip-mib-node-container-ipTrafficStats-list-ipIfStatsEntry-ipIfStatsInBcastPkts
8860 [Test worker] INFO  x.yang.diagram.YangDiagramGenerator  - CREATED ELEMENT FOR statement:io.typefox.yang.yang.impl.LeafImpl@31857ada (name: ipIfStatsHCInBcastPkts) WITH ID IP-MIB:ip-mib-node-container-ipTrafficStats-list-ipIfStatsEntry-ipIfStatsHCInBcastPkts
8860 [Test worker] INFO  x.yang.diagram.YangDiagramGenerator  - CREATED ELEMENT FOR statement:io.typefox.yang.yang.impl.LeafImpl@44dfd2e7 (name: ipIfStatsOutBcastPkts) WITH ID IP-MIB:ip-mib-node-container-ipTrafficStats-list-ipIfStatsEntry-ipIfStatsOutBcastPkts
8860 [Test worker] INFO  x.yang.diagram.YangDiagramGenerator  - CREATED ELEMENT FOR statement:io.typefox.yang.yang.impl.LeafImpl@588e4461 (name: ipIfStatsHCOutBcastPkts) WITH ID IP-MIB:ip-mib-node-container-ipTrafficStats-list-ipIfStatsEntry-ipIfStatsHCOutBcastPkts
8860 [Test worker] INFO  x.yang.diagram.YangDiagramGenerator  - CREATED ELEMENT FOR statement:io.typefox.yang.yang.impl.LeafImpl@43419e7f (name: ipIfStatsDiscontinuityTime) WITH ID IP-MIB:ip-mib-node-container-ipTrafficStats-list-ipIfStatsEntry-ipIfStatsDiscontinuityTime
8860 [Test worker] INFO  x.yang.diagram.YangDiagramGenerator  - CREATED ELEMENT FOR statement:io.typefox.yang.yang.impl.LeafImpl@59887f67 (name: ipIfStatsRefreshRate) WITH ID IP-MIB:ip-mib-node-container-ipTrafficStats-list-ipIfStatsEntry-ipIfStatsRefreshRate
8860 [Test worker] INFO  x.yang.diagram.YangDiagramGenerator  - CREATED ELEMENT FOR statement:io.typefox.yang.yang.impl.ListImpl@637ad65b (name: ipIfStatsEntry) WITH ID IP-MIB:ip-mib-node-container-ipTrafficStats-list-ipIfStatsEntry
8861 [Test worker] INFO  x.yang.diagram.YangDiagramGenerator  - CREATED ELEMENT FOR statement:io.typefox.yang.yang.impl.ContainerImpl@49fd2b19 (name: ipTrafficStats) WITH ID IP-MIB:ip-mib-node-container-ipTrafficStats
8861 [Test worker] INFO  x.yang.diagram.YangDiagramGenerator  - CREATED ELEMENT FOR statement:io.typefox.yang.yang.impl.LeafImpl@680e63f (name: icmpInMsgs) WITH ID IP-MIB:ip-mib-node-container-icmp-icmpInMsgs
8861 [Test worker] INFO  x.yang.diagram.YangDiagramGenerator  - CREATED ELEMENT FOR statement:io.typefox.yang.yang.impl.LeafImpl@1ce9d2cf (name: icmpInErrors) WITH ID IP-MIB:ip-mib-node-container-icmp-icmpInErrors
8861 [Test worker] INFO  x.yang.diagram.YangDiagramGenerator  - CREATED ELEMENT FOR statement:io.typefox.yang.yang.impl.LeafImpl@29141707 (name: icmpInDestUnreachs) WITH ID IP-MIB:ip-mib-node-container-icmp-icmpInDestUnreachs
8861 [Test worker] INFO  x.yang.diagram.YangDiagramGenerator  - CREATED ELEMENT FOR statement:io.typefox.yang.yang.impl.LeafImpl@99154df (name: icmpInTimeExcds) WITH ID IP-MIB:ip-mib-node-container-icmp-icmpInTimeExcds
8861 [Test worker] INFO  x.yang.diagram.YangDiagramGenerator  - CREATED ELEMENT FOR statement:io.typefox.yang.yang.impl.LeafImpl@821facc (name: icmpInParmProbs) WITH ID IP-MIB:ip-mib-node-container-icmp-icmpInParmProbs
8861 [Test worker] INFO  x.yang.diagram.YangDiagramGenerator  - CREATED ELEMENT FOR statement:io.typefox.yang.yang.impl.LeafImpl@5a0c2ead (name: icmpInSrcQuenchs) WITH ID IP-MIB:ip-mib-node-container-icmp-icmpInSrcQuenchs
8861 [Test worker] INFO  x.yang.diagram.YangDiagramGenerator  - CREATED ELEMENT FOR statement:io.typefox.yang.yang.impl.LeafImpl@5329a6c4 (name: icmpInRedirects) WITH ID IP-MIB:ip-mib-node-container-icmp-icmpInRedirects
8861 [Test worker] INFO  x.yang.diagram.YangDiagramGenerator  - CREATED ELEMENT FOR statement:io.typefox.yang.yang.impl.LeafImpl@509d27d2 (name: icmpInEchos) WITH ID IP-MIB:ip-mib-node-container-icmp-icmpInEchos
8861 [Test worker] INFO  x.yang.diagram.YangDiagramGenerator  - CREATED ELEMENT FOR statement:io.typefox.yang.yang.impl.LeafImpl@576d4097 (name: icmpInEchoReps) WITH ID IP-MIB:ip-mib-node-container-icmp-icmpInEchoReps
8861 [Test worker] INFO  x.yang.diagram.YangDiagramGenerator  - CREATED ELEMENT FOR statement:io.typefox.yang.yang.impl.LeafImpl@6c2f7591 (name: icmpInTimestamps) WITH ID IP-MIB:ip-mib-node-container-icmp-icmpInTimestamps
8861 [Test worker] INFO  x.yang.diagram.YangDiagramGenerator  - CREATED ELEMENT FOR statement:io.typefox.yang.yang.impl.LeafImpl@72aee156 (name: icmpInTimestampReps) WITH ID IP-MIB:ip-mib-node-container-icmp-icmpInTimestampReps
8861 [Test worker] INFO  x.yang.diagram.YangDiagramGenerator  - CREATED ELEMENT FOR statement:io.typefox.yang.yang.impl.LeafImpl@4bb4eb66 (name: icmpInAddrMasks) WITH ID IP-MIB:ip-mib-node-container-icmp-icmpInAddrMasks
8861 [Test worker] INFO  x.yang.diagram.YangDiagramGenerator  - CREATED ELEMENT FOR statement:io.typefox.yang.yang.impl.LeafImpl@76e0737f (name: icmpInAddrMaskReps) WITH ID IP-MIB:ip-mib-node-container-icmp-icmpInAddrMaskReps
8861 [Test worker] INFO  x.yang.diagram.YangDiagramGenerator  - CREATED ELEMENT FOR statement:io.typefox.yang.yang.impl.LeafImpl@617403cf (name: icmpOutMsgs) WITH ID IP-MIB:ip-mib-node-container-icmp-icmpOutMsgs
8861 [Test worker] INFO  x.yang.diagram.YangDiagramGenerator  - CREATED ELEMENT FOR statement:io.typefox.yang.yang.impl.LeafImpl@6455fae6 (name: icmpOutErrors) WITH ID IP-MIB:ip-mib-node-container-icmp-icmpOutErrors
8861 [Test worker] INFO  x.yang.diagram.YangDiagramGenerator  - CREATED ELEMENT FOR statement:io.typefox.yang.yang.impl.LeafImpl@856d2d1 (name: icmpOutDestUnreachs) WITH ID IP-MIB:ip-mib-node-container-icmp-icmpOutDestUnreachs
8862 [Test worker] INFO  x.yang.diagram.YangDiagramGenerator  - CREATED ELEMENT FOR statement:io.typefox.yang.yang.impl.LeafImpl@7d58232f (name: icmpOutTimeExcds) WITH ID IP-MIB:ip-mib-node-container-icmp-icmpOutTimeExcds
8862 [Test worker] INFO  x.yang.diagram.YangDiagramGenerator  - CREATED ELEMENT FOR statement:io.typefox.yang.yang.impl.LeafImpl@3cf33d30 (name: icmpOutParmProbs) WITH ID IP-MIB:ip-mib-node-container-icmp-icmpOutParmProbs
8862 [Test worker] INFO  x.yang.diagram.YangDiagramGenerator  - CREATED ELEMENT FOR statement:io.typefox.yang.yang.impl.LeafImpl@773a6282 (name: icmpOutSrcQuenchs) WITH ID IP-MIB:ip-mib-node-container-icmp-icmpOutSrcQuenchs
8862 [Test worker] INFO  x.yang.diagram.YangDiagramGenerator  - CREATED ELEMENT FOR statement:io.typefox.yang.yang.impl.LeafImpl@4944e6ee (name: icmpOutRedirects) WITH ID IP-MIB:ip-mib-node-container-icmp-icmpOutRedirects
8862 [Test worker] INFO  x.yang.diagram.YangDiagramGenerator  - CREATED ELEMENT FOR statement:io.typefox.yang.yang.impl.LeafImpl@75b9f5b2 (name: icmpOutEchos) WITH ID IP-MIB:ip-mib-node-container-icmp-icmpOutEchos
8862 [Test worker] INFO  x.yang.diagram.YangDiagramGenerator  - CREATED ELEMENT FOR statement:io.typefox.yang.yang.impl.LeafImpl@50864c88 (name: icmpOutEchoReps) WITH ID IP-MIB:ip-mib-node-container-icmp-icmpOutEchoReps
8862 [Test worker] INFO  x.yang.diagram.YangDiagramGenerator  - CREATED ELEMENT FOR statement:io.typefox.yang.yang.impl.LeafImpl@748c0a68 (name: icmpOutTimestamps) WITH ID IP-MIB:ip-mib-node-container-icmp-icmpOutTimestamps
8862 [Test worker] INFO  x.yang.diagram.YangDiagramGenerator  - CREATED ELEMENT FOR statement:io.typefox.yang.yang.impl.LeafImpl@1a91f181 (name: icmpOutTimestampReps) WITH ID IP-MIB:ip-mib-node-container-icmp-icmpOutTimestampReps
8862 [Test worker] INFO  x.yang.diagram.YangDiagramGenerator  - CREATED ELEMENT FOR statement:io.typefox.yang.yang.impl.LeafImpl@20bf9304 (name: icmpOutAddrMasks) WITH ID IP-MIB:ip-mib-node-container-icmp-icmpOutAddrMasks
8862 [Test worker] INFO  x.yang.diagram.YangDiagramGenerator  - CREATED ELEMENT FOR statement:io.typefox.yang.yang.impl.LeafImpl@42bf6997 (name: icmpOutAddrMaskReps) WITH ID IP-MIB:ip-mib-node-container-icmp-icmpOutAddrMaskReps
8862 [Test worker] INFO  x.yang.diagram.YangDiagramGenerator  - CREATED ELEMENT FOR statement:io.typefox.yang.yang.impl.LeafImpl@56f4f4e2 (name: icmpStatsIPVersion) WITH ID IP-MIB:ip-mib-node-container-icmp-list-icmpStatsEntry-icmpStatsIPVersion
8862 [Test worker] INFO  x.yang.diagram.YangDiagramGenerator  - CREATED ELEMENT FOR statement:io.typefox.yang.yang.impl.LeafImpl@43fc0a44 (name: icmpStatsInMsgs) WITH ID IP-MIB:ip-mib-node-container-icmp-list-icmpStatsEntry-icmpStatsInMsgs
8862 [Test worker] INFO  x.yang.diagram.YangDiagramGenerator  - CREATED ELEMENT FOR statement:io.typefox.yang.yang.impl.LeafImpl@1f87868c (name: icmpStatsInErrors) WITH ID IP-MIB:ip-mib-node-container-icmp-list-icmpStatsEntry-icmpStatsInErrors
8862 [Test worker] INFO  x.yang.diagram.YangDiagramGenerator  - CREATED ELEMENT FOR statement:io.typefox.yang.yang.impl.LeafImpl@26cdb73a (name: icmpStatsOutMsgs) WITH ID IP-MIB:ip-mib-node-container-icmp-list-icmpStatsEntry-icmpStatsOutMsgs
8862 [Test worker] INFO  x.yang.diagram.YangDiagramGenerator  - CREATED ELEMENT FOR statement:io.typefox.yang.yang.impl.LeafImpl@57ef04e5 (name: icmpStatsOutErrors) WITH ID IP-MIB:ip-mib-node-container-icmp-list-icmpStatsEntry-icmpStatsOutErrors
8862 [Test worker] INFO  x.yang.diagram.YangDiagramGenerator  - CREATED ELEMENT FOR statement:io.typefox.yang.yang.impl.ListImpl@74628a76 (name: icmpStatsEntry) WITH ID IP-MIB:ip-mib-node-container-icmp-list-icmpStatsEntry
8863 [Test worker] INFO  x.yang.diagram.YangDiagramGenerator  - CREATED ELEMENT FOR statement:io.typefox.yang.yang.impl.LeafImpl@5772d190 (name: icmpMsgStatsIPVersion) WITH ID IP-MIB:ip-mib-node-container-icmp-list-icmpMsgStatsEntry-icmpMsgStatsIPVersion
8863 [Test worker] INFO  x.yang.diagram.YangDiagramGenerator  - CREATED ELEMENT FOR statement:io.typefox.yang.yang.impl.LeafImpl@1c4dd823 (name: icmpMsgStatsType) WITH ID IP-MIB:ip-mib-node-container-icmp-list-icmpMsgStatsEntry-icmpMsgStatsType
8863 [Test worker] INFO  x.yang.diagram.YangDiagramGenerator  - CREATED ELEMENT FOR statement:io.typefox.yang.yang.impl.LeafImpl@33aa2f63 (name: icmpMsgStatsInPkts) WITH ID IP-MIB:ip-mib-node-container-icmp-list-icmpMsgStatsEntry-icmpMsgStatsInPkts
8863 [Test worker] INFO  x.yang.diagram.YangDiagramGenerator  - CREATED ELEMENT FOR statement:io.typefox.yang.yang.impl.LeafImpl@53fb325a (name: icmpMsgStatsOutPkts) WITH ID IP-MIB:ip-mib-node-container-icmp-list-icmpMsgStatsEntry-icmpMsgStatsOutPkts
8863 [Test worker] INFO  x.yang.diagram.YangDiagramGenerator  - CREATED ELEMENT FOR statement:io.typefox.yang.yang.impl.ListImpl@124487e4 (name: icmpMsgStatsEntry) WITH ID IP-MIB:ip-mib-node-container-icmp-list-icmpMsgStatsEntry
8863 [Test worker] INFO  x.yang.diagram.YangDiagramGenerator  - CREATED ELEMENT FOR statement:io.typefox.yang.yang.impl.ContainerImpl@603ad94f (name: icmp) WITH ID IP-MIB:ip-mib-node-container-icmp
8863 [Test worker] INFO  x.yang.diagram.YangDiagramGenerator  - CREATED ELEMENT FOR statement:io.typefox.yang.yang.impl.ModuleImpl@209331c (name: IP-MIB) WITH ID IP-MIB:ip-mib
8880 [Test worker] INFO  x.yang.diagram.YangDiagramGenerator  - Generating diagram for input: 'ietf-netconf-acm.yang'
8880 [Test worker] INFO  x.yang.diagram.YangDiagramGenerator  - CREATED ELEMENT FOR statement:io.typefox.yang.yang.impl.TypedefImpl@3ea765ab (name: user-name-type) WITH ID ietf-netconf-acm:nacm-node-typedef-user-name-type
8880 [Test worker] INFO  x.yang.diagram.YangDiagramGenerator  - CREATED ELEMENT FOR statement:io.typefox.yang.yang.impl.TypedefImpl@8e13391 (name: matchall-string-type) WITH ID ietf-netconf-acm:nacm-node-typedef-matchall-string-type
8880 [Test worker] INFO  x.yang.diagram.YangDiagramGenerator  - CREATED ELEMENT FOR statement:io.typefox.yang.yang.impl.TypedefImpl@43bb6042 (name: access-operations-type) WITH ID ietf-netconf-acm:nacm-node-typedef-access-operations-type
8880 [Test worker] INFO  x.yang.diagram.YangDiagramGenerator  - CREATED ELEMENT FOR statement:io.typefox.yang.yang.impl.TypedefImpl@1e4bc550 (name: group-name-type) WITH ID ietf-netconf-acm:nacm-node-typedef-group-name-type
8880 [Test worker] INFO  x.yang.diagram.YangDiagramGenerator  - CREATED ELEMENT FOR statement:io.typefox.yang.yang.impl.TypedefImpl@1bc4610f (name: action-type) WITH ID ietf-netconf-acm:nacm-node-typedef-action-type
8880 [Test worker] INFO  x.yang.diagram.YangDiagramGenerator  - CREATED ELEMENT FOR statement:io.typefox.yang.yang.impl.TypedefImpl@1a38b45d (name: node-instance-identifier) WITH ID ietf-netconf-acm:nacm-node-typedef-node-instance-identifier
8880 [Test worker] INFO  x.yang.diagram.YangDiagramGenerator  - CREATED ELEMENT FOR statement:io.typefox.yang.yang.impl.LeafImpl@2197e28 (name: enable-nacm) WITH ID ietf-netconf-acm:nacm-node-container-nacm-enable-nacm
8880 [Test worker] INFO  x.yang.diagram.YangDiagramGenerator  - CREATED ELEMENT FOR statement:io.typefox.yang.yang.impl.LeafImpl@42b84a7e (name: read-default) WITH ID ietf-netconf-acm:nacm-node-container-nacm-read-default
8880 [Test worker] INFO  x.yang.diagram.YangDiagramGenerator  - CREATED ELEMENT FOR statement:io.typefox.yang.yang.impl.LeafImpl@7acc973f (name: write-default) WITH ID ietf-netconf-acm:nacm-node-container-nacm-write-default
8880 [Test worker] INFO  x.yang.diagram.YangDiagramGenerator  - CREATED ELEMENT FOR statement:io.typefox.yang.yang.impl.LeafImpl@25894e67 (name: exec-default) WITH ID ietf-netconf-acm:nacm-node-container-nacm-exec-default
8880 [Test worker] INFO  x.yang.diagram.YangDiagramGenerator  - CREATED ELEMENT FOR statement:io.typefox.yang.yang.impl.LeafImpl@6c289cc0 (name: enable-external-groups) WITH ID ietf-netconf-acm:nacm-node-container-nacm-enable-external-groups
8880 [Test worker] INFO  x.yang.diagram.YangDiagramGenerator  - CREATED ELEMENT FOR statement:io.typefox.yang.yang.impl.LeafImpl@6c43c081 (name: denied-operations) WITH ID ietf-netconf-acm:nacm-node-container-nacm-denied-operations
8880 [Test worker] INFO  x.yang.diagram.YangDiagramGenerator  - CREATED ELEMENT FOR statement:io.typefox.yang.yang.impl.LeafImpl@72a8c759 (name: denied-data-writes) WITH ID ietf-netconf-acm:nacm-node-container-nacm-denied-data-writes
8881 [Test worker] INFO  x.yang.diagram.YangDiagramGenerator  - CREATED ELEMENT FOR statement:io.typefox.yang.yang.impl.LeafImpl@1d3d451d (name: denied-notifications) WITH ID ietf-netconf-acm:nacm-node-container-nacm-denied-notifications
8881 [Test worker] INFO  x.yang.diagram.YangDiagramGenerator  - CREATED ELEMENT FOR statement:io.typefox.yang.yang.impl.LeafImpl@35db14e6 (name: name) WITH ID ietf-netconf-acm:nacm-node-container-nacm-container-groups-list-group-name
8881 [Test worker] INFO  x.yang.diagram.YangDiagramGenerator  - CREATED ELEMENT FOR statement:io.typefox.yang.yang.impl.LeafListImpl@476e9d14 (name: user-name) WITH ID ietf-netconf-acm:nacm-node-container-nacm-container-groups-list-group-user-name
8881 [Test worker] INFO  x.yang.diagram.YangDiagramGenerator  - CREATED ELEMENT FOR statement:io.typefox.yang.yang.impl.ListImpl@73c818af (name: group) WITH ID ietf-netconf-acm:nacm-node-container-nacm-container-groups-list-group
8881 [Test worker] INFO  x.yang.diagram.YangDiagramGenerator  - CREATED ELEMENT FOR statement:io.typefox.yang.yang.impl.ContainerImpl@42abe66 (name: groups) WITH ID ietf-netconf-acm:nacm-node-container-nacm-container-groups
8881 [Test worker] INFO  x.yang.diagram.YangDiagramGenerator  - CREATED ELEMENT FOR statement:io.typefox.yang.yang.impl.LeafImpl@69bbe621 (name: name) WITH ID ietf-netconf-acm:nacm-node-container-nacm-list-rule-list-name
8881 [Test worker] INFO  x.yang.diagram.YangDiagramGenerator  - CREATED ELEMENT FOR statement:io.typefox.yang.yang.impl.LeafListImpl@5a8e403f (name: group) WITH ID ietf-netconf-acm:nacm-node-container-nacm-list-rule-list-group
8881 [Test worker] INFO  x.yang.diagram.YangDiagramGenerator  - CREATED ELEMENT FOR statement:io.typefox.yang.yang.impl.LeafImpl@693026a1 (name: name) WITH ID ietf-netconf-acm:nacm-node-container-nacm-list-rule-list-list-rule-name
8881 [Test worker] INFO  x.yang.diagram.YangDiagramGenerator  - CREATED ELEMENT FOR statement:io.typefox.yang.yang.impl.LeafImpl@38b86c6f (name: module-name) WITH ID ietf-netconf-acm:nacm-node-container-nacm-list-rule-list-list-rule-module-name
8881 [Test worker] INFO  x.yang.diagram.YangDiagramGenerator  - CREATED ELEMENT FOR statement:io.typefox.yang.yang.impl.LeafImpl@e041fb7 (name: access-operations) WITH ID ietf-netconf-acm:nacm-node-container-nacm-list-rule-list-list-rule-access-operations
8881 [Test worker] INFO  x.yang.diagram.YangDiagramGenerator  - CREATED ELEMENT FOR statement:io.typefox.yang.yang.impl.LeafImpl@26a339f0 (name: action) WITH ID ietf-netconf-acm:nacm-node-container-nacm-list-rule-list-list-rule-action
8881 [Test worker] INFO  x.yang.diagram.YangDiagramGenerator  - CREATED ELEMENT FOR statement:io.typefox.yang.yang.impl.LeafImpl@4ece06ab (name: comment) WITH ID ietf-netconf-acm:nacm-node-container-nacm-list-rule-list-list-rule-comment
8883 [Test worker] INFO  x.yang.diagram.YangDiagramGenerator  - CREATED ELEMENT FOR statement:io.typefox.yang.yang.impl.LeafImpl@356ed009 (name: rpc-name) WITH ID ietf-netconf-acm:nacm-node-container-nacm-list-rule-list-list-rule-rule-type-choice-protocol-operation-case-rpc-name
8883 [Test worker] INFO  x.yang.diagram.YangDiagramGenerator  - CREATED ELEMENT FOR statement:io.typefox.yang.yang.impl.LeafImpl@1b3998b4 (name: notification-name) WITH ID ietf-netconf-acm:nacm-node-container-nacm-list-rule-list-list-rule-rule-type-choice-notification-case-notification-name
8883 [Test worker] INFO  x.yang.diagram.YangDiagramGenerator  - CREATED ELEMENT FOR statement:io.typefox.yang.yang.impl.LeafImpl@24ea4e9a (name: path) WITH ID ietf-netconf-acm:nacm-node-container-nacm-list-rule-list-list-rule-rule-type-choice-data-node-case-path
8883 [Test worker] INFO  x.yang.diagram.YangDiagramGenerator  - CREATED ELEMENT FOR statement:io.typefox.yang.yang.impl.ChoiceImpl@1aaffff2 (name: rule-type) WITH ID ietf-netconf-acm:nacm-node-container-nacm-list-rule-list-list-rule-rule-type-choice
8883 [Test worker] INFO  x.yang.diagram.YangDiagramGenerator  - CREATED ELEMENT FOR statement:io.typefox.yang.yang.impl.ListImpl@59828a36 (name: rule) WITH ID ietf-netconf-acm:nacm-node-container-nacm-list-rule-list-list-rule
8883 [Test worker] INFO  x.yang.diagram.YangDiagramGenerator  - CREATED ELEMENT FOR statement:io.typefox.yang.yang.impl.ListImpl@ea9558a (name: rule-list) WITH ID ietf-netconf-acm:nacm-node-container-nacm-list-rule-list
8883 [Test worker] INFO  x.yang.diagram.YangDiagramGenerator  - CREATED ELEMENT FOR statement:io.typefox.yang.yang.impl.ContainerImpl@78c1545b (name: nacm) WITH ID ietf-netconf-acm:nacm-node-container-nacm
8883 [Test worker] INFO  x.yang.diagram.YangDiagramGenerator  - CREATED ELEMENT FOR statement:io.typefox.yang.yang.impl.ModuleImpl@1df474de (name: ietf-netconf-acm) WITH ID ietf-netconf-acm:nacm
8890 [Test worker] INFO  x.yang.diagram.YangDiagramGenerator  - Generating diagram for input: 'RFC-1215.yang'
8890 [Test worker] INFO  x.yang.diagram.YangDiagramGenerator  - CREATED ELEMENT FOR statement:io.typefox.yang.yang.impl.ModuleImpl@4f0c397e (name: RFC-1215) WITH ID RFC-1215:rfc-1215
8904 [Test worker] INFO  x.yang.diagram.YangDiagramGenerator  - Generating diagram for input: 'ENTITY-STATE-TC-MIB.yang'
8904 [Test worker] INFO  x.yang.diagram.YangDiagramGenerator  - CREATED ELEMENT FOR statement:io.typefox.yang.yang.impl.TypedefImpl@17183c8e (name: EntityAdminState) WITH ID ENTITY-STATE-TC-MIB:entity-state-node-typedef-EntityAdminState
8904 [Test worker] INFO  x.yang.diagram.YangDiagramGenerator  - CREATED ELEMENT FOR statement:io.typefox.yang.yang.impl.TypedefImpl@4047b744 (name: EntityOperState) WITH ID ENTITY-STATE-TC-MIB:entity-state-node-typedef-EntityOperState
8904 [Test worker] INFO  x.yang.diagram.YangDiagramGenerator  - CREATED ELEMENT FOR statement:io.typefox.yang.yang.impl.TypedefImpl@6eaeb1fb (name: EntityUsageState) WITH ID ENTITY-STATE-TC-MIB:entity-state-node-typedef-EntityUsageState
8904 [Test worker] INFO  x.yang.diagram.YangDiagramGenerator  - CREATED ELEMENT FOR statement:io.typefox.yang.yang.impl.TypedefImpl@3c2b3cfa (name: EntityAlarmStatus) WITH ID ENTITY-STATE-TC-MIB:entity-state-node-typedef-EntityAlarmStatus
8904 [Test worker] INFO  x.yang.diagram.YangDiagramGenerator  - CREATED ELEMENT FOR statement:io.typefox.yang.yang.impl.TypedefImpl@6a818bbd (name: EntityStandbyStatus) WITH ID ENTITY-STATE-TC-MIB:entity-state-node-typedef-EntityStandbyStatus
8904 [Test worker] INFO  x.yang.diagram.YangDiagramGenerator  - CREATED ELEMENT FOR statement:io.typefox.yang.yang.impl.ModuleImpl@1701ec3e (name: ENTITY-STATE-TC-MIB) WITH ID ENTITY-STATE-TC-MIB:entity-state
8957 [Test worker] INFO  x.yang.diagram.YangDiagramGenerator  - Generating diagram for input: 'ietf-netconf-with-defaults.yang'
8957 [Test worker] INFO  x.yang.diagram.YangDiagramGenerator  - CREATED ELEMENT FOR statement:io.typefox.yang.yang.impl.TypedefImpl@757612e5 (name: with-defaults-mode) WITH ID ietf-netconf-with-defaults:ncwd-node-typedef-with-defaults-mode
8957 [Test worker] INFO  x.yang.diagram.YangDiagramGenerator  - CREATED ELEMENT FOR statement:io.typefox.yang.yang.impl.LeafImpl@7bd6d3f1 (name: with-defaults) WITH ID ietf-netconf-with-defaults:ncwd-node-grouping-with-defaults-parameters-with-defaults
8958 [Test worker] INFO  x.yang.diagram.YangDiagramGenerator  - CREATED ELEMENT FOR statement:io.typefox.yang.yang.impl.GroupingImpl@47c1dbda (name: with-defaults-parameters) WITH ID ietf-netconf-with-defaults:ncwd-node-grouping-with-defaults-parameters
8958 [Test worker] INFO  x.yang.diagram.YangDiagramGenerator  - CREATED ELEMENT FOR statement:io.typefox.yang.yang.impl.UsesImpl@342cbfe7 WITH ID ietf-netconf-with-defaults:ncwd-node-/nc:get-config/nc:input-augmentation-uses with-defaults-parameters-pill
8958 [Test worker] INFO  x.yang.diagram.YangDiagramGenerator  - CREATED ELEMENT FOR statement:io.typefox.yang.yang.impl.AugmentImpl@718862bd WITH ID ietf-netconf-with-defaults:ncwd-node-/nc:get-config/nc:input-augmentation
8958 [Test worker] INFO  x.yang.diagram.YangDiagramGenerator  - CREATED ELEMENT FOR statement:io.typefox.yang.yang.impl.UsesImpl@3c8c7e26 WITH ID ietf-netconf-with-defaults:ncwd-node-/nc:get/nc:input-augmentation-uses with-defaults-parameters-pill
8958 [Test worker] INFO  x.yang.diagram.YangDiagramGenerator  - CREATED ELEMENT FOR statement:io.typefox.yang.yang.impl.AugmentImpl@755a6d66 WITH ID ietf-netconf-with-defaults:ncwd-node-/nc:get/nc:input-augmentation
8958 [Test worker] INFO  x.yang.diagram.YangDiagramGenerator  - CREATED ELEMENT FOR statement:io.typefox.yang.yang.impl.UsesImpl@24d827ad WITH ID ietf-netconf-with-defaults:ncwd-node-/nc:copy-config/nc:input-augmentation-uses with-defaults-parameters-pill
8958 [Test worker] INFO  x.yang.diagram.YangDiagramGenerator  - CREATED ELEMENT FOR statement:io.typefox.yang.yang.impl.AugmentImpl@16772401 WITH ID ietf-netconf-with-defaults:ncwd-node-/nc:copy-config/nc:input-augmentation
8958 [Test worker] INFO  x.yang.diagram.YangDiagramGenerator  - CREATED ELEMENT FOR statement:io.typefox.yang.yang.impl.ModuleImpl@495505a7 (name: ietf-netconf-with-defaults) WITH ID ietf-netconf-with-defaults:ncwd
8990 [Test worker] INFO  x.yang.diagram.YangDiagramGenerator  - Generating diagram for input: 'nc-notifications.yang'
8990 [Test worker] INFO  x.yang.diagram.YangDiagramGenerator  - CREATED ELEMENT FOR statement:io.typefox.yang.yang.impl.LeafImpl@621ff717 (name: name) WITH ID nc-notifications:manageEvent-node-container-netconf-container-streams-list-stream-name
8990 [Test worker] INFO  x.yang.diagram.YangDiagramGenerator  - CREATED ELEMENT FOR statement:io.typefox.yang.yang.impl.LeafImpl@4a9a88b3 (name: description) WITH ID nc-notifications:manageEvent-node-container-netconf-container-streams-list-stream-description
8990 [Test worker] INFO  x.yang.diagram.YangDiagramGenerator  - CREATED ELEMENT FOR statement:io.typefox.yang.yang.impl.LeafImpl@39812bf9 (name: replaySupport) WITH ID nc-notifications:manageEvent-node-container-netconf-container-streams-list-stream-replaySupport
8990 [Test worker] INFO  x.yang.diagram.YangDiagramGenerator  - CREATED ELEMENT FOR statement:io.typefox.yang.yang.impl.LeafImpl@b269289 (name: replayLogCreationTime) WITH ID nc-notifications:manageEvent-node-container-netconf-container-streams-list-stream-replayLogCreationTime
8990 [Test worker] INFO  x.yang.diagram.YangDiagramGenerator  - CREATED ELEMENT FOR statement:io.typefox.yang.yang.impl.ListImpl@169c7bb5 (name: stream) WITH ID nc-notifications:manageEvent-node-container-netconf-container-streams-list-stream
8990 [Test worker] INFO  x.yang.diagram.YangDiagramGenerator  - CREATED ELEMENT FOR statement:io.typefox.yang.yang.impl.ContainerImpl@8ddb6c5 (name: streams) WITH ID nc-notifications:manageEvent-node-container-netconf-container-streams
8990 [Test worker] INFO  x.yang.diagram.YangDiagramGenerator  - CREATED ELEMENT FOR statement:io.typefox.yang.yang.impl.ContainerImpl@38b39ac4 (name: netconf) WITH ID nc-notifications:manageEvent-node-container-netconf
8990 [Test worker] INFO  x.yang.diagram.YangDiagramGenerator  - CREATED ELEMENT FOR statement:io.typefox.yang.yang.impl.NotificationImpl@73ef581 (name: replayComplete) WITH ID nc-notifications:manageEvent-node-notification-replayComplete
8990 [Test worker] INFO  x.yang.diagram.YangDiagramGenerator  - CREATED ELEMENT FOR statement:io.typefox.yang.yang.impl.NotificationImpl@728a6700 (name: notificationComplete) WITH ID nc-notifications:manageEvent-node-notification-notificationComplete
8990 [Test worker] INFO  x.yang.diagram.YangDiagramGenerator  - CREATED ELEMENT FOR statement:io.typefox.yang.yang.impl.ModuleImpl@17848c0a (name: nc-notifications) WITH ID nc-notifications:manageEvent
9069 [Test worker] INFO  x.yang.diagram.YangDiagramGenerator  - Generating diagram for input: 'ietf-snmp-proxy.yang'
9069 [Test worker] INFO  x.yang.diagram.YangDiagramGenerator  - CREATED ELEMENT FOR statement:io.typefox.yang.yang.impl.LeafImpl@4c8f818 (name: name) WITH ID ietf-snmp-proxy-node-/snmp:snmp-augmentation-list-proxy-name
9069 [Test worker] INFO  x.yang.diagram.YangDiagramGenerator  - CREATED ELEMENT FOR statement:io.typefox.yang.yang.impl.LeafImpl@67e78427 (name: type) WITH ID ietf-snmp-proxy-node-/snmp:snmp-augmentation-list-proxy-type
9069 [Test worker] INFO  x.yang.diagram.YangDiagramGenerator  - CREATED ELEMENT FOR statement:io.typefox.yang.yang.impl.LeafImpl@206b6fd3 (name: context-engine-id) WITH ID ietf-snmp-proxy-node-/snmp:snmp-augmentation-list-proxy-context-engine-id
9070 [Test worker] INFO  x.yang.diagram.YangDiagramGenerator  - CREATED ELEMENT FOR statement:io.typefox.yang.yang.impl.LeafImpl@73d83cbc (name: context-name) WITH ID ietf-snmp-proxy-node-/snmp:snmp-augmentation-list-proxy-context-name
9070 [Test worker] INFO  x.yang.diagram.YangDiagramGenerator  - CREATED ELEMENT FOR statement:io.typefox.yang.yang.impl.LeafImpl@301302e7 (name: single-target-out) WITH ID ietf-snmp-proxy-node-/snmp:snmp-augmentation-list-proxy-single-target-out
9070 [Test worker] INFO  x.yang.diagram.YangDiagramGenerator  - CREATED ELEMENT FOR statement:io.typefox.yang.yang.impl.LeafImpl@6b0e6e7e (name: multiple-target-out) WITH ID ietf-snmp-proxy-node-/snmp:snmp-augmentation-list-proxy-multiple-target-out
9070 [Test worker] INFO  x.yang.diagram.YangDiagramGenerator  - CREATED ELEMENT FOR statement:io.typefox.yang.yang.impl.ChoiceImpl@1060813b (name: params) WITH ID ietf-snmp-proxy-node-/snmp:snmp-augmentation-list-proxy-container-params-in-params-choice
9070 [Test worker] INFO  x.yang.diagram.YangDiagramGenerator  - CREATED ELEMENT FOR statement:io.typefox.yang.yang.impl.ContainerImpl@22ef6257 (name: params-in) WITH ID ietf-snmp-proxy-node-/snmp:snmp-augmentation-list-proxy-container-params-in
9070 [Test worker] INFO  x.yang.diagram.YangDiagramGenerator  - CREATED ELEMENT FOR statement:io.typefox.yang.yang.impl.ListImpl@ac348d7 (name: proxy) WITH ID ietf-snmp-proxy-node-/snmp:snmp-augmentation-list-proxy
9070 [Test worker] INFO  x.yang.diagram.YangDiagramGenerator  - CREATED ELEMENT FOR statement:io.typefox.yang.yang.impl.AugmentImpl@12a6ba6f WITH ID ietf-snmp-proxy-node-/snmp:snmp-augmentation
9070 [Test worker] INFO  x.yang.diagram.YangDiagramGenerator  - CREATED ELEMENT FOR statement:io.typefox.yang.yang.impl.SubmoduleImpl@6db9859 (name: ietf-snmp-proxy) WITH ID ietf-snmp-proxy
9126 [Test worker] INFO  x.yang.diagram.YangDiagramGenerator  - Generating diagram for input: 'HOST-RESOURCES-TYPES.yang'
9126 [Test worker] INFO  x.yang.diagram.YangDiagramGenerator  - CREATED ELEMENT FOR statement:io.typefox.yang.yang.impl.ModuleImpl@13fc9484 (name: HOST-RESOURCES-TYPES) WITH ID HOST-RESOURCES-TYPES:host-resources-types
9161 [Test worker] INFO  x.yang.diagram.YangDiagramGenerator  - Generating diagram for input: 'ENTITY-SENSOR-MIB.yang'
9161 [Test worker] INFO  x.yang.diagram.YangDiagramGenerator  - CREATED ELEMENT FOR statement:io.typefox.yang.yang.impl.TypedefImpl@2b3cf2c5 (name: EntitySensorDataType) WITH ID ENTITY-SENSOR-MIB:entity-sensor-node-typedef-EntitySensorDataType
9161 [Test worker] INFO  x.yang.diagram.YangDiagramGenerator  - CREATED ELEMENT FOR statement:io.typefox.yang.yang.impl.TypedefImpl@24158dfb (name: EntitySensorDataScale) WITH ID ENTITY-SENSOR-MIB:entity-sensor-node-typedef-EntitySensorDataScale
9161 [Test worker] INFO  x.yang.diagram.YangDiagramGenerator  - CREATED ELEMENT FOR statement:io.typefox.yang.yang.impl.TypedefImpl@5a3e2b8e (name: EntitySensorPrecision) WITH ID ENTITY-SENSOR-MIB:entity-sensor-node-typedef-EntitySensorPrecision
9161 [Test worker] INFO  x.yang.diagram.YangDiagramGenerator  - CREATED ELEMENT FOR statement:io.typefox.yang.yang.impl.TypedefImpl@578ba7d6 (name: EntitySensorValue) WITH ID ENTITY-SENSOR-MIB:entity-sensor-node-typedef-EntitySensorValue
9161 [Test worker] INFO  x.yang.diagram.YangDiagramGenerator  - CREATED ELEMENT FOR statement:io.typefox.yang.yang.impl.TypedefImpl@1bedcd38 (name: EntitySensorStatus) WITH ID ENTITY-SENSOR-MIB:entity-sensor-node-typedef-EntitySensorStatus
9162 [Test worker] INFO  x.yang.diagram.YangDiagramGenerator  - CREATED ELEMENT FOR statement:io.typefox.yang.yang.impl.LeafImpl@131fe1eb (name: entPhysicalIndex) WITH ID ENTITY-SENSOR-MIB:entity-sensor-node-container-entitySensorObjects-list-entPhySensorEntry-entPhysicalIndex
9162 [Test worker] INFO  x.yang.diagram.YangDiagramGenerator  - CREATED ELEMENT FOR statement:io.typefox.yang.yang.impl.LeafImpl@38d6ca5d (name: entPhySensorType) WITH ID ENTITY-SENSOR-MIB:entity-sensor-node-container-entitySensorObjects-list-entPhySensorEntry-entPhySensorType
9162 [Test worker] INFO  x.yang.diagram.YangDiagramGenerator  - CREATED ELEMENT FOR statement:io.typefox.yang.yang.impl.LeafImpl@32e96f86 (name: entPhySensorScale) WITH ID ENTITY-SENSOR-MIB:entity-sensor-node-container-entitySensorObjects-list-entPhySensorEntry-entPhySensorScale
9162 [Test worker] INFO  x.yang.diagram.YangDiagramGenerator  - CREATED ELEMENT FOR statement:io.typefox.yang.yang.impl.LeafImpl@4718f0ee (name: entPhySensorPrecision) WITH ID ENTITY-SENSOR-MIB:entity-sensor-node-container-entitySensorObjects-list-entPhySensorEntry-entPhySensorPrecision
9162 [Test worker] INFO  x.yang.diagram.YangDiagramGenerator  - CREATED ELEMENT FOR statement:io.typefox.yang.yang.impl.LeafImpl@2b64415f (name: entPhySensorValue) WITH ID ENTITY-SENSOR-MIB:entity-sensor-node-container-entitySensorObjects-list-entPhySensorEntry-entPhySensorValue
9162 [Test worker] INFO  x.yang.diagram.YangDiagramGenerator  - CREATED ELEMENT FOR statement:io.typefox.yang.yang.impl.LeafImpl@256ef24c (name: entPhySensorOperStatus) WITH ID ENTITY-SENSOR-MIB:entity-sensor-node-container-entitySensorObjects-list-entPhySensorEntry-entPhySensorOperStatus
9162 [Test worker] INFO  x.yang.diagram.YangDiagramGenerator  - CREATED ELEMENT FOR statement:io.typefox.yang.yang.impl.LeafImpl@5c023c38 (name: entPhySensorUnitsDisplay) WITH ID ENTITY-SENSOR-MIB:entity-sensor-node-container-entitySensorObjects-list-entPhySensorEntry-entPhySensorUnitsDisplay
9162 [Test worker] INFO  x.yang.diagram.YangDiagramGenerator  - CREATED ELEMENT FOR statement:io.typefox.yang.yang.impl.LeafImpl@5c9d38d6 (name: entPhySensorValueTimeStamp) WITH ID ENTITY-SENSOR-MIB:entity-sensor-node-container-entitySensorObjects-list-entPhySensorEntry-entPhySensorValueTimeStamp
9162 [Test worker] INFO  x.yang.diagram.YangDiagramGenerator  - CREATED ELEMENT FOR statement:io.typefox.yang.yang.impl.LeafImpl@557af4a3 (name: entPhySensorValueUpdateRate) WITH ID ENTITY-SENSOR-MIB:entity-sensor-node-container-entitySensorObjects-list-entPhySensorEntry-entPhySensorValueUpdateRate
9162 [Test worker] INFO  x.yang.diagram.YangDiagramGenerator  - CREATED ELEMENT FOR statement:io.typefox.yang.yang.impl.ListImpl@7d490d2 (name: entPhySensorEntry) WITH ID ENTITY-SENSOR-MIB:entity-sensor-node-container-entitySensorObjects-list-entPhySensorEntry
9162 [Test worker] INFO  x.yang.diagram.YangDiagramGenerator  - CREATED ELEMENT FOR statement:io.typefox.yang.yang.impl.ContainerImpl@4afa8fec (name: entitySensorObjects) WITH ID ENTITY-SENSOR-MIB:entity-sensor-node-container-entitySensorObjects
9162 [Test worker] INFO  x.yang.diagram.YangDiagramGenerator  - CREATED ELEMENT FOR statement:io.typefox.yang.yang.impl.ModuleImpl@7f9445ed (name: ENTITY-SENSOR-MIB) WITH ID ENTITY-SENSOR-MIB:entity-sensor
9200 [Test worker] INFO  x.yang.diagram.YangDiagramGenerator  - Generating diagram for input: 'IF-INVERTED-STACK-MIB.yang'
9201 [Test worker] INFO  x.yang.diagram.YangDiagramGenerator  - CREATED ELEMENT FOR statement:io.typefox.yang.yang.impl.LeafImpl@2adacd85 (name: ifStackLowerLayer) WITH ID IF-INVERTED-STACK-MIB:if-inverted-node-container-ifInvMIBObjects-list-ifInvStackEntry-ifStackLowerLayer
9201 [Test worker] INFO  x.yang.diagram.YangDiagramGenerator  - CREATED ELEMENT FOR statement:io.typefox.yang.yang.impl.LeafImpl@6942d6db (name: ifStackHigherLayer) WITH ID IF-INVERTED-STACK-MIB:if-inverted-node-container-ifInvMIBObjects-list-ifInvStackEntry-ifStackHigherLayer
9201 [Test worker] INFO  x.yang.diagram.YangDiagramGenerator  - CREATED ELEMENT FOR statement:io.typefox.yang.yang.impl.LeafImpl@6ed7c622 (name: ifInvStackStatus) WITH ID IF-INVERTED-STACK-MIB:if-inverted-node-container-ifInvMIBObjects-list-ifInvStackEntry-ifInvStackStatus
9201 [Test worker] INFO  x.yang.diagram.YangDiagramGenerator  - CREATED ELEMENT FOR statement:io.typefox.yang.yang.impl.ListImpl@1eb18ae3 (name: ifInvStackEntry) WITH ID IF-INVERTED-STACK-MIB:if-inverted-node-container-ifInvMIBObjects-list-ifInvStackEntry
9201 [Test worker] INFO  x.yang.diagram.YangDiagramGenerator  - CREATED ELEMENT FOR statement:io.typefox.yang.yang.impl.ContainerImpl@627bda55 (name: ifInvMIBObjects) WITH ID IF-INVERTED-STACK-MIB:if-inverted-node-container-ifInvMIBObjects
9201 [Test worker] INFO  x.yang.diagram.YangDiagramGenerator  - CREATED ELEMENT FOR statement:io.typefox.yang.yang.impl.ModuleImpl@1df02ccf (name: IF-INVERTED-STACK-MIB) WITH ID IF-INVERTED-STACK-MIB:if-inverted
9210 [Test worker] INFO  x.yang.diagram.YangDiagramGenerator  - Generating diagram for input: 'SNMPv2-TC.yang'
9210 [Test worker] INFO  x.yang.diagram.YangDiagramGenerator  - CREATED ELEMENT FOR statement:io.typefox.yang.yang.impl.TypedefImpl@63a7a29d (name: DisplayString) WITH ID SNMPv2-TC:smiv2-node-typedef-DisplayString
9210 [Test worker] INFO  x.yang.diagram.YangDiagramGenerator  - CREATED ELEMENT FOR statement:io.typefox.yang.yang.impl.TypedefImpl@7fad7c72 (name: PhysAddress) WITH ID SNMPv2-TC:smiv2-node-typedef-PhysAddress
9210 [Test worker] INFO  x.yang.diagram.YangDiagramGenerator  - CREATED ELEMENT FOR statement:io.typefox.yang.yang.impl.TypedefImpl@26a7e35 (name: MacAddress) WITH ID SNMPv2-TC:smiv2-node-typedef-MacAddress
9211 [Test worker] INFO  x.yang.diagram.YangDiagramGenerator  - CREATED ELEMENT FOR statement:io.typefox.yang.yang.impl.TypedefImpl@4e865c26 (name: TruthValue) WITH ID SNMPv2-TC:smiv2-node-typedef-TruthValue
9211 [Test worker] INFO  x.yang.diagram.YangDiagramGenerator  - CREATED ELEMENT FOR statement:io.typefox.yang.yang.impl.TypedefImpl@10ebac21 (name: TestAndIncr) WITH ID SNMPv2-TC:smiv2-node-typedef-TestAndIncr
9211 [Test worker] INFO  x.yang.diagram.YangDiagramGenerator  - CREATED ELEMENT FOR statement:io.typefox.yang.yang.impl.TypedefImpl@4b11ca2 (name: AutonomousType) WITH ID SNMPv2-TC:smiv2-node-typedef-AutonomousType
9211 [Test worker] INFO  x.yang.diagram.YangDiagramGenerator  - CREATED ELEMENT FOR statement:io.typefox.yang.yang.impl.TypedefImpl@55fb41d7 (name: InstancePointer) WITH ID SNMPv2-TC:smiv2-node-typedef-InstancePointer
9211 [Test worker] INFO  x.yang.diagram.YangDiagramGenerator  - CREATED ELEMENT FOR statement:io.typefox.yang.yang.impl.TypedefImpl@29e04022 (name: VariablePointer) WITH ID SNMPv2-TC:smiv2-node-typedef-VariablePointer
9211 [Test worker] INFO  x.yang.diagram.YangDiagramGenerator  - CREATED ELEMENT FOR statement:io.typefox.yang.yang.impl.TypedefImpl@64a76b9b (name: RowPointer) WITH ID SNMPv2-TC:smiv2-node-typedef-RowPointer
9211 [Test worker] INFO  x.yang.diagram.YangDiagramGenerator  - CREATED ELEMENT FOR statement:io.typefox.yang.yang.impl.TypedefImpl@68ff2fa1 (name: RowStatus) WITH ID SNMPv2-TC:smiv2-node-typedef-RowStatus
9211 [Test worker] INFO  x.yang.diagram.YangDiagramGenerator  - CREATED ELEMENT FOR statement:io.typefox.yang.yang.impl.TypedefImpl@67853e90 (name: TimeStamp) WITH ID SNMPv2-TC:smiv2-node-typedef-TimeStamp
9211 [Test worker] INFO  x.yang.diagram.YangDiagramGenerator  - CREATED ELEMENT FOR statement:io.typefox.yang.yang.impl.TypedefImpl@4c4f8312 (name: TimeInterval) WITH ID SNMPv2-TC:smiv2-node-typedef-TimeInterval
9211 [Test worker] INFO  x.yang.diagram.YangDiagramGenerator  - CREATED ELEMENT FOR statement:io.typefox.yang.yang.impl.TypedefImpl@136bc2b3 (name: DateAndTime) WITH ID SNMPv2-TC:smiv2-node-typedef-DateAndTime
9211 [Test worker] INFO  x.yang.diagram.YangDiagramGenerator  - CREATED ELEMENT FOR statement:io.typefox.yang.yang.impl.TypedefImpl@2f87558 (name: StorageType) WITH ID SNMPv2-TC:smiv2-node-typedef-StorageType
9211 [Test worker] INFO  x.yang.diagram.YangDiagramGenerator  - CREATED ELEMENT FOR statement:io.typefox.yang.yang.impl.TypedefImpl@4cc7aa29 (name: TDomain) WITH ID SNMPv2-TC:smiv2-node-typedef-TDomain
9211 [Test worker] INFO  x.yang.diagram.YangDiagramGenerator  - CREATED ELEMENT FOR statement:io.typefox.yang.yang.impl.TypedefImpl@7ca0f7b0 (name: TAddress) WITH ID SNMPv2-TC:smiv2-node-typedef-TAddress
9211 [Test worker] INFO  x.yang.diagram.YangDiagramGenerator  - CREATED ELEMENT FOR statement:io.typefox.yang.yang.impl.ModuleImpl@3113cccd (name: SNMPv2-TC) WITH ID SNMPv2-TC:smiv2
9253 [Test worker] INFO  x.yang.diagram.YangDiagramGenerator  - Generating diagram for input: 'ENTITY-MIB.yang'
9253 [Test worker] INFO  x.yang.diagram.YangDiagramGenerator  - CREATED ELEMENT FOR statement:io.typefox.yang.yang.impl.TypedefImpl@1f206ed1 (name: PhysicalIndex) WITH ID ENTITY-MIB:entity-mib-node-typedef-PhysicalIndex
9253 [Test worker] INFO  x.yang.diagram.YangDiagramGenerator  - CREATED ELEMENT FOR statement:io.typefox.yang.yang.impl.TypedefImpl@6cbbb82a (name: PhysicalIndexOrZero) WITH ID ENTITY-MIB:entity-mib-node-typedef-PhysicalIndexOrZero
9253 [Test worker] INFO  x.yang.diagram.YangDiagramGenerator  - CREATED ELEMENT FOR statement:io.typefox.yang.yang.impl.TypedefImpl@66725d8d (name: PhysicalClass) WITH ID ENTITY-MIB:entity-mib-node-typedef-PhysicalClass
9253 [Test worker] INFO  x.yang.diagram.YangDiagramGenerator  - CREATED ELEMENT FOR statement:io.typefox.yang.yang.impl.TypedefImpl@57653308 (name: SnmpEngineIdOrNone) WITH ID ENTITY-MIB:entity-mib-node-typedef-SnmpEngineIdOrNone
9253 [Test worker] INFO  x.yang.diagram.YangDiagramGenerator  - CREATED ELEMENT FOR statement:io.typefox.yang.yang.impl.LeafImpl@4b2f99d3 (name: entPhysicalIndex) WITH ID ENTITY-MIB:entity-mib-node-container-entityPhysical-list-entPhysicalEntry-entPhysicalIndex
9253 [Test worker] INFO  x.yang.diagram.YangDiagramGenerator  - CREATED ELEMENT FOR statement:io.typefox.yang.yang.impl.LeafImpl@7ae41274 (name: entPhysicalDescr) WITH ID ENTITY-MIB:entity-mib-node-container-entityPhysical-list-entPhysicalEntry-entPhysicalDescr
9253 [Test worker] INFO  x.yang.diagram.YangDiagramGenerator  - CREATED ELEMENT FOR statement:io.typefox.yang.yang.impl.LeafImpl@e8eb690 (name: entPhysicalVendorType) WITH ID ENTITY-MIB:entity-mib-node-container-entityPhysical-list-entPhysicalEntry-entPhysicalVendorType
9254 [Test worker] INFO  x.yang.diagram.YangDiagramGenerator  - CREATED ELEMENT FOR statement:io.typefox.yang.yang.impl.LeafImpl@708d293a (name: entPhysicalContainedIn) WITH ID ENTITY-MIB:entity-mib-node-container-entityPhysical-list-entPhysicalEntry-entPhysicalContainedIn
9254 [Test worker] INFO  x.yang.diagram.YangDiagramGenerator  - CREATED ELEMENT FOR statement:io.typefox.yang.yang.impl.LeafImpl@47dbc7f9 (name: entPhysicalClass) WITH ID ENTITY-MIB:entity-mib-node-container-entityPhysical-list-entPhysicalEntry-entPhysicalClass
9254 [Test worker] INFO  x.yang.diagram.YangDiagramGenerator  - CREATED ELEMENT FOR statement:io.typefox.yang.yang.impl.LeafImpl@1df61ac4 (name: entPhysicalParentRelPos) WITH ID ENTITY-MIB:entity-mib-node-container-entityPhysical-list-entPhysicalEntry-entPhysicalParentRelPos
9254 [Test worker] INFO  x.yang.diagram.YangDiagramGenerator  - CREATED ELEMENT FOR statement:io.typefox.yang.yang.impl.LeafImpl@663705dc (name: entPhysicalName) WITH ID ENTITY-MIB:entity-mib-node-container-entityPhysical-list-entPhysicalEntry-entPhysicalName
9254 [Test worker] INFO  x.yang.diagram.YangDiagramGenerator  - CREATED ELEMENT FOR statement:io.typefox.yang.yang.impl.LeafImpl@7fea34d9 (name: entPhysicalHardwareRev) WITH ID ENTITY-MIB:entity-mib-node-container-entityPhysical-list-entPhysicalEntry-entPhysicalHardwareRev
9254 [Test worker] INFO  x.yang.diagram.YangDiagramGenerator  - CREATED ELEMENT FOR statement:io.typefox.yang.yang.impl.LeafImpl@6617d0d2 (name: entPhysicalFirmwareRev) WITH ID ENTITY-MIB:entity-mib-node-container-entityPhysical-list-entPhysicalEntry-entPhysicalFirmwareRev
9254 [Test worker] INFO  x.yang.diagram.YangDiagramGenerator  - CREATED ELEMENT FOR statement:io.typefox.yang.yang.impl.LeafImpl@4b1ac6ee (name: entPhysicalSoftwareRev) WITH ID ENTITY-MIB:entity-mib-node-container-entityPhysical-list-entPhysicalEntry-entPhysicalSoftwareRev
9254 [Test worker] INFO  x.yang.diagram.YangDiagramGenerator  - CREATED ELEMENT FOR statement:io.typefox.yang.yang.impl.LeafImpl@15dd33b4 (name: entPhysicalSerialNum) WITH ID ENTITY-MIB:entity-mib-node-container-entityPhysical-list-entPhysicalEntry-entPhysicalSerialNum
9254 [Test worker] INFO  x.yang.diagram.YangDiagramGenerator  - CREATED ELEMENT FOR statement:io.typefox.yang.yang.impl.LeafImpl@3bbf912a (name: entPhysicalMfgName) WITH ID ENTITY-MIB:entity-mib-node-container-entityPhysical-list-entPhysicalEntry-entPhysicalMfgName
9254 [Test worker] INFO  x.yang.diagram.YangDiagramGenerator  - CREATED ELEMENT FOR statement:io.typefox.yang.yang.impl.LeafImpl@63f657cf (name: entPhysicalModelName) WITH ID ENTITY-MIB:entity-mib-node-container-entityPhysical-list-entPhysicalEntry-entPhysicalModelName
9254 [Test worker] INFO  x.yang.diagram.YangDiagramGenerator  - CREATED ELEMENT FOR statement:io.typefox.yang.yang.impl.LeafImpl@7e46c0e9 (name: entPhysicalAlias) WITH ID ENTITY-MIB:entity-mib-node-container-entityPhysical-list-entPhysicalEntry-entPhysicalAlias
9254 [Test worker] INFO  x.yang.diagram.YangDiagramGenerator  - CREATED ELEMENT FOR statement:io.typefox.yang.yang.impl.LeafImpl@27a0c06 (name: entPhysicalAssetID) WITH ID ENTITY-MIB:entity-mib-node-container-entityPhysical-list-entPhysicalEntry-entPhysicalAssetID
9254 [Test worker] INFO  x.yang.diagram.YangDiagramGenerator  - CREATED ELEMENT FOR statement:io.typefox.yang.yang.impl.LeafImpl@450beba2 (name: entPhysicalIsFRU) WITH ID ENTITY-MIB:entity-mib-node-container-entityPhysical-list-entPhysicalEntry-entPhysicalIsFRU
9254 [Test worker] INFO  x.yang.diagram.YangDiagramGenerator  - CREATED ELEMENT FOR statement:io.typefox.yang.yang.impl.LeafImpl@149294e3 (name: entPhysicalMfgDate) WITH ID ENTITY-MIB:entity-mib-node-container-entityPhysical-list-entPhysicalEntry-entPhysicalMfgDate
9254 [Test worker] INFO  x.yang.diagram.YangDiagramGenerator  - CREATED ELEMENT FOR statement:io.typefox.yang.yang.impl.LeafImpl@5c1b5f10 (name: entPhysicalUris) WITH ID ENTITY-MIB:entity-mib-node-container-entityPhysical-list-entPhysicalEntry-entPhysicalUris
9254 [Test worker] INFO  x.yang.diagram.YangDiagramGenerator  - CREATED ELEMENT FOR statement:io.typefox.yang.yang.impl.ListImpl@e5362a9 (name: entPhysicalEntry) WITH ID ENTITY-MIB:entity-mib-node-container-entityPhysical-list-entPhysicalEntry
9254 [Test worker] INFO  x.yang.diagram.YangDiagramGenerator  - CREATED ELEMENT FOR statement:io.typefox.yang.yang.impl.ContainerImpl@149fde3a (name: entityPhysical) WITH ID ENTITY-MIB:entity-mib-node-container-entityPhysical
9254 [Test worker] INFO  x.yang.diagram.YangDiagramGenerator  - CREATED ELEMENT FOR statement:io.typefox.yang.yang.impl.LeafImpl@142a65c6 (name: entLogicalIndex) WITH ID ENTITY-MIB:entity-mib-node-container-entityLogical-list-entLogicalEntry-entLogicalIndex
9254 [Test worker] INFO  x.yang.diagram.YangDiagramGenerator  - CREATED ELEMENT FOR statement:io.typefox.yang.yang.impl.LeafImpl@12cf4b8c (name: entLogicalDescr) WITH ID ENTITY-MIB:entity-mib-node-container-entityLogical-list-entLogicalEntry-entLogicalDescr
9254 [Test worker] INFO  x.yang.diagram.YangDiagramGenerator  - CREATED ELEMENT FOR statement:io.typefox.yang.yang.impl.LeafImpl@79c3556 (name: entLogicalType) WITH ID ENTITY-MIB:entity-mib-node-container-entityLogical-list-entLogicalEntry-entLogicalType
9254 [Test worker] INFO  x.yang.diagram.YangDiagramGenerator  - CREATED ELEMENT FOR statement:io.typefox.yang.yang.impl.LeafImpl@6d184591 (name: entLogicalCommunity) WITH ID ENTITY-MIB:entity-mib-node-container-entityLogical-list-entLogicalEntry-entLogicalCommunity
9254 [Test worker] INFO  x.yang.diagram.YangDiagramGenerator  - CREATED ELEMENT FOR statement:io.typefox.yang.yang.impl.LeafImpl@2adb19a1 (name: entLogicalTAddress) WITH ID ENTITY-MIB:entity-mib-node-container-entityLogical-list-entLogicalEntry-entLogicalTAddress
9254 [Test worker] INFO  x.yang.diagram.YangDiagramGenerator  - CREATED ELEMENT FOR statement:io.typefox.yang.yang.impl.LeafImpl@42a0b45d (name: entLogicalTDomain) WITH ID ENTITY-MIB:entity-mib-node-container-entityLogical-list-entLogicalEntry-entLogicalTDomain
9254 [Test worker] INFO  x.yang.diagram.YangDiagramGenerator  - CREATED ELEMENT FOR statement:io.typefox.yang.yang.impl.LeafImpl@24f00fda (name: entLogicalContextEngineID) WITH ID ENTITY-MIB:entity-mib-node-container-entityLogical-list-entLogicalEntry-entLogicalContextEngineID
9254 [Test worker] INFO  x.yang.diagram.YangDiagramGenerator  - CREATED ELEMENT FOR statement:io.typefox.yang.yang.impl.LeafImpl@b6bf218 (name: entLogicalContextName) WITH ID ENTITY-MIB:entity-mib-node-container-entityLogical-list-entLogicalEntry-entLogicalContextName
9254 [Test worker] INFO  x.yang.diagram.YangDiagramGenerator  - CREATED ELEMENT FOR statement:io.typefox.yang.yang.impl.ListImpl@790fe4c5 (name: entLogicalEntry) WITH ID ENTITY-MIB:entity-mib-node-container-entityLogical-list-entLogicalEntry
9255 [Test worker] INFO  x.yang.diagram.YangDiagramGenerator  - CREATED ELEMENT FOR statement:io.typefox.yang.yang.impl.ContainerImpl@3e4aa5e5 (name: entityLogical) WITH ID ENTITY-MIB:entity-mib-node-container-entityLogical
9255 [Test worker] INFO  x.yang.diagram.YangDiagramGenerator  - CREATED ELEMENT FOR statement:io.typefox.yang.yang.impl.LeafImpl@1a60e329 (name: entLogicalIndex) WITH ID ENTITY-MIB:entity-mib-node-container-entityMapping-list-entLPMappingEntry-entLogicalIndex
9255 [Test worker] INFO  x.yang.diagram.YangDiagramGenerator  - CREATED ELEMENT FOR statement:io.typefox.yang.yang.impl.LeafImpl@4e4f294f (name: entLPPhysicalIndex) WITH ID ENTITY-MIB:entity-mib-node-container-entityMapping-list-entLPMappingEntry-entLPPhysicalIndex
9255 [Test worker] INFO  x.yang.diagram.YangDiagramGenerator  - CREATED ELEMENT FOR statement:io.typefox.yang.yang.impl.ListImpl@48e0d58f (name: entLPMappingEntry) WITH ID ENTITY-MIB:entity-mib-node-container-entityMapping-list-entLPMappingEntry
9255 [Test worker] INFO  x.yang.diagram.YangDiagramGenerator  - CREATED ELEMENT FOR statement:io.typefox.yang.yang.impl.LeafImpl@236e34fb (name: entPhysicalIndex) WITH ID ENTITY-MIB:entity-mib-node-container-entityMapping-list-entAliasMappingEntry-entPhysicalIndex
9255 [Test worker] INFO  x.yang.diagram.YangDiagramGenerator  - CREATED ELEMENT FOR statement:io.typefox.yang.yang.impl.LeafImpl@3e0af214 (name: entAliasLogicalIndexOrZero) WITH ID ENTITY-MIB:entity-mib-node-container-entityMapping-list-entAliasMappingEntry-entAliasLogicalIndexOrZero
9255 [Test worker] INFO  x.yang.diagram.YangDiagramGenerator  - CREATED ELEMENT FOR statement:io.typefox.yang.yang.impl.LeafImpl@9b8b1cb (name: entAliasMappingIdentifier) WITH ID ENTITY-MIB:entity-mib-node-container-entityMapping-list-entAliasMappingEntry-entAliasMappingIdentifier
9255 [Test worker] INFO  x.yang.diagram.YangDiagramGenerator  - CREATED ELEMENT FOR statement:io.typefox.yang.yang.impl.ListImpl@47ba51de (name: entAliasMappingEntry) WITH ID ENTITY-MIB:entity-mib-node-container-entityMapping-list-entAliasMappingEntry
9255 [Test worker] INFO  x.yang.diagram.YangDiagramGenerator  - CREATED ELEMENT FOR statement:io.typefox.yang.yang.impl.LeafImpl@15a17c3e (name: entPhysicalIndex) WITH ID ENTITY-MIB:entity-mib-node-container-entityMapping-list-entPhysicalContainsEntry-entPhysicalIndex
9255 [Test worker] INFO  x.yang.diagram.YangDiagramGenerator  - CREATED ELEMENT FOR statement:io.typefox.yang.yang.impl.LeafImpl@7cd2a6cc (name: entPhysicalChildIndex) WITH ID ENTITY-MIB:entity-mib-node-container-entityMapping-list-entPhysicalContainsEntry-entPhysicalChildIndex
9255 [Test worker] INFO  x.yang.diagram.YangDiagramGenerator  - CREATED ELEMENT FOR statement:io.typefox.yang.yang.impl.ListImpl@30287674 (name: entPhysicalContainsEntry) WITH ID ENTITY-MIB:entity-mib-node-container-entityMapping-list-entPhysicalContainsEntry
9255 [Test worker] INFO  x.yang.diagram.YangDiagramGenerator  - CREATED ELEMENT FOR statement:io.typefox.yang.yang.impl.ContainerImpl@2589f50e (name: entityMapping) WITH ID ENTITY-MIB:entity-mib-node-container-entityMapping
9255 [Test worker] INFO  x.yang.diagram.YangDiagramGenerator  - CREATED ELEMENT FOR statement:io.typefox.yang.yang.impl.LeafImpl@3b573d0d (name: entLastChangeTime) WITH ID ENTITY-MIB:entity-mib-node-container-entityGeneral-entLastChangeTime
9255 [Test worker] INFO  x.yang.diagram.YangDiagramGenerator  - CREATED ELEMENT FOR statement:io.typefox.yang.yang.impl.ContainerImpl@525a086d (name: entityGeneral) WITH ID ENTITY-MIB:entity-mib-node-container-entityGeneral
9255 [Test worker] INFO  x.yang.diagram.YangDiagramGenerator  - CREATED ELEMENT FOR statement:io.typefox.yang.yang.impl.NotificationImpl@21324f84 (name: entConfigChange) WITH ID ENTITY-MIB:entity-mib-node-notification-entConfigChange
9255 [Test worker] INFO  x.yang.diagram.YangDiagramGenerator  - CREATED ELEMENT FOR statement:io.typefox.yang.yang.impl.ModuleImpl@4b79ff29 (name: ENTITY-MIB) WITH ID ENTITY-MIB:entity-mib
9292 [Test worker] INFO  x.yang.diagram.YangDiagramGenerator  - Generating diagram for input: 'SNMPv2-MIB.yang'
9292 [Test worker] INFO  x.yang.diagram.YangDiagramGenerator  - CREATED ELEMENT FOR statement:io.typefox.yang.yang.impl.LeafImpl@15eb2b47 (name: sysDescr) WITH ID SNMPv2-MIB:snmpv2-mib-node-container-system-sysDescr
9292 [Test worker] INFO  x.yang.diagram.YangDiagramGenerator  - CREATED ELEMENT FOR statement:io.typefox.yang.yang.impl.LeafImpl@256533e5 (name: sysObjectID) WITH ID SNMPv2-MIB:snmpv2-mib-node-container-system-sysObjectID
9292 [Test worker] INFO  x.yang.diagram.YangDiagramGenerator  - CREATED ELEMENT FOR statement:io.typefox.yang.yang.impl.LeafImpl@4f082cfe (name: sysUpTime) WITH ID SNMPv2-MIB:snmpv2-mib-node-container-system-sysUpTime
9292 [Test worker] INFO  x.yang.diagram.YangDiagramGenerator  - CREATED ELEMENT FOR statement:io.typefox.yang.yang.impl.LeafImpl@96da (name: sysContact) WITH ID SNMPv2-MIB:snmpv2-mib-node-container-system-sysContact
9292 [Test worker] INFO  x.yang.diagram.YangDiagramGenerator  - CREATED ELEMENT FOR statement:io.typefox.yang.yang.impl.LeafImpl@4c7d348e (name: sysName) WITH ID SNMPv2-MIB:snmpv2-mib-node-container-system-sysName
9292 [Test worker] INFO  x.yang.diagram.YangDiagramGenerator  - CREATED ELEMENT FOR statement:io.typefox.yang.yang.impl.LeafImpl@408bccff (name: sysLocation) WITH ID SNMPv2-MIB:snmpv2-mib-node-container-system-sysLocation
9292 [Test worker] INFO  x.yang.diagram.YangDiagramGenerator  - CREATED ELEMENT FOR statement:io.typefox.yang.yang.impl.LeafImpl@4eea67cc (name: sysServices) WITH ID SNMPv2-MIB:snmpv2-mib-node-container-system-sysServices
9292 [Test worker] INFO  x.yang.diagram.YangDiagramGenerator  - CREATED ELEMENT FOR statement:io.typefox.yang.yang.impl.LeafImpl@4a588e8d (name: sysORLastChange) WITH ID SNMPv2-MIB:snmpv2-mib-node-container-system-sysORLastChange
9292 [Test worker] INFO  x.yang.diagram.YangDiagramGenerator  - CREATED ELEMENT FOR statement:io.typefox.yang.yang.impl.LeafImpl@6fa40a0c (name: sysORIndex) WITH ID SNMPv2-MIB:snmpv2-mib-node-container-system-list-sysOREntry-sysORIndex
9292 [Test worker] INFO  x.yang.diagram.YangDiagramGenerator  - CREATED ELEMENT FOR statement:io.typefox.yang.yang.impl.LeafImpl@71d6cf33 (name: sysORID) WITH ID SNMPv2-MIB:snmpv2-mib-node-container-system-list-sysOREntry-sysORID
9293 [Test worker] INFO  x.yang.diagram.YangDiagramGenerator  - CREATED ELEMENT FOR statement:io.typefox.yang.yang.impl.LeafImpl@6c9f12c2 (name: sysORDescr) WITH ID SNMPv2-MIB:snmpv2-mib-node-container-system-list-sysOREntry-sysORDescr
9293 [Test worker] INFO  x.yang.diagram.YangDiagramGenerator  - CREATED ELEMENT FOR statement:io.typefox.yang.yang.impl.LeafImpl@62bdc53a (name: sysORUpTime) WITH ID SNMPv2-MIB:snmpv2-mib-node-container-system-list-sysOREntry-sysORUpTime
9293 [Test worker] INFO  x.yang.diagram.YangDiagramGenerator  - CREATED ELEMENT FOR statement:io.typefox.yang.yang.impl.ListImpl@2d86470b (name: sysOREntry) WITH ID SNMPv2-MIB:snmpv2-mib-node-container-system-list-sysOREntry
9293 [Test worker] INFO  x.yang.diagram.YangDiagramGenerator  - CREATED ELEMENT FOR statement:io.typefox.yang.yang.impl.ContainerImpl@6aeebadf (name: system) WITH ID SNMPv2-MIB:snmpv2-mib-node-container-system
9293 [Test worker] INFO  x.yang.diagram.YangDiagramGenerator  - CREATED ELEMENT FOR statement:io.typefox.yang.yang.impl.LeafImpl@7ef3ac42 (name: snmpInPkts) WITH ID SNMPv2-MIB:snmpv2-mib-node-container-snmp-snmpInPkts
9293 [Test worker] INFO  x.yang.diagram.YangDiagramGenerator  - CREATED ELEMENT FOR statement:io.typefox.yang.yang.impl.LeafImpl@726b32b3 (name: snmpOutPkts) WITH ID SNMPv2-MIB:snmpv2-mib-node-container-snmp-snmpOutPkts
9293 [Test worker] INFO  x.yang.diagram.YangDiagramGenerator  - CREATED ELEMENT FOR statement:io.typefox.yang.yang.impl.LeafImpl@6dca8dea (name: snmpInBadVersions) WITH ID SNMPv2-MIB:snmpv2-mib-node-container-snmp-snmpInBadVersions
9293 [Test worker] INFO  x.yang.diagram.YangDiagramGenerator  - CREATED ELEMENT FOR statement:io.typefox.yang.yang.impl.LeafImpl@726deace (name: snmpInBadCommunityNames) WITH ID SNMPv2-MIB:snmpv2-mib-node-container-snmp-snmpInBadCommunityNames
9293 [Test worker] INFO  x.yang.diagram.YangDiagramGenerator  - CREATED ELEMENT FOR statement:io.typefox.yang.yang.impl.LeafImpl@119fc97d (name: snmpInBadCommunityUses) WITH ID SNMPv2-MIB:snmpv2-mib-node-container-snmp-snmpInBadCommunityUses
9293 [Test worker] INFO  x.yang.diagram.YangDiagramGenerator  - CREATED ELEMENT FOR statement:io.typefox.yang.yang.impl.LeafImpl@3aca9f57 (name: snmpInASNParseErrs) WITH ID SNMPv2-MIB:snmpv2-mib-node-container-snmp-snmpInASNParseErrs
9293 [Test worker] INFO  x.yang.diagram.YangDiagramGenerator  - CREATED ELEMENT FOR statement:io.typefox.yang.yang.impl.LeafImpl@3d6f039 (name: snmpInTooBigs) WITH ID SNMPv2-MIB:snmpv2-mib-node-container-snmp-snmpInTooBigs
9293 [Test worker] INFO  x.yang.diagram.YangDiagramGenerator  - CREATED ELEMENT FOR statement:io.typefox.yang.yang.impl.LeafImpl@1ef05117 (name: snmpInNoSuchNames) WITH ID SNMPv2-MIB:snmpv2-mib-node-container-snmp-snmpInNoSuchNames
9293 [Test worker] INFO  x.yang.diagram.YangDiagramGenerator  - CREATED ELEMENT FOR statement:io.typefox.yang.yang.impl.LeafImpl@71cba795 (name: snmpInBadValues) WITH ID SNMPv2-MIB:snmpv2-mib-node-container-snmp-snmpInBadValues
9293 [Test worker] INFO  x.yang.diagram.YangDiagramGenerator  - CREATED ELEMENT FOR statement:io.typefox.yang.yang.impl.LeafImpl@1f15aedc (name: snmpInReadOnlys) WITH ID SNMPv2-MIB:snmpv2-mib-node-container-snmp-snmpInReadOnlys
9293 [Test worker] INFO  x.yang.diagram.YangDiagramGenerator  - CREATED ELEMENT FOR statement:io.typefox.yang.yang.impl.LeafImpl@2bf6c23f (name: snmpInGenErrs) WITH ID SNMPv2-MIB:snmpv2-mib-node-container-snmp-snmpInGenErrs
9293 [Test worker] INFO  x.yang.diagram.YangDiagramGenerator  - CREATED ELEMENT FOR statement:io.typefox.yang.yang.impl.LeafImpl@371246bf (name: snmpInTotalReqVars) WITH ID SNMPv2-MIB:snmpv2-mib-node-container-snmp-snmpInTotalReqVars
9293 [Test worker] INFO  x.yang.diagram.YangDiagramGenerator  - CREATED ELEMENT FOR statement:io.typefox.yang.yang.impl.LeafImpl@1b49b8c7 (name: snmpInTotalSetVars) WITH ID SNMPv2-MIB:snmpv2-mib-node-container-snmp-snmpInTotalSetVars
9293 [Test worker] INFO  x.yang.diagram.YangDiagramGenerator  - CREATED ELEMENT FOR statement:io.typefox.yang.yang.impl.LeafImpl@2998863c (name: snmpInGetRequests) WITH ID SNMPv2-MIB:snmpv2-mib-node-container-snmp-snmpInGetRequests
9293 [Test worker] INFO  x.yang.diagram.YangDiagramGenerator  - CREATED ELEMENT FOR statement:io.typefox.yang.yang.impl.LeafImpl@34625e0a (name: snmpInGetNexts) WITH ID SNMPv2-MIB:snmpv2-mib-node-container-snmp-snmpInGetNexts
9294 [Test worker] INFO  x.yang.diagram.YangDiagramGenerator  - CREATED ELEMENT FOR statement:io.typefox.yang.yang.impl.LeafImpl@11e0c187 (name: snmpInSetRequests) WITH ID SNMPv2-MIB:snmpv2-mib-node-container-snmp-snmpInSetRequests
9294 [Test worker] INFO  x.yang.diagram.YangDiagramGenerator  - CREATED ELEMENT FOR statement:io.typefox.yang.yang.impl.LeafImpl@47b9dcfc (name: snmpInGetResponses) WITH ID SNMPv2-MIB:snmpv2-mib-node-container-snmp-snmpInGetResponses
9294 [Test worker] INFO  x.yang.diagram.YangDiagramGenerator  - CREATED ELEMENT FOR statement:io.typefox.yang.yang.impl.LeafImpl@2afd1b51 (name: snmpInTraps) WITH ID SNMPv2-MIB:snmpv2-mib-node-container-snmp-snmpInTraps
9294 [Test worker] INFO  x.yang.diagram.YangDiagramGenerator  - CREATED ELEMENT FOR statement:io.typefox.yang.yang.impl.LeafImpl@c49920a (name: snmpOutTooBigs) WITH ID SNMPv2-MIB:snmpv2-mib-node-container-snmp-snmpOutTooBigs
9294 [Test worker] INFO  x.yang.diagram.YangDiagramGenerator  - CREATED ELEMENT FOR statement:io.typefox.yang.yang.impl.LeafImpl@1b3296fd (name: snmpOutNoSuchNames) WITH ID SNMPv2-MIB:snmpv2-mib-node-container-snmp-snmpOutNoSuchNames
9294 [Test worker] INFO  x.yang.diagram.YangDiagramGenerator  - CREATED ELEMENT FOR statement:io.typefox.yang.yang.impl.LeafImpl@12e5f75b (name: snmpOutBadValues) WITH ID SNMPv2-MIB:snmpv2-mib-node-container-snmp-snmpOutBadValues
9294 [Test worker] INFO  x.yang.diagram.YangDiagramGenerator  - CREATED ELEMENT FOR statement:io.typefox.yang.yang.impl.LeafImpl@508051c5 (name: snmpOutGenErrs) WITH ID SNMPv2-MIB:snmpv2-mib-node-container-snmp-snmpOutGenErrs
9294 [Test worker] INFO  x.yang.diagram.YangDiagramGenerator  - CREATED ELEMENT FOR statement:io.typefox.yang.yang.impl.LeafImpl@1099501d (name: snmpOutGetRequests) WITH ID SNMPv2-MIB:snmpv2-mib-node-container-snmp-snmpOutGetRequests
9294 [Test worker] INFO  x.yang.diagram.YangDiagramGenerator  - CREATED ELEMENT FOR statement:io.typefox.yang.yang.impl.LeafImpl@1f93a98d (name: snmpOutGetNexts) WITH ID SNMPv2-MIB:snmpv2-mib-node-container-snmp-snmpOutGetNexts
9294 [Test worker] INFO  x.yang.diagram.YangDiagramGenerator  - CREATED ELEMENT FOR statement:io.typefox.yang.yang.impl.LeafImpl@2271ca0b (name: snmpOutSetRequests) WITH ID SNMPv2-MIB:snmpv2-mib-node-container-snmp-snmpOutSetRequests
9294 [Test worker] INFO  x.yang.diagram.YangDiagramGenerator  - CREATED ELEMENT FOR statement:io.typefox.yang.yang.impl.LeafImpl@70adb9f9 (name: snmpOutGetResponses) WITH ID SNMPv2-MIB:snmpv2-mib-node-container-snmp-snmpOutGetResponses
9294 [Test worker] INFO  x.yang.diagram.YangDiagramGenerator  - CREATED ELEMENT FOR statement:io.typefox.yang.yang.impl.LeafImpl@2a6e0649 (name: snmpOutTraps) WITH ID SNMPv2-MIB:snmpv2-mib-node-container-snmp-snmpOutTraps
9294 [Test worker] INFO  x.yang.diagram.YangDiagramGenerator  - CREATED ELEMENT FOR statement:io.typefox.yang.yang.impl.LeafImpl@28b31d48 (name: snmpEnableAuthenTraps) WITH ID SNMPv2-MIB:snmpv2-mib-node-container-snmp-snmpEnableAuthenTraps
9294 [Test worker] INFO  x.yang.diagram.YangDiagramGenerator  - CREATED ELEMENT FOR statement:io.typefox.yang.yang.impl.LeafImpl@43eabc7 (name: snmpSilentDrops) WITH ID SNMPv2-MIB:snmpv2-mib-node-container-snmp-snmpSilentDrops
9294 [Test worker] INFO  x.yang.diagram.YangDiagramGenerator  - CREATED ELEMENT FOR statement:io.typefox.yang.yang.impl.LeafImpl@19c1a8c8 (name: snmpProxyDrops) WITH ID SNMPv2-MIB:snmpv2-mib-node-container-snmp-snmpProxyDrops
9294 [Test worker] INFO  x.yang.diagram.YangDiagramGenerator  - CREATED ELEMENT FOR statement:io.typefox.yang.yang.impl.ContainerImpl@43c7b9f7 (name: snmp) WITH ID SNMPv2-MIB:snmpv2-mib-node-container-snmp
9294 [Test worker] INFO  x.yang.diagram.YangDiagramGenerator  - CREATED ELEMENT FOR statement:io.typefox.yang.yang.impl.LeafImpl@732eb59a (name: snmpTrapOID) WITH ID SNMPv2-MIB:snmpv2-mib-node-container-snmpTrap-snmpTrapOID
9294 [Test worker] INFO  x.yang.diagram.YangDiagramGenerator  - CREATED ELEMENT FOR statement:io.typefox.yang.yang.impl.LeafImpl@23f58ab (name: snmpTrapEnterprise) WITH ID SNMPv2-MIB:snmpv2-mib-node-container-snmpTrap-snmpTrapEnterprise
9294 [Test worker] INFO  x.yang.diagram.YangDiagramGenerator  - CREATED ELEMENT FOR statement:io.typefox.yang.yang.impl.ContainerImpl@16ac27cc (name: snmpTrap) WITH ID SNMPv2-MIB:snmpv2-mib-node-container-snmpTrap
9294 [Test worker] INFO  x.yang.diagram.YangDiagramGenerator  - CREATED ELEMENT FOR statement:io.typefox.yang.yang.impl.LeafImpl@68da3cef (name: snmpSetSerialNo) WITH ID SNMPv2-MIB:snmpv2-mib-node-container-snmpSet-snmpSetSerialNo
9294 [Test worker] INFO  x.yang.diagram.YangDiagramGenerator  - CREATED ELEMENT FOR statement:io.typefox.yang.yang.impl.ContainerImpl@6edec60b (name: snmpSet) WITH ID SNMPv2-MIB:snmpv2-mib-node-container-snmpSet
9294 [Test worker] INFO  x.yang.diagram.YangDiagramGenerator  - CREATED ELEMENT FOR statement:io.typefox.yang.yang.impl.NotificationImpl@165c317b (name: coldStart) WITH ID SNMPv2-MIB:snmpv2-mib-node-notification-coldStart
9294 [Test worker] INFO  x.yang.diagram.YangDiagramGenerator  - CREATED ELEMENT FOR statement:io.typefox.yang.yang.impl.NotificationImpl@6139e63b (name: warmStart) WITH ID SNMPv2-MIB:snmpv2-mib-node-notification-warmStart
9294 [Test worker] INFO  x.yang.diagram.YangDiagramGenerator  - CREATED ELEMENT FOR statement:io.typefox.yang.yang.impl.NotificationImpl@583d83b7 (name: authenticationFailure) WITH ID SNMPv2-MIB:snmpv2-mib-node-notification-authenticationFailure
9294 [Test worker] INFO  x.yang.diagram.YangDiagramGenerator  - CREATED ELEMENT FOR statement:io.typefox.yang.yang.impl.ModuleImpl@404be825 (name: SNMPv2-MIB) WITH ID SNMPv2-MIB:snmpv2-mib
9309 [Test worker] INFO  x.yang.diagram.YangDiagramGenerator  - Generating diagram for input: 'INET-ADDRESS-MIB.yang'
9310 [Test worker] INFO  x.yang.diagram.YangDiagramGenerator  - CREATED ELEMENT FOR statement:io.typefox.yang.yang.impl.TypedefImpl@194dfe56 (name: InetAddressType) WITH ID INET-ADDRESS-MIB:inet-address-node-typedef-InetAddressType
9310 [Test worker] INFO  x.yang.diagram.YangDiagramGenerator  - CREATED ELEMENT FOR statement:io.typefox.yang.yang.impl.TypedefImpl@2d59f6f3 (name: InetAddress) WITH ID INET-ADDRESS-MIB:inet-address-node-typedef-InetAddress
9310 [Test worker] INFO  x.yang.diagram.YangDiagramGenerator  - CREATED ELEMENT FOR statement:io.typefox.yang.yang.impl.TypedefImpl@324c29bd (name: InetAddressIPv4) WITH ID INET-ADDRESS-MIB:inet-address-node-typedef-InetAddressIPv4
9310 [Test worker] INFO  x.yang.diagram.YangDiagramGenerator  - CREATED ELEMENT FOR statement:io.typefox.yang.yang.impl.TypedefImpl@5b3b8f64 (name: InetAddressIPv6) WITH ID INET-ADDRESS-MIB:inet-address-node-typedef-InetAddressIPv6
9310 [Test worker] INFO  x.yang.diagram.YangDiagramGenerator  - CREATED ELEMENT FOR statement:io.typefox.yang.yang.impl.TypedefImpl@2d72751b (name: InetAddressIPv4z) WITH ID INET-ADDRESS-MIB:inet-address-node-typedef-InetAddressIPv4z
9310 [Test worker] INFO  x.yang.diagram.YangDiagramGenerator  - CREATED ELEMENT FOR statement:io.typefox.yang.yang.impl.TypedefImpl@4ffee028 (name: InetAddressIPv6z) WITH ID INET-ADDRESS-MIB:inet-address-node-typedef-InetAddressIPv6z
9311 [Test worker] INFO  x.yang.diagram.YangDiagramGenerator  - CREATED ELEMENT FOR statement:io.typefox.yang.yang.impl.TypedefImpl@1c2c39ab (name: InetAddressDNS) WITH ID INET-ADDRESS-MIB:inet-address-node-typedef-InetAddressDNS
9311 [Test worker] INFO  x.yang.diagram.YangDiagramGenerator  - CREATED ELEMENT FOR statement:io.typefox.yang.yang.impl.TypedefImpl@1bebd5e5 (name: InetAddressPrefixLength) WITH ID INET-ADDRESS-MIB:inet-address-node-typedef-InetAddressPrefixLength
9311 [Test worker] INFO  x.yang.diagram.YangDiagramGenerator  - CREATED ELEMENT FOR statement:io.typefox.yang.yang.impl.TypedefImpl@250fb12e (name: InetPortNumber) WITH ID INET-ADDRESS-MIB:inet-address-node-typedef-InetPortNumber
9311 [Test worker] INFO  x.yang.diagram.YangDiagramGenerator  - CREATED ELEMENT FOR statement:io.typefox.yang.yang.impl.TypedefImpl@1dc8fa07 (name: InetAutonomousSystemNumber) WITH ID INET-ADDRESS-MIB:inet-address-node-typedef-InetAutonomousSystemNumber
9311 [Test worker] INFO  x.yang.diagram.YangDiagramGenerator  - CREATED ELEMENT FOR statement:io.typefox.yang.yang.impl.TypedefImpl@60546974 (name: InetScopeType) WITH ID INET-ADDRESS-MIB:inet-address-node-typedef-InetScopeType
9311 [Test worker] INFO  x.yang.diagram.YangDiagramGenerator  - CREATED ELEMENT FOR statement:io.typefox.yang.yang.impl.TypedefImpl@25d5cc66 (name: InetZoneIndex) WITH ID INET-ADDRESS-MIB:inet-address-node-typedef-InetZoneIndex
9311 [Test worker] INFO  x.yang.diagram.YangDiagramGenerator  - CREATED ELEMENT FOR statement:io.typefox.yang.yang.impl.TypedefImpl@7d8b8f33 (name: InetVersion) WITH ID INET-ADDRESS-MIB:inet-address-node-typedef-InetVersion
9311 [Test worker] INFO  x.yang.diagram.YangDiagramGenerator  - CREATED ELEMENT FOR statement:io.typefox.yang.yang.impl.ModuleImpl@27494a47 (name: INET-ADDRESS-MIB) WITH ID INET-ADDRESS-MIB:inet-address
9332 [Test worker] INFO  x.yang.diagram.YangDiagramGenerator  - Generating diagram for input: 'SNMP-FRAMEWORK-MIB.yang'
9332 [Test worker] INFO  x.yang.diagram.YangDiagramGenerator  - CREATED ELEMENT FOR statement:io.typefox.yang.yang.impl.TypedefImpl@6f28de0b (name: SnmpEngineID) WITH ID SNMP-FRAMEWORK-MIB:snmp-framework-node-typedef-SnmpEngineID
9332 [Test worker] INFO  x.yang.diagram.YangDiagramGenerator  - CREATED ELEMENT FOR statement:io.typefox.yang.yang.impl.TypedefImpl@4e7b26ca (name: SnmpSecurityModel) WITH ID SNMP-FRAMEWORK-MIB:snmp-framework-node-typedef-SnmpSecurityModel
9332 [Test worker] INFO  x.yang.diagram.YangDiagramGenerator  - CREATED ELEMENT FOR statement:io.typefox.yang.yang.impl.TypedefImpl@230d4630 (name: SnmpMessageProcessingModel) WITH ID SNMP-FRAMEWORK-MIB:snmp-framework-node-typedef-SnmpMessageProcessingModel
9332 [Test worker] INFO  x.yang.diagram.YangDiagramGenerator  - CREATED ELEMENT FOR statement:io.typefox.yang.yang.impl.TypedefImpl@6b109742 (name: SnmpSecurityLevel) WITH ID SNMP-FRAMEWORK-MIB:snmp-framework-node-typedef-SnmpSecurityLevel
9332 [Test worker] INFO  x.yang.diagram.YangDiagramGenerator  - CREATED ELEMENT FOR statement:io.typefox.yang.yang.impl.TypedefImpl@4261d4ad (name: SnmpAdminString) WITH ID SNMP-FRAMEWORK-MIB:snmp-framework-node-typedef-SnmpAdminString
9333 [Test worker] INFO  x.yang.diagram.YangDiagramGenerator  - CREATED ELEMENT FOR statement:io.typefox.yang.yang.impl.LeafImpl@55bbe75d (name: snmpEngineID) WITH ID SNMP-FRAMEWORK-MIB:snmp-framework-node-container-snmpEngine-snmpEngineID
9333 [Test worker] INFO  x.yang.diagram.YangDiagramGenerator  - CREATED ELEMENT FOR statement:io.typefox.yang.yang.impl.LeafImpl@1cce071c (name: snmpEngineBoots) WITH ID SNMP-FRAMEWORK-MIB:snmp-framework-node-container-snmpEngine-snmpEngineBoots
9333 [Test worker] INFO  x.yang.diagram.YangDiagramGenerator  - CREATED ELEMENT FOR statement:io.typefox.yang.yang.impl.LeafImpl@730b3940 (name: snmpEngineTime) WITH ID SNMP-FRAMEWORK-MIB:snmp-framework-node-container-snmpEngine-snmpEngineTime
9333 [Test worker] INFO  x.yang.diagram.YangDiagramGenerator  - CREATED ELEMENT FOR statement:io.typefox.yang.yang.impl.LeafImpl@3f835f30 (name: snmpEngineMaxMessageSize) WITH ID SNMP-FRAMEWORK-MIB:snmp-framework-node-container-snmpEngine-snmpEngineMaxMessageSize
9333 [Test worker] INFO  x.yang.diagram.YangDiagramGenerator  - CREATED ELEMENT FOR statement:io.typefox.yang.yang.impl.ContainerImpl@3508c692 (name: snmpEngine) WITH ID SNMP-FRAMEWORK-MIB:snmp-framework-node-container-snmpEngine
9333 [Test worker] INFO  x.yang.diagram.YangDiagramGenerator  - CREATED ELEMENT FOR statement:io.typefox.yang.yang.impl.ModuleImpl@5912c1c8 (name: SNMP-FRAMEWORK-MIB) WITH ID SNMP-FRAMEWORK-MIB:snmp-framework
9337 [Test worker] INFO  x.yang.diagram.YangDiagramGenerator  - Generating diagram for input: 'IANA-LANGUAGE-MIB.yang'
9337 [Test worker] INFO  x.yang.diagram.YangDiagramGenerator  - CREATED ELEMENT FOR statement:io.typefox.yang.yang.impl.ModuleImpl@66c1df4 (name: IANA-LANGUAGE-MIB) WITH ID IANA-LANGUAGE-MIB:iana-language
9394 [Test worker] INFO  x.yang.diagram.YangDiagramGenerator  - Generating diagram for input: 'ietf-snmp-engine.yang'
9394 [Test worker] INFO  x.yang.diagram.YangDiagramGenerator  - CREATED ELEMENT FOR statement:io.typefox.yang.yang.impl.LeafImpl@3f33931f (name: enabled) WITH ID ietf-snmp-engine-node-/snmp:snmp-augmentation-container-engine-enabled
9394 [Test worker] INFO  x.yang.diagram.YangDiagramGenerator  - CREATED ELEMENT FOR statement:io.typefox.yang.yang.impl.LeafImpl@c7796c6 (name: engine-id) WITH ID ietf-snmp-engine-node-/snmp:snmp-augmentation-container-engine-engine-id
9394 [Test worker] INFO  x.yang.diagram.YangDiagramGenerator  - CREATED ELEMENT FOR statement:io.typefox.yang.yang.impl.LeafImpl@3211ad92 (name: ip) WITH ID ietf-snmp-engine-node-/snmp:snmp-augmentation-container-engine-container-listen-list-udp-ip
9394 [Test worker] INFO  x.yang.diagram.YangDiagramGenerator  - CREATED ELEMENT FOR statement:io.typefox.yang.yang.impl.LeafImpl@698e5761 (name: port) WITH ID ietf-snmp-engine-node-/snmp:snmp-augmentation-container-engine-container-listen-list-udp-port
9394 [Test worker] INFO  x.yang.diagram.YangDiagramGenerator  - CREATED ELEMENT FOR statement:io.typefox.yang.yang.impl.ListImpl@4a068a24 (name: udp) WITH ID ietf-snmp-engine-node-/snmp:snmp-augmentation-container-engine-container-listen-list-udp
9394 [Test worker] INFO  x.yang.diagram.YangDiagramGenerator  - CREATED ELEMENT FOR statement:io.typefox.yang.yang.impl.ContainerImpl@7af7f404 (name: listen) WITH ID ietf-snmp-engine-node-/snmp:snmp-augmentation-container-engine-container-listen
9394 [Test worker] INFO  x.yang.diagram.YangDiagramGenerator  - CREATED ELEMENT FOR statement:io.typefox.yang.yang.impl.LeafImpl@45b5abf5 (name: v1) WITH ID ietf-snmp-engine-node-/snmp:snmp-augmentation-container-engine-container-version-v1
9394 [Test worker] INFO  x.yang.diagram.YangDiagramGenerator  - CREATED ELEMENT FOR statement:io.typefox.yang.yang.impl.LeafImpl@5e1bd97d (name: v2c) WITH ID ietf-snmp-engine-node-/snmp:snmp-augmentation-container-engine-container-version-v2c
9394 [Test worker] INFO  x.yang.diagram.YangDiagramGenerator  - CREATED ELEMENT FOR statement:io.typefox.yang.yang.impl.LeafImpl@20b22f30 (name: v3) WITH ID ietf-snmp-engine-node-/snmp:snmp-augmentation-container-engine-container-version-v3
9394 [Test worker] INFO  x.yang.diagram.YangDiagramGenerator  - CREATED ELEMENT FOR statement:io.typefox.yang.yang.impl.ContainerImpl@65a0b8f6 (name: version) WITH ID ietf-snmp-engine-node-/snmp:snmp-augmentation-container-engine-container-version
9394 [Test worker] INFO  x.yang.diagram.YangDiagramGenerator  - CREATED ELEMENT FOR statement:io.typefox.yang.yang.impl.ContainerImpl@d224db4 (name: engine) WITH ID ietf-snmp-engine-node-/snmp:snmp-augmentation-container-engine
9394 [Test worker] INFO  x.yang.diagram.YangDiagramGenerator  - CREATED ELEMENT FOR statement:io.typefox.yang.yang.impl.AugmentImpl@d72bd5c WITH ID ietf-snmp-engine-node-/snmp:snmp-augmentation
9394 [Test worker] INFO  x.yang.diagram.YangDiagramGenerator  - CREATED ELEMENT FOR statement:io.typefox.yang.yang.impl.SubmoduleImpl@3c88d86d (name: ietf-snmp-engine) WITH ID ietf-snmp-engine
9439 [Test worker] INFO  x.yang.diagram.YangDiagramGenerator  - Generating diagram for input: 'DISMAN-SCHEDULE-MIB.yang'
9439 [Test worker] INFO  x.yang.diagram.YangDiagramGenerator  - CREATED ELEMENT FOR statement:io.typefox.yang.yang.impl.TypedefImpl@1c141b84 (name: SnmpPduErrorStatus) WITH ID DISMAN-SCHEDULE-MIB:disman-schedule-node-typedef-SnmpPduErrorStatus
9439 [Test worker] INFO  x.yang.diagram.YangDiagramGenerator  - CREATED ELEMENT FOR statement:io.typefox.yang.yang.impl.LeafImpl@2af64153 (name: schedLocalTime) WITH ID DISMAN-SCHEDULE-MIB:disman-schedule-node-container-schedObjects-schedLocalTime
9439 [Test worker] INFO  x.yang.diagram.YangDiagramGenerator  - CREATED ELEMENT FOR statement:io.typefox.yang.yang.impl.LeafImpl@303fb838 (name: schedOwner) WITH ID DISMAN-SCHEDULE-MIB:disman-schedule-node-container-schedObjects-list-schedEntry-schedOwner
9439 [Test worker] INFO  x.yang.diagram.YangDiagramGenerator  - CREATED ELEMENT FOR statement:io.typefox.yang.yang.impl.LeafImpl@3d1601bb (name: schedName) WITH ID DISMAN-SCHEDULE-MIB:disman-schedule-node-container-schedObjects-list-schedEntry-schedName
9439 [Test worker] INFO  x.yang.diagram.YangDiagramGenerator  - CREATED ELEMENT FOR statement:io.typefox.yang.yang.impl.LeafImpl@1e2e5a6 (name: schedDescr) WITH ID DISMAN-SCHEDULE-MIB:disman-schedule-node-container-schedObjects-list-schedEntry-schedDescr
9439 [Test worker] INFO  x.yang.diagram.YangDiagramGenerator  - CREATED ELEMENT FOR statement:io.typefox.yang.yang.impl.LeafImpl@1986d010 (name: schedInterval) WITH ID DISMAN-SCHEDULE-MIB:disman-schedule-node-container-schedObjects-list-schedEntry-schedInterval
9439 [Test worker] INFO  x.yang.diagram.YangDiagramGenerator  - CREATED ELEMENT FOR statement:io.typefox.yang.yang.impl.LeafImpl@54b55560 (name: schedWeekDay) WITH ID DISMAN-SCHEDULE-MIB:disman-schedule-node-container-schedObjects-list-schedEntry-schedWeekDay
9439 [Test worker] INFO  x.yang.diagram.YangDiagramGenerator  - CREATED ELEMENT FOR statement:io.typefox.yang.yang.impl.LeafImpl@59a38d94 (name: schedMonth) WITH ID DISMAN-SCHEDULE-MIB:disman-schedule-node-container-schedObjects-list-schedEntry-schedMonth
9439 [Test worker] INFO  x.yang.diagram.YangDiagramGenerator  - CREATED ELEMENT FOR statement:io.typefox.yang.yang.impl.LeafImpl@4ffa8cd3 (name: schedDay) WITH ID DISMAN-SCHEDULE-MIB:disman-schedule-node-container-schedObjects-list-schedEntry-schedDay
9439 [Test worker] INFO  x.yang.diagram.YangDiagramGenerator  - CREATED ELEMENT FOR statement:io.typefox.yang.yang.impl.LeafImpl@60d3d36c (name: schedHour) WITH ID DISMAN-SCHEDULE-MIB:disman-schedule-node-container-schedObjects-list-schedEntry-schedHour
9439 [Test worker] INFO  x.yang.diagram.YangDiagramGenerator  - CREATED ELEMENT FOR statement:io.typefox.yang.yang.impl.LeafImpl@1eb39443 (name: schedMinute) WITH ID DISMAN-SCHEDULE-MIB:disman-schedule-node-container-schedObjects-list-schedEntry-schedMinute
9439 [Test worker] INFO  x.yang.diagram.YangDiagramGenerator  - CREATED ELEMENT FOR statement:io.typefox.yang.yang.impl.LeafImpl@5bb9752c (name: schedContextName) WITH ID DISMAN-SCHEDULE-MIB:disman-schedule-node-container-schedObjects-list-schedEntry-schedContextName
9439 [Test worker] INFO  x.yang.diagram.YangDiagramGenerator  - CREATED ELEMENT FOR statement:io.typefox.yang.yang.impl.LeafImpl@40bee69c (name: schedVariable) WITH ID DISMAN-SCHEDULE-MIB:disman-schedule-node-container-schedObjects-list-schedEntry-schedVariable
9439 [Test worker] INFO  x.yang.diagram.YangDiagramGenerator  - CREATED ELEMENT FOR statement:io.typefox.yang.yang.impl.LeafImpl@3e081554 (name: schedValue) WITH ID DISMAN-SCHEDULE-MIB:disman-schedule-node-container-schedObjects-list-schedEntry-schedValue
9439 [Test worker] INFO  x.yang.diagram.YangDiagramGenerator  - CREATED ELEMENT FOR statement:io.typefox.yang.yang.impl.LeafImpl@3c9b9f5a (name: schedType) WITH ID DISMAN-SCHEDULE-MIB:disman-schedule-node-container-schedObjects-list-schedEntry-schedType
9439 [Test worker] INFO  x.yang.diagram.YangDiagramGenerator  - CREATED ELEMENT FOR statement:io.typefox.yang.yang.impl.LeafImpl@2c9b9df0 (name: schedAdminStatus) WITH ID DISMAN-SCHEDULE-MIB:disman-schedule-node-container-schedObjects-list-schedEntry-schedAdminStatus
9439 [Test worker] INFO  x.yang.diagram.YangDiagramGenerator  - CREATED ELEMENT FOR statement:io.typefox.yang.yang.impl.LeafImpl@1ba614f9 (name: schedOperStatus) WITH ID DISMAN-SCHEDULE-MIB:disman-schedule-node-container-schedObjects-list-schedEntry-schedOperStatus
9439 [Test worker] INFO  x.yang.diagram.YangDiagramGenerator  - CREATED ELEMENT FOR statement:io.typefox.yang.yang.impl.LeafImpl@65fa106c (name: schedFailures) WITH ID DISMAN-SCHEDULE-MIB:disman-schedule-node-container-schedObjects-list-schedEntry-schedFailures
9439 [Test worker] INFO  x.yang.diagram.YangDiagramGenerator  - CREATED ELEMENT FOR statement:io.typefox.yang.yang.impl.LeafImpl@57b32c6 (name: schedLastFailure) WITH ID DISMAN-SCHEDULE-MIB:disman-schedule-node-container-schedObjects-list-schedEntry-schedLastFailure
9439 [Test worker] INFO  x.yang.diagram.YangDiagramGenerator  - CREATED ELEMENT FOR statement:io.typefox.yang.yang.impl.LeafImpl@75ff4b84 (name: schedLastFailed) WITH ID DISMAN-SCHEDULE-MIB:disman-schedule-node-container-schedObjects-list-schedEntry-schedLastFailed
9439 [Test worker] INFO  x.yang.diagram.YangDiagramGenerator  - CREATED ELEMENT FOR statement:io.typefox.yang.yang.impl.LeafImpl@5e55981e (name: schedStorageType) WITH ID DISMAN-SCHEDULE-MIB:disman-schedule-node-container-schedObjects-list-schedEntry-schedStorageType
9440 [Test worker] INFO  x.yang.diagram.YangDiagramGenerator  - CREATED ELEMENT FOR statement:io.typefox.yang.yang.impl.LeafImpl@6b998ac8 (name: schedRowStatus) WITH ID DISMAN-SCHEDULE-MIB:disman-schedule-node-container-schedObjects-list-schedEntry-schedRowStatus
9440 [Test worker] INFO  x.yang.diagram.YangDiagramGenerator  - CREATED ELEMENT FOR statement:io.typefox.yang.yang.impl.LeafImpl@3728687f (name: schedTriggers) WITH ID DISMAN-SCHEDULE-MIB:disman-schedule-node-container-schedObjects-list-schedEntry-schedTriggers
9440 [Test worker] INFO  x.yang.diagram.YangDiagramGenerator  - CREATED ELEMENT FOR statement:io.typefox.yang.yang.impl.ListImpl@3804a675 (name: schedEntry) WITH ID DISMAN-SCHEDULE-MIB:disman-schedule-node-container-schedObjects-list-schedEntry
9440 [Test worker] INFO  x.yang.diagram.YangDiagramGenerator  - CREATED ELEMENT FOR statement:io.typefox.yang.yang.impl.ContainerImpl@4ae34c03 (name: schedObjects) WITH ID DISMAN-SCHEDULE-MIB:disman-schedule-node-container-schedObjects
9440 [Test worker] INFO  x.yang.diagram.YangDiagramGenerator  - CREATED ELEMENT FOR statement:io.typefox.yang.yang.impl.LeafImpl@6d8b505d (name: schedOwner) WITH ID DISMAN-SCHEDULE-MIB:disman-schedule-node-notification-schedActionFailure-container-schedActionFailure-schedLastFailure-schedOwner
9440 [Test worker] INFO  x.yang.diagram.YangDiagramGenerator  - CREATED ELEMENT FOR statement:io.typefox.yang.yang.impl.LeafImpl@1994a603 (name: schedName) WITH ID DISMAN-SCHEDULE-MIB:disman-schedule-node-notification-schedActionFailure-container-schedActionFailure-schedLastFailure-schedName
9440 [Test worker] INFO  x.yang.diagram.YangDiagramGenerator  - CREATED ELEMENT FOR statement:io.typefox.yang.yang.impl.LeafImpl@43e9c4a (name: schedLastFailure) WITH ID DISMAN-SCHEDULE-MIB:disman-schedule-node-notification-schedActionFailure-container-schedActionFailure-schedLastFailure-schedLastFailure
9440 [Test worker] INFO  x.yang.diagram.YangDiagramGenerator  - CREATED ELEMENT FOR statement:io.typefox.yang.yang.impl.ContainerImpl@546d5b9a (name: schedActionFailure-schedLastFailure) WITH ID DISMAN-SCHEDULE-MIB:disman-schedule-node-notification-schedActionFailure-container-schedActionFailure-schedLastFailure
9440 [Test worker] INFO  x.yang.diagram.YangDiagramGenerator  - CREATED ELEMENT FOR statement:io.typefox.yang.yang.impl.LeafImpl@6353e0f2 (name: schedOwner) WITH ID DISMAN-SCHEDULE-MIB:disman-schedule-node-notification-schedActionFailure-container-schedActionFailure-schedLastFailed-schedOwner
9440 [Test worker] INFO  x.yang.diagram.YangDiagramGenerator  - CREATED ELEMENT FOR statement:io.typefox.yang.yang.impl.LeafImpl@5f4bf625 (name: schedName) WITH ID DISMAN-SCHEDULE-MIB:disman-schedule-node-notification-schedActionFailure-container-schedActionFailure-schedLastFailed-schedName
9440 [Test worker] INFO  x.yang.diagram.YangDiagramGenerator  - CREATED ELEMENT FOR statement:io.typefox.yang.yang.impl.LeafImpl@2fe7fd4a (name: schedLastFailed) WITH ID DISMAN-SCHEDULE-MIB:disman-schedule-node-notification-schedActionFailure-container-schedActionFailure-schedLastFailed-schedLastFailed
9440 [Test worker] INFO  x.yang.diagram.YangDiagramGenerator  - CREATED ELEMENT FOR statement:io.typefox.yang.yang.impl.ContainerImpl@1168d2a7 (name: schedActionFailure-schedLastFailed) WITH ID DISMAN-SCHEDULE-MIB:disman-schedule-node-notification-schedActionFailure-container-schedActionFailure-schedLastFailed
9440 [Test worker] INFO  x.yang.diagram.YangDiagramGenerator  - CREATED ELEMENT FOR statement:io.typefox.yang.yang.impl.NotificationImpl@6dc0e408 (name: schedActionFailure) WITH ID DISMAN-SCHEDULE-MIB:disman-schedule-node-notification-schedActionFailure
9440 [Test worker] INFO  x.yang.diagram.YangDiagramGenerator  - CREATED ELEMENT FOR statement:io.typefox.yang.yang.impl.ModuleImpl@6dbacd4b (name: DISMAN-SCHEDULE-MIB) WITH ID DISMAN-SCHEDULE-MIB:disman-schedule
9525 [Test worker] INFO  x.yang.diagram.YangDiagramGenerator  - Generating diagram for input: 'ietf-ip.yang'
9525 [Test worker] INFO  x.yang.diagram.YangDiagramGenerator  - CREATED ELEMENT FOR statement:io.typefox.yang.yang.impl.TypedefImpl@3d8d740f (name: ip-address-origin) WITH ID ietf-ip:ip-node-typedef-ip-address-origin
9525 [Test worker] INFO  x.yang.diagram.YangDiagramGenerator  - CREATED ELEMENT FOR statement:io.typefox.yang.yang.impl.TypedefImpl@7c06d1b4 (name: neighbor-origin) WITH ID ietf-ip:ip-node-typedef-neighbor-origin
9525 [Test worker] INFO  x.yang.diagram.YangDiagramGenerator  - CREATED ELEMENT FOR statement:io.typefox.yang.yang.impl.LeafImpl@5b050ea (name: enabled) WITH ID ietf-ip:ip-node-/if:interfaces/if:interface-augmentation-container-ipv4-enabled
9525 [Test worker] INFO  x.yang.diagram.YangDiagramGenerator  - CREATED ELEMENT FOR statement:io.typefox.yang.yang.impl.LeafImpl@1d62e661 (name: forwarding) WITH ID ietf-ip:ip-node-/if:interfaces/if:interface-augmentation-container-ipv4-forwarding
9525 [Test worker] INFO  x.yang.diagram.YangDiagramGenerator  - CREATED ELEMENT FOR statement:io.typefox.yang.yang.impl.LeafImpl@4b99c4ce (name: mtu) WITH ID ietf-ip:ip-node-/if:interfaces/if:interface-augmentation-container-ipv4-mtu
9525 [Test worker] INFO  x.yang.diagram.YangDiagramGenerator  - CREATED ELEMENT FOR statement:io.typefox.yang.yang.impl.LeafImpl@1582778 (name: ip) WITH ID ietf-ip:ip-node-/if:interfaces/if:interface-augmentation-container-ipv4-list-address-ip
9525 [Test worker] INFO  x.yang.diagram.YangDiagramGenerator  - CREATED ELEMENT FOR statement:io.typefox.yang.yang.impl.LeafImpl@66800b9 (name: prefix-length) WITH ID ietf-ip:ip-node-/if:interfaces/if:interface-augmentation-container-ipv4-list-address-subnet-choice-prefix-length-case-prefix-length-case-prefix-length
9525 [Test worker] INFO  x.yang.diagram.YangDiagramGenerator  - CREATED ELEMENT FOR statement:io.typefox.yang.yang.impl.LeafImpl@c33affb (name: netmask) WITH ID ietf-ip:ip-node-/if:interfaces/if:interface-augmentation-container-ipv4-list-address-subnet-choice-netmask-case-netmask-case-netmask
9525 [Test worker] INFO  x.yang.diagram.YangDiagramGenerator  - CREATED ELEMENT FOR statement:io.typefox.yang.yang.impl.ChoiceImpl@989b507 (name: subnet) WITH ID ietf-ip:ip-node-/if:interfaces/if:interface-augmentation-container-ipv4-list-address-subnet-choice
9525 [Test worker] INFO  x.yang.diagram.YangDiagramGenerator  - CREATED ELEMENT FOR statement:io.typefox.yang.yang.impl.ListImpl@49aa20a9 (name: address) WITH ID ietf-ip:ip-node-/if:interfaces/if:interface-augmentation-container-ipv4-list-address
9525 [Test worker] INFO  x.yang.diagram.YangDiagramGenerator  - CREATED ELEMENT FOR statement:io.typefox.yang.yang.impl.LeafImpl@f019ced (name: ip) WITH ID ietf-ip:ip-node-/if:interfaces/if:interface-augmentation-container-ipv4-list-neighbor-ip
9525 [Test worker] INFO  x.yang.diagram.YangDiagramGenerator  - CREATED ELEMENT FOR statement:io.typefox.yang.yang.impl.LeafImpl@1e5ca681 (name: link-layer-address) WITH ID ietf-ip:ip-node-/if:interfaces/if:interface-augmentation-container-ipv4-list-neighbor-link-layer-address
9525 [Test worker] INFO  x.yang.diagram.YangDiagramGenerator  - CREATED ELEMENT FOR statement:io.typefox.yang.yang.impl.ListImpl@5ab909c0 (name: neighbor) WITH ID ietf-ip:ip-node-/if:interfaces/if:interface-augmentation-container-ipv4-list-neighbor
9525 [Test worker] INFO  x.yang.diagram.YangDiagramGenerator  - CREATED ELEMENT FOR statement:io.typefox.yang.yang.impl.ContainerImpl@428ed556 (name: ipv4) WITH ID ietf-ip:ip-node-/if:interfaces/if:interface-augmentation-container-ipv4
9526 [Test worker] INFO  x.yang.diagram.YangDiagramGenerator  - CREATED ELEMENT FOR statement:io.typefox.yang.yang.impl.LeafImpl@416bcf1e (name: enabled) WITH ID ietf-ip:ip-node-/if:interfaces/if:interface-augmentation-container-ipv6-enabled
9526 [Test worker] INFO  x.yang.diagram.YangDiagramGenerator  - CREATED ELEMENT FOR statement:io.typefox.yang.yang.impl.LeafImpl@3af8011c (name: forwarding) WITH ID ietf-ip:ip-node-/if:interfaces/if:interface-augmentation-container-ipv6-forwarding
9526 [Test worker] INFO  x.yang.diagram.YangDiagramGenerator  - CREATED ELEMENT FOR statement:io.typefox.yang.yang.impl.LeafImpl@281de88a (name: mtu) WITH ID ietf-ip:ip-node-/if:interfaces/if:interface-augmentation-container-ipv6-mtu
9526 [Test worker] INFO  x.yang.diagram.YangDiagramGenerator  - CREATED ELEMENT FOR statement:io.typefox.yang.yang.impl.LeafImpl@1c0dbcba (name: dup-addr-detect-transmits) WITH ID ietf-ip:ip-node-/if:interfaces/if:interface-augmentation-container-ipv6-dup-addr-detect-transmits
9526 [Test worker] INFO  x.yang.diagram.YangDiagramGenerator  - CREATED ELEMENT FOR statement:io.typefox.yang.yang.impl.LeafImpl@301831a (name: ip) WITH ID ietf-ip:ip-node-/if:interfaces/if:interface-augmentation-container-ipv6-list-address-ip
9526 [Test worker] INFO  x.yang.diagram.YangDiagramGenerator  - CREATED ELEMENT FOR statement:io.typefox.yang.yang.impl.LeafImpl@798b8287 (name: prefix-length) WITH ID ietf-ip:ip-node-/if:interfaces/if:interface-augmentation-container-ipv6-list-address-prefix-length
9526 [Test worker] INFO  x.yang.diagram.YangDiagramGenerator  - CREATED ELEMENT FOR statement:io.typefox.yang.yang.impl.ListImpl@3e957c84 (name: address) WITH ID ietf-ip:ip-node-/if:interfaces/if:interface-augmentation-container-ipv6-list-address
9526 [Test worker] INFO  x.yang.diagram.YangDiagramGenerator  - CREATED ELEMENT FOR statement:io.typefox.yang.yang.impl.LeafImpl@4f8cef80 (name: ip) WITH ID ietf-ip:ip-node-/if:interfaces/if:interface-augmentation-container-ipv6-list-neighbor-ip
9526 [Test worker] INFO  x.yang.diagram.YangDiagramGenerator  - CREATED ELEMENT FOR statement:io.typefox.yang.yang.impl.LeafImpl@401aac38 (name: link-layer-address) WITH ID ietf-ip:ip-node-/if:interfaces/if:interface-augmentation-container-ipv6-list-neighbor-link-layer-address
9526 [Test worker] INFO  x.yang.diagram.YangDiagramGenerator  - CREATED ELEMENT FOR statement:io.typefox.yang.yang.impl.ListImpl@65209106 (name: neighbor) WITH ID ietf-ip:ip-node-/if:interfaces/if:interface-augmentation-container-ipv6-list-neighbor
9526 [Test worker] INFO  x.yang.diagram.YangDiagramGenerator  - CREATED ELEMENT FOR statement:io.typefox.yang.yang.impl.LeafImpl@7044b07a (name: create-global-addresses) WITH ID ietf-ip:ip-node-/if:interfaces/if:interface-augmentation-container-ipv6-container-autoconf-create-global-addresses
9526 [Test worker] INFO  x.yang.diagram.YangDiagramGenerator  - CREATED ELEMENT FOR statement:io.typefox.yang.yang.impl.LeafImpl@589ca11d (name: create-temporary-addresses) WITH ID ietf-ip:ip-node-/if:interfaces/if:interface-augmentation-container-ipv6-container-autoconf-create-temporary-addresses
9526 [Test worker] INFO  x.yang.diagram.YangDiagramGenerator  - CREATED ELEMENT FOR statement:io.typefox.yang.yang.impl.LeafImpl@4df2bd5a (name: temporary-valid-lifetime) WITH ID ietf-ip:ip-node-/if:interfaces/if:interface-augmentation-container-ipv6-container-autoconf-temporary-valid-lifetime
9526 [Test worker] INFO  x.yang.diagram.YangDiagramGenerator  - CREATED ELEMENT FOR statement:io.typefox.yang.yang.impl.LeafImpl@2c3bbd43 (name: temporary-preferred-lifetime) WITH ID ietf-ip:ip-node-/if:interfaces/if:interface-augmentation-container-ipv6-container-autoconf-temporary-preferred-lifetime
9526 [Test worker] INFO  x.yang.diagram.YangDiagramGenerator  - CREATED ELEMENT FOR statement:io.typefox.yang.yang.impl.ContainerImpl@79a91fde (name: autoconf) WITH ID ietf-ip:ip-node-/if:interfaces/if:interface-augmentation-container-ipv6-container-autoconf
9526 [Test worker] INFO  x.yang.diagram.YangDiagramGenerator  - CREATED ELEMENT FOR statement:io.typefox.yang.yang.impl.ContainerImpl@4480cdbf (name: ipv6) WITH ID ietf-ip:ip-node-/if:interfaces/if:interface-augmentation-container-ipv6
9526 [Test worker] INFO  x.yang.diagram.YangDiagramGenerator  - CREATED ELEMENT FOR statement:io.typefox.yang.yang.impl.AugmentImpl@1c40a018 WITH ID ietf-ip:ip-node-/if:interfaces/if:interface-augmentation
9526 [Test worker] INFO  x.yang.diagram.YangDiagramGenerator  - CREATED ELEMENT FOR statement:io.typefox.yang.yang.impl.LeafImpl@6d60d776 (name: forwarding) WITH ID ietf-ip:ip-node-/if:interfaces-state/if:interface-augmentation-container-ipv4-forwarding
9526 [Test worker] INFO  x.yang.diagram.YangDiagramGenerator  - CREATED ELEMENT FOR statement:io.typefox.yang.yang.impl.LeafImpl@5c0672eb (name: mtu) WITH ID ietf-ip:ip-node-/if:interfaces-state/if:interface-augmentation-container-ipv4-mtu
9526 [Test worker] INFO  x.yang.diagram.YangDiagramGenerator  - CREATED ELEMENT FOR statement:io.typefox.yang.yang.impl.LeafImpl@1e29b1e1 (name: ip) WITH ID ietf-ip:ip-node-/if:interfaces-state/if:interface-augmentation-container-ipv4-list-address-ip
9526 [Test worker] INFO  x.yang.diagram.YangDiagramGenerator  - CREATED ELEMENT FOR statement:io.typefox.yang.yang.impl.LeafImpl@770925c (name: origin) WITH ID ietf-ip:ip-node-/if:interfaces-state/if:interface-augmentation-container-ipv4-list-address-origin
9526 [Test worker] INFO  x.yang.diagram.YangDiagramGenerator  - CREATED ELEMENT FOR statement:io.typefox.yang.yang.impl.LeafImpl@6c402ea3 (name: prefix-length) WITH ID ietf-ip:ip-node-/if:interfaces-state/if:interface-augmentation-container-ipv4-list-address-subnet-choice-prefix-length-case-prefix-length-case-prefix-length
9526 [Test worker] INFO  x.yang.diagram.YangDiagramGenerator  - CREATED ELEMENT FOR statement:io.typefox.yang.yang.impl.LeafImpl@33e88ea (name: netmask) WITH ID ietf-ip:ip-node-/if:interfaces-state/if:interface-augmentation-container-ipv4-list-address-subnet-choice-netmask-case-netmask-case-netmask
9527 [Test worker] INFO  x.yang.diagram.YangDiagramGenerator  - CREATED ELEMENT FOR statement:io.typefox.yang.yang.impl.ChoiceImpl@50cb97d5 (name: subnet) WITH ID ietf-ip:ip-node-/if:interfaces-state/if:interface-augmentation-container-ipv4-list-address-subnet-choice
9527 [Test worker] INFO  x.yang.diagram.YangDiagramGenerator  - CREATED ELEMENT FOR statement:io.typefox.yang.yang.impl.ListImpl@53aa0de2 (name: address) WITH ID ietf-ip:ip-node-/if:interfaces-state/if:interface-augmentation-container-ipv4-list-address
9527 [Test worker] INFO  x.yang.diagram.YangDiagramGenerator  - CREATED ELEMENT FOR statement:io.typefox.yang.yang.impl.LeafImpl@3e721402 (name: ip) WITH ID ietf-ip:ip-node-/if:interfaces-state/if:interface-augmentation-container-ipv4-list-neighbor-ip
9527 [Test worker] INFO  x.yang.diagram.YangDiagramGenerator  - CREATED ELEMENT FOR statement:io.typefox.yang.yang.impl.LeafImpl@49fcb2fe (name: link-layer-address) WITH ID ietf-ip:ip-node-/if:interfaces-state/if:interface-augmentation-container-ipv4-list-neighbor-link-layer-address
9527 [Test worker] INFO  x.yang.diagram.YangDiagramGenerator  - CREATED ELEMENT FOR statement:io.typefox.yang.yang.impl.LeafImpl@4585e12b (name: origin) WITH ID ietf-ip:ip-node-/if:interfaces-state/if:interface-augmentation-container-ipv4-list-neighbor-origin
9527 [Test worker] INFO  x.yang.diagram.YangDiagramGenerator  - CREATED ELEMENT FOR statement:io.typefox.yang.yang.impl.ListImpl@46c32164 (name: neighbor) WITH ID ietf-ip:ip-node-/if:interfaces-state/if:interface-augmentation-container-ipv4-list-neighbor
9527 [Test worker] INFO  x.yang.diagram.YangDiagramGenerator  - CREATED ELEMENT FOR statement:io.typefox.yang.yang.impl.ContainerImpl@68bfffba (name: ipv4) WITH ID ietf-ip:ip-node-/if:interfaces-state/if:interface-augmentation-container-ipv4
9527 [Test worker] INFO  x.yang.diagram.YangDiagramGenerator  - CREATED ELEMENT FOR statement:io.typefox.yang.yang.impl.LeafImpl@44f8cb11 (name: forwarding) WITH ID ietf-ip:ip-node-/if:interfaces-state/if:interface-augmentation-container-ipv6-forwarding
9527 [Test worker] INFO  x.yang.diagram.YangDiagramGenerator  - CREATED ELEMENT FOR statement:io.typefox.yang.yang.impl.LeafImpl@2e9ee61c (name: mtu) WITH ID ietf-ip:ip-node-/if:interfaces-state/if:interface-augmentation-container-ipv6-mtu
9527 [Test worker] INFO  x.yang.diagram.YangDiagramGenerator  - CREATED ELEMENT FOR statement:io.typefox.yang.yang.impl.LeafImpl@71092aaa (name: ip) WITH ID ietf-ip:ip-node-/if:interfaces-state/if:interface-augmentation-container-ipv6-list-address-ip
9527 [Test worker] INFO  x.yang.diagram.YangDiagramGenerator  - CREATED ELEMENT FOR statement:io.typefox.yang.yang.impl.LeafImpl@665c491e (name: prefix-length) WITH ID ietf-ip:ip-node-/if:interfaces-state/if:interface-augmentation-container-ipv6-list-address-prefix-length
9527 [Test worker] INFO  x.yang.diagram.YangDiagramGenerator  - CREATED ELEMENT FOR statement:io.typefox.yang.yang.impl.LeafImpl@64fea687 (name: origin) WITH ID ietf-ip:ip-node-/if:interfaces-state/if:interface-augmentation-container-ipv6-list-address-origin
9527 [Test worker] INFO  x.yang.diagram.YangDiagramGenerator  - CREATED ELEMENT FOR statement:io.typefox.yang.yang.impl.LeafImpl@3d890202 (name: status) WITH ID ietf-ip:ip-node-/if:interfaces-state/if:interface-augmentation-container-ipv6-list-address-status
9527 [Test worker] INFO  x.yang.diagram.YangDiagramGenerator  - CREATED ELEMENT FOR statement:io.typefox.yang.yang.impl.ListImpl@5ed3363 (name: address) WITH ID ietf-ip:ip-node-/if:interfaces-state/if:interface-augmentation-container-ipv6-list-address
9527 [Test worker] INFO  x.yang.diagram.YangDiagramGenerator  - CREATED ELEMENT FOR statement:io.typefox.yang.yang.impl.LeafImpl@17d8e79 (name: ip) WITH ID ietf-ip:ip-node-/if:interfaces-state/if:interface-augmentation-container-ipv6-list-neighbor-ip
9527 [Test worker] INFO  x.yang.diagram.YangDiagramGenerator  - CREATED ELEMENT FOR statement:io.typefox.yang.yang.impl.LeafImpl@1026da4f (name: link-layer-address) WITH ID ietf-ip:ip-node-/if:interfaces-state/if:interface-augmentation-container-ipv6-list-neighbor-link-layer-address
9527 [Test worker] INFO  x.yang.diagram.YangDiagramGenerator  - CREATED ELEMENT FOR statement:io.typefox.yang.yang.impl.LeafImpl@654a435b (name: origin) WITH ID ietf-ip:ip-node-/if:interfaces-state/if:interface-augmentation-container-ipv6-list-neighbor-origin
9527 [Test worker] INFO  x.yang.diagram.YangDiagramGenerator  - CREATED ELEMENT FOR statement:io.typefox.yang.yang.impl.LeafImpl@9d012ba (name: is-router) WITH ID ietf-ip:ip-node-/if:interfaces-state/if:interface-augmentation-container-ipv6-list-neighbor-is-router
9527 [Test worker] INFO  x.yang.diagram.YangDiagramGenerator  - CREATED ELEMENT FOR statement:io.typefox.yang.yang.impl.LeafImpl@64334bbf (name: state) WITH ID ietf-ip:ip-node-/if:interfaces-state/if:interface-augmentation-container-ipv6-list-neighbor-state
9527 [Test worker] INFO  x.yang.diagram.YangDiagramGenerator  - CREATED ELEMENT FOR statement:io.typefox.yang.yang.impl.ListImpl@426111d4 (name: neighbor) WITH ID ietf-ip:ip-node-/if:interfaces-state/if:interface-augmentation-container-ipv6-list-neighbor
9527 [Test worker] INFO  x.yang.diagram.YangDiagramGenerator  - CREATED ELEMENT FOR statement:io.typefox.yang.yang.impl.ContainerImpl@7506c258 (name: ipv6) WITH ID ietf-ip:ip-node-/if:interfaces-state/if:interface-augmentation-container-ipv6
9527 [Test worker] INFO  x.yang.diagram.YangDiagramGenerator  - CREATED ELEMENT FOR statement:io.typefox.yang.yang.impl.AugmentImpl@7c4a5b80 WITH ID ietf-ip:ip-node-/if:interfaces-state/if:interface-augmentation
9527 [Test worker] INFO  x.yang.diagram.YangDiagramGenerator  - CREATED ELEMENT FOR statement:io.typefox.yang.yang.impl.ModuleImpl@2da9905 (name: ietf-ip) WITH ID ietf-ip:ip
9596 [Test worker] INFO  x.yang.diagram.YangDiagramGenerator  - Generating diagram for input: 'ietf-snmp-tls.yang'
9596 [Test worker] INFO  x.yang.diagram.YangDiagramGenerator  - CREATED ELEMENT FOR statement:io.typefox.yang.yang.impl.TypedefImpl@3667c187 (name: tls-fingerprint) WITH ID ietf-snmp-tls-node-typedef-tls-fingerprint
9597 [Test worker] INFO  x.yang.diagram.YangDiagramGenerator  - CREATED ELEMENT FOR statement:io.typefox.yang.yang.impl.IdentityImpl@45a5c071 (name: cert-to-tm-security-name) WITH ID ietf-snmp-tls-node-identity-cert-to-tm-security-name
9597 [Test worker] INFO  x.yang.diagram.YangDiagramGenerator  - CREATED ELEMENT FOR statement:io.typefox.yang.yang.impl.LeafImpl@31da40a6 (name: ip) WITH ID ietf-snmp-tls-node-/snmp:snmp/snmp:engine/snmp:listen-augmentation-list-tls-ip
9597 [Test worker] INFO  x.yang.diagram.YangDiagramGenerator  - CREATED ELEMENT FOR statement:io.typefox.yang.yang.impl.LeafImpl@6d3caf39 (name: port) WITH ID ietf-snmp-tls-node-/snmp:snmp/snmp:engine/snmp:listen-augmentation-list-tls-port
9597 [Test worker] INFO  x.yang.diagram.YangDiagramGenerator  - CREATED ELEMENT FOR statement:io.typefox.yang.yang.impl.ListImpl@65df20e0 (name: tls) WITH ID ietf-snmp-tls-node-/snmp:snmp/snmp:engine/snmp:listen-augmentation-list-tls
9597 [Test worker] INFO  x.yang.diagram.YangDiagramGenerator  - CREATED ELEMENT FOR statement:io.typefox.yang.yang.impl.LeafImpl@e92c262 (name: ip) WITH ID ietf-snmp-tls-node-/snmp:snmp/snmp:engine/snmp:listen-augmentation-list-dtls-ip
9597 [Test worker] INFO  x.yang.diagram.YangDiagramGenerator  - CREATED ELEMENT FOR statement:io.typefox.yang.yang.impl.LeafImpl@6d2e7c66 (name: port) WITH ID ietf-snmp-tls-node-/snmp:snmp/snmp:engine/snmp:listen-augmentation-list-dtls-port
9597 [Test worker] INFO  x.yang.diagram.YangDiagramGenerator  - CREATED ELEMENT FOR statement:io.typefox.yang.yang.impl.ListImpl@6563439d (name: dtls) WITH ID ietf-snmp-tls-node-/snmp:snmp/snmp:engine/snmp:listen-augmentation-list-dtls
9598 [Test worker] INFO  x.yang.diagram.YangDiagramGenerator  - CREATED ELEMENT FOR statement:io.typefox.yang.yang.impl.AugmentImpl@7927a7f1 WITH ID ietf-snmp-tls-node-/snmp:snmp/snmp:engine/snmp:listen-augmentation
9598 [Test worker] INFO  x.yang.diagram.YangDiagramGenerator  - CREATED ELEMENT FOR statement:io.typefox.yang.yang.impl.LeafImpl@61befb65 (name: id) WITH ID ietf-snmp-tls-node-/snmp:snmp-augmentation-container-tlstm-list-cert-to-tm-security-name-id
9598 [Test worker] INFO  x.yang.diagram.YangDiagramGenerator  - CREATED ELEMENT FOR statement:io.typefox.yang.yang.impl.LeafImpl@7fed7678 (name: fingerprint) WITH ID ietf-snmp-tls-node-/snmp:snmp-augmentation-container-tlstm-list-cert-to-tm-security-name-fingerprint
9598 [Test worker] INFO  x.yang.diagram.YangDiagramGenerator  - CREATED ELEMENT FOR statement:io.typefox.yang.yang.impl.LeafImpl@6dbdb3 (name: map-type) WITH ID ietf-snmp-tls-node-/snmp:snmp-augmentation-container-tlstm-list-cert-to-tm-security-name-map-type
9598 [Test worker] INFO  x.yang.diagram.YangDiagramGenerator  - CREATED ELEMENT FOR statement:io.typefox.yang.yang.impl.LeafImpl@44318a60 (name: cert-specified-tm-security-name) WITH ID ietf-snmp-tls-node-/snmp:snmp-augmentation-container-tlstm-list-cert-to-tm-security-name-cert-specified-tm-security-name
9598 [Test worker] INFO  x.yang.diagram.YangDiagramGenerator  - CREATED ELEMENT FOR statement:io.typefox.yang.yang.impl.ListImpl@52c23450 (name: cert-to-tm-security-name) WITH ID ietf-snmp-tls-node-/snmp:snmp-augmentation-container-tlstm-list-cert-to-tm-security-name
9599 [Test worker] INFO  x.yang.diagram.YangDiagramGenerator  - CREATED ELEMENT FOR statement:io.typefox.yang.yang.impl.ContainerImpl@4608c6c6 (name: tlstm) WITH ID ietf-snmp-tls-node-/snmp:snmp-augmentation-container-tlstm
9599 [Test worker] INFO  x.yang.diagram.YangDiagramGenerator  - CREATED ELEMENT FOR statement:io.typefox.yang.yang.impl.AugmentImpl@2be56b91 WITH ID ietf-snmp-tls-node-/snmp:snmp-augmentation
9599 [Test worker] INFO  x.yang.diagram.YangDiagramGenerator  - CREATED ELEMENT FOR statement:io.typefox.yang.yang.impl.LeafImpl@634f8607 (name: ip) WITH ID ietf-snmp-tls-node-grouping-tls-transport-ip
9599 [Test worker] INFO  x.yang.diagram.YangDiagramGenerator  - CREATED ELEMENT FOR statement:io.typefox.yang.yang.impl.LeafImpl@20ec4e8a (name: port) WITH ID ietf-snmp-tls-node-grouping-tls-transport-port
9599 [Test worker] INFO  x.yang.diagram.YangDiagramGenerator  - CREATED ELEMENT FOR statement:io.typefox.yang.yang.impl.LeafImpl@20d282a7 (name: client-fingerprint) WITH ID ietf-snmp-tls-node-grouping-tls-transport-client-fingerprint
9599 [Test worker] INFO  x.yang.diagram.YangDiagramGenerator  - CREATED ELEMENT FOR statement:io.typefox.yang.yang.impl.LeafImpl@206bdccf (name: server-fingerprint) WITH ID ietf-snmp-tls-node-grouping-tls-transport-server-identification-choice-server-fingerprint-case-server-fingerprint-case-server-fingerprint
9599 [Test worker] INFO  x.yang.diagram.YangDiagramGenerator  - CREATED ELEMENT FOR statement:io.typefox.yang.yang.impl.LeafImpl@3f8b197b (name: server-identity) WITH ID ietf-snmp-tls-node-grouping-tls-transport-server-identification-choice-server-identity-case-server-identity-case-server-identity
9600 [Test worker] INFO  x.yang.diagram.YangDiagramGenerator  - CREATED ELEMENT FOR statement:io.typefox.yang.yang.impl.ChoiceImpl@7d51881e (name: server-identification) WITH ID ietf-snmp-tls-node-grouping-tls-transport-server-identification-choice
9600 [Test worker] INFO  x.yang.diagram.YangDiagramGenerator  - CREATED ELEMENT FOR statement:io.typefox.yang.yang.impl.GroupingImpl@4922eaa9 (name: tls-transport) WITH ID ietf-snmp-tls-node-grouping-tls-transport
9600 [Test worker] INFO  x.yang.diagram.YangDiagramGenerator  - CREATED ELEMENT FOR statement:io.typefox.yang.yang.impl.UsesImpl@37d1cae6 WITH ID ietf-snmp-tls-node-/snmp:snmp/snmp:target/snmp:transport-augmentation-tls-case-container-tls-uses tls-transport-pill
9600 [Test worker] INFO  x.yang.diagram.YangDiagramGenerator  - CREATED ELEMENT FOR statement:io.typefox.yang.yang.impl.ContainerImpl@50764da6 (name: tls) WITH ID ietf-snmp-tls-node-/snmp:snmp/snmp:target/snmp:transport-augmentation-tls-case-container-tls
9600 [Test worker] INFO  x.yang.diagram.YangDiagramGenerator  - CREATED ELEMENT FOR statement:io.typefox.yang.yang.impl.CaseImpl@21163ece (name: tls) WITH ID ietf-snmp-tls-node-/snmp:snmp/snmp:target/snmp:transport-augmentation-tls-case
9600 [Test worker] INFO  x.yang.diagram.YangDiagramGenerator  - CREATED ELEMENT FOR statement:io.typefox.yang.yang.impl.AugmentImpl@7f3fffe7 WITH ID ietf-snmp-tls-node-/snmp:snmp/snmp:target/snmp:transport-augmentation
9600 [Test worker] INFO  x.yang.diagram.YangDiagramGenerator  - CREATED ELEMENT FOR statement:io.typefox.yang.yang.impl.SubmoduleImpl@46009c1c (name: ietf-snmp-tls) WITH ID ietf-snmp-tls
9619 [Test worker] INFO  x.yang.diagram.YangDiagramGenerator  - Generating diagram for input: 'iana-timezones.yang'
9619 [Test worker] INFO  x.yang.diagram.YangDiagramGenerator  - CREATED ELEMENT FOR statement:io.typefox.yang.yang.impl.TypedefImpl@4e961058 (name: iana-timezone) WITH ID iana-timezones:ianatz-node-typedef-iana-timezone
9620 [Test worker] INFO  x.yang.diagram.YangDiagramGenerator  - CREATED ELEMENT FOR statement:io.typefox.yang.yang.impl.ModuleImpl@2f4e254b (name: iana-timezones) WITH ID iana-timezones:ianatz
9628 [Test worker] INFO  x.yang.diagram.YangDiagramGenerator  - Generating diagram for input: 'SNMP-MPD-MIB.yang'
9630 [Test worker] INFO  x.yang.diagram.YangDiagramGenerator  - CREATED ELEMENT FOR statement:io.typefox.yang.yang.impl.LeafImpl@57e4bd3d (name: snmpUnknownSecurityModels) WITH ID SNMP-MPD-MIB:snmp-mpd-node-container-snmpMPDStats-snmpUnknownSecurityModels
9631 [Test worker] INFO  x.yang.diagram.YangDiagramGenerator  - CREATED ELEMENT FOR statement:io.typefox.yang.yang.impl.LeafImpl@24997d23 (name: snmpInvalidMsgs) WITH ID SNMP-MPD-MIB:snmp-mpd-node-container-snmpMPDStats-snmpInvalidMsgs
9631 [Test worker] INFO  x.yang.diagram.YangDiagramGenerator  - CREATED ELEMENT FOR statement:io.typefox.yang.yang.impl.LeafImpl@b240e0f (name: snmpUnknownPDUHandlers) WITH ID SNMP-MPD-MIB:snmp-mpd-node-container-snmpMPDStats-snmpUnknownPDUHandlers
9631 [Test worker] INFO  x.yang.diagram.YangDiagramGenerator  - CREATED ELEMENT FOR statement:io.typefox.yang.yang.impl.ContainerImpl@cc827fc (name: snmpMPDStats) WITH ID SNMP-MPD-MIB:snmp-mpd-node-container-snmpMPDStats
9631 [Test worker] INFO  x.yang.diagram.YangDiagramGenerator  - CREATED ELEMENT FOR statement:io.typefox.yang.yang.impl.ModuleImpl@7e377e0d (name: SNMP-MPD-MIB) WITH ID SNMP-MPD-MIB:snmp-mpd
9735 [Test worker] INFO  x.yang.diagram.YangDiagramGenerator  - Generating diagram for input: 'ietf-snmp-target.yang'
9742 [Test worker] INFO  x.yang.diagram.YangDiagramGenerator  - CREATED ELEMENT FOR statement:io.typefox.yang.yang.impl.LeafImpl@341c1dce (name: name) WITH ID ietf-snmp-target-node-/snmp:snmp-augmentation-list-target-name
9742 [Test worker] INFO  x.yang.diagram.YangDiagramGenerator  - CREATED ELEMENT FOR statement:io.typefox.yang.yang.impl.LeafListImpl@6c4e4d6a (name: tag) WITH ID ietf-snmp-target-node-/snmp:snmp-augmentation-list-target-tag
9742 [Test worker] INFO  x.yang.diagram.YangDiagramGenerator  - CREATED ELEMENT FOR statement:io.typefox.yang.yang.impl.LeafImpl@26cc7c (name: timeout) WITH ID ietf-snmp-target-node-/snmp:snmp-augmentation-list-target-timeout
9742 [Test worker] INFO  x.yang.diagram.YangDiagramGenerator  - CREATED ELEMENT FOR statement:io.typefox.yang.yang.impl.LeafImpl@12682b04 (name: retries) WITH ID ietf-snmp-target-node-/snmp:snmp-augmentation-list-target-retries
9742 [Test worker] INFO  x.yang.diagram.YangDiagramGenerator  - CREATED ELEMENT FOR statement:io.typefox.yang.yang.impl.LeafImpl@46ceb6ea (name: ip) WITH ID ietf-snmp-target-node-/snmp:snmp-augmentation-list-target-transport-choice-udp-case-container-udp-ip
9743 [Test worker] INFO  x.yang.diagram.YangDiagramGenerator  - CREATED ELEMENT FOR statement:io.typefox.yang.yang.impl.LeafImpl@58f58644 (name: port) WITH ID ietf-snmp-target-node-/snmp:snmp-augmentation-list-target-transport-choice-udp-case-container-udp-port
9743 [Test worker] INFO  x.yang.diagram.YangDiagramGenerator  - CREATED ELEMENT FOR statement:io.typefox.yang.yang.impl.LeafImpl@6e86e40a (name: prefix-length) WITH ID ietf-snmp-target-node-/snmp:snmp-augmentation-list-target-transport-choice-udp-case-container-udp-prefix-length
9743 [Test worker] INFO  x.yang.diagram.YangDiagramGenerator  - CREATED ELEMENT FOR statement:io.typefox.yang.yang.impl.ContainerImpl@3de5d2d5 (name: udp) WITH ID ietf-snmp-target-node-/snmp:snmp-augmentation-list-target-transport-choice-udp-case-container-udp
9743 [Test worker] INFO  x.yang.diagram.YangDiagramGenerator  - CREATED ELEMENT FOR statement:io.typefox.yang.yang.impl.ChoiceImpl@eaf4a65 (name: transport) WITH ID ietf-snmp-target-node-/snmp:snmp-augmentation-list-target-transport-choice
9743 [Test worker] INFO  x.yang.diagram.YangDiagramGenerator  - CREATED ELEMENT FOR statement:io.typefox.yang.yang.impl.ChoiceImpl@7a9c2a52 (name: params) WITH ID ietf-snmp-target-node-/snmp:snmp-augmentation-list-target-params-choice
9743 [Test worker] INFO  x.yang.diagram.YangDiagramGenerator  - CREATED ELEMENT FOR statement:io.typefox.yang.yang.impl.ListImpl@236327bf (name: target) WITH ID ietf-snmp-target-node-/snmp:snmp-augmentation-list-target
9743 [Test worker] INFO  x.yang.diagram.YangDiagramGenerator  - CREATED ELEMENT FOR statement:io.typefox.yang.yang.impl.AugmentImpl@30033a7c WITH ID ietf-snmp-target-node-/snmp:snmp-augmentation
9744 [Test worker] INFO  x.yang.diagram.YangDiagramGenerator  - CREATED ELEMENT FOR statement:io.typefox.yang.yang.impl.SubmoduleImpl@448bb27b (name: ietf-snmp-target) WITH ID ietf-snmp-target
9881 [Test worker] INFO  x.yang.diagram.YangDiagramGenerator  - Generating diagram for input: 'yangcli.yang'
9881 [Test worker] INFO  x.yang.diagram.YangDiagramGenerator  - CREATED ELEMENT FOR statement:io.typefox.yang.yang.impl.TypedefImpl@78f7252c (name: LogCount) WITH ID yangcli:yc-node-typedef-LogCount
9881 [Test worker] INFO  x.yang.diagram.YangDiagramGenerator  - CREATED ELEMENT FOR statement:io.typefox.yang.yang.impl.TypedefImpl@7ffaf047 (name: LogIndex) WITH ID yangcli:yc-node-typedef-LogIndex
9881 [Test worker] INFO  x.yang.diagram.YangDiagramGenerator  - CREATED ELEMENT FOR statement:io.typefox.yang.yang.impl.TypedefImpl@78d7aa9f (name: TimerId) WITH ID yangcli:yc-node-typedef-TimerId
9881 [Test worker] INFO  x.yang.diagram.YangDiagramGenerator  - CREATED ELEMENT FOR statement:io.typefox.yang.yang.impl.TypedefImpl@270f7f26 (name: NameMatchMode) WITH ID yangcli:yc-node-typedef-NameMatchMode
9881 [Test worker] INFO  x.yang.diagram.YangDiagramGenerator  - CREATED ELEMENT FOR statement:io.typefox.yang.yang.impl.TypedefImpl@6690f0ae (name: AltNameMode) WITH ID yangcli:yc-node-typedef-AltNameMode
9881 [Test worker] INFO  x.yang.diagram.YangDiagramGenerator  - CREATED ELEMENT FOR statement:io.typefox.yang.yang.impl.TypedefImpl@4e405cf3 (name: UrlPath) WITH ID yangcli:yc-node-typedef-UrlPath
9881 [Test worker] INFO  x.yang.diagram.YangDiagramGenerator  - CREATED ELEMENT FOR statement:io.typefox.yang.yang.impl.TypedefImpl@b0684f6 (name: YangcliVariableType) WITH ID yangcli:yc-node-typedef-YangcliVariableType
9881 [Test worker] INFO  x.yang.diagram.YangDiagramGenerator  - CREATED ELEMENT FOR statement:io.typefox.yang.yang.impl.LeafImpl@572c2cff (name: match-names) WITH ID yangcli:yc-node-grouping-MatchParms-match-names
9881 [Test worker] INFO  x.yang.diagram.YangDiagramGenerator  - CREATED ELEMENT FOR statement:io.typefox.yang.yang.impl.LeafImpl@3658b334 (name: alt-names) WITH ID yangcli:yc-node-grouping-MatchParms-alt-names
9881 [Test worker] INFO  x.yang.diagram.YangDiagramGenerator  - CREATED ELEMENT FOR statement:io.typefox.yang.yang.impl.GroupingImpl@7ab3d6c8 (name: MatchParms) WITH ID yangcli:yc-node-grouping-MatchParms
9881 [Test worker] INFO  x.yang.diagram.YangDiagramGenerator  - CREATED ELEMENT FOR statement:io.typefox.yang.yang.impl.LeafImpl@452dcc5c (name: optional) WITH ID yangcli:yc-node-grouping-FillParms-optional
9881 [Test worker] INFO  x.yang.diagram.YangDiagramGenerator  - CREATED ELEMENT FOR statement:io.typefox.yang.yang.impl.LeafImpl@73504bd2 (name: target) WITH ID yangcli:yc-node-grouping-FillParms-target-parm-choice-target-case-target-case-target
9881 [Test worker] INFO  x.yang.diagram.YangDiagramGenerator  - CREATED ELEMENT FOR statement:io.typefox.yang.yang.impl.LeafImpl@62879f (name: urltarget) WITH ID yangcli:yc-node-grouping-FillParms-target-parm-choice-urltarget-case-urltarget-case-urltarget
9881 [Test worker] INFO  x.yang.diagram.YangDiagramGenerator  - CREATED ELEMENT FOR statement:io.typefox.yang.yang.impl.ChoiceImpl@648314cd (name: target-parm) WITH ID yangcli:yc-node-grouping-FillParms-target-parm-choice
9881 [Test worker] INFO  x.yang.diagram.YangDiagramGenerator  - CREATED ELEMENT FOR statement:io.typefox.yang.yang.impl.UsesImpl@4f676b2d WITH ID yangcli:yc-node-grouping-FillParms-uses MatchParms-pill
9881 [Test worker] INFO  x.yang.diagram.YangDiagramGenerator  - CREATED ELEMENT FOR statement:io.typefox.yang.yang.impl.GroupingImpl@3e18b7c8 (name: FillParms) WITH ID yangcli:yc-node-grouping-FillParms
9882 [Test worker] INFO  x.yang.diagram.YangDiagramGenerator  - CREATED ELEMENT FOR statement:io.typefox.yang.yang.impl.LeafImpl@2a5291eb (name: varref) WITH ID yangcli:yc-node-grouping-CommonPduParms-from-choice-varref-case-varref-case-varref
9882 [Test worker] INFO  x.yang.diagram.YangDiagramGenerator  - CREATED ELEMENT FOR statement:io.typefox.yang.yang.impl.UsesImpl@568bcd10 WITH ID yangcli:yc-node-grouping-CommonPduParms-from-choice-from-cli-case-uses FillParms-pill
9882 [Test worker] INFO  x.yang.diagram.YangDiagramGenerator  - CREATED ELEMENT FOR statement:io.typefox.yang.yang.impl.ChoiceImpl@22c1eaef (name: from) WITH ID yangcli:yc-node-grouping-CommonPduParms-from-choice
9882 [Test worker] INFO  x.yang.diagram.YangDiagramGenerator  - CREATED ELEMENT FOR statement:io.typefox.yang.yang.impl.GroupingImpl@599caf88 (name: CommonPduParms) WITH ID yangcli:yc-node-grouping-CommonPduParms
9882 [Test worker] INFO  x.yang.diagram.YangDiagramGenerator  - CREATED ELEMENT FOR statement:io.typefox.yang.yang.impl.LeafImpl@67ffb099 (name: timeout) WITH ID yangcli:yc-node-grouping-EditParms-timeout
9882 [Test worker] INFO  x.yang.diagram.YangDiagramGenerator  - CREATED ELEMENT FOR statement:io.typefox.yang.yang.impl.UsesImpl@6f94023b WITH ID yangcli:yc-node-grouping-EditParms-uses CommonPduParms-pill
9882 [Test worker] INFO  x.yang.diagram.YangDiagramGenerator  - CREATED ELEMENT FOR statement:io.typefox.yang.yang.impl.GroupingImpl@42af0bb4 (name: EditParms) WITH ID yangcli:yc-node-grouping-EditParms
9882 [Test worker] INFO  x.yang.diagram.YangDiagramGenerator  - CREATED ELEMENT FOR statement:io.typefox.yang.yang.impl.LeafImpl@7ef31c86 (name: nofill) WITH ID yangcli:yc-node-grouping-SGetParms-nofill
9882 [Test worker] INFO  x.yang.diagram.YangDiagramGenerator  - CREATED ELEMENT FOR statement:io.typefox.yang.yang.impl.UsesImpl@649210b9 WITH ID yangcli:yc-node-grouping-SGetParms-uses CliWithDefaultsParm-pill
9882 [Test worker] INFO  x.yang.diagram.YangDiagramGenerator  - CREATED ELEMENT FOR statement:io.typefox.yang.yang.impl.GroupingImpl@2bd843ca (name: SGetParms) WITH ID yangcli:yc-node-grouping-SGetParms
9882 [Test worker] INFO  x.yang.diagram.YangDiagramGenerator  - CREATED ELEMENT FOR statement:io.typefox.yang.yang.impl.LeafImpl@11900fae (name: timeout) WITH ID yangcli:yc-node-grouping-XGetParms-timeout
9882 [Test worker] INFO  x.yang.diagram.YangDiagramGenerator  - CREATED ELEMENT FOR statement:io.typefox.yang.yang.impl.LeafImpl@77613636 (name: varref) WITH ID yangcli:yc-node-grouping-XGetParms-from-choice-varref-case-varref-case-varref
9882 [Test worker] INFO  x.yang.diagram.YangDiagramGenerator  - CREATED ELEMENT FOR statement:io.typefox.yang.yang.impl.LeafImpl@382e7bb (name: select) WITH ID yangcli:yc-node-grouping-XGetParms-from-choice-select-case-select-case-select
9882 [Test worker] INFO  x.yang.diagram.YangDiagramGenerator  - CREATED ELEMENT FOR statement:io.typefox.yang.yang.impl.LeafImpl@6a2d3212 (name: urltarget) WITH ID yangcli:yc-node-grouping-XGetParms-from-choice-urltarget-case-urltarget-case-urltarget
9882 [Test worker] INFO  x.yang.diagram.YangDiagramGenerator  - CREATED ELEMENT FOR statement:io.typefox.yang.yang.impl.ChoiceImpl@7b51ad86 (name: from) WITH ID yangcli:yc-node-grouping-XGetParms-from-choice
9882 [Test worker] INFO  x.yang.diagram.YangDiagramGenerator  - CREATED ELEMENT FOR statement:io.typefox.yang.yang.impl.UsesImpl@57fe45c WITH ID yangcli:yc-node-grouping-XGetParms-uses CliWithDefaultsParm-pill
9882 [Test worker] INFO  x.yang.diagram.YangDiagramGenerator  - CREATED ELEMENT FOR statement:io.typefox.yang.yang.impl.UsesImpl@11d46477 WITH ID yangcli:yc-node-grouping-XGetParms-uses MatchParms-pill
9882 [Test worker] INFO  x.yang.diagram.YangDiagramGenerator  - CREATED ELEMENT FOR statement:io.typefox.yang.yang.impl.GroupingImpl@126a79fd (name: XGetParms) WITH ID yangcli:yc-node-grouping-XGetParms
9882 [Test worker] INFO  x.yang.diagram.YangDiagramGenerator  - CREATED ELEMENT FOR statement:io.typefox.yang.yang.impl.LeafImpl@6421dbab (name: user) WITH ID yangcli:yc-node-grouping-ConnectParms-user
9882 [Test worker] INFO  x.yang.diagram.YangDiagramGenerator  - CREATED ELEMENT FOR statement:io.typefox.yang.yang.impl.LeafImpl@1e868e77 (name: server) WITH ID yangcli:yc-node-grouping-ConnectParms-server
9882 [Test worker] INFO  x.yang.diagram.YangDiagramGenerator  - CREATED ELEMENT FOR statement:io.typefox.yang.yang.impl.LeafImpl@2cc3b60c (name: password) WITH ID yangcli:yc-node-grouping-ConnectParms-password
9882 [Test worker] INFO  x.yang.diagram.YangDiagramGenerator  - CREATED ELEMENT FOR statement:io.typefox.yang.yang.impl.LeafImpl@6d2787f8 (name: ncport) WITH ID yangcli:yc-node-grouping-ConnectParms-ncport
9882 [Test worker] INFO  x.yang.diagram.YangDiagramGenerator  - CREATED ELEMENT FOR statement:io.typefox.yang.yang.impl.LeafImpl@7b1f574 (name: timeout) WITH ID yangcli:yc-node-grouping-ConnectParms-timeout
9882 [Test worker] INFO  x.yang.diagram.YangDiagramGenerator  - CREATED ELEMENT FOR statement:io.typefox.yang.yang.impl.LeafImpl@2dee36c3 (name: public-key) WITH ID yangcli:yc-node-grouping-ConnectParms-public-key
9882 [Test worker] INFO  x.yang.diagram.YangDiagramGenerator  - CREATED ELEMENT FOR statement:io.typefox.yang.yang.impl.LeafImpl@1cac86a4 (name: private-key) WITH ID yangcli:yc-node-grouping-ConnectParms-private-key
9882 [Test worker] INFO  x.yang.diagram.YangDiagramGenerator  - CREATED ELEMENT FOR statement:io.typefox.yang.yang.impl.LeafImpl@4de5ca8e (name: transport) WITH ID yangcli:yc-node-grouping-ConnectParms-transport
9882 [Test worker] INFO  x.yang.diagram.YangDiagramGenerator  - CREATED ELEMENT FOR statement:io.typefox.yang.yang.impl.LeafImpl@45779c13 (name: tcp-direct-enable) WITH ID yangcli:yc-node-grouping-ConnectParms-tcp-direct-enable
9882 [Test worker] INFO  x.yang.diagram.YangDiagramGenerator  - CREATED ELEMENT FOR statement:io.typefox.yang.yang.impl.UsesImpl@19f3e250 WITH ID yangcli:yc-node-grouping-ConnectParms-uses ProtocolsParm-pill
9893 [Test worker] INFO  x.yang.diagram.YangDiagramGenerator  - CREATED ELEMENT FOR statement:io.typefox.yang.yang.impl.GroupingImpl@6192ce6c (name: ConnectParms) WITH ID yangcli:yc-node-grouping-ConnectParms
9893 [Test worker] INFO  x.yang.diagram.YangDiagramGenerator  - CREATED ELEMENT FOR statement:io.typefox.yang.yang.impl.LeafImpl@2c0c96a (name: expr) WITH ID yangcli:yc-node-grouping-XPathParms-expr
9893 [Test worker] INFO  x.yang.diagram.YangDiagramGenerator  - CREATED ELEMENT FOR statement:io.typefox.yang.yang.impl.GroupingImpl@7bae4a25 (name: XPathParms) WITH ID yangcli:yc-node-grouping-XPathParms
9893 [Test worker] INFO  x.yang.diagram.YangDiagramGenerator  - CREATED ELEMENT FOR statement:io.typefox.yang.yang.impl.LeafImpl@7d49c662 (name: aliases-file) WITH ID yangcli:yc-node-container-yangcli-aliases-file
9893 [Test worker] INFO  x.yang.diagram.YangDiagramGenerator  - CREATED ELEMENT FOR statement:io.typefox.yang.yang.impl.LeafImpl@a5f8609 (name: autocomp) WITH ID yangcli:yc-node-container-yangcli-autocomp
9893 [Test worker] INFO  x.yang.diagram.YangDiagramGenerator  - CREATED ELEMENT FOR statement:io.typefox.yang.yang.impl.LeafImpl@e5085b1 (name: autoaliases) WITH ID yangcli:yc-node-container-yangcli-autoaliases
9894 [Test worker] INFO  x.yang.diagram.YangDiagramGenerator  - CREATED ELEMENT FOR statement:io.typefox.yang.yang.impl.LeafImpl@7a6193c (name: autoload) WITH ID yangcli:yc-node-container-yangcli-autoload
9894 [Test worker] INFO  x.yang.diagram.YangDiagramGenerator  - CREATED ELEMENT FOR statement:io.typefox.yang.yang.impl.LeafImpl@34efb57c (name: autohistory) WITH ID yangcli:yc-node-container-yangcli-autohistory
9894 [Test worker] INFO  x.yang.diagram.YangDiagramGenerator  - CREATED ELEMENT FOR statement:io.typefox.yang.yang.impl.LeafImpl@42f61226 (name: autouservars) WITH ID yangcli:yc-node-container-yangcli-autouservars
9894 [Test worker] INFO  x.yang.diagram.YangDiagramGenerator  - CREATED ELEMENT FOR statement:io.typefox.yang.yang.impl.LeafImpl@48016ac4 (name: bad-data) WITH ID yangcli:yc-node-container-yangcli-bad-data
9894 [Test worker] INFO  x.yang.diagram.YangDiagramGenerator  - CREATED ELEMENT FOR statement:io.typefox.yang.yang.impl.LeafImpl@7f59e501 (name: batch-mode) WITH ID yangcli:yc-node-container-yangcli-batch-mode
9894 [Test worker] INFO  x.yang.diagram.YangDiagramGenerator  - CREATED ELEMENT FOR statement:io.typefox.yang.yang.impl.LeafImpl@3654ebc3 (name: default-module) WITH ID yangcli:yc-node-container-yangcli-default-module
9894 [Test worker] INFO  x.yang.diagram.YangDiagramGenerator  - CREATED ELEMENT FOR statement:io.typefox.yang.yang.impl.LeafImpl@44c1b80d (name: display-mode) WITH ID yangcli:yc-node-container-yangcli-display-mode
9894 [Test worker] INFO  x.yang.diagram.YangDiagramGenerator  - CREATED ELEMENT FOR statement:io.typefox.yang.yang.impl.LeafImpl@755ad1b (name: echo-replies) WITH ID yangcli:yc-node-container-yangcli-echo-replies
9894 [Test worker] INFO  x.yang.diagram.YangDiagramGenerator  - CREATED ELEMENT FOR statement:io.typefox.yang.yang.impl.LeafImpl@3714211d (name: fixorder) WITH ID yangcli:yc-node-container-yangcli-fixorder
9894 [Test worker] INFO  x.yang.diagram.YangDiagramGenerator  - CREATED ELEMENT FOR statement:io.typefox.yang.yang.impl.LeafImpl@260fcecf (name: force-target) WITH ID yangcli:yc-node-container-yangcli-force-target
9894 [Test worker] INFO  x.yang.diagram.YangDiagramGenerator  - CREATED ELEMENT FOR statement:io.typefox.yang.yang.impl.LeafImpl@6f470bd3 (name: time-rpcs) WITH ID yangcli:yc-node-container-yangcli-time-rpcs
9894 [Test worker] INFO  x.yang.diagram.YangDiagramGenerator  - CREATED ELEMENT FOR statement:io.typefox.yang.yang.impl.LeafImpl@45505e55 (name: uservars-file) WITH ID yangcli:yc-node-container-yangcli-uservars-file
9894 [Test worker] INFO  x.yang.diagram.YangDiagramGenerator  - CREATED ELEMENT FOR statement:io.typefox.yang.yang.impl.LeafImpl@535a932b (name: use-xmlheader) WITH ID yangcli:yc-node-container-yangcli-use-xmlheader
9894 [Test worker] INFO  x.yang.diagram.YangDiagramGenerator  - CREATED ELEMENT FOR statement:io.typefox.yang.yang.impl.UsesImpl@bfb4639 WITH ID yangcli:yc-node-container-yangcli-uses NcxAppCommon-pill
9894 [Test worker] INFO  x.yang.diagram.YangDiagramGenerator  - CREATED ELEMENT FOR statement:io.typefox.yang.yang.impl.UsesImpl@5c35cd06 WITH ID yangcli:yc-node-container-yangcli-uses ConfigParm-pill
9894 [Test worker] INFO  x.yang.diagram.YangDiagramGenerator  - CREATED ELEMENT FOR statement:io.typefox.yang.yang.impl.UsesImpl@1bd08223 WITH ID yangcli:yc-node-container-yangcli-uses YumaHomeParm-pill
9894 [Test worker] INFO  x.yang.diagram.YangDiagramGenerator  - CREATED ELEMENT FOR statement:io.typefox.yang.yang.impl.UsesImpl@1c1499b9 WITH ID yangcli:yc-node-container-yangcli-uses CommonFeatureParms-pill
9894 [Test worker] INFO  x.yang.diagram.YangDiagramGenerator  - CREATED ELEMENT FOR statement:io.typefox.yang.yang.impl.UsesImpl@4d0fce8c WITH ID yangcli:yc-node-container-yangcli-uses SubdirsParm-pill
9894 [Test worker] INFO  x.yang.diagram.YangDiagramGenerator  - CREATED ELEMENT FOR statement:io.typefox.yang.yang.impl.UsesImpl@3f2067d6 WITH ID yangcli:yc-node-container-yangcli-uses HomeParm-pill
9894 [Test worker] INFO  x.yang.diagram.YangDiagramGenerator  - CREATED ELEMENT FOR statement:io.typefox.yang.yang.impl.UsesImpl@20fe3b8b WITH ID yangcli:yc-node-container-yangcli-uses ConnectParms-pill
9894 [Test worker] INFO  x.yang.diagram.YangDiagramGenerator  - CREATED ELEMENT FOR statement:io.typefox.yang.yang.impl.UsesImpl@181fb77c WITH ID yangcli:yc-node-container-yangcli-uses MatchParms-pill
9894 [Test worker] INFO  x.yang.diagram.YangDiagramGenerator  - CREATED ELEMENT FOR statement:io.typefox.yang.yang.impl.UsesImpl@2b57615d WITH ID yangcli:yc-node-container-yangcli-uses ModuleParm-pill
9894 [Test worker] INFO  x.yang.diagram.YangDiagramGenerator  - CREATED ELEMENT FOR statement:io.typefox.yang.yang.impl.UsesImpl@1775ad36 WITH ID yangcli:yc-node-container-yangcli-uses DeviationParm-pill
9894 [Test worker] INFO  x.yang.diagram.YangDiagramGenerator  - CREATED ELEMENT FOR statement:io.typefox.yang.yang.impl.UsesImpl@4686ee30 WITH ID yangcli:yc-node-container-yangcli-uses DatapathParm-pill
9894 [Test worker] INFO  x.yang.diagram.YangDiagramGenerator  - CREATED ELEMENT FOR statement:io.typefox.yang.yang.impl.UsesImpl@23c705cb WITH ID yangcli:yc-node-container-yangcli-uses RunpathParm-pill
9894 [Test worker] INFO  x.yang.diagram.YangDiagramGenerator  - CREATED ELEMENT FOR statement:io.typefox.yang.yang.impl.LeafImpl@330ad567 (name: run-script) WITH ID yangcli:yc-node-container-yangcli-run-startup-mode-choice-run-script-case-run-script-case-run-script
9894 [Test worker] INFO  x.yang.diagram.YangDiagramGenerator  - CREATED ELEMENT FOR statement:io.typefox.yang.yang.impl.LeafImpl@9acc22d (name: run-command) WITH ID yangcli:yc-node-container-yangcli-run-startup-mode-choice-run-command-case-run-command-case-run-command
9894 [Test worker] INFO  x.yang.diagram.YangDiagramGenerator  - CREATED ELEMENT FOR statement:io.typefox.yang.yang.impl.ChoiceImpl@78aa5a46 (name: run-startup-mode) WITH ID yangcli:yc-node-container-yangcli-run-startup-mode-choice
9894 [Test worker] INFO  x.yang.diagram.YangDiagramGenerator  - CREATED ELEMENT FOR statement:io.typefox.yang.yang.impl.ContainerImpl@6358f1c5 (name: yangcli) WITH ID yangcli:yc-node-container-yangcli
9895 [Test worker] INFO  x.yang.diagram.YangDiagramGenerator  - CREATED ELEMENT FOR statement:io.typefox.yang.yang.impl.LeafImpl@61ca124 (name: var) WITH ID yangcli:yc-node-rpc alias-pill-input-var
9895 [Test worker] INFO  x.yang.diagram.YangDiagramGenerator  - CREATED ELEMENT FOR statement:io.typefox.yang.yang.impl.InputImpl@69ceb660 (name: null) WITH ID yangcli:yc-node-rpc alias-pill-input
9895 [Test worker] INFO  x.yang.diagram.YangDiagramGenerator  - CREATED ELEMENT FOR statement:io.typefox.yang.yang.impl.RpcImpl@431ca975 (name: alias) WITH ID yangcli:yc-node-rpc alias-pill
9895 [Test worker] INFO  x.yang.diagram.YangDiagramGenerator  - CREATED ELEMENT FOR statement:io.typefox.yang.yang.impl.LeafImpl@67eebe0a (name: show) WITH ID yangcli:yc-node-rpc aliases-pill-input-alias-action-choice-show-case-show-case-show
9895 [Test worker] INFO  x.yang.diagram.YangDiagramGenerator  - CREATED ELEMENT FOR statement:io.typefox.yang.yang.impl.LeafImpl@4183652 (name: clear) WITH ID yangcli:yc-node-rpc aliases-pill-input-alias-action-choice-clear-case-clear-case-clear
9895 [Test worker] INFO  x.yang.diagram.YangDiagramGenerator  - CREATED ELEMENT FOR statement:io.typefox.yang.yang.impl.LeafImpl@1879fd07 (name: load) WITH ID yangcli:yc-node-rpc aliases-pill-input-alias-action-choice-load-case-load-case-load
9895 [Test worker] INFO  x.yang.diagram.YangDiagramGenerator  - CREATED ELEMENT FOR statement:io.typefox.yang.yang.impl.LeafImpl@3e08a87c (name: save) WITH ID yangcli:yc-node-rpc aliases-pill-input-alias-action-choice-save-case-save-case-save
9895 [Test worker] INFO  x.yang.diagram.YangDiagramGenerator  - CREATED ELEMENT FOR statement:io.typefox.yang.yang.impl.ChoiceImpl@2c845f59 (name: alias-action) WITH ID yangcli:yc-node-rpc aliases-pill-input-alias-action-choice
9895 [Test worker] INFO  x.yang.diagram.YangDiagramGenerator  - CREATED ELEMENT FOR statement:io.typefox.yang.yang.impl.InputImpl@69eb463d (name: null) WITH ID yangcli:yc-node-rpc aliases-pill-input
9895 [Test worker] INFO  x.yang.diagram.YangDiagramGenerator  - CREATED ELEMENT FOR statement:io.typefox.yang.yang.impl.RpcImpl@3ead1fc2 (name: aliases) WITH ID yangcli:yc-node-rpc aliases-pill
9895 [Test worker] INFO  x.yang.diagram.YangDiagramGenerator  - CREATED ELEMENT FOR statement:io.typefox.yang.yang.impl.LeafImpl@459d0b23 (name: dir) WITH ID yangcli:yc-node-rpc cd-pill-input-dir
9895 [Test worker] INFO  x.yang.diagram.YangDiagramGenerator  - CREATED ELEMENT FOR statement:io.typefox.yang.yang.impl.InputImpl@4b6dfa5e (name: null) WITH ID yangcli:yc-node-rpc cd-pill-input
9895 [Test worker] INFO  x.yang.diagram.YangDiagramGenerator  - CREATED ELEMENT FOR statement:io.typefox.yang.yang.impl.RpcImpl@788487a0 (name: cd) WITH ID yangcli:yc-node-rpc cd-pill
9895 [Test worker] INFO  x.yang.diagram.YangDiagramGenerator  - CREATED ELEMENT FOR statement:io.typefox.yang.yang.impl.UsesImpl@2e01d47d WITH ID yangcli:yc-node-rpc connect-pill-input-uses ConnectParms-pill
9895 [Test worker] INFO  x.yang.diagram.YangDiagramGenerator  - CREATED ELEMENT FOR statement:io.typefox.yang.yang.impl.InputImpl@3e8168d (name: null) WITH ID yangcli:yc-node-rpc connect-pill-input
9895 [Test worker] INFO  x.yang.diagram.YangDiagramGenerator  - CREATED ELEMENT FOR statement:io.typefox.yang.yang.impl.RpcImpl@2773b3a4 (name: connect) WITH ID yangcli:yc-node-rpc connect-pill
9895 [Test worker] INFO  x.yang.diagram.YangDiagramGenerator  - CREATED ELEMENT FOR statement:io.typefox.yang.yang.impl.UsesImpl@7b96996d WITH ID yangcli:yc-node-rpc create-pill-input-uses EditParms-pill
9895 [Test worker] INFO  x.yang.diagram.YangDiagramGenerator  - CREATED ELEMENT FOR statement:io.typefox.yang.yang.impl.InputImpl@5b94185e (name: null) WITH ID yangcli:yc-node-rpc create-pill-input
9895 [Test worker] INFO  x.yang.diagram.YangDiagramGenerator  - CREATED ELEMENT FOR statement:io.typefox.yang.yang.impl.RpcImpl@180b31df (name: create) WITH ID yangcli:yc-node-rpc create-pill
9895 [Test worker] INFO  x.yang.diagram.YangDiagramGenerator  - CREATED ELEMENT FOR statement:io.typefox.yang.yang.impl.LeafImpl@22df5fe9 (name: target) WITH ID yangcli:yc-node-rpc delete-pill-input-delete-target-choice-target-case-target-case-target
9895 [Test worker] INFO  x.yang.diagram.YangDiagramGenerator  - CREATED ELEMENT FOR statement:io.typefox.yang.yang.impl.LeafImpl@6dcde72e (name: urltarget) WITH ID yangcli:yc-node-rpc delete-pill-input-delete-target-choice-urltarget-case-urltarget-case-urltarget
9895 [Test worker] INFO  x.yang.diagram.YangDiagramGenerator  - CREATED ELEMENT FOR statement:io.typefox.yang.yang.impl.ChoiceImpl@16604421 (name: delete-target) WITH ID yangcli:yc-node-rpc delete-pill-input-delete-target-choice
9895 [Test worker] INFO  x.yang.diagram.YangDiagramGenerator  - CREATED ELEMENT FOR statement:io.typefox.yang.yang.impl.InputImpl@57240afb (name: null) WITH ID yangcli:yc-node-rpc delete-pill-input
9895 [Test worker] INFO  x.yang.diagram.YangDiagramGenerator  - CREATED ELEMENT FOR statement:io.typefox.yang.yang.impl.RpcImpl@f5c27e1 (name: delete) WITH ID yangcli:yc-node-rpc delete-pill
9895 [Test worker] INFO  x.yang.diagram.YangDiagramGenerator  - CREATED ELEMENT FOR statement:io.typefox.yang.yang.impl.UsesImpl@d2a55b3 WITH ID yangcli:yc-node-rpc elif-pill-input-uses XPathParms-pill
9896 [Test worker] INFO  x.yang.diagram.YangDiagramGenerator  - CREATED ELEMENT FOR statement:io.typefox.yang.yang.impl.InputImpl@197f597b (name: null) WITH ID yangcli:yc-node-rpc elif-pill-input
9896 [Test worker] INFO  x.yang.diagram.YangDiagramGenerator  - CREATED ELEMENT FOR statement:io.typefox.yang.yang.impl.RpcImpl@6efbfb7d (name: elif) WITH ID yangcli:yc-node-rpc elif-pill
9896 [Test worker] INFO  x.yang.diagram.YangDiagramGenerator  - CREATED ELEMENT FOR statement:io.typefox.yang.yang.impl.RpcImpl@f6aa6c (name: else) WITH ID yangcli:yc-node-rpc else-pill
9896 [Test worker] INFO  x.yang.diagram.YangDiagramGenerator  - CREATED ELEMENT FOR statement:io.typefox.yang.yang.impl.RpcImpl@5f2ef00c (name: end) WITH ID yangcli:yc-node-rpc end-pill
9896 [Test worker] INFO  x.yang.diagram.YangDiagramGenerator  - CREATED ELEMENT FOR statement:io.typefox.yang.yang.impl.UsesImpl@3c79de13 WITH ID yangcli:yc-node-rpc eval-pill-input-uses XPathParms-pill
9896 [Test worker] INFO  x.yang.diagram.YangDiagramGenerator  - CREATED ELEMENT FOR statement:io.typefox.yang.yang.impl.InputImpl@d68eaf2 (name: null) WITH ID yangcli:yc-node-rpc eval-pill-input
9896 [Test worker] INFO  x.yang.diagram.YangDiagramGenerator  - CREATED ELEMENT FOR statement:io.typefox.yang.yang.impl.OutputImpl@38f884f9 (name: null) WITH ID yangcli:yc-node-rpc eval-pill-output
9896 [Test worker] INFO  x.yang.diagram.YangDiagramGenerator  - CREATED ELEMENT FOR statement:io.typefox.yang.yang.impl.RpcImpl@10febd7a (name: eval) WITH ID yangcli:yc-node-rpc eval-pill
9896 [Test worker] INFO  x.yang.diagram.YangDiagramGenerator  - CREATED ELEMENT FOR statement:io.typefox.yang.yang.impl.LeafImpl@62856030 (name: show) WITH ID yangcli:yc-node-rpc eventlog-pill-input-eventlog-action-choice-show-case-case-show
9896 [Test worker] INFO  x.yang.diagram.YangDiagramGenerator  - CREATED ELEMENT FOR statement:io.typefox.yang.yang.impl.LeafImpl@28f029e8 (name: start) WITH ID yangcli:yc-node-rpc eventlog-pill-input-eventlog-action-choice-show-case-case-start
9896 [Test worker] INFO  x.yang.diagram.YangDiagramGenerator  - CREATED ELEMENT FOR statement:io.typefox.yang.yang.impl.UsesImpl@54d3bf43 WITH ID yangcli:yc-node-rpc eventlog-pill-input-eventlog-action-choice-show-case-case-uses HelpMode-pill
9896 [Test worker] INFO  x.yang.diagram.YangDiagramGenerator  - CREATED ELEMENT FOR statement:io.typefox.yang.yang.impl.LeafImpl@31a3ddce (name: clear) WITH ID yangcli:yc-node-rpc eventlog-pill-input-eventlog-action-choice-clear-case-clear-case-clear
9896 [Test worker] INFO  x.yang.diagram.YangDiagramGenerator  - CREATED ELEMENT FOR statement:io.typefox.yang.yang.impl.ChoiceImpl@786eaf2a (name: eventlog-action) WITH ID yangcli:yc-node-rpc eventlog-pill-input-eventlog-action-choice
9896 [Test worker] INFO  x.yang.diagram.YangDiagramGenerator  - CREATED ELEMENT FOR statement:io.typefox.yang.yang.impl.InputImpl@517866a6 (name: null) WITH ID yangcli:yc-node-rpc eventlog-pill-input
9896 [Test worker] INFO  x.yang.diagram.YangDiagramGenerator  - CREATED ELEMENT FOR statement:io.typefox.yang.yang.impl.RpcImpl@1818e26d (name: eventlog) WITH ID yangcli:yc-node-rpc eventlog-pill
9896 [Test worker] INFO  x.yang.diagram.YangDiagramGenerator  - CREATED ELEMENT FOR statement:io.typefox.yang.yang.impl.UsesImpl@37fa010d WITH ID yangcli:yc-node-rpc fill-pill-input-uses FillParms-pill
9896 [Test worker] INFO  x.yang.diagram.YangDiagramGenerator  - CREATED ELEMENT FOR statement:io.typefox.yang.yang.impl.InputImpl@3a60ff27 (name: null) WITH ID yangcli:yc-node-rpc fill-pill-input
9896 [Test worker] INFO  x.yang.diagram.YangDiagramGenerator  - CREATED ELEMENT FOR statement:io.typefox.yang.yang.impl.OutputImpl@28bfe39b (name: null) WITH ID yangcli:yc-node-rpc fill-pill-output
9896 [Test worker] INFO  x.yang.diagram.YangDiagramGenerator  - CREATED ELEMENT FOR statement:io.typefox.yang.yang.impl.RpcImpl@776b776b (name: fill) WITH ID yangcli:yc-node-rpc fill-pill
9896 [Test worker] INFO  x.yang.diagram.YangDiagramGenerator  - CREATED ELEMENT FOR statement:io.typefox.yang.yang.impl.LeafImpl@10fee2e2 (name: lock-timeout) WITH ID yangcli:yc-node-rpc get-locks-pill-input-lock-timeout
9896 [Test worker] INFO  x.yang.diagram.YangDiagramGenerator  - CREATED ELEMENT FOR statement:io.typefox.yang.yang.impl.LeafImpl@2d5abe1d (name: retry-interval) WITH ID yangcli:yc-node-rpc get-locks-pill-input-retry-interval
9896 [Test worker] INFO  x.yang.diagram.YangDiagramGenerator  - CREATED ELEMENT FOR statement:io.typefox.yang.yang.impl.LeafImpl@7aae2316 (name: cleanup) WITH ID yangcli:yc-node-rpc get-locks-pill-input-cleanup
9897 [Test worker] INFO  x.yang.diagram.YangDiagramGenerator  - CREATED ELEMENT FOR statement:io.typefox.yang.yang.impl.InputImpl@5652d307 (name: null) WITH ID yangcli:yc-node-rpc get-locks-pill-input
9897 [Test worker] INFO  x.yang.diagram.YangDiagramGenerator  - CREATED ELEMENT FOR statement:io.typefox.yang.yang.impl.RpcImpl@315cc2dd (name: get-locks) WITH ID yangcli:yc-node-rpc get-locks-pill
9897 [Test worker] INFO  x.yang.diagram.YangDiagramGenerator  - CREATED ELEMENT FOR statement:io.typefox.yang.yang.impl.LeafImpl@490e28bd (name: command) WITH ID yangcli:yc-node-rpc help-pill-input-helptype-choice-command-case-command-case-command
9897 [Test worker] INFO  x.yang.diagram.YangDiagramGenerator  - CREATED ELEMENT FOR statement:io.typefox.yang.yang.impl.LeafImpl@42b30419 (name: commands) WITH ID yangcli:yc-node-rpc help-pill-input-helptype-choice-commands-case-commands-case-commands
9897 [Test worker] INFO  x.yang.diagram.YangDiagramGenerator  - CREATED ELEMENT FOR statement:io.typefox.yang.yang.impl.LeafImpl@2b92da3 (name: notification) WITH ID yangcli:yc-node-rpc help-pill-input-helptype-choice-notification-case-notification-case-notification
9897 [Test worker] INFO  x.yang.diagram.YangDiagramGenerator  - CREATED ELEMENT FOR statement:io.typefox.yang.yang.impl.LeafImpl@55a45d03 (name: object) WITH ID yangcli:yc-node-rpc help-pill-input-helptype-choice-object-case-object-case-object
9897 [Test worker] INFO  x.yang.diagram.YangDiagramGenerator  - CREATED ELEMENT FOR statement:io.typefox.yang.yang.impl.LeafImpl@6dd7ccca (name: type) WITH ID yangcli:yc-node-rpc help-pill-input-helptype-choice-type-case-type-case-type
9897 [Test worker] INFO  x.yang.diagram.YangDiagramGenerator  - CREATED ELEMENT FOR statement:io.typefox.yang.yang.impl.ChoiceImpl@379e8ea5 (name: helptype) WITH ID yangcli:yc-node-rpc help-pill-input-helptype-choice
9897 [Test worker] INFO  x.yang.diagram.YangDiagramGenerator  - CREATED ELEMENT FOR statement:io.typefox.yang.yang.impl.UsesImpl@7c0169c0 WITH ID yangcli:yc-node-rpc help-pill-input-uses HelpMode-pill
9897 [Test worker] INFO  x.yang.diagram.YangDiagramGenerator  - CREATED ELEMENT FOR statement:io.typefox.yang.yang.impl.InputImpl@bba6f06 (name: null) WITH ID yangcli:yc-node-rpc help-pill-input
9897 [Test worker] INFO  x.yang.diagram.YangDiagramGenerator  - CREATED ELEMENT FOR statement:io.typefox.yang.yang.impl.RpcImpl@58585327 (name: help) WITH ID yangcli:yc-node-rpc help-pill
9897 [Test worker] INFO  x.yang.diagram.YangDiagramGenerator  - CREATED ELEMENT FOR statement:io.typefox.yang.yang.impl.LeafImpl@1b70052f (name: show) WITH ID yangcli:yc-node-rpc history-pill-input-history-action-choice-show-case-case-show
9897 [Test worker] INFO  x.yang.diagram.YangDiagramGenerator  - CREATED ELEMENT FOR statement:io.typefox.yang.yang.impl.UsesImpl@6c4820e8 WITH ID yangcli:yc-node-rpc history-pill-input-history-action-choice-show-case-case-uses HelpMode-pill
9897 [Test worker] INFO  x.yang.diagram.YangDiagramGenerator  - CREATED ELEMENT FOR statement:io.typefox.yang.yang.impl.LeafImpl@34d2b038 (name: clear) WITH ID yangcli:yc-node-rpc history-pill-input-history-action-choice-clear-case-clear-case-clear
9898 [Test worker] INFO  x.yang.diagram.YangDiagramGenerator  - CREATED ELEMENT FOR statement:io.typefox.yang.yang.impl.LeafImpl@2e091cee (name: load) WITH ID yangcli:yc-node-rpc history-pill-input-history-action-choice-load-case-load-case-load
9899 [Test worker] INFO  x.yang.diagram.YangDiagramGenerator  - CREATED ELEMENT FOR statement:io.typefox.yang.yang.impl.LeafImpl@35cb3d7d (name: save) WITH ID yangcli:yc-node-rpc history-pill-input-history-action-choice-save-case-save-case-save
9899 [Test worker] INFO  x.yang.diagram.YangDiagramGenerator  - CREATED ELEMENT FOR statement:io.typefox.yang.yang.impl.ChoiceImpl@18a9044c (name: history-action) WITH ID yangcli:yc-node-rpc history-pill-input-history-action-choice
9899 [Test worker] INFO  x.yang.diagram.YangDiagramGenerator  - CREATED ELEMENT FOR statement:io.typefox.yang.yang.impl.InputImpl@395b3411 (name: null) WITH ID yangcli:yc-node-rpc history-pill-input
9899 [Test worker] INFO  x.yang.diagram.YangDiagramGenerator  - CREATED ELEMENT FOR statement:io.typefox.yang.yang.impl.RpcImpl@5fd3b1b8 (name: history) WITH ID yangcli:yc-node-rpc history-pill
9899 [Test worker] INFO  x.yang.diagram.YangDiagramGenerator  - CREATED ELEMENT FOR statement:io.typefox.yang.yang.impl.UsesImpl@331f4fea WITH ID yangcli:yc-node-rpc if-pill-input-uses XPathParms-pill
9899 [Test worker] INFO  x.yang.diagram.YangDiagramGenerator  - CREATED ELEMENT FOR statement:io.typefox.yang.yang.impl.InputImpl@6344b6a1 (name: null) WITH ID yangcli:yc-node-rpc if-pill-input
9899 [Test worker] INFO  x.yang.diagram.YangDiagramGenerator  - CREATED ELEMENT FOR statement:io.typefox.yang.yang.impl.RpcImpl@35ffd64 (name: if) WITH ID yangcli:yc-node-rpc if-pill
9899 [Test worker] INFO  x.yang.diagram.YangDiagramGenerator  - CREATED ELEMENT FOR statement:io.typefox.yang.yang.impl.LeafImpl@41c3c2c6 (name: order) WITH ID yangcli:yc-node-rpc insert-pill-input-order
9899 [Test worker] INFO  x.yang.diagram.YangDiagramGenerator  - CREATED ELEMENT FOR statement:io.typefox.yang.yang.impl.LeafImpl@8eab50b (name: operation) WITH ID yangcli:yc-node-rpc insert-pill-input-operation
9899 [Test worker] INFO  x.yang.diagram.YangDiagramGenerator  - CREATED ELEMENT FOR statement:io.typefox.yang.yang.impl.LeafImpl@4e5dfb09 (name: edit-target) WITH ID yangcli:yc-node-rpc insert-pill-input-edit-target
9899 [Test worker] INFO  x.yang.diagram.YangDiagramGenerator  - CREATED ELEMENT FOR statement:io.typefox.yang.yang.impl.UsesImpl@32959b7b WITH ID yangcli:yc-node-rpc insert-pill-input-uses EditParms-pill
9899 [Test worker] INFO  x.yang.diagram.YangDiagramGenerator  - CREATED ELEMENT FOR statement:io.typefox.yang.yang.impl.InputImpl@6d1fba1d (name: null) WITH ID yangcli:yc-node-rpc insert-pill-input
9899 [Test worker] INFO  x.yang.diagram.YangDiagramGenerator  - CREATED ELEMENT FOR statement:io.typefox.yang.yang.impl.RpcImpl@30001858 (name: insert) WITH ID yangcli:yc-node-rpc insert-pill
9899 [Test worker] INFO  x.yang.diagram.YangDiagramGenerator  - CREATED ELEMENT FOR statement:io.typefox.yang.yang.impl.LeafImpl@112428e2 (name: module) WITH ID yangcli:yc-node-rpc list-pill-input-module
9899 [Test worker] INFO  x.yang.diagram.YangDiagramGenerator  - CREATED ELEMENT FOR statement:io.typefox.yang.yang.impl.LeafImpl@ff437fe (name: commands) WITH ID yangcli:yc-node-rpc list-pill-input-listtype-choice-commands-case-commands-case-commands
9899 [Test worker] INFO  x.yang.diagram.YangDiagramGenerator  - CREATED ELEMENT FOR statement:io.typefox.yang.yang.impl.LeafImpl@1fabab4f (name: files) WITH ID yangcli:yc-node-rpc list-pill-input-listtype-choice-files-case-files-case-files
9899 [Test worker] INFO  x.yang.diagram.YangDiagramGenerator  - CREATED ELEMENT FOR statement:io.typefox.yang.yang.impl.LeafImpl@2f59a23a (name: objects) WITH ID yangcli:yc-node-rpc list-pill-input-listtype-choice-objects-case-objects-case-objects
9899 [Test worker] INFO  x.yang.diagram.YangDiagramGenerator  - CREATED ELEMENT FOR statement:io.typefox.yang.yang.impl.LeafImpl@1f8aec0b (name: oids) WITH ID yangcli:yc-node-rpc list-pill-input-listtype-choice-oids-case-oids-case-oids
9899 [Test worker] INFO  x.yang.diagram.YangDiagramGenerator  - CREATED ELEMENT FOR statement:io.typefox.yang.yang.impl.LeafImpl@316f63c3 (name: modules) WITH ID yangcli:yc-node-rpc list-pill-input-listtype-choice-modules-case-modules-case-modules
9899 [Test worker] INFO  x.yang.diagram.YangDiagramGenerator  - CREATED ELEMENT FOR statement:io.typefox.yang.yang.impl.LeafImpl@735c5772 (name: scripts) WITH ID yangcli:yc-node-rpc list-pill-input-listtype-choice-scripts-case-scripts-case-scripts
9899 [Test worker] INFO  x.yang.diagram.YangDiagramGenerator  - CREATED ELEMENT FOR statement:io.typefox.yang.yang.impl.ChoiceImpl@11766351 (name: listtype) WITH ID yangcli:yc-node-rpc list-pill-input-listtype-choice
9899 [Test worker] INFO  x.yang.diagram.YangDiagramGenerator  - CREATED ELEMENT FOR statement:io.typefox.yang.yang.impl.UsesImpl@59d43fc0 WITH ID yangcli:yc-node-rpc list-pill-input-uses HelpMode-pill
9899 [Test worker] INFO  x.yang.diagram.YangDiagramGenerator  - CREATED ELEMENT FOR statement:io.typefox.yang.yang.impl.InputImpl@136f3e42 (name: null) WITH ID yangcli:yc-node-rpc list-pill-input
9900 [Test worker] INFO  x.yang.diagram.YangDiagramGenerator  - CREATED ELEMENT FOR statement:io.typefox.yang.yang.impl.RpcImpl@2190c9a (name: list) WITH ID yangcli:yc-node-rpc list-pill
9900 [Test worker] INFO  x.yang.diagram.YangDiagramGenerator  - CREATED ELEMENT FOR statement:io.typefox.yang.yang.impl.LeafImpl@20d78b63 (name: msg) WITH ID yangcli:yc-node-rpc log-error-pill-input-msg
9900 [Test worker] INFO  x.yang.diagram.YangDiagramGenerator  - CREATED ELEMENT FOR statement:io.typefox.yang.yang.impl.InputImpl@58058a86 (name: null) WITH ID yangcli:yc-node-rpc log-error-pill-input
9900 [Test worker] INFO  x.yang.diagram.YangDiagramGenerator  - CREATED ELEMENT FOR statement:io.typefox.yang.yang.impl.RpcImpl@327232ea (name: log-error) WITH ID yangcli:yc-node-rpc log-error-pill
9900 [Test worker] INFO  x.yang.diagram.YangDiagramGenerator  - CREATED ELEMENT FOR statement:io.typefox.yang.yang.impl.LeafImpl@78c585e2 (name: msg) WITH ID yangcli:yc-node-rpc log-warn-pill-input-msg
9900 [Test worker] INFO  x.yang.diagram.YangDiagramGenerator  - CREATED ELEMENT FOR statement:io.typefox.yang.yang.impl.InputImpl@6455950a (name: null) WITH ID yangcli:yc-node-rpc log-warn-pill-input
9900 [Test worker] INFO  x.yang.diagram.YangDiagramGenerator  - CREATED ELEMENT FOR statement:io.typefox.yang.yang.impl.RpcImpl@107072bc (name: log-warn) WITH ID yangcli:yc-node-rpc log-warn-pill
9900 [Test worker] INFO  x.yang.diagram.YangDiagramGenerator  - CREATED ELEMENT FOR statement:io.typefox.yang.yang.impl.LeafImpl@33b6f73a (name: msg) WITH ID yangcli:yc-node-rpc log-info-pill-input-msg
9900 [Test worker] INFO  x.yang.diagram.YangDiagramGenerator  - CREATED ELEMENT FOR statement:io.typefox.yang.yang.impl.InputImpl@67088e3b (name: null) WITH ID yangcli:yc-node-rpc log-info-pill-input
9900 [Test worker] INFO  x.yang.diagram.YangDiagramGenerator  - CREATED ELEMENT FOR statement:io.typefox.yang.yang.impl.RpcImpl@2f3dba15 (name: log-info) WITH ID yangcli:yc-node-rpc log-info-pill
9900 [Test worker] INFO  x.yang.diagram.YangDiagramGenerator  - CREATED ELEMENT FOR statement:io.typefox.yang.yang.impl.LeafImpl@3c4bd8dc (name: msg) WITH ID yangcli:yc-node-rpc log-debug-pill-input-msg
9900 [Test worker] INFO  x.yang.diagram.YangDiagramGenerator  - CREATED ELEMENT FOR statement:io.typefox.yang.yang.impl.InputImpl@38c0f748 (name: null) WITH ID yangcli:yc-node-rpc log-debug-pill-input
9900 [Test worker] INFO  x.yang.diagram.YangDiagramGenerator  - CREATED ELEMENT FOR statement:io.typefox.yang.yang.impl.RpcImpl@1b9acf3d (name: log-debug) WITH ID yangcli:yc-node-rpc log-debug-pill
9900 [Test worker] INFO  x.yang.diagram.YangDiagramGenerator  - CREATED ELEMENT FOR statement:io.typefox.yang.yang.impl.UsesImpl@59352349 WITH ID yangcli:yc-node-rpc merge-pill-input-uses EditParms-pill
9900 [Test worker] INFO  x.yang.diagram.YangDiagramGenerator  - CREATED ELEMENT FOR statement:io.typefox.yang.yang.impl.InputImpl@3bda8d8b (name: null) WITH ID yangcli:yc-node-rpc merge-pill-input
9900 [Test worker] INFO  x.yang.diagram.YangDiagramGenerator  - CREATED ELEMENT FOR statement:io.typefox.yang.yang.impl.RpcImpl@41f570f (name: merge) WITH ID yangcli:yc-node-rpc merge-pill
9900 [Test worker] INFO  x.yang.diagram.YangDiagramGenerator  - CREATED ELEMENT FOR statement:io.typefox.yang.yang.impl.LeafImpl@49b19396 (name: module) WITH ID yangcli:yc-node-rpc mgrload-pill-input-module
9900 [Test worker] INFO  x.yang.diagram.YangDiagramGenerator  - CREATED ELEMENT FOR statement:io.typefox.yang.yang.impl.LeafImpl@39eede82 (name: revision) WITH ID yangcli:yc-node-rpc mgrload-pill-input-revision
9900 [Test worker] INFO  x.yang.diagram.YangDiagramGenerator  - CREATED ELEMENT FOR statement:io.typefox.yang.yang.impl.UsesImpl@5637bae1 WITH ID yangcli:yc-node-rpc mgrload-pill-input-uses DeviationParm-pill
9900 [Test worker] INFO  x.yang.diagram.YangDiagramGenerator  - CREATED ELEMENT FOR statement:io.typefox.yang.yang.impl.InputImpl@286e3807 (name: null) WITH ID yangcli:yc-node-rpc mgrload-pill-input
9900 [Test worker] INFO  x.yang.diagram.YangDiagramGenerator  - CREATED ELEMENT FOR statement:io.typefox.yang.yang.impl.RpcImpl@6d8623bf (name: mgrload) WITH ID yangcli:yc-node-rpc mgrload-pill
9900 [Test worker] INFO  x.yang.diagram.YangDiagramGenerator  - CREATED ELEMENT FOR statement:io.typefox.yang.yang.impl.RpcImpl@22d3fa43 (name: pwd) WITH ID yangcli:yc-node-rpc pwd-pill
9900 [Test worker] INFO  x.yang.diagram.YangDiagramGenerator  - CREATED ELEMENT FOR statement:io.typefox.yang.yang.impl.UsesImpl@49d8ac4a WITH ID yangcli:yc-node-rpc replace-pill-input-uses EditParms-pill
9900 [Test worker] INFO  x.yang.diagram.YangDiagramGenerator  - CREATED ELEMENT FOR statement:io.typefox.yang.yang.impl.InputImpl@10af1b76 (name: null) WITH ID yangcli:yc-node-rpc replace-pill-input
9900 [Test worker] INFO  x.yang.diagram.YangDiagramGenerator  - CREATED ELEMENT FOR statement:io.typefox.yang.yang.impl.RpcImpl@4c685907 (name: replace) WITH ID yangcli:yc-node-rpc replace-pill
9900 [Test worker] INFO  x.yang.diagram.YangDiagramGenerator  - CREATED ELEMENT FOR statement:io.typefox.yang.yang.impl.RpcImpl@71d4b32b (name: quit) WITH ID yangcli:yc-node-rpc quit-pill
9900 [Test worker] INFO  x.yang.diagram.YangDiagramGenerator  - CREATED ELEMENT FOR statement:io.typefox.yang.yang.impl.LeafImpl@7d62eba7 (name: index) WITH ID yangcli:yc-node-rpc recall-pill-input-index
9901 [Test worker] INFO  x.yang.diagram.YangDiagramGenerator  - CREATED ELEMENT FOR statement:io.typefox.yang.yang.impl.InputImpl@157e2bd6 (name: null) WITH ID yangcli:yc-node-rpc recall-pill-input
9901 [Test worker] INFO  x.yang.diagram.YangDiagramGenerator  - CREATED ELEMENT FOR statement:io.typefox.yang.yang.impl.RpcImpl@1bd0f81f (name: recall) WITH ID yangcli:yc-node-rpc recall-pill
9901 [Test worker] INFO  x.yang.diagram.YangDiagramGenerator  - CREATED ELEMENT FOR statement:io.typefox.yang.yang.impl.RpcImpl@4fc94da5 (name: release-locks) WITH ID yangcli:yc-node-rpc release-locks-pill
9901 [Test worker] INFO  x.yang.diagram.YangDiagramGenerator  - CREATED ELEMENT FOR statement:io.typefox.yang.yang.impl.LeafImpl@251cb828 (name: target) WITH ID yangcli:yc-node-rpc remove-pill-input-target
9901 [Test worker] INFO  x.yang.diagram.YangDiagramGenerator  - CREATED ELEMENT FOR statement:io.typefox.yang.yang.impl.InputImpl@415807c6 (name: null) WITH ID yangcli:yc-node-rpc remove-pill-input
9901 [Test worker] INFO  x.yang.diagram.YangDiagramGenerator  - CREATED ELEMENT FOR statement:io.typefox.yang.yang.impl.RpcImpl@5d541ff2 (name: remove) WITH ID yangcli:yc-node-rpc remove-pill
9901 [Test worker] INFO  x.yang.diagram.YangDiagramGenerator  - CREATED ELEMENT FOR statement:io.typefox.yang.yang.impl.LeafImpl@5875d598 (name: script) WITH ID yangcli:yc-node-rpc run-pill-input-script
9901 [Test worker] INFO  x.yang.diagram.YangDiagramGenerator  - CREATED ELEMENT FOR statement:io.typefox.yang.yang.impl.LeafImpl@1868eb46 (name: P1) WITH ID yangcli:yc-node-rpc run-pill-input-P1
9901 [Test worker] INFO  x.yang.diagram.YangDiagramGenerator  - CREATED ELEMENT FOR statement:io.typefox.yang.yang.impl.LeafImpl@198fb9ba (name: P2) WITH ID yangcli:yc-node-rpc run-pill-input-P2
9901 [Test worker] INFO  x.yang.diagram.YangDiagramGenerator  - CREATED ELEMENT FOR statement:io.typefox.yang.yang.impl.LeafImpl@64d98ef6 (name: P3) WITH ID yangcli:yc-node-rpc run-pill-input-P3
9901 [Test worker] INFO  x.yang.diagram.YangDiagramGenerator  - CREATED ELEMENT FOR statement:io.typefox.yang.yang.impl.LeafImpl@12764ee0 (name: P4) WITH ID yangcli:yc-node-rpc run-pill-input-P4
9901 [Test worker] INFO  x.yang.diagram.YangDiagramGenerator  - CREATED ELEMENT FOR statement:io.typefox.yang.yang.impl.LeafImpl@4d1ba533 (name: P5) WITH ID yangcli:yc-node-rpc run-pill-input-P5
9901 [Test worker] INFO  x.yang.diagram.YangDiagramGenerator  - CREATED ELEMENT FOR statement:io.typefox.yang.yang.impl.LeafImpl@29bd8743 (name: P6) WITH ID yangcli:yc-node-rpc run-pill-input-P6
9901 [Test worker] INFO  x.yang.diagram.YangDiagramGenerator  - CREATED ELEMENT FOR statement:io.typefox.yang.yang.impl.LeafImpl@1bb02bc (name: P7) WITH ID yangcli:yc-node-rpc run-pill-input-P7
9901 [Test worker] INFO  x.yang.diagram.YangDiagramGenerator  - CREATED ELEMENT FOR statement:io.typefox.yang.yang.impl.LeafImpl@211a4d25 (name: P8) WITH ID yangcli:yc-node-rpc run-pill-input-P8
9901 [Test worker] INFO  x.yang.diagram.YangDiagramGenerator  - CREATED ELEMENT FOR statement:io.typefox.yang.yang.impl.LeafImpl@31b85608 (name: P9) WITH ID yangcli:yc-node-rpc run-pill-input-P9
9901 [Test worker] INFO  x.yang.diagram.YangDiagramGenerator  - CREATED ELEMENT FOR statement:io.typefox.yang.yang.impl.InputImpl@747a48e3 (name: null) WITH ID yangcli:yc-node-rpc run-pill-input
9901 [Test worker] INFO  x.yang.diagram.YangDiagramGenerator  - CREATED ELEMENT FOR statement:io.typefox.yang.yang.impl.RpcImpl@2d0d0a32 (name: run) WITH ID yangcli:yc-node-rpc run-pill
9901 [Test worker] INFO  x.yang.diagram.YangDiagramGenerator  - CREATED ELEMENT FOR statement:io.typefox.yang.yang.impl.RpcImpl@5e0d09d3 (name: save) WITH ID yangcli:yc-node-rpc save-pill
9901 [Test worker] INFO  x.yang.diagram.YangDiagramGenerator  - CREATED ELEMENT FOR statement:io.typefox.yang.yang.impl.UsesImpl@2df60c0c WITH ID yangcli:yc-node-rpc sget-pill-input-uses CommonPduParms-pill
9901 [Test worker] INFO  x.yang.diagram.YangDiagramGenerator  - CREATED ELEMENT FOR statement:io.typefox.yang.yang.impl.UsesImpl@b6d6401 WITH ID yangcli:yc-node-rpc sget-pill-input-uses SGetParms-pill
9901 [Test worker] INFO  x.yang.diagram.YangDiagramGenerator  - CREATED ELEMENT FOR statement:io.typefox.yang.yang.impl.InputImpl@4ef4b3c4 (name: null) WITH ID yangcli:yc-node-rpc sget-pill-input
9901 [Test worker] INFO  x.yang.diagram.YangDiagramGenerator  - CREATED ELEMENT FOR statement:io.typefox.yang.yang.impl.OutputImpl@78016858 (name: null) WITH ID yangcli:yc-node-rpc sget-pill-output
9901 [Test worker] INFO  x.yang.diagram.YangDiagramGenerator  - CREATED ELEMENT FOR statement:io.typefox.yang.yang.impl.RpcImpl@650a8d38 (name: sget) WITH ID yangcli:yc-node-rpc sget-pill
9901 [Test worker] INFO  x.yang.diagram.YangDiagramGenerator  - CREATED ELEMENT FOR statement:io.typefox.yang.yang.impl.UsesImpl@5a7a0f4 WITH ID yangcli:yc-node-rpc sget-config-pill-input-uses CommonPduParms-pill
9902 [Test worker] INFO  x.yang.diagram.YangDiagramGenerator  - CREATED ELEMENT FOR statement:io.typefox.yang.yang.impl.UsesImpl@6e264917 WITH ID yangcli:yc-node-rpc sget-config-pill-input-uses SGetParms-pill
9902 [Test worker] INFO  x.yang.diagram.YangDiagramGenerator  - CREATED ELEMENT FOR statement:io.typefox.yang.yang.impl.LeafImpl@1d96af23 (name: candidate) WITH ID yangcli:yc-node-rpc sget-config-pill-input-container-source-config-source-choice-candidate-case-candidate-case-candidate
9902 [Test worker] INFO  x.yang.diagram.YangDiagramGenerator  - CREATED ELEMENT FOR statement:io.typefox.yang.yang.impl.LeafImpl@2cc492e4 (name: running) WITH ID yangcli:yc-node-rpc sget-config-pill-input-container-source-config-source-choice-running-case-running-case-running
9902 [Test worker] INFO  x.yang.diagram.YangDiagramGenerator  - CREATED ELEMENT FOR statement:io.typefox.yang.yang.impl.LeafImpl@14dc2788 (name: startup) WITH ID yangcli:yc-node-rpc sget-config-pill-input-container-source-config-source-choice-startup-case-startup-case-startup
9902 [Test worker] INFO  x.yang.diagram.YangDiagramGenerator  - CREATED ELEMENT FOR statement:io.typefox.yang.yang.impl.LeafImpl@48eebaf5 (name: url) WITH ID yangcli:yc-node-rpc sget-config-pill-input-container-source-config-source-choice-url-case-url-case-url
9902 [Test worker] INFO  x.yang.diagram.YangDiagramGenerator  - CREATED ELEMENT FOR statement:io.typefox.yang.yang.impl.ChoiceImpl@6029eb7c (name: config-source) WITH ID yangcli:yc-node-rpc sget-config-pill-input-container-source-config-source-choice
9902 [Test worker] INFO  x.yang.diagram.YangDiagramGenerator  - CREATED ELEMENT FOR statement:io.typefox.yang.yang.impl.ContainerImpl@68f2062f (name: source) WITH ID yangcli:yc-node-rpc sget-config-pill-input-container-source
9902 [Test worker] INFO  x.yang.diagram.YangDiagramGenerator  - CREATED ELEMENT FOR statement:io.typefox.yang.yang.impl.InputImpl@1de79cde (name: null) WITH ID yangcli:yc-node-rpc sget-config-pill-input
9902 [Test worker] INFO  x.yang.diagram.YangDiagramGenerator  - CREATED ELEMENT FOR statement:io.typefox.yang.yang.impl.OutputImpl@20e3b485 (name: null) WITH ID yangcli:yc-node-rpc sget-config-pill-output
9902 [Test worker] INFO  x.yang.diagram.YangDiagramGenerator  - CREATED ELEMENT FOR statement:io.typefox.yang.yang.impl.RpcImpl@fbec9ee (name: sget-config) WITH ID yangcli:yc-node-rpc sget-config-pill
9902 [Test worker] INFO  x.yang.diagram.YangDiagramGenerator  - CREATED ELEMENT FOR statement:io.typefox.yang.yang.impl.LeafImpl@77057548 (name: cli) WITH ID yangcli:yc-node-rpc show-pill-input-showtype-choice-cli-case-cli-case-cli
9902 [Test worker] INFO  x.yang.diagram.YangDiagramGenerator  - CREATED ELEMENT FOR statement:io.typefox.yang.yang.impl.LeafImpl@5625161a (name: module) WITH ID yangcli:yc-node-rpc show-pill-input-showtype-choice-module-case-module-case-module
9902 [Test worker] INFO  x.yang.diagram.YangDiagramGenerator  - CREATED ELEMENT FOR statement:io.typefox.yang.yang.impl.LeafImpl@6b5fc7c7 (name: modules) WITH ID yangcli:yc-node-rpc show-pill-input-showtype-choice-modules-case-modules-case-modules
9902 [Test worker] INFO  x.yang.diagram.YangDiagramGenerator  - CREATED ELEMENT FOR statement:io.typefox.yang.yang.impl.LeafImpl@125782fb (name: local) WITH ID yangcli:yc-node-rpc show-pill-input-showtype-choice-local-case-local-case-local
9902 [Test worker] INFO  x.yang.diagram.YangDiagramGenerator  - CREATED ELEMENT FOR statement:io.typefox.yang.yang.impl.LeafImpl@4ea40acc (name: locals) WITH ID yangcli:yc-node-rpc show-pill-input-showtype-choice-locals-case-locals-case-locals
9902 [Test worker] INFO  x.yang.diagram.YangDiagramGenerator  - CREATED ELEMENT FOR statement:io.typefox.yang.yang.impl.LeafImpl@304f40c4 (name: global) WITH ID yangcli:yc-node-rpc show-pill-input-showtype-choice-global-case-global-case-global
9902 [Test worker] INFO  x.yang.diagram.YangDiagramGenerator  - CREATED ELEMENT FOR statement:io.typefox.yang.yang.impl.LeafImpl@25bbc8f5 (name: globals) WITH ID yangcli:yc-node-rpc show-pill-input-showtype-choice-globals-case-globals-case-globals
9902 [Test worker] INFO  x.yang.diagram.YangDiagramGenerator  - CREATED ELEMENT FOR statement:io.typefox.yang.yang.impl.LeafImpl@bd5d6e3 (name: objects) WITH ID yangcli:yc-node-rpc show-pill-input-showtype-choice-objects-case-objects-case-objects
9903 [Test worker] INFO  x.yang.diagram.YangDiagramGenerator  - CREATED ELEMENT FOR statement:io.typefox.yang.yang.impl.LeafImpl@65c94f3f (name: session) WITH ID yangcli:yc-node-rpc show-pill-input-showtype-choice-session-case-session-case-session
9903 [Test worker] INFO  x.yang.diagram.YangDiagramGenerator  - CREATED ELEMENT FOR statement:io.typefox.yang.yang.impl.LeafImpl@2f4a7a22 (name: system) WITH ID yangcli:yc-node-rpc show-pill-input-showtype-choice-system-case-system-case-system
9903 [Test worker] INFO  x.yang.diagram.YangDiagramGenerator  - CREATED ELEMENT FOR statement:io.typefox.yang.yang.impl.LeafImpl@544de35e (name: var) WITH ID yangcli:yc-node-rpc show-pill-input-showtype-choice-var-case-var-case-var
9903 [Test worker] INFO  x.yang.diagram.YangDiagramGenerator  - CREATED ELEMENT FOR statement:io.typefox.yang.yang.impl.LeafImpl@718a55fa (name: vars) WITH ID yangcli:yc-node-rpc show-pill-input-showtype-choice-vars-case-vars-case-vars
9903 [Test worker] INFO  x.yang.diagram.YangDiagramGenerator  - CREATED ELEMENT FOR statement:io.typefox.yang.yang.impl.LeafImpl@5e955c43 (name: version) WITH ID yangcli:yc-node-rpc show-pill-input-showtype-choice-version-case-version-case-version
9903 [Test worker] INFO  x.yang.diagram.YangDiagramGenerator  - CREATED ELEMENT FOR statement:io.typefox.yang.yang.impl.ChoiceImpl@2272b6d9 (name: showtype) WITH ID yangcli:yc-node-rpc show-pill-input-showtype-choice
9903 [Test worker] INFO  x.yang.diagram.YangDiagramGenerator  - CREATED ELEMENT FOR statement:io.typefox.yang.yang.impl.UsesImpl@199ee6da WITH ID yangcli:yc-node-rpc show-pill-input-uses HelpMode-pill
9903 [Test worker] INFO  x.yang.diagram.YangDiagramGenerator  - CREATED ELEMENT FOR statement:io.typefox.yang.yang.impl.InputImpl@3a984596 (name: null) WITH ID yangcli:yc-node-rpc show-pill-input
9903 [Test worker] INFO  x.yang.diagram.YangDiagramGenerator  - CREATED ELEMENT FOR statement:io.typefox.yang.yang.impl.RpcImpl@4e9b71c2 (name: show) WITH ID yangcli:yc-node-rpc show-pill
9903 [Test worker] INFO  x.yang.diagram.YangDiagramGenerator  - CREATED ELEMENT FOR statement:io.typefox.yang.yang.impl.LeafImpl@7968c2b6 (name: id) WITH ID yangcli:yc-node-rpc start-timer-pill-input-id
9903 [Test worker] INFO  x.yang.diagram.YangDiagramGenerator  - CREATED ELEMENT FOR statement:io.typefox.yang.yang.impl.LeafImpl@172e5377 (name: restart-ok) WITH ID yangcli:yc-node-rpc start-timer-pill-input-restart-ok
9903 [Test worker] INFO  x.yang.diagram.YangDiagramGenerator  - CREATED ELEMENT FOR statement:io.typefox.yang.yang.impl.InputImpl@6f6200f1 (name: null) WITH ID yangcli:yc-node-rpc start-timer-pill-input
9903 [Test worker] INFO  x.yang.diagram.YangDiagramGenerator  - CREATED ELEMENT FOR statement:io.typefox.yang.yang.impl.RpcImpl@7ae279be (name: start-timer) WITH ID yangcli:yc-node-rpc start-timer-pill
9903 [Test worker] INFO  x.yang.diagram.YangDiagramGenerator  - CREATED ELEMENT FOR statement:io.typefox.yang.yang.impl.LeafImpl@45a06926 (name: id) WITH ID yangcli:yc-node-rpc stop-timer-pill-input-id
9903 [Test worker] INFO  x.yang.diagram.YangDiagramGenerator  - CREATED ELEMENT FOR statement:io.typefox.yang.yang.impl.LeafImpl@20f02f0e (name: echo) WITH ID yangcli:yc-node-rpc stop-timer-pill-input-echo
9903 [Test worker] INFO  x.yang.diagram.YangDiagramGenerator  - CREATED ELEMENT FOR statement:io.typefox.yang.yang.impl.InputImpl@5feac669 (name: null) WITH ID yangcli:yc-node-rpc stop-timer-pill-input
9903 [Test worker] INFO  x.yang.diagram.YangDiagramGenerator  - CREATED ELEMENT FOR statement:io.typefox.yang.yang.impl.LeafImpl@362c6ba3 (name: delta) WITH ID yangcli:yc-node-rpc stop-timer-pill-output-delta
9903 [Test worker] INFO  x.yang.diagram.YangDiagramGenerator  - CREATED ELEMENT FOR statement:io.typefox.yang.yang.impl.OutputImpl@7003cd19 (name: null) WITH ID yangcli:yc-node-rpc stop-timer-pill-output
9903 [Test worker] INFO  x.yang.diagram.YangDiagramGenerator  - CREATED ELEMENT FOR statement:io.typefox.yang.yang.impl.RpcImpl@512a1448 (name: stop-timer) WITH ID yangcli:yc-node-rpc stop-timer-pill
9904 [Test worker] INFO  x.yang.diagram.YangDiagramGenerator  - CREATED ELEMENT FOR statement:io.typefox.yang.yang.impl.LeafImpl@58fa598a (name: maxloops) WITH ID yangcli:yc-node-rpc while-pill-input-maxloops
9904 [Test worker] INFO  x.yang.diagram.YangDiagramGenerator  - CREATED ELEMENT FOR statement:io.typefox.yang.yang.impl.UsesImpl@d5e4045 WITH ID yangcli:yc-node-rpc while-pill-input-uses XPathParms-pill
9904 [Test worker] INFO  x.yang.diagram.YangDiagramGenerator  - CREATED ELEMENT FOR statement:io.typefox.yang.yang.impl.InputImpl@635b2ff2 (name: null) WITH ID yangcli:yc-node-rpc while-pill-input
9904 [Test worker] INFO  x.yang.diagram.YangDiagramGenerator  - CREATED ELEMENT FOR statement:io.typefox.yang.yang.impl.RpcImpl@6252ff85 (name: while) WITH ID yangcli:yc-node-rpc while-pill
9904 [Test worker] INFO  x.yang.diagram.YangDiagramGenerator  - CREATED ELEMENT FOR statement:io.typefox.yang.yang.impl.UsesImpl@686edc4c WITH ID yangcli:yc-node-rpc xget-pill-input-uses XGetParms-pill
9904 [Test worker] INFO  x.yang.diagram.YangDiagramGenerator  - CREATED ELEMENT FOR statement:io.typefox.yang.yang.impl.InputImpl@17cdf56c (name: null) WITH ID yangcli:yc-node-rpc xget-pill-input
9904 [Test worker] INFO  x.yang.diagram.YangDiagramGenerator  - CREATED ELEMENT FOR statement:io.typefox.yang.yang.impl.OutputImpl@2d536cd8 (name: null) WITH ID yangcli:yc-node-rpc xget-pill-output
9904 [Test worker] INFO  x.yang.diagram.YangDiagramGenerator  - CREATED ELEMENT FOR statement:io.typefox.yang.yang.impl.RpcImpl@58880020 (name: xget) WITH ID yangcli:yc-node-rpc xget-pill
9904 [Test worker] INFO  x.yang.diagram.YangDiagramGenerator  - CREATED ELEMENT FOR statement:io.typefox.yang.yang.impl.UsesImpl@469a2bc1 WITH ID yangcli:yc-node-rpc xget-config-pill-input-uses XGetParms-pill
9904 [Test worker] INFO  x.yang.diagram.YangDiagramGenerator  - CREATED ELEMENT FOR statement:io.typefox.yang.yang.impl.LeafImpl@3e84d0eb (name: candidate) WITH ID yangcli:yc-node-rpc xget-config-pill-input-container-source-config-source-choice-candidate-case-candidate-case-candidate
9904 [Test worker] INFO  x.yang.diagram.YangDiagramGenerator  - CREATED ELEMENT FOR statement:io.typefox.yang.yang.impl.LeafImpl@8874e4f (name: running) WITH ID yangcli:yc-node-rpc xget-config-pill-input-container-source-config-source-choice-running-case-running-case-running
9904 [Test worker] INFO  x.yang.diagram.YangDiagramGenerator  - CREATED ELEMENT FOR statement:io.typefox.yang.yang.impl.LeafImpl@1096c67f (name: startup) WITH ID yangcli:yc-node-rpc xget-config-pill-input-container-source-config-source-choice-startup-case-startup-case-startup
9904 [Test worker] INFO  x.yang.diagram.YangDiagramGenerator  - CREATED ELEMENT FOR statement:io.typefox.yang.yang.impl.LeafImpl@7c5338f (name: url) WITH ID yangcli:yc-node-rpc xget-config-pill-input-container-source-config-source-choice-url-case-url-case-url
9904 [Test worker] INFO  x.yang.diagram.YangDiagramGenerator  - CREATED ELEMENT FOR statement:io.typefox.yang.yang.impl.ChoiceImpl@1fdeb814 (name: config-source) WITH ID yangcli:yc-node-rpc xget-config-pill-input-container-source-config-source-choice
9904 [Test worker] INFO  x.yang.diagram.YangDiagramGenerator  - CREATED ELEMENT FOR statement:io.typefox.yang.yang.impl.ContainerImpl@2d197896 (name: source) WITH ID yangcli:yc-node-rpc xget-config-pill-input-container-source
9904 [Test worker] INFO  x.yang.diagram.YangDiagramGenerator  - CREATED ELEMENT FOR statement:io.typefox.yang.yang.impl.InputImpl@b9ae674 (name: null) WITH ID yangcli:yc-node-rpc xget-config-pill-input
9904 [Test worker] INFO  x.yang.diagram.YangDiagramGenerator  - CREATED ELEMENT FOR statement:io.typefox.yang.yang.impl.OutputImpl@25edf5c3 (name: null) WITH ID yangcli:yc-node-rpc xget-config-pill-output
9905 [Test worker] INFO  x.yang.diagram.YangDiagramGenerator  - CREATED ELEMENT FOR statement:io.typefox.yang.yang.impl.RpcImpl@4f19f772 (name: xget-config) WITH ID yangcli:yc-node-rpc xget-config-pill
9905 [Test worker] INFO  x.yang.diagram.YangDiagramGenerator  - CREATED ELEMENT FOR statement:io.typefox.yang.yang.impl.LeafImpl@2922fbcf (name: name) WITH ID yangcli:yc-node-rpc unset-pill-input-name
9905 [Test worker] INFO  x.yang.diagram.YangDiagramGenerator  - CREATED ELEMENT FOR statement:io.typefox.yang.yang.impl.InputImpl@755711d9 (name: null) WITH ID yangcli:yc-node-rpc unset-pill-input
9905 [Test worker] INFO  x.yang.diagram.YangDiagramGenerator  - CREATED ELEMENT FOR statement:io.typefox.yang.yang.impl.RpcImpl@3f5ea15d (name: unset) WITH ID yangcli:yc-node-rpc unset-pill
9905 [Test worker] INFO  x.yang.diagram.YangDiagramGenerator  - CREATED ELEMENT FOR statement:io.typefox.yang.yang.impl.LeafImpl@3ffc73a3 (name: clear) WITH ID yangcli:yc-node-rpc uservars-pill-input-uservars-action-choice-clear-case-clear-case-clear
9905 [Test worker] INFO  x.yang.diagram.YangDiagramGenerator  - CREATED ELEMENT FOR statement:io.typefox.yang.yang.impl.LeafImpl@13e1b10 (name: load) WITH ID yangcli:yc-node-rpc uservars-pill-input-uservars-action-choice-load-case-load-case-load
9905 [Test worker] INFO  x.yang.diagram.YangDiagramGenerator  - CREATED ELEMENT FOR statement:io.typefox.yang.yang.impl.LeafImpl@4caa0b37 (name: save) WITH ID yangcli:yc-node-rpc uservars-pill-input-uservars-action-choice-save-case-save-case-save
9905 [Test worker] INFO  x.yang.diagram.YangDiagramGenerator  - CREATED ELEMENT FOR statement:io.typefox.yang.yang.impl.ChoiceImpl@6b40fb6 (name: uservars-action) WITH ID yangcli:yc-node-rpc uservars-pill-input-uservars-action-choice
9905 [Test worker] INFO  x.yang.diagram.YangDiagramGenerator  - CREATED ELEMENT FOR statement:io.typefox.yang.yang.impl.InputImpl@5a8915a8 (name: null) WITH ID yangcli:yc-node-rpc uservars-pill-input
9905 [Test worker] INFO  x.yang.diagram.YangDiagramGenerator  - CREATED ELEMENT FOR statement:io.typefox.yang.yang.impl.RpcImpl@2b1e7372 (name: uservars) WITH ID yangcli:yc-node-rpc uservars-pill
9913 [Test worker] INFO  x.yang.diagram.YangDiagramGenerator  - CREATED ELEMENT FOR statement:io.typefox.yang.yang.impl.LeafImpl@37712695 (name: name) WITH ID yangcli:yc-node-container-vars-list-var-name
9914 [Test worker] INFO  x.yang.diagram.YangDiagramGenerator  - CREATED ELEMENT FOR statement:io.typefox.yang.yang.impl.LeafImpl@119e5672 (name: target) WITH ID yangcli:yc-node-container-vars-list-var-target
9914 [Test worker] INFO  x.yang.diagram.YangDiagramGenerator  - CREATED ELEMENT FOR statement:io.typefox.yang.yang.impl.LeafImpl@32825bc (name: vartype) WITH ID yangcli:yc-node-container-vars-list-var-vartype
9914 [Test worker] INFO  x.yang.diagram.YangDiagramGenerator  - CREATED ELEMENT FOR statement:io.typefox.yang.yang.impl.ListImpl@5bf55348 (name: var) WITH ID yangcli:yc-node-container-vars-list-var
9914 [Test worker] INFO  x.yang.diagram.YangDiagramGenerator  - CREATED ELEMENT FOR statement:io.typefox.yang.yang.impl.ContainerImpl@650e832d (name: vars) WITH ID yangcli:yc-node-container-vars
9914 [Test worker] INFO  x.yang.diagram.YangDiagramGenerator  - CREATED ELEMENT FOR statement:io.typefox.yang.yang.impl.ModuleImpl@6c06438 (name: yangcli) WITH ID yangcli:yc
9994 [Test worker] INFO  x.yang.diagram.YangDiagramGenerator  - Generating diagram for input: 'yuma-mysession.yang'
9994 [Test worker] INFO  x.yang.diagram.YangDiagramGenerator  - CREATED ELEMENT FOR statement:io.typefox.yang.yang.impl.LeafImpl@5e099b40 (name: linesize) WITH ID yuma-mysession:myses-node-grouping-session-params-linesize
9994 [Test worker] INFO  x.yang.diagram.YangDiagramGenerator  - CREATED ELEMENT FOR statement:io.typefox.yang.yang.impl.LeafImpl@7a375f01 (name: with-defaults) WITH ID yuma-mysession:myses-node-grouping-session-params-with-defaults
9994 [Test worker] INFO  x.yang.diagram.YangDiagramGenerator  - CREATED ELEMENT FOR statement:io.typefox.yang.yang.impl.UsesImpl@4fdf0e86 WITH ID yuma-mysession:myses-node-grouping-session-params-uses IndentParm-pill
9994 [Test worker] INFO  x.yang.diagram.YangDiagramGenerator  - CREATED ELEMENT FOR statement:io.typefox.yang.yang.impl.GroupingImpl@125a5339 (name: session-params) WITH ID yuma-mysession:myses-node-grouping-session-params
9994 [Test worker] INFO  x.yang.diagram.YangDiagramGenerator  - CREATED ELEMENT FOR statement:io.typefox.yang.yang.impl.UsesImpl@9b19a9 WITH ID yuma-mysession:myses-node-rpc get-my-session-pill-output-uses session-params-pill
9994 [Test worker] INFO  x.yang.diagram.YangDiagramGenerator  - CREATED ELEMENT FOR statement:io.typefox.yang.yang.impl.OutputImpl@401481ec (name: null) WITH ID yuma-mysession:myses-node-rpc get-my-session-pill-output
9994 [Test worker] INFO  x.yang.diagram.YangDiagramGenerator  - CREATED ELEMENT FOR statement:io.typefox.yang.yang.impl.RpcImpl@77881c56 (name: get-my-session) WITH ID yuma-mysession:myses-node-rpc get-my-session-pill
9994 [Test worker] INFO  x.yang.diagram.YangDiagramGenerator  - CREATED ELEMENT FOR statement:io.typefox.yang.yang.impl.UsesImpl@378b4a05 WITH ID yuma-mysession:myses-node-rpc set-my-session-pill-input-uses session-params-pill
9994 [Test worker] INFO  x.yang.diagram.YangDiagramGenerator  - CREATED ELEMENT FOR statement:io.typefox.yang.yang.impl.InputImpl@6f055b0c (name: null) WITH ID yuma-mysession:myses-node-rpc set-my-session-pill-input
9994 [Test worker] INFO  x.yang.diagram.YangDiagramGenerator  - CREATED ELEMENT FOR statement:io.typefox.yang.yang.impl.RpcImpl@bfaace1 (name: set-my-session) WITH ID yuma-mysession:myses-node-rpc set-my-session-pill
9994 [Test worker] INFO  x.yang.diagram.YangDiagramGenerator  - CREATED ELEMENT FOR statement:io.typefox.yang.yang.impl.ModuleImpl@3ca77b64 (name: yuma-mysession) WITH ID yuma-mysession:myses
10048 [Test worker] INFO  x.yang.diagram.YangDiagramGenerator  - Generating diagram for input: 'yuma-nacm.yang'
10048 [Test worker] INFO  x.yang.diagram.YangDiagramGenerator  - CREATED ELEMENT FOR statement:io.typefox.yang.yang.impl.TypedefImpl@6560a562 (name: nacm-user-name) WITH ID yuma-nacm:nacm-node-typedef-nacm-user-name
10048 [Test worker] INFO  x.yang.diagram.YangDiagramGenerator  - CREATED ELEMENT FOR statement:io.typefox.yang.yang.impl.TypedefImpl@408286a2 (name: nacm-rights) WITH ID yuma-nacm:nacm-node-typedef-nacm-rights
10048 [Test worker] INFO  x.yang.diagram.YangDiagramGenerator  - CREATED ELEMENT FOR statement:io.typefox.yang.yang.impl.TypedefImpl@5abcc742 (name: nacm-group) WITH ID yuma-nacm:nacm-node-typedef-nacm-group
10048 [Test worker] INFO  x.yang.diagram.YangDiagramGenerator  - CREATED ELEMENT FOR statement:io.typefox.yang.yang.impl.TypedefImpl@321b388b (name: nacm-action) WITH ID yuma-nacm:nacm-node-typedef-nacm-action
10049 [Test worker] INFO  x.yang.diagram.YangDiagramGenerator  - CREATED ELEMENT FOR statement:io.typefox.yang.yang.impl.TypedefImpl@5230d01f (name: schema-instance-identifier) WITH ID yuma-nacm:nacm-node-typedef-schema-instance-identifier
10049 [Test worker] INFO  x.yang.diagram.YangDiagramGenerator  - CREATED ELEMENT FOR statement:io.typefox.yang.yang.impl.IdentityImpl@653eb6d (name: nacm-groups) WITH ID yuma-nacm:nacm-node-identity-nacm-groups
10049 [Test worker] INFO  x.yang.diagram.YangDiagramGenerator  - CREATED ELEMENT FOR statement:io.typefox.yang.yang.impl.LeafImpl@3a69ba32 (name: enable-nacm) WITH ID yuma-nacm:nacm-node-container-nacm-enable-nacm
10049 [Test worker] INFO  x.yang.diagram.YangDiagramGenerator  - CREATED ELEMENT FOR statement:io.typefox.yang.yang.impl.LeafImpl@51dd1294 (name: read-default) WITH ID yuma-nacm:nacm-node-container-nacm-read-default
10049 [Test worker] INFO  x.yang.diagram.YangDiagramGenerator  - CREATED ELEMENT FOR statement:io.typefox.yang.yang.impl.LeafImpl@5399098 (name: write-default) WITH ID yuma-nacm:nacm-node-container-nacm-write-default
10049 [Test worker] INFO  x.yang.diagram.YangDiagramGenerator  - CREATED ELEMENT FOR statement:io.typefox.yang.yang.impl.LeafImpl@1ca80bd1 (name: exec-default) WITH ID yuma-nacm:nacm-node-container-nacm-exec-default
10049 [Test worker] INFO  x.yang.diagram.YangDiagramGenerator  - CREATED ELEMENT FOR statement:io.typefox.yang.yang.impl.LeafImpl@6be79a5c (name: denied-rpcs) WITH ID yuma-nacm:nacm-node-container-nacm-denied-rpcs
10049 [Test worker] INFO  x.yang.diagram.YangDiagramGenerator  - CREATED ELEMENT FOR statement:io.typefox.yang.yang.impl.LeafImpl@52977c06 (name: denied-data-writes) WITH ID yuma-nacm:nacm-node-container-nacm-denied-data-writes
10049 [Test worker] INFO  x.yang.diagram.YangDiagramGenerator  - CREATED ELEMENT FOR statement:io.typefox.yang.yang.impl.LeafImpl@1b638b9c (name: group-identity) WITH ID yuma-nacm:nacm-node-container-nacm-container-groups-list-group-group-identity
10049 [Test worker] INFO  x.yang.diagram.YangDiagramGenerator  - CREATED ELEMENT FOR statement:io.typefox.yang.yang.impl.LeafListImpl@47c9eda2 (name: user-name) WITH ID yuma-nacm:nacm-node-container-nacm-container-groups-list-group-user-name
10049 [Test worker] INFO  x.yang.diagram.YangDiagramGenerator  - CREATED ELEMENT FOR statement:io.typefox.yang.yang.impl.ListImpl@102bba7d (name: group) WITH ID yuma-nacm:nacm-node-container-nacm-container-groups-list-group
10049 [Test worker] INFO  x.yang.diagram.YangDiagramGenerator  - CREATED ELEMENT FOR statement:io.typefox.yang.yang.impl.ContainerImpl@79358332 (name: groups) WITH ID yuma-nacm:nacm-node-container-nacm-container-groups
10049 [Test worker] INFO  x.yang.diagram.YangDiagramGenerator  - CREATED ELEMENT FOR statement:io.typefox.yang.yang.impl.LeafImpl@7e8dd8e3 (name: rule-name) WITH ID yuma-nacm:nacm-node-container-nacm-container-rules-grouping-common-rule-parms-rule-name
10049 [Test worker] INFO  x.yang.diagram.YangDiagramGenerator  - CREATED ELEMENT FOR statement:io.typefox.yang.yang.impl.LeafImpl@76a19e6d (name: allowed-rights) WITH ID yuma-nacm:nacm-node-container-nacm-container-rules-grouping-common-rule-parms-allowed-rights
10049 [Test worker] INFO  x.yang.diagram.YangDiagramGenerator  - CREATED ELEMENT FOR statement:io.typefox.yang.yang.impl.LeafListImpl@3b143a96 (name: allowed-group) WITH ID yuma-nacm:nacm-node-container-nacm-container-rules-grouping-common-rule-parms-allowed-group
10049 [Test worker] INFO  x.yang.diagram.YangDiagramGenerator  - CREATED ELEMENT FOR statement:io.typefox.yang.yang.impl.LeafImpl@6eed02d5 (name: comment) WITH ID yuma-nacm:nacm-node-container-nacm-container-rules-grouping-common-rule-parms-comment
10049 [Test worker] INFO  x.yang.diagram.YangDiagramGenerator  - CREATED ELEMENT FOR statement:io.typefox.yang.yang.impl.GroupingImpl@7e37952b (name: common-rule-parms) WITH ID yuma-nacm:nacm-node-container-nacm-container-rules-grouping-common-rule-parms
10049 [Test worker] INFO  x.yang.diagram.YangDiagramGenerator  - CREATED ELEMENT FOR statement:io.typefox.yang.yang.impl.LeafImpl@41f3e76 (name: module-name) WITH ID yuma-nacm:nacm-node-container-nacm-container-rules-list-module-rule-module-name
10049 [Test worker] INFO  x.yang.diagram.YangDiagramGenerator  - CREATED ELEMENT FOR statement:io.typefox.yang.yang.impl.UsesImpl@1e4574e9 WITH ID yuma-nacm:nacm-node-container-nacm-container-rules-list-module-rule-uses common-rule-parms-pill
10049 [Test worker] INFO  x.yang.diagram.YangDiagramGenerator  - CREATED ELEMENT FOR statement:io.typefox.yang.yang.impl.ListImpl@1838365e (name: module-rule) WITH ID yuma-nacm:nacm-node-container-nacm-container-rules-list-module-rule
10049 [Test worker] INFO  x.yang.diagram.YangDiagramGenerator  - CREATED ELEMENT FOR statement:io.typefox.yang.yang.impl.LeafImpl@5a6466bf (name: rpc-module-name) WITH ID yuma-nacm:nacm-node-container-nacm-container-rules-list-rpc-rule-rpc-module-name
10049 [Test worker] INFO  x.yang.diagram.YangDiagramGenerator  - CREATED ELEMENT FOR statement:io.typefox.yang.yang.impl.LeafImpl@27751f0b (name: rpc-name) WITH ID yuma-nacm:nacm-node-container-nacm-container-rules-list-rpc-rule-rpc-name
10049 [Test worker] INFO  x.yang.diagram.YangDiagramGenerator  - CREATED ELEMENT FOR statement:io.typefox.yang.yang.impl.UsesImpl@1222c530 WITH ID yuma-nacm:nacm-node-container-nacm-container-rules-list-rpc-rule-uses common-rule-parms-pill
10049 [Test worker] INFO  x.yang.diagram.YangDiagramGenerator  - CREATED ELEMENT FOR statement:io.typefox.yang.yang.impl.ListImpl@4b719bec (name: rpc-rule) WITH ID yuma-nacm:nacm-node-container-nacm-container-rules-list-rpc-rule
10049 [Test worker] INFO  x.yang.diagram.YangDiagramGenerator  - CREATED ELEMENT FOR statement:io.typefox.yang.yang.impl.LeafImpl@32d95da3 (name: path) WITH ID yuma-nacm:nacm-node-container-nacm-container-rules-list-data-rule-path
10049 [Test worker] INFO  x.yang.diagram.YangDiagramGenerator  - CREATED ELEMENT FOR statement:io.typefox.yang.yang.impl.UsesImpl@3ddb81b4 WITH ID yuma-nacm:nacm-node-container-nacm-container-rules-list-data-rule-uses common-rule-parms-pill
10049 [Test worker] INFO  x.yang.diagram.YangDiagramGenerator  - CREATED ELEMENT FOR statement:io.typefox.yang.yang.impl.ListImpl@3954c87a (name: data-rule) WITH ID yuma-nacm:nacm-node-container-nacm-container-rules-list-data-rule
10050 [Test worker] INFO  x.yang.diagram.YangDiagramGenerator  - CREATED ELEMENT FOR statement:io.typefox.yang.yang.impl.LeafImpl@7e3d8a47 (name: notification-module-name) WITH ID yuma-nacm:nacm-node-container-nacm-container-rules-list-notification-rule-notification-module-name
10050 [Test worker] INFO  x.yang.diagram.YangDiagramGenerator  - CREATED ELEMENT FOR statement:io.typefox.yang.yang.impl.LeafImpl@671f466 (name: notification-name) WITH ID yuma-nacm:nacm-node-container-nacm-container-rules-list-notification-rule-notification-name
10050 [Test worker] INFO  x.yang.diagram.YangDiagramGenerator  - CREATED ELEMENT FOR statement:io.typefox.yang.yang.impl.UsesImpl@6746033d WITH ID yuma-nacm:nacm-node-container-nacm-container-rules-list-notification-rule-uses common-rule-parms-pill
10050 [Test worker] INFO  x.yang.diagram.YangDiagramGenerator  - CREATED ELEMENT FOR statement:io.typefox.yang.yang.impl.ListImpl@784e10b7 (name: notification-rule) WITH ID yuma-nacm:nacm-node-container-nacm-container-rules-list-notification-rule
10050 [Test worker] INFO  x.yang.diagram.YangDiagramGenerator  - CREATED ELEMENT FOR statement:io.typefox.yang.yang.impl.ContainerImpl@6ab3d24b (name: rules) WITH ID yuma-nacm:nacm-node-container-nacm-container-rules
10050 [Test worker] INFO  x.yang.diagram.YangDiagramGenerator  - CREATED ELEMENT FOR statement:io.typefox.yang.yang.impl.ContainerImpl@63e8c9bf (name: nacm) WITH ID yuma-nacm:nacm-node-container-nacm
10050 [Test worker] INFO  x.yang.diagram.YangDiagramGenerator  - CREATED ELEMENT FOR statement:io.typefox.yang.yang.impl.ModuleImpl@34606114 (name: yuma-nacm) WITH ID yuma-nacm:nacm
10096 [Test worker] INFO  x.yang.diagram.YangDiagramGenerator  - Generating diagram for input: 'yuma-netconf.yang'
10096 [Test worker] INFO  x.yang.diagram.YangDiagramGenerator  - CREATED ELEMENT FOR statement:io.typefox.yang.yang.impl.TypedefImpl@5aa99139 (name: Language) WITH ID yuma-netconf:nc-node-typedef-Language
10096 [Test worker] INFO  x.yang.diagram.YangDiagramGenerator  - CREATED ELEMENT FOR statement:io.typefox.yang.yang.impl.TypedefImpl@7e0ab1d7 (name: session-id-type) WITH ID yuma-netconf:nc-node-typedef-session-id-type
10096 [Test worker] INFO  x.yang.diagram.YangDiagramGenerator  - CREATED ELEMENT FOR statement:io.typefox.yang.yang.impl.TypedefImpl@3c7267c (name: session-id-or-zero-type) WITH ID yuma-netconf:nc-node-typedef-session-id-or-zero-type
10096 [Test worker] INFO  x.yang.diagram.YangDiagramGenerator  - CREATED ELEMENT FOR statement:io.typefox.yang.yang.impl.TypedefImpl@5f475fe3 (name: ConfigURIType) WITH ID yuma-netconf:nc-node-typedef-ConfigURIType
10096 [Test worker] INFO  x.yang.diagram.YangDiagramGenerator  - CREATED ELEMENT FOR statement:io.typefox.yang.yang.impl.TypedefImpl@49f13d6b (name: LangString) WITH ID yuma-netconf:nc-node-typedef-LangString
10096 [Test worker] INFO  x.yang.diagram.YangDiagramGenerator  - CREATED ELEMENT FOR statement:io.typefox.yang.yang.impl.TypedefImpl@625eb98b (name: MessageId) WITH ID yuma-netconf:nc-node-typedef-MessageId
10096 [Test worker] INFO  x.yang.diagram.YangDiagramGenerator  - CREATED ELEMENT FOR statement:io.typefox.yang.yang.impl.TypedefImpl@5810877a (name: ErrorType) WITH ID yuma-netconf:nc-node-typedef-ErrorType
10096 [Test worker] INFO  x.yang.diagram.YangDiagramGenerator  - CREATED ELEMENT FOR statement:io.typefox.yang.yang.impl.TypedefImpl@3d4d63dc (name: error-tag-type) WITH ID yuma-netconf:nc-node-typedef-error-tag-type
10096 [Test worker] INFO  x.yang.diagram.YangDiagramGenerator  - CREATED ELEMENT FOR statement:io.typefox.yang.yang.impl.TypedefImpl@7d971b7b (name: error-severity-type) WITH ID yuma-netconf:nc-node-typedef-error-severity-type
10096 [Test worker] INFO  x.yang.diagram.YangDiagramGenerator  - CREATED ELEMENT FOR statement:io.typefox.yang.yang.impl.TypedefImpl@6a9277a3 (name: TestOptionType) WITH ID yuma-netconf:nc-node-typedef-TestOptionType
10096 [Test worker] INFO  x.yang.diagram.YangDiagramGenerator  - CREATED ELEMENT FOR statement:io.typefox.yang.yang.impl.TypedefImpl@36e506dc (name: ErrorOptionType) WITH ID yuma-netconf:nc-node-typedef-ErrorOptionType
10096 [Test worker] INFO  x.yang.diagram.YangDiagramGenerator  - CREATED ELEMENT FOR statement:io.typefox.yang.yang.impl.TypedefImpl@60e0d05f (name: FilterType) WITH ID yuma-netconf:nc-node-typedef-FilterType
10096 [Test worker] INFO  x.yang.diagram.YangDiagramGenerator  - CREATED ELEMENT FOR statement:io.typefox.yang.yang.impl.TypedefImpl@25e953fb (name: SelectString) WITH ID yuma-netconf:nc-node-typedef-SelectString
10096 [Test worker] INFO  x.yang.diagram.YangDiagramGenerator  - CREATED ELEMENT FOR statement:io.typefox.yang.yang.impl.TypedefImpl@5c3f178a (name: edit-operation-type) WITH ID yuma-netconf:nc-node-typedef-edit-operation-type
10096 [Test worker] INFO  x.yang.diagram.YangDiagramGenerator  - CREATED ELEMENT FOR statement:io.typefox.yang.yang.impl.TypedefImpl@42f23937 (name: DefaultOperationType) WITH ID yuma-netconf:nc-node-typedef-DefaultOperationType
10096 [Test worker] INFO  x.yang.diagram.YangDiagramGenerator  - CREATED ELEMENT FOR statement:io.typefox.yang.yang.impl.TypedefImpl@24f66b1e (name: ConfirmTimeoutType) WITH ID yuma-netconf:nc-node-typedef-ConfirmTimeoutType
10096 [Test worker] INFO  x.yang.diagram.YangDiagramGenerator  - CREATED ELEMENT FOR statement:io.typefox.yang.yang.impl.LeafListImpl@4bef82f0 (name: capability) WITH ID yuma-netconf:nc-node-grouping-NcCapabilities-container-capabilities-capability
10096 [Test worker] INFO  x.yang.diagram.YangDiagramGenerator  - CREATED ELEMENT FOR statement:io.typefox.yang.yang.impl.ContainerImpl@6f485f40 (name: capabilities) WITH ID yuma-netconf:nc-node-grouping-NcCapabilities-container-capabilities
10096 [Test worker] INFO  x.yang.diagram.YangDiagramGenerator  - CREATED ELEMENT FOR statement:io.typefox.yang.yang.impl.GroupingImpl@3c20f81f (name: NcCapabilities) WITH ID yuma-netconf:nc-node-grouping-NcCapabilities
10097 [Test worker] INFO  x.yang.diagram.YangDiagramGenerator  - CREATED ELEMENT FOR statement:io.typefox.yang.yang.impl.LeafImpl@2b99da1e (name: session-id) WITH ID yuma-netconf:nc-node-container-server-hello-session-id
10097 [Test worker] INFO  x.yang.diagram.YangDiagramGenerator  - CREATED ELEMENT FOR statement:io.typefox.yang.yang.impl.UsesImpl@1cd6359f WITH ID yuma-netconf:nc-node-container-server-hello-uses NcCapabilities-pill
10097 [Test worker] INFO  x.yang.diagram.YangDiagramGenerator  - CREATED ELEMENT FOR statement:io.typefox.yang.yang.impl.ContainerImpl@31c9db1a (name: server-hello) WITH ID yuma-netconf:nc-node-container-server-hello
10097 [Test worker] INFO  x.yang.diagram.YangDiagramGenerator  - CREATED ELEMENT FOR statement:io.typefox.yang.yang.impl.UsesImpl@a922d3c WITH ID yuma-netconf:nc-node-container-client-hello-uses NcCapabilities-pill
10097 [Test worker] INFO  x.yang.diagram.YangDiagramGenerator  - CREATED ELEMENT FOR statement:io.typefox.yang.yang.impl.ContainerImpl@6fbe4f5a (name: client-hello) WITH ID yuma-netconf:nc-node-container-client-hello
10097 [Test worker] INFO  x.yang.diagram.YangDiagramGenerator  - CREATED ELEMENT FOR statement:io.typefox.yang.yang.impl.LeafListImpl@4269f5ff (name: bad-attribute) WITH ID yuma-netconf:nc-node-grouping-ErrorInfoContent-bad-attribute
10097 [Test worker] INFO  x.yang.diagram.YangDiagramGenerator  - CREATED ELEMENT FOR statement:io.typefox.yang.yang.impl.LeafListImpl@3d87f7a3 (name: bad-element) WITH ID yuma-netconf:nc-node-grouping-ErrorInfoContent-bad-element
10097 [Test worker] INFO  x.yang.diagram.YangDiagramGenerator  - CREATED ELEMENT FOR statement:io.typefox.yang.yang.impl.LeafListImpl@26e7c6e2 (name: ok-element) WITH ID yuma-netconf:nc-node-grouping-ErrorInfoContent-ok-element
10097 [Test worker] INFO  x.yang.diagram.YangDiagramGenerator  - CREATED ELEMENT FOR statement:io.typefox.yang.yang.impl.LeafListImpl@3bbe89fb (name: err-element) WITH ID yuma-netconf:nc-node-grouping-ErrorInfoContent-err-element
10097 [Test worker] INFO  x.yang.diagram.YangDiagramGenerator  - CREATED ELEMENT FOR statement:io.typefox.yang.yang.impl.LeafListImpl@36f5457e (name: noop-element) WITH ID yuma-netconf:nc-node-grouping-ErrorInfoContent-noop-element
10097 [Test worker] INFO  x.yang.diagram.YangDiagramGenerator  - CREATED ELEMENT FOR statement:io.typefox.yang.yang.impl.LeafImpl@34cd86ec (name: session-id) WITH ID yuma-netconf:nc-node-grouping-ErrorInfoContent-session-id
10097 [Test worker] INFO  x.yang.diagram.YangDiagramGenerator  - CREATED ELEMENT FOR statement:io.typefox.yang.yang.impl.GroupingImpl@2c859641 (name: ErrorInfoContent) WITH ID yuma-netconf:nc-node-grouping-ErrorInfoContent
10097 [Test worker] INFO  x.yang.diagram.YangDiagramGenerator  - CREATED ELEMENT FOR statement:io.typefox.yang.yang.impl.LeafImpl@63bb337b (name: error-type) WITH ID yuma-netconf:nc-node-grouping-RpcErrorType-error-type
10097 [Test worker] INFO  x.yang.diagram.YangDiagramGenerator  - CREATED ELEMENT FOR statement:io.typefox.yang.yang.impl.LeafImpl@7f7944c7 (name: error-tag) WITH ID yuma-netconf:nc-node-grouping-RpcErrorType-error-tag
10097 [Test worker] INFO  x.yang.diagram.YangDiagramGenerator  - CREATED ELEMENT FOR statement:io.typefox.yang.yang.impl.LeafImpl@275b4722 (name: error-severity) WITH ID yuma-netconf:nc-node-grouping-RpcErrorType-error-severity
10097 [Test worker] INFO  x.yang.diagram.YangDiagramGenerator  - CREATED ELEMENT FOR statement:io.typefox.yang.yang.impl.LeafImpl@276cea16 (name: error-app-tag) WITH ID yuma-netconf:nc-node-grouping-RpcErrorType-error-app-tag
10097 [Test worker] INFO  x.yang.diagram.YangDiagramGenerator  - CREATED ELEMENT FOR statement:io.typefox.yang.yang.impl.LeafImpl@1d76256b (name: error-path) WITH ID yuma-netconf:nc-node-grouping-RpcErrorType-error-path
10097 [Test worker] INFO  x.yang.diagram.YangDiagramGenerator  - CREATED ELEMENT FOR statement:io.typefox.yang.yang.impl.LeafImpl@281c057e (name: error-message) WITH ID yuma-netconf:nc-node-grouping-RpcErrorType-error-message
10097 [Test worker] INFO  x.yang.diagram.YangDiagramGenerator  - CREATED ELEMENT FOR statement:io.typefox.yang.yang.impl.GroupingImpl@55833508 (name: RpcErrorType) WITH ID yuma-netconf:nc-node-grouping-RpcErrorType
10097 [Test worker] INFO  x.yang.diagram.YangDiagramGenerator  - CREATED ELEMENT FOR statement:io.typefox.yang.yang.impl.UsesImpl@15ff49f4 WITH ID yuma-netconf:nc-node-grouping-RpcDataReplyType-list-rpc-error-uses RpcErrorType-pill
10097 [Test worker] INFO  x.yang.diagram.YangDiagramGenerator  - CREATED ELEMENT FOR statement:io.typefox.yang.yang.impl.ListImpl@390e7b5d (name: rpc-error) WITH ID yuma-netconf:nc-node-grouping-RpcDataReplyType-list-rpc-error
10097 [Test worker] INFO  x.yang.diagram.YangDiagramGenerator  - CREATED ELEMENT FOR statement:io.typefox.yang.yang.impl.GroupingImpl@71f1bef7 (name: RpcDataReplyType) WITH ID yuma-netconf:nc-node-grouping-RpcDataReplyType
10097 [Test worker] INFO  x.yang.diagram.YangDiagramGenerator  - CREATED ELEMENT FOR statement:io.typefox.yang.yang.impl.LeafImpl@3d16feb4 (name: ok) WITH ID yuma-netconf:nc-node-grouping-RpcOkReplyType-ok-or-error-choice-ok-case-ok-case-ok
10097 [Test worker] INFO  x.yang.diagram.YangDiagramGenerator  - CREATED ELEMENT FOR statement:io.typefox.yang.yang.impl.UsesImpl@52c9a00b WITH ID yuma-netconf:nc-node-grouping-RpcOkReplyType-ok-or-error-choice-rpc-error-case-rpc-error-case-list-rpc-error-uses RpcErrorType-pill
10097 [Test worker] INFO  x.yang.diagram.YangDiagramGenerator  - CREATED ELEMENT FOR statement:io.typefox.yang.yang.impl.ListImpl@1857ed9c (name: rpc-error) WITH ID yuma-netconf:nc-node-grouping-RpcOkReplyType-ok-or-error-choice-rpc-error-case-rpc-error-case-list-rpc-error
10097 [Test worker] INFO  x.yang.diagram.YangDiagramGenerator  - CREATED ELEMENT FOR statement:io.typefox.yang.yang.impl.ChoiceImpl@642dee67 (name: ok-or-error) WITH ID yuma-netconf:nc-node-grouping-RpcOkReplyType-ok-or-error-choice
10097 [Test worker] INFO  x.yang.diagram.YangDiagramGenerator  - CREATED ELEMENT FOR statement:io.typefox.yang.yang.impl.GroupingImpl@6e445f08 (name: RpcOkReplyType) WITH ID yuma-netconf:nc-node-grouping-RpcOkReplyType
10097 [Test worker] INFO  x.yang.diagram.YangDiagramGenerator  - CREATED ELEMENT FOR statement:io.typefox.yang.yang.impl.LeafImpl@71927333 (name: ok) WITH ID yuma-netconf:nc-node-grouping-RpcReplyType-ok-or-data-error-choice-ok-case-ok-case-ok
10097 [Test worker] INFO  x.yang.diagram.YangDiagramGenerator  - CREATED ELEMENT FOR statement:io.typefox.yang.yang.impl.UsesImpl@560e5b90 WITH ID yuma-netconf:nc-node-grouping-RpcReplyType-ok-or-data-error-choice-data-error-case-uses RpcDataReplyType-pill
10097 [Test worker] INFO  x.yang.diagram.YangDiagramGenerator  - CREATED ELEMENT FOR statement:io.typefox.yang.yang.impl.ChoiceImpl@5d5bd9e0 (name: ok-or-data-error) WITH ID yuma-netconf:nc-node-grouping-RpcReplyType-ok-or-data-error-choice
10097 [Test worker] INFO  x.yang.diagram.YangDiagramGenerator  - CREATED ELEMENT FOR statement:io.typefox.yang.yang.impl.GroupingImpl@112b715c (name: RpcReplyType) WITH ID yuma-netconf:nc-node-grouping-RpcReplyType
10097 [Test worker] INFO  x.yang.diagram.YangDiagramGenerator  - CREATED ELEMENT FOR statement:io.typefox.yang.yang.impl.ContainerImpl@734283a1 (name: rpc) WITH ID yuma-netconf:nc-node-container-rpc
10098 [Test worker] INFO  x.yang.diagram.YangDiagramGenerator  - CREATED ELEMENT FOR statement:io.typefox.yang.yang.impl.UsesImpl@57b49482 WITH ID yuma-netconf:nc-node-container-rpc-reply-uses RpcReplyType-pill
10098 [Test worker] INFO  x.yang.diagram.YangDiagramGenerator  - CREATED ELEMENT FOR statement:io.typefox.yang.yang.impl.ContainerImpl@54a3c34d (name: rpc-reply) WITH ID yuma-netconf:nc-node-container-rpc-reply
10098 [Test worker] INFO  x.yang.diagram.YangDiagramGenerator  - CREATED ELEMENT FOR statement:io.typefox.yang.yang.impl.LeafImpl@1ec8f914 (name: candidate) WITH ID yuma-netconf:nc-node-rpc get-config-pill-input-container-source-config-source-choice-candidate-case-candidate-case-candidate
10098 [Test worker] INFO  x.yang.diagram.YangDiagramGenerator  - CREATED ELEMENT FOR statement:io.typefox.yang.yang.impl.LeafImpl@79703ee7 (name: running) WITH ID yuma-netconf:nc-node-rpc get-config-pill-input-container-source-config-source-choice-running-case-running-case-running
10098 [Test worker] INFO  x.yang.diagram.YangDiagramGenerator  - CREATED ELEMENT FOR statement:io.typefox.yang.yang.impl.LeafImpl@a13a5cf (name: startup) WITH ID yuma-netconf:nc-node-rpc get-config-pill-input-container-source-config-source-choice-startup-case-startup-case-startup
10098 [Test worker] INFO  x.yang.diagram.YangDiagramGenerator  - CREATED ELEMENT FOR statement:io.typefox.yang.yang.impl.ChoiceImpl@40e0b66b (name: config-source) WITH ID yuma-netconf:nc-node-rpc get-config-pill-input-container-source-config-source-choice
10098 [Test worker] INFO  x.yang.diagram.YangDiagramGenerator  - CREATED ELEMENT FOR statement:io.typefox.yang.yang.impl.ContainerImpl@1939e73a (name: source) WITH ID yuma-netconf:nc-node-rpc get-config-pill-input-container-source
10098 [Test worker] INFO  x.yang.diagram.YangDiagramGenerator  - CREATED ELEMENT FOR statement:io.typefox.yang.yang.impl.InputImpl@614675fc (name: null) WITH ID yuma-netconf:nc-node-rpc get-config-pill-input
10098 [Test worker] INFO  x.yang.diagram.YangDiagramGenerator  - CREATED ELEMENT FOR statement:io.typefox.yang.yang.impl.ContainerImpl@76ec99c6 (name: data) WITH ID yuma-netconf:nc-node-rpc get-config-pill-output-container-data
10098 [Test worker] INFO  x.yang.diagram.YangDiagramGenerator  - CREATED ELEMENT FOR statement:io.typefox.yang.yang.impl.OutputImpl@33fa3a9e (name: null) WITH ID yuma-netconf:nc-node-rpc get-config-pill-output
10098 [Test worker] INFO  x.yang.diagram.YangDiagramGenerator  - CREATED ELEMENT FOR statement:io.typefox.yang.yang.impl.RpcImpl@65ac1bec (name: get-config) WITH ID yuma-netconf:nc-node-rpc get-config-pill
10098 [Test worker] INFO  x.yang.diagram.YangDiagramGenerator  - CREATED ELEMENT FOR statement:io.typefox.yang.yang.impl.LeafImpl@37177b30 (name: default-operation) WITH ID yuma-netconf:nc-node-rpc edit-config-pill-input-default-operation
10098 [Test worker] INFO  x.yang.diagram.YangDiagramGenerator  - CREATED ELEMENT FOR statement:io.typefox.yang.yang.impl.LeafImpl@25a7e6bd (name: test-option) WITH ID yuma-netconf:nc-node-rpc edit-config-pill-input-test-option
10098 [Test worker] INFO  x.yang.diagram.YangDiagramGenerator  - CREATED ELEMENT FOR statement:io.typefox.yang.yang.impl.LeafImpl@47eb065d (name: error-option) WITH ID yuma-netconf:nc-node-rpc edit-config-pill-input-error-option
10098 [Test worker] INFO  x.yang.diagram.YangDiagramGenerator  - CREATED ELEMENT FOR statement:io.typefox.yang.yang.impl.LeafImpl@421d0637 (name: candidate) WITH ID yuma-netconf:nc-node-rpc edit-config-pill-input-container-target-config-target-choice-candidate-case-candidate-case-candidate
10098 [Test worker] INFO  x.yang.diagram.YangDiagramGenerator  - CREATED ELEMENT FOR statement:io.typefox.yang.yang.impl.LeafImpl@4edf2bbf (name: running) WITH ID yuma-netconf:nc-node-rpc edit-config-pill-input-container-target-config-target-choice-running-case-running-case-running
10098 [Test worker] INFO  x.yang.diagram.YangDiagramGenerator  - CREATED ELEMENT FOR statement:io.typefox.yang.yang.impl.ChoiceImpl@5457aed7 (name: config-target) WITH ID yuma-netconf:nc-node-rpc edit-config-pill-input-container-target-config-target-choice
10098 [Test worker] INFO  x.yang.diagram.YangDiagramGenerator  - CREATED ELEMENT FOR statement:io.typefox.yang.yang.impl.ContainerImpl@4b9183ee (name: target) WITH ID yuma-netconf:nc-node-rpc edit-config-pill-input-container-target
10098 [Test worker] INFO  x.yang.diagram.YangDiagramGenerator  - CREATED ELEMENT FOR statement:io.typefox.yang.yang.impl.ContainerImpl@61970815 (name: config) WITH ID yuma-netconf:nc-node-rpc edit-config-pill-input-edit-content-choice-config-case-config-case-container-config
10098 [Test worker] INFO  x.yang.diagram.YangDiagramGenerator  - CREATED ELEMENT FOR statement:io.typefox.yang.yang.impl.LeafImpl@5622454b (name: url) WITH ID yuma-netconf:nc-node-rpc edit-config-pill-input-edit-content-choice-url-case-url-case-url
10098 [Test worker] INFO  x.yang.diagram.YangDiagramGenerator  - CREATED ELEMENT FOR statement:io.typefox.yang.yang.impl.ChoiceImpl@3f6a684e (name: edit-content) WITH ID yuma-netconf:nc-node-rpc edit-config-pill-input-edit-content-choice
10098 [Test worker] INFO  x.yang.diagram.YangDiagramGenerator  - CREATED ELEMENT FOR statement:io.typefox.yang.yang.impl.InputImpl@78a302be (name: null) WITH ID yuma-netconf:nc-node-rpc edit-config-pill-input
10098 [Test worker] INFO  x.yang.diagram.YangDiagramGenerator  - CREATED ELEMENT FOR statement:io.typefox.yang.yang.impl.RpcImpl@212d6a1f (name: edit-config) WITH ID yuma-netconf:nc-node-rpc edit-config-pill
10098 [Test worker] INFO  x.yang.diagram.YangDiagramGenerator  - CREATED ELEMENT FOR statement:io.typefox.yang.yang.impl.LeafImpl@65e16b6c (name: candidate) WITH ID yuma-netconf:nc-node-rpc copy-config-pill-input-container-target-config-target-choice-candidate-case-candidate-case-candidate
10098 [Test worker] INFO  x.yang.diagram.YangDiagramGenerator  - CREATED ELEMENT FOR statement:io.typefox.yang.yang.impl.LeafImpl@9255786 (name: running) WITH ID yuma-netconf:nc-node-rpc copy-config-pill-input-container-target-config-target-choice-running-case-running-case-running
10098 [Test worker] INFO  x.yang.diagram.YangDiagramGenerator  - CREATED ELEMENT FOR statement:io.typefox.yang.yang.impl.LeafImpl@697302ee (name: startup) WITH ID yuma-netconf:nc-node-rpc copy-config-pill-input-container-target-config-target-choice-startup-case-startup-case-startup
10098 [Test worker] INFO  x.yang.diagram.YangDiagramGenerator  - CREATED ELEMENT FOR statement:io.typefox.yang.yang.impl.LeafImpl@23c4e04d (name: url) WITH ID yuma-netconf:nc-node-rpc copy-config-pill-input-container-target-config-target-choice-url-case-url-case-url
10099 [Test worker] INFO  x.yang.diagram.YangDiagramGenerator  - CREATED ELEMENT FOR statement:io.typefox.yang.yang.impl.ChoiceImpl@4d104552 (name: config-target) WITH ID yuma-netconf:nc-node-rpc copy-config-pill-input-container-target-config-target-choice
10099 [Test worker] INFO  x.yang.diagram.YangDiagramGenerator  - CREATED ELEMENT FOR statement:io.typefox.yang.yang.impl.ContainerImpl@6e2aa211 (name: target) WITH ID yuma-netconf:nc-node-rpc copy-config-pill-input-container-target
10099 [Test worker] INFO  x.yang.diagram.YangDiagramGenerator  - CREATED ELEMENT FOR statement:io.typefox.yang.yang.impl.LeafImpl@1fbfb948 (name: candidate) WITH ID yuma-netconf:nc-node-rpc copy-config-pill-input-container-source-config-source-choice-candidate-case-candidate-case-candidate
10099 [Test worker] INFO  x.yang.diagram.YangDiagramGenerator  - CREATED ELEMENT FOR statement:io.typefox.yang.yang.impl.LeafImpl@1bfde47a (name: running) WITH ID yuma-netconf:nc-node-rpc copy-config-pill-input-container-source-config-source-choice-running-case-running-case-running
10099 [Test worker] INFO  x.yang.diagram.YangDiagramGenerator  - CREATED ELEMENT FOR statement:io.typefox.yang.yang.impl.LeafImpl@54880882 (name: startup) WITH ID yuma-netconf:nc-node-rpc copy-config-pill-input-container-source-config-source-choice-startup-case-startup-case-startup
10099 [Test worker] INFO  x.yang.diagram.YangDiagramGenerator  - CREATED ELEMENT FOR statement:io.typefox.yang.yang.impl.LeafImpl@6f891228 (name: url) WITH ID yuma-netconf:nc-node-rpc copy-config-pill-input-container-source-config-source-choice-url-case-url-case-url
10099 [Test worker] INFO  x.yang.diagram.YangDiagramGenerator  - CREATED ELEMENT FOR statement:io.typefox.yang.yang.impl.ContainerImpl@d9e9368 (name: config) WITH ID yuma-netconf:nc-node-rpc copy-config-pill-input-container-source-config-source-choice-config-case-config-case-container-config
10099 [Test worker] INFO  x.yang.diagram.YangDiagramGenerator  - CREATED ELEMENT FOR statement:io.typefox.yang.yang.impl.ChoiceImpl@79b47895 (name: config-source) WITH ID yuma-netconf:nc-node-rpc copy-config-pill-input-container-source-config-source-choice
10099 [Test worker] INFO  x.yang.diagram.YangDiagramGenerator  - CREATED ELEMENT FOR statement:io.typefox.yang.yang.impl.ContainerImpl@6d6cb339 (name: source) WITH ID yuma-netconf:nc-node-rpc copy-config-pill-input-container-source
10099 [Test worker] INFO  x.yang.diagram.YangDiagramGenerator  - CREATED ELEMENT FOR statement:io.typefox.yang.yang.impl.InputImpl@4a53e4ee (name: null) WITH ID yuma-netconf:nc-node-rpc copy-config-pill-input
10099 [Test worker] INFO  x.yang.diagram.YangDiagramGenerator  - CREATED ELEMENT FOR statement:io.typefox.yang.yang.impl.RpcImpl@33af2b1f (name: copy-config) WITH ID yuma-netconf:nc-node-rpc copy-config-pill
10099 [Test worker] INFO  x.yang.diagram.YangDiagramGenerator  - CREATED ELEMENT FOR statement:io.typefox.yang.yang.impl.LeafImpl@69858d2f (name: startup) WITH ID yuma-netconf:nc-node-rpc delete-config-pill-input-container-target-config-target-choice-startup-case-startup-case-startup
10099 [Test worker] INFO  x.yang.diagram.YangDiagramGenerator  - CREATED ELEMENT FOR statement:io.typefox.yang.yang.impl.LeafImpl@61f80e5d (name: url) WITH ID yuma-netconf:nc-node-rpc delete-config-pill-input-container-target-config-target-choice-url-case-url-case-url
10099 [Test worker] INFO  x.yang.diagram.YangDiagramGenerator  - CREATED ELEMENT FOR statement:io.typefox.yang.yang.impl.ChoiceImpl@34d9f218 (name: config-target) WITH ID yuma-netconf:nc-node-rpc delete-config-pill-input-container-target-config-target-choice
10099 [Test worker] INFO  x.yang.diagram.YangDiagramGenerator  - CREATED ELEMENT FOR statement:io.typefox.yang.yang.impl.ContainerImpl@7e64c04f (name: target) WITH ID yuma-netconf:nc-node-rpc delete-config-pill-input-container-target
10099 [Test worker] INFO  x.yang.diagram.YangDiagramGenerator  - CREATED ELEMENT FOR statement:io.typefox.yang.yang.impl.InputImpl@3bcdc659 (name: null) WITH ID yuma-netconf:nc-node-rpc delete-config-pill-input
10099 [Test worker] INFO  x.yang.diagram.YangDiagramGenerator  - CREATED ELEMENT FOR statement:io.typefox.yang.yang.impl.RpcImpl@1a66bd9b (name: delete-config) WITH ID yuma-netconf:nc-node-rpc delete-config-pill
10099 [Test worker] INFO  x.yang.diagram.YangDiagramGenerator  - CREATED ELEMENT FOR statement:io.typefox.yang.yang.impl.LeafImpl@6154d5fd (name: candidate) WITH ID yuma-netconf:nc-node-rpc lock-pill-input-container-target-config-target-choice-candidate-case-candidate-case-candidate
10099 [Test worker] INFO  x.yang.diagram.YangDiagramGenerator  - CREATED ELEMENT FOR statement:io.typefox.yang.yang.impl.LeafImpl@39ea1720 (name: running) WITH ID yuma-netconf:nc-node-rpc lock-pill-input-container-target-config-target-choice-running-case-running-case-running
10099 [Test worker] INFO  x.yang.diagram.YangDiagramGenerator  - CREATED ELEMENT FOR statement:io.typefox.yang.yang.impl.LeafImpl@6cc0e14a (name: startup) WITH ID yuma-netconf:nc-node-rpc lock-pill-input-container-target-config-target-choice-startup-case-startup-case-startup
10099 [Test worker] INFO  x.yang.diagram.YangDiagramGenerator  - CREATED ELEMENT FOR statement:io.typefox.yang.yang.impl.ChoiceImpl@43e5132c (name: config-target) WITH ID yuma-netconf:nc-node-rpc lock-pill-input-container-target-config-target-choice
10099 [Test worker] INFO  x.yang.diagram.YangDiagramGenerator  - CREATED ELEMENT FOR statement:io.typefox.yang.yang.impl.ContainerImpl@459dd90 (name: target) WITH ID yuma-netconf:nc-node-rpc lock-pill-input-container-target
10099 [Test worker] INFO  x.yang.diagram.YangDiagramGenerator  - CREATED ELEMENT FOR statement:io.typefox.yang.yang.impl.InputImpl@6d63992c (name: null) WITH ID yuma-netconf:nc-node-rpc lock-pill-input
10099 [Test worker] INFO  x.yang.diagram.YangDiagramGenerator  - CREATED ELEMENT FOR statement:io.typefox.yang.yang.impl.RpcImpl@642ef7b (name: lock) WITH ID yuma-netconf:nc-node-rpc lock-pill
10099 [Test worker] INFO  x.yang.diagram.YangDiagramGenerator  - CREATED ELEMENT FOR statement:io.typefox.yang.yang.impl.LeafImpl@6d55f0ec (name: candidate) WITH ID yuma-netconf:nc-node-rpc unlock-pill-input-container-target-config-target-choice-candidate-case-candidate-case-candidate
10099 [Test worker] INFO  x.yang.diagram.YangDiagramGenerator  - CREATED ELEMENT FOR statement:io.typefox.yang.yang.impl.LeafImpl@272a058b (name: running) WITH ID yuma-netconf:nc-node-rpc unlock-pill-input-container-target-config-target-choice-running-case-running-case-running
10100 [Test worker] INFO  x.yang.diagram.YangDiagramGenerator  - CREATED ELEMENT FOR statement:io.typefox.yang.yang.impl.LeafImpl@56f152bb (name: startup) WITH ID yuma-netconf:nc-node-rpc unlock-pill-input-container-target-config-target-choice-startup-case-startup-case-startup
10100 [Test worker] INFO  x.yang.diagram.YangDiagramGenerator  - CREATED ELEMENT FOR statement:io.typefox.yang.yang.impl.ChoiceImpl@47595629 (name: config-target) WITH ID yuma-netconf:nc-node-rpc unlock-pill-input-container-target-config-target-choice
10100 [Test worker] INFO  x.yang.diagram.YangDiagramGenerator  - CREATED ELEMENT FOR statement:io.typefox.yang.yang.impl.ContainerImpl@5c90cbe (name: target) WITH ID yuma-netconf:nc-node-rpc unlock-pill-input-container-target
10100 [Test worker] INFO  x.yang.diagram.YangDiagramGenerator  - CREATED ELEMENT FOR statement:io.typefox.yang.yang.impl.InputImpl@72b847d1 (name: null) WITH ID yuma-netconf:nc-node-rpc unlock-pill-input
10100 [Test worker] INFO  x.yang.diagram.YangDiagramGenerator  - CREATED ELEMENT FOR statement:io.typefox.yang.yang.impl.RpcImpl@2e00b7b7 (name: unlock) WITH ID yuma-netconf:nc-node-rpc unlock-pill
10100 [Test worker] INFO  x.yang.diagram.YangDiagramGenerator  - CREATED ELEMENT FOR statement:io.typefox.yang.yang.impl.InputImpl@23e54440 (name: null) WITH ID yuma-netconf:nc-node-rpc get-pill-input
10100 [Test worker] INFO  x.yang.diagram.YangDiagramGenerator  - CREATED ELEMENT FOR statement:io.typefox.yang.yang.impl.ContainerImpl@6e84107e (name: data) WITH ID yuma-netconf:nc-node-rpc get-pill-output-container-data
10100 [Test worker] INFO  x.yang.diagram.YangDiagramGenerator  - CREATED ELEMENT FOR statement:io.typefox.yang.yang.impl.OutputImpl@5e3244b0 (name: null) WITH ID yuma-netconf:nc-node-rpc get-pill-output
10100 [Test worker] INFO  x.yang.diagram.YangDiagramGenerator  - CREATED ELEMENT FOR statement:io.typefox.yang.yang.impl.RpcImpl@75a4edce (name: get) WITH ID yuma-netconf:nc-node-rpc get-pill
10100 [Test worker] INFO  x.yang.diagram.YangDiagramGenerator  - CREATED ELEMENT FOR statement:io.typefox.yang.yang.impl.RpcImpl@7c6a707e (name: close-session) WITH ID yuma-netconf:nc-node-rpc close-session-pill
10100 [Test worker] INFO  x.yang.diagram.YangDiagramGenerator  - CREATED ELEMENT FOR statement:io.typefox.yang.yang.impl.LeafImpl@32a3886d (name: session-id) WITH ID yuma-netconf:nc-node-rpc kill-session-pill-input-session-id
10100 [Test worker] INFO  x.yang.diagram.YangDiagramGenerator  - CREATED ELEMENT FOR statement:io.typefox.yang.yang.impl.InputImpl@7ef85d4d (name: null) WITH ID yuma-netconf:nc-node-rpc kill-session-pill-input
10100 [Test worker] INFO  x.yang.diagram.YangDiagramGenerator  - CREATED ELEMENT FOR statement:io.typefox.yang.yang.impl.RpcImpl@2ce005c1 (name: kill-session) WITH ID yuma-netconf:nc-node-rpc kill-session-pill
10100 [Test worker] INFO  x.yang.diagram.YangDiagramGenerator  - CREATED ELEMENT FOR statement:io.typefox.yang.yang.impl.LeafImpl@3a679a3 (name: confirmed) WITH ID yuma-netconf:nc-node-rpc commit-pill-input-confirmed
10100 [Test worker] INFO  x.yang.diagram.YangDiagramGenerator  - CREATED ELEMENT FOR statement:io.typefox.yang.yang.impl.LeafImpl@2d68795a (name: confirm-timeout) WITH ID yuma-netconf:nc-node-rpc commit-pill-input-confirm-timeout
10100 [Test worker] INFO  x.yang.diagram.YangDiagramGenerator  - CREATED ELEMENT FOR statement:io.typefox.yang.yang.impl.LeafImpl@11c65b8f (name: persist) WITH ID yuma-netconf:nc-node-rpc commit-pill-input-persist
10100 [Test worker] INFO  x.yang.diagram.YangDiagramGenerator  - CREATED ELEMENT FOR statement:io.typefox.yang.yang.impl.LeafImpl@3da48a7b (name: persist-id) WITH ID yuma-netconf:nc-node-rpc commit-pill-input-persist-id
10100 [Test worker] INFO  x.yang.diagram.YangDiagramGenerator  - CREATED ELEMENT FOR statement:io.typefox.yang.yang.impl.InputImpl@dff870d (name: null) WITH ID yuma-netconf:nc-node-rpc commit-pill-input
10100 [Test worker] INFO  x.yang.diagram.YangDiagramGenerator  - CREATED ELEMENT FOR statement:io.typefox.yang.yang.impl.RpcImpl@63338d41 (name: commit) WITH ID yuma-netconf:nc-node-rpc commit-pill
10100 [Test worker] INFO  x.yang.diagram.YangDiagramGenerator  - CREATED ELEMENT FOR statement:io.typefox.yang.yang.impl.RpcImpl@408ab88b (name: discard-changes) WITH ID yuma-netconf:nc-node-rpc discard-changes-pill
10100 [Test worker] INFO  x.yang.diagram.YangDiagramGenerator  - CREATED ELEMENT FOR statement:io.typefox.yang.yang.impl.LeafImpl@596405b3 (name: persist-id) WITH ID yuma-netconf:nc-node-rpc cancel-commit-pill-input-persist-id
10100 [Test worker] INFO  x.yang.diagram.YangDiagramGenerator  - CREATED ELEMENT FOR statement:io.typefox.yang.yang.impl.InputImpl@2852367d (name: null) WITH ID yuma-netconf:nc-node-rpc cancel-commit-pill-input
10100 [Test worker] INFO  x.yang.diagram.YangDiagramGenerator  - CREATED ELEMENT FOR statement:io.typefox.yang.yang.impl.RpcImpl@57f4efb3 (name: cancel-commit) WITH ID yuma-netconf:nc-node-rpc cancel-commit-pill
10100 [Test worker] INFO  x.yang.diagram.YangDiagramGenerator  - CREATED ELEMENT FOR statement:io.typefox.yang.yang.impl.LeafImpl@422f5b26 (name: candidate) WITH ID yuma-netconf:nc-node-rpc validate-pill-input-container-source-config-source-choice-candidate-case-candidate-case-candidate
10100 [Test worker] INFO  x.yang.diagram.YangDiagramGenerator  - CREATED ELEMENT FOR statement:io.typefox.yang.yang.impl.LeafImpl@3b9f874d (name: running) WITH ID yuma-netconf:nc-node-rpc validate-pill-input-container-source-config-source-choice-running-case-running-case-running
10100 [Test worker] INFO  x.yang.diagram.YangDiagramGenerator  - CREATED ELEMENT FOR statement:io.typefox.yang.yang.impl.LeafImpl@2c7af9d (name: startup) WITH ID yuma-netconf:nc-node-rpc validate-pill-input-container-source-config-source-choice-startup-case-startup-case-startup
10100 [Test worker] INFO  x.yang.diagram.YangDiagramGenerator  - CREATED ELEMENT FOR statement:io.typefox.yang.yang.impl.LeafImpl@723e5101 (name: url) WITH ID yuma-netconf:nc-node-rpc validate-pill-input-container-source-config-source-choice-url-case-url-case-url
10100 [Test worker] INFO  x.yang.diagram.YangDiagramGenerator  - CREATED ELEMENT FOR statement:io.typefox.yang.yang.impl.ContainerImpl@4af0c20b (name: config) WITH ID yuma-netconf:nc-node-rpc validate-pill-input-container-source-config-source-choice-config-case-config-case-container-config
10101 [Test worker] INFO  x.yang.diagram.YangDiagramGenerator  - CREATED ELEMENT FOR statement:io.typefox.yang.yang.impl.ChoiceImpl@d1281f7 (name: config-source) WITH ID yuma-netconf:nc-node-rpc validate-pill-input-container-source-config-source-choice
10101 [Test worker] INFO  x.yang.diagram.YangDiagramGenerator  - CREATED ELEMENT FOR statement:io.typefox.yang.yang.impl.ContainerImpl@32967c8f (name: source) WITH ID yuma-netconf:nc-node-rpc validate-pill-input-container-source
10101 [Test worker] INFO  x.yang.diagram.YangDiagramGenerator  - CREATED ELEMENT FOR statement:io.typefox.yang.yang.impl.InputImpl@32a09585 (name: null) WITH ID yuma-netconf:nc-node-rpc validate-pill-input
10101 [Test worker] INFO  x.yang.diagram.YangDiagramGenerator  - CREATED ELEMENT FOR statement:io.typefox.yang.yang.impl.RpcImpl@7e8cf940 (name: validate) WITH ID yuma-netconf:nc-node-rpc validate-pill
10101 [Test worker] INFO  x.yang.diagram.YangDiagramGenerator  - CREATED ELEMENT FOR statement:io.typefox.yang.yang.impl.ContainerImpl@6708d25f (name: config) WITH ID yuma-netconf:nc-node-rpc load-config-pill-input-container-config
10101 [Test worker] INFO  x.yang.diagram.YangDiagramGenerator  - CREATED ELEMENT FOR statement:io.typefox.yang.yang.impl.InputImpl@66fbb835 (name: null) WITH ID yuma-netconf:nc-node-rpc load-config-pill-input
10101 [Test worker] INFO  x.yang.diagram.YangDiagramGenerator  - CREATED ELEMENT FOR statement:io.typefox.yang.yang.impl.RpcImpl@504105d2 (name: load-config) WITH ID yuma-netconf:nc-node-rpc load-config-pill
10101 [Test worker] INFO  x.yang.diagram.YangDiagramGenerator  - CREATED ELEMENT FOR statement:io.typefox.yang.yang.impl.ContainerImpl@491ea063 (name: config) WITH ID yuma-netconf:nc-node-container-config
10101 [Test worker] INFO  x.yang.diagram.YangDiagramGenerator  - CREATED ELEMENT FOR statement:io.typefox.yang.yang.impl.ModuleImpl@68250935 (name: yuma-netconf) WITH ID yuma-netconf:nc
10152 [Test worker] INFO  x.yang.diagram.YangDiagramGenerator  - Generating diagram for input: 'yangdump.yang'
10152 [Test worker] INFO  x.yang.diagram.YangDiagramGenerator  - CREATED ELEMENT FOR statement:io.typefox.yang.yang.impl.TypedefImpl@7b99de35 (name: FormatType) WITH ID yangdump:yd-node-typedef-FormatType
10152 [Test worker] INFO  x.yang.diagram.YangDiagramGenerator  - CREATED ELEMENT FOR statement:io.typefox.yang.yang.impl.TypedefImpl@7e83b0cb (name: TocType) WITH ID yangdump:yd-node-typedef-TocType
10152 [Test worker] INFO  x.yang.diagram.YangDiagramGenerator  - CREATED ELEMENT FOR statement:io.typefox.yang.yang.impl.TypedefImpl@7778f17a (name: ObjViewType) WITH ID yangdump:yd-node-typedef-ObjViewType
10152 [Test worker] INFO  x.yang.diagram.YangDiagramGenerator  - CREATED ELEMENT FOR statement:io.typefox.yang.yang.impl.LeafImpl@302422af (name: defnames) WITH ID yangdump:yd-node-container-yangdump-defnames
10152 [Test worker] INFO  x.yang.diagram.YangDiagramGenerator  - CREATED ELEMENT FOR statement:io.typefox.yang.yang.impl.LeafImpl@5f93ae8 (name: format) WITH ID yangdump:yd-node-container-yangdump-format
10152 [Test worker] INFO  x.yang.diagram.YangDiagramGenerator  - CREATED ELEMENT FOR statement:io.typefox.yang.yang.impl.LeafImpl@661fc774 (name: modversion) WITH ID yangdump:yd-node-container-yangdump-modversion
10152 [Test worker] INFO  x.yang.diagram.YangDiagramGenerator  - CREATED ELEMENT FOR statement:io.typefox.yang.yang.impl.LeafImpl@56dc19ec (name: exports) WITH ID yangdump:yd-node-container-yangdump-exports
10152 [Test worker] INFO  x.yang.diagram.YangDiagramGenerator  - CREATED ELEMENT FOR statement:io.typefox.yang.yang.impl.LeafImpl@47fc78c2 (name: dependencies) WITH ID yangdump:yd-node-container-yangdump-dependencies
10152 [Test worker] INFO  x.yang.diagram.YangDiagramGenerator  - CREATED ELEMENT FOR statement:io.typefox.yang.yang.impl.LeafImpl@b9e24af (name: identifiers) WITH ID yangdump:yd-node-container-yangdump-identifiers
10152 [Test worker] INFO  x.yang.diagram.YangDiagramGenerator  - CREATED ELEMENT FOR statement:io.typefox.yang.yang.impl.LeafImpl@132266cf (name: html-div) WITH ID yangdump:yd-node-container-yangdump-html-div
10152 [Test worker] INFO  x.yang.diagram.YangDiagramGenerator  - CREATED ELEMENT FOR statement:io.typefox.yang.yang.impl.LeafImpl@25871e3e (name: html-toc) WITH ID yangdump:yd-node-container-yangdump-html-toc
10152 [Test worker] INFO  x.yang.diagram.YangDiagramGenerator  - CREATED ELEMENT FOR statement:io.typefox.yang.yang.impl.LeafImpl@1194824 (name: objview) WITH ID yangdump:yd-node-container-yangdump-objview
10153 [Test worker] INFO  x.yang.diagram.YangDiagramGenerator  - CREATED ELEMENT FOR statement:io.typefox.yang.yang.impl.LeafImpl@7b58bff4 (name: show-errors) WITH ID yangdump:yd-node-container-yangdump-show-errors
10153 [Test worker] INFO  x.yang.diagram.YangDiagramGenerator  - CREATED ELEMENT FOR statement:io.typefox.yang.yang.impl.LeafImpl@7bccba4e (name: simurls) WITH ID yangdump:yd-node-container-yangdump-simurls
10153 [Test worker] INFO  x.yang.diagram.YangDiagramGenerator  - CREATED ELEMENT FOR statement:io.typefox.yang.yang.impl.LeafImpl@66a73de7 (name: tree-identifiers) WITH ID yangdump:yd-node-container-yangdump-tree-identifiers
10153 [Test worker] INFO  x.yang.diagram.YangDiagramGenerator  - CREATED ELEMENT FOR statement:io.typefox.yang.yang.impl.LeafImpl@2db4117f (name: unified) WITH ID yangdump:yd-node-container-yangdump-unified
10153 [Test worker] INFO  x.yang.diagram.YangDiagramGenerator  - CREATED ELEMENT FOR statement:io.typefox.yang.yang.impl.LeafImpl@13adbc22 (name: urlstart) WITH ID yangdump:yd-node-container-yangdump-urlstart
10153 [Test worker] INFO  x.yang.diagram.YangDiagramGenerator  - CREATED ELEMENT FOR statement:io.typefox.yang.yang.impl.LeafImpl@d2d6ad3 (name: versionnames) WITH ID yangdump:yd-node-container-yangdump-versionnames
10153 [Test worker] INFO  x.yang.diagram.YangDiagramGenerator  - CREATED ELEMENT FOR statement:io.typefox.yang.yang.impl.LeafImpl@52ba3694 (name: xsd-schemaloc) WITH ID yangdump:yd-node-container-yangdump-xsd-schemaloc
10153 [Test worker] INFO  x.yang.diagram.YangDiagramGenerator  - CREATED ELEMENT FOR statement:io.typefox.yang.yang.impl.UsesImpl@5f88ea55 WITH ID yangdump:yd-node-container-yangdump-uses NcxAppCommon-pill
10153 [Test worker] INFO  x.yang.diagram.YangDiagramGenerator  - CREATED ELEMENT FOR statement:io.typefox.yang.yang.impl.UsesImpl@21ba012a WITH ID yangdump:yd-node-container-yangdump-uses ConfigParm-pill
10153 [Test worker] INFO  x.yang.diagram.YangDiagramGenerator  - CREATED ELEMENT FOR statement:io.typefox.yang.yang.impl.UsesImpl@47278c3c WITH ID yangdump:yd-node-container-yangdump-uses YumaHomeParm-pill
10153 [Test worker] INFO  x.yang.diagram.YangDiagramGenerator  - CREATED ELEMENT FOR statement:io.typefox.yang.yang.impl.UsesImpl@44aa0cda WITH ID yangdump:yd-node-container-yangdump-uses CommonFeatureParms-pill
10153 [Test worker] INFO  x.yang.diagram.YangDiagramGenerator  - CREATED ELEMENT FOR statement:io.typefox.yang.yang.impl.UsesImpl@5c689c58 WITH ID yangdump:yd-node-container-yangdump-uses FeatureCodeParms-pill
10153 [Test worker] INFO  x.yang.diagram.YangDiagramGenerator  - CREATED ELEMENT FOR statement:io.typefox.yang.yang.impl.UsesImpl@2d2a75ae WITH ID yangdump:yd-node-container-yangdump-uses HomeParm-pill
10153 [Test worker] INFO  x.yang.diagram.YangDiagramGenerator  - CREATED ELEMENT FOR statement:io.typefox.yang.yang.impl.UsesImpl@56974a5b WITH ID yangdump:yd-node-container-yangdump-uses ModuleParm-pill
10153 [Test worker] INFO  x.yang.diagram.YangDiagramGenerator  - CREATED ELEMENT FOR statement:io.typefox.yang.yang.impl.UsesImpl@424f508f WITH ID yangdump:yd-node-container-yangdump-uses SubtreeParm-pill
10153 [Test worker] INFO  x.yang.diagram.YangDiagramGenerator  - CREATED ELEMENT FOR statement:io.typefox.yang.yang.impl.UsesImpl@5add8ec2 WITH ID yangdump:yd-node-container-yangdump-uses DeviationParm-pill
10153 [Test worker] INFO  x.yang.diagram.YangDiagramGenerator  - CREATED ELEMENT FOR statement:io.typefox.yang.yang.impl.UsesImpl@24a40732 WITH ID yangdump:yd-node-container-yangdump-uses OutputParm-pill
10153 [Test worker] INFO  x.yang.diagram.YangDiagramGenerator  - CREATED ELEMENT FOR statement:io.typefox.yang.yang.impl.UsesImpl@488d446f WITH ID yangdump:yd-node-container-yangdump-uses SubdirsParm-pill
10153 [Test worker] INFO  x.yang.diagram.YangDiagramGenerator  - CREATED ELEMENT FOR statement:io.typefox.yang.yang.impl.LeafImpl@707eaed9 (name: stats) WITH ID yangdump:yd-node-container-yangdump-stats-report-choice-statistics-case-stats
10153 [Test worker] INFO  x.yang.diagram.YangDiagramGenerator  - CREATED ELEMENT FOR statement:io.typefox.yang.yang.impl.LeafImpl@4663958a (name: totals) WITH ID yangdump:yd-node-container-yangdump-stats-report-choice-statistics-case-totals
10153 [Test worker] INFO  x.yang.diagram.YangDiagramGenerator  - CREATED ELEMENT FOR statement:io.typefox.yang.yang.impl.ChoiceImpl@427a87e3 (name: stats-report) WITH ID yangdump:yd-node-container-yangdump-stats-report-choice
10153 [Test worker] INFO  x.yang.diagram.YangDiagramGenerator  - CREATED ELEMENT FOR statement:io.typefox.yang.yang.impl.ContainerImpl@60f61dff (name: yangdump) WITH ID yangdump:yd-node-container-yangdump
10153 [Test worker] INFO  x.yang.diagram.YangDiagramGenerator  - CREATED ELEMENT FOR statement:io.typefox.yang.yang.impl.ModuleImpl@657b7f5e (name: yangdump) WITH ID yangdump:yd
10178 [Test worker] INFO  x.yang.diagram.YangDiagramGenerator  - Generating diagram for input: 'yuma-ncx.yang'
10178 [Test worker] INFO  x.yang.diagram.YangDiagramGenerator  - CREATED ELEMENT FOR statement:io.typefox.yang.yang.impl.LeafImpl@1a2ac166 (name: xpath) WITH ID yuma-ncx:ncx-node-container-must-xpath
10178 [Test worker] INFO  x.yang.diagram.YangDiagramGenerator  - CREATED ELEMENT FOR statement:io.typefox.yang.yang.impl.LeafImpl@259ff7b2 (name: description) WITH ID yuma-ncx:ncx-node-container-must-description
10178 [Test worker] INFO  x.yang.diagram.YangDiagramGenerator  - CREATED ELEMENT FOR statement:io.typefox.yang.yang.impl.LeafImpl@48039fb7 (name: error-app-tag) WITH ID yuma-ncx:ncx-node-container-must-error-app-tag
10178 [Test worker] INFO  x.yang.diagram.YangDiagramGenerator  - CREATED ELEMENT FOR statement:io.typefox.yang.yang.impl.LeafImpl@2c738a3c (name: error-message) WITH ID yuma-ncx:ncx-node-container-must-error-message
10178 [Test worker] INFO  x.yang.diagram.YangDiagramGenerator  - CREATED ELEMENT FOR statement:io.typefox.yang.yang.impl.UsesImpl@609e4f25 WITH ID yuma-ncx:ncx-node-container-must-uses reference-pill
10178 [Test worker] INFO  x.yang.diagram.YangDiagramGenerator  - CREATED ELEMENT FOR statement:io.typefox.yang.yang.impl.ContainerImpl@3ae606e3 (name: must) WITH ID yuma-ncx:ncx-node-container-must
10179 [Test worker] INFO  x.yang.diagram.YangDiagramGenerator  - CREATED ELEMENT FOR statement:io.typefox.yang.yang.impl.LeafImpl@6e4cd82f (name: text) WITH ID yuma-ncx:ncx-node-grouping-reference-container-reference-text
10179 [Test worker] INFO  x.yang.diagram.YangDiagramGenerator  - CREATED ELEMENT FOR statement:io.typefox.yang.yang.impl.LeafImpl@5e5e9db0 (name: url) WITH ID yuma-ncx:ncx-node-grouping-reference-container-reference-url
10179 [Test worker] INFO  x.yang.diagram.YangDiagramGenerator  - CREATED ELEMENT FOR statement:io.typefox.yang.yang.impl.ContainerImpl@4c2b1639 (name: reference) WITH ID yuma-ncx:ncx-node-grouping-reference-container-reference
10179 [Test worker] INFO  x.yang.diagram.YangDiagramGenerator  - CREATED ELEMENT FOR statement:io.typefox.yang.yang.impl.GroupingImpl@46f0c041 (name: reference) WITH ID yuma-ncx:ncx-node-grouping-reference
10179 [Test worker] INFO  x.yang.diagram.YangDiagramGenerator  - CREATED ELEMENT FOR statement:io.typefox.yang.yang.impl.UsesImpl@4e75f510 WITH ID yuma-ncx:ncx-node-uses reference-pill
10179 [Test worker] INFO  x.yang.diagram.YangDiagramGenerator  - CREATED ELEMENT FOR statement:io.typefox.yang.yang.impl.LeafImpl@646c4273 (name: version) WITH ID yuma-ncx:ncx-node-container-revision-version
10179 [Test worker] INFO  x.yang.diagram.YangDiagramGenerator  - CREATED ELEMENT FOR statement:io.typefox.yang.yang.impl.LeafImpl@70620a19 (name: description) WITH ID yuma-ncx:ncx-node-container-revision-description
10179 [Test worker] INFO  x.yang.diagram.YangDiagramGenerator  - CREATED ELEMENT FOR statement:io.typefox.yang.yang.impl.ContainerImpl@30d02e9c (name: revision) WITH ID yuma-ncx:ncx-node-container-revision
10179 [Test worker] INFO  x.yang.diagram.YangDiagramGenerator  - CREATED ELEMENT FOR statement:io.typefox.yang.yang.impl.ContainerImpl@516c90e3 (name: struct) WITH ID yuma-ncx:ncx-node-container-struct
10179 [Test worker] INFO  x.yang.diagram.YangDiagramGenerator  - CREATED ELEMENT FOR statement:io.typefox.yang.yang.impl.ContainerImpl@57152f67 (name: root) WITH ID yuma-ncx:ncx-node-container-root
10180 [Test worker] INFO  x.yang.diagram.YangDiagramGenerator  - CREATED ELEMENT FOR statement:io.typefox.yang.yang.impl.ModuleImpl@37c7c55e (name: yuma-ncx) WITH ID yuma-ncx:ncx
10212 [Test worker] INFO  x.yang.diagram.YangDiagramGenerator  - Generating diagram for input: 'yuma-arp.yang'
10215 [Test worker] INFO  x.yang.diagram.YangDiagramGenerator  - CREATED ELEMENT FOR statement:io.typefox.yang.yang.impl.LeafImpl@6deacd1b (name: ip-address) WITH ID yuma-arp:arp-node-container-arp-grouping-arp-entry-ip-address
10216 [Test worker] INFO  x.yang.diagram.YangDiagramGenerator  - CREATED ELEMENT FOR statement:io.typefox.yang.yang.impl.LeafImpl@76b51c55 (name: mac-address) WITH ID yuma-arp:arp-node-container-arp-grouping-arp-entry-mac-address
10216 [Test worker] INFO  x.yang.diagram.YangDiagramGenerator  - CREATED ELEMENT FOR statement:io.typefox.yang.yang.impl.GroupingImpl@739cd96e (name: arp-entry) WITH ID yuma-arp:arp-node-container-arp-grouping-arp-entry
10217 [Test worker] INFO  x.yang.diagram.YangDiagramGenerator  - CREATED ELEMENT FOR statement:io.typefox.yang.yang.impl.LeafImpl@1393ab1c (name: maximum-entries) WITH ID yuma-arp:arp-node-container-arp-container-arp-settings-maximum-entries
10217 [Test worker] INFO  x.yang.diagram.YangDiagramGenerator  - CREATED ELEMENT FOR statement:io.typefox.yang.yang.impl.LeafImpl@282a2e60 (name: validity-timeout) WITH ID yuma-arp:arp-node-container-arp-container-arp-settings-validity-timeout
10217 [Test worker] INFO  x.yang.diagram.YangDiagramGenerator  - CREATED ELEMENT FOR statement:io.typefox.yang.yang.impl.ContainerImpl@76a3d884 (name: arp-settings) WITH ID yuma-arp:arp-node-container-arp-container-arp-settings
10217 [Test worker] INFO  x.yang.diagram.YangDiagramGenerator  - CREATED ELEMENT FOR statement:io.typefox.yang.yang.impl.UsesImpl@63612897 WITH ID yuma-arp:arp-node-container-arp-container-static-arps-list-static-arp-uses arp-entry-pill
10217 [Test worker] INFO  x.yang.diagram.YangDiagramGenerator  - CREATED ELEMENT FOR statement:io.typefox.yang.yang.impl.ListImpl@6da4b4ac (name: static-arp) WITH ID yuma-arp:arp-node-container-arp-container-static-arps-list-static-arp
10217 [Test worker] INFO  x.yang.diagram.YangDiagramGenerator  - CREATED ELEMENT FOR statement:io.typefox.yang.yang.impl.ContainerImpl@1404de56 (name: static-arps) WITH ID yuma-arp:arp-node-container-arp-container-static-arps
10217 [Test worker] INFO  x.yang.diagram.YangDiagramGenerator  - CREATED ELEMENT FOR statement:io.typefox.yang.yang.impl.UsesImpl@7c0b43aa WITH ID yuma-arp:arp-node-container-arp-container-dynamic-arps-list-dynamic-arp-uses arp-entry-pill
10217 [Test worker] INFO  x.yang.diagram.YangDiagramGenerator  - CREATED ELEMENT FOR statement:io.typefox.yang.yang.impl.ListImpl@16c4f92c (name: dynamic-arp) WITH ID yuma-arp:arp-node-container-arp-container-dynamic-arps-list-dynamic-arp
10217 [Test worker] INFO  x.yang.diagram.YangDiagramGenerator  - CREATED ELEMENT FOR statement:io.typefox.yang.yang.impl.ContainerImpl@5e0d3e8c (name: dynamic-arps) WITH ID yuma-arp:arp-node-container-arp-container-dynamic-arps
10218 [Test worker] INFO  x.yang.diagram.YangDiagramGenerator  - CREATED ELEMENT FOR statement:io.typefox.yang.yang.impl.ContainerImpl@6cc9ad75 (name: arp) WITH ID yuma-arp:arp-node-container-arp
10218 [Test worker] INFO  x.yang.diagram.YangDiagramGenerator  - CREATED ELEMENT FOR statement:io.typefox.yang.yang.impl.ModuleImpl@4af9a555 (name: yuma-arp) WITH ID yuma-arp:arp
10240 [Test worker] INFO  x.yang.diagram.YangDiagramGenerator  - Generating diagram for input: 'yuma-app-common.yang'
10242 [Test worker] INFO  x.yang.diagram.YangDiagramGenerator  - CREATED ELEMENT FOR statement:io.typefox.yang.yang.impl.TypedefImpl@4c8b8005 (name: CliWithDefaultsType) WITH ID yuma-app-common:appcmn-node-typedef-CliWithDefaultsType
10243 [Test worker] INFO  x.yang.diagram.YangDiagramGenerator  - CREATED ELEMENT FOR statement:io.typefox.yang.yang.impl.LeafImpl@6d083ee4 (name: with-defaults) WITH ID yuma-app-common:appcmn-node-grouping-CliWithDefaultsParm-with-defaults
10243 [Test worker] INFO  x.yang.diagram.YangDiagramGenerator  - CREATED ELEMENT FOR statement:io.typefox.yang.yang.impl.GroupingImpl@6a5cfd1d (name: CliWithDefaultsParm) WITH ID yuma-app-common:appcmn-node-grouping-CliWithDefaultsParm
10243 [Test worker] INFO  x.yang.diagram.YangDiagramGenerator  - CREATED ELEMENT FOR statement:io.typefox.yang.yang.impl.LeafImpl@380eb029 (name: brief) WITH ID yuma-app-common:appcmn-node-grouping-HelpMode-help-mode-choice-brief-case-brief-case-brief
10244 [Test worker] INFO  x.yang.diagram.YangDiagramGenerator  - CREATED ELEMENT FOR statement:io.typefox.yang.yang.impl.LeafImpl@28158485 (name: normal) WITH ID yuma-app-common:appcmn-node-grouping-HelpMode-help-mode-choice-normal-case-normal-case-normal
10244 [Test worker] INFO  x.yang.diagram.YangDiagramGenerator  - CREATED ELEMENT FOR statement:io.typefox.yang.yang.impl.LeafImpl@446607d (name: full) WITH ID yuma-app-common:appcmn-node-grouping-HelpMode-help-mode-choice-full-case-full-case-full
10244 [Test worker] INFO  x.yang.diagram.YangDiagramGenerator  - CREATED ELEMENT FOR statement:io.typefox.yang.yang.impl.ChoiceImpl@97fd1fd (name: help-mode) WITH ID yuma-app-common:appcmn-node-grouping-HelpMode-help-mode-choice
10244 [Test worker] INFO  x.yang.diagram.YangDiagramGenerator  - CREATED ELEMENT FOR statement:io.typefox.yang.yang.impl.GroupingImpl@443da703 (name: HelpMode) WITH ID yuma-app-common:appcmn-node-grouping-HelpMode
10244 [Test worker] INFO  x.yang.diagram.YangDiagramGenerator  - CREATED ELEMENT FOR statement:io.typefox.yang.yang.impl.LeafImpl@408822ad (name: indent) WITH ID yuma-app-common:appcmn-node-grouping-IndentParm-indent
10244 [Test worker] INFO  x.yang.diagram.YangDiagramGenerator  - CREATED ELEMENT FOR statement:io.typefox.yang.yang.impl.GroupingImpl@777ae749 (name: IndentParm) WITH ID yuma-app-common:appcmn-node-grouping-IndentParm
10244 [Test worker] INFO  x.yang.diagram.YangDiagramGenerator  - CREATED ELEMENT FOR statement:io.typefox.yang.yang.impl.LeafImpl@7d3062 (name: datapath) WITH ID yuma-app-common:appcmn-node-grouping-DatapathParm-datapath
10244 [Test worker] INFO  x.yang.diagram.YangDiagramGenerator  - CREATED ELEMENT FOR statement:io.typefox.yang.yang.impl.GroupingImpl@29518ad1 (name: DatapathParm) WITH ID yuma-app-common:appcmn-node-grouping-DatapathParm
10244 [Test worker] INFO  x.yang.diagram.YangDiagramGenerator  - CREATED ELEMENT FOR statement:io.typefox.yang.yang.impl.LeafImpl@28cd581c (name: runpath) WITH ID yuma-app-common:appcmn-node-grouping-RunpathParm-runpath
10244 [Test worker] INFO  x.yang.diagram.YangDiagramGenerator  - CREATED ELEMENT FOR statement:io.typefox.yang.yang.impl.GroupingImpl@8adb2e3 (name: RunpathParm) WITH ID yuma-app-common:appcmn-node-grouping-RunpathParm
10245 [Test worker] INFO  x.yang.diagram.YangDiagramGenerator  - CREATED ELEMENT FOR statement:io.typefox.yang.yang.impl.LeafImpl@61ba6db4 (name: help) WITH ID yuma-app-common:appcmn-node-grouping-NcxAppCommon-help
10245 [Test worker] INFO  x.yang.diagram.YangDiagramGenerator  - CREATED ELEMENT FOR statement:io.typefox.yang.yang.impl.LeafImpl@44187450 (name: log) WITH ID yuma-app-common:appcmn-node-grouping-NcxAppCommon-log
10245 [Test worker] INFO  x.yang.diagram.YangDiagramGenerator  - CREATED ELEMENT FOR statement:io.typefox.yang.yang.impl.LeafImpl@657c977 (name: log-append) WITH ID yuma-app-common:appcmn-node-grouping-NcxAppCommon-log-append
10245 [Test worker] INFO  x.yang.diagram.YangDiagramGenerator  - CREATED ELEMENT FOR statement:io.typefox.yang.yang.impl.LeafImpl@630859f4 (name: log-level) WITH ID yuma-app-common:appcmn-node-grouping-NcxAppCommon-log-level
10245 [Test worker] INFO  x.yang.diagram.YangDiagramGenerator  - CREATED ELEMENT FOR statement:io.typefox.yang.yang.impl.LeafImpl@51ed4fec (name: modpath) WITH ID yuma-app-common:appcmn-node-grouping-NcxAppCommon-modpath
10245 [Test worker] INFO  x.yang.diagram.YangDiagramGenerator  - CREATED ELEMENT FOR statement:io.typefox.yang.yang.impl.LeafImpl@56d00b75 (name: version) WITH ID yuma-app-common:appcmn-node-grouping-NcxAppCommon-version
10245 [Test worker] INFO  x.yang.diagram.YangDiagramGenerator  - CREATED ELEMENT FOR statement:io.typefox.yang.yang.impl.LeafImpl@6e747ca9 (name: warn-idlen) WITH ID yuma-app-common:appcmn-node-grouping-NcxAppCommon-warn-idlen
10245 [Test worker] INFO  x.yang.diagram.YangDiagramGenerator  - CREATED ELEMENT FOR statement:io.typefox.yang.yang.impl.LeafImpl@4f924f6a (name: warn-linelen) WITH ID yuma-app-common:appcmn-node-grouping-NcxAppCommon-warn-linelen
10245 [Test worker] INFO  x.yang.diagram.YangDiagramGenerator  - CREATED ELEMENT FOR statement:io.typefox.yang.yang.impl.LeafListImpl@743bfb5b (name: warn-off) WITH ID yuma-app-common:appcmn-node-grouping-NcxAppCommon-warn-off
10245 [Test worker] INFO  x.yang.diagram.YangDiagramGenerator  - CREATED ELEMENT FOR statement:io.typefox.yang.yang.impl.UsesImpl@22e6dd0a WITH ID yuma-app-common:appcmn-node-grouping-NcxAppCommon-uses HelpMode-pill
10245 [Test worker] INFO  x.yang.diagram.YangDiagramGenerator  - CREATED ELEMENT FOR statement:io.typefox.yang.yang.impl.UsesImpl@6fba7ccb WITH ID yuma-app-common:appcmn-node-grouping-NcxAppCommon-uses IndentParm-pill
10245 [Test worker] INFO  x.yang.diagram.YangDiagramGenerator  - CREATED ELEMENT FOR statement:io.typefox.yang.yang.impl.GroupingImpl@328e9749 (name: NcxAppCommon) WITH ID yuma-app-common:appcmn-node-grouping-NcxAppCommon
10245 [Test worker] INFO  x.yang.diagram.YangDiagramGenerator  - CREATED ELEMENT FOR statement:io.typefox.yang.yang.impl.LeafImpl@19c45360 (name: yuma-home) WITH ID yuma-app-common:appcmn-node-grouping-YumaHomeParm-yuma-home
10245 [Test worker] INFO  x.yang.diagram.YangDiagramGenerator  - CREATED ELEMENT FOR statement:io.typefox.yang.yang.impl.GroupingImpl@ddec3df (name: YumaHomeParm) WITH ID yuma-app-common:appcmn-node-grouping-YumaHomeParm
10245 [Test worker] INFO  x.yang.diagram.YangDiagramGenerator  - CREATED ELEMENT FOR statement:io.typefox.yang.yang.impl.LeafImpl@31beaa8b (name: config) WITH ID yuma-app-common:appcmn-node-grouping-ConfigParm-config
10245 [Test worker] INFO  x.yang.diagram.YangDiagramGenerator  - CREATED ELEMENT FOR statement:io.typefox.yang.yang.impl.GroupingImpl@77cc572a (name: ConfigParm) WITH ID yuma-app-common:appcmn-node-grouping-ConfigParm
10245 [Test worker] INFO  x.yang.diagram.YangDiagramGenerator  - CREATED ELEMENT FOR statement:io.typefox.yang.yang.impl.LeafImpl@4c2845e0 (name: config) WITH ID yuma-app-common:appcmn-node-grouping-NewConfigParm-config-choice-choice-config-case-config-case-config
10246 [Test worker] INFO  x.yang.diagram.YangDiagramGenerator  - CREATED ELEMENT FOR statement:io.typefox.yang.yang.impl.LeafImpl@3793b781 (name: no-config) WITH ID yuma-app-common:appcmn-node-grouping-NewConfigParm-config-choice-choice-no-config-case-no-config-case-no-config
10246 [Test worker] INFO  x.yang.diagram.YangDiagramGenerator  - CREATED ELEMENT FOR statement:io.typefox.yang.yang.impl.ChoiceImpl@733da90a (name: config-choice) WITH ID yuma-app-common:appcmn-node-grouping-NewConfigParm-config-choice-choice
10246 [Test worker] INFO  x.yang.diagram.YangDiagramGenerator  - CREATED ELEMENT FOR statement:io.typefox.yang.yang.impl.GroupingImpl@66ddd540 (name: NewConfigParm) WITH ID yuma-app-common:appcmn-node-grouping-NewConfigParm
10246 [Test worker] INFO  x.yang.diagram.YangDiagramGenerator  - CREATED ELEMENT FOR statement:io.typefox.yang.yang.impl.LeafImpl@68d48b3e (name: feature-enable-default) WITH ID yuma-app-common:appcmn-node-grouping-CommonFeatureParms-feature-enable-default
10246 [Test worker] INFO  x.yang.diagram.YangDiagramGenerator  - CREATED ELEMENT FOR statement:io.typefox.yang.yang.impl.LeafListImpl@4251061a (name: feature-enable) WITH ID yuma-app-common:appcmn-node-grouping-CommonFeatureParms-feature-enable
10246 [Test worker] INFO  x.yang.diagram.YangDiagramGenerator  - CREATED ELEMENT FOR statement:io.typefox.yang.yang.impl.LeafListImpl@5cba82a3 (name: feature-disable) WITH ID yuma-app-common:appcmn-node-grouping-CommonFeatureParms-feature-disable
10246 [Test worker] INFO  x.yang.diagram.YangDiagramGenerator  - CREATED ELEMENT FOR statement:io.typefox.yang.yang.impl.GroupingImpl@54c53ba1 (name: CommonFeatureParms) WITH ID yuma-app-common:appcmn-node-grouping-CommonFeatureParms
10246 [Test worker] INFO  x.yang.diagram.YangDiagramGenerator  - CREATED ELEMENT FOR statement:io.typefox.yang.yang.impl.LeafImpl@1804d77c (name: feature-code-default) WITH ID yuma-app-common:appcmn-node-grouping-FeatureCodeParms-feature-code-default
10246 [Test worker] INFO  x.yang.diagram.YangDiagramGenerator  - CREATED ELEMENT FOR statement:io.typefox.yang.yang.impl.LeafListImpl@52af73b0 (name: feature-static) WITH ID yuma-app-common:appcmn-node-grouping-FeatureCodeParms-feature-static
10246 [Test worker] INFO  x.yang.diagram.YangDiagramGenerator  - CREATED ELEMENT FOR statement:io.typefox.yang.yang.impl.LeafListImpl@5a084cdc (name: feature-dynamic) WITH ID yuma-app-common:appcmn-node-grouping-FeatureCodeParms-feature-dynamic
10246 [Test worker] INFO  x.yang.diagram.YangDiagramGenerator  - CREATED ELEMENT FOR statement:io.typefox.yang.yang.impl.GroupingImpl@27ed6c0f (name: FeatureCodeParms) WITH ID yuma-app-common:appcmn-node-grouping-FeatureCodeParms
10246 [Test worker] INFO  x.yang.diagram.YangDiagramGenerator  - CREATED ELEMENT FOR statement:io.typefox.yang.yang.impl.LeafListImpl@19ecf0b9 (name: module) WITH ID yuma-app-common:appcmn-node-grouping-ModuleParm-module
10246 [Test worker] INFO  x.yang.diagram.YangDiagramGenerator  - CREATED ELEMENT FOR statement:io.typefox.yang.yang.impl.GroupingImpl@30f732c7 (name: ModuleParm) WITH ID yuma-app-common:appcmn-node-grouping-ModuleParm
10246 [Test worker] INFO  x.yang.diagram.YangDiagramGenerator  - CREATED ELEMENT FOR statement:io.typefox.yang.yang.impl.LeafListImpl@2881f6a9 (name: subtree) WITH ID yuma-app-common:appcmn-node-grouping-SubtreeParm-subtree
10248 [Test worker] INFO  x.yang.diagram.YangDiagramGenerator  - CREATED ELEMENT FOR statement:io.typefox.yang.yang.impl.GroupingImpl@64c06aa2 (name: SubtreeParm) WITH ID yuma-app-common:appcmn-node-grouping-SubtreeParm
10249 [Test worker] INFO  x.yang.diagram.YangDiagramGenerator  - CREATED ELEMENT FOR statement:io.typefox.yang.yang.impl.LeafListImpl@1ad727bb (name: deviation) WITH ID yuma-app-common:appcmn-node-grouping-DeviationParm-deviation
10249 [Test worker] INFO  x.yang.diagram.YangDiagramGenerator  - CREATED ELEMENT FOR statement:io.typefox.yang.yang.impl.GroupingImpl@133f5f2c (name: DeviationParm) WITH ID yuma-app-common:appcmn-node-grouping-DeviationParm
10249 [Test worker] INFO  x.yang.diagram.YangDiagramGenerator  - CREATED ELEMENT FOR statement:io.typefox.yang.yang.impl.LeafImpl@342cd75c (name: subdirs) WITH ID yuma-app-common:appcmn-node-grouping-SubdirsParm-subdirs
10249 [Test worker] INFO  x.yang.diagram.YangDiagramGenerator  - CREATED ELEMENT FOR statement:io.typefox.yang.yang.impl.GroupingImpl@535e3e01 (name: SubdirsParm) WITH ID yuma-app-common:appcmn-node-grouping-SubdirsParm
10249 [Test worker] INFO  x.yang.diagram.YangDiagramGenerator  - CREATED ELEMENT FOR statement:io.typefox.yang.yang.impl.LeafImpl@7097312e (name: output) WITH ID yuma-app-common:appcmn-node-grouping-OutputParm-output
10249 [Test worker] INFO  x.yang.diagram.YangDiagramGenerator  - CREATED ELEMENT FOR statement:io.typefox.yang.yang.impl.GroupingImpl@19b8d62f (name: OutputParm) WITH ID yuma-app-common:appcmn-node-grouping-OutputParm
10249 [Test worker] INFO  x.yang.diagram.YangDiagramGenerator  - CREATED ELEMENT FOR statement:io.typefox.yang.yang.impl.LeafImpl@4b7c7473 (name: protocols) WITH ID yuma-app-common:appcmn-node-grouping-ProtocolsParm-protocols
10249 [Test worker] INFO  x.yang.diagram.YangDiagramGenerator  - CREATED ELEMENT FOR statement:io.typefox.yang.yang.impl.GroupingImpl@69f0e52b (name: ProtocolsParm) WITH ID yuma-app-common:appcmn-node-grouping-ProtocolsParm
10249 [Test worker] INFO  x.yang.diagram.YangDiagramGenerator  - CREATED ELEMENT FOR statement:io.typefox.yang.yang.impl.LeafImpl@20a7b77a (name: home) WITH ID yuma-app-common:appcmn-node-grouping-HomeParm-home
10249 [Test worker] INFO  x.yang.diagram.YangDiagramGenerator  - CREATED ELEMENT FOR statement:io.typefox.yang.yang.impl.GroupingImpl@7f7114ef (name: HomeParm) WITH ID yuma-app-common:appcmn-node-grouping-HomeParm
10249 [Test worker] INFO  x.yang.diagram.YangDiagramGenerator  - CREATED ELEMENT FOR statement:io.typefox.yang.yang.impl.ModuleImpl@5706389e (name: yuma-app-common) WITH ID yuma-app-common:appcmn
10252 [Test worker] INFO  x.yang.diagram.YangDiagramGenerator  - Generating diagram for input: 'yuma-types.yang'
10252 [Test worker] INFO  x.yang.diagram.YangDiagramGenerator  - CREATED ELEMENT FOR statement:io.typefox.yang.yang.impl.TypedefImpl@393156e8 (name: int) WITH ID yuma-types:yt-node-typedef-int
10252 [Test worker] INFO  x.yang.diagram.YangDiagramGenerator  - CREATED ELEMENT FOR statement:io.typefox.yang.yang.impl.TypedefImpl@24303ad3 (name: uint) WITH ID yuma-types:yt-node-typedef-uint
10252 [Test worker] INFO  x.yang.diagram.YangDiagramGenerator  - CREATED ELEMENT FOR statement:io.typefox.yang.yang.impl.TypedefImpl@539194d6 (name: long) WITH ID yuma-types:yt-node-typedef-long
10252 [Test worker] INFO  x.yang.diagram.YangDiagramGenerator  - CREATED ELEMENT FOR statement:io.typefox.yang.yang.impl.TypedefImpl@353584f2 (name: ulong) WITH ID yuma-types:yt-node-typedef-ulong
10253 [Test worker] INFO  x.yang.diagram.YangDiagramGenerator  - CREATED ELEMENT FOR statement:io.typefox.yang.yang.impl.TypedefImpl@68002aa (name: ustring) WITH ID yuma-types:yt-node-typedef-ustring
10253 [Test worker] INFO  x.yang.diagram.YangDiagramGenerator  - CREATED ELEMENT FOR statement:io.typefox.yang.yang.impl.TypedefImpl@2343560b (name: NcxName) WITH ID yuma-types:yt-node-typedef-NcxName
10253 [Test worker] INFO  x.yang.diagram.YangDiagramGenerator  - CREATED ELEMENT FOR statement:io.typefox.yang.yang.impl.TypedefImpl@7c2b5191 (name: NcxQName) WITH ID yuma-types:yt-node-typedef-NcxQName
10253 [Test worker] INFO  x.yang.diagram.YangDiagramGenerator  - CREATED ELEMENT FOR statement:io.typefox.yang.yang.impl.TypedefImpl@652048f2 (name: NcxIdentifier) WITH ID yuma-types:yt-node-typedef-NcxIdentifier
10253 [Test worker] INFO  x.yang.diagram.YangDiagramGenerator  - CREATED ELEMENT FOR statement:io.typefox.yang.yang.impl.TypedefImpl@633393ae (name: yang-identifier) WITH ID yuma-types:yt-node-typedef-yang-identifier
10253 [Test worker] INFO  x.yang.diagram.YangDiagramGenerator  - CREATED ELEMENT FOR statement:io.typefox.yang.yang.impl.TypedefImpl@5a7962cd (name: NcxSessionId) WITH ID yuma-types:yt-node-typedef-NcxSessionId
10253 [Test worker] INFO  x.yang.diagram.YangDiagramGenerator  - CREATED ELEMENT FOR statement:io.typefox.yang.yang.impl.TypedefImpl@7c7807ca (name: NcxLineLength) WITH ID yuma-types:yt-node-typedef-NcxLineLength
10253 [Test worker] INFO  x.yang.diagram.YangDiagramGenerator  - CREATED ELEMENT FOR statement:io.typefox.yang.yang.impl.TypedefImpl@1bf8b76f (name: NcxUserName) WITH ID yuma-types:yt-node-typedef-NcxUserName
10258 [Test worker] INFO  x.yang.diagram.YangDiagramGenerator  - CREATED ELEMENT FOR statement:io.typefox.yang.yang.impl.TypedefImpl@64a9e95d (name: NcxGroupName) WITH ID yuma-types:yt-node-typedef-NcxGroupName
10258 [Test worker] INFO  x.yang.diagram.YangDiagramGenerator  - CREATED ELEMENT FOR statement:io.typefox.yang.yang.impl.TypedefImpl@75d7800f (name: NcAccessControlType) WITH ID yuma-types:yt-node-typedef-NcAccessControlType
10258 [Test worker] INFO  x.yang.diagram.YangDiagramGenerator  - CREATED ELEMENT FOR statement:io.typefox.yang.yang.impl.TypedefImpl@492d9f28 (name: NcxRpcType) WITH ID yuma-types:yt-node-typedef-NcxRpcType
10258 [Test worker] INFO  x.yang.diagram.YangDiagramGenerator  - CREATED ELEMENT FOR statement:io.typefox.yang.yang.impl.TypedefImpl@17300aad (name: NcDebugType) WITH ID yuma-types:yt-node-typedef-NcDebugType
10258 [Test worker] INFO  x.yang.diagram.YangDiagramGenerator  - CREATED ELEMENT FOR statement:io.typefox.yang.yang.impl.TypedefImpl@3cf8fa17 (name: NcPortNumber) WITH ID yuma-types:yt-node-typedef-NcPortNumber
10258 [Test worker] INFO  x.yang.diagram.YangDiagramGenerator  - CREATED ELEMENT FOR statement:io.typefox.yang.yang.impl.TypedefImpl@75e6c27f (name: NcIndex) WITH ID yuma-types:yt-node-typedef-NcIndex
10258 [Test worker] INFO  x.yang.diagram.YangDiagramGenerator  - CREATED ELEMENT FOR statement:io.typefox.yang.yang.impl.TypedefImpl@5097c734 (name: NcPathList) WITH ID yuma-types:yt-node-typedef-NcPathList
10259 [Test worker] INFO  x.yang.diagram.YangDiagramGenerator  - CREATED ELEMENT FOR statement:io.typefox.yang.yang.impl.TypedefImpl@47e5dae9 (name: NcModuleSpec) WITH ID yuma-types:yt-node-typedef-NcModuleSpec
10259 [Test worker] INFO  x.yang.diagram.YangDiagramGenerator  - CREATED ELEMENT FOR statement:io.typefox.yang.yang.impl.TypedefImpl@3cb6a840 (name: NcPathSpec) WITH ID yuma-types:yt-node-typedef-NcPathSpec
10259 [Test worker] INFO  x.yang.diagram.YangDiagramGenerator  - CREATED ELEMENT FOR statement:io.typefox.yang.yang.impl.TypedefImpl@7f007093 (name: IndentType) WITH ID yuma-types:yt-node-typedef-IndentType
10259 [Test worker] INFO  x.yang.diagram.YangDiagramGenerator  - CREATED ELEMENT FOR statement:io.typefox.yang.yang.impl.TypedefImpl@11c0a620 (name: Timeout) WITH ID yuma-types:yt-node-typedef-Timeout
10259 [Test worker] INFO  x.yang.diagram.YangDiagramGenerator  - CREATED ELEMENT FOR statement:io.typefox.yang.yang.impl.TypedefImpl@781b1463 (name: Date) WITH ID yuma-types:yt-node-typedef-Date
10259 [Test worker] INFO  x.yang.diagram.YangDiagramGenerator  - CREATED ELEMENT FOR statement:io.typefox.yang.yang.impl.TypedefImpl@71e64788 (name: FeatureSpec) WITH ID yuma-types:yt-node-typedef-FeatureSpec
10259 [Test worker] INFO  x.yang.diagram.YangDiagramGenerator  - CREATED ELEMENT FOR statement:io.typefox.yang.yang.impl.TypedefImpl@d9e25cf (name: TransactionId) WITH ID yuma-types:yt-node-typedef-TransactionId
10259 [Test worker] INFO  x.yang.diagram.YangDiagramGenerator  - CREATED ELEMENT FOR statement:io.typefox.yang.yang.impl.ModuleImpl@19fb63fa (name: yuma-types) WITH ID yuma-types:yt
10281 [Test worker] INFO  x.yang.diagram.YangDiagramGenerator  - Generating diagram for input: 'yuma-interfaces.yang'
10281 [Test worker] INFO  x.yang.diagram.YangDiagramGenerator  - CREATED ELEMENT FOR statement:io.typefox.yang.yang.impl.LeafImpl@1fddd12f (name: name) WITH ID yuma-interfaces:yuma-if-node-container-yuma-interfaces-list-interface-name
10281 [Test worker] INFO  x.yang.diagram.YangDiagramGenerator  - CREATED ELEMENT FOR statement:io.typefox.yang.yang.impl.LeafImpl@38452d86 (name: inBytes) WITH ID yuma-interfaces:yuma-if-node-container-yuma-interfaces-list-interface-container-counters-inBytes
10282 [Test worker] INFO  x.yang.diagram.YangDiagramGenerator  - CREATED ELEMENT FOR statement:io.typefox.yang.yang.impl.LeafImpl@11155f99 (name: inPackets) WITH ID yuma-interfaces:yuma-if-node-container-yuma-interfaces-list-interface-container-counters-inPackets
10282 [Test worker] INFO  x.yang.diagram.YangDiagramGenerator  - CREATED ELEMENT FOR statement:io.typefox.yang.yang.impl.LeafImpl@52102614 (name: inErrors) WITH ID yuma-interfaces:yuma-if-node-container-yuma-interfaces-list-interface-container-counters-inErrors
10282 [Test worker] INFO  x.yang.diagram.YangDiagramGenerator  - CREATED ELEMENT FOR statement:io.typefox.yang.yang.impl.LeafImpl@23b5d1d0 (name: inDrops) WITH ID yuma-interfaces:yuma-if-node-container-yuma-interfaces-list-interface-container-counters-inDrops
10282 [Test worker] INFO  x.yang.diagram.YangDiagramGenerator  - CREATED ELEMENT FOR statement:io.typefox.yang.yang.impl.LeafImpl@320df13d (name: inFifo) WITH ID yuma-interfaces:yuma-if-node-container-yuma-interfaces-list-interface-container-counters-inFifo
10282 [Test worker] INFO  x.yang.diagram.YangDiagramGenerator  - CREATED ELEMENT FOR statement:io.typefox.yang.yang.impl.LeafImpl@95f8972 (name: inFrames) WITH ID yuma-interfaces:yuma-if-node-container-yuma-interfaces-list-interface-container-counters-inFrames
10282 [Test worker] INFO  x.yang.diagram.YangDiagramGenerator  - CREATED ELEMENT FOR statement:io.typefox.yang.yang.impl.LeafImpl@5aac3ecb (name: inCompressed) WITH ID yuma-interfaces:yuma-if-node-container-yuma-interfaces-list-interface-container-counters-inCompressed
10282 [Test worker] INFO  x.yang.diagram.YangDiagramGenerator  - CREATED ELEMENT FOR statement:io.typefox.yang.yang.impl.LeafImpl@579a5f1f (name: inMulticast) WITH ID yuma-interfaces:yuma-if-node-container-yuma-interfaces-list-interface-container-counters-inMulticast
10282 [Test worker] INFO  x.yang.diagram.YangDiagramGenerator  - CREATED ELEMENT FOR statement:io.typefox.yang.yang.impl.LeafImpl@a43c8c8 (name: outBytes) WITH ID yuma-interfaces:yuma-if-node-container-yuma-interfaces-list-interface-container-counters-outBytes
10283 [Test worker] INFO  x.yang.diagram.YangDiagramGenerator  - CREATED ELEMENT FOR statement:io.typefox.yang.yang.impl.LeafImpl@7f22c4eb (name: outPackets) WITH ID yuma-interfaces:yuma-if-node-container-yuma-interfaces-list-interface-container-counters-outPackets
10283 [Test worker] INFO  x.yang.diagram.YangDiagramGenerator  - CREATED ELEMENT FOR statement:io.typefox.yang.yang.impl.LeafImpl@4443f7a2 (name: outErrors) WITH ID yuma-interfaces:yuma-if-node-container-yuma-interfaces-list-interface-container-counters-outErrors
10283 [Test worker] INFO  x.yang.diagram.YangDiagramGenerator  - CREATED ELEMENT FOR statement:io.typefox.yang.yang.impl.LeafImpl@41a43a92 (name: outDrops) WITH ID yuma-interfaces:yuma-if-node-container-yuma-interfaces-list-interface-container-counters-outDrops
10283 [Test worker] INFO  x.yang.diagram.YangDiagramGenerator  - CREATED ELEMENT FOR statement:io.typefox.yang.yang.impl.LeafImpl@55b5afe6 (name: outFifo) WITH ID yuma-interfaces:yuma-if-node-container-yuma-interfaces-list-interface-container-counters-outFifo
10283 [Test worker] INFO  x.yang.diagram.YangDiagramGenerator  - CREATED ELEMENT FOR statement:io.typefox.yang.yang.impl.LeafImpl@3cd92c27 (name: outCollisions) WITH ID yuma-interfaces:yuma-if-node-container-yuma-interfaces-list-interface-container-counters-outCollisions
10283 [Test worker] INFO  x.yang.diagram.YangDiagramGenerator  - CREATED ELEMENT FOR statement:io.typefox.yang.yang.impl.LeafImpl@677c22f9 (name: outCarrier) WITH ID yuma-interfaces:yuma-if-node-container-yuma-interfaces-list-interface-container-counters-outCarrier
10283 [Test worker] INFO  x.yang.diagram.YangDiagramGenerator  - CREATED ELEMENT FOR statement:io.typefox.yang.yang.impl.LeafImpl@7ece42e (name: outCompressed) WITH ID yuma-interfaces:yuma-if-node-container-yuma-interfaces-list-interface-container-counters-outCompressed
10284 [Test worker] INFO  x.yang.diagram.YangDiagramGenerator  - CREATED ELEMENT FOR statement:io.typefox.yang.yang.impl.ContainerImpl@7f5eb1aa (name: counters) WITH ID yuma-interfaces:yuma-if-node-container-yuma-interfaces-list-interface-container-counters
10284 [Test worker] INFO  x.yang.diagram.YangDiagramGenerator  - CREATED ELEMENT FOR statement:io.typefox.yang.yang.impl.ListImpl@a931272 (name: interface) WITH ID yuma-interfaces:yuma-if-node-container-yuma-interfaces-list-interface
10284 [Test worker] INFO  x.yang.diagram.YangDiagramGenerator  - CREATED ELEMENT FOR statement:io.typefox.yang.yang.impl.ContainerImpl@cfe9233 (name: yuma-interfaces) WITH ID yuma-interfaces:yuma-if-node-container-yuma-interfaces
10284 [Test worker] INFO  x.yang.diagram.YangDiagramGenerator  - CREATED ELEMENT FOR statement:io.typefox.yang.yang.impl.ModuleImpl@6c53ca16 (name: yuma-interfaces) WITH ID yuma-interfaces:yuma-if
10323 [Test worker] INFO  x.yang.diagram.YangDiagramGenerator  - Generating diagram for input: 'yangdiff.yang'
10328 [Test worker] INFO  x.yang.diagram.YangDiagramGenerator  - CREATED ELEMENT FOR statement:io.typefox.yang.yang.impl.TypedefImpl@53d8c60d (name: DiffType) WITH ID yangdiff:ydi-node-typedef-DiffType
10329 [Test worker] INFO  x.yang.diagram.YangDiagramGenerator  - CREATED ELEMENT FOR statement:io.typefox.yang.yang.impl.LeafImpl@1314c1c8 (name: old) WITH ID yangdiff:ydi-node-container-yangdiff-old
10329 [Test worker] INFO  x.yang.diagram.YangDiagramGenerator  - CREATED ELEMENT FOR statement:io.typefox.yang.yang.impl.LeafImpl@13587cee (name: new) WITH ID yangdiff:ydi-node-container-yangdiff-new
10329 [Test worker] INFO  x.yang.diagram.YangDiagramGenerator  - CREATED ELEMENT FOR statement:io.typefox.yang.yang.impl.LeafImpl@62bba3c7 (name: difftype) WITH ID yangdiff:ydi-node-container-yangdiff-difftype
10329 [Test worker] INFO  x.yang.diagram.YangDiagramGenerator  - CREATED ELEMENT FOR statement:io.typefox.yang.yang.impl.LeafImpl@77c6e933 (name: output) WITH ID yangdiff:ydi-node-container-yangdiff-output
10329 [Test worker] INFO  x.yang.diagram.YangDiagramGenerator  - CREATED ELEMENT FOR statement:io.typefox.yang.yang.impl.LeafImpl@42e96c82 (name: header) WITH ID yangdiff:ydi-node-container-yangdiff-header
10329 [Test worker] INFO  x.yang.diagram.YangDiagramGenerator  - CREATED ELEMENT FOR statement:io.typefox.yang.yang.impl.UsesImpl@1286c73d WITH ID yangdiff:ydi-node-container-yangdiff-uses NcxAppCommon-pill
10329 [Test worker] INFO  x.yang.diagram.YangDiagramGenerator  - CREATED ELEMENT FOR statement:io.typefox.yang.yang.impl.UsesImpl@2d9cfb31 WITH ID yangdiff:ydi-node-container-yangdiff-uses ConfigParm-pill
10330 [Test worker] INFO  x.yang.diagram.YangDiagramGenerator  - CREATED ELEMENT FOR statement:io.typefox.yang.yang.impl.UsesImpl@6dd310c0 WITH ID yangdiff:ydi-node-container-yangdiff-uses YumaHomeParm-pill
10330 [Test worker] INFO  x.yang.diagram.YangDiagramGenerator  - CREATED ELEMENT FOR statement:io.typefox.yang.yang.impl.UsesImpl@64d7ec84 WITH ID yangdiff:ydi-node-container-yangdiff-uses HomeParm-pill
10330 [Test worker] INFO  x.yang.diagram.YangDiagramGenerator  - CREATED ELEMENT FOR statement:io.typefox.yang.yang.impl.UsesImpl@404c600c WITH ID yangdiff:ydi-node-container-yangdiff-uses SubdirsParm-pill
10330 [Test worker] INFO  x.yang.diagram.YangDiagramGenerator  - CREATED ELEMENT FOR statement:io.typefox.yang.yang.impl.ContainerImpl@a434e47 (name: yangdiff) WITH ID yangdiff:ydi-node-container-yangdiff
10330 [Test worker] INFO  x.yang.diagram.YangDiagramGenerator  - CREATED ELEMENT FOR statement:io.typefox.yang.yang.impl.ModuleImpl@7fe31adf (name: yangdiff) WITH ID yangdiff:ydi
10339 [Test worker] INFO  x.yang.diagram.YangDiagramGenerator  - Generating diagram for input: 'toaster.yang'
10339 [Test worker] INFO  x.yang.diagram.YangDiagramGenerator  - CREATED ELEMENT FOR statement:io.typefox.yang.yang.impl.IdentityImpl@3b4d3f64 (name: toast-type) WITH ID toaster:toast-node-identity-toast-type
10339 [Test worker] INFO  x.yang.diagram.YangDiagramGenerator  - CREATED ELEMENT FOR statement:io.typefox.yang.yang.impl.TypedefImpl@172a747b (name: DisplayString) WITH ID toaster:toast-node-typedef-DisplayString
10340 [Test worker] INFO  x.yang.diagram.YangDiagramGenerator  - CREATED ELEMENT FOR statement:io.typefox.yang.yang.impl.LeafImpl@78c0cc62 (name: toasterManufacturer) WITH ID toaster:toast-node-container-toaster-toasterManufacturer
10340 [Test worker] INFO  x.yang.diagram.YangDiagramGenerator  - CREATED ELEMENT FOR statement:io.typefox.yang.yang.impl.LeafImpl@3f608b2 (name: toasterModelNumber) WITH ID toaster:toast-node-container-toaster-toasterModelNumber
10340 [Test worker] INFO  x.yang.diagram.YangDiagramGenerator  - CREATED ELEMENT FOR statement:io.typefox.yang.yang.impl.LeafImpl@5112a1b7 (name: toasterStatus) WITH ID toaster:toast-node-container-toaster-toasterStatus
10340 [Test worker] INFO  x.yang.diagram.YangDiagramGenerator  - CREATED ELEMENT FOR statement:io.typefox.yang.yang.impl.ContainerImpl@15df8e42 (name: toaster) WITH ID toaster:toast-node-container-toaster
10340 [Test worker] INFO  x.yang.diagram.YangDiagramGenerator  - CREATED ELEMENT FOR statement:io.typefox.yang.yang.impl.LeafImpl@6b82f347 (name: toasterDoneness) WITH ID toaster:toast-node-rpc make-toast-pill-input-toasterDoneness
10340 [Test worker] INFO  x.yang.diagram.YangDiagramGenerator  - CREATED ELEMENT FOR statement:io.typefox.yang.yang.impl.LeafImpl@5882c51d (name: toasterToastType) WITH ID toaster:toast-node-rpc make-toast-pill-input-toasterToastType
10340 [Test worker] INFO  x.yang.diagram.YangDiagramGenerator  - CREATED ELEMENT FOR statement:io.typefox.yang.yang.impl.InputImpl@1c59c8a3 (name: null) WITH ID toaster:toast-node-rpc make-toast-pill-input
10345 [Test worker] INFO  x.yang.diagram.YangDiagramGenerator  - CREATED ELEMENT FOR statement:io.typefox.yang.yang.impl.RpcImpl@751de8f4 (name: make-toast) WITH ID toaster:toast-node-rpc make-toast-pill
10346 [Test worker] INFO  x.yang.diagram.YangDiagramGenerator  - CREATED ELEMENT FOR statement:io.typefox.yang.yang.impl.RpcImpl@9f935db (name: cancel-toast) WITH ID toaster:toast-node-rpc cancel-toast-pill
10346 [Test worker] INFO  x.yang.diagram.YangDiagramGenerator  - CREATED ELEMENT FOR statement:io.typefox.yang.yang.impl.LeafImpl@471da3d4 (name: toastStatus) WITH ID toaster:toast-node-notification-toastDone-toastStatus
10346 [Test worker] INFO  x.yang.diagram.YangDiagramGenerator  - CREATED ELEMENT FOR statement:io.typefox.yang.yang.impl.NotificationImpl@15537744 (name: toastDone) WITH ID toaster:toast-node-notification-toastDone
10346 [Test worker] INFO  x.yang.diagram.YangDiagramGenerator  - CREATED ELEMENT FOR statement:io.typefox.yang.yang.impl.ModuleImpl@f937752 (name: toaster) WITH ID toaster:toast
10350 [Test worker] INFO  x.yang.diagram.YangDiagramGenerator  - Generating diagram for input: 'yuma-xsd.yang'
10351 [Test worker] INFO  x.yang.diagram.YangDiagramGenerator  - CREATED ELEMENT FOR statement:io.typefox.yang.yang.impl.TypedefImpl@30ecae3b (name: normalizedString) WITH ID yuma-xsd:xsd-node-typedef-normalizedString
10352 [Test worker] INFO  x.yang.diagram.YangDiagramGenerator  - CREATED ELEMENT FOR statement:io.typefox.yang.yang.impl.TypedefImpl@418527a1 (name: token) WITH ID yuma-xsd:xsd-node-typedef-token
10352 [Test worker] INFO  x.yang.diagram.YangDiagramGenerator  - CREATED ELEMENT FOR statement:io.typefox.yang.yang.impl.TypedefImpl@26a9d14e (name: base64Binary) WITH ID yuma-xsd:xsd-node-typedef-base64Binary
10352 [Test worker] INFO  x.yang.diagram.YangDiagramGenerator  - CREATED ELEMENT FOR statement:io.typefox.yang.yang.impl.TypedefImpl@6c77a3b6 (name: hexBinary) WITH ID yuma-xsd:xsd-node-typedef-hexBinary
10352 [Test worker] INFO  x.yang.diagram.YangDiagramGenerator  - CREATED ELEMENT FOR statement:io.typefox.yang.yang.impl.TypedefImpl@39bf4575 (name: integer) WITH ID yuma-xsd:xsd-node-typedef-integer
10352 [Test worker] INFO  x.yang.diagram.YangDiagramGenerator  - CREATED ELEMENT FOR statement:io.typefox.yang.yang.impl.TypedefImpl@51efd5cc (name: positiveInteger) WITH ID yuma-xsd:xsd-node-typedef-positiveInteger
10358 [Test worker] INFO  x.yang.diagram.YangDiagramGenerator  - CREATED ELEMENT FOR statement:io.typefox.yang.yang.impl.TypedefImpl@39244d1e (name: negativeInteger) WITH ID yuma-xsd:xsd-node-typedef-negativeInteger
10358 [Test worker] INFO  x.yang.diagram.YangDiagramGenerator  - CREATED ELEMENT FOR statement:io.typefox.yang.yang.impl.TypedefImpl@689f339f (name: nonNegativeInteger) WITH ID yuma-xsd:xsd-node-typedef-nonNegativeInteger
10358 [Test worker] INFO  x.yang.diagram.YangDiagramGenerator  - CREATED ELEMENT FOR statement:io.typefox.yang.yang.impl.TypedefImpl@2bc85714 (name: nonPositiveInteger) WITH ID yuma-xsd:xsd-node-typedef-nonPositiveInteger
10358 [Test worker] INFO  x.yang.diagram.YangDiagramGenerator  - CREATED ELEMENT FOR statement:io.typefox.yang.yang.impl.TypedefImpl@426a614 (name: long) WITH ID yuma-xsd:xsd-node-typedef-long
10358 [Test worker] INFO  x.yang.diagram.YangDiagramGenerator  - CREATED ELEMENT FOR statement:io.typefox.yang.yang.impl.TypedefImpl@1f714733 (name: unsignedLong) WITH ID yuma-xsd:xsd-node-typedef-unsignedLong
10358 [Test worker] INFO  x.yang.diagram.YangDiagramGenerator  - CREATED ELEMENT FOR statement:io.typefox.yang.yang.impl.TypedefImpl@e639c89 (name: int) WITH ID yuma-xsd:xsd-node-typedef-int
10358 [Test worker] INFO  x.yang.diagram.YangDiagramGenerator  - CREATED ELEMENT FOR statement:io.typefox.yang.yang.impl.TypedefImpl@677a0aa6 (name: unsignedInt) WITH ID yuma-xsd:xsd-node-typedef-unsignedInt
10359 [Test worker] INFO  x.yang.diagram.YangDiagramGenerator  - CREATED ELEMENT FOR statement:io.typefox.yang.yang.impl.TypedefImpl@56dd065b (name: short) WITH ID yuma-xsd:xsd-node-typedef-short
10359 [Test worker] INFO  x.yang.diagram.YangDiagramGenerator  - CREATED ELEMENT FOR statement:io.typefox.yang.yang.impl.TypedefImpl@43809b6c (name: unsignedShort) WITH ID yuma-xsd:xsd-node-typedef-unsignedShort
10359 [Test worker] INFO  x.yang.diagram.YangDiagramGenerator  - CREATED ELEMENT FOR statement:io.typefox.yang.yang.impl.TypedefImpl@5195c041 (name: byte) WITH ID yuma-xsd:xsd-node-typedef-byte
10359 [Test worker] INFO  x.yang.diagram.YangDiagramGenerator  - CREATED ELEMENT FOR statement:io.typefox.yang.yang.impl.TypedefImpl@668dcfef (name: unsignedByte) WITH ID yuma-xsd:xsd-node-typedef-unsignedByte
10359 [Test worker] INFO  x.yang.diagram.YangDiagramGenerator  - CREATED ELEMENT FOR statement:io.typefox.yang.yang.impl.TypedefImpl@58dce2bb (name: decimal) WITH ID yuma-xsd:xsd-node-typedef-decimal
10359 [Test worker] INFO  x.yang.diagram.YangDiagramGenerator  - CREATED ELEMENT FOR statement:io.typefox.yang.yang.impl.TypedefImpl@1fc04937 (name: duration) WITH ID yuma-xsd:xsd-node-typedef-duration
10359 [Test worker] INFO  x.yang.diagram.YangDiagramGenerator  - CREATED ELEMENT FOR statement:io.typefox.yang.yang.impl.TypedefImpl@60281546 (name: dateTime) WITH ID yuma-xsd:xsd-node-typedef-dateTime
10359 [Test worker] INFO  x.yang.diagram.YangDiagramGenerator  - CREATED ELEMENT FOR statement:io.typefox.yang.yang.impl.TypedefImpl@68525c1b (name: date) WITH ID yuma-xsd:xsd-node-typedef-date
10360 [Test worker] INFO  x.yang.diagram.YangDiagramGenerator  - CREATED ELEMENT FOR statement:io.typefox.yang.yang.impl.TypedefImpl@5724b290 (name: time) WITH ID yuma-xsd:xsd-node-typedef-time
10360 [Test worker] INFO  x.yang.diagram.YangDiagramGenerator  - CREATED ELEMENT FOR statement:io.typefox.yang.yang.impl.TypedefImpl@4ab0c0b2 (name: gYear) WITH ID yuma-xsd:xsd-node-typedef-gYear
10360 [Test worker] INFO  x.yang.diagram.YangDiagramGenerator  - CREATED ELEMENT FOR statement:io.typefox.yang.yang.impl.TypedefImpl@6a126e87 (name: gYearMonth) WITH ID yuma-xsd:xsd-node-typedef-gYearMonth
10360 [Test worker] INFO  x.yang.diagram.YangDiagramGenerator  - CREATED ELEMENT FOR statement:io.typefox.yang.yang.impl.TypedefImpl@10da555a (name: gMonth) WITH ID yuma-xsd:xsd-node-typedef-gMonth
10360 [Test worker] INFO  x.yang.diagram.YangDiagramGenerator  - CREATED ELEMENT FOR statement:io.typefox.yang.yang.impl.TypedefImpl@6218d5e3 (name: gMonthDay) WITH ID yuma-xsd:xsd-node-typedef-gMonthDay
10360 [Test worker] INFO  x.yang.diagram.YangDiagramGenerator  - CREATED ELEMENT FOR statement:io.typefox.yang.yang.impl.TypedefImpl@2e613c42 (name: gDay) WITH ID yuma-xsd:xsd-node-typedef-gDay
10360 [Test worker] INFO  x.yang.diagram.YangDiagramGenerator  - CREATED ELEMENT FOR statement:io.typefox.yang.yang.impl.TypedefImpl@57fe195f (name: Name) WITH ID yuma-xsd:xsd-node-typedef-Name
10360 [Test worker] INFO  x.yang.diagram.YangDiagramGenerator  - CREATED ELEMENT FOR statement:io.typefox.yang.yang.impl.TypedefImpl@154ce67f (name: QName) WITH ID yuma-xsd:xsd-node-typedef-QName
10361 [Test worker] INFO  x.yang.diagram.YangDiagramGenerator  - CREATED ELEMENT FOR statement:io.typefox.yang.yang.impl.TypedefImpl@315f8ef8 (name: NCName) WITH ID yuma-xsd:xsd-node-typedef-NCName
10361 [Test worker] INFO  x.yang.diagram.YangDiagramGenerator  - CREATED ELEMENT FOR statement:io.typefox.yang.yang.impl.TypedefImpl@167b27bd (name: anyURI) WITH ID yuma-xsd:xsd-node-typedef-anyURI
10361 [Test worker] INFO  x.yang.diagram.YangDiagramGenerator  - CREATED ELEMENT FOR statement:io.typefox.yang.yang.impl.TypedefImpl@31e8e0cc (name: language) WITH ID yuma-xsd:xsd-node-typedef-language
10361 [Test worker] INFO  x.yang.diagram.YangDiagramGenerator  - CREATED ELEMENT FOR statement:io.typefox.yang.yang.impl.TypedefImpl@43658790 (name: ID) WITH ID yuma-xsd:xsd-node-typedef-ID
10361 [Test worker] INFO  x.yang.diagram.YangDiagramGenerator  - CREATED ELEMENT FOR statement:io.typefox.yang.yang.impl.TypedefImpl@e80f94a (name: IDREF) WITH ID yuma-xsd:xsd-node-typedef-IDREF
10361 [Test worker] INFO  x.yang.diagram.YangDiagramGenerator  - CREATED ELEMENT FOR statement:io.typefox.yang.yang.impl.TypedefImpl@418971e8 (name: IDREFS) WITH ID yuma-xsd:xsd-node-typedef-IDREFS
10361 [Test worker] INFO  x.yang.diagram.YangDiagramGenerator  - CREATED ELEMENT FOR statement:io.typefox.yang.yang.impl.TypedefImpl@37111795 (name: ENTITY) WITH ID yuma-xsd:xsd-node-typedef-ENTITY
10362 [Test worker] INFO  x.yang.diagram.YangDiagramGenerator  - CREATED ELEMENT FOR statement:io.typefox.yang.yang.impl.TypedefImpl@58a74fe0 (name: ENTITIES) WITH ID yuma-xsd:xsd-node-typedef-ENTITIES
10362 [Test worker] INFO  x.yang.diagram.YangDiagramGenerator  - CREATED ELEMENT FOR statement:io.typefox.yang.yang.impl.TypedefImpl@51e4b717 (name: NOTATION) WITH ID yuma-xsd:xsd-node-typedef-NOTATION
10362 [Test worker] INFO  x.yang.diagram.YangDiagramGenerator  - CREATED ELEMENT FOR statement:io.typefox.yang.yang.impl.TypedefImpl@5be89af2 (name: NMTOKEN) WITH ID yuma-xsd:xsd-node-typedef-NMTOKEN
10362 [Test worker] INFO  x.yang.diagram.YangDiagramGenerator  - CREATED ELEMENT FOR statement:io.typefox.yang.yang.impl.TypedefImpl@64fa93a5 (name: NMTOKENS) WITH ID yuma-xsd:xsd-node-typedef-NMTOKENS
10362 [Test worker] INFO  x.yang.diagram.YangDiagramGenerator  - CREATED ELEMENT FOR statement:io.typefox.yang.yang.impl.ModuleImpl@6c00895 (name: yuma-xsd) WITH ID yuma-xsd:xsd
10376 [Test worker] INFO  x.yang.diagram.YangDiagramGenerator  - Generating diagram for input: 'yuma-proc.yang'
10377 [Test worker] INFO  x.yang.diagram.YangDiagramGenerator  - CREATED ELEMENT FOR statement:io.typefox.yang.yang.impl.TypedefImpl@c2c527b (name: YesNo) WITH ID yuma-proc:proc-node-typedef-YesNo
10377 [Test worker] INFO  x.yang.diagram.YangDiagramGenerator  - CREATED ELEMENT FOR statement:io.typefox.yang.yang.impl.LeafImpl@75d899d8 (name: processor) WITH ID yuma-proc:proc-node-container-proc-container-cpuinfo-list-cpu-processor
10377 [Test worker] INFO  x.yang.diagram.YangDiagramGenerator  - CREATED ELEMENT FOR statement:io.typefox.yang.yang.impl.LeafImpl@555a45ef (name: vendor_id) WITH ID yuma-proc:proc-node-container-proc-container-cpuinfo-list-cpu-vendor_id
10377 [Test worker] INFO  x.yang.diagram.YangDiagramGenerator  - CREATED ELEMENT FOR statement:io.typefox.yang.yang.impl.LeafImpl@27ac24e4 (name: cpu_family) WITH ID yuma-proc:proc-node-container-proc-container-cpuinfo-list-cpu-cpu_family
10378 [Test worker] INFO  x.yang.diagram.YangDiagramGenerator  - CREATED ELEMENT FOR statement:io.typefox.yang.yang.impl.LeafImpl@497d15e0 (name: model) WITH ID yuma-proc:proc-node-container-proc-container-cpuinfo-list-cpu-model
10378 [Test worker] INFO  x.yang.diagram.YangDiagramGenerator  - CREATED ELEMENT FOR statement:io.typefox.yang.yang.impl.LeafImpl@785a534e (name: model_name) WITH ID yuma-proc:proc-node-container-proc-container-cpuinfo-list-cpu-model_name
10378 [Test worker] INFO  x.yang.diagram.YangDiagramGenerator  - CREATED ELEMENT FOR statement:io.typefox.yang.yang.impl.LeafImpl@7f281497 (name: stepping) WITH ID yuma-proc:proc-node-container-proc-container-cpuinfo-list-cpu-stepping
10378 [Test worker] INFO  x.yang.diagram.YangDiagramGenerator  - CREATED ELEMENT FOR statement:io.typefox.yang.yang.impl.LeafImpl@39e59492 (name: microcode) WITH ID yuma-proc:proc-node-container-proc-container-cpuinfo-list-cpu-microcode
10378 [Test worker] INFO  x.yang.diagram.YangDiagramGenerator  - CREATED ELEMENT FOR statement:io.typefox.yang.yang.impl.LeafImpl@1896545b (name: cpu_MHz) WITH ID yuma-proc:proc-node-container-proc-container-cpuinfo-list-cpu-cpu_MHz
10378 [Test worker] INFO  x.yang.diagram.YangDiagramGenerator  - CREATED ELEMENT FOR statement:io.typefox.yang.yang.impl.LeafImpl@32fca424 (name: cache_size) WITH ID yuma-proc:proc-node-container-proc-container-cpuinfo-list-cpu-cache_size
10378 [Test worker] INFO  x.yang.diagram.YangDiagramGenerator  - CREATED ELEMENT FOR statement:io.typefox.yang.yang.impl.LeafImpl@d4f8240 (name: physical_id) WITH ID yuma-proc:proc-node-container-proc-container-cpuinfo-list-cpu-physical_id
10379 [Test worker] INFO  x.yang.diagram.YangDiagramGenerator  - CREATED ELEMENT FOR statement:io.typefox.yang.yang.impl.LeafImpl@181bc67f (name: siblings) WITH ID yuma-proc:proc-node-container-proc-container-cpuinfo-list-cpu-siblings
10379 [Test worker] INFO  x.yang.diagram.YangDiagramGenerator  - CREATED ELEMENT FOR statement:io.typefox.yang.yang.impl.LeafImpl@32057dab (name: core_id) WITH ID yuma-proc:proc-node-container-proc-container-cpuinfo-list-cpu-core_id
10379 [Test worker] INFO  x.yang.diagram.YangDiagramGenerator  - CREATED ELEMENT FOR statement:io.typefox.yang.yang.impl.LeafImpl@650f224b (name: cpu_cores) WITH ID yuma-proc:proc-node-container-proc-container-cpuinfo-list-cpu-cpu_cores
10379 [Test worker] INFO  x.yang.diagram.YangDiagramGenerator  - CREATED ELEMENT FOR statement:io.typefox.yang.yang.impl.LeafImpl@1423e128 (name: apicid) WITH ID yuma-proc:proc-node-container-proc-container-cpuinfo-list-cpu-apicid
10379 [Test worker] INFO  x.yang.diagram.YangDiagramGenerator  - CREATED ELEMENT FOR statement:io.typefox.yang.yang.impl.LeafImpl@52cde5ed (name: initial_apicid) WITH ID yuma-proc:proc-node-container-proc-container-cpuinfo-list-cpu-initial_apicid
10379 [Test worker] INFO  x.yang.diagram.YangDiagramGenerator  - CREATED ELEMENT FOR statement:io.typefox.yang.yang.impl.LeafImpl@4b3c223a (name: fdiv_bug) WITH ID yuma-proc:proc-node-container-proc-container-cpuinfo-list-cpu-fdiv_bug
10379 [Test worker] INFO  x.yang.diagram.YangDiagramGenerator  - CREATED ELEMENT FOR statement:io.typefox.yang.yang.impl.LeafImpl@57bd4c6c (name: hlt_bug) WITH ID yuma-proc:proc-node-container-proc-container-cpuinfo-list-cpu-hlt_bug
10386 [Test worker] INFO  x.yang.diagram.YangDiagramGenerator  - CREATED ELEMENT FOR statement:io.typefox.yang.yang.impl.LeafImpl@5c1cdd12 (name: f00f_bug) WITH ID yuma-proc:proc-node-container-proc-container-cpuinfo-list-cpu-f00f_bug
10386 [Test worker] INFO  x.yang.diagram.YangDiagramGenerator  - CREATED ELEMENT FOR statement:io.typefox.yang.yang.impl.LeafImpl@61c3b9f1 (name: coma_bug) WITH ID yuma-proc:proc-node-container-proc-container-cpuinfo-list-cpu-coma_bug
10386 [Test worker] INFO  x.yang.diagram.YangDiagramGenerator  - CREATED ELEMENT FOR statement:io.typefox.yang.yang.impl.LeafImpl@4b446a01 (name: fpu) WITH ID yuma-proc:proc-node-container-proc-container-cpuinfo-list-cpu-fpu
10386 [Test worker] INFO  x.yang.diagram.YangDiagramGenerator  - CREATED ELEMENT FOR statement:io.typefox.yang.yang.impl.LeafImpl@76a78129 (name: fpu_exception) WITH ID yuma-proc:proc-node-container-proc-container-cpuinfo-list-cpu-fpu_exception
10387 [Test worker] INFO  x.yang.diagram.YangDiagramGenerator  - CREATED ELEMENT FOR statement:io.typefox.yang.yang.impl.LeafImpl@4ce926a2 (name: cpuid_level) WITH ID yuma-proc:proc-node-container-proc-container-cpuinfo-list-cpu-cpuid_level
10387 [Test worker] INFO  x.yang.diagram.YangDiagramGenerator  - CREATED ELEMENT FOR statement:io.typefox.yang.yang.impl.LeafImpl@309912ff (name: wp) WITH ID yuma-proc:proc-node-container-proc-container-cpuinfo-list-cpu-wp
10387 [Test worker] INFO  x.yang.diagram.YangDiagramGenerator  - CREATED ELEMENT FOR statement:io.typefox.yang.yang.impl.LeafImpl@5865628f (name: flags) WITH ID yuma-proc:proc-node-container-proc-container-cpuinfo-list-cpu-flags
10387 [Test worker] INFO  x.yang.diagram.YangDiagramGenerator  - CREATED ELEMENT FOR statement:io.typefox.yang.yang.impl.LeafImpl@12011e63 (name: bogomips) WITH ID yuma-proc:proc-node-container-proc-container-cpuinfo-list-cpu-bogomips
10387 [Test worker] INFO  x.yang.diagram.YangDiagramGenerator  - CREATED ELEMENT FOR statement:io.typefox.yang.yang.impl.LeafImpl@17d8f6b7 (name: TLB_size) WITH ID yuma-proc:proc-node-container-proc-container-cpuinfo-list-cpu-TLB_size
10387 [Test worker] INFO  x.yang.diagram.YangDiagramGenerator  - CREATED ELEMENT FOR statement:io.typefox.yang.yang.impl.LeafImpl@6f2e1059 (name: clflush_size) WITH ID yuma-proc:proc-node-container-proc-container-cpuinfo-list-cpu-clflush_size
10387 [Test worker] INFO  x.yang.diagram.YangDiagramGenerator  - CREATED ELEMENT FOR statement:io.typefox.yang.yang.impl.LeafImpl@1cac6629 (name: cache_alignment) WITH ID yuma-proc:proc-node-container-proc-container-cpuinfo-list-cpu-cache_alignment
10388 [Test worker] INFO  x.yang.diagram.YangDiagramGenerator  - CREATED ELEMENT FOR statement:io.typefox.yang.yang.impl.LeafImpl@64491d9 (name: address_sizes) WITH ID yuma-proc:proc-node-container-proc-container-cpuinfo-list-cpu-address_sizes
10388 [Test worker] INFO  x.yang.diagram.YangDiagramGenerator  - CREATED ELEMENT FOR statement:io.typefox.yang.yang.impl.LeafImpl@56f9b2e8 (name: power_management) WITH ID yuma-proc:proc-node-container-proc-container-cpuinfo-list-cpu-power_management
10388 [Test worker] INFO  x.yang.diagram.YangDiagramGenerator  - CREATED ELEMENT FOR statement:io.typefox.yang.yang.impl.ListImpl@49cadcb6 (name: cpu) WITH ID yuma-proc:proc-node-container-proc-container-cpuinfo-list-cpu
10388 [Test worker] INFO  x.yang.diagram.YangDiagramGenerator  - CREATED ELEMENT FOR statement:io.typefox.yang.yang.impl.ContainerImpl@36286688 (name: cpuinfo) WITH ID yuma-proc:proc-node-container-proc-container-cpuinfo
10388 [Test worker] INFO  x.yang.diagram.YangDiagramGenerator  - CREATED ELEMENT FOR statement:io.typefox.yang.yang.impl.LeafImpl@14c0f3cd (name: MemTotal) WITH ID yuma-proc:proc-node-container-proc-container-meminfo-MemTotal
10388 [Test worker] INFO  x.yang.diagram.YangDiagramGenerator  - CREATED ELEMENT FOR statement:io.typefox.yang.yang.impl.LeafImpl@fb56d4f (name: MemFree) WITH ID yuma-proc:proc-node-container-proc-container-meminfo-MemFree
10388 [Test worker] INFO  x.yang.diagram.YangDiagramGenerator  - CREATED ELEMENT FOR statement:io.typefox.yang.yang.impl.LeafImpl@10852f63 (name: Buffers) WITH ID yuma-proc:proc-node-container-proc-container-meminfo-Buffers
10389 [Test worker] INFO  x.yang.diagram.YangDiagramGenerator  - CREATED ELEMENT FOR statement:io.typefox.yang.yang.impl.LeafImpl@65ec17dd (name: Cached) WITH ID yuma-proc:proc-node-container-proc-container-meminfo-Cached
10389 [Test worker] INFO  x.yang.diagram.YangDiagramGenerator  - CREATED ELEMENT FOR statement:io.typefox.yang.yang.impl.LeafImpl@76a1de36 (name: SwapCached) WITH ID yuma-proc:proc-node-container-proc-container-meminfo-SwapCached
10389 [Test worker] INFO  x.yang.diagram.YangDiagramGenerator  - CREATED ELEMENT FOR statement:io.typefox.yang.yang.impl.LeafImpl@52da1ab8 (name: Active) WITH ID yuma-proc:proc-node-container-proc-container-meminfo-Active
10389 [Test worker] INFO  x.yang.diagram.YangDiagramGenerator  - CREATED ELEMENT FOR statement:io.typefox.yang.yang.impl.LeafImpl@6b1dc9b7 (name: Active_anon_) WITH ID yuma-proc:proc-node-container-proc-container-meminfo-Active_anon_
10393 [Test worker] INFO  x.yang.diagram.YangDiagramGenerator  - CREATED ELEMENT FOR statement:io.typefox.yang.yang.impl.LeafImpl@6e4a79f6 (name: Active_file_) WITH ID yuma-proc:proc-node-container-proc-container-meminfo-Active_file_
10394 [Test worker] INFO  x.yang.diagram.YangDiagramGenerator  - CREATED ELEMENT FOR statement:io.typefox.yang.yang.impl.LeafImpl@16625a67 (name: Inactive) WITH ID yuma-proc:proc-node-container-proc-container-meminfo-Inactive
10394 [Test worker] INFO  x.yang.diagram.YangDiagramGenerator  - CREATED ELEMENT FOR statement:io.typefox.yang.yang.impl.LeafImpl@146f9dc9 (name: Inactive_anon_) WITH ID yuma-proc:proc-node-container-proc-container-meminfo-Inactive_anon_
10394 [Test worker] INFO  x.yang.diagram.YangDiagramGenerator  - CREATED ELEMENT FOR statement:io.typefox.yang.yang.impl.LeafImpl@113aae82 (name: Inactive_file_) WITH ID yuma-proc:proc-node-container-proc-container-meminfo-Inactive_file_
10394 [Test worker] INFO  x.yang.diagram.YangDiagramGenerator  - CREATED ELEMENT FOR statement:io.typefox.yang.yang.impl.LeafImpl@2c02f09a (name: Unevictable) WITH ID yuma-proc:proc-node-container-proc-container-meminfo-Unevictable
10394 [Test worker] INFO  x.yang.diagram.YangDiagramGenerator  - CREATED ELEMENT FOR statement:io.typefox.yang.yang.impl.LeafImpl@2837261f (name: Mlocked) WITH ID yuma-proc:proc-node-container-proc-container-meminfo-Mlocked
10394 [Test worker] INFO  x.yang.diagram.YangDiagramGenerator  - CREATED ELEMENT FOR statement:io.typefox.yang.yang.impl.LeafImpl@405e6705 (name: HighTotal) WITH ID yuma-proc:proc-node-container-proc-container-meminfo-HighTotal
10395 [Test worker] INFO  x.yang.diagram.YangDiagramGenerator  - CREATED ELEMENT FOR statement:io.typefox.yang.yang.impl.LeafImpl@4549f32 (name: HighFree) WITH ID yuma-proc:proc-node-container-proc-container-meminfo-HighFree
10395 [Test worker] INFO  x.yang.diagram.YangDiagramGenerator  - CREATED ELEMENT FOR statement:io.typefox.yang.yang.impl.LeafImpl@3fe93902 (name: LowTotal) WITH ID yuma-proc:proc-node-container-proc-container-meminfo-LowTotal
10395 [Test worker] INFO  x.yang.diagram.YangDiagramGenerator  - CREATED ELEMENT FOR statement:io.typefox.yang.yang.impl.LeafImpl@2effe73e (name: LowFree) WITH ID yuma-proc:proc-node-container-proc-container-meminfo-LowFree
10395 [Test worker] INFO  x.yang.diagram.YangDiagramGenerator  - CREATED ELEMENT FOR statement:io.typefox.yang.yang.impl.LeafImpl@1d2acbab (name: SwapTotal) WITH ID yuma-proc:proc-node-container-proc-container-meminfo-SwapTotal
10395 [Test worker] INFO  x.yang.diagram.YangDiagramGenerator  - CREATED ELEMENT FOR statement:io.typefox.yang.yang.impl.LeafImpl@3d277a33 (name: SwapFree) WITH ID yuma-proc:proc-node-container-proc-container-meminfo-SwapFree
10395 [Test worker] INFO  x.yang.diagram.YangDiagramGenerator  - CREATED ELEMENT FOR statement:io.typefox.yang.yang.impl.LeafImpl@4b7075bc (name: Dirty) WITH ID yuma-proc:proc-node-container-proc-container-meminfo-Dirty
10395 [Test worker] INFO  x.yang.diagram.YangDiagramGenerator  - CREATED ELEMENT FOR statement:io.typefox.yang.yang.impl.LeafImpl@1a67adfb (name: Writeback) WITH ID yuma-proc:proc-node-container-proc-container-meminfo-Writeback
10396 [Test worker] INFO  x.yang.diagram.YangDiagramGenerator  - CREATED ELEMENT FOR statement:io.typefox.yang.yang.impl.LeafImpl@51db5a8f (name: AnonPages) WITH ID yuma-proc:proc-node-container-proc-container-meminfo-AnonPages
10396 [Test worker] INFO  x.yang.diagram.YangDiagramGenerator  - CREATED ELEMENT FOR statement:io.typefox.yang.yang.impl.LeafImpl@572b4465 (name: Mapped) WITH ID yuma-proc:proc-node-container-proc-container-meminfo-Mapped
10396 [Test worker] INFO  x.yang.diagram.YangDiagramGenerator  - CREATED ELEMENT FOR statement:io.typefox.yang.yang.impl.LeafImpl@1f3e06a9 (name: Shmem) WITH ID yuma-proc:proc-node-container-proc-container-meminfo-Shmem
10396 [Test worker] INFO  x.yang.diagram.YangDiagramGenerator  - CREATED ELEMENT FOR statement:io.typefox.yang.yang.impl.LeafImpl@389168c0 (name: Slab) WITH ID yuma-proc:proc-node-container-proc-container-meminfo-Slab
10396 [Test worker] INFO  x.yang.diagram.YangDiagramGenerator  - CREATED ELEMENT FOR statement:io.typefox.yang.yang.impl.LeafImpl@3315427f (name: SReclaimable) WITH ID yuma-proc:proc-node-container-proc-container-meminfo-SReclaimable
10396 [Test worker] INFO  x.yang.diagram.YangDiagramGenerator  - CREATED ELEMENT FOR statement:io.typefox.yang.yang.impl.LeafImpl@3e103014 (name: SUnreclaim) WITH ID yuma-proc:proc-node-container-proc-container-meminfo-SUnreclaim
10396 [Test worker] INFO  x.yang.diagram.YangDiagramGenerator  - CREATED ELEMENT FOR statement:io.typefox.yang.yang.impl.LeafImpl@51746231 (name: KernelStack) WITH ID yuma-proc:proc-node-container-proc-container-meminfo-KernelStack
10397 [Test worker] INFO  x.yang.diagram.YangDiagramGenerator  - CREATED ELEMENT FOR statement:io.typefox.yang.yang.impl.LeafImpl@6210c7b7 (name: PageTables) WITH ID yuma-proc:proc-node-container-proc-container-meminfo-PageTables
10397 [Test worker] INFO  x.yang.diagram.YangDiagramGenerator  - CREATED ELEMENT FOR statement:io.typefox.yang.yang.impl.LeafImpl@7b0f7730 (name: NFS_Unstable) WITH ID yuma-proc:proc-node-container-proc-container-meminfo-NFS_Unstable
10397 [Test worker] INFO  x.yang.diagram.YangDiagramGenerator  - CREATED ELEMENT FOR statement:io.typefox.yang.yang.impl.LeafImpl@44a078d5 (name: Bounce) WITH ID yuma-proc:proc-node-container-proc-container-meminfo-Bounce
10397 [Test worker] INFO  x.yang.diagram.YangDiagramGenerator  - CREATED ELEMENT FOR statement:io.typefox.yang.yang.impl.LeafImpl@36b7ff9a (name: WritebackTmp) WITH ID yuma-proc:proc-node-container-proc-container-meminfo-WritebackTmp
10397 [Test worker] INFO  x.yang.diagram.YangDiagramGenerator  - CREATED ELEMENT FOR statement:io.typefox.yang.yang.impl.LeafImpl@527eab84 (name: CommitLimit) WITH ID yuma-proc:proc-node-container-proc-container-meminfo-CommitLimit
10401 [Test worker] INFO  x.yang.diagram.YangDiagramGenerator  - CREATED ELEMENT FOR statement:io.typefox.yang.yang.impl.LeafImpl@52c8f00c (name: Committed_AS) WITH ID yuma-proc:proc-node-container-proc-container-meminfo-Committed_AS
10402 [Test worker] INFO  x.yang.diagram.YangDiagramGenerator  - CREATED ELEMENT FOR statement:io.typefox.yang.yang.impl.LeafImpl@15e95c50 (name: VmallocTotal) WITH ID yuma-proc:proc-node-container-proc-container-meminfo-VmallocTotal
10402 [Test worker] INFO  x.yang.diagram.YangDiagramGenerator  - CREATED ELEMENT FOR statement:io.typefox.yang.yang.impl.LeafImpl@1c2b2a58 (name: VmallocUsed) WITH ID yuma-proc:proc-node-container-proc-container-meminfo-VmallocUsed
10402 [Test worker] INFO  x.yang.diagram.YangDiagramGenerator  - CREATED ELEMENT FOR statement:io.typefox.yang.yang.impl.LeafImpl@3b2e80d2 (name: VmallocChunk) WITH ID yuma-proc:proc-node-container-proc-container-meminfo-VmallocChunk
10402 [Test worker] INFO  x.yang.diagram.YangDiagramGenerator  - CREATED ELEMENT FOR statement:io.typefox.yang.yang.impl.LeafImpl@2ef35f2b (name: HardwareCorrupted) WITH ID yuma-proc:proc-node-container-proc-container-meminfo-HardwareCorrupted
10402 [Test worker] INFO  x.yang.diagram.YangDiagramGenerator  - CREATED ELEMENT FOR statement:io.typefox.yang.yang.impl.LeafImpl@71279d79 (name: HugePages_Total) WITH ID yuma-proc:proc-node-container-proc-container-meminfo-HugePages_Total
10403 [Test worker] INFO  x.yang.diagram.YangDiagramGenerator  - CREATED ELEMENT FOR statement:io.typefox.yang.yang.impl.LeafImpl@341b00ef (name: HugePages_Free) WITH ID yuma-proc:proc-node-container-proc-container-meminfo-HugePages_Free
10403 [Test worker] INFO  x.yang.diagram.YangDiagramGenerator  - CREATED ELEMENT FOR statement:io.typefox.yang.yang.impl.LeafImpl@7b7c3eae (name: HugePages_Rsvd) WITH ID yuma-proc:proc-node-container-proc-container-meminfo-HugePages_Rsvd
10403 [Test worker] INFO  x.yang.diagram.YangDiagramGenerator  - CREATED ELEMENT FOR statement:io.typefox.yang.yang.impl.LeafImpl@4f423ced (name: HugePages_Surp) WITH ID yuma-proc:proc-node-container-proc-container-meminfo-HugePages_Surp
10403 [Test worker] INFO  x.yang.diagram.YangDiagramGenerator  - CREATED ELEMENT FOR statement:io.typefox.yang.yang.impl.LeafImpl@2c3ac29 (name: Hugepagesize) WITH ID yuma-proc:proc-node-container-proc-container-meminfo-Hugepagesize
10403 [Test worker] INFO  x.yang.diagram.YangDiagramGenerator  - CREATED ELEMENT FOR statement:io.typefox.yang.yang.impl.LeafImpl@6e33c8e6 (name: DirectMap4k) WITH ID yuma-proc:proc-node-container-proc-container-meminfo-DirectMap4k
10403 [Test worker] INFO  x.yang.diagram.YangDiagramGenerator  - CREATED ELEMENT FOR statement:io.typefox.yang.yang.impl.LeafImpl@742012c0 (name: DirectMap2M) WITH ID yuma-proc:proc-node-container-proc-container-meminfo-DirectMap2M
10404 [Test worker] INFO  x.yang.diagram.YangDiagramGenerator  - CREATED ELEMENT FOR statement:io.typefox.yang.yang.impl.LeafImpl@2adbedfd (name: DirectMap4M) WITH ID yuma-proc:proc-node-container-proc-container-meminfo-DirectMap4M
10404 [Test worker] INFO  x.yang.diagram.YangDiagramGenerator  - CREATED ELEMENT FOR statement:io.typefox.yang.yang.impl.ContainerImpl@3566ae6b (name: meminfo) WITH ID yuma-proc:proc-node-container-proc-container-meminfo
10404 [Test worker] INFO  x.yang.diagram.YangDiagramGenerator  - CREATED ELEMENT FOR statement:io.typefox.yang.yang.impl.ContainerImpl@456224d9 (name: proc) WITH ID yuma-proc:proc-node-container-proc
10404 [Test worker] INFO  x.yang.diagram.YangDiagramGenerator  - CREATED ELEMENT FOR statement:io.typefox.yang.yang.impl.ModuleImpl@31a088a7 (name: yuma-proc) WITH ID yuma-proc:proc
10499 [Test worker] INFO  x.yang.diagram.YangDiagramGenerator  - Generating diagram for input: 'yuma-system.yang'
10507 [Test worker] INFO  x.yang.diagram.YangDiagramGenerator  - CREATED ELEMENT FOR statement:io.typefox.yang.yang.impl.LeafImpl@198aa1b5 (name: userName) WITH ID yuma-system:yuma-sys-node-grouping-SysCommonSessionParms-userName
10508 [Test worker] INFO  x.yang.diagram.YangDiagramGenerator  - CREATED ELEMENT FOR statement:io.typefox.yang.yang.impl.LeafImpl@363d412c (name: sessionId) WITH ID yuma-system:yuma-sys-node-grouping-SysCommonSessionParms-sessionId
10508 [Test worker] INFO  x.yang.diagram.YangDiagramGenerator  - CREATED ELEMENT FOR statement:io.typefox.yang.yang.impl.LeafImpl@47df7fdf (name: remoteHost) WITH ID yuma-system:yuma-sys-node-grouping-SysCommonSessionParms-remoteHost
10508 [Test worker] INFO  x.yang.diagram.YangDiagramGenerator  - CREATED ELEMENT FOR statement:io.typefox.yang.yang.impl.GroupingImpl@16d870ca (name: SysCommonSessionParms) WITH ID yuma-system:yuma-sys-node-grouping-SysCommonSessionParms
10508 [Test worker] INFO  x.yang.diagram.YangDiagramGenerator  - CREATED ELEMENT FOR statement:io.typefox.yang.yang.impl.LeafImpl@5a93ecad (name: sysName) WITH ID yuma-system:yuma-sys-node-/sys:system-state-augmentation-container-yuma-sysName
10508 [Test worker] INFO  x.yang.diagram.YangDiagramGenerator  - CREATED ELEMENT FOR statement:io.typefox.yang.yang.impl.LeafImpl@6fbf2f2 (name: sysCurrentDateTime) WITH ID yuma-system:yuma-sys-node-/sys:system-state-augmentation-container-yuma-sysCurrentDateTime
10509 [Test worker] INFO  x.yang.diagram.YangDiagramGenerator  - CREATED ELEMENT FOR statement:io.typefox.yang.yang.impl.LeafImpl@3a665475 (name: sysBootDateTime) WITH ID yuma-system:yuma-sys-node-/sys:system-state-augmentation-container-yuma-sysBootDateTime
10509 [Test worker] INFO  x.yang.diagram.YangDiagramGenerator  - CREATED ELEMENT FOR statement:io.typefox.yang.yang.impl.LeafImpl@6f6d3dd3 (name: sysLogLevel) WITH ID yuma-system:yuma-sys-node-/sys:system-state-augmentation-container-yuma-sysLogLevel
10509 [Test worker] INFO  x.yang.diagram.YangDiagramGenerator  - CREATED ELEMENT FOR statement:io.typefox.yang.yang.impl.LeafImpl@2a5e5217 (name: sysNetconfServerId) WITH ID yuma-system:yuma-sys-node-/sys:system-state-augmentation-container-yuma-sysNetconfServerId
10509 [Test worker] INFO  x.yang.diagram.YangDiagramGenerator  - CREATED ELEMENT FOR statement:io.typefox.yang.yang.impl.LeafImpl@73eb59cc (name: sysname) WITH ID yuma-system:yuma-sys-node-/sys:system-state-augmentation-container-yuma-container-uname-sysname
10509 [Test worker] INFO  x.yang.diagram.YangDiagramGenerator  - CREATED ELEMENT FOR statement:io.typefox.yang.yang.impl.LeafImpl@7ba67e38 (name: release) WITH ID yuma-system:yuma-sys-node-/sys:system-state-augmentation-container-yuma-container-uname-release
10509 [Test worker] INFO  x.yang.diagram.YangDiagramGenerator  - CREATED ELEMENT FOR statement:io.typefox.yang.yang.impl.LeafImpl@7da3573a (name: version) WITH ID yuma-system:yuma-sys-node-/sys:system-state-augmentation-container-yuma-container-uname-version
10510 [Test worker] INFO  x.yang.diagram.YangDiagramGenerator  - CREATED ELEMENT FOR statement:io.typefox.yang.yang.impl.LeafImpl@25b56c73 (name: machine) WITH ID yuma-system:yuma-sys-node-/sys:system-state-augmentation-container-yuma-container-uname-machine
10510 [Test worker] INFO  x.yang.diagram.YangDiagramGenerator  - CREATED ELEMENT FOR statement:io.typefox.yang.yang.impl.LeafImpl@c397430 (name: nodename) WITH ID yuma-system:yuma-sys-node-/sys:system-state-augmentation-container-yuma-container-uname-nodename
10510 [Test worker] INFO  x.yang.diagram.YangDiagramGenerator  - CREATED ELEMENT FOR statement:io.typefox.yang.yang.impl.ContainerImpl@44268c31 (name: uname) WITH ID yuma-system:yuma-sys-node-/sys:system-state-augmentation-container-yuma-container-uname
10510 [Test worker] INFO  x.yang.diagram.YangDiagramGenerator  - CREATED ELEMENT FOR statement:io.typefox.yang.yang.impl.ContainerImpl@23db0908 (name: yuma) WITH ID yuma-system:yuma-sys-node-/sys:system-state-augmentation-container-yuma
10510 [Test worker] INFO  x.yang.diagram.YangDiagramGenerator  - CREATED ELEMENT FOR statement:io.typefox.yang.yang.impl.AugmentImpl@2d832ff4 WITH ID yuma-system:yuma-sys-node-/sys:system-state-augmentation
10510 [Test worker] INFO  x.yang.diagram.YangDiagramGenerator  - CREATED ELEMENT FOR statement:io.typefox.yang.yang.impl.LeafImpl@6a5c5680 (name: log-level) WITH ID yuma-system:yuma-sys-node-rpc set-log-level-pill-input-log-level
10510 [Test worker] INFO  x.yang.diagram.YangDiagramGenerator  - CREATED ELEMENT FOR statement:io.typefox.yang.yang.impl.InputImpl@1aeb08fe (name: null) WITH ID yuma-system:yuma-sys-node-rpc set-log-level-pill-input
10511 [Test worker] INFO  x.yang.diagram.YangDiagramGenerator  - CREATED ELEMENT FOR statement:io.typefox.yang.yang.impl.RpcImpl@6183d1e2 (name: set-log-level) WITH ID yuma-system:yuma-sys-node-rpc set-log-level-pill
10511 [Test worker] INFO  x.yang.diagram.YangDiagramGenerator  - CREATED ELEMENT FOR statement:io.typefox.yang.yang.impl.LeafImpl@55cbbea9 (name: startupSource) WITH ID yuma-system:yuma-sys-node-notification-sysStartup-startupSource
10511 [Test worker] INFO  x.yang.diagram.YangDiagramGenerator  - CREATED ELEMENT FOR statement:io.typefox.yang.yang.impl.UsesImpl@5d2b0ac6 WITH ID yuma-system:yuma-sys-node-notification-sysStartup-list-bootError-uses RpcErrorType-pill
10511 [Test worker] INFO  x.yang.diagram.YangDiagramGenerator  - CREATED ELEMENT FOR statement:io.typefox.yang.yang.impl.ListImpl@1fc55565 (name: bootError) WITH ID yuma-system:yuma-sys-node-notification-sysStartup-list-bootError
10511 [Test worker] INFO  x.yang.diagram.YangDiagramGenerator  - CREATED ELEMENT FOR statement:io.typefox.yang.yang.impl.NotificationImpl@60369bbe (name: sysStartup) WITH ID yuma-system:yuma-sys-node-notification-sysStartup
10511 [Test worker] INFO  x.yang.diagram.YangDiagramGenerator  - CREATED ELEMENT FOR statement:io.typefox.yang.yang.impl.UsesImpl@68004fe7 WITH ID yuma-system:yuma-sys-node-notification-sysConfigChange-uses SysCommonSessionParms-pill
10511 [Test worker] INFO  x.yang.diagram.YangDiagramGenerator  - CREATED ELEMENT FOR statement:io.typefox.yang.yang.impl.LeafImpl@6d78151b (name: target) WITH ID yuma-system:yuma-sys-node-notification-sysConfigChange-list-edit-target
10512 [Test worker] INFO  x.yang.diagram.YangDiagramGenerator  - CREATED ELEMENT FOR statement:io.typefox.yang.yang.impl.LeafImpl@58231bac (name: operation) WITH ID yuma-system:yuma-sys-node-notification-sysConfigChange-list-edit-operation
10512 [Test worker] INFO  x.yang.diagram.YangDiagramGenerator  - CREATED ELEMENT FOR statement:io.typefox.yang.yang.impl.ListImpl@c9c807d (name: edit) WITH ID yuma-system:yuma-sys-node-notification-sysConfigChange-list-edit
10512 [Test worker] INFO  x.yang.diagram.YangDiagramGenerator  - CREATED ELEMENT FOR statement:io.typefox.yang.yang.impl.NotificationImpl@6609997e (name: sysConfigChange) WITH ID yuma-system:yuma-sys-node-notification-sysConfigChange
10512 [Test worker] INFO  x.yang.diagram.YangDiagramGenerator  - CREATED ELEMENT FOR statement:io.typefox.yang.yang.impl.LeafListImpl@4bf48869 (name: added-capability) WITH ID yuma-system:yuma-sys-node-notification-sysCapabilityChange-added-capability
10512 [Test worker] INFO  x.yang.diagram.YangDiagramGenerator  - CREATED ELEMENT FOR statement:io.typefox.yang.yang.impl.LeafListImpl@bca04c0 (name: deleted-capability) WITH ID yuma-system:yuma-sys-node-notification-sysCapabilityChange-deleted-capability
10512 [Test worker] INFO  x.yang.diagram.YangDiagramGenerator  - CREATED ELEMENT FOR statement:io.typefox.yang.yang.impl.LeafImpl@633de2ac (name: server) WITH ID yuma-system:yuma-sys-node-notification-sysCapabilityChange-container-changed-by-server-or-user-choice-server-case-server-case-server
10513 [Test worker] INFO  x.yang.diagram.YangDiagramGenerator  - CREATED ELEMENT FOR statement:io.typefox.yang.yang.impl.UsesImpl@49d555dc WITH ID yuma-system:yuma-sys-node-notification-sysCapabilityChange-container-changed-by-server-or-user-choice-by-user-case-uses SysCommonSessionParms-pill
10513 [Test worker] INFO  x.yang.diagram.YangDiagramGenerator  - CREATED ELEMENT FOR statement:io.typefox.yang.yang.impl.ChoiceImpl@268d3b4f (name: server-or-user) WITH ID yuma-system:yuma-sys-node-notification-sysCapabilityChange-container-changed-by-server-or-user-choice
10513 [Test worker] INFO  x.yang.diagram.YangDiagramGenerator  - CREATED ELEMENT FOR statement:io.typefox.yang.yang.impl.ContainerImpl@7dbad75a (name: changed-by) WITH ID yuma-system:yuma-sys-node-notification-sysCapabilityChange-container-changed-by
10513 [Test worker] INFO  x.yang.diagram.YangDiagramGenerator  - CREATED ELEMENT FOR statement:io.typefox.yang.yang.impl.NotificationImpl@719e62c3 (name: sysCapabilityChange) WITH ID yuma-system:yuma-sys-node-notification-sysCapabilityChange
10513 [Test worker] INFO  x.yang.diagram.YangDiagramGenerator  - CREATED ELEMENT FOR statement:io.typefox.yang.yang.impl.UsesImpl@1286b299 WITH ID yuma-system:yuma-sys-node-notification-sysSessionStart-uses SysCommonSessionParms-pill
10513 [Test worker] INFO  x.yang.diagram.YangDiagramGenerator  - CREATED ELEMENT FOR statement:io.typefox.yang.yang.impl.NotificationImpl@5d9eb4c5 (name: sysSessionStart) WITH ID yuma-system:yuma-sys-node-notification-sysSessionStart
10513 [Test worker] INFO  x.yang.diagram.YangDiagramGenerator  - CREATED ELEMENT FOR statement:io.typefox.yang.yang.impl.LeafImpl@76b5a82b (name: killedBy) WITH ID yuma-system:yuma-sys-node-notification-sysSessionEnd-killedBy
10514 [Test worker] INFO  x.yang.diagram.YangDiagramGenerator  - CREATED ELEMENT FOR statement:io.typefox.yang.yang.impl.LeafImpl@743f4444 (name: terminationReason) WITH ID yuma-system:yuma-sys-node-notification-sysSessionEnd-terminationReason
10514 [Test worker] INFO  x.yang.diagram.YangDiagramGenerator  - CREATED ELEMENT FOR statement:io.typefox.yang.yang.impl.UsesImpl@538a3220 WITH ID yuma-system:yuma-sys-node-notification-sysSessionEnd-uses SysCommonSessionParms-pill
10514 [Test worker] INFO  x.yang.diagram.YangDiagramGenerator  - CREATED ELEMENT FOR statement:io.typefox.yang.yang.impl.NotificationImpl@7b9a9c08 (name: sysSessionEnd) WITH ID yuma-system:yuma-sys-node-notification-sysSessionEnd
10514 [Test worker] INFO  x.yang.diagram.YangDiagramGenerator  - CREATED ELEMENT FOR statement:io.typefox.yang.yang.impl.LeafImpl@203597a0 (name: confirmEvent) WITH ID yuma-system:yuma-sys-node-notification-sysConfirmedCommit-confirmEvent
10514 [Test worker] INFO  x.yang.diagram.YangDiagramGenerator  - CREATED ELEMENT FOR statement:io.typefox.yang.yang.impl.UsesImpl@2e26ea86 WITH ID yuma-system:yuma-sys-node-notification-sysConfirmedCommit-uses SysCommonSessionParms-pill
10514 [Test worker] INFO  x.yang.diagram.YangDiagramGenerator  - CREATED ELEMENT FOR statement:io.typefox.yang.yang.impl.NotificationImpl@2c3fc650 (name: sysConfirmedCommit) WITH ID yuma-system:yuma-sys-node-notification-sysConfirmedCommit
10514 [Test worker] INFO  x.yang.diagram.YangDiagramGenerator  - CREATED ELEMENT FOR statement:io.typefox.yang.yang.impl.LeafImpl@3ea6503 (name: sequence-id) WITH ID yuma-system:yuma-sys-node-/notif:notification-augmentation-sequence-id
10515 [Test worker] INFO  x.yang.diagram.YangDiagramGenerator  - CREATED ELEMENT FOR statement:io.typefox.yang.yang.impl.AugmentImpl@fee6a49 WITH ID yuma-system:yuma-sys-node-/notif:notification-augmentation
10515 [Test worker] INFO  x.yang.diagram.YangDiagramGenerator  - CREATED ELEMENT FOR statement:io.typefox.yang.yang.impl.LeafImpl@1685c3e8 (name: module) WITH ID yuma-system:yuma-sys-node-rpc load-pill-input-module
10515 [Test worker] INFO  x.yang.diagram.YangDiagramGenerator  - CREATED ELEMENT FOR statement:io.typefox.yang.yang.impl.LeafImpl@445a8a2e (name: revision) WITH ID yuma-system:yuma-sys-node-rpc load-pill-input-revision
10515 [Test worker] INFO  x.yang.diagram.YangDiagramGenerator  - CREATED ELEMENT FOR statement:io.typefox.yang.yang.impl.UsesImpl@14482ddb WITH ID yuma-system:yuma-sys-node-rpc load-pill-input-uses DeviationParm-pill
10515 [Test worker] INFO  x.yang.diagram.YangDiagramGenerator  - CREATED ELEMENT FOR statement:io.typefox.yang.yang.impl.InputImpl@6888b139 (name: null) WITH ID yuma-system:yuma-sys-node-rpc load-pill-input
10515 [Test worker] INFO  x.yang.diagram.YangDiagramGenerator  - CREATED ELEMENT FOR statement:io.typefox.yang.yang.impl.LeafImpl@502aa543 (name: mod-revision) WITH ID yuma-system:yuma-sys-node-rpc load-pill-output-mod-revision
10516 [Test worker] INFO  x.yang.diagram.YangDiagramGenerator  - CREATED ELEMENT FOR statement:io.typefox.yang.yang.impl.OutputImpl@40315e92 (name: null) WITH ID yuma-system:yuma-sys-node-rpc load-pill-output
10516 [Test worker] INFO  x.yang.diagram.YangDiagramGenerator  - CREATED ELEMENT FOR statement:io.typefox.yang.yang.impl.RpcImpl@154285ba (name: load) WITH ID yuma-system:yuma-sys-node-rpc load-pill
10516 [Test worker] INFO  x.yang.diagram.YangDiagramGenerator  - CREATED ELEMENT FOR statement:io.typefox.yang.yang.impl.RpcImpl@386eff52 (name: restart) WITH ID yuma-system:yuma-sys-node-rpc restart-pill
10516 [Test worker] INFO  x.yang.diagram.YangDiagramGenerator  - CREATED ELEMENT FOR statement:io.typefox.yang.yang.impl.RpcImpl@3d6b45a1 (name: shutdown) WITH ID yuma-system:yuma-sys-node-rpc shutdown-pill
10516 [Test worker] INFO  x.yang.diagram.YangDiagramGenerator  - CREATED ELEMENT FOR statement:io.typefox.yang.yang.impl.RpcImpl@77644950 (name: no-op) WITH ID yuma-system:yuma-sys-node-rpc no-op-pill
10516 [Test worker] INFO  x.yang.diagram.YangDiagramGenerator  - CREATED ELEMENT FOR statement:io.typefox.yang.yang.impl.ModuleImpl@760a6d53 (name: yuma-system) WITH ID yuma-system:yuma-sys
10560 [Test worker] INFO  x.yang.diagram.YangDiagramGenerator  - Generating diagram for input: 'netconfd.yang'
10561 [Test worker] INFO  x.yang.diagram.YangDiagramGenerator  - CREATED ELEMENT FOR statement:io.typefox.yang.yang.impl.LeafImpl@3c0398a5 (name: no-startup) WITH ID netconfd:nd-node-grouping-StartupChoice-start-choice-no-startup-case-no-startup-case-no-startup
10561 [Test worker] INFO  x.yang.diagram.YangDiagramGenerator  - CREATED ELEMENT FOR statement:io.typefox.yang.yang.impl.LeafImpl@5a2987d4 (name: factory-startup) WITH ID netconfd:nd-node-grouping-StartupChoice-start-choice-factory-startup-case-factory-startup-case-factory-startup
10561 [Test worker] INFO  x.yang.diagram.YangDiagramGenerator  - CREATED ELEMENT FOR statement:io.typefox.yang.yang.impl.LeafImpl@17f3f1f (name: startup) WITH ID netconfd:nd-node-grouping-StartupChoice-start-choice-startup-case-startup-case-startup
10561 [Test worker] INFO  x.yang.diagram.YangDiagramGenerator  - CREATED ELEMENT FOR statement:io.typefox.yang.yang.impl.ChoiceImpl@6b025a9f (name: start) WITH ID netconfd:nd-node-grouping-StartupChoice-start-choice
10562 [Test worker] INFO  x.yang.diagram.YangDiagramGenerator  - CREATED ELEMENT FOR statement:io.typefox.yang.yang.impl.GroupingImpl@4b6421ea (name: StartupChoice) WITH ID netconfd:nd-node-grouping-StartupChoice
10562 [Test worker] INFO  x.yang.diagram.YangDiagramGenerator  - CREATED ELEMENT FOR statement:io.typefox.yang.yang.impl.LeafImpl@5de50875 (name: access-control) WITH ID netconfd:nd-node-container-netconfd-access-control
10562 [Test worker] INFO  x.yang.diagram.YangDiagramGenerator  - CREATED ELEMENT FOR statement:io.typefox.yang.yang.impl.LeafImpl@259a4311 (name: audit-log) WITH ID netconfd:nd-node-container-netconfd-audit-log
10562 [Test worker] INFO  x.yang.diagram.YangDiagramGenerator  - CREATED ELEMENT FOR statement:io.typefox.yang.yang.impl.LeafImpl@5c35239f (name: audit-log-append) WITH ID netconfd:nd-node-container-netconfd-audit-log-append
10567 [Test worker] INFO  x.yang.diagram.YangDiagramGenerator  - CREATED ELEMENT FOR statement:io.typefox.yang.yang.impl.LeafImpl@36b42282 (name: default-style) WITH ID netconfd:nd-node-container-netconfd-default-style
10568 [Test worker] INFO  x.yang.diagram.YangDiagramGenerator  - CREATED ELEMENT FOR statement:io.typefox.yang.yang.impl.LeafImpl@43672281 (name: delete-empty-npcontainers) WITH ID netconfd:nd-node-container-netconfd-delete-empty-npcontainers
10568 [Test worker] INFO  x.yang.diagram.YangDiagramGenerator  - CREATED ELEMENT FOR statement:io.typefox.yang.yang.impl.LeafImpl@34926337 (name: eventlog-size) WITH ID netconfd:nd-node-container-netconfd-eventlog-size
10568 [Test worker] INFO  x.yang.diagram.YangDiagramGenerator  - CREATED ELEMENT FOR statement:io.typefox.yang.yang.impl.LeafImpl@41ce97e1 (name: hello-timeout) WITH ID netconfd:nd-node-container-netconfd-hello-timeout
10568 [Test worker] INFO  x.yang.diagram.YangDiagramGenerator  - CREATED ELEMENT FOR statement:io.typefox.yang.yang.impl.LeafImpl@56f90d68 (name: idle-timeout) WITH ID netconfd:nd-node-container-netconfd-idle-timeout
10568 [Test worker] INFO  x.yang.diagram.YangDiagramGenerator  - CREATED ELEMENT FOR statement:io.typefox.yang.yang.impl.LeafImpl@2cf04e1c (name: max-burst) WITH ID netconfd:nd-node-container-netconfd-max-burst
10568 [Test worker] INFO  x.yang.diagram.YangDiagramGenerator  - CREATED ELEMENT FOR statement:io.typefox.yang.yang.impl.LeafListImpl@bdc0b6e (name: port) WITH ID netconfd:nd-node-container-netconfd-port
10569 [Test worker] INFO  x.yang.diagram.YangDiagramGenerator  - CREATED ELEMENT FOR statement:io.typefox.yang.yang.impl.LeafImpl@3e98e46b (name: ncxserver-sockname) WITH ID netconfd:nd-node-container-netconfd-ncxserver-sockname
10569 [Test worker] INFO  x.yang.diagram.YangDiagramGenerator  - CREATED ELEMENT FOR statement:io.typefox.yang.yang.impl.LeafImpl@20143c9d (name: tcp-direct-address) WITH ID netconfd:nd-node-container-netconfd-tcp-direct-address
10569 [Test worker] INFO  x.yang.diagram.YangDiagramGenerator  - CREATED ELEMENT FOR statement:io.typefox.yang.yang.impl.LeafImpl@eba162d (name: tcp-direct-port) WITH ID netconfd:nd-node-container-netconfd-tcp-direct-port
10569 [Test worker] INFO  x.yang.diagram.YangDiagramGenerator  - CREATED ELEMENT FOR statement:io.typefox.yang.yang.impl.LeafImpl@65d6ebef (name: non-advertised-module) WITH ID netconfd:nd-node-container-netconfd-non-advertised-module
10569 [Test worker] INFO  x.yang.diagram.YangDiagramGenerator  - CREATED ELEMENT FOR statement:io.typefox.yang.yang.impl.LeafImpl@1c94f082 (name: running-error) WITH ID netconfd:nd-node-container-netconfd-running-error
10569 [Test worker] INFO  x.yang.diagram.YangDiagramGenerator  - CREATED ELEMENT FOR statement:io.typefox.yang.yang.impl.LeafImpl@1de5d759 (name: startup-error) WITH ID netconfd:nd-node-container-netconfd-startup-error
10570 [Test worker] INFO  x.yang.diagram.YangDiagramGenerator  - CREATED ELEMENT FOR statement:io.typefox.yang.yang.impl.LeafImpl@4330b1b6 (name: superuser) WITH ID netconfd:nd-node-container-netconfd-superuser
10570 [Test worker] INFO  x.yang.diagram.YangDiagramGenerator  - CREATED ELEMENT FOR statement:io.typefox.yang.yang.impl.LeafImpl@11eba3ac (name: system-sorted) WITH ID netconfd:nd-node-container-netconfd-system-sorted
10570 [Test worker] INFO  x.yang.diagram.YangDiagramGenerator  - CREATED ELEMENT FOR statement:io.typefox.yang.yang.impl.LeafImpl@2a4051f3 (name: target) WITH ID netconfd:nd-node-container-netconfd-target
10570 [Test worker] INFO  x.yang.diagram.YangDiagramGenerator  - CREATED ELEMENT FOR statement:io.typefox.yang.yang.impl.LeafImpl@19ac04fd (name: usexmlorder) WITH ID netconfd:nd-node-container-netconfd-usexmlorder
10570 [Test worker] INFO  x.yang.diagram.YangDiagramGenerator  - CREATED ELEMENT FOR statement:io.typefox.yang.yang.impl.LeafImpl@5fd7bb7f (name: with-startup) WITH ID netconfd:nd-node-container-netconfd-with-startup
10570 [Test worker] INFO  x.yang.diagram.YangDiagramGenerator  - CREATED ELEMENT FOR statement:io.typefox.yang.yang.impl.LeafImpl@136d95ea (name: with-url) WITH ID netconfd:nd-node-container-netconfd-with-url
10570 [Test worker] INFO  x.yang.diagram.YangDiagramGenerator  - CREATED ELEMENT FOR statement:io.typefox.yang.yang.impl.LeafImpl@3b0a81bd (name: with-validate) WITH ID netconfd:nd-node-container-netconfd-with-validate
10570 [Test worker] INFO  x.yang.diagram.YangDiagramGenerator  - CREATED ELEMENT FOR statement:io.typefox.yang.yang.impl.LeafImpl@42f8e1cd (name: max-sessions) WITH ID netconfd:nd-node-container-netconfd-max-sessions
10571 [Test worker] INFO  x.yang.diagram.YangDiagramGenerator  - CREATED ELEMENT FOR statement:io.typefox.yang.yang.impl.UsesImpl@2096a6ae WITH ID netconfd:nd-node-container-netconfd-uses NcxAppCommon-pill
10571 [Test worker] INFO  x.yang.diagram.YangDiagramGenerator  - CREATED ELEMENT FOR statement:io.typefox.yang.yang.impl.UsesImpl@5faba593 WITH ID netconfd:nd-node-container-netconfd-uses ConfigParm-pill
10571 [Test worker] INFO  x.yang.diagram.YangDiagramGenerator  - CREATED ELEMENT FOR statement:io.typefox.yang.yang.impl.UsesImpl@30c3d0b2 WITH ID netconfd:nd-node-container-netconfd-uses YumaHomeParm-pill
10571 [Test worker] INFO  x.yang.diagram.YangDiagramGenerator  - CREATED ELEMENT FOR statement:io.typefox.yang.yang.impl.UsesImpl@35b0b9ee WITH ID netconfd:nd-node-container-netconfd-uses CommonFeatureParms-pill
10571 [Test worker] INFO  x.yang.diagram.YangDiagramGenerator  - CREATED ELEMENT FOR statement:io.typefox.yang.yang.impl.UsesImpl@2086ca20 WITH ID netconfd:nd-node-container-netconfd-uses HomeParm-pill
10571 [Test worker] INFO  x.yang.diagram.YangDiagramGenerator  - CREATED ELEMENT FOR statement:io.typefox.yang.yang.impl.UsesImpl@2283649e WITH ID netconfd:nd-node-container-netconfd-uses SubdirsParm-pill
10572 [Test worker] INFO  x.yang.diagram.YangDiagramGenerator  - CREATED ELEMENT FOR statement:io.typefox.yang.yang.impl.UsesImpl@c6b663c WITH ID netconfd:nd-node-container-netconfd-uses ProtocolsParm-pill
10572 [Test worker] INFO  x.yang.diagram.YangDiagramGenerator  - CREATED ELEMENT FOR statement:io.typefox.yang.yang.impl.UsesImpl@3ca4c196 WITH ID netconfd:nd-node-container-netconfd-uses RunpathParm-pill
10572 [Test worker] INFO  x.yang.diagram.YangDiagramGenerator  - CREATED ELEMENT FOR statement:io.typefox.yang.yang.impl.UsesImpl@2ae5dbe8 WITH ID netconfd:nd-node-container-netconfd-uses ModuleParm-pill
10572 [Test worker] INFO  x.yang.diagram.YangDiagramGenerator  - CREATED ELEMENT FOR statement:io.typefox.yang.yang.impl.UsesImpl@137bfdbe WITH ID netconfd:nd-node-container-netconfd-uses DeviationParm-pill
10572 [Test worker] INFO  x.yang.diagram.YangDiagramGenerator  - CREATED ELEMENT FOR statement:io.typefox.yang.yang.impl.UsesImpl@44f6336b WITH ID netconfd:nd-node-container-netconfd-uses DatapathParm-pill
10572 [Test worker] INFO  x.yang.diagram.YangDiagramGenerator  - CREATED ELEMENT FOR statement:io.typefox.yang.yang.impl.UsesImpl@5e44e212 WITH ID netconfd:nd-node-container-netconfd-uses StartupChoice-pill
10572 [Test worker] INFO  x.yang.diagram.YangDiagramGenerator  - CREATED ELEMENT FOR statement:io.typefox.yang.yang.impl.ContainerImpl@5afa48a9 (name: netconfd) WITH ID netconfd:nd-node-container-netconfd
10576 [Test worker] INFO  x.yang.diagram.YangDiagramGenerator  - CREATED ELEMENT FOR statement:io.typefox.yang.yang.impl.ModuleImpl@1620c845 (name: netconfd) WITH ID netconfd:nd
10612 [Test worker] INFO  x.yang.diagram.YangDiagramGenerator  - Generating diagram for input: 'yuma-time-filter.yang'
10612 [Test worker] INFO  x.yang.diagram.YangDiagramGenerator  - CREATED ELEMENT FOR statement:io.typefox.yang.yang.impl.LeafImpl@550c2ec6 (name: last-modified) WITH ID yuma-time-filter:timefilter-node-/mon:netconf-state/mon:datastores/mon:datastore-augmentation-last-modified
10613 [Test worker] INFO  x.yang.diagram.YangDiagramGenerator  - CREATED ELEMENT FOR statement:io.typefox.yang.yang.impl.AugmentImpl@b936d49 WITH ID yuma-time-filter:timefilter-node-/mon:netconf-state/mon:datastores/mon:datastore-augmentation
10613 [Test worker] INFO  x.yang.diagram.YangDiagramGenerator  - CREATED ELEMENT FOR statement:io.typefox.yang.yang.impl.LeafImpl@109b94fe (name: if-modified-since) WITH ID yuma-time-filter:timefilter-node-grouping-if-modified-since-parm-if-modified-since
10613 [Test worker] INFO  x.yang.diagram.YangDiagramGenerator  - CREATED ELEMENT FOR statement:io.typefox.yang.yang.impl.GroupingImpl@67624896 (name: if-modified-since-parm) WITH ID yuma-time-filter:timefilter-node-grouping-if-modified-since-parm
10614 [Test worker] INFO  x.yang.diagram.YangDiagramGenerator  - CREATED ELEMENT FOR statement:io.typefox.yang.yang.impl.UsesImpl@532c30a2 WITH ID yuma-time-filter:timefilter-node-/nc:get-config/nc:input-augmentation-uses if-modified-since-parm-pill
10614 [Test worker] INFO  x.yang.diagram.YangDiagramGenerator  - CREATED ELEMENT FOR statement:io.typefox.yang.yang.impl.AugmentImpl@43c5f6ab WITH ID yuma-time-filter:timefilter-node-/nc:get-config/nc:input-augmentation
10614 [Test worker] INFO  x.yang.diagram.YangDiagramGenerator  - CREATED ELEMENT FOR statement:io.typefox.yang.yang.impl.UsesImpl@fb5b649 WITH ID yuma-time-filter:timefilter-node-/nc:get/nc:input-augmentation-uses if-modified-since-parm-pill
10614 [Test worker] INFO  x.yang.diagram.YangDiagramGenerator  - CREATED ELEMENT FOR statement:io.typefox.yang.yang.impl.AugmentImpl@7a6679d1 WITH ID yuma-time-filter:timefilter-node-/nc:get/nc:input-augmentation
10614 [Test worker] INFO  x.yang.diagram.YangDiagramGenerator  - CREATED ELEMENT FOR statement:io.typefox.yang.yang.impl.ModuleImpl@487dff1f (name: yuma-time-filter) WITH ID yuma-time-filter:timefilter
10630 [Test worker] INFO  x.yang.diagram.YangDiagramGenerator  - Generating diagram for input: 'testr1@2009-02-02.yang'
10638 [Test worker] INFO  x.yang.diagram.YangDiagramGenerator  - CREATED ELEMENT FOR statement:io.typefox.yang.yang.impl.LeafImpl@543b4f9f (name: X) WITH ID testr1:r1-node-grouping-TestGroup1-X
10639 [Test worker] INFO  x.yang.diagram.YangDiagramGenerator  - CREATED ELEMENT FOR statement:io.typefox.yang.yang.impl.LeafImpl@7b2b6867 (name: Y) WITH ID testr1:r1-node-grouping-TestGroup1-Y
10639 [Test worker] INFO  x.yang.diagram.YangDiagramGenerator  - CREATED ELEMENT FOR statement:io.typefox.yang.yang.impl.ContainerImpl@19d29338 (name: Z) WITH ID testr1:r1-node-grouping-TestGroup1-uses TestGroup-pill-E-augmentation-container-Z
10639 [Test worker] INFO  x.yang.diagram.YangDiagramGenerator  - CREATED ELEMENT FOR statement:io.typefox.yang.yang.impl.AugmentImpl@cb20b79 WITH ID testr1:r1-node-grouping-TestGroup1-uses TestGroup-pill-E-augmentation
10639 [Test worker] INFO  x.yang.diagram.YangDiagramGenerator  - CREATED ELEMENT FOR statement:io.typefox.yang.yang.impl.UsesImpl@27bfac7 WITH ID testr1:r1-node-grouping-TestGroup1-uses TestGroup-pill
10639 [Test worker] INFO  x.yang.diagram.YangDiagramGenerator  - CREATED ELEMENT FOR statement:io.typefox.yang.yang.impl.GroupingImpl@22b3d2bf (name: TestGroup1) WITH ID testr1:r1-node-grouping-TestGroup1
10640 [Test worker] INFO  x.yang.diagram.YangDiagramGenerator  - CREATED ELEMENT FOR statement:io.typefox.yang.yang.impl.UsesImpl@2f75ce82 WITH ID testr1:r1-node-container-foo-r2-uses TestGroup-pill
10640 [Test worker] INFO  x.yang.diagram.YangDiagramGenerator  - CREATED ELEMENT FOR statement:io.typefox.yang.yang.impl.ContainerImpl@3300f1d6 (name: foo-r2) WITH ID testr1:r1-node-container-foo-r2
10640 [Test worker] INFO  x.yang.diagram.YangDiagramGenerator  - CREATED ELEMENT FOR statement:io.typefox.yang.yang.impl.UsesImpl@6ef098b3 WITH ID testr1:r1-node-container-goo-local-uses TestGroup1-pill
10640 [Test worker] INFO  x.yang.diagram.YangDiagramGenerator  - CREATED ELEMENT FOR statement:io.typefox.yang.yang.impl.ContainerImpl@526a99f8 (name: goo-local) WITH ID testr1:r1-node-container-goo-local
10640 [Test worker] INFO  x.yang.diagram.YangDiagramGenerator  - CREATED ELEMENT FOR statement:io.typefox.yang.yang.impl.ModuleImpl@536a5ce9 (name: testr1) WITH ID testr1:r1
10652 [Test worker] INFO  x.yang.diagram.YangDiagramGenerator  - Generating diagram for input: 'testaug2.yang'
10653 [Test worker] INFO  x.yang.diagram.YangDiagramGenerator  - CREATED ELEMENT FOR statement:io.typefox.yang.yang.impl.LeafImpl@667fd07f (name: myid1) WITH ID testaug2:testaug2-node-/t3:one-augmentation-myid1
10653 [Test worker] INFO  x.yang.diagram.YangDiagramGenerator  - CREATED ELEMENT FOR statement:io.typefox.yang.yang.impl.LeafImpl@3b43dc2a (name: x) WITH ID testaug2:testaug2-node-/t3:one-augmentation-list-mylist-x
10653 [Test worker] INFO  x.yang.diagram.YangDiagramGenerator  - CREATED ELEMENT FOR statement:io.typefox.yang.yang.impl.LeafImpl@30077e5a (name: y) WITH ID testaug2:testaug2-node-/t3:one-augmentation-list-mylist-y
10653 [Test worker] INFO  x.yang.diagram.YangDiagramGenerator  - CREATED ELEMENT FOR statement:io.typefox.yang.yang.impl.ListImpl@172fb78e (name: mylist) WITH ID testaug2:testaug2-node-/t3:one-augmentation-list-mylist
10654 [Test worker] INFO  x.yang.diagram.YangDiagramGenerator  - CREATED ELEMENT FOR statement:io.typefox.yang.yang.impl.AugmentImpl@fcb713c WITH ID testaug2:testaug2-node-/t3:one-augmentation
10654 [Test worker] INFO  x.yang.diagram.YangDiagramGenerator  - CREATED ELEMENT FOR statement:io.typefox.yang.yang.impl.ModuleImpl@2a4c4e63 (name: testaug2) WITH ID testaug2:testaug2
10664 [Test worker] INFO  x.yang.diagram.YangDiagramGenerator  - Generating diagram for input: 't29.yang'
10664 [Test worker] INFO  x.yang.diagram.YangDiagramGenerator  - CREATED ELEMENT FOR statement:io.typefox.yang.yang.impl.LeafImpl@24f8b4a4 (name: xx) WITH ID t29:t29-node-/mlist/mchoice/mcase1-augmentation-xx
10665 [Test worker] INFO  x.yang.diagram.YangDiagramGenerator  - CREATED ELEMENT FOR statement:io.typefox.yang.yang.impl.AugmentImpl@d55b4ec WITH ID t29:t29-node-/mlist/mchoice/mcase1-augmentation
10665 [Test worker] INFO  x.yang.diagram.YangDiagramGenerator  - CREATED ELEMENT FOR statement:io.typefox.yang.yang.impl.LeafImpl@49ede5fd (name: xxx) WITH ID t29:t29-node-grouping-G-xxx
10665 [Test worker] INFO  x.yang.diagram.YangDiagramGenerator  - CREATED ELEMENT FOR statement:io.typefox.yang.yang.impl.GroupingImpl@5c5af20e (name: G) WITH ID t29:t29-node-grouping-G
10665 [Test worker] INFO  x.yang.diagram.YangDiagramGenerator  - CREATED ELEMENT FOR statement:io.typefox.yang.yang.impl.LeafImpl@3d6630b5 (name: mkey) WITH ID t29:t29-node-list-mlist-mkey
10665 [Test worker] INFO  x.yang.diagram.YangDiagramGenerator  - CREATED ELEMENT FOR statement:io.typefox.yang.yang.impl.LeafImpl@1db41121 (name: x) WITH ID t29:t29-node-list-mlist-mchoice-choice-mcase1-case-x
10666 [Test worker] INFO  x.yang.diagram.YangDiagramGenerator  - CREATED ELEMENT FOR statement:io.typefox.yang.yang.impl.UsesImpl@3bd0dd67 WITH ID t29:t29-node-list-mlist-mchoice-choice-mcase1-case-uses G-pill
10666 [Test worker] INFO  x.yang.diagram.YangDiagramGenerator  - CREATED ELEMENT FOR statement:io.typefox.yang.yang.impl.LeafImpl@30918291 (name: y) WITH ID t29:t29-node-list-mlist-mchoice-choice-mcase2-case-y
10666 [Test worker] INFO  x.yang.diagram.YangDiagramGenerator  - CREATED ELEMENT FOR statement:io.typefox.yang.yang.impl.ChoiceImpl@3c7effae (name: mchoice) WITH ID t29:t29-node-list-mlist-mchoice-choice
10666 [Test worker] INFO  x.yang.diagram.YangDiagramGenerator  - CREATED ELEMENT FOR statement:io.typefox.yang.yang.impl.ListImpl@1fedc19 (name: mlist) WITH ID t29:t29-node-list-mlist
10666 [Test worker] INFO  x.yang.diagram.YangDiagramGenerator  - CREATED ELEMENT FOR statement:io.typefox.yang.yang.impl.LeafImpl@3cf812a4 (name: a1) WITH ID t29:t29-node-top-choice-choice-a-case-a1
10667 [Test worker] INFO  x.yang.diagram.YangDiagramGenerator  - CREATED ELEMENT FOR statement:io.typefox.yang.yang.impl.LeafImpl@c18aa0 (name: a2) WITH ID t29:t29-node-top-choice-choice-a-case-a2
10667 [Test worker] INFO  x.yang.diagram.YangDiagramGenerator  - CREATED ELEMENT FOR statement:io.typefox.yang.yang.impl.LeafListImpl@4b898699 (name: b1) WITH ID t29:t29-node-top-choice-choice-b-case-b1
10667 [Test worker] INFO  x.yang.diagram.YangDiagramGenerator  - CREATED ELEMENT FOR statement:io.typefox.yang.yang.impl.LeafImpl@3ce095e5 (name: b2a1) WITH ID t29:t29-node-top-choice-choice-b-case-b2-choice-b2a-case-b2a1
10667 [Test worker] INFO  x.yang.diagram.YangDiagramGenerator  - CREATED ELEMENT FOR statement:io.typefox.yang.yang.impl.LeafImpl@40f1ddef (name: b2a2) WITH ID t29:t29-node-top-choice-choice-b-case-b2-choice-b2a-case-b2a2
10667 [Test worker] INFO  x.yang.diagram.YangDiagramGenerator  - CREATED ELEMENT FOR statement:io.typefox.yang.yang.impl.LeafImpl@4c69dbdb (name: b3-npcon-leaf) WITH ID t29:t29-node-top-choice-choice-b-case-b2-choice-b3-npcon-case-b3-npcon-case-container-b3-npcon-b3-npcon-leaf
10668 [Test worker] INFO  x.yang.diagram.YangDiagramGenerator  - CREATED ELEMENT FOR statement:io.typefox.yang.yang.impl.ContainerImpl@4b533181 (name: b3-npcon) WITH ID t29:t29-node-top-choice-choice-b-case-b2-choice-b3-npcon-case-b3-npcon-case-container-b3-npcon
10668 [Test worker] INFO  x.yang.diagram.YangDiagramGenerator  - CREATED ELEMENT FOR statement:io.typefox.yang.yang.impl.ChoiceImpl@73a4cab3 (name: b2) WITH ID t29:t29-node-top-choice-choice-b-case-b2-choice
10668 [Test worker] INFO  x.yang.diagram.YangDiagramGenerator  - CREATED ELEMENT FOR statement:io.typefox.yang.yang.impl.LeafImpl@3df46f8d (name: c1) WITH ID t29:t29-node-top-choice-choice-c-case-c1
10668 [Test worker] INFO  x.yang.diagram.YangDiagramGenerator  - CREATED ELEMENT FOR statement:io.typefox.yang.yang.impl.ChoiceImpl@3fc1cceb (name: top-choice) WITH ID t29:t29-node-top-choice-choice
10668 [Test worker] INFO  x.yang.diagram.YangDiagramGenerator  - CREATED ELEMENT FOR statement:io.typefox.yang.yang.impl.LeafImpl@6dcc2dab (name: a) WITH ID t29:t29-node-list-list1-a
10669 [Test worker] INFO  x.yang.diagram.YangDiagramGenerator  - CREATED ELEMENT FOR statement:io.typefox.yang.yang.impl.LeafImpl@38e893f3 (name: b) WITH ID t29:t29-node-list-list1-b
10669 [Test worker] INFO  x.yang.diagram.YangDiagramGenerator  - CREATED ELEMENT FOR statement:io.typefox.yang.yang.impl.LeafImpl@267e1b64 (name: c1-leaf1) WITH ID t29:t29-node-list-list1-list1-choice-choice-c1-case-c1-leaf1
10669 [Test worker] INFO  x.yang.diagram.YangDiagramGenerator  - CREATED ELEMENT FOR statement:io.typefox.yang.yang.impl.LeafImpl@17e92dd4 (name: c1-leaf2) WITH ID t29:t29-node-list-list1-list1-choice-choice-c1-case-c1-leaf2
10669 [Test worker] INFO  x.yang.diagram.YangDiagramGenerator  - CREATED ELEMENT FOR statement:io.typefox.yang.yang.impl.LeafImpl@1bc4fbf7 (name: c2mand) WITH ID t29:t29-node-list-list1-list1-choice-choice-c2-case-c2-case-container-c2-c2mand
10670 [Test worker] INFO  x.yang.diagram.YangDiagramGenerator  - CREATED ELEMENT FOR statement:io.typefox.yang.yang.impl.LeafImpl@67cf9477 (name: c2def) WITH ID t29:t29-node-list-list1-list1-choice-choice-c2-case-c2-case-container-c2-c2def
10670 [Test worker] INFO  x.yang.diagram.YangDiagramGenerator  - CREATED ELEMENT FOR statement:io.typefox.yang.yang.impl.LeafImpl@31bc16d1 (name: c2opt) WITH ID t29:t29-node-list-list1-list1-choice-choice-c2-case-c2-case-container-c2-c2opt
10670 [Test worker] INFO  x.yang.diagram.YangDiagramGenerator  - CREATED ELEMENT FOR statement:io.typefox.yang.yang.impl.ContainerImpl@6f651abf (name: c2) WITH ID t29:t29-node-list-list1-list1-choice-choice-c2-case-c2-case-container-c2
10670 [Test worker] INFO  x.yang.diagram.YangDiagramGenerator  - CREATED ELEMENT FOR statement:io.typefox.yang.yang.impl.LeafImpl@53c24fe7 (name: x) WITH ID t29:t29-node-list-list1-list1-choice-choice-c3-case-list-c3list-x
10670 [Test worker] INFO  x.yang.diagram.YangDiagramGenerator  - CREATED ELEMENT FOR statement:io.typefox.yang.yang.impl.LeafImpl@483515c4 (name: y) WITH ID t29:t29-node-list-list1-list1-choice-choice-c3-case-list-c3list-y
10670 [Test worker] INFO  x.yang.diagram.YangDiagramGenerator  - CREATED ELEMENT FOR statement:io.typefox.yang.yang.impl.LeafImpl@19ee888d (name: z) WITH ID t29:t29-node-list-list1-list1-choice-choice-c3-case-list-c3list-z
10671 [Test worker] INFO  x.yang.diagram.YangDiagramGenerator  - CREATED ELEMENT FOR statement:io.typefox.yang.yang.impl.ListImpl@5e19c9ed (name: c3list) WITH ID t29:t29-node-list-list1-list1-choice-choice-c3-case-list-c3list
10671 [Test worker] INFO  x.yang.diagram.YangDiagramGenerator  - CREATED ELEMENT FOR statement:io.typefox.yang.yang.impl.ChoiceImpl@1f6518be (name: list1-choice) WITH ID t29:t29-node-list-list1-list1-choice-choice
10671 [Test worker] INFO  x.yang.diagram.YangDiagramGenerator  - CREATED ELEMENT FOR statement:io.typefox.yang.yang.impl.ListImpl@7f1eb5a3 (name: list1) WITH ID t29:t29-node-list-list1
10671 [Test worker] INFO  x.yang.diagram.YangDiagramGenerator  - CREATED ELEMENT FOR statement:io.typefox.yang.yang.impl.LeafImpl@1259e02d (name: x) WITH ID t29:t29-node-list-list2-x
10671 [Test worker] INFO  x.yang.diagram.YangDiagramGenerator  - CREATED ELEMENT FOR statement:io.typefox.yang.yang.impl.LeafListImpl@21f152a (name: y) WITH ID t29:t29-node-list-list2-y
10671 [Test worker] INFO  x.yang.diagram.YangDiagramGenerator  - CREATED ELEMENT FOR statement:io.typefox.yang.yang.impl.LeafImpl@35885d3f (name: zz) WITH ID t29:t29-node-list-list2-zz
10672 [Test worker] INFO  x.yang.diagram.YangDiagramGenerator  - CREATED ELEMENT FOR statement:io.typefox.yang.yang.impl.LeafImpl@3f314580 (name: a) WITH ID t29:t29-node-list-list2-container-z-a
10672 [Test worker] INFO  x.yang.diagram.YangDiagramGenerator  - CREATED ELEMENT FOR statement:io.typefox.yang.yang.impl.LeafImpl@62b492c3 (name: b) WITH ID t29:t29-node-list-list2-container-z-b
10672 [Test worker] INFO  x.yang.diagram.YangDiagramGenerator  - CREATED ELEMENT FOR statement:io.typefox.yang.yang.impl.LeafImpl@18f87dfa (name: c) WITH ID t29:t29-node-list-list2-container-z-c
10672 [Test worker] INFO  x.yang.diagram.YangDiagramGenerator  - CREATED ELEMENT FOR statement:io.typefox.yang.yang.impl.ContainerImpl@6feeba7f (name: z) WITH ID t29:t29-node-list-list2-container-z
10672 [Test worker] INFO  x.yang.diagram.YangDiagramGenerator  - CREATED ELEMENT FOR statement:io.typefox.yang.yang.impl.ListImpl@5a46ef47 (name: list2) WITH ID t29:t29-node-list-list2
10672 [Test worker] INFO  x.yang.diagram.YangDiagramGenerator  - CREATED ELEMENT FOR statement:io.typefox.yang.yang.impl.ModuleImpl@1c225c46 (name: t29) WITH ID t29:t29
10679 [Test worker] INFO  x.yang.diagram.YangDiagramGenerator  - Generating diagram for input: 'testgrp2.yang'
10679 [Test worker] INFO  x.yang.diagram.YangDiagramGenerator  - CREATED ELEMENT FOR statement:io.typefox.yang.yang.impl.UsesImpl@574f5dc2 WITH ID testgrp2:tgrp2-node-uses testgrp-pill
10680 [Test worker] INFO  x.yang.diagram.YangDiagramGenerator  - CREATED ELEMENT FOR statement:io.typefox.yang.yang.impl.RpcImpl@531deda0 (name: foo) WITH ID testgrp2:tgrp2-node-rpc foo-pill
10680 [Test worker] INFO  x.yang.diagram.YangDiagramGenerator  - CREATED ELEMENT FOR statement:io.typefox.yang.yang.impl.ModuleImpl@7cca62aa (name: testgrp2) WITH ID testgrp2:tgrp2
10691 [Test worker] INFO  x.yang.diagram.YangDiagramGenerator  - Generating diagram for input: 'testgrouping2.yang'
10691 [Test worker] INFO  x.yang.diagram.YangDiagramGenerator  - CREATED ELEMENT FOR statement:io.typefox.yang.yang.impl.TypedefImpl@97234b7 (name: MyType) WITH ID testgrouping2:foo2-node-typedef-MyType
10691 [Test worker] INFO  x.yang.diagram.YangDiagramGenerator  - CREATED ELEMENT FOR statement:io.typefox.yang.yang.impl.UsesImpl@39be823f WITH ID testgrouping2:foo2-node-container-one-uses ggg-pill
10691 [Test worker] INFO  x.yang.diagram.YangDiagramGenerator  - CREATED ELEMENT FOR statement:io.typefox.yang.yang.impl.ContainerImpl@64e7b5d (name: one) WITH ID testgrouping2:foo2-node-container-one
10691 [Test worker] INFO  x.yang.diagram.YangDiagramGenerator  - CREATED ELEMENT FOR statement:io.typefox.yang.yang.impl.ModuleImpl@1cf30ab1 (name: testgrouping2) WITH ID testgrouping2:foo2
10694 [Test worker] INFO  x.yang.diagram.YangDiagramGenerator  - Generating diagram for input: 'siltest6.yang'
10695 [Test worker] INFO  x.yang.diagram.YangDiagramGenerator  - CREATED ELEMENT FOR statement:io.typefox.yang.yang.impl.LeafImpl@4e16279 (name: id) WITH ID siltest6:siltest6-node-container-top6-container-profiles-list-profile-id
10695 [Test worker] INFO  x.yang.diagram.YangDiagramGenerator  - CREATED ELEMENT FOR statement:io.typefox.yang.yang.impl.LeafImpl@7bb8a5e6 (name: id) WITH ID siltest6:siltest6-node-container-top6-container-profiles-list-profile-container-resources-list-resource-id
10695 [Test worker] INFO  x.yang.diagram.YangDiagramGenerator  - CREATED ELEMENT FOR statement:io.typefox.yang.yang.impl.LeafImpl@64924eca (name: id2) WITH ID siltest6:siltest6-node-container-top6-container-profiles-list-profile-container-resources-list-resource-id2
10695 [Test worker] INFO  x.yang.diagram.YangDiagramGenerator  - CREATED ELEMENT FOR statement:io.typefox.yang.yang.impl.ListImpl@27d4e7fb (name: resource) WITH ID siltest6:siltest6-node-container-top6-container-profiles-list-profile-container-resources-list-resource
10695 [Test worker] INFO  x.yang.diagram.YangDiagramGenerator  - CREATED ELEMENT FOR statement:io.typefox.yang.yang.impl.ContainerImpl@2829bbd2 (name: resources) WITH ID siltest6:siltest6-node-container-top6-container-profiles-list-profile-container-resources
10695 [Test worker] INFO  x.yang.diagram.YangDiagramGenerator  - CREATED ELEMENT FOR statement:io.typefox.yang.yang.impl.ListImpl@1680bca4 (name: profile) WITH ID siltest6:siltest6-node-container-top6-container-profiles-list-profile
10695 [Test worker] INFO  x.yang.diagram.YangDiagramGenerator  - CREATED ELEMENT FOR statement:io.typefox.yang.yang.impl.ContainerImpl@601244a0 (name: profiles) WITH ID siltest6:siltest6-node-container-top6-container-profiles
10695 [Test worker] INFO  x.yang.diagram.YangDiagramGenerator  - CREATED ELEMENT FOR statement:io.typefox.yang.yang.impl.ContainerImpl@60799c66 (name: top6) WITH ID siltest6:siltest6-node-container-top6
10695 [Test worker] INFO  x.yang.diagram.YangDiagramGenerator  - CREATED ELEMENT FOR statement:io.typefox.yang.yang.impl.ModuleImpl@5eb5c90 (name: siltest6) WITH ID siltest6:siltest6
10719 [Test worker] INFO  x.yang.diagram.YangDiagramGenerator  - Generating diagram for input: 'test8d.yang'
10719 [Test worker] INFO  x.yang.diagram.YangDiagramGenerator  - CREATED ELEMENT FOR statement:io.typefox.yang.yang.impl.LeafImpl@1c4f1dfa (name: c) WITH ID test8d-node-/top-augmentation-c
10719 [Test worker] INFO  x.yang.diagram.YangDiagramGenerator  - CREATED ELEMENT FOR statement:io.typefox.yang.yang.impl.AugmentImpl@6c7fe819 WITH ID test8d-node-/top-augmentation
10719 [Test worker] INFO  x.yang.diagram.YangDiagramGenerator  - CREATED ELEMENT FOR statement:io.typefox.yang.yang.impl.SubmoduleImpl@6544f679 (name: test8d) WITH ID test8d
10764 [Test worker] INFO  x.yang.diagram.YangDiagramGenerator  - Generating diagram for input: 'test2.yang'
10764 [Test worker] INFO  x.yang.diagram.YangDiagramGenerator  - CREATED ELEMENT FOR statement:io.typefox.yang.yang.impl.TypedefImpl@598890f (name: XX) WITH ID test2:t2-node-typedef-XX
10764 [Test worker] INFO  x.yang.diagram.YangDiagramGenerator  - CREATED ELEMENT FOR statement:io.typefox.yang.yang.impl.TypedefImpl@4622fa26 (name: YY) WITH ID test2:t2-node-typedef-YY
10764 [Test worker] INFO  x.yang.diagram.YangDiagramGenerator  - CREATED ELEMENT FOR statement:io.typefox.yang.yang.impl.TypedefImpl@5e94a23c (name: ZZ) WITH ID test2:t2-node-typedef-ZZ
10764 [Test worker] INFO  x.yang.diagram.YangDiagramGenerator  - CREATED ELEMENT FOR statement:io.typefox.yang.yang.impl.TypedefImpl@2958ef9d (name: ZZZ) WITH ID test2:t2-node-typedef-ZZZ
10764 [Test worker] INFO  x.yang.diagram.YangDiagramGenerator  - CREATED ELEMENT FOR statement:io.typefox.yang.yang.impl.ModuleImpl@6849cb48 (name: test2) WITH ID test2:t2
10767 [Test worker] INFO  x.yang.diagram.YangDiagramGenerator  - Generating diagram for input: 'testmalloc.yang'
10768 [Test worker] INFO  x.yang.diagram.YangDiagramGenerator  - CREATED ELEMENT FOR statement:io.typefox.yang.yang.impl.ModuleImpl@33041c3d (name: testmalloc) WITH ID testmalloc:tm
10819 [Test worker] INFO  x.yang.diagram.YangDiagramGenerator  - Generating diagram for input: 'examples.yang'
10822 [Test worker] INFO  x.yang.diagram.YangDiagramGenerator  - CREATED ELEMENT FOR statement:io.typefox.yang.yang.impl.LeafImpl@623dd044 (name: host-name) WITH ID examples:ex-node-container-system-host-name
10823 [Test worker] INFO  x.yang.diagram.YangDiagramGenerator  - CREATED ELEMENT FOR statement:io.typefox.yang.yang.impl.LeafListImpl@716b1995 (name: domain-search) WITH ID examples:ex-node-container-system-domain-search
10823 [Test worker] INFO  x.yang.diagram.YangDiagramGenerator  - CREATED ELEMENT FOR statement:io.typefox.yang.yang.impl.LeafImpl@52d5c15e (name: message) WITH ID examples:ex-node-container-system-container-login-message
10823 [Test worker] INFO  x.yang.diagram.YangDiagramGenerator  - CREATED ELEMENT FOR statement:io.typefox.yang.yang.impl.LeafImpl@25c0e313 (name: name) WITH ID examples:ex-node-container-system-container-login-list-user-name
10823 [Test worker] INFO  x.yang.diagram.YangDiagramGenerator  - CREATED ELEMENT FOR statement:io.typefox.yang.yang.impl.LeafImpl@29f3a81f (name: full-name) WITH ID examples:ex-node-container-system-container-login-list-user-full-name
10823 [Test worker] INFO  x.yang.diagram.YangDiagramGenerator  - CREATED ELEMENT FOR statement:io.typefox.yang.yang.impl.LeafImpl@fdab05 (name: class) WITH ID examples:ex-node-container-system-container-login-list-user-class
10823 [Test worker] INFO  x.yang.diagram.YangDiagramGenerator  - CREATED ELEMENT FOR statement:io.typefox.yang.yang.impl.ListImpl@7c5e4575 (name: user) WITH ID examples:ex-node-container-system-container-login-list-user
10824 [Test worker] INFO  x.yang.diagram.YangDiagramGenerator  - CREATED ELEMENT FOR statement:io.typefox.yang.yang.impl.ContainerImpl@5ea4e996 (name: login) WITH ID examples:ex-node-container-system-container-login
10824 [Test worker] INFO  x.yang.diagram.YangDiagramGenerator  - CREATED ELEMENT FOR statement:io.typefox.yang.yang.impl.ContainerImpl@6a23010d (name: ssh) WITH ID examples:ex-node-container-system-container-services-container-ssh
10824 [Test worker] INFO  x.yang.diagram.YangDiagramGenerator  - CREATED ELEMENT FOR statement:io.typefox.yang.yang.impl.ContainerImpl@76b2acf (name: services) WITH ID examples:ex-node-container-system-container-services
10824 [Test worker] INFO  x.yang.diagram.YangDiagramGenerator  - CREATED ELEMENT FOR statement:io.typefox.yang.yang.impl.LeafImpl@990a2ba (name: name) WITH ID examples:ex-node-container-system-list-server-name
10824 [Test worker] INFO  x.yang.diagram.YangDiagramGenerator  - CREATED ELEMENT FOR statement:io.typefox.yang.yang.impl.LeafImpl@70011247 (name: ip) WITH ID examples:ex-node-container-system-list-server-ip
10825 [Test worker] INFO  x.yang.diagram.YangDiagramGenerator  - CREATED ELEMENT FOR statement:io.typefox.yang.yang.impl.LeafImpl@2585e23 (name: port) WITH ID examples:ex-node-container-system-list-server-port
10826 [Test worker] INFO  x.yang.diagram.YangDiagramGenerator  - CREATED ELEMENT FOR statement:io.typefox.yang.yang.impl.ListImpl@5cbb31f5 (name: server) WITH ID examples:ex-node-container-system-list-server
10826 [Test worker] INFO  x.yang.diagram.YangDiagramGenerator  - CREATED ELEMENT FOR statement:io.typefox.yang.yang.impl.ContainerImpl@50b2ddaa (name: system) WITH ID examples:ex-node-container-system
10826 [Test worker] INFO  x.yang.diagram.YangDiagramGenerator  - CREATED ELEMENT FOR statement:io.typefox.yang.yang.impl.LeafImpl@28596ed1 (name: ifname) WITH ID examples:ex-node-container-default-address-ifname
10826 [Test worker] INFO  x.yang.diagram.YangDiagramGenerator  - CREATED ELEMENT FOR statement:io.typefox.yang.yang.impl.LeafImpl@683084bf (name: address) WITH ID examples:ex-node-container-default-address-address
10826 [Test worker] INFO  x.yang.diagram.YangDiagramGenerator  - CREATED ELEMENT FOR statement:io.typefox.yang.yang.impl.ContainerImpl@6d0134d5 (name: default-address) WITH ID examples:ex-node-container-default-address
10826 [Test worker] INFO  x.yang.diagram.YangDiagramGenerator  - CREATED ELEMENT FOR statement:io.typefox.yang.yang.impl.LeafImpl@2b98fb52 (name: name) WITH ID examples:ex-node-container-interfaces-list-interface-name
10827 [Test worker] INFO  x.yang.diagram.YangDiagramGenerator  - CREATED ELEMENT FOR statement:io.typefox.yang.yang.impl.LeafImpl@48543716 (name: type) WITH ID examples:ex-node-container-interfaces-list-interface-type
10827 [Test worker] INFO  x.yang.diagram.YangDiagramGenerator  - CREATED ELEMENT FOR statement:io.typefox.yang.yang.impl.LeafImpl@242d47df (name: speed) WITH ID examples:ex-node-container-interfaces-list-interface-speed
10833 [Test worker] INFO  x.yang.diagram.YangDiagramGenerator  - CREATED ELEMENT FOR statement:io.typefox.yang.yang.impl.LeafImpl@406e6813 (name: observed-speed) WITH ID examples:ex-node-container-interfaces-list-interface-observed-speed
10834 [Test worker] INFO  x.yang.diagram.YangDiagramGenerator  - CREATED ELEMENT FOR statement:io.typefox.yang.yang.impl.LeafImpl@2cc04927 (name: ifType) WITH ID examples:ex-node-container-interfaces-list-interface-ifType
10834 [Test worker] INFO  x.yang.diagram.YangDiagramGenerator  - CREATED ELEMENT FOR statement:io.typefox.yang.yang.impl.LeafImpl@4545372e (name: ifMTU) WITH ID examples:ex-node-container-interfaces-list-interface-ifMTU
10834 [Test worker] INFO  x.yang.diagram.YangDiagramGenerator  - CREATED ELEMENT FOR statement:io.typefox.yang.yang.impl.LeafImpl@b9883e6 (name: ip) WITH ID examples:ex-node-container-interfaces-list-interface-list-address-ip
10834 [Test worker] INFO  x.yang.diagram.YangDiagramGenerator  - CREATED ELEMENT FOR statement:io.typefox.yang.yang.impl.ListImpl@38855c76 (name: address) WITH ID examples:ex-node-container-interfaces-list-interface-list-address
10834 [Test worker] INFO  x.yang.diagram.YangDiagramGenerator  - CREATED ELEMENT FOR statement:io.typefox.yang.yang.impl.ListImpl@16a2a330 (name: interface) WITH ID examples:ex-node-container-interfaces-list-interface
10834 [Test worker] INFO  x.yang.diagram.YangDiagramGenerator  - CREATED ELEMENT FOR statement:io.typefox.yang.yang.impl.ContainerImpl@7ab20a8d (name: interfaces) WITH ID examples:ex-node-container-interfaces
10835 [Test worker] INFO  x.yang.diagram.YangDiagramGenerator  - CREATED ELEMENT FOR statement:io.typefox.yang.yang.impl.TypedefImpl@35fa318e (name: percent) WITH ID examples:ex-node-typedef-percent
10835 [Test worker] INFO  x.yang.diagram.YangDiagramGenerator  - CREATED ELEMENT FOR statement:io.typefox.yang.yang.impl.LeafImpl@278eadab (name: address) WITH ID examples:ex-node-grouping-target-address
10835 [Test worker] INFO  x.yang.diagram.YangDiagramGenerator  - CREATED ELEMENT FOR statement:io.typefox.yang.yang.impl.LeafImpl@24b62149 (name: port) WITH ID examples:ex-node-grouping-target-port
10835 [Test worker] INFO  x.yang.diagram.YangDiagramGenerator  - CREATED ELEMENT FOR statement:io.typefox.yang.yang.impl.GroupingImpl@4ebaa130 (name: target) WITH ID examples:ex-node-grouping-target
10835 [Test worker] INFO  x.yang.diagram.YangDiagramGenerator  - CREATED ELEMENT FOR statement:io.typefox.yang.yang.impl.UsesImpl@2aa88f28 WITH ID examples:ex-node-container-peer-container-destination-uses target-pill
10835 [Test worker] INFO  x.yang.diagram.YangDiagramGenerator  - CREATED ELEMENT FOR statement:io.typefox.yang.yang.impl.ContainerImpl@78998c23 (name: destination) WITH ID examples:ex-node-container-peer-container-destination
10835 [Test worker] INFO  x.yang.diagram.YangDiagramGenerator  - CREATED ELEMENT FOR statement:io.typefox.yang.yang.impl.ContainerImpl@6db05610 (name: peer) WITH ID examples:ex-node-container-peer
10836 [Test worker] INFO  x.yang.diagram.YangDiagramGenerator  - CREATED ELEMENT FOR statement:io.typefox.yang.yang.impl.LeafImpl@7618d9b7 (name: pretzel) WITH ID examples:ex-node-container-food-snack-choice-sports-arena-case-pretzel
10836 [Test worker] INFO  x.yang.diagram.YangDiagramGenerator  - CREATED ELEMENT FOR statement:io.typefox.yang.yang.impl.LeafImpl@1827d993 (name: beer) WITH ID examples:ex-node-container-food-snack-choice-sports-arena-case-beer
10836 [Test worker] INFO  x.yang.diagram.YangDiagramGenerator  - CREATED ELEMENT FOR statement:io.typefox.yang.yang.impl.LeafImpl@2c6bb620 (name: chocolate) WITH ID examples:ex-node-container-food-snack-choice-late-night-case-chocolate
10836 [Test worker] INFO  x.yang.diagram.YangDiagramGenerator  - CREATED ELEMENT FOR statement:io.typefox.yang.yang.impl.ChoiceImpl@4304756b (name: snack) WITH ID examples:ex-node-container-food-snack-choice
10836 [Test worker] INFO  x.yang.diagram.YangDiagramGenerator  - CREATED ELEMENT FOR statement:io.typefox.yang.yang.impl.ContainerImpl@73e1d9dd (name: food) WITH ID examples:ex-node-container-food
10837 [Test worker] INFO  x.yang.diagram.YangDiagramGenerator  - CREATED ELEMENT FOR statement:io.typefox.yang.yang.impl.LeafImpl@552c6d73 (name: uid) WITH ID examples:ex-node-/system/login/user-augmentation-uid
10837 [Test worker] INFO  x.yang.diagram.YangDiagramGenerator  - CREATED ELEMENT FOR statement:io.typefox.yang.yang.impl.AugmentImpl@24071b40 WITH ID examples:ex-node-/system/login/user-augmentation
10837 [Test worker] INFO  x.yang.diagram.YangDiagramGenerator  - CREATED ELEMENT FOR statement:io.typefox.yang.yang.impl.LeafImpl@44489d86 (name: image-name) WITH ID examples:ex-node-rpc activate-software-image-pill-input-image-name
10837 [Test worker] INFO  x.yang.diagram.YangDiagramGenerator  - CREATED ELEMENT FOR statement:io.typefox.yang.yang.impl.InputImpl@399a9be3 (name: null) WITH ID examples:ex-node-rpc activate-software-image-pill-input
10837 [Test worker] INFO  x.yang.diagram.YangDiagramGenerator  - CREATED ELEMENT FOR statement:io.typefox.yang.yang.impl.LeafImpl@f6b2e56 (name: status) WITH ID examples:ex-node-rpc activate-software-image-pill-output-status
10837 [Test worker] INFO  x.yang.diagram.YangDiagramGenerator  - CREATED ELEMENT FOR statement:io.typefox.yang.yang.impl.OutputImpl@13aaf9e0 (name: null) WITH ID examples:ex-node-rpc activate-software-image-pill-output
10838 [Test worker] INFO  x.yang.diagram.YangDiagramGenerator  - CREATED ELEMENT FOR statement:io.typefox.yang.yang.impl.RpcImpl@138ee2be (name: activate-software-image) WITH ID examples:ex-node-rpc activate-software-image-pill
10838 [Test worker] INFO  x.yang.diagram.YangDiagramGenerator  - CREATED ELEMENT FOR statement:io.typefox.yang.yang.impl.LeafImpl@7e2626af (name: if-name) WITH ID examples:ex-node-notification-link-failure-if-name
10838 [Test worker] INFO  x.yang.diagram.YangDiagramGenerator  - CREATED ELEMENT FOR statement:io.typefox.yang.yang.impl.LeafImpl@28e9bea3 (name: if-admin-status) WITH ID examples:ex-node-notification-link-failure-if-admin-status
10838 [Test worker] INFO  x.yang.diagram.YangDiagramGenerator  - CREATED ELEMENT FOR statement:io.typefox.yang.yang.impl.NotificationImpl@6c4827a7 (name: link-failure) WITH ID examples:ex-node-notification-link-failure
10838 [Test worker] INFO  x.yang.diagram.YangDiagramGenerator  - CREATED ELEMENT FOR statement:io.typefox.yang.yang.impl.LeafImpl@8b7b382 (name: interval) WITH ID examples:ex-node-container-transfer-how-choice-interval-case-interval
10838 [Test worker] INFO  x.yang.diagram.YangDiagramGenerator  - CREATED ELEMENT FOR statement:io.typefox.yang.yang.impl.LeafImpl@476bef65 (name: daily) WITH ID examples:ex-node-container-transfer-how-choice-daily-case-daily
10839 [Test worker] INFO  x.yang.diagram.YangDiagramGenerator  - CREATED ELEMENT FOR statement:io.typefox.yang.yang.impl.LeafImpl@22125d8d (name: time-of-day) WITH ID examples:ex-node-container-transfer-how-choice-daily-case-time-of-day
10839 [Test worker] INFO  x.yang.diagram.YangDiagramGenerator  - CREATED ELEMENT FOR statement:io.typefox.yang.yang.impl.LeafImpl@fca3377 (name: manual) WITH ID examples:ex-node-container-transfer-how-choice-manual-case-manual
10839 [Test worker] INFO  x.yang.diagram.YangDiagramGenerator  - CREATED ELEMENT FOR statement:io.typefox.yang.yang.impl.ChoiceImpl@3ad4aaaf (name: how) WITH ID examples:ex-node-container-transfer-how-choice
10839 [Test worker] INFO  x.yang.diagram.YangDiagramGenerator  - CREATED ELEMENT FOR statement:io.typefox.yang.yang.impl.ContainerImpl@22dc6a57 (name: transfer) WITH ID examples:ex-node-container-transfer
10839 [Test worker] INFO  x.yang.diagram.YangDiagramGenerator  - CREATED ELEMENT FOR statement:io.typefox.yang.yang.impl.LeafImpl@1292b5b4 (name: udp) WITH ID examples:ex-node-container-protocol-name-choice-a-case-udp
10839 [Test worker] INFO  x.yang.diagram.YangDiagramGenerator  - CREATED ELEMENT FOR statement:io.typefox.yang.yang.impl.LeafImpl@4c1d6d1a (name: tcp) WITH ID examples:ex-node-container-protocol-name-choice-b-case-tcp
10840 [Test worker] INFO  x.yang.diagram.YangDiagramGenerator  - CREATED ELEMENT FOR statement:io.typefox.yang.yang.impl.ChoiceImpl@538327e4 (name: name) WITH ID examples:ex-node-container-protocol-name-choice
10840 [Test worker] INFO  x.yang.diagram.YangDiagramGenerator  - CREATED ELEMENT FOR statement:io.typefox.yang.yang.impl.ContainerImpl@124c6111 (name: protocol) WITH ID examples:ex-node-container-protocol
10840 [Test worker] INFO  x.yang.diagram.YangDiagramGenerator  - CREATED ELEMENT FOR statement:io.typefox.yang.yang.impl.LeafImpl@15f459f9 (name: ip) WITH ID examples:ex-node-grouping-address-ip
10840 [Test worker] INFO  x.yang.diagram.YangDiagramGenerator  - CREATED ELEMENT FOR statement:io.typefox.yang.yang.impl.LeafImpl@32a693e0 (name: port) WITH ID examples:ex-node-grouping-address-port
10840 [Test worker] INFO  x.yang.diagram.YangDiagramGenerator  - CREATED ELEMENT FOR statement:io.typefox.yang.yang.impl.GroupingImpl@78d02e57 (name: address) WITH ID examples:ex-node-grouping-address
10840 [Test worker] INFO  x.yang.diagram.YangDiagramGenerator  - CREATED ELEMENT FOR statement:io.typefox.yang.yang.impl.LeafImpl@9659cb5 (name: name) WITH ID examples:ex-node-container-http-server-name
10840 [Test worker] INFO  x.yang.diagram.YangDiagramGenerator  - CREATED ELEMENT FOR statement:io.typefox.yang.yang.impl.UsesImpl@3ee937f1 WITH ID examples:ex-node-container-http-server-uses address-pill
10840 [Test worker] INFO  x.yang.diagram.YangDiagramGenerator  - CREATED ELEMENT FOR statement:io.typefox.yang.yang.impl.ContainerImpl@38d68a5f (name: http-server) WITH ID examples:ex-node-container-http-server
10841 [Test worker] INFO  x.yang.diagram.YangDiagramGenerator  - CREATED ELEMENT FOR statement:io.typefox.yang.yang.impl.LeafImpl@410da984 (name: name) WITH ID examples:ex-node-list-server-name
10841 [Test worker] INFO  x.yang.diagram.YangDiagramGenerator  - CREATED ELEMENT FOR statement:io.typefox.yang.yang.impl.UsesImpl@64a80524 WITH ID examples:ex-node-list-server-uses address-pill
10841 [Test worker] INFO  x.yang.diagram.YangDiagramGenerator  - CREATED ELEMENT FOR statement:io.typefox.yang.yang.impl.ListImpl@1309f0ff (name: server) WITH ID examples:ex-node-list-server
10841 [Test worker] INFO  x.yang.diagram.YangDiagramGenerator  - CREATED ELEMENT FOR statement:io.typefox.yang.yang.impl.LeafImpl@1f8104b3 (name: zip-code) WITH ID examples:ex-node-rpc rock-the-house-pill-input-zip-code
10841 [Test worker] INFO  x.yang.diagram.YangDiagramGenerator  - CREATED ELEMENT FOR statement:io.typefox.yang.yang.impl.InputImpl@336ccf4e (name: null) WITH ID examples:ex-node-rpc rock-the-house-pill-input
10841 [Test worker] INFO  x.yang.diagram.YangDiagramGenerator  - CREATED ELEMENT FOR statement:io.typefox.yang.yang.impl.RpcImpl@17497d22 (name: rock-the-house) WITH ID examples:ex-node-rpc rock-the-house-pill
10841 [Test worker] INFO  x.yang.diagram.YangDiagramGenerator  - CREATED ELEMENT FOR statement:io.typefox.yang.yang.impl.LeafImpl@4b9bf93c (name: event-class) WITH ID examples:ex-node-notification-event-event-class
10842 [Test worker] INFO  x.yang.diagram.YangDiagramGenerator  - CREATED ELEMENT FOR statement:io.typefox.yang.yang.impl.LeafImpl@5c28c860 (name: severity) WITH ID examples:ex-node-notification-event-severity
10842 [Test worker] INFO  x.yang.diagram.YangDiagramGenerator  - CREATED ELEMENT FOR statement:io.typefox.yang.yang.impl.NotificationImpl@9eb6a14 (name: event) WITH ID examples:ex-node-notification-event
10842 [Test worker] INFO  x.yang.diagram.YangDiagramGenerator  - CREATED ELEMENT FOR statement:io.typefox.yang.yang.impl.TypedefImpl@5517b666 (name: ChannelNumber) WITH ID examples:ex-node-typedef-ChannelNumber
10842 [Test worker] INFO  x.yang.diagram.YangDiagramGenerator  - CREATED ELEMENT FOR statement:io.typefox.yang.yang.impl.LeafImpl@41d1e7e1 (name: ds0ChannelNumber) WITH ID examples:ex-node-/ex:interfaces/ex:interface-augmentation-ds0ChannelNumber
10842 [Test worker] INFO  x.yang.diagram.YangDiagramGenerator  - CREATED ELEMENT FOR statement:io.typefox.yang.yang.impl.AugmentImpl@5ba04c73 WITH ID examples:ex-node-/ex:interfaces/ex:interface-augmentation
10842 [Test worker] INFO  x.yang.diagram.YangDiagramGenerator  - CREATED ELEMENT FOR statement:io.typefox.yang.yang.impl.IdentityImpl@9c936d9 (name: crypto-alg) WITH ID examples:ex-node-identity-crypto-alg
10843 [Test worker] INFO  x.yang.diagram.YangDiagramGenerator  - CREATED ELEMENT FOR statement:io.typefox.yang.yang.impl.LeafImpl@61050500 (name: local-storage-limit) WITH ID examples:ex-node-container-syslog-local-storage-limit
10843 [Test worker] INFO  x.yang.diagram.YangDiagramGenerator  - CREATED ELEMENT FOR statement:io.typefox.yang.yang.impl.ContainerImpl@2f25182e (name: syslog) WITH ID examples:ex-node-container-syslog
10843 [Test worker] INFO  x.yang.diagram.YangDiagramGenerator  - CREATED ELEMENT FOR statement:io.typefox.yang.yang.impl.ModuleImpl@76bf0a6d (name: examples) WITH ID examples:ex
10861 [Test worker] INFO  x.yang.diagram.YangDiagramGenerator  - Generating diagram for input: 'testr1@2009-01-01.yang'
10862 [Test worker] INFO  x.yang.diagram.YangDiagramGenerator  - CREATED ELEMENT FOR statement:io.typefox.yang.yang.impl.LeafImpl@26efcba2 (name: X) WITH ID testr1:r1-node-grouping-TestGroup1-X
10862 [Test worker] INFO  x.yang.diagram.YangDiagramGenerator  - CREATED ELEMENT FOR statement:io.typefox.yang.yang.impl.LeafImpl@37db2abc (name: Y) WITH ID testr1:r1-node-grouping-TestGroup1-Y
10862 [Test worker] INFO  x.yang.diagram.YangDiagramGenerator  - CREATED ELEMENT FOR statement:io.typefox.yang.yang.impl.UsesImpl@715f278 WITH ID testr1:r1-node-grouping-TestGroup1-uses TestGroup-pill
10862 [Test worker] INFO  x.yang.diagram.YangDiagramGenerator  - CREATED ELEMENT FOR statement:io.typefox.yang.yang.impl.GroupingImpl@4d136a51 (name: TestGroup1) WITH ID testr1:r1-node-grouping-TestGroup1
10863 [Test worker] INFO  x.yang.diagram.YangDiagramGenerator  - CREATED ELEMENT FOR statement:io.typefox.yang.yang.impl.UsesImpl@15791a8a WITH ID testr1:r1-node-container-bar-r1-uses TestGroup-pill
10863 [Test worker] INFO  x.yang.diagram.YangDiagramGenerator  - CREATED ELEMENT FOR statement:io.typefox.yang.yang.impl.ContainerImpl@7b195c53 (name: bar-r1) WITH ID testr1:r1-node-container-bar-r1
10863 [Test worker] INFO  x.yang.diagram.YangDiagramGenerator  - CREATED ELEMENT FOR statement:io.typefox.yang.yang.impl.UsesImpl@5337f77a WITH ID testr1:r1-node-container-foo-r2-uses TestGroup-pill
10863 [Test worker] INFO  x.yang.diagram.YangDiagramGenerator  - CREATED ELEMENT FOR statement:io.typefox.yang.yang.impl.ContainerImpl@5205eaf (name: foo-r2) WITH ID testr1:r1-node-container-foo-r2
10863 [Test worker] INFO  x.yang.diagram.YangDiagramGenerator  - CREATED ELEMENT FOR statement:io.typefox.yang.yang.impl.ModuleImpl@5850b9cb (name: testr1) WITH ID testr1:r1
10869 [Test worker] INFO  x.yang.diagram.YangDiagramGenerator  - Generating diagram for input: 'testfeature.yang'
10870 [Test worker] INFO  x.yang.diagram.YangDiagramGenerator  - CREATED ELEMENT FOR statement:io.typefox.yang.yang.impl.LeafImpl@76a3837e (name: a) WITH ID testfeature:tf-node-rpc f1-pill-input-a
10870 [Test worker] INFO  x.yang.diagram.YangDiagramGenerator  - CREATED ELEMENT FOR statement:io.typefox.yang.yang.impl.LeafImpl@1e4bb704 (name: b) WITH ID testfeature:tf-node-rpc f1-pill-input-b
10870 [Test worker] INFO  x.yang.diagram.YangDiagramGenerator  - CREATED ELEMENT FOR statement:io.typefox.yang.yang.impl.LeafImpl@7e66931f (name: c) WITH ID testfeature:tf-node-rpc f1-pill-input-c
10870 [Test worker] INFO  x.yang.diagram.YangDiagramGenerator  - CREATED ELEMENT FOR statement:io.typefox.yang.yang.impl.InputImpl@282da519 (name: null) WITH ID testfeature:tf-node-rpc f1-pill-input
10870 [Test worker] INFO  x.yang.diagram.YangDiagramGenerator  - CREATED ELEMENT FOR statement:io.typefox.yang.yang.impl.LeafImpl@42ff6b11 (name: o1) WITH ID testfeature:tf-node-rpc f1-pill-output-o1
10870 [Test worker] INFO  x.yang.diagram.YangDiagramGenerator  - CREATED ELEMENT FOR statement:io.typefox.yang.yang.impl.LeafImpl@14f07dd (name: o2) WITH ID testfeature:tf-node-rpc f1-pill-output-o2
10871 [Test worker] INFO  x.yang.diagram.YangDiagramGenerator  - CREATED ELEMENT FOR statement:io.typefox.yang.yang.impl.LeafImpl@4b7b9280 (name: o3) WITH ID testfeature:tf-node-rpc f1-pill-output-o3
10871 [Test worker] INFO  x.yang.diagram.YangDiagramGenerator  - CREATED ELEMENT FOR statement:io.typefox.yang.yang.impl.OutputImpl@e3be39b (name: null) WITH ID testfeature:tf-node-rpc f1-pill-output
10871 [Test worker] INFO  x.yang.diagram.YangDiagramGenerator  - CREATED ELEMENT FOR statement:io.typefox.yang.yang.impl.RpcImpl@3725b6ae (name: f1) WITH ID testfeature:tf-node-rpc f1-pill
10871 [Test worker] INFO  x.yang.diagram.YangDiagramGenerator  - CREATED ELEMENT FOR statement:io.typefox.yang.yang.impl.LeafImpl@4e2d2e78 (name: a2) WITH ID testfeature:tf-node-list-f2-a2
10871 [Test worker] INFO  x.yang.diagram.YangDiagramGenerator  - CREATED ELEMENT FOR statement:io.typefox.yang.yang.impl.LeafImpl@59d55aaf (name: b2) WITH ID testfeature:tf-node-list-f2-b2
10871 [Test worker] INFO  x.yang.diagram.YangDiagramGenerator  - CREATED ELEMENT FOR statement:io.typefox.yang.yang.impl.LeafImpl@8a34d35 (name: c2) WITH ID testfeature:tf-node-list-f2-c2
10871 [Test worker] INFO  x.yang.diagram.YangDiagramGenerator  - CREATED ELEMENT FOR statement:io.typefox.yang.yang.impl.ListImpl@12291a49 (name: f2) WITH ID testfeature:tf-node-list-f2
10871 [Test worker] INFO  x.yang.diagram.YangDiagramGenerator  - CREATED ELEMENT FOR statement:io.typefox.yang.yang.impl.ModuleImpl@3550a89a (name: testfeature) WITH ID testfeature:tf
10875 [Test worker] INFO  x.yang.diagram.YangDiagramGenerator  - Generating diagram for input: 'testdec.yang'
10878 [Test worker] INFO  x.yang.diagram.YangDiagramGenerator  - CREATED ELEMENT FOR statement:io.typefox.yang.yang.impl.ModuleImpl@5052dea8 (name: testdec) WITH ID testdec:tdec
10939 [Test worker] INFO  x.yang.diagram.YangDiagramGenerator  - Generating diagram for input: 'when_bug.yang'
10939 [Test worker] INFO  x.yang.diagram.YangDiagramGenerator  - CREATED ELEMENT FOR statement:io.typefox.yang.yang.impl.LeafImpl@4b252208 (name: name) WITH ID when_bug:wbug-node-container-when_bug-list-interface-name
10939 [Test worker] INFO  x.yang.diagram.YangDiagramGenerator  - CREATED ELEMENT FOR statement:io.typefox.yang.yang.impl.ListImpl@7740c57a (name: interface) WITH ID when_bug:wbug-node-container-when_bug-list-interface
10939 [Test worker] INFO  x.yang.diagram.YangDiagramGenerator  - CREATED ELEMENT FOR statement:io.typefox.yang.yang.impl.ContainerImpl@3aa6c7f3 (name: when_bug) WITH ID when_bug:wbug-node-container-when_bug
10940 [Test worker] INFO  x.yang.diagram.YangDiagramGenerator  - CREATED ELEMENT FOR statement:io.typefox.yang.yang.impl.LeafImpl@3287accb (name: when_b) WITH ID when_bug:wbug-node-/when_bug/interface-augmentation-when_b
10940 [Test worker] INFO  x.yang.diagram.YangDiagramGenerator  - CREATED ELEMENT FOR statement:io.typefox.yang.yang.impl.LeafImpl@50d0edf1 (name: when_i) WITH ID when_bug:wbug-node-/when_bug/interface-augmentation-when_i
10940 [Test worker] INFO  x.yang.diagram.YangDiagramGenerator  - CREATED ELEMENT FOR statement:io.typefox.yang.yang.impl.LeafImpl@214a8984 (name: eth) WITH ID when_bug:wbug-node-/when_bug/interface-augmentation-container-cont-eth
10940 [Test worker] INFO  x.yang.diagram.YangDiagramGenerator  - CREATED ELEMENT FOR statement:io.typefox.yang.yang.impl.ContainerImpl@2d5f4b01 (name: cont) WITH ID when_bug:wbug-node-/when_bug/interface-augmentation-container-cont
10940 [Test worker] INFO  x.yang.diagram.YangDiagramGenerator  - CREATED ELEMENT FOR statement:io.typefox.yang.yang.impl.AugmentImpl@22314b95 WITH ID when_bug:wbug-node-/when_bug/interface-augmentation
10940 [Test worker] INFO  x.yang.diagram.YangDiagramGenerator  - CREATED ELEMENT FOR statement:io.typefox.yang.yang.impl.ModuleImpl@75d99547 (name: when_bug) WITH ID when_bug:wbug
10944 [Test worker] INFO  x.yang.diagram.YangDiagramGenerator  - Generating diagram for input: 'testfalse.yang'
10944 [Test worker] INFO  x.yang.diagram.YangDiagramGenerator  - CREATED ELEMENT FOR statement:io.typefox.yang.yang.impl.ContainerImpl@44af96bf (name: emptynp1) WITH ID testfalse:testfalse-node-container-emptynp1
10944 [Test worker] INFO  x.yang.diagram.YangDiagramGenerator  - CREATED ELEMENT FOR statement:io.typefox.yang.yang.impl.LeafImpl@5b7a454c (name: del) WITH ID testfalse:testfalse-node-container-emptynp2-del
10945 [Test worker] INFO  x.yang.diagram.YangDiagramGenerator  - CREATED ELEMENT FOR statement:io.typefox.yang.yang.impl.ContainerImpl@4e2ff177 (name: emptynp2) WITH ID testfalse:testfalse-node-container-emptynp2
10945 [Test worker] INFO  x.yang.diagram.YangDiagramGenerator  - CREATED ELEMENT FOR statement:io.typefox.yang.yang.impl.LeafImpl@bbce745 (name: node) WITH ID testfalse:testfalse-node-container-monitor-node
10945 [Test worker] INFO  x.yang.diagram.YangDiagramGenerator  - CREATED ELEMENT FOR statement:io.typefox.yang.yang.impl.LeafImpl@331e82e3 (name: comment) WITH ID testfalse:testfalse-node-container-monitor-comment
10945 [Test worker] INFO  x.yang.diagram.YangDiagramGenerator  - CREATED ELEMENT FOR statement:io.typefox.yang.yang.impl.LeafImpl@3a47f1e9 (name: starts-with) WITH ID testfalse:testfalse-node-container-monitor-starts-with
10945 [Test worker] INFO  x.yang.diagram.YangDiagramGenerator  - CREATED ELEMENT FOR statement:io.typefox.yang.yang.impl.LeafImpl@bd21b9f (name: preceding) WITH ID testfalse:testfalse-node-container-monitor-preceding
10945 [Test worker] INFO  x.yang.diagram.YangDiagramGenerator  - CREATED ELEMENT FOR statement:io.typefox.yang.yang.impl.ContainerImpl@6738536f (name: monitor) WITH ID testfalse:testfalse-node-container-monitor
10946 [Test worker] INFO  x.yang.diagram.YangDiagramGenerator  - CREATED ELEMENT FOR statement:io.typefox.yang.yang.impl.ModuleImpl@20f6ccf1 (name: testfalse) WITH ID testfalse:testfalse
10949 [Test worker] INFO  x.yang.diagram.YangDiagramGenerator  - Generating diagram for input: 'testobsolete.yang'
10950 [Test worker] INFO  x.yang.diagram.YangDiagramGenerator  - CREATED ELEMENT FOR statement:io.typefox.yang.yang.impl.LeafImpl@253ba9bf (name: id1) WITH ID testobsolete:testobsolete-node-list-one-id1
10950 [Test worker] INFO  x.yang.diagram.YangDiagramGenerator  - CREATED ELEMENT FOR statement:io.typefox.yang.yang.impl.LeafImpl@3eae5064 (name: id2) WITH ID testobsolete:testobsolete-node-list-one-id2
10951 [Test worker] INFO  x.yang.diagram.YangDiagramGenerator  - CREATED ELEMENT FOR statement:io.typefox.yang.yang.impl.LeafImpl@1ba8dff5 (name: leaf1) WITH ID testobsolete:testobsolete-node-list-one-leaf1
10951 [Test worker] INFO  x.yang.diagram.YangDiagramGenerator  - CREATED ELEMENT FOR statement:io.typefox.yang.yang.impl.LeafImpl@d2f1935 (name: leaf2) WITH ID testobsolete:testobsolete-node-list-one-leaf2
10951 [Test worker] INFO  x.yang.diagram.YangDiagramGenerator  - CREATED ELEMENT FOR statement:io.typefox.yang.yang.impl.ListImpl@75212f7e (name: one) WITH ID testobsolete:testobsolete-node-list-one
10951 [Test worker] INFO  x.yang.diagram.YangDiagramGenerator  - CREATED ELEMENT FOR statement:io.typefox.yang.yang.impl.LeafImpl@39406cce (name: id) WITH ID testobsolete:testobsolete-node-list-two-id
10951 [Test worker] INFO  x.yang.diagram.YangDiagramGenerator  - CREATED ELEMENT FOR statement:io.typefox.yang.yang.impl.LeafImpl@64ca5b64 (name: leaf1a) WITH ID testobsolete:testobsolete-node-list-two-leaf1a
10951 [Test worker] INFO  x.yang.diagram.YangDiagramGenerator  - CREATED ELEMENT FOR statement:io.typefox.yang.yang.impl.ListImpl@11d90079 (name: two) WITH ID testobsolete:testobsolete-node-list-two
10951 [Test worker] INFO  x.yang.diagram.YangDiagramGenerator  - CREATED ELEMENT FOR statement:io.typefox.yang.yang.impl.ModuleImpl@6d7f97e3 (name: testobsolete) WITH ID testobsolete:testobsolete
10955 [Test worker] INFO  x.yang.diagram.YangDiagramGenerator  - Generating diagram for input: 'testuses.yang'
10955 [Test worker] INFO  x.yang.diagram.YangDiagramGenerator  - CREATED ELEMENT FOR statement:io.typefox.yang.yang.impl.UsesImpl@62b9d4d9 WITH ID testuses:tu-node-container-foo-uses top-choice-pill
10955 [Test worker] INFO  x.yang.diagram.YangDiagramGenerator  - CREATED ELEMENT FOR statement:io.typefox.yang.yang.impl.ContainerImpl@4e144792 (name: foo) WITH ID testuses:tu-node-container-foo
10955 [Test worker] INFO  x.yang.diagram.YangDiagramGenerator  - CREATED ELEMENT FOR statement:io.typefox.yang.yang.impl.UsesImpl@2fa013ec WITH ID testuses:tu-node-container-bar-uses top2-choice-pill
10955 [Test worker] INFO  x.yang.diagram.YangDiagramGenerator  - CREATED ELEMENT FOR statement:io.typefox.yang.yang.impl.ContainerImpl@38214d30 (name: bar) WITH ID testuses:tu-node-container-bar
10956 [Test worker] INFO  x.yang.diagram.YangDiagramGenerator  - CREATED ELEMENT FOR statement:io.typefox.yang.yang.impl.LeafImpl@149259f1 (name: url) WITH ID testuses:tu-node-grouping-top2-choice-uses top-choice-pill-config-source-augmentation-url
10956 [Test worker] INFO  x.yang.diagram.YangDiagramGenerator  - CREATED ELEMENT FOR statement:io.typefox.yang.yang.impl.AugmentImpl@78d6a426 WITH ID testuses:tu-node-grouping-top2-choice-uses top-choice-pill-config-source-augmentation
10956 [Test worker] INFO  x.yang.diagram.YangDiagramGenerator  - CREATED ELEMENT FOR statement:io.typefox.yang.yang.impl.UsesImpl@5746e7a3 WITH ID testuses:tu-node-grouping-top2-choice-uses top-choice-pill
10956 [Test worker] INFO  x.yang.diagram.YangDiagramGenerator  - CREATED ELEMENT FOR statement:io.typefox.yang.yang.impl.GroupingImpl@65bc78b6 (name: top2-choice) WITH ID testuses:tu-node-grouping-top2-choice
10956 [Test worker] INFO  x.yang.diagram.YangDiagramGenerator  - CREATED ELEMENT FOR statement:io.typefox.yang.yang.impl.LeafImpl@6367f821 (name: candidate) WITH ID testuses:tu-node-grouping-top-choice-config-source-choice-candidate-case-candidate-case-candidate
10956 [Test worker] INFO  x.yang.diagram.YangDiagramGenerator  - CREATED ELEMENT FOR statement:io.typefox.yang.yang.impl.LeafImpl@2e5d87ff (name: running) WITH ID testuses:tu-node-grouping-top-choice-config-source-choice-running-case-running-case-running
10957 [Test worker] INFO  x.yang.diagram.YangDiagramGenerator  - CREATED ELEMENT FOR statement:io.typefox.yang.yang.impl.LeafImpl@4ec60668 (name: startup) WITH ID testuses:tu-node-grouping-top-choice-config-source-choice-startup-case-startup-case-startup
10957 [Test worker] INFO  x.yang.diagram.YangDiagramGenerator  - CREATED ELEMENT FOR statement:io.typefox.yang.yang.impl.ChoiceImpl@4839aece (name: config-source) WITH ID testuses:tu-node-grouping-top-choice-config-source-choice
10957 [Test worker] INFO  x.yang.diagram.YangDiagramGenerator  - CREATED ELEMENT FOR statement:io.typefox.yang.yang.impl.GroupingImpl@1443f118 (name: top-choice) WITH ID testuses:tu-node-grouping-top-choice
10957 [Test worker] INFO  x.yang.diagram.YangDiagramGenerator  - CREATED ELEMENT FOR statement:io.typefox.yang.yang.impl.ModuleImpl@56e3fe10 (name: testuses) WITH ID testuses:tu
10961 [Test worker] INFO  x.yang.diagram.YangDiagramGenerator  - Generating diagram for input: 'testmandatory.yang'
10962 [Test worker] INFO  x.yang.diagram.YangDiagramGenerator  - CREATED ELEMENT FOR statement:io.typefox.yang.yang.impl.LeafImpl@3142b0b5 (name: XXX) WITH ID testmandatory:tm-node-grouping-top-group-XXX
10962 [Test worker] INFO  x.yang.diagram.YangDiagramGenerator  - CREATED ELEMENT FOR statement:io.typefox.yang.yang.impl.LeafImpl@43054f31 (name: a) WITH ID testmandatory:tm-node-grouping-top-group-YYY-choice-a-case-a-case-a
10962 [Test worker] INFO  x.yang.diagram.YangDiagramGenerator  - CREATED ELEMENT FOR statement:io.typefox.yang.yang.impl.LeafImpl@6592ac54 (name: b) WITH ID testmandatory:tm-node-grouping-top-group-YYY-choice-b-case-b-case-b
10962 [Test worker] INFO  x.yang.diagram.YangDiagramGenerator  - CREATED ELEMENT FOR statement:io.typefox.yang.yang.impl.ChoiceImpl@117a5d3c (name: YYY) WITH ID testmandatory:tm-node-grouping-top-group-YYY-choice
10963 [Test worker] INFO  x.yang.diagram.YangDiagramGenerator  - CREATED ELEMENT FOR statement:io.typefox.yang.yang.impl.GroupingImpl@351980be (name: top-group) WITH ID testmandatory:tm-node-grouping-top-group
10963 [Test worker] INFO  x.yang.diagram.YangDiagramGenerator  - CREATED ELEMENT FOR statement:io.typefox.yang.yang.impl.UsesImpl@5c0c2deb WITH ID testmandatory:tm-node-uses top-group-pill
10963 [Test worker] INFO  x.yang.diagram.YangDiagramGenerator  - CREATED ELEMENT FOR statement:io.typefox.yang.yang.impl.LeafImpl@2c0cca32 (name: a) WITH ID testmandatory:tm-node-top-mandatory-choice-choice-a-case-a-case-a
10963 [Test worker] INFO  x.yang.diagram.YangDiagramGenerator  - CREATED ELEMENT FOR statement:io.typefox.yang.yang.impl.LeafImpl@6f5ce132 (name: b) WITH ID testmandatory:tm-node-top-mandatory-choice-choice-b-case-b-case-b
10963 [Test worker] INFO  x.yang.diagram.YangDiagramGenerator  - CREATED ELEMENT FOR statement:io.typefox.yang.yang.impl.ChoiceImpl@16399017 (name: top-mandatory-choice) WITH ID testmandatory:tm-node-top-mandatory-choice-choice
10963 [Test worker] INFO  x.yang.diagram.YangDiagramGenerator  - CREATED ELEMENT FOR statement:io.typefox.yang.yang.impl.LeafImpl@2be7944e (name: a) WITH ID testmandatory:tm-node-container-top-mandatory-container-a
10964 [Test worker] INFO  x.yang.diagram.YangDiagramGenerator  - CREATED ELEMENT FOR statement:io.typefox.yang.yang.impl.ContainerImpl@61f0965a (name: top-mandatory-container) WITH ID testmandatory:tm-node-container-top-mandatory-container
10964 [Test worker] INFO  x.yang.diagram.YangDiagramGenerator  - CREATED ELEMENT FOR statement:io.typefox.yang.yang.impl.LeafImpl@69adbe27 (name: a) WITH ID testmandatory:tm-node-container-top-mandatory-container2-container-next-np-container-a
10964 [Test worker] INFO  x.yang.diagram.YangDiagramGenerator  - CREATED ELEMENT FOR statement:io.typefox.yang.yang.impl.ContainerImpl@334e222d (name: next-np-container) WITH ID testmandatory:tm-node-container-top-mandatory-container2-container-next-np-container
10964 [Test worker] INFO  x.yang.diagram.YangDiagramGenerator  - CREATED ELEMENT FOR statement:io.typefox.yang.yang.impl.ContainerImpl@241c85ee (name: top-mandatory-container2) WITH ID testmandatory:tm-node-container-top-mandatory-container2
10964 [Test worker] INFO  x.yang.diagram.YangDiagramGenerator  - CREATED ELEMENT FOR statement:io.typefox.yang.yang.impl.LeafImpl@41bb8571 (name: c) WITH ID testmandatory:tm-node-not-top-mandatory-choice-choice-c-case-c-case-c
10964 [Test worker] INFO  x.yang.diagram.YangDiagramGenerator  - CREATED ELEMENT FOR statement:io.typefox.yang.yang.impl.LeafImpl@45e347e7 (name: d) WITH ID testmandatory:tm-node-not-top-mandatory-choice-choice-d-case-d-case-d
10965 [Test worker] INFO  x.yang.diagram.YangDiagramGenerator  - CREATED ELEMENT FOR statement:io.typefox.yang.yang.impl.ChoiceImpl@7fe4a3c (name: not-top-mandatory-choice) WITH ID testmandatory:tm-node-not-top-mandatory-choice-choice
10965 [Test worker] INFO  x.yang.diagram.YangDiagramGenerator  - CREATED ELEMENT FOR statement:io.typefox.yang.yang.impl.ModuleImpl@470d9cd8 (name: testmandatory) WITH ID testmandatory:tm
10968 [Test worker] INFO  x.yang.diagram.YangDiagramGenerator  - Generating diagram for input: 'testr2@2009-01-01.yang'
10969 [Test worker] INFO  x.yang.diagram.YangDiagramGenerator  - CREATED ELEMENT FOR statement:io.typefox.yang.yang.impl.TypedefImpl@5a800945 (name: TestType) WITH ID testr2:r2-node-typedef-TestType
10969 [Test worker] INFO  x.yang.diagram.YangDiagramGenerator  - CREATED ELEMENT FOR statement:io.typefox.yang.yang.impl.LeafImpl@583a18d (name: A) WITH ID testr2:r2-node-grouping-TestGroup-A
10969 [Test worker] INFO  x.yang.diagram.YangDiagramGenerator  - CREATED ELEMENT FOR statement:io.typefox.yang.yang.impl.LeafImpl@7059b4ab (name: B) WITH ID testr2:r2-node-grouping-TestGroup-B
10969 [Test worker] INFO  x.yang.diagram.YangDiagramGenerator  - CREATED ELEMENT FOR statement:io.typefox.yang.yang.impl.LeafImpl@5b991d24 (name: C) WITH ID testr2:r2-node-grouping-TestGroup-C
10974 [Test worker] INFO  x.yang.diagram.YangDiagramGenerator  - CREATED ELEMENT FOR statement:io.typefox.yang.yang.impl.ContainerImpl@109ed33 (name: E) WITH ID testr2:r2-node-grouping-TestGroup-container-E
10974 [Test worker] INFO  x.yang.diagram.YangDiagramGenerator  - CREATED ELEMENT FOR statement:io.typefox.yang.yang.impl.GroupingImpl@191ebb56 (name: TestGroup) WITH ID testr2:r2-node-grouping-TestGroup
10974 [Test worker] INFO  x.yang.diagram.YangDiagramGenerator  - CREATED ELEMENT FOR statement:io.typefox.yang.yang.impl.UsesImpl@24dfa832 WITH ID testr2:r2-node-container-bar-r2-uses TestGroup-pill
10974 [Test worker] INFO  x.yang.diagram.YangDiagramGenerator  - CREATED ELEMENT FOR statement:io.typefox.yang.yang.impl.ContainerImpl@37bce1b0 (name: bar-r2) WITH ID testr2:r2-node-container-bar-r2
10974 [Test worker] INFO  x.yang.diagram.YangDiagramGenerator  - CREATED ELEMENT FOR statement:io.typefox.yang.yang.impl.ModuleImpl@7912f201 (name: testr2) WITH ID testr2:r2
10977 [Test worker] INFO  x.yang.diagram.YangDiagramGenerator  - Generating diagram for input: 'siltest2.yang'
10977 [Test worker] INFO  x.yang.diagram.YangDiagramGenerator  - CREATED ELEMENT FOR statement:io.typefox.yang.yang.impl.LeafImpl@434b0b10 (name: counter1) WITH ID siltest2:sil2-node-container-c1-counter1
10982 [Test worker] INFO  x.yang.diagram.YangDiagramGenerator  - CREATED ELEMENT FOR statement:io.typefox.yang.yang.impl.ContainerImpl@4733ac24 (name: c1) WITH ID siltest2:sil2-node-container-c1
10982 [Test worker] INFO  x.yang.diagram.YangDiagramGenerator  - CREATED ELEMENT FOR statement:io.typefox.yang.yang.impl.LeafImpl@726f6cad (name: counter2) WITH ID siltest2:sil2-node-container-c2-counter2
10982 [Test worker] INFO  x.yang.diagram.YangDiagramGenerator  - CREATED ELEMENT FOR statement:io.typefox.yang.yang.impl.ContainerImpl@58159f3f (name: c2) WITH ID siltest2:sil2-node-container-c2
10982 [Test worker] INFO  x.yang.diagram.YangDiagramGenerator  - CREATED ELEMENT FOR statement:io.typefox.yang.yang.impl.LeafImpl@439d0ca6 (name: counter3) WITH ID siltest2:sil2-node-container-top-container-c3-counter3
10982 [Test worker] INFO  x.yang.diagram.YangDiagramGenerator  - CREATED ELEMENT FOR statement:io.typefox.yang.yang.impl.ContainerImpl@1915ca7d (name: c3) WITH ID siltest2:sil2-node-container-top-container-c3
10982 [Test worker] INFO  x.yang.diagram.YangDiagramGenerator  - CREATED ELEMENT FOR statement:io.typefox.yang.yang.impl.LeafImpl@1096c7f6 (name: counter4) WITH ID siltest2:sil2-node-container-top-container-c4-counter4
10983 [Test worker] INFO  x.yang.diagram.YangDiagramGenerator  - CREATED ELEMENT FOR statement:io.typefox.yang.yang.impl.ContainerImpl@648e5ebc (name: c4) WITH ID siltest2:sil2-node-container-top-container-c4
10983 [Test worker] INFO  x.yang.diagram.YangDiagramGenerator  - CREATED ELEMENT FOR statement:io.typefox.yang.yang.impl.ContainerImpl@4f5d96b7 (name: top) WITH ID siltest2:sil2-node-container-top
10983 [Test worker] INFO  x.yang.diagram.YangDiagramGenerator  - CREATED ELEMENT FOR statement:io.typefox.yang.yang.impl.ModuleImpl@78acfb03 (name: siltest2) WITH ID siltest2:sil2
10986 [Test worker] INFO  x.yang.diagram.YangDiagramGenerator  - Generating diagram for input: 'testext.yang'
10989 [Test worker] INFO  x.yang.diagram.YangDiagramGenerator  - CREATED ELEMENT FOR statement:io.typefox.yang.yang.impl.LeafImpl@1155cf59 (name: a) WITH ID testext:testext-node-rpc test-rpc-pill-input-a
10990 [Test worker] INFO  x.yang.diagram.YangDiagramGenerator  - CREATED ELEMENT FOR statement:io.typefox.yang.yang.impl.InputImpl@646a4d5d (name: null) WITH ID testext:testext-node-rpc test-rpc-pill-input
10990 [Test worker] INFO  x.yang.diagram.YangDiagramGenerator  - CREATED ELEMENT FOR statement:io.typefox.yang.yang.impl.RpcImpl@67c56617 (name: test-rpc) WITH ID testext:testext-node-rpc test-rpc-pill
10990 [Test worker] INFO  x.yang.diagram.YangDiagramGenerator  - CREATED ELEMENT FOR statement:io.typefox.yang.yang.impl.ModuleImpl@513932e1 (name: testext) WITH ID testext:testext
10998 [Test worker] INFO  x.yang.diagram.YangDiagramGenerator  - Generating diagram for input: 'ytest.yang'
10999 [Test worker] INFO  x.yang.diagram.YangDiagramGenerator  - CREATED ELEMENT FOR statement:io.typefox.yang.yang.impl.LeafListImpl@551dc7c2 (name: q) WITH ID ytest:ytest-node-rpc test19-pill-input-q
10999 [Test worker] INFO  x.yang.diagram.YangDiagramGenerator  - CREATED ELEMENT FOR statement:io.typefox.yang.yang.impl.ContainerImpl@4bf10408 (name: inside) WITH ID ytest:ytest-node-rpc test19-pill-input-container-t-2-container-inside
10999 [Test worker] INFO  x.yang.diagram.YangDiagramGenerator  - CREATED ELEMENT FOR statement:io.typefox.yang.yang.impl.ContainerImpl@57542d64 (name: t-2) WITH ID ytest:ytest-node-rpc test19-pill-input-container-t-2
10999 [Test worker] INFO  x.yang.diagram.YangDiagramGenerator  - CREATED ELEMENT FOR statement:io.typefox.yang.yang.impl.InputImpl@6bd33570 (name: null) WITH ID ytest:ytest-node-rpc test19-pill-input
10999 [Test worker] INFO  x.yang.diagram.YangDiagramGenerator  - CREATED ELEMENT FOR statement:io.typefox.yang.yang.impl.LeafListImpl@504bcc1f (name: z) WITH ID ytest:ytest-node-rpc test19-pill-output-z
11000 [Test worker] INFO  x.yang.diagram.YangDiagramGenerator  - CREATED ELEMENT FOR statement:io.typefox.yang.yang.impl.LeafImpl@13d9435a (name: id2-id2) WITH ID ytest:ytest-node-rpc test19-pill-output-container-t-1-id2-id2
11000 [Test worker] INFO  x.yang.diagram.YangDiagramGenerator  - CREATED ELEMENT FOR statement:io.typefox.yang.yang.impl.ContainerImpl@65906348 (name: t-1) WITH ID ytest:ytest-node-rpc test19-pill-output-container-t-1
11000 [Test worker] INFO  x.yang.diagram.YangDiagramGenerator  - CREATED ELEMENT FOR statement:io.typefox.yang.yang.impl.OutputImpl@171ab23f (name: null) WITH ID ytest:ytest-node-rpc test19-pill-output
11000 [Test worker] INFO  x.yang.diagram.YangDiagramGenerator  - CREATED ELEMENT FOR statement:io.typefox.yang.yang.impl.RpcImpl@19bfaff7 (name: test19) WITH ID ytest:ytest-node-rpc test19-pill
11000 [Test worker] INFO  x.yang.diagram.YangDiagramGenerator  - CREATED ELEMENT FOR statement:io.typefox.yang.yang.impl.LeafImpl@4025ec09 (name: i) WITH ID ytest:ytest-node-list-one-i
11000 [Test worker] INFO  x.yang.diagram.YangDiagramGenerator  - CREATED ELEMENT FOR statement:io.typefox.yang.yang.impl.LeafImpl@26c95d66 (name: j) WITH ID ytest:ytest-node-list-one-j
11001 [Test worker] INFO  x.yang.diagram.YangDiagramGenerator  - CREATED ELEMENT FOR statement:io.typefox.yang.yang.impl.LeafListImpl@648088ca (name: a) WITH ID ytest:ytest-node-list-one-container-two-a
11001 [Test worker] INFO  x.yang.diagram.YangDiagramGenerator  - CREATED ELEMENT FOR statement:io.typefox.yang.yang.impl.LeafImpl@2453ba (name: id-id) WITH ID ytest:ytest-node-list-one-container-two-list-objects-id-id
11002 [Test worker] INFO  x.yang.diagram.YangDiagramGenerator  - CREATED ELEMENT FOR statement:io.typefox.yang.yang.impl.LeafImpl@6f8eb213 (name: id2-id2) WITH ID ytest:ytest-node-list-one-container-two-list-objects-container-t-1-id2-id2
11002 [Test worker] INFO  x.yang.diagram.YangDiagramGenerator  - CREATED ELEMENT FOR statement:io.typefox.yang.yang.impl.ContainerImpl@340e0e9 (name: t-1) WITH ID ytest:ytest-node-list-one-container-two-list-objects-container-t-1
11002 [Test worker] INFO  x.yang.diagram.YangDiagramGenerator  - CREATED ELEMENT FOR statement:io.typefox.yang.yang.impl.ListImpl@63e6fe93 (name: objects) WITH ID ytest:ytest-node-list-one-container-two-list-objects
11002 [Test worker] INFO  x.yang.diagram.YangDiagramGenerator  - CREATED ELEMENT FOR statement:io.typefox.yang.yang.impl.ContainerImpl@417dc8d6 (name: two) WITH ID ytest:ytest-node-list-one-container-two
11002 [Test worker] INFO  x.yang.diagram.YangDiagramGenerator  - CREATED ELEMENT FOR statement:io.typefox.yang.yang.impl.LeafImpl@5bf9f4c0 (name: id) WITH ID ytest:ytest-node-list-one-container-three-list-objects-id
11002 [Test worker] INFO  x.yang.diagram.YangDiagramGenerator  - CREATED ELEMENT FOR statement:io.typefox.yang.yang.impl.ListImpl@5fba00fe (name: objects) WITH ID ytest:ytest-node-list-one-container-three-list-objects
11002 [Test worker] INFO  x.yang.diagram.YangDiagramGenerator  - CREATED ELEMENT FOR statement:io.typefox.yang.yang.impl.ContainerImpl@bfc6ffc (name: three) WITH ID ytest:ytest-node-list-one-container-three
11002 [Test worker] INFO  x.yang.diagram.YangDiagramGenerator  - CREATED ELEMENT FOR statement:io.typefox.yang.yang.impl.ListImpl@24683d2d (name: one) WITH ID ytest:ytest-node-list-one
11002 [Test worker] INFO  x.yang.diagram.YangDiagramGenerator  - CREATED ELEMENT FOR statement:io.typefox.yang.yang.impl.NotificationImpl@30239294 (name: n1) WITH ID ytest:ytest-node-notification-n1
11003 [Test worker] INFO  x.yang.diagram.YangDiagramGenerator  - CREATED ELEMENT FOR statement:io.typefox.yang.yang.impl.LeafImpl@3f91d99e (name: id2-id2) WITH ID ytest:ytest-node-notification-n2-container-t-2-id2-id2
11003 [Test worker] INFO  x.yang.diagram.YangDiagramGenerator  - CREATED ELEMENT FOR statement:io.typefox.yang.yang.impl.ContainerImpl@577ad21f (name: t-2) WITH ID ytest:ytest-node-notification-n2-container-t-2
11003 [Test worker] INFO  x.yang.diagram.YangDiagramGenerator  - CREATED ELEMENT FOR statement:io.typefox.yang.yang.impl.NotificationImpl@329e0c88 (name: n2) WITH ID ytest:ytest-node-notification-n2
11003 [Test worker] INFO  x.yang.diagram.YangDiagramGenerator  - CREATED ELEMENT FOR statement:io.typefox.yang.yang.impl.LeafImpl@1e058f7d (name: id2-id2) WITH ID ytest:ytest-node-notification-n3-container-t-3-id2-id2
11003 [Test worker] INFO  x.yang.diagram.YangDiagramGenerator  - CREATED ELEMENT FOR statement:io.typefox.yang.yang.impl.ContainerImpl@2fe9f80a (name: t-3) WITH ID ytest:ytest-node-notification-n3-container-t-3
11003 [Test worker] INFO  x.yang.diagram.YangDiagramGenerator  - CREATED ELEMENT FOR statement:io.typefox.yang.yang.impl.NotificationImpl@2e822dc2 (name: n3) WITH ID ytest:ytest-node-notification-n3
11003 [Test worker] INFO  x.yang.diagram.YangDiagramGenerator  - CREATED ELEMENT FOR statement:io.typefox.yang.yang.impl.RpcImpl@6cba9ed6 (name: test17) WITH ID ytest:ytest-node-rpc test17-pill
11003 [Test worker] INFO  x.yang.diagram.YangDiagramGenerator  - CREATED ELEMENT FOR statement:io.typefox.yang.yang.impl.LeafImpl@5ef69a5b (name: id3) WITH ID ytest:ytest-node-rpc test18-pill-input-id3
11004 [Test worker] INFO  x.yang.diagram.YangDiagramGenerator  - CREATED ELEMENT FOR statement:io.typefox.yang.yang.impl.InputImpl@3e3f0027 (name: null) WITH ID ytest:ytest-node-rpc test18-pill-input
11004 [Test worker] INFO  x.yang.diagram.YangDiagramGenerator  - CREATED ELEMENT FOR statement:io.typefox.yang.yang.impl.OutputImpl@1ecd61f (name: null) WITH ID ytest:ytest-node-rpc test18-pill-output
11004 [Test worker] INFO  x.yang.diagram.YangDiagramGenerator  - CREATED ELEMENT FOR statement:io.typefox.yang.yang.impl.RpcImpl@3998b4da (name: test18) WITH ID ytest:ytest-node-rpc test18-pill
11004 [Test worker] INFO  x.yang.diagram.YangDiagramGenerator  - CREATED ELEMENT FOR statement:io.typefox.yang.yang.impl.ModuleImpl@53d6d5f0 (name: ytest) WITH ID ytest:ytest
11022 [Test worker] INFO  x.yang.diagram.YangDiagramGenerator  - Generating diagram for input: 'test8c.yang'
11023 [Test worker] INFO  x.yang.diagram.YangDiagramGenerator  - CREATED ELEMENT FOR statement:io.typefox.yang.yang.impl.LeafImpl@6cbcd38f (name: b) WITH ID test8c-node-/top-augmentation-b
11023 [Test worker] INFO  x.yang.diagram.YangDiagramGenerator  - CREATED ELEMENT FOR statement:io.typefox.yang.yang.impl.AugmentImpl@5ba0bd3c WITH ID test8c-node-/top-augmentation
11023 [Test worker] INFO  x.yang.diagram.YangDiagramGenerator  - CREATED ELEMENT FOR statement:io.typefox.yang.yang.impl.SubmoduleImpl@773378b8 (name: test8c) WITH ID test8c
11026 [Test worker] INFO  x.yang.diagram.YangDiagramGenerator  - Generating diagram for input: 'testgrp.yang'
11027 [Test worker] INFO  x.yang.diagram.YangDiagramGenerator  - CREATED ELEMENT FOR statement:io.typefox.yang.yang.impl.LeafImpl@1de95afb (name: g1) WITH ID testgrp:tgrp-node-grouping-testgrp-list-a-g1
11027 [Test worker] INFO  x.yang.diagram.YangDiagramGenerator  - CREATED ELEMENT FOR statement:io.typefox.yang.yang.impl.LeafImpl@437e4d27 (name: g2) WITH ID testgrp:tgrp-node-grouping-testgrp-list-a-g2
11027 [Test worker] INFO  x.yang.diagram.YangDiagramGenerator  - CREATED ELEMENT FOR statement:io.typefox.yang.yang.impl.ListImpl@2f641b48 (name: a) WITH ID testgrp:tgrp-node-grouping-testgrp-list-a
11027 [Test worker] INFO  x.yang.diagram.YangDiagramGenerator  - CREATED ELEMENT FOR statement:io.typefox.yang.yang.impl.GroupingImpl@2637af68 (name: testgrp) WITH ID testgrp:tgrp-node-grouping-testgrp
11027 [Test worker] INFO  x.yang.diagram.YangDiagramGenerator  - CREATED ELEMENT FOR statement:io.typefox.yang.yang.impl.LeafImpl@715e17d7 (name: bar) WITH ID testgrp:tgrp-node-rpc foo-pill-input-bar
11028 [Test worker] INFO  x.yang.diagram.YangDiagramGenerator  - CREATED ELEMENT FOR statement:io.typefox.yang.yang.impl.InputImpl@40787bae (name: null) WITH ID testgrp:tgrp-node-rpc foo-pill-input
11028 [Test worker] INFO  x.yang.diagram.YangDiagramGenerator  - CREATED ELEMENT FOR statement:io.typefox.yang.yang.impl.RpcImpl@4fc996b2 (name: foo) WITH ID testgrp:tgrp-node-rpc foo-pill
11028 [Test worker] INFO  x.yang.diagram.YangDiagramGenerator  - CREATED ELEMENT FOR statement:io.typefox.yang.yang.impl.ModuleImpl@541e3ccc (name: testgrp) WITH ID testgrp:tgrp
11044 [Test worker] INFO  x.yang.diagram.YangDiagramGenerator  - Generating diagram for input: 'testgrouping3.yang'
11044 [Test worker] INFO  x.yang.diagram.YangDiagramGenerator  - CREATED ELEMENT FOR statement:io.typefox.yang.yang.impl.LeafImpl@56131930 (name: my-leaf) WITH ID testgrouping3:foo3-node-/foo2:one/foo2:test-top-augmentation-my-leaf
11044 [Test worker] INFO  x.yang.diagram.YangDiagramGenerator  - CREATED ELEMENT FOR statement:io.typefox.yang.yang.impl.AugmentImpl@23244ab2 WITH ID testgrouping3:foo3-node-/foo2:one/foo2:test-top-augmentation
11045 [Test worker] INFO  x.yang.diagram.YangDiagramGenerator  - CREATED ELEMENT FOR statement:io.typefox.yang.yang.impl.ModuleImpl@2481db6a (name: testgrouping3) WITH ID testgrouping3:foo3
11050 [Test worker] INFO  x.yang.diagram.YangDiagramGenerator  - Generating diagram for input: 't9.yang'
11050 [Test worker] INFO  x.yang.diagram.YangDiagramGenerator  - CREATED ELEMENT FOR statement:io.typefox.yang.yang.impl.LeafImpl@13a73524 (name: id1) WITH ID t9:t9-node-list-t9-one-id1
11050 [Test worker] INFO  x.yang.diagram.YangDiagramGenerator  - CREATED ELEMENT FOR statement:io.typefox.yang.yang.impl.LeafImpl@55912312 (name: id2) WITH ID t9:t9-node-list-t9-one-id2
11051 [Test worker] INFO  x.yang.diagram.YangDiagramGenerator  - CREATED ELEMENT FOR statement:io.typefox.yang.yang.impl.ListImpl@1a14d703 (name: t9-one) WITH ID t9:t9-node-list-t9-one
11051 [Test worker] INFO  x.yang.diagram.YangDiagramGenerator  - CREATED ELEMENT FOR statement:io.typefox.yang.yang.impl.ModuleImpl@214bbffe (name: t9) WITH ID t9:t9
11057 [Test worker] INFO  x.yang.diagram.YangDiagramGenerator  - Generating diagram for input: 't11.yang'
11057 [Test worker] INFO  x.yang.diagram.YangDiagramGenerator  - CREATED ELEMENT FOR statement:io.typefox.yang.yang.impl.TypedefImpl@7fbc519f (name: test-pattern) WITH ID t11:t11-node-typedef-test-pattern
11058 [Test worker] INFO  x.yang.diagram.YangDiagramGenerator  - CREATED ELEMENT FOR statement:io.typefox.yang.yang.impl.LeafImpl@8901d0c (name: id1) WITH ID t11:t11-node-list-t11-list-id1
11058 [Test worker] INFO  x.yang.diagram.YangDiagramGenerator  - CREATED ELEMENT FOR statement:io.typefox.yang.yang.impl.LeafImpl@34d1cb53 (name: id2) WITH ID t11:t11-node-list-t11-list-id2
11058 [Test worker] INFO  x.yang.diagram.YangDiagramGenerator  - CREATED ELEMENT FOR statement:io.typefox.yang.yang.impl.ListImpl@17bda29b (name: t11-list) WITH ID t11:t11-node-list-t11-list
11058 [Test worker] INFO  x.yang.diagram.YangDiagramGenerator  - CREATED ELEMENT FOR statement:io.typefox.yang.yang.impl.LeafImpl@a10295a (name: con1) WITH ID t11:t11-node-container-t11-con-con1
11058 [Test worker] INFO  x.yang.diagram.YangDiagramGenerator  - CREATED ELEMENT FOR statement:io.typefox.yang.yang.impl.ContainerImpl@2602d69 (name: t11-con) WITH ID t11:t11-node-container-t11-con
11058 [Test worker] INFO  x.yang.diagram.YangDiagramGenerator  - CREATED ELEMENT FOR statement:io.typefox.yang.yang.impl.TypedefImpl@3851f525 (name: t11-typ1) WITH ID t11:t11-node-typedef-t11-typ1
11059 [Test worker] INFO  x.yang.diagram.YangDiagramGenerator  - CREATED ELEMENT FOR statement:io.typefox.yang.yang.impl.ModuleImpl@428231ce (name: t11) WITH ID t11:t11
11062 [Test worker] INFO  x.yang.diagram.YangDiagramGenerator  - Generating diagram for input: 'testcrud.yang'
11062 [Test worker] INFO  x.yang.diagram.YangDiagramGenerator  - CREATED ELEMENT FOR statement:io.typefox.yang.yang.impl.LeafImpl@4de6b253 (name: defleaf) WITH ID testcrud:tcrud-node-container-pcon-defleaf
11063 [Test worker] INFO  x.yang.diagram.YangDiagramGenerator  - CREATED ELEMENT FOR statement:io.typefox.yang.yang.impl.ContainerImpl@3ae12cf1 (name: pcon) WITH ID testcrud:tcrud-node-container-pcon
11063 [Test worker] INFO  x.yang.diagram.YangDiagramGenerator  - CREATED ELEMENT FOR statement:io.typefox.yang.yang.impl.LeafImpl@14a12efc (name: defleaf) WITH ID testcrud:tcrud-node-container-npcon-defleaf
11063 [Test worker] INFO  x.yang.diagram.YangDiagramGenerator  - CREATED ELEMENT FOR statement:io.typefox.yang.yang.impl.ContainerImpl@79bbe4d8 (name: npcon) WITH ID testcrud:tcrud-node-container-npcon
11063 [Test worker] INFO  x.yang.diagram.YangDiagramGenerator  - CREATED ELEMENT FOR statement:io.typefox.yang.yang.impl.LeafImpl@1b7a596 (name: name) WITH ID testcrud:tcrud-node-list-deflist-name
11063 [Test worker] INFO  x.yang.diagram.YangDiagramGenerator  - CREATED ELEMENT FOR statement:io.typefox.yang.yang.impl.LeafImpl@320297f5 (name: defleaf) WITH ID testcrud:tcrud-node-list-deflist-defleaf
11063 [Test worker] INFO  x.yang.diagram.YangDiagramGenerator  - CREATED ELEMENT FOR statement:io.typefox.yang.yang.impl.ListImpl@2f499987 (name: deflist) WITH ID testcrud:tcrud-node-list-deflist
11064 [Test worker] INFO  x.yang.diagram.YangDiagramGenerator  - CREATED ELEMENT FOR statement:io.typefox.yang.yang.impl.ModuleImpl@9f22592 (name: testcrud) WITH ID testcrud:tcrud
11085 [Test worker] INFO  x.yang.diagram.YangDiagramGenerator  - Generating diagram for input: 'test8b.yang'
11086 [Test worker] INFO  x.yang.diagram.YangDiagramGenerator  - CREATED ELEMENT FOR statement:io.typefox.yang.yang.impl.LeafImpl@7e47153f (name: a) WITH ID test8b-node-/top-augmentation-a
11086 [Test worker] INFO  x.yang.diagram.YangDiagramGenerator  - CREATED ELEMENT FOR statement:io.typefox.yang.yang.impl.AugmentImpl@38a32c61 WITH ID test8b-node-/top-augmentation
11086 [Test worker] INFO  x.yang.diagram.YangDiagramGenerator  - CREATED ELEMENT FOR statement:io.typefox.yang.yang.impl.SubmoduleImpl@7487d8a7 (name: test8b) WITH ID test8b
11091 [Test worker] INFO  x.yang.diagram.YangDiagramGenerator  - Generating diagram for input: 'negnum.yang'
11091 [Test worker] INFO  x.yang.diagram.YangDiagramGenerator  - CREATED ELEMENT FOR statement:io.typefox.yang.yang.impl.LeafImpl@7e47fe3f (name: longitude) WITH ID negnum:negnum-node-container-test1-longitude
11091 [Test worker] INFO  x.yang.diagram.YangDiagramGenerator  - CREATED ELEMENT FOR statement:io.typefox.yang.yang.impl.ContainerImpl@16400f30 (name: test1) WITH ID negnum:negnum-node-container-test1
11092 [Test worker] INFO  x.yang.diagram.YangDiagramGenerator  - CREATED ELEMENT FOR statement:io.typefox.yang.yang.impl.ModuleImpl@26fdf04a (name: negnum) WITH ID negnum:negnum
11095 [Test worker] INFO  x.yang.diagram.YangDiagramGenerator  - Generating diagram for input: 'test10.yang'
11096 [Test worker] INFO  x.yang.diagram.YangDiagramGenerator  - CREATED ELEMENT FOR statement:io.typefox.yang.yang.impl.TypedefImpl@37f84051 (name: T_NcAccessControlType) WITH ID test10:t10-node-typedef-T_NcAccessControlType
11096 [Test worker] INFO  x.yang.diagram.YangDiagramGenerator  - CREATED ELEMENT FOR statement:io.typefox.yang.yang.impl.ModuleImpl@73cae081 (name: test10) WITH ID test10:t10
11103 [Test worker] INFO  x.yang.diagram.YangDiagramGenerator  - Generating diagram for input: 'siltest3.yang'
11103 [Test worker] INFO  x.yang.diagram.YangDiagramGenerator  - CREATED ELEMENT FOR statement:io.typefox.yang.yang.impl.LeafImpl@5d335015 (name: ux) WITH ID siltest3:siltest3-node-list-u-ux
11104 [Test worker] INFO  x.yang.diagram.YangDiagramGenerator  - CREATED ELEMENT FOR statement:io.typefox.yang.yang.impl.LeafImpl@11acfab (name: uy) WITH ID siltest3:siltest3-node-list-u-uy
11104 [Test worker] INFO  x.yang.diagram.YangDiagramGenerator  - CREATED ELEMENT FOR statement:io.typefox.yang.yang.impl.LeafImpl@7567e262 (name: uz) WITH ID siltest3:siltest3-node-list-u-uz
11104 [Test worker] INFO  x.yang.diagram.YangDiagramGenerator  - CREATED ELEMENT FOR statement:io.typefox.yang.yang.impl.LeafImpl@28fc302 (name: uu) WITH ID siltest3:siltest3-node-list-u-uu
11104 [Test worker] INFO  x.yang.diagram.YangDiagramGenerator  - CREATED ELEMENT FOR statement:io.typefox.yang.yang.impl.ListImpl@457b88be (name: u) WITH ID siltest3:siltest3-node-list-u
11104 [Test worker] INFO  x.yang.diagram.YangDiagramGenerator  - CREATED ELEMENT FOR statement:io.typefox.yang.yang.impl.LeafImpl@124b702d (name: x) WITH ID siltest3:siltest3-node-list-c-x
11104 [Test worker] INFO  x.yang.diagram.YangDiagramGenerator  - CREATED ELEMENT FOR statement:io.typefox.yang.yang.impl.LeafImpl@5875f4f4 (name: y) WITH ID siltest3:siltest3-node-list-c-y
11104 [Test worker] INFO  x.yang.diagram.YangDiagramGenerator  - CREATED ELEMENT FOR statement:io.typefox.yang.yang.impl.LeafImpl@249ebb2b (name: z) WITH ID siltest3:siltest3-node-list-c-z
11105 [Test worker] INFO  x.yang.diagram.YangDiagramGenerator  - CREATED ELEMENT FOR statement:io.typefox.yang.yang.impl.LeafImpl@3d39f97e (name: cuu) WITH ID siltest3:siltest3-node-list-c-cuu
11105 [Test worker] INFO  x.yang.diagram.YangDiagramGenerator  - CREATED ELEMENT FOR statement:io.typefox.yang.yang.impl.LeafImpl@74ba3cec (name: xx1) WITH ID siltest3:siltest3-node-list-c-list-cc-xx1
11105 [Test worker] INFO  x.yang.diagram.YangDiagramGenerator  - CREATED ELEMENT FOR statement:io.typefox.yang.yang.impl.LeafImpl@39fa4db (name: xx2) WITH ID siltest3:siltest3-node-list-c-list-cc-xx2
11105 [Test worker] INFO  x.yang.diagram.YangDiagramGenerator  - CREATED ELEMENT FOR statement:io.typefox.yang.yang.impl.LeafImpl@52090060 (name: xx3) WITH ID siltest3:siltest3-node-list-c-list-cc-xx3
11105 [Test worker] INFO  x.yang.diagram.YangDiagramGenerator  - CREATED ELEMENT FOR statement:io.typefox.yang.yang.impl.LeafImpl@2089e156 (name: xx4) WITH ID siltest3:siltest3-node-list-c-list-cc-xx4
11105 [Test worker] INFO  x.yang.diagram.YangDiagramGenerator  - CREATED ELEMENT FOR statement:io.typefox.yang.yang.impl.LeafImpl@5f1f4f7 (name: xx5) WITH ID siltest3:siltest3-node-list-c-list-cc-xx5
11105 [Test worker] INFO  x.yang.diagram.YangDiagramGenerator  - CREATED ELEMENT FOR statement:io.typefox.yang.yang.impl.LeafImpl@7bb621ee (name: xx6) WITH ID siltest3:siltest3-node-list-c-list-cc-xx6
11106 [Test worker] INFO  x.yang.diagram.YangDiagramGenerator  - CREATED ELEMENT FOR statement:io.typefox.yang.yang.impl.LeafImpl@612624f8 (name: xx7) WITH ID siltest3:siltest3-node-list-c-list-cc-xx7
11106 [Test worker] INFO  x.yang.diagram.YangDiagramGenerator  - CREATED ELEMENT FOR statement:io.typefox.yang.yang.impl.LeafImpl@e4aeadb (name: xx8) WITH ID siltest3:siltest3-node-list-c-list-cc-xx8
11106 [Test worker] INFO  x.yang.diagram.YangDiagramGenerator  - CREATED ELEMENT FOR statement:io.typefox.yang.yang.impl.LeafImpl@416f1a9 (name: xx9) WITH ID siltest3:siltest3-node-list-c-list-cc-xx9
11106 [Test worker] INFO  x.yang.diagram.YangDiagramGenerator  - CREATED ELEMENT FOR statement:io.typefox.yang.yang.impl.LeafImpl@4e651994 (name: yy) WITH ID siltest3:siltest3-node-list-c-list-cc-yy
11106 [Test worker] INFO  x.yang.diagram.YangDiagramGenerator  - CREATED ELEMENT FOR statement:io.typefox.yang.yang.impl.LeafImpl@1eb4e544 (name: zz) WITH ID siltest3:siltest3-node-list-c-list-cc-zz
11106 [Test worker] INFO  x.yang.diagram.YangDiagramGenerator  - CREATED ELEMENT FOR statement:io.typefox.yang.yang.impl.LeafImpl@47f1c87b (name: xxx) WITH ID siltest3:siltest3-node-list-c-list-cc-list-ccc-xxx
11106 [Test worker] INFO  x.yang.diagram.YangDiagramGenerator  - CREATED ELEMENT FOR statement:io.typefox.yang.yang.impl.LeafImpl@74d9e295 (name: yyy) WITH ID siltest3:siltest3-node-list-c-list-cc-list-ccc-yyy
11106 [Test worker] INFO  x.yang.diagram.YangDiagramGenerator  - CREATED ELEMENT FOR statement:io.typefox.yang.yang.impl.LeafImpl@1296ec23 (name: zzz) WITH ID siltest3:siltest3-node-list-c-list-cc-list-ccc-zzz
11107 [Test worker] INFO  x.yang.diagram.YangDiagramGenerator  - CREATED ELEMENT FOR statement:io.typefox.yang.yang.impl.ListImpl@2bb1b5f0 (name: ccc) WITH ID siltest3:siltest3-node-list-c-list-cc-list-ccc
11107 [Test worker] INFO  x.yang.diagram.YangDiagramGenerator  - CREATED ELEMENT FOR statement:io.typefox.yang.yang.impl.ListImpl@62ca02ed (name: cc) WITH ID siltest3:siltest3-node-list-c-list-cc
11107 [Test worker] INFO  x.yang.diagram.YangDiagramGenerator  - CREATED ELEMENT FOR statement:io.typefox.yang.yang.impl.ListImpl@593c896b (name: c) WITH ID siltest3:siltest3-node-list-c
11107 [Test worker] INFO  x.yang.diagram.YangDiagramGenerator  - CREATED ELEMENT FOR statement:io.typefox.yang.yang.impl.IdentityImpl@7c6e819b (name: x) WITH ID siltest3:siltest3-node-identity-x
11107 [Test worker] INFO  x.yang.diagram.YangDiagramGenerator  - CREATED ELEMENT FOR statement:io.typefox.yang.yang.impl.LeafImpl@5a56b5d3 (name: a) WITH ID siltest3:siltest3-node-rpc r-pill-input-a
11107 [Test worker] INFO  x.yang.diagram.YangDiagramGenerator  - CREATED ELEMENT FOR statement:io.typefox.yang.yang.impl.LeafImpl@68b9191e (name: b) WITH ID siltest3:siltest3-node-rpc r-pill-input-b
11107 [Test worker] INFO  x.yang.diagram.YangDiagramGenerator  - CREATED ELEMENT FOR statement:io.typefox.yang.yang.impl.InputImpl@5573a2b3 (name: null) WITH ID siltest3:siltest3-node-rpc r-pill-input
11107 [Test worker] INFO  x.yang.diagram.YangDiagramGenerator  - CREATED ELEMENT FOR statement:io.typefox.yang.yang.impl.LeafImpl@5d9993df (name: c) WITH ID siltest3:siltest3-node-rpc r-pill-output-c
11108 [Test worker] INFO  x.yang.diagram.YangDiagramGenerator  - CREATED ELEMENT FOR statement:io.typefox.yang.yang.impl.LeafImpl@320e5d92 (name: d) WITH ID siltest3:siltest3-node-rpc r-pill-output-d
11108 [Test worker] INFO  x.yang.diagram.YangDiagramGenerator  - CREATED ELEMENT FOR statement:io.typefox.yang.yang.impl.OutputImpl@125fd324 (name: null) WITH ID siltest3:siltest3-node-rpc r-pill-output
11108 [Test worker] INFO  x.yang.diagram.YangDiagramGenerator  - CREATED ELEMENT FOR statement:io.typefox.yang.yang.impl.RpcImpl@5af19de6 (name: r) WITH ID siltest3:siltest3-node-rpc r-pill
11108 [Test worker] INFO  x.yang.diagram.YangDiagramGenerator  - CREATED ELEMENT FOR statement:io.typefox.yang.yang.impl.LeafImpl@4be7fa0c (name: a) WITH ID siltest3:siltest3-node-notification-n-a
11108 [Test worker] INFO  x.yang.diagram.YangDiagramGenerator  - CREATED ELEMENT FOR statement:io.typefox.yang.yang.impl.LeafImpl@bc5dc2f (name: b) WITH ID siltest3:siltest3-node-notification-n-b
11108 [Test worker] INFO  x.yang.diagram.YangDiagramGenerator  - CREATED ELEMENT FOR statement:io.typefox.yang.yang.impl.LeafImpl@676ff880 (name: c) WITH ID siltest3:siltest3-node-notification-n-c
11108 [Test worker] INFO  x.yang.diagram.YangDiagramGenerator  - CREATED ELEMENT FOR statement:io.typefox.yang.yang.impl.LeafImpl@31a75726 (name: d) WITH ID siltest3:siltest3-node-notification-n-d
11108 [Test worker] INFO  x.yang.diagram.YangDiagramGenerator  - CREATED ELEMENT FOR statement:io.typefox.yang.yang.impl.NotificationImpl@45e4fc84 (name: n) WITH ID siltest3:siltest3-node-notification-n
11109 [Test worker] INFO  x.yang.diagram.YangDiagramGenerator  - CREATED ELEMENT FOR statement:io.typefox.yang.yang.impl.ModuleImpl@606574b3 (name: siltest3) WITH ID siltest3:siltest3
11131 [Test worker] INFO  x.yang.diagram.YangDiagramGenerator  - Generating diagram for input: 'testdev_dev.yang'
11131 [Test worker] INFO  x.yang.diagram.YangDiagramGenerator  - CREATED ELEMENT FOR statement:io.typefox.yang.yang.impl.ModuleImpl@563d9dc4 (name: testdev_dev) WITH ID testdev_dev:td_dev
11152 [Test worker] INFO  x.yang.diagram.YangDiagramGenerator  - Generating diagram for input: 'test.yang'
11152 [Test worker] INFO  x.yang.diagram.YangDiagramGenerator  - CREATED ELEMENT FOR statement:io.typefox.yang.yang.impl.LeafImpl@71265fff (name: a) WITH ID test:t-node-container-test1-a
11153 [Test worker] INFO  x.yang.diagram.YangDiagramGenerator  - CREATED ELEMENT FOR statement:io.typefox.yang.yang.impl.LeafImpl@52534852 (name: b) WITH ID test:t-node-container-test1-b
11153 [Test worker] INFO  x.yang.diagram.YangDiagramGenerator  - CREATED ELEMENT FOR statement:io.typefox.yang.yang.impl.LeafImpl@55643ae9 (name: c) WITH ID test:t-node-container-test1-c
11155 [Test worker] INFO  x.yang.diagram.YangDiagramGenerator  - CREATED ELEMENT FOR statement:io.typefox.yang.yang.impl.LeafImpl@5e9f9e6a (name: d) WITH ID test:t-node-container-test1-d
11155 [Test worker] INFO  x.yang.diagram.YangDiagramGenerator  - CREATED ELEMENT FOR statement:io.typefox.yang.yang.impl.LeafImpl@1d85ebe1 (name: noconfig) WITH ID test:t-node-container-test1-noconfig
11155 [Test worker] INFO  x.yang.diagram.YangDiagramGenerator  - CREATED ELEMENT FOR statement:io.typefox.yang.yang.impl.LeafListImpl@55dc31db (name: ee) WITH ID test:t-node-container-test1-container-e-ee
11155 [Test worker] INFO  x.yang.diagram.YangDiagramGenerator  - CREATED ELEMENT FOR statement:io.typefox.yang.yang.impl.LeafImpl@211beafb (name: eee) WITH ID test:t-node-container-test1-container-e-eee
11155 [Test worker] INFO  x.yang.diagram.YangDiagramGenerator  - CREATED ELEMENT FOR statement:io.typefox.yang.yang.impl.ContainerImpl@3d55c7c (name: e) WITH ID test:t-node-container-test1-container-e
11156 [Test worker] INFO  x.yang.diagram.YangDiagramGenerator  - CREATED ELEMENT FOR statement:io.typefox.yang.yang.impl.LeafImpl@31bd6504 (name: f1) WITH ID test:t-node-container-test1-f-choice-f1-case-f1-case-f1
11156 [Test worker] INFO  x.yang.diagram.YangDiagramGenerator  - CREATED ELEMENT FOR statement:io.typefox.yang.yang.impl.LeafImpl@5dbc801 (name: f2) WITH ID test:t-node-container-test1-f-choice-f2-case-f2-case-f2
11156 [Test worker] INFO  x.yang.diagram.YangDiagramGenerator  - CREATED ELEMENT FOR statement:io.typefox.yang.yang.impl.ChoiceImpl@7be9a673 (name: f) WITH ID test:t-node-container-test1-f-choice
11156 [Test worker] INFO  x.yang.diagram.YangDiagramGenerator  - CREATED ELEMENT FOR statement:io.typefox.yang.yang.impl.LeafImpl@527633ce (name: g1) WITH ID test:t-node-container-test1-g-choice-g1-case-g1-case-g1
11156 [Test worker] INFO  x.yang.diagram.YangDiagramGenerator  - CREATED ELEMENT FOR statement:io.typefox.yang.yang.impl.LeafImpl@8b9e9c1 (name: g2) WITH ID test:t-node-container-test1-g-choice-g2-case-g2-case-g2
11156 [Test worker] INFO  x.yang.diagram.YangDiagramGenerator  - CREATED ELEMENT FOR statement:io.typefox.yang.yang.impl.LeafImpl@5379b317 (name: g3a) WITH ID test:t-node-container-test1-g-choice-g3-case-g3a
11157 [Test worker] INFO  x.yang.diagram.YangDiagramGenerator  - CREATED ELEMENT FOR statement:io.typefox.yang.yang.impl.LeafImpl@65155d35 (name: g3b) WITH ID test:t-node-container-test1-g-choice-g3-case-g3b
11157 [Test worker] INFO  x.yang.diagram.YangDiagramGenerator  - CREATED ELEMENT FOR statement:io.typefox.yang.yang.impl.ChoiceImpl@61eea1a (name: g) WITH ID test:t-node-container-test1-g-choice
11157 [Test worker] INFO  x.yang.diagram.YangDiagramGenerator  - CREATED ELEMENT FOR statement:io.typefox.yang.yang.impl.ContainerImpl@412efcf9 (name: test1) WITH ID test:t-node-container-test1
11157 [Test worker] INFO  x.yang.diagram.YangDiagramGenerator  - CREATED ELEMENT FOR statement:io.typefox.yang.yang.impl.LeafImpl@5f510ec0 (name: a1) WITH ID test:t-node-list-test2-a1
11157 [Test worker] INFO  x.yang.diagram.YangDiagramGenerator  - CREATED ELEMENT FOR statement:io.typefox.yang.yang.impl.LeafImpl@10e20cea (name: a2) WITH ID test:t-node-list-test2-a2
11165 [Test worker] INFO  x.yang.diagram.YangDiagramGenerator  - CREATED ELEMENT FOR statement:io.typefox.yang.yang.impl.LeafImpl@615d7ad6 (name: b2) WITH ID test:t-node-list-test2-b2
11166 [Test worker] INFO  x.yang.diagram.YangDiagramGenerator  - CREATED ELEMENT FOR statement:io.typefox.yang.yang.impl.ListImpl@57229b30 (name: test2) WITH ID test:t-node-list-test2
11166 [Test worker] INFO  x.yang.diagram.YangDiagramGenerator  - CREATED ELEMENT FOR statement:io.typefox.yang.yang.impl.LeafImpl@d2b81a (name: foo) WITH ID test:t-node-/test2-augmentation-foo
11166 [Test worker] INFO  x.yang.diagram.YangDiagramGenerator  - CREATED ELEMENT FOR statement:io.typefox.yang.yang.impl.ContainerImpl@5771b6 (name: xxx) WITH ID test:t-node-/test2-augmentation-container-xxx
11166 [Test worker] INFO  x.yang.diagram.YangDiagramGenerator  - CREATED ELEMENT FOR statement:io.typefox.yang.yang.impl.AugmentImpl@ad620a0 WITH ID test:t-node-/test2-augmentation
11166 [Test worker] INFO  x.yang.diagram.YangDiagramGenerator  - CREATED ELEMENT FOR statement:io.typefox.yang.yang.impl.LeafImpl@496ed1d1 (name: b2) WITH ID test:t-node-list-test3-b2
11166 [Test worker] INFO  x.yang.diagram.YangDiagramGenerator  - CREATED ELEMENT FOR statement:io.typefox.yang.yang.impl.LeafListImpl@5c69b28e (name: c2) WITH ID test:t-node-list-test3-c2
11167 [Test worker] INFO  x.yang.diagram.YangDiagramGenerator  - CREATED ELEMENT FOR statement:io.typefox.yang.yang.impl.LeafImpl@6788b274 (name: x) WITH ID test:t-node-list-test3-x
11167 [Test worker] INFO  x.yang.diagram.YangDiagramGenerator  - CREATED ELEMENT FOR statement:io.typefox.yang.yang.impl.LeafImpl@5c605d05 (name: b) WITH ID test:t-node-list-test3-list-test3deep-b
11167 [Test worker] INFO  x.yang.diagram.YangDiagramGenerator  - CREATED ELEMENT FOR statement:io.typefox.yang.yang.impl.LeafImpl@633fff01 (name: bb) WITH ID test:t-node-list-test3-list-test3deep-bb
11167 [Test worker] INFO  x.yang.diagram.YangDiagramGenerator  - CREATED ELEMENT FOR statement:io.typefox.yang.yang.impl.LeafImpl@7253cc2a (name: bbb) WITH ID test:t-node-list-test3-list-test3deep-bbb
11167 [Test worker] INFO  x.yang.diagram.YangDiagramGenerator  - CREATED ELEMENT FOR statement:io.typefox.yang.yang.impl.LeafImpl@50eadb06 (name: c) WITH ID test:t-node-list-test3-list-test3deep-c
11167 [Test worker] INFO  x.yang.diagram.YangDiagramGenerator  - CREATED ELEMENT FOR statement:io.typefox.yang.yang.impl.LeafImpl@ebc2c6b (name: y) WITH ID test:t-node-list-test3-list-test3deep-y
11167 [Test worker] INFO  x.yang.diagram.YangDiagramGenerator  - CREATED ELEMENT FOR statement:io.typefox.yang.yang.impl.LeafImpl@12e70d4a (name: yy) WITH ID test:t-node-list-test3-list-test3deep-yy
11168 [Test worker] INFO  x.yang.diagram.YangDiagramGenerator  - CREATED ELEMENT FOR statement:io.typefox.yang.yang.impl.LeafImpl@7eb9a1a0 (name: yy64) WITH ID test:t-node-list-test3-list-test3deep-yy64
11168 [Test worker] INFO  x.yang.diagram.YangDiagramGenerator  - CREATED ELEMENT FOR statement:io.typefox.yang.yang.impl.LeafImpl@788d779a (name: yy1) WITH ID test:t-node-list-test3-list-test3deep-list-deepy-yy1
11168 [Test worker] INFO  x.yang.diagram.YangDiagramGenerator  - CREATED ELEMENT FOR statement:io.typefox.yang.yang.impl.LeafImpl@173dd394 (name: yy2) WITH ID test:t-node-list-test3-list-test3deep-list-deepy-yy2
11168 [Test worker] INFO  x.yang.diagram.YangDiagramGenerator  - CREATED ELEMENT FOR statement:io.typefox.yang.yang.impl.LeafImpl@3d9a0164 (name: yy3) WITH ID test:t-node-list-test3-list-test3deep-list-deepy-yy3
11168 [Test worker] INFO  x.yang.diagram.YangDiagramGenerator  - CREATED ELEMENT FOR statement:io.typefox.yang.yang.impl.ListImpl@e9d13d6 (name: deepy) WITH ID test:t-node-list-test3-list-test3deep-list-deepy
11168 [Test worker] INFO  x.yang.diagram.YangDiagramGenerator  - CREATED ELEMENT FOR statement:io.typefox.yang.yang.impl.LeafImpl@1dbf9438 (name: zz1) WITH ID test:t-node-list-test3-list-test3deep-list-deepz-zz1
11168 [Test worker] INFO  x.yang.diagram.YangDiagramGenerator  - CREATED ELEMENT FOR statement:io.typefox.yang.yang.impl.LeafImpl@64e75568 (name: zz2) WITH ID test:t-node-list-test3-list-test3deep-list-deepz-zz2
11169 [Test worker] INFO  x.yang.diagram.YangDiagramGenerator  - CREATED ELEMENT FOR statement:io.typefox.yang.yang.impl.LeafImpl@99be9b1 (name: zz3) WITH ID test:t-node-list-test3-list-test3deep-list-deepz-zz3
11169 [Test worker] INFO  x.yang.diagram.YangDiagramGenerator  - CREATED ELEMENT FOR statement:io.typefox.yang.yang.impl.ListImpl@6ffe58f7 (name: deepz) WITH ID test:t-node-list-test3-list-test3deep-list-deepz
11169 [Test worker] INFO  x.yang.diagram.YangDiagramGenerator  - CREATED ELEMENT FOR statement:io.typefox.yang.yang.impl.ListImpl@e810f64 (name: test3deep) WITH ID test:t-node-list-test3-list-test3deep
11169 [Test worker] INFO  x.yang.diagram.YangDiagramGenerator  - CREATED ELEMENT FOR statement:io.typefox.yang.yang.impl.ListImpl@509347c9 (name: test3) WITH ID test:t-node-list-test3
11169 [Test worker] INFO  x.yang.diagram.YangDiagramGenerator  - CREATED ELEMENT FOR statement:io.typefox.yang.yang.impl.IdentityImpl@613ea0b (name: id-A) WITH ID test:t-node-identity-id-A
11169 [Test worker] INFO  x.yang.diagram.YangDiagramGenerator  - CREATED ELEMENT FOR statement:io.typefox.yang.yang.impl.IdentityImpl@1b3723de (name: id-B) WITH ID test:t-node-identity-id-B
11169 [Test worker] INFO  x.yang.diagram.YangDiagramGenerator  - CREATED ELEMENT FOR statement:io.typefox.yang.yang.impl.LeafImpl@1d4be5f3 (name: A) WITH ID test:t-node-container-musttest-A
11170 [Test worker] INFO  x.yang.diagram.YangDiagramGenerator  - CREATED ELEMENT FOR statement:io.typefox.yang.yang.impl.LeafImpl@57ac449c (name: B1leaf) WITH ID test:t-node-container-musttest-B-choice-B1-case-B1leaf
11170 [Test worker] INFO  x.yang.diagram.YangDiagramGenerator  - CREATED ELEMENT FOR statement:io.typefox.yang.yang.impl.LeafImpl@4ef6bfd0 (name: B1num) WITH ID test:t-node-container-musttest-B-choice-B1-case-B1num
11170 [Test worker] INFO  x.yang.diagram.YangDiagramGenerator  - CREATED ELEMENT FOR statement:io.typefox.yang.yang.impl.LeafImpl@6cfd4c03 (name: B2leaf) WITH ID test:t-node-container-musttest-B-choice-B2-case-B2leaf
11170 [Test worker] INFO  x.yang.diagram.YangDiagramGenerator  - CREATED ELEMENT FOR statement:io.typefox.yang.yang.impl.ChoiceImpl@2edb5812 (name: B) WITH ID test:t-node-container-musttest-B-choice
11170 [Test worker] INFO  x.yang.diagram.YangDiagramGenerator  - CREATED ELEMENT FOR statement:io.typefox.yang.yang.impl.ContainerImpl@1b6671f1 (name: musttest) WITH ID test:t-node-container-musttest
11170 [Test worker] INFO  x.yang.diagram.YangDiagramGenerator  - CREATED ELEMENT FOR statement:io.typefox.yang.yang.impl.LeafImpl@60954572 (name: binary.1) WITH ID test:t-node-grouping-Leafs.1-binary.1
11170 [Test worker] INFO  x.yang.diagram.YangDiagramGenerator  - CREATED ELEMENT FOR statement:io.typefox.yang.yang.impl.LeafImpl@668e9037 (name: bits.1) WITH ID test:t-node-grouping-Leafs.1-bits.1
11171 [Test worker] INFO  x.yang.diagram.YangDiagramGenerator  - CREATED ELEMENT FOR statement:io.typefox.yang.yang.impl.LeafImpl@12614f3c (name: boolean.1) WITH ID test:t-node-grouping-Leafs.1-boolean.1
11171 [Test worker] INFO  x.yang.diagram.YangDiagramGenerator  - CREATED ELEMENT FOR statement:io.typefox.yang.yang.impl.LeafImpl@3aa04d78 (name: empty.1) WITH ID test:t-node-grouping-Leafs.1-empty.1
11171 [Test worker] INFO  x.yang.diagram.YangDiagramGenerator  - CREATED ELEMENT FOR statement:io.typefox.yang.yang.impl.LeafImpl@7054318b (name: enumeration.1) WITH ID test:t-node-grouping-Leafs.1-enumeration.1
11171 [Test worker] INFO  x.yang.diagram.YangDiagramGenerator  - CREATED ELEMENT FOR statement:io.typefox.yang.yang.impl.LeafImpl@6249089e (name: identityref.1) WITH ID test:t-node-grouping-Leafs.1-identityref.1
11171 [Test worker] INFO  x.yang.diagram.YangDiagramGenerator  - CREATED ELEMENT FOR statement:io.typefox.yang.yang.impl.LeafImpl@7ac9a344 (name: instance-identifier.1) WITH ID test:t-node-grouping-Leafs.1-instance-identifier.1
11171 [Test worker] INFO  x.yang.diagram.YangDiagramGenerator  - CREATED ELEMENT FOR statement:io.typefox.yang.yang.impl.LeafImpl@42baeae8 (name: instance-identifier.2) WITH ID test:t-node-grouping-Leafs.1-instance-identifier.2
11171 [Test worker] INFO  x.yang.diagram.YangDiagramGenerator  - CREATED ELEMENT FOR statement:io.typefox.yang.yang.impl.LeafImpl@1333435d (name: int8.1) WITH ID test:t-node-grouping-Leafs.1-int8.1
11171 [Test worker] INFO  x.yang.diagram.YangDiagramGenerator  - CREATED ELEMENT FOR statement:io.typefox.yang.yang.impl.LeafImpl@3994a45d (name: int16.1) WITH ID test:t-node-grouping-Leafs.1-int16.1
11172 [Test worker] INFO  x.yang.diagram.YangDiagramGenerator  - CREATED ELEMENT FOR statement:io.typefox.yang.yang.impl.LeafImpl@e70f3a8 (name: int32.1) WITH ID test:t-node-grouping-Leafs.1-int32.1
11172 [Test worker] INFO  x.yang.diagram.YangDiagramGenerator  - CREATED ELEMENT FOR statement:io.typefox.yang.yang.impl.LeafImpl@1b88b524 (name: int64.1) WITH ID test:t-node-grouping-Leafs.1-int64.1
11172 [Test worker] INFO  x.yang.diagram.YangDiagramGenerator  - CREATED ELEMENT FOR statement:io.typefox.yang.yang.impl.LeafImpl@12a834a3 (name: leafref.1) WITH ID test:t-node-grouping-Leafs.1-leafref.1
11172 [Test worker] INFO  x.yang.diagram.YangDiagramGenerator  - CREATED ELEMENT FOR statement:io.typefox.yang.yang.impl.LeafImpl@e82cce7 (name: leafref.2) WITH ID test:t-node-grouping-Leafs.1-leafref.2
11172 [Test worker] INFO  x.yang.diagram.YangDiagramGenerator  - CREATED ELEMENT FOR statement:io.typefox.yang.yang.impl.LeafImpl@7e6832c (name: string.1) WITH ID test:t-node-grouping-Leafs.1-string.1
11172 [Test worker] INFO  x.yang.diagram.YangDiagramGenerator  - CREATED ELEMENT FOR statement:io.typefox.yang.yang.impl.LeafImpl@59993761 (name: uint8.1) WITH ID test:t-node-grouping-Leafs.1-uint8.1
11172 [Test worker] INFO  x.yang.diagram.YangDiagramGenerator  - CREATED ELEMENT FOR statement:io.typefox.yang.yang.impl.LeafImpl@ac71ddd (name: uint16.1) WITH ID test:t-node-grouping-Leafs.1-uint16.1
11172 [Test worker] INFO  x.yang.diagram.YangDiagramGenerator  - CREATED ELEMENT FOR statement:io.typefox.yang.yang.impl.LeafImpl@12ba0d96 (name: uint32.1) WITH ID test:t-node-grouping-Leafs.1-uint32.1
11173 [Test worker] INFO  x.yang.diagram.YangDiagramGenerator  - CREATED ELEMENT FOR statement:io.typefox.yang.yang.impl.LeafImpl@2176030e (name: uint64.1) WITH ID test:t-node-grouping-Leafs.1-uint64.1
11173 [Test worker] INFO  x.yang.diagram.YangDiagramGenerator  - CREATED ELEMENT FOR statement:io.typefox.yang.yang.impl.LeafImpl@31c40a7e (name: dec64.1) WITH ID test:t-node-grouping-Leafs.1-dec64.1
11173 [Test worker] INFO  x.yang.diagram.YangDiagramGenerator  - CREATED ELEMENT FOR statement:io.typefox.yang.yang.impl.LeafImpl@3dfd06e (name: dec64.2) WITH ID test:t-node-grouping-Leafs.1-dec64.2
11173 [Test worker] INFO  x.yang.diagram.YangDiagramGenerator  - CREATED ELEMENT FOR statement:io.typefox.yang.yang.impl.LeafImpl@414bbb3e (name: dec64.3) WITH ID test:t-node-grouping-Leafs.1-dec64.3
11173 [Test worker] INFO  x.yang.diagram.YangDiagramGenerator  - CREATED ELEMENT FOR statement:io.typefox.yang.yang.impl.LeafImpl@5034ae6a (name: union.1) WITH ID test:t-node-grouping-Leafs.1-union.1
11173 [Test worker] INFO  x.yang.diagram.YangDiagramGenerator  - CREATED ELEMENT FOR statement:io.typefox.yang.yang.impl.GroupingImpl@41b2c9e8 (name: Leafs.1) WITH ID test:t-node-grouping-Leafs.1
11173 [Test worker] INFO  x.yang.diagram.YangDiagramGenerator  - CREATED ELEMENT FOR statement:io.typefox.yang.yang.impl.UsesImpl@3c133d10 WITH ID test:t-node-uses Leafs.1-pill
11173 [Test worker] INFO  x.yang.diagram.YangDiagramGenerator  - CREATED ELEMENT FOR statement:io.typefox.yang.yang.impl.UsesImpl@209df3e7 WITH ID test:t-node-container-container.1-uses Leafs.1-pill
11174 [Test worker] INFO  x.yang.diagram.YangDiagramGenerator  - CREATED ELEMENT FOR statement:io.typefox.yang.yang.impl.ContainerImpl@552f5e60 (name: container.1) WITH ID test:t-node-container-container.1
11174 [Test worker] INFO  x.yang.diagram.YangDiagramGenerator  - CREATED ELEMENT FOR statement:io.typefox.yang.yang.impl.UsesImpl@20520a4 WITH ID test:t-node-container-container.2-uses Leafs.1-pill
11174 [Test worker] INFO  x.yang.diagram.YangDiagramGenerator  - CREATED ELEMENT FOR statement:io.typefox.yang.yang.impl.ContainerImpl@27db7649 (name: container.2) WITH ID test:t-node-container-container.2
11174 [Test worker] INFO  x.yang.diagram.YangDiagramGenerator  - CREATED ELEMENT FOR statement:io.typefox.yang.yang.impl.UsesImpl@6896ab9e WITH ID test:t-node-list-list.1-uses Leafs.1-pill
11174 [Test worker] INFO  x.yang.diagram.YangDiagramGenerator  - CREATED ELEMENT FOR statement:io.typefox.yang.yang.impl.ListImpl@476534b2 (name: list.1) WITH ID test:t-node-list-list.1
11174 [Test worker] INFO  x.yang.diagram.YangDiagramGenerator  - CREATED ELEMENT FOR statement:io.typefox.yang.yang.impl.LeafImpl@6cce2cfa (name: a) WITH ID test:t-node-choice.1-choice-case.1.1-case-a
11174 [Test worker] INFO  x.yang.diagram.YangDiagramGenerator  - CREATED ELEMENT FOR statement:io.typefox.yang.yang.impl.LeafImpl@10db7614 (name: b) WITH ID test:t-node-choice.1-choice-case.1.1-case-b
11175 [Test worker] INFO  x.yang.diagram.YangDiagramGenerator  - CREATED ELEMENT FOR statement:io.typefox.yang.yang.impl.LeafImpl@4d4ce5ca (name: c) WITH ID test:t-node-choice.1-choice-c-case-c-case-c
11175 [Test worker] INFO  x.yang.diagram.YangDiagramGenerator  - CREATED ELEMENT FOR statement:io.typefox.yang.yang.impl.LeafImpl@23628875 (name: d) WITH ID test:t-node-choice.1-choice-d-case-d-case-d
11175 [Test worker] INFO  x.yang.diagram.YangDiagramGenerator  - CREATED ELEMENT FOR statement:io.typefox.yang.yang.impl.ChoiceImpl@3ed6c91f (name: choice.1) WITH ID test:t-node-choice.1-choice
11175 [Test worker] INFO  x.yang.diagram.YangDiagramGenerator  - CREATED ELEMENT FOR statement:io.typefox.yang.yang.impl.LeafImpl@75766307 (name: name) WITH ID test:t-node-container-xpath.1-name
11175 [Test worker] INFO  x.yang.diagram.YangDiagramGenerator  - CREATED ELEMENT FOR statement:io.typefox.yang.yang.impl.LeafImpl@5f3ebad6 (name: name2) WITH ID test:t-node-container-xpath.1-name2
11175 [Test worker] INFO  x.yang.diagram.YangDiagramGenerator  - CREATED ELEMENT FOR statement:io.typefox.yang.yang.impl.LeafImpl@68a8b064 (name: data1) WITH ID test:t-node-container-xpath.1-data1
11175 [Test worker] INFO  x.yang.diagram.YangDiagramGenerator  - CREATED ELEMENT FOR statement:io.typefox.yang.yang.impl.LeafImpl@603e025f (name: data2) WITH ID test:t-node-container-xpath.1-data2
11176 [Test worker] INFO  x.yang.diagram.YangDiagramGenerator  - CREATED ELEMENT FOR statement:io.typefox.yang.yang.impl.LeafImpl@26962b04 (name: data3) WITH ID test:t-node-container-xpath.1-data3
11176 [Test worker] INFO  x.yang.diagram.YangDiagramGenerator  - CREATED ELEMENT FOR statement:io.typefox.yang.yang.impl.LeafImpl@cd4cd0a (name: data4) WITH ID test:t-node-container-xpath.1-data4
11176 [Test worker] INFO  x.yang.diagram.YangDiagramGenerator  - CREATED ELEMENT FOR statement:io.typefox.yang.yang.impl.ContainerImpl@21526764 (name: xpath.1) WITH ID test:t-node-container-xpath.1
11176 [Test worker] INFO  x.yang.diagram.YangDiagramGenerator  - CREATED ELEMENT FOR statement:io.typefox.yang.yang.impl.LeafImpl@316eb5eb (name: a) WITH ID test:t-node-rpc test-rpc-pill-input-a
11176 [Test worker] INFO  x.yang.diagram.YangDiagramGenerator  - CREATED ELEMENT FOR statement:io.typefox.yang.yang.impl.LeafImpl@263776c9 (name: b) WITH ID test:t-node-rpc test-rpc-pill-input-b
11176 [Test worker] INFO  x.yang.diagram.YangDiagramGenerator  - CREATED ELEMENT FOR statement:io.typefox.yang.yang.impl.InputImpl@ca14398 (name: null) WITH ID test:t-node-rpc test-rpc-pill-input
11176 [Test worker] INFO  x.yang.diagram.YangDiagramGenerator  - CREATED ELEMENT FOR statement:io.typefox.yang.yang.impl.RpcImpl@3e7a7c2f (name: test-rpc) WITH ID test:t-node-rpc test-rpc-pill
11177 [Test worker] INFO  x.yang.diagram.YangDiagramGenerator  - CREATED ELEMENT FOR statement:io.typefox.yang.yang.impl.ModuleImpl@7aff57e6 (name: test) WITH ID test:t
11180 [Test worker] INFO  x.yang.diagram.YangDiagramGenerator  - Generating diagram for input: 'siltest7.yang'
11182 [Test worker] INFO  x.yang.diagram.YangDiagramGenerator  - CREATED ELEMENT FOR statement:io.typefox.yang.yang.impl.LeafImpl@5f1ad85e (name: leaf1) WITH ID siltest7:siltest7-node-container-top7con-leaf1
11182 [Test worker] INFO  x.yang.diagram.YangDiagramGenerator  - CREATED ELEMENT FOR statement:io.typefox.yang.yang.impl.ContainerImpl@2a88f654 (name: top7con) WITH ID siltest7:siltest7-node-container-top7con
11186 [Test worker] INFO  x.yang.diagram.YangDiagramGenerator  - CREATED ELEMENT FOR statement:io.typefox.yang.yang.impl.LeafImpl@694b211 (name: key) WITH ID siltest7:siltest7-node-list-top7list-key
11186 [Test worker] INFO  x.yang.diagram.YangDiagramGenerator  - CREATED ELEMENT FOR statement:io.typefox.yang.yang.impl.LeafImpl@72c8e3a4 (name: v1) WITH ID siltest7:siltest7-node-list-top7list-v1
11186 [Test worker] INFO  x.yang.diagram.YangDiagramGenerator  - CREATED ELEMENT FOR statement:io.typefox.yang.yang.impl.ListImpl@7b190d8b (name: top7list) WITH ID siltest7:siltest7-node-list-top7list
11186 [Test worker] INFO  x.yang.diagram.YangDiagramGenerator  - CREATED ELEMENT FOR statement:io.typefox.yang.yang.impl.ModuleImpl@16ce7eea (name: siltest7) WITH ID siltest7:siltest7
11226 [Test worker] INFO  x.yang.diagram.YangDiagramGenerator  - Generating diagram for input: 'test8.yang'
11226 [Test worker] INFO  x.yang.diagram.YangDiagramGenerator  - CREATED ELEMENT FOR statement:io.typefox.yang.yang.impl.IncludeImpl@1d7b7a7a WITH ID test8a
11227 [Test worker] INFO  x.yang.diagram.YangDiagramGenerator  - CREATED ELEMENT FOR statement:io.typefox.yang.yang.impl.IncludeImpl@4bc41e87 WITH ID test8b
11227 [Test worker] INFO  x.yang.diagram.YangDiagramGenerator  - CREATED ELEMENT FOR statement:io.typefox.yang.yang.impl.ModuleImpl@5133828a (name: test8) WITH ID test8:t8
11271 [Test worker] INFO  x.yang.diagram.YangDiagramGenerator  - Generating diagram for input: 'siltest5.yang'
11272 [Test worker] INFO  x.yang.diagram.YangDiagramGenerator  - CREATED ELEMENT FOR statement:io.typefox.yang.yang.impl.LeafImpl@b9ca4d7 (name: a) WITH ID siltest5:siltest5-node-list-c5-list-a
11272 [Test worker] INFO  x.yang.diagram.YangDiagramGenerator  - CREATED ELEMENT FOR statement:io.typefox.yang.yang.impl.LeafImpl@7e6c8564 (name: b) WITH ID siltest5:siltest5-node-list-c5-list-b
11272 [Test worker] INFO  x.yang.diagram.YangDiagramGenerator  - CREATED ELEMENT FOR statement:io.typefox.yang.yang.impl.ListImpl@7b5324c (name: c5-list) WITH ID siltest5:siltest5-node-list-c5-list
11272 [Test worker] INFO  x.yang.diagram.YangDiagramGenerator  - CREATED ELEMENT FOR statement:io.typefox.yang.yang.impl.LeafImpl@1e1c3522 (name: a) WITH ID siltest5:siltest5-node-list-c5a-list-a
11272 [Test worker] INFO  x.yang.diagram.YangDiagramGenerator  - CREATED ELEMENT FOR statement:io.typefox.yang.yang.impl.LeafImpl@70c8802a (name: key1) WITH ID siltest5:siltest5-node-list-c5a-list-list-cc5-key1
11273 [Test worker] INFO  x.yang.diagram.YangDiagramGenerator  - CREATED ELEMENT FOR statement:io.typefox.yang.yang.impl.LeafImpl@6a157cf2 (name: key2) WITH ID siltest5:siltest5-node-list-c5a-list-list-cc5-key2
11273 [Test worker] INFO  x.yang.diagram.YangDiagramGenerator  - CREATED ELEMENT FOR statement:io.typefox.yang.yang.impl.LeafImpl@441c04ae (name: yy) WITH ID siltest5:siltest5-node-list-c5a-list-list-cc5-yy
11273 [Test worker] INFO  x.yang.diagram.YangDiagramGenerator  - CREATED ELEMENT FOR statement:io.typefox.yang.yang.impl.LeafImpl@3bd69c2a (name: zz) WITH ID siltest5:siltest5-node-list-c5a-list-list-cc5-zz
11273 [Test worker] INFO  x.yang.diagram.YangDiagramGenerator  - CREATED ELEMENT FOR statement:io.typefox.yang.yang.impl.ListImpl@fab82aa (name: cc5) WITH ID siltest5:siltest5-node-list-c5a-list-list-cc5
11273 [Test worker] INFO  x.yang.diagram.YangDiagramGenerator  - CREATED ELEMENT FOR statement:io.typefox.yang.yang.impl.ListImpl@4e988d41 (name: c5a-list) WITH ID siltest5:siltest5-node-list-c5a-list
11273 [Test worker] INFO  x.yang.diagram.YangDiagramGenerator  - CREATED ELEMENT FOR statement:io.typefox.yang.yang.impl.ModuleImpl@6a05c948 (name: siltest5) WITH ID siltest5:siltest5
11275 [Test worker] INFO  x.yang.diagram.YangDiagramGenerator  - Generating diagram for input: 'testdev.yang'
11290 [Test worker] INFO  x.yang.diagram.YangDiagramGenerator  - CREATED ELEMENT FOR statement:io.typefox.yang.yang.impl.LeafImpl@65bd2fee (name: a) WITH ID testdev:td-node-container-test-top-a
11290 [Test worker] INFO  x.yang.diagram.YangDiagramGenerator  - CREATED ELEMENT FOR statement:io.typefox.yang.yang.impl.LeafImpl@36d04f21 (name: b) WITH ID testdev:td-node-container-test-top-b
11290 [Test worker] INFO  x.yang.diagram.YangDiagramGenerator  - CREATED ELEMENT FOR statement:io.typefox.yang.yang.impl.ContainerImpl@3ca82e3f (name: test-top) WITH ID testdev:td-node-container-test-top
11290 [Test worker] INFO  x.yang.diagram.YangDiagramGenerator  - CREATED ELEMENT FOR statement:io.typefox.yang.yang.impl.ModuleImpl@7823ef6b (name: testdev) WITH ID testdev:td
11297 [Test worker] INFO  x.yang.diagram.YangDiagramGenerator  - Generating diagram for input: 'testcommit.yang'
11318 [Test worker] INFO  x.yang.diagram.YangDiagramGenerator  - CREATED ELEMENT FOR statement:io.typefox.yang.yang.impl.LeafImpl@14b203f5 (name: regno) WITH ID testcommit:testcommit-node-container-vehicle-list-car-regno
11318 [Test worker] INFO  x.yang.diagram.YangDiagramGenerator  - CREATED ELEMENT FOR statement:io.typefox.yang.yang.impl.LeafImpl@2c8e78b9 (name: model) WITH ID testcommit:testcommit-node-container-vehicle-list-car-model
11318 [Test worker] INFO  x.yang.diagram.YangDiagramGenerator  - CREATED ELEMENT FOR statement:io.typefox.yang.yang.impl.LeafListImpl@4bb1b855 (name: drivers) WITH ID testcommit:testcommit-node-container-vehicle-list-car-drivers
11337 [Test worker] INFO  x.yang.diagram.YangDiagramGenerator  - CREATED ELEMENT FOR statement:io.typefox.yang.yang.impl.LeafImpl@1b591009 (name: owner) WITH ID testcommit:testcommit-node-container-vehicle-list-car-owner
11338 [Test worker] INFO  x.yang.diagram.YangDiagramGenerator  - CREATED ELEMENT FOR statement:io.typefox.yang.yang.impl.LeafImpl@1f70053c (name: carid) WITH ID testcommit:testcommit-node-container-vehicle-list-car-list-carlist-carid
11338 [Test worker] INFO  x.yang.diagram.YangDiagramGenerator  - CREATED ELEMENT FOR statement:io.typefox.yang.yang.impl.LeafImpl@4064fddb (name: test1) WITH ID testcommit:testcommit-node-container-vehicle-list-car-list-carlist-test1
11338 [Test worker] INFO  x.yang.diagram.YangDiagramGenerator  - CREATED ELEMENT FOR statement:io.typefox.yang.yang.impl.LeafImpl@6519692 (name: test2) WITH ID testcommit:testcommit-node-container-vehicle-list-car-list-carlist-container-con-test2
11338 [Test worker] INFO  x.yang.diagram.YangDiagramGenerator  - CREATED ELEMENT FOR statement:io.typefox.yang.yang.impl.LeafImpl@55db1709 (name: test3) WITH ID testcommit:testcommit-node-container-vehicle-list-car-list-carlist-container-con-test3
11338 [Test worker] INFO  x.yang.diagram.YangDiagramGenerator  - CREATED ELEMENT FOR statement:io.typefox.yang.yang.impl.ContainerImpl@4a1da16b (name: con) WITH ID testcommit:testcommit-node-container-vehicle-list-car-list-carlist-container-con
11339 [Test worker] INFO  x.yang.diagram.YangDiagramGenerator  - CREATED ELEMENT FOR statement:io.typefox.yang.yang.impl.ListImpl@2df017d6 (name: carlist) WITH ID testcommit:testcommit-node-container-vehicle-list-car-list-carlist
11339 [Test worker] INFO  x.yang.diagram.YangDiagramGenerator  - CREATED ELEMENT FOR statement:io.typefox.yang.yang.impl.ListImpl@279fe1fc (name: car) WITH ID testcommit:testcommit-node-container-vehicle-list-car
11339 [Test worker] INFO  x.yang.diagram.YangDiagramGenerator  - CREATED ELEMENT FOR statement:io.typefox.yang.yang.impl.ContainerImpl@2a71d959 (name: vehicle) WITH ID testcommit:testcommit-node-container-vehicle
11339 [Test worker] INFO  x.yang.diagram.YangDiagramGenerator  - CREATED ELEMENT FOR statement:io.typefox.yang.yang.impl.LeafImpl@d402385 (name: first) WITH ID testcommit:testcommit-node-list-owner-first
11339 [Test worker] INFO  x.yang.diagram.YangDiagramGenerator  - CREATED ELEMENT FOR statement:io.typefox.yang.yang.impl.LeafImpl@2023db5c (name: last) WITH ID testcommit:testcommit-node-list-owner-last
11339 [Test worker] INFO  x.yang.diagram.YangDiagramGenerator  - CREATED ELEMENT FOR statement:io.typefox.yang.yang.impl.LeafListImpl@786b5ea5 (name: models) WITH ID testcommit:testcommit-node-list-owner-models
11339 [Test worker] INFO  x.yang.diagram.YangDiagramGenerator  - CREATED ELEMENT FOR statement:io.typefox.yang.yang.impl.LeafImpl@5cf4fbe0 (name: own1) WITH ID testcommit:testcommit-node-list-owner-owner-choice-choice-own1-case-own1-case-own1
11340 [Test worker] INFO  x.yang.diagram.YangDiagramGenerator  - CREATED ELEMENT FOR statement:io.typefox.yang.yang.impl.LeafImpl@5024a7f0 (name: own4) WITH ID testcommit:testcommit-node-list-owner-owner-choice-choice-own2case-case-own2-choice-own3-case-own4
11340 [Test worker] INFO  x.yang.diagram.YangDiagramGenerator  - CREATED ELEMENT FOR statement:io.typefox.yang.yang.impl.LeafImpl@6e637f93 (name: own5) WITH ID testcommit:testcommit-node-list-owner-owner-choice-choice-own2case-case-own2-choice-own3-case-own5
11340 [Test worker] INFO  x.yang.diagram.YangDiagramGenerator  - CREATED ELEMENT FOR statement:io.typefox.yang.yang.impl.LeafImpl@4cdf9a8c (name: x) WITH ID testcommit:testcommit-node-list-owner-owner-choice-choice-own2case-case-own2-choice-own-list-case-own-list-case-list-own-list-x
11340 [Test worker] INFO  x.yang.diagram.YangDiagramGenerator  - CREATED ELEMENT FOR statement:io.typefox.yang.yang.impl.LeafImpl@370f430c (name: y) WITH ID testcommit:testcommit-node-list-owner-owner-choice-choice-own2case-case-own2-choice-own-list-case-own-list-case-list-own-list-y
11340 [Test worker] INFO  x.yang.diagram.YangDiagramGenerator  - CREATED ELEMENT FOR statement:io.typefox.yang.yang.impl.ListImpl@42e1693a (name: own-list) WITH ID testcommit:testcommit-node-list-owner-owner-choice-choice-own2case-case-own2-choice-own-list-case-own-list-case-list-own-list
11340 [Test worker] INFO  x.yang.diagram.YangDiagramGenerator  - CREATED ELEMENT FOR statement:io.typefox.yang.yang.impl.ChoiceImpl@370b1912 (name: own2) WITH ID testcommit:testcommit-node-list-owner-owner-choice-choice-own2case-case-own2-choice
11341 [Test worker] INFO  x.yang.diagram.YangDiagramGenerator  - CREATED ELEMENT FOR statement:io.typefox.yang.yang.impl.ChoiceImpl@7b0ee85 (name: owner-choice) WITH ID testcommit:testcommit-node-list-owner-owner-choice-choice
11341 [Test worker] INFO  x.yang.diagram.YangDiagramGenerator  - CREATED ELEMENT FOR statement:io.typefox.yang.yang.impl.ListImpl@4a6aca5c (name: owner) WITH ID testcommit:testcommit-node-list-owner
11341 [Test worker] INFO  x.yang.diagram.YangDiagramGenerator  - CREATED ELEMENT FOR statement:io.typefox.yang.yang.impl.LeafImpl@38bd292 (name: a1) WITH ID testcommit:testcommit-node-top-choice-choice-a-case-a1
11341 [Test worker] INFO  x.yang.diagram.YangDiagramGenerator  - CREATED ELEMENT FOR statement:io.typefox.yang.yang.impl.LeafImpl@6c279878 (name: a2) WITH ID testcommit:testcommit-node-top-choice-choice-a-case-a2
11342 [Test worker] INFO  x.yang.diagram.YangDiagramGenerator  - CREATED ELEMENT FOR statement:io.typefox.yang.yang.impl.LeafListImpl@6ce397bf (name: b1) WITH ID testcommit:testcommit-node-top-choice-choice-b-case-b1
11342 [Test worker] INFO  x.yang.diagram.YangDiagramGenerator  - CREATED ELEMENT FOR statement:io.typefox.yang.yang.impl.LeafImpl@70c78855 (name: b2a1) WITH ID testcommit:testcommit-node-top-choice-choice-b-case-b2-choice-b2a-case-b2a1
11342 [Test worker] INFO  x.yang.diagram.YangDiagramGenerator  - CREATED ELEMENT FOR statement:io.typefox.yang.yang.impl.LeafImpl@2d85db9d (name: b2a2) WITH ID testcommit:testcommit-node-top-choice-choice-b-case-b2-choice-b2a-case-b2a2
11343 [Test worker] INFO  x.yang.diagram.YangDiagramGenerator  - CREATED ELEMENT FOR statement:io.typefox.yang.yang.impl.LeafImpl@7d31620d (name: b3-npcon-leaf) WITH ID testcommit:testcommit-node-top-choice-choice-b-case-b2-choice-b3-npcon-case-b3-npcon-case-container-b3-npcon-b3-npcon-leaf
11343 [Test worker] INFO  x.yang.diagram.YangDiagramGenerator  - CREATED ELEMENT FOR statement:io.typefox.yang.yang.impl.ContainerImpl@d1f5c7b (name: b3-npcon) WITH ID testcommit:testcommit-node-top-choice-choice-b-case-b2-choice-b3-npcon-case-b3-npcon-case-container-b3-npcon
11343 [Test worker] INFO  x.yang.diagram.YangDiagramGenerator  - CREATED ELEMENT FOR statement:io.typefox.yang.yang.impl.ChoiceImpl@41d6f8ad (name: b2) WITH ID testcommit:testcommit-node-top-choice-choice-b-case-b2-choice
11354 [Test worker] INFO  x.yang.diagram.YangDiagramGenerator  - CREATED ELEMENT FOR statement:io.typefox.yang.yang.impl.LeafImpl@428c9a39 (name: c1) WITH ID testcommit:testcommit-node-top-choice-choice-c-case-c1
11354 [Test worker] INFO  x.yang.diagram.YangDiagramGenerator  - CREATED ELEMENT FOR statement:io.typefox.yang.yang.impl.ChoiceImpl@345bb96f (name: top-choice) WITH ID testcommit:testcommit-node-top-choice-choice
11354 [Test worker] INFO  x.yang.diagram.YangDiagramGenerator  - CREATED ELEMENT FOR statement:io.typefox.yang.yang.impl.ModuleImpl@4350d71b (name: testcommit) WITH ID testcommit:testcommit
11360 [Test worker] INFO  x.yang.diagram.YangDiagramGenerator  - Generating diagram for input: 'testgrouping.yang'
11374 [Test worker] INFO  x.yang.diagram.YangDiagramGenerator  - CREATED ELEMENT FOR statement:io.typefox.yang.yang.impl.TypedefImpl@7a370646 (name: MyType) WITH ID testgrouping:foo-node-typedef-MyType
11374 [Test worker] INFO  x.yang.diagram.YangDiagramGenerator  - CREATED ELEMENT FOR statement:io.typefox.yang.yang.impl.IdentityImpl@3f1afe14 (name: MyBase) WITH ID testgrouping:foo-node-identity-MyBase
11374 [Test worker] INFO  x.yang.diagram.YangDiagramGenerator  - CREATED ELEMENT FOR statement:io.typefox.yang.yang.impl.LeafImpl@20529287 (name: XXX) WITH ID testgrouping:foo-node-grouping-ggg-XXX
11375 [Test worker] INFO  x.yang.diagram.YangDiagramGenerator  - CREATED ELEMENT FOR statement:io.typefox.yang.yang.impl.LeafImpl@4151b9d1 (name: bar) WITH ID testgrouping:foo-node-grouping-ggg-container-test-top-bar
11375 [Test worker] INFO  x.yang.diagram.YangDiagramGenerator  - CREATED ELEMENT FOR statement:io.typefox.yang.yang.impl.LeafImpl@316928b (name: baz) WITH ID testgrouping:foo-node-grouping-ggg-container-test-top-baz
11375 [Test worker] INFO  x.yang.diagram.YangDiagramGenerator  - CREATED ELEMENT FOR statement:io.typefox.yang.yang.impl.LeafImpl@6b1436a3 (name: goo) WITH ID testgrouping:foo-node-grouping-ggg-container-test-top-goo
11375 [Test worker] INFO  x.yang.diagram.YangDiagramGenerator  - CREATED ELEMENT FOR statement:io.typefox.yang.yang.impl.LeafImpl@5f6657ec (name: AA) WITH ID testgrouping:foo-node-grouping-ggg-container-test-top-AA
11375 [Test worker] INFO  x.yang.diagram.YangDiagramGenerator  - CREATED ELEMENT FOR statement:io.typefox.yang.yang.impl.LeafImpl@13b5e2e0 (name: BB) WITH ID testgrouping:foo-node-grouping-ggg-container-test-top-BB
11375 [Test worker] INFO  x.yang.diagram.YangDiagramGenerator  - CREATED ELEMENT FOR statement:io.typefox.yang.yang.impl.TypedefImpl@2400b8d7 (name: MyType2) WITH ID testgrouping:foo-node-grouping-ggg-container-test-top-typedef-MyType2
11375 [Test worker] INFO  x.yang.diagram.YangDiagramGenerator  - CREATED ELEMENT FOR statement:io.typefox.yang.yang.impl.ContainerImpl@6e6b23da (name: test-top) WITH ID testgrouping:foo-node-grouping-ggg-container-test-top
11493 [Test worker] INFO  x.yang.diagram.YangDiagramGenerator  - CREATED ELEMENT FOR statement:io.typefox.yang.yang.impl.GroupingImpl@35fc0cc (name: ggg) WITH ID testgrouping:foo-node-grouping-ggg
11493 [Test worker] INFO  x.yang.diagram.YangDiagramGenerator  - CREATED ELEMENT FOR statement:io.typefox.yang.yang.impl.ModuleImpl@3fc190a5 (name: testgrouping) WITH ID testgrouping:foo
11508 [Test worker] INFO  x.yang.diagram.YangDiagramGenerator  - Generating diagram for input: 't30.yang'
11508 [Test worker] INFO  x.yang.diagram.YangDiagramGenerator  - CREATED ELEMENT FOR statement:io.typefox.yang.yang.impl.LeafImpl@2c1dc815 (name: x) WITH ID t30:t30-node-list-t30-list-x
11508 [Test worker] INFO  x.yang.diagram.YangDiagramGenerator  - CREATED ELEMENT FOR statement:io.typefox.yang.yang.impl.LeafListImpl@4899b702 (name: y) WITH ID t30:t30-node-list-t30-list-y
11508 [Test worker] INFO  x.yang.diagram.YangDiagramGenerator  - CREATED ELEMENT FOR statement:io.typefox.yang.yang.impl.LeafImpl@3ff8829a (name: a) WITH ID t30:t30-node-list-t30-list-container-z-a
11508 [Test worker] INFO  x.yang.diagram.YangDiagramGenerator  - CREATED ELEMENT FOR statement:io.typefox.yang.yang.impl.LeafImpl@19663ac2 (name: b) WITH ID t30:t30-node-list-t30-list-container-z-b
11508 [Test worker] INFO  x.yang.diagram.YangDiagramGenerator  - CREATED ELEMENT FOR statement:io.typefox.yang.yang.impl.ContainerImpl@5b79149b (name: z) WITH ID t30:t30-node-list-t30-list-container-z
11508 [Test worker] INFO  x.yang.diagram.YangDiagramGenerator  - CREATED ELEMENT FOR statement:io.typefox.yang.yang.impl.ListImpl@5edd8951 (name: t30-list) WITH ID t30:t30-node-list-t30-list
11508 [Test worker] INFO  x.yang.diagram.YangDiagramGenerator  - CREATED ELEMENT FOR statement:io.typefox.yang.yang.impl.ModuleImpl@254a3c42 (name: t30) WITH ID t30:t30
11613 [Test worker] INFO  x.yang.diagram.YangDiagramGenerator  - Generating diagram for input: 'augment_bug.yang'
11613 [Test worker] INFO  x.yang.diagram.YangDiagramGenerator  - CREATED ELEMENT FOR statement:io.typefox.yang.yang.impl.LeafImpl@2987b2a8 (name: when_b) WITH ID augment_bug:abug-node-/aintf:augment_interface/aintf:interface-augmentation-when_b
11613 [Test worker] INFO  x.yang.diagram.YangDiagramGenerator  - CREATED ELEMENT FOR statement:io.typefox.yang.yang.impl.LeafImpl@5653e23d (name: when_i) WITH ID augment_bug:abug-node-/aintf:augment_interface/aintf:interface-augmentation-when_i
11613 [Test worker] INFO  x.yang.diagram.YangDiagramGenerator  - CREATED ELEMENT FOR statement:io.typefox.yang.yang.impl.LeafImpl@6cc38da4 (name: eth) WITH ID augment_bug:abug-node-/aintf:augment_interface/aintf:interface-augmentation-container-cont-eth
11613 [Test worker] INFO  x.yang.diagram.YangDiagramGenerator  - CREATED ELEMENT FOR statement:io.typefox.yang.yang.impl.ContainerImpl@7772694e (name: cont) WITH ID augment_bug:abug-node-/aintf:augment_interface/aintf:interface-augmentation-container-cont
11613 [Test worker] INFO  x.yang.diagram.YangDiagramGenerator  - CREATED ELEMENT FOR statement:io.typefox.yang.yang.impl.AugmentImpl@637497fa WITH ID augment_bug:abug-node-/aintf:augment_interface/aintf:interface-augmentation
11613 [Test worker] INFO  x.yang.diagram.YangDiagramGenerator  - CREATED ELEMENT FOR statement:io.typefox.yang.yang.impl.ModuleImpl@2affc3a3 (name: augment_bug) WITH ID augment_bug:abug
11616 [Test worker] INFO  x.yang.diagram.YangDiagramGenerator  - Generating diagram for input: 'test3.yang'
11616 [Test worker] INFO  x.yang.diagram.YangDiagramGenerator  - CREATED ELEMENT FOR statement:io.typefox.yang.yang.impl.LeafImpl@584aeaf1 (name: test-D) WITH ID test3:t3-node-container-test-D1-test-D
11616 [Test worker] INFO  x.yang.diagram.YangDiagramGenerator  - CREATED ELEMENT FOR statement:io.typefox.yang.yang.impl.TypedefImpl@5f96c681 (name: local-D) WITH ID test3:t3-node-container-test-D1-typedef-local-D
11616 [Test worker] INFO  x.yang.diagram.YangDiagramGenerator  - CREATED ELEMENT FOR statement:io.typefox.yang.yang.impl.ContainerImpl@370c4c1c (name: test-D1) WITH ID test3:t3-node-container-test-D1
11616 [Test worker] INFO  x.yang.diagram.YangDiagramGenerator  - CREATED ELEMENT FOR statement:io.typefox.yang.yang.impl.LeafImpl@5c97be18 (name: f1) WITH ID test3:t3-node-container-test33-f-choice-f1-case-f1-case-f1
11617 [Test worker] INFO  x.yang.diagram.YangDiagramGenerator  - CREATED ELEMENT FOR statement:io.typefox.yang.yang.impl.LeafImpl@5385ca19 (name: f2) WITH ID test3:t3-node-container-test33-f-choice-f2-case-f2-case-f2
11617 [Test worker] INFO  x.yang.diagram.YangDiagramGenerator  - CREATED ELEMENT FOR statement:io.typefox.yang.yang.impl.ChoiceImpl@3aceac26 (name: f) WITH ID test3:t3-node-container-test33-f-choice
11617 [Test worker] INFO  x.yang.diagram.YangDiagramGenerator  - CREATED ELEMENT FOR statement:io.typefox.yang.yang.impl.LeafImpl@6f777bcf (name: g1) WITH ID test3:t3-node-container-test33-g-choice-g1-case-g1-case-g1
11617 [Test worker] INFO  x.yang.diagram.YangDiagramGenerator  - CREATED ELEMENT FOR statement:io.typefox.yang.yang.impl.LeafImpl@ef16f47 (name: g2) WITH ID test3:t3-node-container-test33-g-choice-g2-case-g2-case-g2
11617 [Test worker] INFO  x.yang.diagram.YangDiagramGenerator  - CREATED ELEMENT FOR statement:io.typefox.yang.yang.impl.LeafImpl@7359a982 (name: g3a) WITH ID test3:t3-node-container-test33-g-choice-g3-case-g3a
11617 [Test worker] INFO  x.yang.diagram.YangDiagramGenerator  - CREATED ELEMENT FOR statement:io.typefox.yang.yang.impl.LeafImpl@3c398453 (name: g3b) WITH ID test3:t3-node-container-test33-g-choice-g3-case-g3b
11617 [Test worker] INFO  x.yang.diagram.YangDiagramGenerator  - CREATED ELEMENT FOR statement:io.typefox.yang.yang.impl.ChoiceImpl@68442918 (name: g) WITH ID test3:t3-node-container-test33-g-choice
11617 [Test worker] INFO  x.yang.diagram.YangDiagramGenerator  - CREATED ELEMENT FOR statement:io.typefox.yang.yang.impl.ContainerImpl@6dcae800 (name: test33) WITH ID test3:t3-node-container-test33
11617 [Test worker] INFO  x.yang.diagram.YangDiagramGenerator  - CREATED ELEMENT FOR statement:io.typefox.yang.yang.impl.TypedefImpl@53e15982 (name: A) WITH ID test3:t3-node-typedef-A
11617 [Test worker] INFO  x.yang.diagram.YangDiagramGenerator  - CREATED ELEMENT FOR statement:io.typefox.yang.yang.impl.TypedefImpl@230a44b1 (name: B) WITH ID test3:t3-node-typedef-B
11617 [Test worker] INFO  x.yang.diagram.YangDiagramGenerator  - CREATED ELEMENT FOR statement:io.typefox.yang.yang.impl.TypedefImpl@6acfa521 (name: C) WITH ID test3:t3-node-typedef-C
11617 [Test worker] INFO  x.yang.diagram.YangDiagramGenerator  - CREATED ELEMENT FOR statement:io.typefox.yang.yang.impl.ModuleImpl@50ffda90 (name: test3) WITH ID test3:t3
11656 [Test worker] INFO  x.yang.diagram.YangDiagramGenerator  - Generating diagram for input: 'test1a.yang'
11656 [Test worker] INFO  x.yang.diagram.YangDiagramGenerator  - CREATED ELEMENT FOR statement:io.typefox.yang.yang.impl.TypedefImpl@357bbe52 (name: X) WITH ID test1a-node-typedef-X
11656 [Test worker] INFO  x.yang.diagram.YangDiagramGenerator  - CREATED ELEMENT FOR statement:io.typefox.yang.yang.impl.TypedefImpl@2fd922ae (name: XX) WITH ID test1a-node-typedef-XX
11656 [Test worker] INFO  x.yang.diagram.YangDiagramGenerator  - CREATED ELEMENT FOR statement:io.typefox.yang.yang.impl.LeafImpl@e5c4d5 (name: a) WITH ID test1a-node-list-test1-a.sub-a
11656 [Test worker] INFO  x.yang.diagram.YangDiagramGenerator  - CREATED ELEMENT FOR statement:io.typefox.yang.yang.impl.LeafImpl@142628ce (name: b) WITH ID test1a-node-list-test1-a.sub-b
11656 [Test worker] INFO  x.yang.diagram.YangDiagramGenerator  - CREATED ELEMENT FOR statement:io.typefox.yang.yang.impl.LeafImpl@7c478d36 (name: c) WITH ID test1a-node-list-test1-a.sub-c
11656 [Test worker] INFO  x.yang.diagram.YangDiagramGenerator  - CREATED ELEMENT FOR statement:io.typefox.yang.yang.impl.LeafImpl@1a6d0c42 (name: f) WITH ID test1a-node-list-test1-a.sub-d-choice-e-case-f
11656 [Test worker] INFO  x.yang.diagram.YangDiagramGenerator  - CREATED ELEMENT FOR statement:io.typefox.yang.yang.impl.LeafImpl@3400a0b6 (name: g) WITH ID test1a-node-list-test1-a.sub-d-choice-e-case-g
11656 [Test worker] INFO  x.yang.diagram.YangDiagramGenerator  - CREATED ELEMENT FOR statement:io.typefox.yang.yang.impl.LeafImpl@11458ea0 (name: h) WITH ID test1a-node-list-test1-a.sub-d-choice-e-case-h
11656 [Test worker] INFO  x.yang.diagram.YangDiagramGenerator  - CREATED ELEMENT FOR statement:io.typefox.yang.yang.impl.LeafImpl@51ab8f83 (name: i) WITH ID test1a-node-list-test1-a.sub-d-choice-i-case-i-case-i
11656 [Test worker] INFO  x.yang.diagram.YangDiagramGenerator  - CREATED ELEMENT FOR statement:io.typefox.yang.yang.impl.LeafImpl@23d696e8 (name: j) WITH ID test1a-node-list-test1-a.sub-d-choice-j-case-j-case-j
11656 [Test worker] INFO  x.yang.diagram.YangDiagramGenerator  - CREATED ELEMENT FOR statement:io.typefox.yang.yang.impl.ChoiceImpl@12628734 (name: d) WITH ID test1a-node-list-test1-a.sub-d-choice
11656 [Test worker] INFO  x.yang.diagram.YangDiagramGenerator  - CREATED ELEMENT FOR statement:io.typefox.yang.yang.impl.ListImpl@2fef2b56 (name: test1-a.sub) WITH ID test1a-node-list-test1-a.sub
11656 [Test worker] INFO  x.yang.diagram.YangDiagramGenerator  - CREATED ELEMENT FOR statement:io.typefox.yang.yang.impl.SubmoduleImpl@22356ebf (name: test1a) WITH ID test1a
11708 [Test worker] INFO  x.yang.diagram.YangDiagramGenerator  - Generating diagram for input: 'test1.yang'
11709 [Test worker] INFO  x.yang.diagram.YangDiagramGenerator  - CREATED ELEMENT FOR statement:io.typefox.yang.yang.impl.IncludeImpl@15eda151 WITH ID test1a
11709 [Test worker] INFO  x.yang.diagram.YangDiagramGenerator  - CREATED ELEMENT FOR statement:io.typefox.yang.yang.impl.IncludeImpl@1b673553 WITH ID test1b
11709 [Test worker] INFO  x.yang.diagram.YangDiagramGenerator  - CREATED ELEMENT FOR statement:io.typefox.yang.yang.impl.IncludeImpl@4859edd3 WITH ID test1c
11709 [Test worker] INFO  x.yang.diagram.YangDiagramGenerator  - CREATED ELEMENT FOR statement:io.typefox.yang.yang.impl.TypedefImpl@522b80a4 (name: AA) WITH ID test1:t1-node-typedef-AA
11709 [Test worker] INFO  x.yang.diagram.YangDiagramGenerator  - CREATED ELEMENT FOR statement:io.typefox.yang.yang.impl.ModuleImpl@2a344499 (name: test1) WITH ID test1:t1
11715 [Test worker] INFO  x.yang.diagram.YangDiagramGenerator  - Generating diagram for input: 'test3a.yang'
11715 [Test worker] INFO  x.yang.diagram.YangDiagramGenerator  - CREATED ELEMENT FOR statement:io.typefox.yang.yang.impl.IdentityImpl@30ed061c (name: testbase) WITH ID test3:t3-node-identity-testbase
11715 [Test worker] INFO  x.yang.diagram.YangDiagramGenerator  - CREATED ELEMENT FOR statement:io.typefox.yang.yang.impl.LeafImpl@39fbace7 (name: f1) WITH ID test3:t3-node-container-test33-f-choice-f1-case-f1-case-f1
11715 [Test worker] INFO  x.yang.diagram.YangDiagramGenerator  - CREATED ELEMENT FOR statement:io.typefox.yang.yang.impl.LeafImpl@3cbe4bfe (name: f2) WITH ID test3:t3-node-container-test33-f-choice-f2-case-f2-case-f2
11715 [Test worker] INFO  x.yang.diagram.YangDiagramGenerator  - CREATED ELEMENT FOR statement:io.typefox.yang.yang.impl.ChoiceImpl@73130089 (name: f) WITH ID test3:t3-node-container-test33-f-choice
11715 [Test worker] INFO  x.yang.diagram.YangDiagramGenerator  - CREATED ELEMENT FOR statement:io.typefox.yang.yang.impl.LeafImpl@2b162511 (name: g1) WITH ID test3:t3-node-container-test33-g-choice-g1-case-g1-case-g1
11715 [Test worker] INFO  x.yang.diagram.YangDiagramGenerator  - CREATED ELEMENT FOR statement:io.typefox.yang.yang.impl.LeafImpl@4f6e2800 (name: g2) WITH ID test3:t3-node-container-test33-g-choice-g2-case-g2-case-g2
11715 [Test worker] INFO  x.yang.diagram.YangDiagramGenerator  - CREATED ELEMENT FOR statement:io.typefox.yang.yang.impl.LeafImpl@1416ba8 (name: g3a) WITH ID test3:t3-node-container-test33-g-choice-g3-case-g3a
11715 [Test worker] INFO  x.yang.diagram.YangDiagramGenerator  - CREATED ELEMENT FOR statement:io.typefox.yang.yang.impl.LeafImpl@6a3d3441 (name: g3b) WITH ID test3:t3-node-container-test33-g-choice-g3-case-g3b
11715 [Test worker] INFO  x.yang.diagram.YangDiagramGenerator  - CREATED ELEMENT FOR statement:io.typefox.yang.yang.impl.ChoiceImpl@7099aaba (name: g) WITH ID test3:t3-node-container-test33-g-choice
11715 [Test worker] INFO  x.yang.diagram.YangDiagramGenerator  - CREATED ELEMENT FOR statement:io.typefox.yang.yang.impl.ContainerImpl@4e09b281 (name: test33) WITH ID test3:t3-node-container-test33
11715 [Test worker] INFO  x.yang.diagram.YangDiagramGenerator  - CREATED ELEMENT FOR statement:io.typefox.yang.yang.impl.TypedefImpl@441f8cc3 (name: A) WITH ID test3:t3-node-typedef-A
11715 [Test worker] INFO  x.yang.diagram.YangDiagramGenerator  - CREATED ELEMENT FOR statement:io.typefox.yang.yang.impl.TypedefImpl@4703273d (name: B) WITH ID test3:t3-node-typedef-B
11715 [Test worker] INFO  x.yang.diagram.YangDiagramGenerator  - CREATED ELEMENT FOR statement:io.typefox.yang.yang.impl.TypedefImpl@7af2891d (name: C) WITH ID test3:t3-node-typedef-C
11715 [Test worker] INFO  x.yang.diagram.YangDiagramGenerator  - CREATED ELEMENT FOR statement:io.typefox.yang.yang.impl.ModuleImpl@796cb178 (name: test3) WITH ID test3:t3
11779 [Test worker] INFO  x.yang.diagram.YangDiagramGenerator  - Generating diagram for input: 'test1b.yang'
11779 [Test worker] INFO  x.yang.diagram.YangDiagramGenerator  - CREATED ELEMENT FOR statement:io.typefox.yang.yang.impl.LeafImpl@523db618 (name: a) WITH ID test1b-node-list-test1-b.sub-a
11779 [Test worker] INFO  x.yang.diagram.YangDiagramGenerator  - CREATED ELEMENT FOR statement:io.typefox.yang.yang.impl.LeafImpl@6fb5e5a8 (name: b) WITH ID test1b-node-list-test1-b.sub-b
11779 [Test worker] INFO  x.yang.diagram.YangDiagramGenerator  - CREATED ELEMENT FOR statement:io.typefox.yang.yang.impl.LeafImpl@66e53666 (name: c) WITH ID test1b-node-list-test1-b.sub-c
11779 [Test worker] INFO  x.yang.diagram.YangDiagramGenerator  - CREATED ELEMENT FOR statement:io.typefox.yang.yang.impl.LeafImpl@488d4128 (name: f) WITH ID test1b-node-list-test1-b.sub-d-choice-e-case-f
11779 [Test worker] INFO  x.yang.diagram.YangDiagramGenerator  - CREATED ELEMENT FOR statement:io.typefox.yang.yang.impl.LeafImpl@77bfb357 (name: g) WITH ID test1b-node-list-test1-b.sub-d-choice-e-case-g
11779 [Test worker] INFO  x.yang.diagram.YangDiagramGenerator  - CREATED ELEMENT FOR statement:io.typefox.yang.yang.impl.LeafImpl@37e790ad (name: h) WITH ID test1b-node-list-test1-b.sub-d-choice-e-case-h
11779 [Test worker] INFO  x.yang.diagram.YangDiagramGenerator  - CREATED ELEMENT FOR statement:io.typefox.yang.yang.impl.LeafImpl@787ec631 (name: i) WITH ID test1b-node-list-test1-b.sub-d-choice-i-case-i-case-i
11779 [Test worker] INFO  x.yang.diagram.YangDiagramGenerator  - CREATED ELEMENT FOR statement:io.typefox.yang.yang.impl.ChoiceImpl@5ad85c17 (name: d) WITH ID test1b-node-list-test1-b.sub-d-choice
11779 [Test worker] INFO  x.yang.diagram.YangDiagramGenerator  - CREATED ELEMENT FOR statement:io.typefox.yang.yang.impl.ListImpl@50f76910 (name: test1-b.sub) WITH ID test1b-node-list-test1-b.sub
11779 [Test worker] INFO  x.yang.diagram.YangDiagramGenerator  - CREATED ELEMENT FOR statement:io.typefox.yang.yang.impl.SubmoduleImpl@5b9ee95b (name: test1b) WITH ID test1b
11813 [Test worker] INFO  x.yang.diagram.YangDiagramGenerator  - Generating diagram for input: 'testsim.yang'
11813 [Test worker] INFO  x.yang.diagram.YangDiagramGenerator  - CREATED ELEMENT FOR statement:io.typefox.yang.yang.impl.LeafListImpl@17aaf894 (name: aa) WITH ID testsim:sim-node-container-sim1-aa
11813 [Test worker] INFO  x.yang.diagram.YangDiagramGenerator  - CREATED ELEMENT FOR statement:io.typefox.yang.yang.impl.ContainerImpl@225922cc (name: sim1) WITH ID testsim:sim-node-container-sim1
11813 [Test worker] INFO  x.yang.diagram.YangDiagramGenerator  - CREATED ELEMENT FOR statement:io.typefox.yang.yang.impl.LeafImpl@5a2fd9b3 (name: x) WITH ID testsim:sim-node-list-sim2-x
11813 [Test worker] INFO  x.yang.diagram.YangDiagramGenerator  - CREATED ELEMENT FOR statement:io.typefox.yang.yang.impl.LeafImpl@64fbdfd (name: y) WITH ID testsim:sim-node-list-sim2-y
11813 [Test worker] INFO  x.yang.diagram.YangDiagramGenerator  - CREATED ELEMENT FOR statement:io.typefox.yang.yang.impl.LeafImpl@46e18bf8 (name: z) WITH ID testsim:sim-node-list-sim2-z
11813 [Test worker] INFO  x.yang.diagram.YangDiagramGenerator  - CREATED ELEMENT FOR statement:io.typefox.yang.yang.impl.ListImpl@2dc59eaa (name: sim2) WITH ID testsim:sim-node-list-sim2
11813 [Test worker] INFO  x.yang.diagram.YangDiagramGenerator  - CREATED ELEMENT FOR statement:io.typefox.yang.yang.impl.LeafImpl@90328e0 (name: xx) WITH ID testsim:sim-node-container-sim3-list-sim4-xx
11813 [Test worker] INFO  x.yang.diagram.YangDiagramGenerator  - CREATED ELEMENT FOR statement:io.typefox.yang.yang.impl.LeafImpl@72d8cc68 (name: yy) WITH ID testsim:sim-node-container-sim3-list-sim4-yy
11813 [Test worker] INFO  x.yang.diagram.YangDiagramGenerator  - CREATED ELEMENT FOR statement:io.typefox.yang.yang.impl.LeafImpl@38ac2780 (name: zz) WITH ID testsim:sim-node-container-sim3-list-sim4-zz
11813 [Test worker] INFO  x.yang.diagram.YangDiagramGenerator  - CREATED ELEMENT FOR statement:io.typefox.yang.yang.impl.ListImpl@391ddef1 (name: sim4) WITH ID testsim:sim-node-container-sim3-list-sim4
11815 [Test worker] INFO  x.yang.diagram.YangDiagramGenerator  - CREATED ELEMENT FOR statement:io.typefox.yang.yang.impl.ContainerImpl@29c9a51a (name: sim3) WITH ID testsim:sim-node-container-sim3
11815 [Test worker] INFO  x.yang.diagram.YangDiagramGenerator  - CREATED ELEMENT FOR statement:io.typefox.yang.yang.impl.ModuleImpl@1d4697c7 (name: testsim) WITH ID testsim:sim
11855 [Test worker] INFO  x.yang.diagram.YangDiagramGenerator  - Generating diagram for input: 'testrev.yang'
11856 [Test worker] INFO  x.yang.diagram.YangDiagramGenerator  - CREATED ELEMENT FOR statement:io.typefox.yang.yang.impl.UsesImpl@3282d552 WITH ID testrev:trev-node-container-foo-uses TestGroup1-pill
11856 [Test worker] INFO  x.yang.diagram.YangDiagramGenerator  - CREATED ELEMENT FOR statement:io.typefox.yang.yang.impl.ContainerImpl@629dcec9 (name: foo) WITH ID testrev:trev-node-container-foo
11856 [Test worker] INFO  x.yang.diagram.YangDiagramGenerator  - CREATED ELEMENT FOR statement:io.typefox.yang.yang.impl.UsesImpl@5f33df2e WITH ID testrev:trev-node-container-bar-uses TestGroup-pill
11856 [Test worker] INFO  x.yang.diagram.YangDiagramGenerator  - CREATED ELEMENT FOR statement:io.typefox.yang.yang.impl.ContainerImpl@3eb7433c (name: bar) WITH ID testrev:trev-node-container-bar
11856 [Test worker] INFO  x.yang.diagram.YangDiagramGenerator  - CREATED ELEMENT FOR statement:io.typefox.yang.yang.impl.ModuleImpl@1a3b29fd (name: testrev) WITH ID testrev:trev
11865 [Test worker] INFO  x.yang.diagram.YangDiagramGenerator  - Generating diagram for input: 'test6.yang'
11868 [Test worker] INFO  x.yang.diagram.YangDiagramGenerator  - CREATED ELEMENT FOR statement:io.typefox.yang.yang.impl.LeafImpl@16ca3537 (name: g3) WITH ID test6:t6-node-/t5:test5/t5:a-augmentation-g3
11868 [Test worker] INFO  x.yang.diagram.YangDiagramGenerator  - CREATED ELEMENT FOR statement:io.typefox.yang.yang.impl.AugmentImpl@585aee4b WITH ID test6:t6-node-/t5:test5/t5:a-augmentation
11868 [Test worker] INFO  x.yang.diagram.YangDiagramGenerator  - CREATED ELEMENT FOR statement:io.typefox.yang.yang.impl.ModuleImpl@4dccfaf0 (name: test6) WITH ID test6:t6
11871 [Test worker] INFO  x.yang.diagram.YangDiagramGenerator  - Generating diagram for input: 'test9.yang'
11871 [Test worker] INFO  x.yang.diagram.YangDiagramGenerator  - CREATED ELEMENT FOR statement:io.typefox.yang.yang.impl.UsesImpl@19cbd3b1 WITH ID test9:t9-node-container-XX-uses g3-pill
11871 [Test worker] INFO  x.yang.diagram.YangDiagramGenerator  - CREATED ELEMENT FOR statement:io.typefox.yang.yang.impl.ContainerImpl@745fc167 (name: XX) WITH ID test9:t9-node-container-XX
11871 [Test worker] INFO  x.yang.diagram.YangDiagramGenerator  - CREATED ELEMENT FOR statement:io.typefox.yang.yang.impl.UsesImpl@18f366d0 WITH ID test9:t9-node-grouping-g3-uses g2-pill
11871 [Test worker] INFO  x.yang.diagram.YangDiagramGenerator  - CREATED ELEMENT FOR statement:io.typefox.yang.yang.impl.GroupingImpl@3adb9638 (name: g3) WITH ID test9:t9-node-grouping-g3
11871 [Test worker] INFO  x.yang.diagram.YangDiagramGenerator  - CREATED ELEMENT FOR statement:io.typefox.yang.yang.impl.UsesImpl@7d4a9c89 WITH ID test9:t9-node-grouping-g2-uses g1-pill
11871 [Test worker] INFO  x.yang.diagram.YangDiagramGenerator  - CREATED ELEMENT FOR statement:io.typefox.yang.yang.impl.GroupingImpl@77942ebe (name: g2) WITH ID test9:t9-node-grouping-g2
11871 [Test worker] INFO  x.yang.diagram.YangDiagramGenerator  - CREATED ELEMENT FOR statement:io.typefox.yang.yang.impl.LeafImpl@7452037a (name: a) WITH ID test9:t9-node-grouping-g1-a
11871 [Test worker] INFO  x.yang.diagram.YangDiagramGenerator  - CREATED ELEMENT FOR statement:io.typefox.yang.yang.impl.GroupingImpl@12de319e (name: g1) WITH ID test9:t9-node-grouping-g1
11871 [Test worker] INFO  x.yang.diagram.YangDiagramGenerator  - CREATED ELEMENT FOR statement:io.typefox.yang.yang.impl.UsesImpl@3bd95998 WITH ID test9:t9-node-list-L-uses g3-pill
11871 [Test worker] INFO  x.yang.diagram.YangDiagramGenerator  - CREATED ELEMENT FOR statement:io.typefox.yang.yang.impl.ListImpl@6dee6183 (name: L) WITH ID test9:t9-node-list-L
11871 [Test worker] INFO  x.yang.diagram.YangDiagramGenerator  - CREATED ELEMENT FOR statement:io.typefox.yang.yang.impl.LeafImpl@943e697 (name: bb) WITH ID test9:t9-node-container-C-grouping-gg-bb
11871 [Test worker] INFO  x.yang.diagram.YangDiagramGenerator  - CREATED ELEMENT FOR statement:io.typefox.yang.yang.impl.GroupingImpl@6a7274e0 (name: gg) WITH ID test9:t9-node-container-C-grouping-gg
11871 [Test worker] INFO  x.yang.diagram.YangDiagramGenerator  - CREATED ELEMENT FOR statement:io.typefox.yang.yang.impl.UsesImpl@1b96f5af WITH ID test9:t9-node-container-C-grouping-gg3-uses gg2-pill
11871 [Test worker] INFO  x.yang.diagram.YangDiagramGenerator  - CREATED ELEMENT FOR statement:io.typefox.yang.yang.impl.UsesImpl@5ea7d27 WITH ID test9:t9-node-container-C-grouping-gg3-uses gg-pill
11871 [Test worker] INFO  x.yang.diagram.YangDiagramGenerator  - CREATED ELEMENT FOR statement:io.typefox.yang.yang.impl.GroupingImpl@138b5453 (name: gg3) WITH ID test9:t9-node-container-C-grouping-gg3
11871 [Test worker] INFO  x.yang.diagram.YangDiagramGenerator  - CREATED ELEMENT FOR statement:io.typefox.yang.yang.impl.LeafImpl@6aa7f7b6 (name: a) WITH ID test9:t9-node-container-C-grouping-gg2-a
11871 [Test worker] INFO  x.yang.diagram.YangDiagramGenerator  - CREATED ELEMENT FOR statement:io.typefox.yang.yang.impl.UsesImpl@46b05cc0 WITH ID test9:t9-node-container-C-grouping-gg2-uses gg1-pill
11871 [Test worker] INFO  x.yang.diagram.YangDiagramGenerator  - CREATED ELEMENT FOR statement:io.typefox.yang.yang.impl.GroupingImpl@10e50274 (name: gg2) WITH ID test9:t9-node-container-C-grouping-gg2
11871 [Test worker] INFO  x.yang.diagram.YangDiagramGenerator  - CREATED ELEMENT FOR statement:io.typefox.yang.yang.impl.LeafImpl@5985f5f7 (name: cc) WITH ID test9:t9-node-container-C-grouping-gg1-cc
11871 [Test worker] INFO  x.yang.diagram.YangDiagramGenerator  - CREATED ELEMENT FOR statement:io.typefox.yang.yang.impl.GroupingImpl@c4ab336 (name: gg1) WITH ID test9:t9-node-container-C-grouping-gg1
11871 [Test worker] INFO  x.yang.diagram.YangDiagramGenerator  - CREATED ELEMENT FOR statement:io.typefox.yang.yang.impl.UsesImpl@4858b823 WITH ID test9:t9-node-container-C-list-L-uses gg3-pill
11871 [Test worker] INFO  x.yang.diagram.YangDiagramGenerator  - CREATED ELEMENT FOR statement:io.typefox.yang.yang.impl.ListImpl@7016e5fe (name: L) WITH ID test9:t9-node-container-C-list-L
11871 [Test worker] INFO  x.yang.diagram.YangDiagramGenerator  - CREATED ELEMENT FOR statement:io.typefox.yang.yang.impl.ContainerImpl@6ca9c46 (name: C) WITH ID test9:t9-node-container-C
11871 [Test worker] INFO  x.yang.diagram.YangDiagramGenerator  - CREATED ELEMENT FOR statement:io.typefox.yang.yang.impl.ModuleImpl@5f404caa (name: test9) WITH ID test9:t9
11927 [Test worker] INFO  x.yang.diagram.YangDiagramGenerator  - Generating diagram for input: 'testrev2.yang'
11927 [Test worker] INFO  x.yang.diagram.YangDiagramGenerator  - CREATED ELEMENT FOR statement:io.typefox.yang.yang.impl.UsesImpl@2476fa3f WITH ID testrev2:trev2-node-container-foo-uses TestGroup1-pill
11927 [Test worker] INFO  x.yang.diagram.YangDiagramGenerator  - CREATED ELEMENT FOR statement:io.typefox.yang.yang.impl.ContainerImpl@6203785c (name: foo) WITH ID testrev2:trev2-node-container-foo
11927 [Test worker] INFO  x.yang.diagram.YangDiagramGenerator  - CREATED ELEMENT FOR statement:io.typefox.yang.yang.impl.UsesImpl@47062a47 WITH ID testrev2:trev2-node-container-bar-uses TestGroup-pill
11927 [Test worker] INFO  x.yang.diagram.YangDiagramGenerator  - CREATED ELEMENT FOR statement:io.typefox.yang.yang.impl.ContainerImpl@3168720a (name: bar) WITH ID testrev2:trev2-node-container-bar
11927 [Test worker] INFO  x.yang.diagram.YangDiagramGenerator  - CREATED ELEMENT FOR statement:io.typefox.yang.yang.impl.ModuleImpl@225cd11a (name: testrev2) WITH ID testrev2:trev2
11953 [Test worker] INFO  x.yang.diagram.YangDiagramGenerator  - Generating diagram for input: 'test8a.yang'
11953 [Test worker] INFO  x.yang.diagram.YangDiagramGenerator  - CREATED ELEMENT FOR statement:io.typefox.yang.yang.impl.LeafImpl@4129adbd (name: top1) WITH ID test8a-node-container-top-top1
11953 [Test worker] INFO  x.yang.diagram.YangDiagramGenerator  - CREATED ELEMENT FOR statement:io.typefox.yang.yang.impl.ContainerImpl@7d815623 (name: top) WITH ID test8a-node-container-top
11954 [Test worker] INFO  x.yang.diagram.YangDiagramGenerator  - CREATED ELEMENT FOR statement:io.typefox.yang.yang.impl.SubmoduleImpl@6d08636e (name: test8a) WITH ID test8a
11955 [Test worker] INFO  x.yang.diagram.YangDiagramGenerator  - Generating diagram for input: 'trev.yang'
11955 [Test worker] INFO  x.yang.diagram.YangDiagramGenerator  - CREATED ELEMENT FOR statement:io.typefox.yang.yang.impl.ModuleImpl@59b9174c (name: trev) WITH ID trev:trev
11962 [Test worker] INFO  x.yang.diagram.YangDiagramGenerator  - Generating diagram for input: 'testconfig.yang'
11962 [Test worker] INFO  x.yang.diagram.YangDiagramGenerator  - CREATED ELEMENT FOR statement:io.typefox.yang.yang.impl.LeafImpl@4c563469 (name: a) WITH ID testconfig:tcfg-node-grouping-A-a
11962 [Test worker] INFO  x.yang.diagram.YangDiagramGenerator  - CREATED ELEMENT FOR statement:io.typefox.yang.yang.impl.GroupingImpl@6efd6a98 (name: A) WITH ID testconfig:tcfg-node-grouping-A
11962 [Test worker] INFO  x.yang.diagram.YangDiagramGenerator  - CREATED ELEMENT FOR statement:io.typefox.yang.yang.impl.UsesImpl@6699c5e WITH ID testconfig:tcfg-node-container-foo-uses A-pill
11962 [Test worker] INFO  x.yang.diagram.YangDiagramGenerator  - CREATED ELEMENT FOR statement:io.typefox.yang.yang.impl.ContainerImpl@1996fad1 (name: foo) WITH ID testconfig:tcfg-node-container-foo
11962 [Test worker] INFO  x.yang.diagram.YangDiagramGenerator  - CREATED ELEMENT FOR statement:io.typefox.yang.yang.impl.LeafImpl@649e60f6 (name: b) WITH ID testconfig:tcfg-node-/foo-augmentation-b
11962 [Test worker] INFO  x.yang.diagram.YangDiagramGenerator  - CREATED ELEMENT FOR statement:io.typefox.yang.yang.impl.AugmentImpl@61326f57 WITH ID testconfig:tcfg-node-/foo-augmentation
11962 [Test worker] INFO  x.yang.diagram.YangDiagramGenerator  - CREATED ELEMENT FOR statement:io.typefox.yang.yang.impl.ModuleImpl@2b738443 (name: testconfig) WITH ID testconfig:tcfg
11966 [Test worker] INFO  x.yang.diagram.YangDiagramGenerator  - Generating diagram for input: 'test5.yang'
11967 [Test worker] INFO  x.yang.diagram.YangDiagramGenerator  - CREATED ELEMENT FOR statement:io.typefox.yang.yang.impl.LeafImpl@51da38e (name: g1) WITH ID test5:t5-node-container-test5-list-a-g1
11967 [Test worker] INFO  x.yang.diagram.YangDiagramGenerator  - CREATED ELEMENT FOR statement:io.typefox.yang.yang.impl.LeafImpl@1213fa0b (name: g2) WITH ID test5:t5-node-container-test5-list-a-g2
11967 [Test worker] INFO  x.yang.diagram.YangDiagramGenerator  - CREATED ELEMENT FOR statement:io.typefox.yang.yang.impl.ListImpl@60a967c9 (name: a) WITH ID test5:t5-node-container-test5-list-a
11967 [Test worker] INFO  x.yang.diagram.YangDiagramGenerator  - CREATED ELEMENT FOR statement:io.typefox.yang.yang.impl.ContainerImpl@57cfb603 (name: test5) WITH ID test5:t5-node-container-test5
11967 [Test worker] INFO  x.yang.diagram.YangDiagramGenerator  - CREATED ELEMENT FOR statement:io.typefox.yang.yang.impl.ModuleImpl@3fa67ea7 (name: test5) WITH ID test5:t5
11974 [Test worker] INFO  x.yang.diagram.YangDiagramGenerator  - Generating diagram for input: 'siltest4.yang'
11974 [Test worker] INFO  x.yang.diagram.YangDiagramGenerator  - CREATED ELEMENT FOR statement:io.typefox.yang.yang.impl.LeafImpl@13be138b (name: x) WITH ID siltest4:siltest4-node-list-c4-x
11974 [Test worker] INFO  x.yang.diagram.YangDiagramGenerator  - CREATED ELEMENT FOR statement:io.typefox.yang.yang.impl.LeafImpl@20fb69e5 (name: y) WITH ID siltest4:siltest4-node-list-c4-y
11974 [Test worker] INFO  x.yang.diagram.YangDiagramGenerator  - CREATED ELEMENT FOR statement:io.typefox.yang.yang.impl.LeafImpl@25bab72b (name: z) WITH ID siltest4:siltest4-node-list-c4-z
11974 [Test worker] INFO  x.yang.diagram.YangDiagramGenerator  - CREATED ELEMENT FOR statement:io.typefox.yang.yang.impl.LeafImpl@22c6bc98 (name: cuu) WITH ID siltest4:siltest4-node-list-c4-cuu
11974 [Test worker] INFO  x.yang.diagram.YangDiagramGenerator  - CREATED ELEMENT FOR statement:io.typefox.yang.yang.impl.LeafImpl@4187c100 (name: xx1) WITH ID siltest4:siltest4-node-list-c4-list-cc-xx1
11974 [Test worker] INFO  x.yang.diagram.YangDiagramGenerator  - CREATED ELEMENT FOR statement:io.typefox.yang.yang.impl.LeafImpl@3a482c94 (name: xx2) WITH ID siltest4:siltest4-node-list-c4-list-cc-xx2
11974 [Test worker] INFO  x.yang.diagram.YangDiagramGenerator  - CREATED ELEMENT FOR statement:io.typefox.yang.yang.impl.LeafImpl@4a3bd719 (name: yy) WITH ID siltest4:siltest4-node-list-c4-list-cc-yy
11974 [Test worker] INFO  x.yang.diagram.YangDiagramGenerator  - CREATED ELEMENT FOR statement:io.typefox.yang.yang.impl.LeafImpl@5d8e90ba (name: zz) WITH ID siltest4:siltest4-node-list-c4-list-cc-zz
11974 [Test worker] INFO  x.yang.diagram.YangDiagramGenerator  - CREATED ELEMENT FOR statement:io.typefox.yang.yang.impl.LeafImpl@22fed5ca (name: xxx) WITH ID siltest4:siltest4-node-list-c4-list-cc-list-ccc-xxx
11974 [Test worker] INFO  x.yang.diagram.YangDiagramGenerator  - CREATED ELEMENT FOR statement:io.typefox.yang.yang.impl.LeafImpl@5929618d (name: yyy) WITH ID siltest4:siltest4-node-list-c4-list-cc-list-ccc-yyy
11974 [Test worker] INFO  x.yang.diagram.YangDiagramGenerator  - CREATED ELEMENT FOR statement:io.typefox.yang.yang.impl.LeafImpl@4dbef6ae (name: zzz) WITH ID siltest4:siltest4-node-list-c4-list-cc-list-ccc-zzz
11974 [Test worker] INFO  x.yang.diagram.YangDiagramGenerator  - CREATED ELEMENT FOR statement:io.typefox.yang.yang.impl.LeafImpl@649cb4e3 (name: x) WITH ID siltest4:siltest4-node-list-c4-list-cc-list-ccc-container-con-xxx-x
11974 [Test worker] INFO  x.yang.diagram.YangDiagramGenerator  - CREATED ELEMENT FOR statement:io.typefox.yang.yang.impl.ContainerImpl@30986d3f (name: con-xxx) WITH ID siltest4:siltest4-node-list-c4-list-cc-list-ccc-container-con-xxx
11974 [Test worker] INFO  x.yang.diagram.YangDiagramGenerator  - CREATED ELEMENT FOR statement:io.typefox.yang.yang.impl.ListImpl@22af47a8 (name: ccc) WITH ID siltest4:siltest4-node-list-c4-list-cc-list-ccc
11975 [Test worker] INFO  x.yang.diagram.YangDiagramGenerator  - CREATED ELEMENT FOR statement:io.typefox.yang.yang.impl.LeafImpl@181eced5 (name: xxx2) WITH ID siltest4:siltest4-node-list-c4-list-cc-container-dddd-xxx2
11975 [Test worker] INFO  x.yang.diagram.YangDiagramGenerator  - CREATED ELEMENT FOR statement:io.typefox.yang.yang.impl.LeafImpl@19a44a99 (name: yyy2) WITH ID siltest4:siltest4-node-list-c4-list-cc-container-dddd-yyy2
11975 [Test worker] INFO  x.yang.diagram.YangDiagramGenerator  - CREATED ELEMENT FOR statement:io.typefox.yang.yang.impl.LeafImpl@6aa62d07 (name: zzz2) WITH ID siltest4:siltest4-node-list-c4-list-cc-container-dddd-zzz2
11975 [Test worker] INFO  x.yang.diagram.YangDiagramGenerator  - CREATED ELEMENT FOR statement:io.typefox.yang.yang.impl.ContainerImpl@326ca5fc (name: dddd) WITH ID siltest4:siltest4-node-list-c4-list-cc-container-dddd
11975 [Test worker] INFO  x.yang.diagram.YangDiagramGenerator  - CREATED ELEMENT FOR statement:io.typefox.yang.yang.impl.ListImpl@5c6abd02 (name: cc) WITH ID siltest4:siltest4-node-list-c4-list-cc
11975 [Test worker] INFO  x.yang.diagram.YangDiagramGenerator  - CREATED ELEMENT FOR statement:io.typefox.yang.yang.impl.ListImpl@67a1d494 (name: c4) WITH ID siltest4:siltest4-node-list-c4
11975 [Test worker] INFO  x.yang.diagram.YangDiagramGenerator  - CREATED ELEMENT FOR statement:io.typefox.yang.yang.impl.ModuleImpl@3cb41372 (name: siltest4) WITH ID siltest4:siltest4
11977 [Test worker] INFO  x.yang.diagram.YangDiagramGenerator  - Generating diagram for input: 'siltest1.yang'
11977 [Test worker] INFO  x.yang.diagram.YangDiagramGenerator  - CREATED ELEMENT FOR statement:io.typefox.yang.yang.impl.LeafImpl@5c43adda (name: rcon1) WITH ID siltest1:siltest1-node-container-sil-rcon-rcon1
11977 [Test worker] INFO  x.yang.diagram.YangDiagramGenerator  - CREATED ELEMENT FOR statement:io.typefox.yang.yang.impl.LeafImpl@70064356 (name: rcon2) WITH ID siltest1:siltest1-node-container-sil-rcon-rcon2
11977 [Test worker] INFO  x.yang.diagram.YangDiagramGenerator  - CREATED ELEMENT FOR statement:io.typefox.yang.yang.impl.ContainerImpl@206b8dce (name: sil-rcon) WITH ID siltest1:siltest1-node-container-sil-rcon
11977 [Test worker] INFO  x.yang.diagram.YangDiagramGenerator  - CREATED ELEMENT FOR statement:io.typefox.yang.yang.impl.LeafImpl@29beff7e (name: sil-list-key) WITH ID siltest1:siltest1-node-list-sil-list-sil-list-key
11977 [Test worker] INFO  x.yang.diagram.YangDiagramGenerator  - CREATED ELEMENT FOR statement:io.typefox.yang.yang.impl.LeafImpl@68d2aaee (name: sil-list-leaf) WITH ID siltest1:siltest1-node-list-sil-list-sil-list-leaf
11977 [Test worker] INFO  x.yang.diagram.YangDiagramGenerator  - CREATED ELEMENT FOR statement:io.typefox.yang.yang.impl.LeafImpl@2a0c4851 (name: sil-list-rleaf) WITH ID siltest1:siltest1-node-list-sil-list-sil-list-rleaf
11977 [Test worker] INFO  x.yang.diagram.YangDiagramGenerator  - CREATED ELEMENT FOR statement:io.typefox.yang.yang.impl.LeafImpl@56f5a523 (name: sil-list-rleaf2) WITH ID siltest1:siltest1-node-list-sil-list-sil-list-rleaf2
11977 [Test worker] INFO  x.yang.diagram.YangDiagramGenerator  - CREATED ELEMENT FOR statement:io.typefox.yang.yang.impl.ListImpl@86ee58c (name: sil-list) WITH ID siltest1:siltest1-node-list-sil-list
11977 [Test worker] INFO  x.yang.diagram.YangDiagramGenerator  - CREATED ELEMENT FOR statement:io.typefox.yang.yang.impl.LeafImpl@7516abb5 (name: val1) WITH ID siltest1:siltest1-node-container-sil-A-container-sil-B-container-sil-C-val1
11977 [Test worker] INFO  x.yang.diagram.YangDiagramGenerator  - CREATED ELEMENT FOR statement:io.typefox.yang.yang.impl.LeafImpl@3d902b86 (name: val2) WITH ID siltest1:siltest1-node-container-sil-A-container-sil-B-container-sil-C-val2
11977 [Test worker] INFO  x.yang.diagram.YangDiagramGenerator  - CREATED ELEMENT FOR statement:io.typefox.yang.yang.impl.ContainerImpl@46b75daa (name: sil-C) WITH ID siltest1:siltest1-node-container-sil-A-container-sil-B-container-sil-C
11977 [Test worker] INFO  x.yang.diagram.YangDiagramGenerator  - CREATED ELEMENT FOR statement:io.typefox.yang.yang.impl.ContainerImpl@390a9275 (name: sil-B) WITH ID siltest1:siltest1-node-container-sil-A-container-sil-B
11977 [Test worker] INFO  x.yang.diagram.YangDiagramGenerator  - CREATED ELEMENT FOR statement:io.typefox.yang.yang.impl.ContainerImpl@7981cde2 (name: sil-A) WITH ID siltest1:siltest1-node-container-sil-A
11977 [Test worker] INFO  x.yang.diagram.YangDiagramGenerator  - CREATED ELEMENT FOR statement:io.typefox.yang.yang.impl.ModuleImpl@4571154f (name: siltest1) WITH ID siltest1:siltest1
11981 [Test worker] INFO  x.yang.diagram.YangDiagramGenerator  - Generating diagram for input: 't8.yang'
11981 [Test worker] INFO  x.yang.diagram.YangDiagramGenerator  - CREATED ELEMENT FOR statement:io.typefox.yang.yang.impl.LeafImpl@574be473 (name: x) WITH ID t8:t8-node-/t9:t9-one-augmentation-list-mylist-x
11981 [Test worker] INFO  x.yang.diagram.YangDiagramGenerator  - CREATED ELEMENT FOR statement:io.typefox.yang.yang.impl.LeafImpl@163894da (name: y) WITH ID t8:t8-node-/t9:t9-one-augmentation-list-mylist-y
11981 [Test worker] INFO  x.yang.diagram.YangDiagramGenerator  - CREATED ELEMENT FOR statement:io.typefox.yang.yang.impl.ListImpl@26d1865d (name: mylist) WITH ID t8:t8-node-/t9:t9-one-augmentation-list-mylist
11981 [Test worker] INFO  x.yang.diagram.YangDiagramGenerator  - CREATED ELEMENT FOR statement:io.typefox.yang.yang.impl.AugmentImpl@282d25a8 WITH ID t8:t8-node-/t9:t9-one-augmentation
11981 [Test worker] INFO  x.yang.diagram.YangDiagramGenerator  - CREATED ELEMENT FOR statement:io.typefox.yang.yang.impl.ModuleImpl@20cd34a2 (name: t8) WITH ID t8:t8
12004 [Test worker] INFO  x.yang.diagram.YangDiagramGenerator  - Generating diagram for input: 'augment_interface.yang'
12004 [Test worker] INFO  x.yang.diagram.YangDiagramGenerator  - CREATED ELEMENT FOR statement:io.typefox.yang.yang.impl.LeafImpl@2d8550d7 (name: name) WITH ID augment_interface:aintf-node-container-augment_interface-list-interface-name
12004 [Test worker] INFO  x.yang.diagram.YangDiagramGenerator  - CREATED ELEMENT FOR statement:io.typefox.yang.yang.impl.ListImpl@369c8ee8 (name: interface) WITH ID augment_interface:aintf-node-container-augment_interface-list-interface
12004 [Test worker] INFO  x.yang.diagram.YangDiagramGenerator  - CREATED ELEMENT FOR statement:io.typefox.yang.yang.impl.ContainerImpl@67f82a3e (name: augment_interface) WITH ID augment_interface:aintf-node-container-augment_interface
12004 [Test worker] INFO  x.yang.diagram.YangDiagramGenerator  - CREATED ELEMENT FOR statement:io.typefox.yang.yang.impl.ModuleImpl@75832f14 (name: augment_interface) WITH ID augment_interface:aintf
12024 [Test worker] INFO  x.yang.diagram.YangDiagramGenerator  - Generating diagram for input: 'testmust.yang'
12025 [Test worker] INFO  x.yang.diagram.YangDiagramGenerator  - CREATED ELEMENT FOR statement:io.typefox.yang.yang.impl.LeafListImpl@44bb1e2c (name: para) WITH ID testmust:tm-node-container-test1-para
12025 [Test worker] INFO  x.yang.diagram.YangDiagramGenerator  - CREATED ELEMENT FOR statement:io.typefox.yang.yang.impl.LeafImpl@3c6361 (name: id) WITH ID testmust:tm-node-container-test1-container-doc-list-chapter-id
12025 [Test worker] INFO  x.yang.diagram.YangDiagramGenerator  - CREATED ELEMENT FOR statement:io.typefox.yang.yang.impl.LeafImpl@51427cff (name: title) WITH ID testmust:tm-node-container-test1-container-doc-list-chapter-title
12025 [Test worker] INFO  x.yang.diagram.YangDiagramGenerator  - CREATED ELEMENT FOR statement:io.typefox.yang.yang.impl.LeafImpl@2d0b45d (name: id) WITH ID testmust:tm-node-container-test1-container-doc-list-chapter-list-section-id
12025 [Test worker] INFO  x.yang.diagram.YangDiagramGenerator  - CREATED ELEMENT FOR statement:io.typefox.yang.yang.impl.LeafImpl@1e068055 (name: para) WITH ID testmust:tm-node-container-test1-container-doc-list-chapter-list-section-para
12025 [Test worker] INFO  x.yang.diagram.YangDiagramGenerator  - CREATED ELEMENT FOR statement:io.typefox.yang.yang.impl.ListImpl@7d42df9f (name: section) WITH ID testmust:tm-node-container-test1-container-doc-list-chapter-list-section
12025 [Test worker] INFO  x.yang.diagram.YangDiagramGenerator  - CREATED ELEMENT FOR statement:io.typefox.yang.yang.impl.ListImpl@3fa5e14c (name: chapter) WITH ID testmust:tm-node-container-test1-container-doc-list-chapter
12025 [Test worker] INFO  x.yang.diagram.YangDiagramGenerator  - CREATED ELEMENT FOR statement:io.typefox.yang.yang.impl.ContainerImpl@3850d8b9 (name: doc) WITH ID testmust:tm-node-container-test1-container-doc
12025 [Test worker] INFO  x.yang.diagram.YangDiagramGenerator  - CREATED ELEMENT FOR statement:io.typefox.yang.yang.impl.LeafImpl@12fef3ce (name: id) WITH ID testmust:tm-node-container-test1-list-chapter-id
12025 [Test worker] INFO  x.yang.diagram.YangDiagramGenerator  - CREATED ELEMENT FOR statement:io.typefox.yang.yang.impl.LeafImpl@79ab7829 (name: title) WITH ID testmust:tm-node-container-test1-list-chapter-title
12025 [Test worker] INFO  x.yang.diagram.YangDiagramGenerator  - CREATED ELEMENT FOR statement:io.typefox.yang.yang.impl.LeafImpl@699459d1 (name: id) WITH ID testmust:tm-node-container-test1-list-chapter-list-section-id
12025 [Test worker] INFO  x.yang.diagram.YangDiagramGenerator  - CREATED ELEMENT FOR statement:io.typefox.yang.yang.impl.LeafImpl@57bfc14a (name: para) WITH ID testmust:tm-node-container-test1-list-chapter-list-section-para
12025 [Test worker] INFO  x.yang.diagram.YangDiagramGenerator  - CREATED ELEMENT FOR statement:io.typefox.yang.yang.impl.ListImpl@32ba28f0 (name: section) WITH ID testmust:tm-node-container-test1-list-chapter-list-section
12025 [Test worker] INFO  x.yang.diagram.YangDiagramGenerator  - CREATED ELEMENT FOR statement:io.typefox.yang.yang.impl.ListImpl@10f274be (name: chapter) WITH ID testmust:tm-node-container-test1-list-chapter
12025 [Test worker] INFO  x.yang.diagram.YangDiagramGenerator  - CREATED ELEMENT FOR statement:io.typefox.yang.yang.impl.ContainerImpl@5be3fda0 (name: test1) WITH ID testmust:tm-node-container-test1
12025 [Test worker] INFO  x.yang.diagram.YangDiagramGenerator  - CREATED ELEMENT FOR statement:io.typefox.yang.yang.impl.LeafListImpl@72ffd207 (name: para) WITH ID testmust:tm-node-container-test2-para
12025 [Test worker] INFO  x.yang.diagram.YangDiagramGenerator  - CREATED ELEMENT FOR statement:io.typefox.yang.yang.impl.LeafImpl@11e19900 (name: id) WITH ID testmust:tm-node-container-test2-container-doc-list-chapter-id
12025 [Test worker] INFO  x.yang.diagram.YangDiagramGenerator  - CREATED ELEMENT FOR statement:io.typefox.yang.yang.impl.LeafImpl@12354806 (name: title) WITH ID testmust:tm-node-container-test2-container-doc-list-chapter-title
12025 [Test worker] INFO  x.yang.diagram.YangDiagramGenerator  - CREATED ELEMENT FOR statement:io.typefox.yang.yang.impl.LeafImpl@567fa91d (name: id) WITH ID testmust:tm-node-container-test2-container-doc-list-chapter-list-section-id
12025 [Test worker] INFO  x.yang.diagram.YangDiagramGenerator  - CREATED ELEMENT FOR statement:io.typefox.yang.yang.impl.LeafImpl@5a1c363f (name: para) WITH ID testmust:tm-node-container-test2-container-doc-list-chapter-list-section-para
12025 [Test worker] INFO  x.yang.diagram.YangDiagramGenerator  - CREATED ELEMENT FOR statement:io.typefox.yang.yang.impl.ListImpl@47289de5 (name: section) WITH ID testmust:tm-node-container-test2-container-doc-list-chapter-list-section
12025 [Test worker] INFO  x.yang.diagram.YangDiagramGenerator  - CREATED ELEMENT FOR statement:io.typefox.yang.yang.impl.ListImpl@7f65887e (name: chapter) WITH ID testmust:tm-node-container-test2-container-doc-list-chapter
12025 [Test worker] INFO  x.yang.diagram.YangDiagramGenerator  - CREATED ELEMENT FOR statement:io.typefox.yang.yang.impl.ContainerImpl@5479e1ce (name: doc) WITH ID testmust:tm-node-container-test2-container-doc
12025 [Test worker] INFO  x.yang.diagram.YangDiagramGenerator  - CREATED ELEMENT FOR statement:io.typefox.yang.yang.impl.LeafImpl@6fef98b0 (name: id) WITH ID testmust:tm-node-container-test2-list-chapter-id
12025 [Test worker] INFO  x.yang.diagram.YangDiagramGenerator  - CREATED ELEMENT FOR statement:io.typefox.yang.yang.impl.LeafImpl@6cabf71d (name: title) WITH ID testmust:tm-node-container-test2-list-chapter-title
12025 [Test worker] INFO  x.yang.diagram.YangDiagramGenerator  - CREATED ELEMENT FOR statement:io.typefox.yang.yang.impl.LeafImpl@3f5ea48e (name: id) WITH ID testmust:tm-node-container-test2-list-chapter-list-section-id
12025 [Test worker] INFO  x.yang.diagram.YangDiagramGenerator  - CREATED ELEMENT FOR statement:io.typefox.yang.yang.impl.LeafImpl@2432553a (name: para) WITH ID testmust:tm-node-container-test2-list-chapter-list-section-para
12025 [Test worker] INFO  x.yang.diagram.YangDiagramGenerator  - CREATED ELEMENT FOR statement:io.typefox.yang.yang.impl.ListImpl@378b7314 (name: section) WITH ID testmust:tm-node-container-test2-list-chapter-list-section
12025 [Test worker] INFO  x.yang.diagram.YangDiagramGenerator  - CREATED ELEMENT FOR statement:io.typefox.yang.yang.impl.ListImpl@4ab79e7 (name: chapter) WITH ID testmust:tm-node-container-test2-list-chapter
12025 [Test worker] INFO  x.yang.diagram.YangDiagramGenerator  - CREATED ELEMENT FOR statement:io.typefox.yang.yang.impl.ContainerImpl@4e9bd728 (name: test2) WITH ID testmust:tm-node-container-test2
12025 [Test worker] INFO  x.yang.diagram.YangDiagramGenerator  - CREATED ELEMENT FOR statement:io.typefox.yang.yang.impl.LeafImpl@7836c044 (name: AA) WITH ID testmust:tm-node-container-test4-container-C-container-D-AA
12025 [Test worker] INFO  x.yang.diagram.YangDiagramGenerator  - CREATED ELEMENT FOR statement:io.typefox.yang.yang.impl.ContainerImpl@14490f85 (name: D) WITH ID testmust:tm-node-container-test4-container-C-container-D
12025 [Test worker] INFO  x.yang.diagram.YangDiagramGenerator  - CREATED ELEMENT FOR statement:io.typefox.yang.yang.impl.ContainerImpl@4b7228aa (name: C) WITH ID testmust:tm-node-container-test4-container-C
12025 [Test worker] INFO  x.yang.diagram.YangDiagramGenerator  - CREATED ELEMENT FOR statement:io.typefox.yang.yang.impl.ContainerImpl@5bc0947b (name: test4) WITH ID testmust:tm-node-container-test4
12026 [Test worker] INFO  x.yang.diagram.YangDiagramGenerator  - CREATED ELEMENT FOR statement:io.typefox.yang.yang.impl.LeafImpl@153a5ba7 (name: id) WITH ID testmust:tm-node-container-doc-list-chapter-id
12026 [Test worker] INFO  x.yang.diagram.YangDiagramGenerator  - CREATED ELEMENT FOR statement:io.typefox.yang.yang.impl.LeafImpl@49534ba2 (name: id) WITH ID testmust:tm-node-container-doc-list-chapter-list-section-id
12026 [Test worker] INFO  x.yang.diagram.YangDiagramGenerator  - CREATED ELEMENT FOR statement:io.typefox.yang.yang.impl.LeafImpl@13be0d5a (name: para) WITH ID testmust:tm-node-container-doc-list-chapter-list-section-para
12026 [Test worker] INFO  x.yang.diagram.YangDiagramGenerator  - CREATED ELEMENT FOR statement:io.typefox.yang.yang.impl.ListImpl@4c02301a (name: section) WITH ID testmust:tm-node-container-doc-list-chapter-list-section
12026 [Test worker] INFO  x.yang.diagram.YangDiagramGenerator  - CREATED ELEMENT FOR statement:io.typefox.yang.yang.impl.ListImpl@b22bd5e (name: chapter) WITH ID testmust:tm-node-container-doc-list-chapter
12026 [Test worker] INFO  x.yang.diagram.YangDiagramGenerator  - CREATED ELEMENT FOR statement:io.typefox.yang.yang.impl.ContainerImpl@58fff9c3 (name: doc) WITH ID testmust:tm-node-container-doc
12026 [Test worker] INFO  x.yang.diagram.YangDiagramGenerator  - CREATED ELEMENT FOR statement:io.typefox.yang.yang.impl.LeafImpl@3b48fb5b (name: a) WITH ID testmust:tm-node-rpc rpc-must1-pill-input-a
12026 [Test worker] INFO  x.yang.diagram.YangDiagramGenerator  - CREATED ELEMENT FOR statement:io.typefox.yang.yang.impl.LeafImpl@66979ec8 (name: b) WITH ID testmust:tm-node-rpc rpc-must1-pill-input-b
12026 [Test worker] INFO  x.yang.diagram.YangDiagramGenerator  - CREATED ELEMENT FOR statement:io.typefox.yang.yang.impl.InputImpl@78c11709 (name: null) WITH ID testmust:tm-node-rpc rpc-must1-pill-input
12026 [Test worker] INFO  x.yang.diagram.YangDiagramGenerator  - CREATED ELEMENT FOR statement:io.typefox.yang.yang.impl.LeafImpl@5f57d833 (name: x) WITH ID testmust:tm-node-rpc rpc-must1-pill-output-x
12026 [Test worker] INFO  x.yang.diagram.YangDiagramGenerator  - CREATED ELEMENT FOR statement:io.typefox.yang.yang.impl.LeafImpl@23b962a1 (name: y) WITH ID testmust:tm-node-rpc rpc-must1-pill-output-y
12026 [Test worker] INFO  x.yang.diagram.YangDiagramGenerator  - CREATED ELEMENT FOR statement:io.typefox.yang.yang.impl.OutputImpl@7902d9c0 (name: null) WITH ID testmust:tm-node-rpc rpc-must1-pill-output
12026 [Test worker] INFO  x.yang.diagram.YangDiagramGenerator  - CREATED ELEMENT FOR statement:io.typefox.yang.yang.impl.RpcImpl@98be0b6 (name: rpc-must1) WITH ID testmust:tm-node-rpc rpc-must1-pill
12027 [Test worker] INFO  x.yang.diagram.YangDiagramGenerator  - CREATED ELEMENT FOR statement:io.typefox.yang.yang.impl.LeafImpl@68fc37f4 (name: a) WITH ID testmust:tm-node-notification-notif-must1-a
12027 [Test worker] INFO  x.yang.diagram.YangDiagramGenerator  - CREATED ELEMENT FOR statement:io.typefox.yang.yang.impl.LeafImpl@b8ec20 (name: b) WITH ID testmust:tm-node-notification-notif-must1-b
12027 [Test worker] INFO  x.yang.diagram.YangDiagramGenerator  - CREATED ELEMENT FOR statement:io.typefox.yang.yang.impl.LeafImpl@6f9bf92e (name: d) WITH ID testmust:tm-node-notification-notif-must1-container-c-d
12027 [Test worker] INFO  x.yang.diagram.YangDiagramGenerator  - CREATED ELEMENT FOR statement:io.typefox.yang.yang.impl.ContainerImpl@39433a3b (name: c) WITH ID testmust:tm-node-notification-notif-must1-container-c
12027 [Test worker] INFO  x.yang.diagram.YangDiagramGenerator  - CREATED ELEMENT FOR statement:io.typefox.yang.yang.impl.NotificationImpl@3009f970 (name: notif-must1) WITH ID testmust:tm-node-notification-notif-must1
12027 [Test worker] INFO  x.yang.diagram.YangDiagramGenerator  - CREATED ELEMENT FOR statement:io.typefox.yang.yang.impl.ModuleImpl@7717dabd (name: testmust) WITH ID testmust:tm
12030 [Test worker] INFO  x.yang.diagram.YangDiagramGenerator  - Generating diagram for input: 'testr2@2008-01-01.yang'
12030 [Test worker] INFO  x.yang.diagram.YangDiagramGenerator  - CREATED ELEMENT FOR statement:io.typefox.yang.yang.impl.TypedefImpl@47750ff8 (name: TestType) WITH ID testr2:r2-node-typedef-TestType
12030 [Test worker] INFO  x.yang.diagram.YangDiagramGenerator  - CREATED ELEMENT FOR statement:io.typefox.yang.yang.impl.LeafImpl@674777cf (name: A) WITH ID testr2:r2-node-grouping-TestGroup-A
12030 [Test worker] INFO  x.yang.diagram.YangDiagramGenerator  - CREATED ELEMENT FOR statement:io.typefox.yang.yang.impl.LeafImpl@187ad02e (name: B) WITH ID testr2:r2-node-grouping-TestGroup-B
12030 [Test worker] INFO  x.yang.diagram.YangDiagramGenerator  - CREATED ELEMENT FOR statement:io.typefox.yang.yang.impl.GroupingImpl@517123ae (name: TestGroup) WITH ID testr2:r2-node-grouping-TestGroup
12030 [Test worker] INFO  x.yang.diagram.YangDiagramGenerator  - CREATED ELEMENT FOR statement:io.typefox.yang.yang.impl.UsesImpl@3e94fcb7 WITH ID testr2:r2-node-container-bar-r2-uses TestGroup-pill
12030 [Test worker] INFO  x.yang.diagram.YangDiagramGenerator  - CREATED ELEMENT FOR statement:io.typefox.yang.yang.impl.ContainerImpl@62b10da5 (name: bar-r2) WITH ID testr2:r2-node-container-bar-r2
12031 [Test worker] INFO  x.yang.diagram.YangDiagramGenerator  - CREATED ELEMENT FOR statement:io.typefox.yang.yang.impl.ModuleImpl@2c844a7d (name: testr2) WITH ID testr2:r2
12067 [Test worker] INFO  x.yang.diagram.YangDiagramGenerator  - Generating diagram for input: 'testsi.yang'
12068 [Test worker] INFO  x.yang.diagram.YangDiagramGenerator  - CREATED ELEMENT FOR statement:io.typefox.yang.yang.impl.TypedefImpl@528e50fc (name: t1) WITH ID testsi:tsi-node-typedef-t1
12068 [Test worker] INFO  x.yang.diagram.YangDiagramGenerator  - CREATED ELEMENT FOR statement:io.typefox.yang.yang.impl.ModuleImpl@119bc51f (name: testsi) WITH ID testsi:tsi
12082 [Test worker] INFO  x.yang.diagram.YangDiagramGenerator  - Generating diagram for input: 'test3b.yang'
12082 [Test worker] INFO  x.yang.diagram.YangDiagramGenerator  - CREATED ELEMENT FOR statement:io.typefox.yang.yang.impl.LeafImpl@3bf5b960 (name: test-D) WITH ID test3b:t3-node-container-test-D1-test-D
12082 [Test worker] INFO  x.yang.diagram.YangDiagramGenerator  - CREATED ELEMENT FOR statement:io.typefox.yang.yang.impl.TypedefImpl@34229d29 (name: local-D) WITH ID test3b:t3-node-container-test-D1-typedef-local-D
12082 [Test worker] INFO  x.yang.diagram.YangDiagramGenerator  - CREATED ELEMENT FOR statement:io.typefox.yang.yang.impl.ContainerImpl@30222a0c (name: test-D1) WITH ID test3b:t3-node-container-test-D1
12082 [Test worker] INFO  x.yang.diagram.YangDiagramGenerator  - CREATED ELEMENT FOR statement:io.typefox.yang.yang.impl.ModuleImpl@f2728e0 (name: test3b) WITH ID test3b:t3
12105 [Test worker] INFO  x.yang.diagram.YangDiagramGenerator  - Generating diagram for input: 'test7.yang'
12105 [Test worker] INFO  x.yang.diagram.YangDiagramGenerator  - CREATED ELEMENT FOR statement:io.typefox.yang.yang.impl.ContainerImpl@7d7ca46e (name: test-ext) WITH ID test7:t7-node-container-test-ext
12106 [Test worker] INFO  x.yang.diagram.YangDiagramGenerator  - CREATED ELEMENT FOR statement:io.typefox.yang.yang.impl.ModuleImpl@4686b248 (name: test7) WITH ID test7:t7
12112 [Test worker] INFO  x.yang.diagram.YangDiagramGenerator  - Generating diagram for input: 't31.yang'
12113 [Test worker] INFO  x.yang.diagram.YangDiagramGenerator  - CREATED ELEMENT FOR statement:io.typefox.yang.yang.impl.LeafImpl@21cee405 (name: a) WITH ID t31:t31-node-list-t31-list-a
12113 [Test worker] INFO  x.yang.diagram.YangDiagramGenerator  - CREATED ELEMENT FOR statement:io.typefox.yang.yang.impl.LeafImpl@660094b7 (name: b) WITH ID t31:t31-node-list-t31-list-b
12113 [Test worker] INFO  x.yang.diagram.YangDiagramGenerator  - CREATED ELEMENT FOR statement:io.typefox.yang.yang.impl.LeafImpl@120abc5b (name: c) WITH ID t31:t31-node-list-t31-list-c
12113 [Test worker] INFO  x.yang.diagram.YangDiagramGenerator  - CREATED ELEMENT FOR statement:io.typefox.yang.yang.impl.LeafImpl@5bbfb092 (name: dd) WITH ID t31:t31-node-list-t31-list-container-d-dd
12113 [Test worker] INFO  x.yang.diagram.YangDiagramGenerator  - CREATED ELEMENT FOR statement:io.typefox.yang.yang.impl.LeafImpl@d07992c (name: ee) WITH ID t31:t31-node-list-t31-list-container-d-ee
12113 [Test worker] INFO  x.yang.diagram.YangDiagramGenerator  - CREATED ELEMENT FOR statement:io.typefox.yang.yang.impl.ContainerImpl@6f401117 (name: d) WITH ID t31:t31-node-list-t31-list-container-d
12113 [Test worker] INFO  x.yang.diagram.YangDiagramGenerator  - CREATED ELEMENT FOR statement:io.typefox.yang.yang.impl.ListImpl@28ef80c0 (name: t31-list) WITH ID t31:t31-node-list-t31-list
12113 [Test worker] INFO  x.yang.diagram.YangDiagramGenerator  - CREATED ELEMENT FOR statement:io.typefox.yang.yang.impl.LeafImpl@e728e6f (name: a) WITH ID t31:t31-node-rpc t31-rpc-pill-input-a
12113 [Test worker] INFO  x.yang.diagram.YangDiagramGenerator  - CREATED ELEMENT FOR statement:io.typefox.yang.yang.impl.LeafImpl@3f8db874 (name: b) WITH ID t31:t31-node-rpc t31-rpc-pill-input-b
12113 [Test worker] INFO  x.yang.diagram.YangDiagramGenerator  - CREATED ELEMENT FOR statement:io.typefox.yang.yang.impl.InputImpl@50aade3b (name: null) WITH ID t31:t31-node-rpc t31-rpc-pill-input
12113 [Test worker] INFO  x.yang.diagram.YangDiagramGenerator  - CREATED ELEMENT FOR statement:io.typefox.yang.yang.impl.LeafImpl@497ad6e (name: c) WITH ID t31:t31-node-rpc t31-rpc-pill-output-c
12113 [Test worker] INFO  x.yang.diagram.YangDiagramGenerator  - CREATED ELEMENT FOR statement:io.typefox.yang.yang.impl.LeafImpl@1e0c5a65 (name: d) WITH ID t31:t31-node-rpc t31-rpc-pill-output-d
12113 [Test worker] INFO  x.yang.diagram.YangDiagramGenerator  - CREATED ELEMENT FOR statement:io.typefox.yang.yang.impl.OutputImpl@4c101fc8 (name: null) WITH ID t31:t31-node-rpc t31-rpc-pill-output
12113 [Test worker] INFO  x.yang.diagram.YangDiagramGenerator  - CREATED ELEMENT FOR statement:io.typefox.yang.yang.impl.RpcImpl@4acd5b77 (name: t31-rpc) WITH ID t31:t31-node-rpc t31-rpc-pill
12113 [Test worker] INFO  x.yang.diagram.YangDiagramGenerator  - CREATED ELEMENT FOR statement:io.typefox.yang.yang.impl.LeafImpl@7388739d (name: w) WITH ID t31:t31-node-notification-t31-notif-w
12113 [Test worker] INFO  x.yang.diagram.YangDiagramGenerator  - CREATED ELEMENT FOR statement:io.typefox.yang.yang.impl.LeafImpl@fabc0fb (name: x) WITH ID t31:t31-node-notification-t31-notif-x
12113 [Test worker] INFO  x.yang.diagram.YangDiagramGenerator  - CREATED ELEMENT FOR statement:io.typefox.yang.yang.impl.LeafImpl@43097099 (name: y) WITH ID t31:t31-node-notification-t31-notif-y
12113 [Test worker] INFO  x.yang.diagram.YangDiagramGenerator  - CREATED ELEMENT FOR statement:io.typefox.yang.yang.impl.LeafImpl@633f8d6c (name: z) WITH ID t31:t31-node-notification-t31-notif-z
12126 [Test worker] INFO  x.yang.diagram.YangDiagramGenerator  - CREATED ELEMENT FOR statement:io.typefox.yang.yang.impl.NotificationImpl@539b0e0d (name: t31-notif) WITH ID t31:t31-node-notification-t31-notif
12126 [Test worker] INFO  x.yang.diagram.YangDiagramGenerator  - CREATED ELEMENT FOR statement:io.typefox.yang.yang.impl.LeafImpl@266a09d (name: a) WITH ID t31:t31-node-rpc t31-plain-rpc-pill-input-a
12126 [Test worker] INFO  x.yang.diagram.YangDiagramGenerator  - CREATED ELEMENT FOR statement:io.typefox.yang.yang.impl.LeafImpl@ae385f0 (name: b) WITH ID t31:t31-node-rpc t31-plain-rpc-pill-input-b
12126 [Test worker] INFO  x.yang.diagram.YangDiagramGenerator  - CREATED ELEMENT FOR statement:io.typefox.yang.yang.impl.InputImpl@15282d2d (name: null) WITH ID t31:t31-node-rpc t31-plain-rpc-pill-input
12126 [Test worker] INFO  x.yang.diagram.YangDiagramGenerator  - CREATED ELEMENT FOR statement:io.typefox.yang.yang.impl.LeafImpl@1ec8a2e3 (name: c) WITH ID t31:t31-node-rpc t31-plain-rpc-pill-output-c
12126 [Test worker] INFO  x.yang.diagram.YangDiagramGenerator  - CREATED ELEMENT FOR statement:io.typefox.yang.yang.impl.LeafImpl@291d8bef (name: d) WITH ID t31:t31-node-rpc t31-plain-rpc-pill-output-d
12127 [Test worker] INFO  x.yang.diagram.YangDiagramGenerator  - CREATED ELEMENT FOR statement:io.typefox.yang.yang.impl.OutputImpl@3f475739 (name: null) WITH ID t31:t31-node-rpc t31-plain-rpc-pill-output
12127 [Test worker] INFO  x.yang.diagram.YangDiagramGenerator  - CREATED ELEMENT FOR statement:io.typefox.yang.yang.impl.RpcImpl@6b5254b9 (name: t31-plain-rpc) WITH ID t31:t31-node-rpc t31-plain-rpc-pill
12127 [Test worker] INFO  x.yang.diagram.YangDiagramGenerator  - CREATED ELEMENT FOR statement:io.typefox.yang.yang.impl.LeafImpl@30d63c8a (name: w) WITH ID t31:t31-node-notification-t31-plain-notif-w
12127 [Test worker] INFO  x.yang.diagram.YangDiagramGenerator  - CREATED ELEMENT FOR statement:io.typefox.yang.yang.impl.LeafImpl@75d18b8c (name: x) WITH ID t31:t31-node-notification-t31-plain-notif-x
12127 [Test worker] INFO  x.yang.diagram.YangDiagramGenerator  - CREATED ELEMENT FOR statement:io.typefox.yang.yang.impl.LeafImpl@702ae490 (name: y) WITH ID t31:t31-node-notification-t31-plain-notif-y
12127 [Test worker] INFO  x.yang.diagram.YangDiagramGenerator  - CREATED ELEMENT FOR statement:io.typefox.yang.yang.impl.LeafImpl@92481b0 (name: z) WITH ID t31:t31-node-notification-t31-plain-notif-z
12127 [Test worker] INFO  x.yang.diagram.YangDiagramGenerator  - CREATED ELEMENT FOR statement:io.typefox.yang.yang.impl.NotificationImpl@897ce72 (name: t31-plain-notif) WITH ID t31:t31-node-notification-t31-plain-notif
12127 [Test worker] INFO  x.yang.diagram.YangDiagramGenerator  - CREATED ELEMENT FOR statement:io.typefox.yang.yang.impl.ModuleImpl@71e3a907 (name: t31) WITH ID t31:t31
12141 [Test worker] INFO  x.yang.diagram.YangDiagramGenerator  - Generating diagram for input: 'test4.yang'
12141 [Test worker] INFO  x.yang.diagram.YangDiagramGenerator  - CREATED ELEMENT FOR statement:io.typefox.yang.yang.impl.TypedefImpl@4c99c1bb (name: aa-type) WITH ID test4:t4-node-typedef-aa-type
12141 [Test worker] INFO  x.yang.diagram.YangDiagramGenerator  - CREATED ELEMENT FOR statement:io.typefox.yang.yang.impl.LeafListImpl@4289dbbc (name: aa) WITH ID test4:t4-node-container-a-aa
12141 [Test worker] INFO  x.yang.diagram.YangDiagramGenerator  - CREATED ELEMENT FOR statement:io.typefox.yang.yang.impl.ContainerImpl@116a4156 (name: a) WITH ID test4:t4-node-container-a
12141 [Test worker] INFO  x.yang.diagram.YangDiagramGenerator  - CREATED ELEMENT FOR statement:io.typefox.yang.yang.impl.LeafImpl@1eb75bb3 (name: x) WITH ID test4:t4-node-list-c-x
12141 [Test worker] INFO  x.yang.diagram.YangDiagramGenerator  - CREATED ELEMENT FOR statement:io.typefox.yang.yang.impl.LeafImpl@1ca1c5c7 (name: y) WITH ID test4:t4-node-list-c-y
12141 [Test worker] INFO  x.yang.diagram.YangDiagramGenerator  - CREATED ELEMENT FOR statement:io.typefox.yang.yang.impl.ListImpl@1079a9d4 (name: c) WITH ID test4:t4-node-list-c
12141 [Test worker] INFO  x.yang.diagram.YangDiagramGenerator  - CREATED ELEMENT FOR statement:io.typefox.yang.yang.impl.ModuleImpl@535a2a7c (name: test4) WITH ID test4:t4
12183 [Test worker] INFO  x.yang.diagram.YangDiagramGenerator  - Generating diagram for input: 'tunion.yang'
12183 [Test worker] INFO  x.yang.diagram.YangDiagramGenerator  - CREATED ELEMENT FOR statement:io.typefox.yang.yang.impl.TypedefImpl@7d32a1f5 (name: nested-union) WITH ID tunion:tunion-node-typedef-nested-union
12183 [Test worker] INFO  x.yang.diagram.YangDiagramGenerator  - CREATED ELEMENT FOR statement:io.typefox.yang.yang.impl.TypedefImpl@54b365b6 (name: matchall-string-type) WITH ID tunion:tunion-node-typedef-matchall-string-type
12183 [Test worker] INFO  x.yang.diagram.YangDiagramGenerator  - CREATED ELEMENT FOR statement:io.typefox.yang.yang.impl.LeafImpl@5517f9b4 (name: tunion-leaf) WITH ID tunion:tunion-node-container-tunion-tunion-leaf
12183 [Test worker] INFO  x.yang.diagram.YangDiagramGenerator  - CREATED ELEMENT FOR statement:io.typefox.yang.yang.impl.LeafImpl@55a41529 (name: nested) WITH ID tunion:tunion-node-container-tunion-nested
12183 [Test worker] INFO  x.yang.diagram.YangDiagramGenerator  - CREATED ELEMENT FOR statement:io.typefox.yang.yang.impl.LeafImpl@3d713b61 (name: nested2) WITH ID tunion:tunion-node-container-tunion-nested2
12183 [Test worker] INFO  x.yang.diagram.YangDiagramGenerator  - CREATED ELEMENT FOR statement:io.typefox.yang.yang.impl.ContainerImpl@722077ac (name: tunion) WITH ID tunion:tunion-node-container-tunion
12183 [Test worker] INFO  x.yang.diagram.YangDiagramGenerator  - CREATED ELEMENT FOR statement:io.typefox.yang.yang.impl.ModuleImpl@1810ea05 (name: tunion) WITH ID tunion:tunion
12208 [Test worker] INFO  x.yang.diagram.YangDiagramGenerator  - Generating diagram for input: 't12.yang'
12208 [Test worker] INFO  x.yang.diagram.YangDiagramGenerator  - CREATED ELEMENT FOR statement:io.typefox.yang.yang.impl.LeafImpl@7ba3f8f5 (name: X) WITH ID t12:t12-node-/t11:t11-list-augmentation-X
12208 [Test worker] INFO  x.yang.diagram.YangDiagramGenerator  - CREATED ELEMENT FOR statement:io.typefox.yang.yang.impl.LeafImpl@4743e8b5 (name: ext42) WITH ID t12:t12-node-/t11:t11-list-augmentation-container-e42-ext42
12208 [Test worker] INFO  x.yang.diagram.YangDiagramGenerator  - CREATED ELEMENT FOR statement:io.typefox.yang.yang.impl.ContainerImpl@1322dadd (name: e42) WITH ID t12:t12-node-/t11:t11-list-augmentation-container-e42
12208 [Test worker] INFO  x.yang.diagram.YangDiagramGenerator  - CREATED ELEMENT FOR statement:io.typefox.yang.yang.impl.AugmentImpl@2790f64a WITH ID t12:t12-node-/t11:t11-list-augmentation
12208 [Test worker] INFO  x.yang.diagram.YangDiagramGenerator  - CREATED ELEMENT FOR statement:io.typefox.yang.yang.impl.ModuleImpl@4310d61d (name: t12) WITH ID t12:t12
12253 [Test worker] INFO  x.yang.diagram.YangDiagramGenerator  - Generating diagram for input: 'test1c.yang'
12253 [Test worker] INFO  x.yang.diagram.YangDiagramGenerator  - CREATED ELEMENT FOR statement:io.typefox.yang.yang.impl.LeafImpl@62c05efe (name: a) WITH ID test1c-node-list-test1-c.sub-a
12253 [Test worker] INFO  x.yang.diagram.YangDiagramGenerator  - CREATED ELEMENT FOR statement:io.typefox.yang.yang.impl.LeafImpl@51f56288 (name: b) WITH ID test1c-node-list-test1-c.sub-b
12253 [Test worker] INFO  x.yang.diagram.YangDiagramGenerator  - CREATED ELEMENT FOR statement:io.typefox.yang.yang.impl.LeafImpl@23b292ef (name: g) WITH ID test1c-node-list-test1-c.sub-g
12253 [Test worker] INFO  x.yang.diagram.YangDiagramGenerator  - CREATED ELEMENT FOR statement:io.typefox.yang.yang.impl.ListImpl@19b799a2 (name: test1-c.sub) WITH ID test1c-node-list-test1-c.sub
12253 [Test worker] INFO  x.yang.diagram.YangDiagramGenerator  - CREATED ELEMENT FOR statement:io.typefox.yang.yang.impl.LeafImpl@79e013c4 (name: c) WITH ID test1c-node-list-test1-c.sub2-c
12253 [Test worker] INFO  x.yang.diagram.YangDiagramGenerator  - CREATED ELEMENT FOR statement:io.typefox.yang.yang.impl.LeafImpl@37bcf52 (name: d) WITH ID test1c-node-list-test1-c.sub2-d
12253 [Test worker] INFO  x.yang.diagram.YangDiagramGenerator  - CREATED ELEMENT FOR statement:io.typefox.yang.yang.impl.LeafImpl@34e91038 (name: g) WITH ID test1c-node-list-test1-c.sub2-g
12253 [Test worker] INFO  x.yang.diagram.YangDiagramGenerator  - CREATED ELEMENT FOR statement:io.typefox.yang.yang.impl.ListImpl@11b6e58e (name: test1-c.sub2) WITH ID test1c-node-list-test1-c.sub2
12253 [Test worker] INFO  x.yang.diagram.YangDiagramGenerator  - CREATED ELEMENT FOR statement:io.typefox.yang.yang.impl.SubmoduleImpl@6831aa4f (name: test1c) WITH ID test1c
12255 [Test worker] INFO  x.yang.diagram.YangDiagramGenerator  - Generating diagram for input: 'yang-smi.yang'
12255 [Test worker] INFO  x.yang.diagram.YangDiagramGenerator  - CREATED ELEMENT FOR statement:io.typefox.yang.yang.impl.ModuleImpl@356de944 (name: yang-smi) WITH ID yang-smi:smi
12268 [Test worker] INFO  x.yang.diagram.YangDiagramGenerator  - Generating diagram for input: 'ietf-inet-types.yang'
12269 [Test worker] INFO  x.yang.diagram.YangDiagramGenerator  - CREATED ELEMENT FOR statement:io.typefox.yang.yang.impl.TypedefImpl@49794701 (name: ip-version) WITH ID ietf-inet-types:inet-node-typedef-ip-version
12269 [Test worker] INFO  x.yang.diagram.YangDiagramGenerator  - CREATED ELEMENT FOR statement:io.typefox.yang.yang.impl.TypedefImpl@6f455135 (name: dscp) WITH ID ietf-inet-types:inet-node-typedef-dscp
12269 [Test worker] INFO  x.yang.diagram.YangDiagramGenerator  - CREATED ELEMENT FOR statement:io.typefox.yang.yang.impl.TypedefImpl@a43ed40 (name: ipv6-flow-label) WITH ID ietf-inet-types:inet-node-typedef-ipv6-flow-label
12269 [Test worker] INFO  x.yang.diagram.YangDiagramGenerator  - CREATED ELEMENT FOR statement:io.typefox.yang.yang.impl.TypedefImpl@50be0285 (name: port-number) WITH ID ietf-inet-types:inet-node-typedef-port-number
12269 [Test worker] INFO  x.yang.diagram.YangDiagramGenerator  - CREATED ELEMENT FOR statement:io.typefox.yang.yang.impl.TypedefImpl@53fc16dc (name: as-number) WITH ID ietf-inet-types:inet-node-typedef-as-number
12269 [Test worker] INFO  x.yang.diagram.YangDiagramGenerator  - CREATED ELEMENT FOR statement:io.typefox.yang.yang.impl.TypedefImpl@1675396f (name: ip-address) WITH ID ietf-inet-types:inet-node-typedef-ip-address
12269 [Test worker] INFO  x.yang.diagram.YangDiagramGenerator  - CREATED ELEMENT FOR statement:io.typefox.yang.yang.impl.TypedefImpl@349ef0c (name: ipv4-address) WITH ID ietf-inet-types:inet-node-typedef-ipv4-address
12269 [Test worker] INFO  x.yang.diagram.YangDiagramGenerator  - CREATED ELEMENT FOR statement:io.typefox.yang.yang.impl.TypedefImpl@23c37fca (name: ipv6-address) WITH ID ietf-inet-types:inet-node-typedef-ipv6-address
12269 [Test worker] INFO  x.yang.diagram.YangDiagramGenerator  - CREATED ELEMENT FOR statement:io.typefox.yang.yang.impl.TypedefImpl@10bad798 (name: ip-address-no-zone) WITH ID ietf-inet-types:inet-node-typedef-ip-address-no-zone
12269 [Test worker] INFO  x.yang.diagram.YangDiagramGenerator  - CREATED ELEMENT FOR statement:io.typefox.yang.yang.impl.TypedefImpl@2f3b3aa1 (name: ipv4-address-no-zone) WITH ID ietf-inet-types:inet-node-typedef-ipv4-address-no-zone
12269 [Test worker] INFO  x.yang.diagram.YangDiagramGenerator  - CREATED ELEMENT FOR statement:io.typefox.yang.yang.impl.TypedefImpl@63c691c5 (name: ipv6-address-no-zone) WITH ID ietf-inet-types:inet-node-typedef-ipv6-address-no-zone
12269 [Test worker] INFO  x.yang.diagram.YangDiagramGenerator  - CREATED ELEMENT FOR statement:io.typefox.yang.yang.impl.TypedefImpl@5b438f58 (name: ip-prefix) WITH ID ietf-inet-types:inet-node-typedef-ip-prefix
12269 [Test worker] INFO  x.yang.diagram.YangDiagramGenerator  - CREATED ELEMENT FOR statement:io.typefox.yang.yang.impl.TypedefImpl@1d0385bf (name: ipv4-prefix) WITH ID ietf-inet-types:inet-node-typedef-ipv4-prefix
12269 [Test worker] INFO  x.yang.diagram.YangDiagramGenerator  - CREATED ELEMENT FOR statement:io.typefox.yang.yang.impl.TypedefImpl@6b9b4a8c (name: ipv6-prefix) WITH ID ietf-inet-types:inet-node-typedef-ipv6-prefix
12269 [Test worker] INFO  x.yang.diagram.YangDiagramGenerator  - CREATED ELEMENT FOR statement:io.typefox.yang.yang.impl.TypedefImpl@3c84a683 (name: domain-name) WITH ID ietf-inet-types:inet-node-typedef-domain-name
12269 [Test worker] INFO  x.yang.diagram.YangDiagramGenerator  - CREATED ELEMENT FOR statement:io.typefox.yang.yang.impl.TypedefImpl@7b7ac704 (name: host) WITH ID ietf-inet-types:inet-node-typedef-host
12269 [Test worker] INFO  x.yang.diagram.YangDiagramGenerator  - CREATED ELEMENT FOR statement:io.typefox.yang.yang.impl.TypedefImpl@7ad59ba9 (name: uri) WITH ID ietf-inet-types:inet-node-typedef-uri
12269 [Test worker] INFO  x.yang.diagram.YangDiagramGenerator  - CREATED ELEMENT FOR statement:io.typefox.yang.yang.impl.ModuleImpl@4b2b6155 (name: ietf-inet-types) WITH ID ietf-inet-types:inet
12271 [Test worker] INFO  x.yang.diagram.YangDiagramGenerator  - Generating diagram for input: 'ietf-yang-smiv2.yang'
12271 [Test worker] INFO  x.yang.diagram.YangDiagramGenerator  - CREATED ELEMENT FOR statement:io.typefox.yang.yang.impl.IdentityImpl@26009415 (name: object-identity) WITH ID ietf-yang-smiv2:smi-node-identity-object-identity
12271 [Test worker] INFO  x.yang.diagram.YangDiagramGenerator  - CREATED ELEMENT FOR statement:io.typefox.yang.yang.impl.ModuleImpl@518b041f (name: ietf-yang-smiv2) WITH ID ietf-yang-smiv2:smi
12276 [Test worker] INFO  x.yang.diagram.YangDiagramGenerator  - Generating diagram for input: 'q.yang'
12276 [Test worker] INFO  x.yang.diagram.YangDiagramGenerator  - CREATED ELEMENT FOR statement:io.typefox.yang.yang.impl.IncludeImpl@780af33b WITH ID qs
12276 [Test worker] INFO  x.yang.diagram.YangDiagramGenerator  - CREATED ELEMENT FOR statement:io.typefox.yang.yang.impl.ModuleImpl@17c13eed (name: q) WITH ID q:q
12283 [Test worker] INFO  x.yang.diagram.YangDiagramGenerator  - Generating diagram for input: 'augment-shorthand-case.yang'
12283 [Test worker] INFO  x.yang.diagram.YangDiagramGenerator  - CREATED ELEMENT FOR statement:io.typefox.yang.yang.impl.ChoiceImpl@243cd411 (name: y) WITH ID augment-shorthand-case:x-node-container-x-y-choice
12283 [Test worker] INFO  x.yang.diagram.YangDiagramGenerator  - CREATED ELEMENT FOR statement:io.typefox.yang.yang.impl.ContainerImpl@22ef4e52 (name: x) WITH ID augment-shorthand-case:x-node-container-x
12283 [Test worker] INFO  x.yang.diagram.YangDiagramGenerator  - CREATED ELEMENT FOR statement:io.typefox.yang.yang.impl.LeafImpl@351580e7 (name: a) WITH ID augment-shorthand-case:x-node-/x/y-augmentation-container-foo-a
12283 [Test worker] INFO  x.yang.diagram.YangDiagramGenerator  - CREATED ELEMENT FOR statement:io.typefox.yang.yang.impl.ContainerImpl@b537c92 (name: foo) WITH ID augment-shorthand-case:x-node-/x/y-augmentation-container-foo
12283 [Test worker] INFO  x.yang.diagram.YangDiagramGenerator  - CREATED ELEMENT FOR statement:io.typefox.yang.yang.impl.AugmentImpl@490dbdb5 WITH ID augment-shorthand-case:x-node-/x/y-augmentation
12283 [Test worker] INFO  x.yang.diagram.YangDiagramGenerator  - CREATED ELEMENT FOR statement:io.typefox.yang.yang.impl.ModuleImpl@11c8e718 (name: augment-shorthand-case) WITH ID augment-shorthand-case:x
12300 [Test worker] INFO  x.yang.diagram.YangDiagramGenerator  - Generating diagram for input: 'leafref-1.1.yang'
12300 [Test worker] INFO  x.yang.diagram.YangDiagramGenerator  - CREATED ELEMENT FOR statement:io.typefox.yang.yang.impl.LeafImpl@50114d85 (name: foo) WITH ID leafref-1.1:ll-node-container-x-foo
12300 [Test worker] INFO  x.yang.diagram.YangDiagramGenerator  - CREATED ELEMENT FOR statement:io.typefox.yang.yang.impl.LeafImpl@2e766f86 (name: bar) WITH ID leafref-1.1:ll-node-container-x-bar
12300 [Test worker] INFO  x.yang.diagram.YangDiagramGenerator  - CREATED ELEMENT FOR statement:io.typefox.yang.yang.impl.LeafImpl@e530be7 (name: a) WITH ID leafref-1.1:ll-node-container-x-list-q-a
12300 [Test worker] INFO  x.yang.diagram.YangDiagramGenerator  - CREATED ELEMENT FOR statement:io.typefox.yang.yang.impl.LeafImpl@5df941e6 (name: b) WITH ID leafref-1.1:ll-node-container-x-list-q-b
12300 [Test worker] INFO  x.yang.diagram.YangDiagramGenerator  - CREATED ELEMENT FOR statement:io.typefox.yang.yang.impl.ListImpl@7de42b9 (name: q) WITH ID leafref-1.1:ll-node-container-x-list-q
12300 [Test worker] INFO  x.yang.diagram.YangDiagramGenerator  - CREATED ELEMENT FOR statement:io.typefox.yang.yang.impl.ContainerImpl@1a49079b (name: x) WITH ID leafref-1.1:ll-node-container-x
12300 [Test worker] INFO  x.yang.diagram.YangDiagramGenerator  - CREATED ELEMENT FOR statement:io.typefox.yang.yang.impl.LeafImpl@cd33b06 (name: a) WITH ID leafref-1.1:ll-node-grouping-x-a
12300 [Test worker] INFO  x.yang.diagram.YangDiagramGenerator  - CREATED ELEMENT FOR statement:io.typefox.yang.yang.impl.LeafImpl@1b32ad0b (name: b) WITH ID leafref-1.1:ll-node-grouping-x-b
12300 [Test worker] INFO  x.yang.diagram.YangDiagramGenerator  - CREATED ELEMENT FOR statement:io.typefox.yang.yang.impl.GroupingImpl@6e8cff5e (name: x) WITH ID leafref-1.1:ll-node-grouping-x
12300 [Test worker] INFO  x.yang.diagram.YangDiagramGenerator  - CREATED ELEMENT FOR statement:io.typefox.yang.yang.impl.ModuleImpl@3cab48cb (name: leafref-1.1) WITH ID leafref-1.1:ll
12387 [Test worker] INFO  x.yang.diagram.YangDiagramGenerator  - Generating diagram for input: 'ethernet.yang'
12388 [Test worker] INFO  x.yang.diagram.YangDiagramGenerator  - CREATED ELEMENT FOR statement:io.typefox.yang.yang.impl.IdentityImpl@6ff8b0f8 (name: eth-if-speed) WITH ID ethernet:eth-node-identity-eth-if-speed
12388 [Test worker] INFO  x.yang.diagram.YangDiagramGenerator  - CREATED ELEMENT FOR statement:io.typefox.yang.yang.impl.TypedefImpl@1ec2c3d9 (name: flow-control-settings) WITH ID ethernet:eth-node-typedef-flow-control-settings
12388 [Test worker] INFO  x.yang.diagram.YangDiagramGenerator  - CREATED ELEMENT FOR statement:io.typefox.yang.yang.impl.TypedefImpl@2981658e (name: rate-control) WITH ID ethernet:eth-node-typedef-rate-control
12388 [Test worker] INFO  x.yang.diagram.YangDiagramGenerator  - CREATED ELEMENT FOR statement:io.typefox.yang.yang.impl.TypedefImpl@5e52b7c5 (name: pause-control) WITH ID ethernet:eth-node-typedef-pause-control
12388 [Test worker] INFO  x.yang.diagram.YangDiagramGenerator  - CREATED ELEMENT FOR statement:io.typefox.yang.yang.impl.TypedefImpl@7487b387 (name: macc-control) WITH ID ethernet:eth-node-typedef-macc-control
12388 [Test worker] INFO  x.yang.diagram.YangDiagramGenerator  - CREATED ELEMENT FOR statement:io.typefox.yang.yang.impl.LeafImpl@7c537ac5 (name: status) WITH ID ethernet:eth-node-/if:interfaces/if:interface-augmentation-container-ethernet-transmission-mode-choice-auto-negotiation-case-container-auto-negotiation-status
12388 [Test worker] INFO  x.yang.diagram.YangDiagramGenerator  - CREATED ELEMENT FOR statement:io.typefox.yang.yang.impl.LeafImpl@5e5cddd4 (name: duplex) WITH ID ethernet:eth-node-/if:interfaces/if:interface-augmentation-container-ethernet-transmission-mode-choice-auto-negotiation-case-container-auto-negotiation-duplex
12388 [Test worker] INFO  x.yang.diagram.YangDiagramGenerator  - CREATED ELEMENT FOR statement:io.typefox.yang.yang.impl.LeafImpl@157ba545 (name: speed) WITH ID ethernet:eth-node-/if:interfaces/if:interface-augmentation-container-ethernet-transmission-mode-choice-auto-negotiation-case-container-auto-negotiation-speed
12388 [Test worker] INFO  x.yang.diagram.YangDiagramGenerator  - CREATED ELEMENT FOR statement:io.typefox.yang.yang.impl.LeafImpl@5ca927e6 (name: advertised-flow-control) WITH ID ethernet:eth-node-/if:interfaces/if:interface-augmentation-container-ethernet-transmission-mode-choice-auto-negotiation-case-container-auto-negotiation-advertised-flow-control
12388 [Test worker] INFO  x.yang.diagram.YangDiagramGenerator  - CREATED ELEMENT FOR statement:io.typefox.yang.yang.impl.LeafImpl@3b4bfbe4 (name: forced-flow-control) WITH ID ethernet:eth-node-/if:interfaces/if:interface-augmentation-container-ethernet-transmission-mode-choice-auto-negotiation-case-container-auto-negotiation-forced-flow-control
12388 [Test worker] INFO  x.yang.diagram.YangDiagramGenerator  - CREATED ELEMENT FOR statement:io.typefox.yang.yang.impl.ContainerImpl@3413324 (name: auto-negotiation) WITH ID ethernet:eth-node-/if:interfaces/if:interface-augmentation-container-ethernet-transmission-mode-choice-auto-negotiation-case-container-auto-negotiation
12388 [Test worker] INFO  x.yang.diagram.YangDiagramGenerator  - CREATED ELEMENT FOR statement:io.typefox.yang.yang.impl.LeafImpl@4b58ff84 (name: duplex) WITH ID ethernet:eth-node-/if:interfaces/if:interface-augmentation-container-ethernet-transmission-mode-choice-manual-case-container-manual-duplex
12388 [Test worker] INFO  x.yang.diagram.YangDiagramGenerator  - CREATED ELEMENT FOR statement:io.typefox.yang.yang.impl.LeafImpl@5edb671e (name: speed) WITH ID ethernet:eth-node-/if:interfaces/if:interface-augmentation-container-ethernet-transmission-mode-choice-manual-case-container-manual-speed
12388 [Test worker] INFO  x.yang.diagram.YangDiagramGenerator  - CREATED ELEMENT FOR statement:io.typefox.yang.yang.impl.LeafImpl@3a2b33fa (name: flow-control) WITH ID ethernet:eth-node-/if:interfaces/if:interface-augmentation-container-ethernet-transmission-mode-choice-manual-case-container-manual-flow-control
12388 [Test worker] INFO  x.yang.diagram.YangDiagramGenerator  - CREATED ELEMENT FOR statement:io.typefox.yang.yang.impl.ContainerImpl@3079ef88 (name: manual) WITH ID ethernet:eth-node-/if:interfaces/if:interface-augmentation-container-ethernet-transmission-mode-choice-manual-case-container-manual
12388 [Test worker] INFO  x.yang.diagram.YangDiagramGenerator  - CREATED ELEMENT FOR statement:io.typefox.yang.yang.impl.ChoiceImpl@3cd192dc (name: transmission-mode) WITH ID ethernet:eth-node-/if:interfaces/if:interface-augmentation-container-ethernet-transmission-mode-choice
12388 [Test worker] INFO  x.yang.diagram.YangDiagramGenerator  - CREATED ELEMENT FOR statement:io.typefox.yang.yang.impl.ContainerImpl@3937e1cf (name: ethernet) WITH ID ethernet:eth-node-/if:interfaces/if:interface-augmentation-container-ethernet
12388 [Test worker] INFO  x.yang.diagram.YangDiagramGenerator  - CREATED ELEMENT FOR statement:io.typefox.yang.yang.impl.AugmentImpl@5a60b1f0 WITH ID ethernet:eth-node-/if:interfaces/if:interface-augmentation
12388 [Test worker] INFO  x.yang.diagram.YangDiagramGenerator  - CREATED ELEMENT FOR statement:io.typefox.yang.yang.impl.LeafImpl@259a009b (name: duplex) WITH ID ethernet:eth-node-/if:interfaces-state/if:interface-augmentation-container-Ethernet-duplex
12388 [Test worker] INFO  x.yang.diagram.YangDiagramGenerator  - CREATED ELEMENT FOR statement:io.typefox.yang.yang.impl.LeafImpl@156d3186 (name: speed) WITH ID ethernet:eth-node-/if:interfaces-state/if:interface-augmentation-container-Ethernet-speed
12389 [Test worker] INFO  x.yang.diagram.YangDiagramGenerator  - CREATED ELEMENT FOR statement:io.typefox.yang.yang.impl.LeafImpl@13d2837d (name: flow-control) WITH ID ethernet:eth-node-/if:interfaces-state/if:interface-augmentation-container-Ethernet-flow-control
12389 [Test worker] INFO  x.yang.diagram.YangDiagramGenerator  - CREATED ELEMENT FOR statement:io.typefox.yang.yang.impl.LeafImpl@4ce25fc6 (name: rate-control) WITH ID ethernet:eth-node-/if:interfaces-state/if:interface-augmentation-container-Ethernet-rate-control
12389 [Test worker] INFO  x.yang.diagram.YangDiagramGenerator  - CREATED ELEMENT FOR statement:io.typefox.yang.yang.impl.LeafImpl@39890019 (name: macc-extension-control) WITH ID ethernet:eth-node-/if:interfaces-state/if:interface-augmentation-container-Ethernet-macc-extension-control
12389 [Test worker] INFO  x.yang.diagram.YangDiagramGenerator  - CREATED ELEMENT FOR statement:io.typefox.yang.yang.impl.LeafImpl@4594e7af (name: macc-pfc-control) WITH ID ethernet:eth-node-/if:interfaces-state/if:interface-augmentation-container-Ethernet-macc-pfc-control
12389 [Test worker] INFO  x.yang.diagram.YangDiagramGenerator  - CREATED ELEMENT FOR statement:io.typefox.yang.yang.impl.LeafImpl@42da5d0b (name: macc-pause-control) WITH ID ethernet:eth-node-/if:interfaces-state/if:interface-augmentation-container-Ethernet-macc-pause-control
12389 [Test worker] INFO  x.yang.diagram.YangDiagramGenerator  - CREATED ELEMENT FOR statement:io.typefox.yang.yang.impl.LeafImpl@1c1826f9 (name: macc-control) WITH ID ethernet:eth-node-/if:interfaces-state/if:interface-augmentation-container-Ethernet-macc-control
12389 [Test worker] INFO  x.yang.diagram.YangDiagramGenerator  - CREATED ELEMENT FOR statement:io.typefox.yang.yang.impl.LeafImpl@6de074ab (name: frame-limit-slow-protocol) WITH ID ethernet:eth-node-/if:interfaces-state/if:interface-augmentation-container-Ethernet-frame-limit-slow-protocol
12389 [Test worker] INFO  x.yang.diagram.YangDiagramGenerator  - CREATED ELEMENT FOR statement:io.typefox.yang.yang.impl.LeafImpl@f2b5f27 (name: status) WITH ID ethernet:eth-node-/if:interfaces-state/if:interface-augmentation-container-Ethernet-container-auto-negotiation-status
12389 [Test worker] INFO  x.yang.diagram.YangDiagramGenerator  - CREATED ELEMENT FOR statement:io.typefox.yang.yang.impl.ContainerImpl@1f8979cc (name: auto-negotiation) WITH ID ethernet:eth-node-/if:interfaces-state/if:interface-augmentation-container-Ethernet-container-auto-negotiation
12389 [Test worker] INFO  x.yang.diagram.YangDiagramGenerator  - CREATED ELEMENT FOR statement:io.typefox.yang.yang.impl.ContainerImpl@42fbbb2a (name: Ethernet) WITH ID ethernet:eth-node-/if:interfaces-state/if:interface-augmentation-container-Ethernet
12389 [Test worker] INFO  x.yang.diagram.YangDiagramGenerator  - CREATED ELEMENT FOR statement:io.typefox.yang.yang.impl.AugmentImpl@2c50daf2 WITH ID ethernet:eth-node-/if:interfaces-state/if:interface-augmentation
12389 [Test worker] INFO  x.yang.diagram.YangDiagramGenerator  - CREATED ELEMENT FOR statement:io.typefox.yang.yang.impl.LeafImpl@79577a38 (name: in-pkts-errors-FCS) WITH ID ethernet:eth-node-/if:interfaces-state/if:interface/if:statistics-augmentation-container-Ethernet-in-pkts-errors-FCS
12389 [Test worker] INFO  x.yang.diagram.YangDiagramGenerator  - CREATED ELEMENT FOR statement:io.typefox.yang.yang.impl.LeafImpl@2d442bc7 (name: in-pkts-errors-alignment-FCS) WITH ID ethernet:eth-node-/if:interfaces-state/if:interface/if:statistics-augmentation-container-Ethernet-in-pkts-errors-alignment-FCS
12389 [Test worker] INFO  x.yang.diagram.YangDiagramGenerator  - CREATED ELEMENT FOR statement:io.typefox.yang.yang.impl.LeafImpl@32f9e7ae (name: in-giant-pkts) WITH ID ethernet:eth-node-/if:interfaces-state/if:interface/if:statistics-augmentation-container-Ethernet-in-giant-pkts
12389 [Test worker] INFO  x.yang.diagram.YangDiagramGenerator  - CREATED ELEMENT FOR statement:io.typefox.yang.yang.impl.LeafImpl@18543c49 (name: in-giant-threshold-pkts) WITH ID ethernet:eth-node-/if:interfaces-state/if:interface/if:statistics-augmentation-container-Ethernet-in-giant-threshold-pkts
12389 [Test worker] INFO  x.yang.diagram.YangDiagramGenerator  - CREATED ELEMENT FOR statement:io.typefox.yang.yang.impl.LeafImpl@5a1013c1 (name: in-errors-symbol) WITH ID ethernet:eth-node-/if:interfaces-state/if:interface/if:statistics-augmentation-container-Ethernet-in-errors-symbol
12389 [Test worker] INFO  x.yang.diagram.YangDiagramGenerator  - CREATED ELEMENT FOR statement:io.typefox.yang.yang.impl.LeafImpl@56061157 (name: rate-control-ability) WITH ID ethernet:eth-node-/if:interfaces-state/if:interface/if:statistics-augmentation-container-Ethernet-rate-control-ability
12389 [Test worker] INFO  x.yang.diagram.YangDiagramGenerator  - CREATED ELEMENT FOR statement:io.typefox.yang.yang.impl.LeafImpl@2bbf48ae (name: in-errors-sqe-test) WITH ID ethernet:eth-node-/if:interfaces-state/if:interface/if:statistics-augmentation-container-Ethernet-container-statistics-csmacd-in-errors-sqe-test
12389 [Test worker] INFO  x.yang.diagram.YangDiagramGenerator  - CREATED ELEMENT FOR statement:io.typefox.yang.yang.impl.LeafImpl@12308fe4 (name: in-errors-MAC-internal) WITH ID ethernet:eth-node-/if:interfaces-state/if:interface/if:statistics-augmentation-container-Ethernet-container-statistics-csmacd-in-errors-MAC-internal
12389 [Test worker] INFO  x.yang.diagram.YangDiagramGenerator  - CREATED ELEMENT FOR statement:io.typefox.yang.yang.impl.LeafImpl@48641878 (name: out-pkts-collision-single) WITH ID ethernet:eth-node-/if:interfaces-state/if:interface/if:statistics-augmentation-container-Ethernet-container-statistics-csmacd-out-pkts-collision-single
12389 [Test worker] INFO  x.yang.diagram.YangDiagramGenerator  - CREATED ELEMENT FOR statement:io.typefox.yang.yang.impl.LeafImpl@2e8e248a (name: out-pkts-collision-multiple) WITH ID ethernet:eth-node-/if:interfaces-state/if:interface/if:statistics-augmentation-container-Ethernet-container-statistics-csmacd-out-pkts-collision-multiple
12389 [Test worker] INFO  x.yang.diagram.YangDiagramGenerator  - CREATED ELEMENT FOR statement:io.typefox.yang.yang.impl.LeafImpl@7fa5f3cd (name: out-pkts-deferred) WITH ID ethernet:eth-node-/if:interfaces-state/if:interface/if:statistics-augmentation-container-Ethernet-container-statistics-csmacd-out-pkts-deferred
12389 [Test worker] INFO  x.yang.diagram.YangDiagramGenerator  - CREATED ELEMENT FOR statement:io.typefox.yang.yang.impl.LeafImpl@697c1c72 (name: out-pkts-collisions-excessive) WITH ID ethernet:eth-node-/if:interfaces-state/if:interface/if:statistics-augmentation-container-Ethernet-container-statistics-csmacd-out-pkts-collisions-excessive
12389 [Test worker] INFO  x.yang.diagram.YangDiagramGenerator  - CREATED ELEMENT FOR statement:io.typefox.yang.yang.impl.LeafImpl@1337efd (name: out-collisions-late) WITH ID ethernet:eth-node-/if:interfaces-state/if:interface/if:statistics-augmentation-container-Ethernet-container-statistics-csmacd-out-collisions-late
12389 [Test worker] INFO  x.yang.diagram.YangDiagramGenerator  - CREATED ELEMENT FOR statement:io.typefox.yang.yang.impl.LeafImpl@5e46a025 (name: out-errors-MAC-internal) WITH ID ethernet:eth-node-/if:interfaces-state/if:interface/if:statistics-augmentation-container-Ethernet-container-statistics-csmacd-out-errors-MAC-internal
12389 [Test worker] INFO  x.yang.diagram.YangDiagramGenerator  - CREATED ELEMENT FOR statement:io.typefox.yang.yang.impl.LeafImpl@e2d1bbb (name: out-errors-carrier-sense) WITH ID ethernet:eth-node-/if:interfaces-state/if:interface/if:statistics-augmentation-container-Ethernet-container-statistics-csmacd-out-errors-carrier-sense
12389 [Test worker] INFO  x.yang.diagram.YangDiagramGenerator  - CREATED ELEMENT FOR statement:io.typefox.yang.yang.impl.LeafImpl@7bb1980 (name: collision-count) WITH ID ethernet:eth-node-/if:interfaces-state/if:interface/if:statistics-augmentation-container-Ethernet-container-statistics-csmacd-list-collision-histogram-collision-count
12389 [Test worker] INFO  x.yang.diagram.YangDiagramGenerator  - CREATED ELEMENT FOR statement:io.typefox.yang.yang.impl.LeafImpl@1de55b1c (name: collision-count-pkts) WITH ID ethernet:eth-node-/if:interfaces-state/if:interface/if:statistics-augmentation-container-Ethernet-container-statistics-csmacd-list-collision-histogram-collision-count-pkts
12390 [Test worker] INFO  x.yang.diagram.YangDiagramGenerator  - CREATED ELEMENT FOR statement:io.typefox.yang.yang.impl.ListImpl@7649970d (name: collision-histogram) WITH ID ethernet:eth-node-/if:interfaces-state/if:interface/if:statistics-augmentation-container-Ethernet-container-statistics-csmacd-list-collision-histogram
12390 [Test worker] INFO  x.yang.diagram.YangDiagramGenerator  - CREATED ELEMENT FOR statement:io.typefox.yang.yang.impl.ContainerImpl@105fbabc (name: statistics-csmacd) WITH ID ethernet:eth-node-/if:interfaces-state/if:interface/if:statistics-augmentation-container-Ethernet-container-statistics-csmacd
12390 [Test worker] INFO  x.yang.diagram.YangDiagramGenerator  - CREATED ELEMENT FOR statement:io.typefox.yang.yang.impl.LeafImpl@4f77d62e (name: in-pkts-macc-extension) WITH ID ethernet:eth-node-/if:interfaces-state/if:interface/if:statistics-augmentation-container-Ethernet-container-statistics-macc-in-pkts-macc-extension
12390 [Test worker] INFO  x.yang.diagram.YangDiagramGenerator  - CREATED ELEMENT FOR statement:io.typefox.yang.yang.impl.LeafImpl@787d5967 (name: in-pkts-macc-pfc) WITH ID ethernet:eth-node-/if:interfaces-state/if:interface/if:statistics-augmentation-container-Ethernet-container-statistics-macc-in-pkts-macc-pfc
12390 [Test worker] INFO  x.yang.diagram.YangDiagramGenerator  - CREATED ELEMENT FOR statement:io.typefox.yang.yang.impl.LeafImpl@4236589a (name: in-pkts-macc-pause) WITH ID ethernet:eth-node-/if:interfaces-state/if:interface/if:statistics-augmentation-container-Ethernet-container-statistics-macc-in-pkts-macc-pause
12390 [Test worker] INFO  x.yang.diagram.YangDiagramGenerator  - CREATED ELEMENT FOR statement:io.typefox.yang.yang.impl.LeafImpl@2f51903a (name: in-pkts-macc-unknown) WITH ID ethernet:eth-node-/if:interfaces-state/if:interface/if:statistics-augmentation-container-Ethernet-container-statistics-macc-in-pkts-macc-unknown
12390 [Test worker] INFO  x.yang.diagram.YangDiagramGenerator  - CREATED ELEMENT FOR statement:io.typefox.yang.yang.impl.LeafImpl@5e66f558 (name: out-pkts-macc-extension) WITH ID ethernet:eth-node-/if:interfaces-state/if:interface/if:statistics-augmentation-container-Ethernet-container-statistics-macc-out-pkts-macc-extension
12390 [Test worker] INFO  x.yang.diagram.YangDiagramGenerator  - CREATED ELEMENT FOR statement:io.typefox.yang.yang.impl.LeafImpl@4c423992 (name: out-pkts-macc-pfc) WITH ID ethernet:eth-node-/if:interfaces-state/if:interface/if:statistics-augmentation-container-Ethernet-container-statistics-macc-out-pkts-macc-pfc
12390 [Test worker] INFO  x.yang.diagram.YangDiagramGenerator  - CREATED ELEMENT FOR statement:io.typefox.yang.yang.impl.LeafImpl@3cc04a08 (name: out-pkts-macc-pause) WITH ID ethernet:eth-node-/if:interfaces-state/if:interface/if:statistics-augmentation-container-Ethernet-container-statistics-macc-out-pkts-macc-pause
12390 [Test worker] INFO  x.yang.diagram.YangDiagramGenerator  - CREATED ELEMENT FOR statement:io.typefox.yang.yang.impl.ContainerImpl@1fb3ddea (name: statistics-macc) WITH ID ethernet:eth-node-/if:interfaces-state/if:interface/if:statistics-augmentation-container-Ethernet-container-statistics-macc
12390 [Test worker] INFO  x.yang.diagram.YangDiagramGenerator  - CREATED ELEMENT FOR statement:io.typefox.yang.yang.impl.LeafImpl@76963771 (name: in-lpi-transiton-count) WITH ID ethernet:eth-node-/if:interfaces-state/if:interface/if:statistics-augmentation-container-Ethernet-container-statistics-lpi-in-lpi-transiton-count
12390 [Test worker] INFO  x.yang.diagram.YangDiagramGenerator  - CREATED ELEMENT FOR statement:io.typefox.yang.yang.impl.LeafImpl@2b451e98 (name: in-lpi-ms) WITH ID ethernet:eth-node-/if:interfaces-state/if:interface/if:statistics-augmentation-container-Ethernet-container-statistics-lpi-in-lpi-ms
12390 [Test worker] INFO  x.yang.diagram.YangDiagramGenerator  - CREATED ELEMENT FOR statement:io.typefox.yang.yang.impl.LeafImpl@15eb81f2 (name: out-lpi-transiton-count) WITH ID ethernet:eth-node-/if:interfaces-state/if:interface/if:statistics-augmentation-container-Ethernet-container-statistics-lpi-out-lpi-transiton-count
12390 [Test worker] INFO  x.yang.diagram.YangDiagramGenerator  - CREATED ELEMENT FOR statement:io.typefox.yang.yang.impl.LeafImpl@14b65228 (name: out-lpi-ms) WITH ID ethernet:eth-node-/if:interfaces-state/if:interface/if:statistics-augmentation-container-Ethernet-container-statistics-lpi-out-lpi-ms
12390 [Test worker] INFO  x.yang.diagram.YangDiagramGenerator  - CREATED ELEMENT FOR statement:io.typefox.yang.yang.impl.ContainerImpl@535cc270 (name: statistics-lpi) WITH ID ethernet:eth-node-/if:interfaces-state/if:interface/if:statistics-augmentation-container-Ethernet-container-statistics-lpi
12390 [Test worker] INFO  x.yang.diagram.YangDiagramGenerator  - CREATED ELEMENT FOR statement:io.typefox.yang.yang.impl.ContainerImpl@50eeb75d (name: Ethernet) WITH ID ethernet:eth-node-/if:interfaces-state/if:interface/if:statistics-augmentation-container-Ethernet
12390 [Test worker] INFO  x.yang.diagram.YangDiagramGenerator  - CREATED ELEMENT FOR statement:io.typefox.yang.yang.impl.AugmentImpl@194358a3 WITH ID ethernet:eth-node-/if:interfaces-state/if:interface/if:statistics-augmentation
12390 [Test worker] INFO  x.yang.diagram.YangDiagramGenerator  - CREATED ELEMENT FOR statement:io.typefox.yang.yang.impl.ModuleImpl@3fc27eb1 (name: ethernet) WITH ID ethernet:eth
12393 [Test worker] INFO  x.yang.diagram.YangDiagramGenerator  - Generating diagram for input: 'foo.yang'
12393 [Test worker] INFO  x.yang.diagram.YangDiagramGenerator  - CREATED ELEMENT FOR statement:io.typefox.yang.yang.impl.TypedefImpl@5497f641 (name: foo) WITH ID foo:x-node-typedef-foo
12393 [Test worker] INFO  x.yang.diagram.YangDiagramGenerator  - CREATED ELEMENT FOR statement:io.typefox.yang.yang.impl.TypedefImpl@4733aa96 (name: foo2) WITH ID foo:x-node-typedef-foo2
12393 [Test worker] INFO  x.yang.diagram.YangDiagramGenerator  - CREATED ELEMENT FOR statement:io.typefox.yang.yang.impl.TypedefImpl@6efb43bd (name: foo3) WITH ID foo:x-node-typedef-foo3
12393 [Test worker] INFO  x.yang.diagram.YangDiagramGenerator  - CREATED ELEMENT FOR statement:io.typefox.yang.yang.impl.ContainerImpl@781c0ee3 (name: cool) WITH ID foo:x-node-container-c12-container-cool
12393 [Test worker] INFO  x.yang.diagram.YangDiagramGenerator  - CREATED ELEMENT FOR statement:io.typefox.yang.yang.impl.ContainerImpl@1352da5f (name: c12) WITH ID foo:x-node-container-c12
12402 [Test worker] INFO  x.yang.diagram.YangDiagramGenerator  - CREATED ELEMENT FOR statement:io.typefox.yang.yang.impl.ModuleImpl@49efa5b9 (name: foo) WITH ID foo:x
12421 [Test worker] INFO  x.yang.diagram.YangDiagramGenerator  - Generating diagram for input: 'yt4.yang'
12421 [Test worker] INFO  x.yang.diagram.YangDiagramGenerator  - CREATED ELEMENT FOR statement:io.typefox.yang.yang.impl.LeafImpl@439127d8 (name: yy) WITH ID yt4:yt4-node-container-con1-yy
12421 [Test worker] INFO  x.yang.diagram.YangDiagramGenerator  - CREATED ELEMENT FOR statement:io.typefox.yang.yang.impl.LeafImpl@6190a4cd (name: b) WITH ID yt4:yt4-node-container-con1-grouping-con1_grp1-b
12421 [Test worker] INFO  x.yang.diagram.YangDiagramGenerator  - CREATED ELEMENT FOR statement:io.typefox.yang.yang.impl.LeafImpl@7fcb4205 (name: a_) WITH ID yt4:yt4-node-container-con1-grouping-con1_grp1-a_
12421 [Test worker] INFO  x.yang.diagram.YangDiagramGenerator  - CREATED ELEMENT FOR statement:io.typefox.yang.yang.impl.GroupingImpl@17f25156 (name: con1_grp1) WITH ID yt4:yt4-node-container-con1-grouping-con1_grp1
12421 [Test worker] INFO  x.yang.diagram.YangDiagramGenerator  - CREATED ELEMENT FOR statement:io.typefox.yang.yang.impl.LeafImpl@5d971b97 (name: xx) WITH ID yt4:yt4-node-container-con1-list-con1_list1-xx
12421 [Test worker] INFO  x.yang.diagram.YangDiagramGenerator  - CREATED ELEMENT FOR statement:io.typefox.yang.yang.impl.LeafImpl@39457a24 (name: xxx) WITH ID yt4:yt4-node-container-con1-list-con1_list1-xxx
12421 [Test worker] INFO  x.yang.diagram.YangDiagramGenerator  - CREATED ELEMENT FOR statement:io.typefox.yang.yang.impl.LeafImpl@1c3bdc63 (name: zz) WITH ID yt4:yt4-node-container-con1-list-con1_list1-zz
12431 [Test worker] INFO  x.yang.diagram.YangDiagramGenerator  - CREATED ELEMENT FOR statement:io.typefox.yang.yang.impl.LeafImpl@19c64653 (name: bax) WITH ID yt4:yt4-node-container-con1-list-con1_list1-bax
12431 [Test worker] INFO  x.yang.diagram.YangDiagramGenerator  - CREATED ELEMENT FOR statement:io.typefox.yang.yang.impl.UsesImpl@7ce8bd5f WITH ID yt4:yt4-node-container-con1-list-con1_list1-uses con1_grp1-pill
12431 [Test worker] INFO  x.yang.diagram.YangDiagramGenerator  - CREATED ELEMENT FOR statement:io.typefox.yang.yang.impl.TypedefImpl@6eee6cbc (name: zz_type) WITH ID yt4:yt4-node-container-con1-list-con1_list1-typedef-zz_type
12431 [Test worker] INFO  x.yang.diagram.YangDiagramGenerator  - CREATED ELEMENT FOR statement:io.typefox.yang.yang.impl.ListImpl@2cf47dc6 (name: con1_list1) WITH ID yt4:yt4-node-container-con1-list-con1_list1
12431 [Test worker] INFO  x.yang.diagram.YangDiagramGenerator  - CREATED ELEMENT FOR statement:io.typefox.yang.yang.impl.TypedefImpl@7ab42d5 (name: con1_typ1) WITH ID yt4:yt4-node-container-con1-typedef-con1_typ1
12431 [Test worker] INFO  x.yang.diagram.YangDiagramGenerator  - CREATED ELEMENT FOR statement:io.typefox.yang.yang.impl.ContainerImpl@3e10053a (name: con1) WITH ID yt4:yt4-node-container-con1
12431 [Test worker] INFO  x.yang.diagram.YangDiagramGenerator  - CREATED ELEMENT FOR statement:io.typefox.yang.yang.impl.ModuleImpl@238615c8 (name: yt4) WITH ID yt4:yt4
12439 [Test worker] INFO  x.yang.diagram.YangDiagramGenerator  - Generating diagram for input: 'fun_with_augments.yang'
12440 [Test worker] INFO  x.yang.diagram.YangDiagramGenerator  - CREATED ELEMENT FOR statement:io.typefox.yang.yang.impl.ContainerImpl@57c795bd (name: foo) WITH ID fun_with_augments:fun_with_augments-node-container-foo
12440 [Test worker] INFO  x.yang.diagram.YangDiagramGenerator  - CREATED ELEMENT FOR statement:io.typefox.yang.yang.impl.ContainerImpl@4626e43f (name: bar) WITH ID fun_with_augments:fun_with_augments-node-container-bar
12440 [Test worker] INFO  x.yang.diagram.YangDiagramGenerator  - CREATED ELEMENT FOR statement:io.typefox.yang.yang.impl.LeafImpl@3c6feb71 (name: l) WITH ID fun_with_augments:fun_with_augments-node-/foo-augmentation-list-list-l
12440 [Test worker] INFO  x.yang.diagram.YangDiagramGenerator  - CREATED ELEMENT FOR statement:io.typefox.yang.yang.impl.ListImpl@72bf87eb (name: list) WITH ID fun_with_augments:fun_with_augments-node-/foo-augmentation-list-list
12440 [Test worker] INFO  x.yang.diagram.YangDiagramGenerator  - CREATED ELEMENT FOR statement:io.typefox.yang.yang.impl.AugmentImpl@193e9e7c WITH ID fun_with_augments:fun_with_augments-node-/foo-augmentation
12440 [Test worker] INFO  x.yang.diagram.YangDiagramGenerator  - CREATED ELEMENT FOR statement:io.typefox.yang.yang.impl.LeafImpl@68c89678 (name: l) WITH ID fun_with_augments:fun_with_augments-node-/bar-augmentation-list-list-l
12440 [Test worker] INFO  x.yang.diagram.YangDiagramGenerator  - CREATED ELEMENT FOR statement:io.typefox.yang.yang.impl.ListImpl@2b3fcc73 (name: list) WITH ID fun_with_augments:fun_with_augments-node-/bar-augmentation-list-list
12440 [Test worker] INFO  x.yang.diagram.YangDiagramGenerator  - CREATED ELEMENT FOR statement:io.typefox.yang.yang.impl.AugmentImpl@25318620 WITH ID fun_with_augments:fun_with_augments-node-/bar-augmentation
12440 [Test worker] INFO  x.yang.diagram.YangDiagramGenerator  - CREATED ELEMENT FOR statement:io.typefox.yang.yang.impl.ModuleImpl@48913184 (name: fun_with_augments) WITH ID fun_with_augments:fun_with_augments
12450 [Test worker] INFO  x.yang.diagram.YangDiagramGenerator  - Generating diagram for input: 'quoted-string-1.0.yang'
12450 [Test worker] INFO  x.yang.diagram.YangDiagramGenerator  - CREATED ELEMENT FOR statement:io.typefox.yang.yang.impl.ModuleImpl@68cde79d (name: quoted-string-1.0) WITH ID quoted-string-1.0:qs
12471 [Test worker] INFO  x.yang.diagram.YangDiagramGenerator  - Generating diagram for input: 'yt6.yang'
12471 [Test worker] INFO  x.yang.diagram.YangDiagramGenerator  - CREATED ELEMENT FOR statement:io.typefox.yang.yang.impl.TypedefImpl@6492b2a5 (name: un-1) WITH ID yt6:yt6-node-typedef-un-1
12471 [Test worker] INFO  x.yang.diagram.YangDiagramGenerator  - CREATED ELEMENT FOR statement:io.typefox.yang.yang.impl.LeafImpl@76b305a4 (name: xxx) WITH ID yt6:yt6-node-/foo/a/z-augmentation-xxx
12471 [Test worker] INFO  x.yang.diagram.YangDiagramGenerator  - CREATED ELEMENT FOR statement:io.typefox.yang.yang.impl.AugmentImpl@23be1ef2 WITH ID yt6:yt6-node-/foo/a/z-augmentation
12471 [Test worker] INFO  x.yang.diagram.YangDiagramGenerator  - CREATED ELEMENT FOR statement:io.typefox.yang.yang.impl.LeafImpl@3093f5c9 (name: zzz) WITH ID yt6:yt6-node-/foo/a-augmentation-zz-case-zzz
12471 [Test worker] INFO  x.yang.diagram.YangDiagramGenerator  - CREATED ELEMENT FOR statement:io.typefox.yang.yang.impl.CaseImpl@41656ee4 (name: zz) WITH ID yt6:yt6-node-/foo/a-augmentation-zz-case
12471 [Test worker] INFO  x.yang.diagram.YangDiagramGenerator  - CREATED ELEMENT FOR statement:io.typefox.yang.yang.impl.AugmentImpl@2f95cd49 WITH ID yt6:yt6-node-/foo/a-augmentation
12472 [Test worker] INFO  x.yang.diagram.YangDiagramGenerator  - CREATED ELEMENT FOR statement:io.typefox.yang.yang.impl.LeafImpl@7c0f1fc7 (name: un) WITH ID yt6:yt6-node-container-foo-un
12472 [Test worker] INFO  x.yang.diagram.YangDiagramGenerator  - CREATED ELEMENT FOR statement:io.typefox.yang.yang.impl.LeafImpl@539d9032 (name: bar1) WITH ID yt6:yt6-node-container-foo-bar1
12472 [Test worker] INFO  x.yang.diagram.YangDiagramGenerator  - CREATED ELEMENT FOR statement:io.typefox.yang.yang.impl.LeafImpl@3965d6eb (name: bar2) WITH ID yt6:yt6-node-container-foo-bar2
12472 [Test worker] INFO  x.yang.diagram.YangDiagramGenerator  - CREATED ELEMENT FOR statement:io.typefox.yang.yang.impl.LeafImpl@389bab0b (name: bar3) WITH ID yt6:yt6-node-container-foo-bar3
12472 [Test worker] INFO  x.yang.diagram.YangDiagramGenerator  - CREATED ELEMENT FOR statement:io.typefox.yang.yang.impl.LeafImpl@3c6e7af8 (name: bar4) WITH ID yt6:yt6-node-container-foo-bar4
12472 [Test worker] INFO  x.yang.diagram.YangDiagramGenerator  - CREATED ELEMENT FOR statement:io.typefox.yang.yang.impl.LeafImpl@34d6147 (name: bar5) WITH ID yt6:yt6-node-container-foo-bar5
12472 [Test worker] INFO  x.yang.diagram.YangDiagramGenerator  - CREATED ELEMENT FOR statement:io.typefox.yang.yang.impl.LeafImpl@14883d4b (name: bar6) WITH ID yt6:yt6-node-container-foo-bar6
12472 [Test worker] INFO  x.yang.diagram.YangDiagramGenerator  - CREATED ELEMENT FOR statement:io.typefox.yang.yang.impl.LeafImpl@71ae0f22 (name: x) WITH ID yt6:yt6-node-container-foo-a-choice-x-case-x-case-x
12472 [Test worker] INFO  x.yang.diagram.YangDiagramGenerator  - CREATED ELEMENT FOR statement:io.typefox.yang.yang.impl.LeafImpl@3e581255 (name: y) WITH ID yt6:yt6-node-container-foo-a-choice-y-case-y-case-y
12472 [Test worker] INFO  x.yang.diagram.YangDiagramGenerator  - CREATED ELEMENT FOR statement:io.typefox.yang.yang.impl.ContainerImpl@56771b80 (name: z) WITH ID yt6:yt6-node-container-foo-a-choice-z-case-z-case-container-z
12472 [Test worker] INFO  x.yang.diagram.YangDiagramGenerator  - CREATED ELEMENT FOR statement:io.typefox.yang.yang.impl.ChoiceImpl@3400660 (name: a) WITH ID yt6:yt6-node-container-foo-a-choice
12472 [Test worker] INFO  x.yang.diagram.YangDiagramGenerator  - CREATED ELEMENT FOR statement:io.typefox.yang.yang.impl.ContainerImpl@216de35 (name: foo) WITH ID yt6:yt6-node-container-foo
12472 [Test worker] INFO  x.yang.diagram.YangDiagramGenerator  - CREATED ELEMENT FOR statement:io.typefox.yang.yang.impl.LeafImpl@7ca2ae98 (name: zz1) WITH ID yt6:yt6-node-list-bar-zz1
12472 [Test worker] INFO  x.yang.diagram.YangDiagramGenerator  - CREATED ELEMENT FOR statement:io.typefox.yang.yang.impl.LeafImpl@12671197 (name: zz2) WITH ID yt6:yt6-node-list-bar-zz2
12472 [Test worker] INFO  x.yang.diagram.YangDiagramGenerator  - CREATED ELEMENT FOR statement:io.typefox.yang.yang.impl.LeafListImpl@119766bd (name: zz3) WITH ID yt6:yt6-node-list-bar-zz3
12472 [Test worker] INFO  x.yang.diagram.YangDiagramGenerator  - CREATED ELEMENT FOR statement:io.typefox.yang.yang.impl.LeafImpl@25c4e5cc (name: bar1) WITH ID yt6:yt6-node-list-bar-bar1
12472 [Test worker] INFO  x.yang.diagram.YangDiagramGenerator  - CREATED ELEMENT FOR statement:io.typefox.yang.yang.impl.ListImpl@4c7b5982 (name: bar) WITH ID yt6:yt6-node-list-bar
12472 [Test worker] INFO  x.yang.diagram.YangDiagramGenerator  - CREATED ELEMENT FOR statement:io.typefox.yang.yang.impl.LeafImpl@66ba1233 (name: x2) WITH ID yt6:yt6-node-notification-notif1-x2
12472 [Test worker] INFO  x.yang.diagram.YangDiagramGenerator  - CREATED ELEMENT FOR statement:io.typefox.yang.yang.impl.LeafImpl@4c3232d7 (name: yy) WITH ID yt6:yt6-node-notification-notif1-container-x-yy
12472 [Test worker] INFO  x.yang.diagram.YangDiagramGenerator  - CREATED ELEMENT FOR statement:io.typefox.yang.yang.impl.LeafImpl@4eda5418 (name: xx) WITH ID yt6:yt6-node-notification-notif1-container-x-list-y-xx
12472 [Test worker] INFO  x.yang.diagram.YangDiagramGenerator  - CREATED ELEMENT FOR statement:io.typefox.yang.yang.impl.LeafImpl@58fba308 (name: zz) WITH ID yt6:yt6-node-notification-notif1-container-x-list-y-zz
12472 [Test worker] INFO  x.yang.diagram.YangDiagramGenerator  - CREATED ELEMENT FOR statement:io.typefox.yang.yang.impl.ListImpl@6e6619ae (name: y) WITH ID yt6:yt6-node-notification-notif1-container-x-list-y
12472 [Test worker] INFO  x.yang.diagram.YangDiagramGenerator  - CREATED ELEMENT FOR statement:io.typefox.yang.yang.impl.TypedefImpl@331f3a3f (name: zz_type) WITH ID yt6:yt6-node-notification-notif1-container-x-typedef-zz_type
12472 [Test worker] INFO  x.yang.diagram.YangDiagramGenerator  - CREATED ELEMENT FOR statement:io.typefox.yang.yang.impl.ContainerImpl@2ff9c2d0 (name: x) WITH ID yt6:yt6-node-notification-notif1-container-x
12472 [Test worker] INFO  x.yang.diagram.YangDiagramGenerator  - CREATED ELEMENT FOR statement:io.typefox.yang.yang.impl.NotificationImpl@2a1fc7c4 (name: notif1) WITH ID yt6:yt6-node-notification-notif1
12472 [Test worker] INFO  x.yang.diagram.YangDiagramGenerator  - CREATED ELEMENT FOR statement:io.typefox.yang.yang.impl.NotificationImpl@74ea0040 (name: notif2) WITH ID yt6:yt6-node-notification-notif2
12472 [Test worker] INFO  x.yang.diagram.YangDiagramGenerator  - CREATED ELEMENT FOR statement:io.typefox.yang.yang.impl.ModuleImpl@3e6e0220 (name: yt6) WITH ID yt6:yt6
12518 [Test worker] INFO  x.yang.diagram.YangDiagramGenerator  - Generating diagram for input: 'xt11.yang'
12518 [Test worker] INFO  x.yang.diagram.YangDiagramGenerator  - CREATED ELEMENT FOR statement:io.typefox.yang.yang.impl.LeafImpl@2ca74a36 (name: x) WITH ID xt11:xt11-node-grouping-x-x
12518 [Test worker] INFO  x.yang.diagram.YangDiagramGenerator  - CREATED ELEMENT FOR statement:io.typefox.yang.yang.impl.GroupingImpl@47a1048 (name: x) WITH ID xt11:xt11-node-grouping-x
12518 [Test worker] INFO  x.yang.diagram.YangDiagramGenerator  - CREATED ELEMENT FOR statement:io.typefox.yang.yang.impl.ModuleImpl@ce5c260 (name: xt11) WITH ID xt11:xt11
12543 [Test worker] INFO  x.yang.diagram.YangDiagramGenerator  - Generating diagram for input: 'xt6.yang'
12543 [Test worker] INFO  x.yang.diagram.YangDiagramGenerator  - CREATED ELEMENT FOR statement:io.typefox.yang.yang.impl.UsesImpl@4bc3cc0b WITH ID xt6:xt6-node-uses x-pill
12543 [Test worker] INFO  x.yang.diagram.YangDiagramGenerator  - CREATED ELEMENT FOR statement:io.typefox.yang.yang.impl.ModuleImpl@62806dbd (name: xt6) WITH ID xt6:xt6
12562 [Test worker] INFO  x.yang.diagram.YangDiagramGenerator  - Generating diagram for input: 'leafref2-1.1.yang'
12563 [Test worker] INFO  x.yang.diagram.YangDiagramGenerator  - CREATED ELEMENT FOR statement:io.typefox.yang.yang.impl.UsesImpl@1436107 WITH ID leafref2-1.1:ll2-node-uses x-pill
12563 [Test worker] INFO  x.yang.diagram.YangDiagramGenerator  - CREATED ELEMENT FOR statement:io.typefox.yang.yang.impl.ModuleImpl@642c7192 (name: leafref2-1.1) WITH ID leafref2-1.1:ll2
12596 [Test worker] INFO  x.yang.diagram.YangDiagramGenerator  - Generating diagram for input: 'w.yang'
12597 [Test worker] INFO  x.yang.diagram.YangDiagramGenerator  - CREATED ELEMENT FOR statement:io.typefox.yang.yang.impl.LeafImpl@a64d3a0 (name: y) WITH ID w:w-node-grouping-X-y
12597 [Test worker] INFO  x.yang.diagram.YangDiagramGenerator  - CREATED ELEMENT FOR statement:io.typefox.yang.yang.impl.GroupingImpl@11f51200 (name: X) WITH ID w:w-node-grouping-X
12597 [Test worker] INFO  x.yang.diagram.YangDiagramGenerator  - CREATED ELEMENT FOR statement:io.typefox.yang.yang.impl.UsesImpl@646382b2 WITH ID w:w-node-grouping-Y-container-z-uses X-pill
12597 [Test worker] INFO  x.yang.diagram.YangDiagramGenerator  - CREATED ELEMENT FOR statement:io.typefox.yang.yang.impl.ContainerImpl@31b82e7c (name: z) WITH ID w:w-node-grouping-Y-container-z
12597 [Test worker] INFO  x.yang.diagram.YangDiagramGenerator  - CREATED ELEMENT FOR statement:io.typefox.yang.yang.impl.GroupingImpl@1d6d1238 (name: Y) WITH ID w:w-node-grouping-Y
12597 [Test worker] INFO  x.yang.diagram.YangDiagramGenerator  - CREATED ELEMENT FOR statement:io.typefox.yang.yang.impl.UsesImpl@24317687 WITH ID w:w-node-uses Y-pill
12597 [Test worker] INFO  x.yang.diagram.YangDiagramGenerator  - CREATED ELEMENT FOR statement:io.typefox.yang.yang.impl.UsesImpl@5c3f06a1 WITH ID w:w-node-container-q-uses g-pill
12597 [Test worker] INFO  x.yang.diagram.YangDiagramGenerator  - CREATED ELEMENT FOR statement:io.typefox.yang.yang.impl.ContainerImpl@2c841894 (name: q) WITH ID w:w-node-container-q
12597 [Test worker] INFO  x.yang.diagram.YangDiagramGenerator  - CREATED ELEMENT FOR statement:io.typefox.yang.yang.impl.ModuleImpl@598d23ee (name: w) WITH ID w:w
12615 [Test worker] INFO  x.yang.diagram.YangDiagramGenerator  - Generating diagram for input: 'xt8.yang'
12615 [Test worker] INFO  x.yang.diagram.YangDiagramGenerator  - CREATED ELEMENT FOR statement:io.typefox.yang.yang.impl.LeafImpl@5ec51b10 (name: a1) WITH ID xt8:x-node-container-x-list-a-a1
12615 [Test worker] INFO  x.yang.diagram.YangDiagramGenerator  - CREATED ELEMENT FOR statement:io.typefox.yang.yang.impl.LeafImpl@6e67c175 (name: a2) WITH ID xt8:x-node-container-x-list-a-a2
12615 [Test worker] INFO  x.yang.diagram.YangDiagramGenerator  - CREATED ELEMENT FOR statement:io.typefox.yang.yang.impl.LeafListImpl@2711b0fc (name: a3) WITH ID xt8:x-node-container-x-list-a-a3
12615 [Test worker] INFO  x.yang.diagram.YangDiagramGenerator  - CREATED ELEMENT FOR statement:io.typefox.yang.yang.impl.LeafImpl@3a4ee762 (name: b1) WITH ID xt8:x-node-container-x-list-a-list-b-b1
12615 [Test worker] INFO  x.yang.diagram.YangDiagramGenerator  - CREATED ELEMENT FOR statement:io.typefox.yang.yang.impl.LeafImpl@4ca576a0 (name: b2) WITH ID xt8:x-node-container-x-list-a-list-b-b2
12615 [Test worker] INFO  x.yang.diagram.YangDiagramGenerator  - CREATED ELEMENT FOR statement:io.typefox.yang.yang.impl.LeafImpl@1c197a28 (name: c1) WITH ID xt8:x-node-container-x-list-a-list-b-list-c-c1
12615 [Test worker] INFO  x.yang.diagram.YangDiagramGenerator  - CREATED ELEMENT FOR statement:io.typefox.yang.yang.impl.LeafImpl@36a5af07 (name: c2) WITH ID xt8:x-node-container-x-list-a-list-b-list-c-c2
12615 [Test worker] INFO  x.yang.diagram.YangDiagramGenerator  - CREATED ELEMENT FOR statement:io.typefox.yang.yang.impl.ListImpl@7b1d3b46 (name: c) WITH ID xt8:x-node-container-x-list-a-list-b-list-c
12615 [Test worker] INFO  x.yang.diagram.YangDiagramGenerator  - CREATED ELEMENT FOR statement:io.typefox.yang.yang.impl.ListImpl@1c6a52f3 (name: b) WITH ID xt8:x-node-container-x-list-a-list-b
12615 [Test worker] INFO  x.yang.diagram.YangDiagramGenerator  - CREATED ELEMENT FOR statement:io.typefox.yang.yang.impl.ListImpl@4bf5a36c (name: a) WITH ID xt8:x-node-container-x-list-a
12615 [Test worker] INFO  x.yang.diagram.YangDiagramGenerator  - CREATED ELEMENT FOR statement:io.typefox.yang.yang.impl.LeafImpl@50b3e082 (name: ra1) WITH ID xt8:x-node-container-x-container-ref1-ra1
12615 [Test worker] INFO  x.yang.diagram.YangDiagramGenerator  - CREATED ELEMENT FOR statement:io.typefox.yang.yang.impl.LeafImpl@42e636d9 (name: rb1) WITH ID xt8:x-node-container-x-container-ref1-rb1
12615 [Test worker] INFO  x.yang.diagram.YangDiagramGenerator  - CREATED ELEMENT FOR statement:io.typefox.yang.yang.impl.LeafImpl@c5509bc (name: rb2) WITH ID xt8:x-node-container-x-container-ref1-rb2
12615 [Test worker] INFO  x.yang.diagram.YangDiagramGenerator  - CREATED ELEMENT FOR statement:io.typefox.yang.yang.impl.LeafImpl@6a5d2599 (name: rc1) WITH ID xt8:x-node-container-x-container-ref1-rc1
12615 [Test worker] INFO  x.yang.diagram.YangDiagramGenerator  - CREATED ELEMENT FOR statement:io.typefox.yang.yang.impl.LeafImpl@25a57fa0 (name: rc2) WITH ID xt8:x-node-container-x-container-ref1-rc2
12615 [Test worker] INFO  x.yang.diagram.YangDiagramGenerator  - CREATED ELEMENT FOR statement:io.typefox.yang.yang.impl.LeafImpl@5686c533 (name: dc1) WITH ID xt8:x-node-container-x-container-ref1-dc1
12615 [Test worker] INFO  x.yang.diagram.YangDiagramGenerator  - CREATED ELEMENT FOR statement:io.typefox.yang.yang.impl.LeafImpl@723a2eb6 (name: ra2) WITH ID xt8:x-node-container-x-container-ref1-ra2
12615 [Test worker] INFO  x.yang.diagram.YangDiagramGenerator  - CREATED ELEMENT FOR statement:io.typefox.yang.yang.impl.LeafImpl@7148bc85 (name: ra3) WITH ID xt8:x-node-container-x-container-ref1-ra3
12615 [Test worker] INFO  x.yang.diagram.YangDiagramGenerator  - CREATED ELEMENT FOR statement:io.typefox.yang.yang.impl.ContainerImpl@7f9e9573 (name: ref1) WITH ID xt8:x-node-container-x-container-ref1
12615 [Test worker] INFO  x.yang.diagram.YangDiagramGenerator  - CREATED ELEMENT FOR statement:io.typefox.yang.yang.impl.ContainerImpl@1fd178ee (name: x) WITH ID xt8:x-node-container-x
12615 [Test worker] INFO  x.yang.diagram.YangDiagramGenerator  - CREATED ELEMENT FOR statement:io.typefox.yang.yang.impl.ContainerImpl@3c3daa3c (name: c1) WITH ID xt8:x-node-grouping-g-container-c1
12615 [Test worker] INFO  x.yang.diagram.YangDiagramGenerator  - CREATED ELEMENT FOR statement:io.typefox.yang.yang.impl.GroupingImpl@8a585aa (name: g) WITH ID xt8:x-node-grouping-g
12616 [Test worker] INFO  x.yang.diagram.YangDiagramGenerator  - CREATED ELEMENT FOR statement:io.typefox.yang.yang.impl.ContainerImpl@39bacc0 (name: c2) WITH ID xt8:x-node-uses g-pill-c1-augmentation-container-c2
12616 [Test worker] INFO  x.yang.diagram.YangDiagramGenerator  - CREATED ELEMENT FOR statement:io.typefox.yang.yang.impl.AugmentImpl@1719a255 WITH ID xt8:x-node-uses g-pill-c1-augmentation
12616 [Test worker] INFO  x.yang.diagram.YangDiagramGenerator  - CREATED ELEMENT FOR statement:io.typefox.yang.yang.impl.UsesImpl@462486c0 WITH ID xt8:x-node-uses g-pill
12616 [Test worker] INFO  x.yang.diagram.YangDiagramGenerator  - CREATED ELEMENT FOR statement:io.typefox.yang.yang.impl.ContainerImpl@6208d37b (name: c12) WITH ID xt8:x-node-grouping-g2-container-c12
12616 [Test worker] INFO  x.yang.diagram.YangDiagramGenerator  - CREATED ELEMENT FOR statement:io.typefox.yang.yang.impl.GroupingImpl@3cab9e56 (name: g2) WITH ID xt8:x-node-grouping-g2
12616 [Test worker] INFO  x.yang.diagram.YangDiagramGenerator  - CREATED ELEMENT FOR statement:io.typefox.yang.yang.impl.LeafImpl@667a889c (name: lm1) WITH ID xt8:x-node-uses g2-pill-c12-augmentation-lm1
12616 [Test worker] INFO  x.yang.diagram.YangDiagramGenerator  - CREATED ELEMENT FOR statement:io.typefox.yang.yang.impl.ContainerImpl@40a1015 (name: c22) WITH ID xt8:x-node-uses g2-pill-c12-augmentation-container-c22
12616 [Test worker] INFO  x.yang.diagram.YangDiagramGenerator  - CREATED ELEMENT FOR statement:io.typefox.yang.yang.impl.AugmentImpl@203d88e4 WITH ID xt8:x-node-uses g2-pill-c12-augmentation
12616 [Test worker] INFO  x.yang.diagram.YangDiagramGenerator  - CREATED ELEMENT FOR statement:io.typefox.yang.yang.impl.UsesImpl@4084eb9b WITH ID xt8:x-node-uses g2-pill
12616 [Test worker] INFO  x.yang.diagram.YangDiagramGenerator  - CREATED ELEMENT FOR statement:io.typefox.yang.yang.impl.ContainerImpl@7208b57f (name: c32) WITH ID xt8:x-node-/c12/c22-augmentation-container-c32
12616 [Test worker] INFO  x.yang.diagram.YangDiagramGenerator  - CREATED ELEMENT FOR statement:io.typefox.yang.yang.impl.AugmentImpl@26d69993 WITH ID xt8:x-node-/c12/c22-augmentation
12616 [Test worker] INFO  x.yang.diagram.YangDiagramGenerator  - CREATED ELEMENT FOR statement:io.typefox.yang.yang.impl.LeafImpl@6ae05f05 (name: name) WITH ID xt8:x-node-container-xx-list-a-name
12616 [Test worker] INFO  x.yang.diagram.YangDiagramGenerator  - CREATED ELEMENT FOR statement:io.typefox.yang.yang.impl.ListImpl@d5fa9f1 (name: a) WITH ID xt8:x-node-container-xx-list-a
12616 [Test worker] INFO  x.yang.diagram.YangDiagramGenerator  - CREATED ELEMENT FOR statement:io.typefox.yang.yang.impl.LeafImpl@3a4b5668 (name: aref) WITH ID xt8:x-node-container-xx-c-choice-a-case-aref
12616 [Test worker] INFO  x.yang.diagram.YangDiagramGenerator  - CREATED ELEMENT FOR statement:io.typefox.yang.yang.impl.LeafImpl@28434ab3 (name: name) WITH ID xt8:x-node-container-xx-c-choice-a-case-list-yy-name
12616 [Test worker] INFO  x.yang.diagram.YangDiagramGenerator  - CREATED ELEMENT FOR statement:io.typefox.yang.yang.impl.ListImpl@40b320c9 (name: yy) WITH ID xt8:x-node-container-xx-c-choice-a-case-list-yy
12616 [Test worker] INFO  x.yang.diagram.YangDiagramGenerator  - CREATED ELEMENT FOR statement:io.typefox.yang.yang.impl.LeafImpl@30d3090f (name: yyref) WITH ID xt8:x-node-container-xx-c-choice-b-case-yyref
12616 [Test worker] INFO  x.yang.diagram.YangDiagramGenerator  - CREATED ELEMENT FOR statement:io.typefox.yang.yang.impl.ChoiceImpl@504bf16b (name: c) WITH ID xt8:x-node-container-xx-c-choice
12616 [Test worker] INFO  x.yang.diagram.YangDiagramGenerator  - CREATED ELEMENT FOR statement:io.typefox.yang.yang.impl.ContainerImpl@626f2f03 (name: xx) WITH ID xt8:x-node-container-xx
12616 [Test worker] INFO  x.yang.diagram.YangDiagramGenerator  - CREATED ELEMENT FOR statement:io.typefox.yang.yang.impl.ModuleImpl@3b83eeef (name: xt8) WITH ID xt8:x
12620 [Test worker] INFO  x.yang.diagram.YangDiagramGenerator  - Generating diagram for input: 'xt10.yang'
12620 [Test worker] INFO  x.yang.diagram.YangDiagramGenerator  - CREATED ELEMENT FOR statement:io.typefox.yang.yang.impl.TypedefImpl@4f80e57a (name: a) WITH ID xt10:xt10-node-typedef-a
12620 [Test worker] INFO  x.yang.diagram.YangDiagramGenerator  - CREATED ELEMENT FOR statement:io.typefox.yang.yang.impl.ModuleImpl@38d7b72a (name: xt10) WITH ID xt10:xt10
12630 [Test worker] INFO  x.yang.diagram.YangDiagramGenerator  - Generating diagram for input: 'revision@2000-01-01.yang'
12630 [Test worker] INFO  x.yang.diagram.YangDiagramGenerator  - CREATED ELEMENT FOR statement:io.typefox.yang.yang.impl.ModuleImpl@41c6aaa0 (name: revision) WITH ID revision:revision
12666 [Test worker] INFO  x.yang.diagram.YangDiagramGenerator  - Generating diagram for input: 'foo_augment2.yang'
12667 [Test worker] INFO  x.yang.diagram.YangDiagramGenerator  - CREATED ELEMENT FOR statement:io.typefox.yang.yang.impl.ContainerImpl@6239e4cb (name: augmented) WITH ID foo_augment2:aug2-node-/foo:c12/foo:cool/aug:augmented-augmentation-container-augmented
12667 [Test worker] INFO  x.yang.diagram.YangDiagramGenerator  - CREATED ELEMENT FOR statement:io.typefox.yang.yang.impl.AugmentImpl@3daa7948 WITH ID foo_augment2:aug2-node-/foo:c12/foo:cool/aug:augmented-augmentation
12667 [Test worker] INFO  x.yang.diagram.YangDiagramGenerator  - CREATED ELEMENT FOR statement:io.typefox.yang.yang.impl.ModuleImpl@6b0ee689 (name: foo_augment2) WITH ID foo_augment2:aug2
12681 [Test worker] INFO  x.yang.diagram.YangDiagramGenerator  - Generating diagram for input: 'inputaugment.yang'
12681 [Test worker] INFO  x.yang.diagram.YangDiagramGenerator  - CREATED ELEMENT FOR statement:io.typefox.yang.yang.impl.LeafImpl@884a39e (name: l) WITH ID inputaugment:ia-node-/foo/input/param-augmentation-l
12681 [Test worker] INFO  x.yang.diagram.YangDiagramGenerator  - CREATED ELEMENT FOR statement:io.typefox.yang.yang.impl.AugmentImpl@5a84731 WITH ID inputaugment:ia-node-/foo/input/param-augmentation
12681 [Test worker] INFO  x.yang.diagram.YangDiagramGenerator  - CREATED ELEMENT FOR statement:io.typefox.yang.yang.impl.ContainerImpl@78296d36 (name: param) WITH ID inputaugment:ia-node-rpc foo-pill-input-container-param
12681 [Test worker] INFO  x.yang.diagram.YangDiagramGenerator  - CREATED ELEMENT FOR statement:io.typefox.yang.yang.impl.InputImpl@496c59bd (name: null) WITH ID inputaugment:ia-node-rpc foo-pill-input
12681 [Test worker] INFO  x.yang.diagram.YangDiagramGenerator  - CREATED ELEMENT FOR statement:io.typefox.yang.yang.impl.RpcImpl@64599b5d (name: foo) WITH ID inputaugment:ia-node-rpc foo-pill
12681 [Test worker] INFO  x.yang.diagram.YangDiagramGenerator  - CREATED ELEMENT FOR statement:io.typefox.yang.yang.impl.ModuleImpl@230fd928 (name: inputaugment) WITH ID inputaugment:ia
12693 [Test worker] INFO  x.yang.diagram.YangDiagramGenerator  - Generating diagram for input: 'yt3.yang'
12701 [Test worker] INFO  x.yang.diagram.YangDiagramGenerator  - CREATED ELEMENT FOR statement:io.typefox.yang.yang.impl.TypedefImpl@10fc40a2 (name: t1) WITH ID yt3:yt3-node-typedef-t1
12701 [Test worker] INFO  x.yang.diagram.YangDiagramGenerator  - CREATED ELEMENT FOR statement:io.typefox.yang.yang.impl.TypedefImpl@3b7642b1 (name: t2) WITH ID yt3:yt3-node-typedef-t2
12701 [Test worker] INFO  x.yang.diagram.YangDiagramGenerator  - CREATED ELEMENT FOR statement:io.typefox.yang.yang.impl.TypedefImpl@13dda5f1 (name: t3) WITH ID yt3:yt3-node-typedef-t3
12701 [Test worker] INFO  x.yang.diagram.YangDiagramGenerator  - CREATED ELEMENT FOR statement:io.typefox.yang.yang.impl.TypedefImpl@4e46e83b (name: t4) WITH ID yt3:yt3-node-typedef-t4
12702 [Test worker] INFO  x.yang.diagram.YangDiagramGenerator  - CREATED ELEMENT FOR statement:io.typefox.yang.yang.impl.TypedefImpl@3ccd5801 (name: t5) WITH ID yt3:yt3-node-typedef-t5
12702 [Test worker] INFO  x.yang.diagram.YangDiagramGenerator  - CREATED ELEMENT FOR statement:io.typefox.yang.yang.impl.TypedefImpl@35a7e6e3 (name: t6) WITH ID yt3:yt3-node-typedef-t6
12702 [Test worker] INFO  x.yang.diagram.YangDiagramGenerator  - CREATED ELEMENT FOR statement:io.typefox.yang.yang.impl.TypedefImpl@4b2b2f8b (name: t7) WITH ID yt3:yt3-node-typedef-t7
12702 [Test worker] INFO  x.yang.diagram.YangDiagramGenerator  - CREATED ELEMENT FOR statement:io.typefox.yang.yang.impl.TypedefImpl@32d501e5 (name: t8) WITH ID yt3:yt3-node-typedef-t8
12702 [Test worker] INFO  x.yang.diagram.YangDiagramGenerator  - CREATED ELEMENT FOR statement:io.typefox.yang.yang.impl.TypedefImpl@640e5aee (name: t10) WITH ID yt3:yt3-node-typedef-t10
12702 [Test worker] INFO  x.yang.diagram.YangDiagramGenerator  - CREATED ELEMENT FOR statement:io.typefox.yang.yang.impl.TypedefImpl@6e142872 (name: t11) WITH ID yt3:yt3-node-typedef-t11
12702 [Test worker] INFO  x.yang.diagram.YangDiagramGenerator  - CREATED ELEMENT FOR statement:io.typefox.yang.yang.impl.TypedefImpl@7cd1054c (name: t13) WITH ID yt3:yt3-node-typedef-t13
12702 [Test worker] INFO  x.yang.diagram.YangDiagramGenerator  - CREATED ELEMENT FOR statement:io.typefox.yang.yang.impl.TypedefImpl@6691e91a (name: t13d) WITH ID yt3:yt3-node-typedef-t13d
12702 [Test worker] INFO  x.yang.diagram.YangDiagramGenerator  - CREATED ELEMENT FOR statement:io.typefox.yang.yang.impl.TypedefImpl@70de160c (name: t14) WITH ID yt3:yt3-node-typedef-t14
12702 [Test worker] INFO  x.yang.diagram.YangDiagramGenerator  - CREATED ELEMENT FOR statement:io.typefox.yang.yang.impl.TypedefImpl@3f46e7dd (name: t15) WITH ID yt3:yt3-node-typedef-t15
12702 [Test worker] INFO  x.yang.diagram.YangDiagramGenerator  - CREATED ELEMENT FOR statement:io.typefox.yang.yang.impl.TypedefImpl@4bc97e1c (name: t16) WITH ID yt3:yt3-node-typedef-t16
12702 [Test worker] INFO  x.yang.diagram.YangDiagramGenerator  - CREATED ELEMENT FOR statement:io.typefox.yang.yang.impl.TypedefImpl@22f99746 (name: t17) WITH ID yt3:yt3-node-typedef-t17
12702 [Test worker] INFO  x.yang.diagram.YangDiagramGenerator  - CREATED ELEMENT FOR statement:io.typefox.yang.yang.impl.TypedefImpl@22979b63 (name: t18) WITH ID yt3:yt3-node-typedef-t18
12702 [Test worker] INFO  x.yang.diagram.YangDiagramGenerator  - CREATED ELEMENT FOR statement:io.typefox.yang.yang.impl.TypedefImpl@2ae7f8e3 (name: t19) WITH ID yt3:yt3-node-typedef-t19
12702 [Test worker] INFO  x.yang.diagram.YangDiagramGenerator  - CREATED ELEMENT FOR statement:io.typefox.yang.yang.impl.TypedefImpl@2ade4a3d (name: Num3) WITH ID yt3:yt3-node-typedef-Num3
12702 [Test worker] INFO  x.yang.diagram.YangDiagramGenerator  - CREATED ELEMENT FOR statement:io.typefox.yang.yang.impl.TypedefImpl@44f3bb87 (name: Bug1) WITH ID yt3:yt3-node-typedef-Bug1
12702 [Test worker] INFO  x.yang.diagram.YangDiagramGenerator  - CREATED ELEMENT FOR statement:io.typefox.yang.yang.impl.TypedefImpl@5aa16cf9 (name: Num1) WITH ID yt3:yt3-node-typedef-Num1
12702 [Test worker] INFO  x.yang.diagram.YangDiagramGenerator  - CREATED ELEMENT FOR statement:io.typefox.yang.yang.impl.TypedefImpl@4f14b7ae (name: Num2) WITH ID yt3:yt3-node-typedef-Num2
12702 [Test worker] INFO  x.yang.diagram.YangDiagramGenerator  - CREATED ELEMENT FOR statement:io.typefox.yang.yang.impl.TypedefImpl@17c393d3 (name: Num4) WITH ID yt3:yt3-node-typedef-Num4
12702 [Test worker] INFO  x.yang.diagram.YangDiagramGenerator  - CREATED ELEMENT FOR statement:io.typefox.yang.yang.impl.TypedefImpl@4eb53d2f (name: Num6) WITH ID yt3:yt3-node-typedef-Num6
12702 [Test worker] INFO  x.yang.diagram.YangDiagramGenerator  - CREATED ELEMENT FOR statement:io.typefox.yang.yang.impl.LeafImpl@1fa256a4 (name: bar) WITH ID yt3:yt3-node-container-baz-bar
12702 [Test worker] INFO  x.yang.diagram.YangDiagramGenerator  - CREATED ELEMENT FOR statement:io.typefox.yang.yang.impl.LeafImpl@75e12b39 (name: bax) WITH ID yt3:yt3-node-container-baz-bax
12702 [Test worker] INFO  x.yang.diagram.YangDiagramGenerator  - CREATED ELEMENT FOR statement:io.typefox.yang.yang.impl.ContainerImpl@7eb7735d (name: baz) WITH ID yt3:yt3-node-container-baz
12702 [Test worker] INFO  x.yang.diagram.YangDiagramGenerator  - CREATED ELEMENT FOR statement:io.typefox.yang.yang.impl.ModuleImpl@190c65e1 (name: yt3) WITH ID yt3:yt3
12738 [Test worker] INFO  x.yang.diagram.YangDiagramGenerator  - Generating diagram for input: 'yt5a.yang'
12738 [Test worker] INFO  x.yang.diagram.YangDiagramGenerator  - CREATED ELEMENT FOR statement:io.typefox.yang.yang.impl.TypedefImpl@f3806e1 (name: un-1) WITH ID yt5a:yt5a-node-typedef-un-1
12738 [Test worker] INFO  x.yang.diagram.YangDiagramGenerator  - CREATED ELEMENT FOR statement:io.typefox.yang.yang.impl.LeafImpl@b6a09be (name: z) WITH ID yt5a:yt5a-node-grouping-X-z
12738 [Test worker] INFO  x.yang.diagram.YangDiagramGenerator  - CREATED ELEMENT FOR statement:io.typefox.yang.yang.impl.LeafImpl@13b98c6f (name: x) WITH ID yt5a:yt5a-node-grouping-X-grouping-XX-x
12738 [Test worker] INFO  x.yang.diagram.YangDiagramGenerator  - CREATED ELEMENT FOR statement:io.typefox.yang.yang.impl.GroupingImpl@f433868 (name: XX) WITH ID yt5a:yt5a-node-grouping-X-grouping-XX
12738 [Test worker] INFO  x.yang.diagram.YangDiagramGenerator  - CREATED ELEMENT FOR statement:io.typefox.yang.yang.impl.UsesImpl@4083386f WITH ID yt5a:yt5a-node-grouping-X-container-zz-uses XX-pill
12738 [Test worker] INFO  x.yang.diagram.YangDiagramGenerator  - CREATED ELEMENT FOR statement:io.typefox.yang.yang.impl.ContainerImpl@1b7ffe38 (name: zz) WITH ID yt5a:yt5a-node-grouping-X-container-zz
12738 [Test worker] INFO  x.yang.diagram.YangDiagramGenerator  - CREATED ELEMENT FOR statement:io.typefox.yang.yang.impl.TypedefImpl@447ad3cc (name: XXt) WITH ID yt5a:yt5a-node-grouping-X-typedef-XXt
12738 [Test worker] INFO  x.yang.diagram.YangDiagramGenerator  - CREATED ELEMENT FOR statement:io.typefox.yang.yang.impl.GroupingImpl@52ec3353 (name: X) WITH ID yt5a:yt5a-node-grouping-X
12738 [Test worker] INFO  x.yang.diagram.YangDiagramGenerator  - CREATED ELEMENT FOR statement:io.typefox.yang.yang.impl.LeafImpl@b752921 (name: ___) WITH ID yt5a:yt5a-node-list-list1-___
12738 [Test worker] INFO  x.yang.diagram.YangDiagramGenerator  - CREATED ELEMENT FOR statement:io.typefox.yang.yang.impl.LeafImpl@6f1f9849 (name: _x_) WITH ID yt5a:yt5a-node-list-list1-_x_
12738 [Test worker] INFO  x.yang.diagram.YangDiagramGenerator  - CREATED ELEMENT FOR statement:io.typefox.yang.yang.impl.LeafImpl@7de9d2d5 (name: leaf) WITH ID yt5a:yt5a-node-list-list1-leaf
12738 [Test worker] INFO  x.yang.diagram.YangDiagramGenerator  - CREATED ELEMENT FOR statement:io.typefox.yang.yang.impl.UsesImpl@4e2c1090 WITH ID yt5a:yt5a-node-list-list1-uses X-pill
12738 [Test worker] INFO  x.yang.diagram.YangDiagramGenerator  - CREATED ELEMENT FOR statement:io.typefox.yang.yang.impl.ListImpl@6cb20455 (name: list1) WITH ID yt5a:yt5a-node-list-list1
12738 [Test worker] INFO  x.yang.diagram.YangDiagramGenerator  - CREATED ELEMENT FOR statement:io.typefox.yang.yang.impl.ModuleImpl@7f7c145a (name: yt5a) WITH ID yt5a:yt5a
12750 [Test worker] INFO  x.yang.diagram.YangDiagramGenerator  - Generating diagram for input: 'revision2.yang'
12750 [Test worker] INFO  x.yang.diagram.YangDiagramGenerator  - CREATED ELEMENT FOR statement:io.typefox.yang.yang.impl.ModuleImpl@5b45b158 (name: revision2) WITH ID revision2:revision2
12752 [Test worker] INFO  x.yang.diagram.YangDiagramGenerator  - Generating diagram for input: 'yt9.yang'
12752 [Test worker] INFO  x.yang.diagram.YangDiagramGenerator  - CREATED ELEMENT FOR statement:io.typefox.yang.yang.impl.LeafImpl@2216ffd2 (name: a2) WITH ID yt9:yt9-node-container-con1-a2
12752 [Test worker] INFO  x.yang.diagram.YangDiagramGenerator  - CREATED ELEMENT FOR statement:io.typefox.yang.yang.impl.ContainerImpl@64fcf773 (name: con1) WITH ID yt9:yt9-node-container-con1
12752 [Test worker] INFO  x.yang.diagram.YangDiagramGenerator  - CREATED ELEMENT FOR statement:io.typefox.yang.yang.impl.ModuleImpl@7145248e (name: yt9) WITH ID yt9:yt9
12780 [Test worker] INFO  x.yang.diagram.YangDiagramGenerator  - Generating diagram for input: 'augment-sub1.yang'
12780 [Test worker] INFO  x.yang.diagram.YangDiagramGenerator  - CREATED ELEMENT FOR statement:io.typefox.yang.yang.impl.LeafImpl@2f010250 (name: llm1) WITH ID augment-sub1-node-/interfaces-augmentation-llm1
12780 [Test worker] INFO  x.yang.diagram.YangDiagramGenerator  - CREATED ELEMENT FOR statement:io.typefox.yang.yang.impl.LeafImpl@d7e32a (name: ifIndex) WITH ID augment-sub1-node-/interfaces-augmentation-list-ifEntry-ifIndex
12780 [Test worker] INFO  x.yang.diagram.YangDiagramGenerator  - CREATED ELEMENT FOR statement:io.typefox.yang.yang.impl.ListImpl@2a007c2e (name: ifEntry) WITH ID augment-sub1-node-/interfaces-augmentation-list-ifEntry
12780 [Test worker] INFO  x.yang.diagram.YangDiagramGenerator  - CREATED ELEMENT FOR statement:io.typefox.yang.yang.impl.AugmentImpl@43d726ea WITH ID augment-sub1-node-/interfaces-augmentation
12780 [Test worker] INFO  x.yang.diagram.YangDiagramGenerator  - CREATED ELEMENT FOR statement:io.typefox.yang.yang.impl.SubmoduleImpl@64e3bf42 (name: augment-sub1) WITH ID augment-sub1
12801 [Test worker] INFO  x.yang.diagram.YangDiagramGenerator  - Generating diagram for input: 'mef-yt10.yang'
12801 [Test worker] INFO  x.yang.diagram.YangDiagramGenerator  - CREATED ELEMENT FOR statement:io.typefox.yang.yang.impl.IdentityImpl@571ea928 (name: ieee-8023-interface-type) WITH ID mef-yt10:mef-yt10-node-identity-ieee-8023-interface-type
12802 [Test worker] INFO  x.yang.diagram.YangDiagramGenerator  - CREATED ELEMENT FOR statement:io.typefox.yang.yang.impl.TypedefImpl@324b4563 (name: identifier45) WITH ID mef-yt10:mef-yt10-node-typedef-identifier45
12802 [Test worker] INFO  x.yang.diagram.YangDiagramGenerator  - CREATED ELEMENT FOR statement:io.typefox.yang.yang.impl.TypedefImpl@5980d95 (name: identifier90) WITH ID mef-yt10:mef-yt10-node-typedef-identifier90
12802 [Test worker] INFO  x.yang.diagram.YangDiagramGenerator  - CREATED ELEMENT FOR statement:io.typefox.yang.yang.impl.TypedefImpl@48fdc7a2 (name: identifier255) WITH ID mef-yt10:mef-yt10-node-typedef-identifier255
12802 [Test worker] INFO  x.yang.diagram.YangDiagramGenerator  - CREATED ELEMENT FOR statement:io.typefox.yang.yang.impl.TypedefImpl@6a08707c (name: max-svc-frame-size-type) WITH ID mef-yt10:mef-yt10-node-typedef-max-svc-frame-size-type
12802 [Test worker] INFO  x.yang.diagram.YangDiagramGenerator  - CREATED ELEMENT FOR statement:io.typefox.yang.yang.impl.TypedefImpl@2005003 (name: sls-type) WITH ID mef-yt10:mef-yt10-node-typedef-sls-type
12802 [Test worker] INFO  x.yang.diagram.YangDiagramGenerator  - CREATED ELEMENT FOR statement:io.typefox.yang.yang.impl.TypedefImpl@47b11173 (name: evc-id-type) WITH ID mef-yt10:mef-yt10-node-typedef-evc-id-type
12802 [Test worker] INFO  x.yang.diagram.YangDiagramGenerator  - CREATED ELEMENT FOR statement:io.typefox.yang.yang.impl.TypedefImpl@61d71ef0 (name: simple-percent) WITH ID mef-yt10:mef-yt10-node-typedef-simple-percent
12802 [Test worker] INFO  x.yang.diagram.YangDiagramGenerator  - CREATED ELEMENT FOR statement:io.typefox.yang.yang.impl.TypedefImpl@48f50926 (name: vlan-id-type) WITH ID mef-yt10:mef-yt10-node-typedef-vlan-id-type
12802 [Test worker] INFO  x.yang.diagram.YangDiagramGenerator  - CREATED ELEMENT FOR statement:io.typefox.yang.yang.impl.TypedefImpl@48f5d873 (name: ieee8021p-priority-type) WITH ID mef-yt10:mef-yt10-node-typedef-ieee8021p-priority-type
12802 [Test worker] INFO  x.yang.diagram.YangDiagramGenerator  - CREATED ELEMENT FOR statement:io.typefox.yang.yang.impl.TypedefImpl@7806297 (name: performance-metric-type) WITH ID mef-yt10:mef-yt10-node-typedef-performance-metric-type
12802 [Test worker] INFO  x.yang.diagram.YangDiagramGenerator  - CREATED ELEMENT FOR statement:io.typefox.yang.yang.impl.TypedefImpl@5e79dc09 (name: connection-type) WITH ID mef-yt10:mef-yt10-node-typedef-connection-type
12802 [Test worker] INFO  x.yang.diagram.YangDiagramGenerator  - CREATED ELEMENT FOR statement:io.typefox.yang.yang.impl.TypedefImpl@3ea542d9 (name: evc-uni-role-type) WITH ID mef-yt10:mef-yt10-node-typedef-evc-uni-role-type
12802 [Test worker] INFO  x.yang.diagram.YangDiagramGenerator  - CREATED ELEMENT FOR statement:io.typefox.yang.yang.impl.TypedefImpl@5875233e (name: data-svc-frame-delivery-type) WITH ID mef-yt10:mef-yt10-node-typedef-data-svc-frame-delivery-type
12802 [Test worker] INFO  x.yang.diagram.YangDiagramGenerator  - CREATED ELEMENT FOR statement:io.typefox.yang.yang.impl.TypedefImpl@5ce5667d (name: uni-resileincy-service-type) WITH ID mef-yt10:mef-yt10-node-typedef-uni-resileincy-service-type
12802 [Test worker] INFO  x.yang.diagram.YangDiagramGenerator  - CREATED ELEMENT FOR statement:io.typefox.yang.yang.impl.TypedefImpl@4c6c607c (name: evc-cos-identifier-field-type) WITH ID mef-yt10:mef-yt10-node-typedef-evc-cos-identifier-field-type
12802 [Test worker] INFO  x.yang.diagram.YangDiagramGenerator  - CREATED ELEMENT FOR statement:io.typefox.yang.yang.impl.TypedefImpl@584b50a2 (name: evc-eec-identifier-type) WITH ID mef-yt10:mef-yt10-node-typedef-evc-eec-identifier-type
12802 [Test worker] INFO  x.yang.diagram.YangDiagramGenerator  - CREATED ELEMENT FOR statement:io.typefox.yang.yang.impl.TypedefImpl@29d6f446 (name: evc-color-identifier-field-type) WITH ID mef-yt10:mef-yt10-node-typedef-evc-color-identifier-field-type
12802 [Test worker] INFO  x.yang.diagram.YangDiagramGenerator  - CREATED ELEMENT FOR statement:io.typefox.yang.yang.impl.TypedefImpl@5e77a98f (name: color-type) WITH ID mef-yt10:mef-yt10-node-typedef-color-type
12802 [Test worker] INFO  x.yang.diagram.YangDiagramGenerator  - CREATED ELEMENT FOR statement:io.typefox.yang.yang.impl.TypedefImpl@71374dbd (name: bwp-ir-type) WITH ID mef-yt10:mef-yt10-node-typedef-bwp-ir-type
12802 [Test worker] INFO  x.yang.diagram.YangDiagramGenerator  - CREATED ELEMENT FOR statement:io.typefox.yang.yang.impl.TypedefImpl@737bcd79 (name: bwp-bs-type) WITH ID mef-yt10:mef-yt10-node-typedef-bwp-bs-type
12802 [Test worker] INFO  x.yang.diagram.YangDiagramGenerator  - CREATED ELEMENT FOR statement:io.typefox.yang.yang.impl.TypedefImpl@6d916394 (name: elmi-status-error-threshold-type) WITH ID mef-yt10:mef-yt10-node-typedef-elmi-status-error-threshold-type
12802 [Test worker] INFO  x.yang.diagram.YangDiagramGenerator  - CREATED ELEMENT FOR statement:io.typefox.yang.yang.impl.TypedefImpl@e498478 (name: elmi-polling-timer-type) WITH ID mef-yt10:mef-yt10-node-typedef-elmi-polling-timer-type
12802 [Test worker] INFO  x.yang.diagram.YangDiagramGenerator  - CREATED ELEMENT FOR statement:io.typefox.yang.yang.impl.TypedefImpl@45d86aa9 (name: elmi-polling-verification-timer-type) WITH ID mef-yt10:mef-yt10-node-typedef-elmi-polling-verification-timer-type
12802 [Test worker] INFO  x.yang.diagram.YangDiagramGenerator  - CREATED ELEMENT FOR statement:io.typefox.yang.yang.impl.TypedefImpl@68e5776e (name: bwp-color-mode-type) WITH ID mef-yt10:mef-yt10-node-typedef-bwp-color-mode-type
12802 [Test worker] INFO  x.yang.diagram.YangDiagramGenerator  - CREATED ELEMENT FOR statement:io.typefox.yang.yang.impl.TypedefImpl@e8e3425 (name: l2cp-handling-type) WITH ID mef-yt10:mef-yt10-node-typedef-l2cp-handling-type
12802 [Test worker] INFO  x.yang.diagram.YangDiagramGenerator  - CREATED ELEMENT FOR statement:io.typefox.yang.yang.impl.TypedefImpl@4c260bc8 (name: l2cp-address-set-type) WITH ID mef-yt10:mef-yt10-node-typedef-l2cp-address-set-type
12802 [Test worker] INFO  x.yang.diagram.YangDiagramGenerator  - CREATED ELEMENT FOR statement:io.typefox.yang.yang.impl.TypedefImpl@4a2dadc7 (name: l2cp-protocol-field-type) WITH ID mef-yt10:mef-yt10-node-typedef-l2cp-protocol-field-type
12802 [Test worker] INFO  x.yang.diagram.YangDiagramGenerator  - CREATED ELEMENT FOR statement:io.typefox.yang.yang.impl.TypedefImpl@930edeb (name: mef-service-type) WITH ID mef-yt10:mef-yt10-node-typedef-mef-service-type
12802 [Test worker] INFO  x.yang.diagram.YangDiagramGenerator  - CREATED ELEMENT FOR statement:io.typefox.yang.yang.impl.ModuleImpl@76e0cff4 (name: mef-yt10) WITH ID mef-yt10:mef-yt10
12828 [Test worker] INFO  x.yang.diagram.YangDiagramGenerator  - Generating diagram for input: 'yt5.yang'
12828 [Test worker] INFO  x.yang.diagram.YangDiagramGenerator  - CREATED ELEMENT FOR statement:io.typefox.yang.yang.impl.LeafImpl@6e9ac265 (name: G_aaa) WITH ID yt5:yt5-node-grouping-G_one-G_aaa
12829 [Test worker] INFO  x.yang.diagram.YangDiagramGenerator  - CREATED ELEMENT FOR statement:io.typefox.yang.yang.impl.LeafImpl@190ebb77 (name: G_bbb) WITH ID yt5:yt5-node-grouping-G_one-G_bbb
12829 [Test worker] INFO  x.yang.diagram.YangDiagramGenerator  - CREATED ELEMENT FOR statement:io.typefox.yang.yang.impl.LeafImpl@29d08472 (name: test_leaf) WITH ID yt5:yt5-node-grouping-G_one-test_leaf
12829 [Test worker] INFO  x.yang.diagram.YangDiagramGenerator  - CREATED ELEMENT FOR statement:io.typefox.yang.yang.impl.TypedefImpl@7a9bf832 (name: local_1) WITH ID yt5:yt5-node-grouping-G_one-typedef-local_1
12829 [Test worker] INFO  x.yang.diagram.YangDiagramGenerator  - CREATED ELEMENT FOR statement:io.typefox.yang.yang.impl.UsesImpl@422a94ee WITH ID yt5:yt5-node-grouping-G_one-uses G_two-pill
12829 [Test worker] INFO  x.yang.diagram.YangDiagramGenerator  - CREATED ELEMENT FOR statement:io.typefox.yang.yang.impl.GroupingImpl@2e934adf (name: G_one) WITH ID yt5:yt5-node-grouping-G_one
12829 [Test worker] INFO  x.yang.diagram.YangDiagramGenerator  - CREATED ELEMENT FOR statement:io.typefox.yang.yang.impl.LeafImpl@34da86b (name: G_ccc) WITH ID yt5:yt5-node-grouping-G_two-G_ccc
12829 [Test worker] INFO  x.yang.diagram.YangDiagramGenerator  - CREATED ELEMENT FOR statement:io.typefox.yang.yang.impl.LeafImpl@26b29a58 (name: test_leaf2) WITH ID yt5:yt5-node-grouping-G_two-test_leaf2
12829 [Test worker] INFO  x.yang.diagram.YangDiagramGenerator  - CREATED ELEMENT FOR statement:io.typefox.yang.yang.impl.TypedefImpl@3029e784 (name: local_1) WITH ID yt5:yt5-node-grouping-G_two-typedef-local_1
12829 [Test worker] INFO  x.yang.diagram.YangDiagramGenerator  - CREATED ELEMENT FOR statement:io.typefox.yang.yang.impl.LeafImpl@45886ec (name: G_eee) WITH ID yt5:yt5-node-grouping-G_two-container-G_ddd-G_eee
12829 [Test worker] INFO  x.yang.diagram.YangDiagramGenerator  - CREATED ELEMENT FOR statement:io.typefox.yang.yang.impl.ContainerImpl@6a3878fc (name: G_ddd) WITH ID yt5:yt5-node-grouping-G_two-container-G_ddd
12829 [Test worker] INFO  x.yang.diagram.YangDiagramGenerator  - CREATED ELEMENT FOR statement:io.typefox.yang.yang.impl.GroupingImpl@586a4fb9 (name: G_two) WITH ID yt5:yt5-node-grouping-G_two
12829 [Test worker] INFO  x.yang.diagram.YangDiagramGenerator  - CREATED ELEMENT FOR statement:io.typefox.yang.yang.impl.LeafImpl@278096f7 (name: a) WITH ID yt5:yt5-node-container-con2-grouping-AA-a
12829 [Test worker] INFO  x.yang.diagram.YangDiagramGenerator  - CREATED ELEMENT FOR statement:io.typefox.yang.yang.impl.UsesImpl@672f0b0d WITH ID yt5:yt5-node-container-con2-grouping-AA-container-b-container-bb-uses AAA-pill
12829 [Test worker] INFO  x.yang.diagram.YangDiagramGenerator  - CREATED ELEMENT FOR statement:io.typefox.yang.yang.impl.ContainerImpl@4e79608c (name: bb) WITH ID yt5:yt5-node-container-con2-grouping-AA-container-b-container-bb
12829 [Test worker] INFO  x.yang.diagram.YangDiagramGenerator  - CREATED ELEMENT FOR statement:io.typefox.yang.yang.impl.LeafImpl@4464e97d (name: d) WITH ID yt5:yt5-node-container-con2-grouping-AA-container-b-grouping-AAA-d
12829 [Test worker] INFO  x.yang.diagram.YangDiagramGenerator  - CREATED ELEMENT FOR statement:io.typefox.yang.yang.impl.UsesImpl@67f0e828 WITH ID yt5:yt5-node-container-con2-grouping-AA-container-b-grouping-AAA-uses AAAA-pill
12837 [Test worker] INFO  x.yang.diagram.YangDiagramGenerator  - CREATED ELEMENT FOR statement:io.typefox.yang.yang.impl.GroupingImpl@7898f0b8 (name: AAA) WITH ID yt5:yt5-node-container-con2-grouping-AA-container-b-grouping-AAA
12838 [Test worker] INFO  x.yang.diagram.YangDiagramGenerator  - CREATED ELEMENT FOR statement:io.typefox.yang.yang.impl.ContainerImpl@7de08227 (name: b) WITH ID yt5:yt5-node-container-con2-grouping-AA-container-b
12838 [Test worker] INFO  x.yang.diagram.YangDiagramGenerator  - CREATED ELEMENT FOR statement:io.typefox.yang.yang.impl.LeafImpl@1e2ca3e7 (name: g) WITH ID yt5:yt5-node-container-con2-grouping-AA-grouping-AAAA-container-e-container-f-g
12838 [Test worker] INFO  x.yang.diagram.YangDiagramGenerator  - CREATED ELEMENT FOR statement:io.typefox.yang.yang.impl.LeafImpl@7e7da9a2 (name: h) WITH ID yt5:yt5-node-container-con2-grouping-AA-grouping-AAAA-container-e-container-f-h
12838 [Test worker] INFO  x.yang.diagram.YangDiagramGenerator  - CREATED ELEMENT FOR statement:io.typefox.yang.yang.impl.LeafImpl@41df8be5 (name: i) WITH ID yt5:yt5-node-container-con2-grouping-AA-grouping-AAAA-container-e-container-f-i
12838 [Test worker] INFO  x.yang.diagram.YangDiagramGenerator  - CREATED ELEMENT FOR statement:io.typefox.yang.yang.impl.TypedefImpl@3857d843 (name: con2) WITH ID yt5:yt5-node-container-con2-grouping-AA-grouping-AAAA-container-e-container-f-typedef-con2
12838 [Test worker] INFO  x.yang.diagram.YangDiagramGenerator  - CREATED ELEMENT FOR statement:io.typefox.yang.yang.impl.ContainerImpl@439f6735 (name: f) WITH ID yt5:yt5-node-container-con2-grouping-AA-grouping-AAAA-container-e-container-f
12838 [Test worker] INFO  x.yang.diagram.YangDiagramGenerator  - CREATED ELEMENT FOR statement:io.typefox.yang.yang.impl.ContainerImpl@503ce65d (name: e) WITH ID yt5:yt5-node-container-con2-grouping-AA-grouping-AAAA-container-e
12838 [Test worker] INFO  x.yang.diagram.YangDiagramGenerator  - CREATED ELEMENT FOR statement:io.typefox.yang.yang.impl.GroupingImpl@6d81df1c (name: AAAA) WITH ID yt5:yt5-node-container-con2-grouping-AA-grouping-AAAA
12838 [Test worker] INFO  x.yang.diagram.YangDiagramGenerator  - CREATED ELEMENT FOR statement:io.typefox.yang.yang.impl.TypedefImpl@6b12972f (name: A_typ) WITH ID yt5:yt5-node-container-con2-grouping-AA-typedef-A_typ
12838 [Test worker] INFO  x.yang.diagram.YangDiagramGenerator  - CREATED ELEMENT FOR statement:io.typefox.yang.yang.impl.GroupingImpl@530ce3b7 (name: AA) WITH ID yt5:yt5-node-container-con2-grouping-AA
12838 [Test worker] INFO  x.yang.diagram.YangDiagramGenerator  - CREATED ELEMENT FOR statement:io.typefox.yang.yang.impl.UsesImpl@6435e985 WITH ID yt5:yt5-node-container-con2-container-con3-uses AA-pill
12838 [Test worker] INFO  x.yang.diagram.YangDiagramGenerator  - CREATED ELEMENT FOR statement:io.typefox.yang.yang.impl.ContainerImpl@7afa320 (name: con3) WITH ID yt5:yt5-node-container-con2-container-con3
12838 [Test worker] INFO  x.yang.diagram.YangDiagramGenerator  - CREATED ELEMENT FOR statement:io.typefox.yang.yang.impl.ContainerImpl@787bf715 (name: con2) WITH ID yt5:yt5-node-container-con2
12838 [Test worker] INFO  x.yang.diagram.YangDiagramGenerator  - CREATED ELEMENT FOR statement:io.typefox.yang.yang.impl.UsesImpl@4c5ea2f6 WITH ID yt5:yt5-node-container-foo-uses foo-pill
12838 [Test worker] INFO  x.yang.diagram.YangDiagramGenerator  - CREATED ELEMENT FOR statement:io.typefox.yang.yang.impl.ContainerImpl@7ec0339 (name: foo) WITH ID yt5:yt5-node-container-foo
12838 [Test worker] INFO  x.yang.diagram.YangDiagramGenerator  - CREATED ELEMENT FOR statement:io.typefox.yang.yang.impl.LeafImpl@7da01647 (name: foo) WITH ID yt5:yt5-node-grouping-foo-foo
12838 [Test worker] INFO  x.yang.diagram.YangDiagramGenerator  - CREATED ELEMENT FOR statement:io.typefox.yang.yang.impl.GroupingImpl@5a4495b9 (name: foo) WITH ID yt5:yt5-node-grouping-foo
12838 [Test worker] INFO  x.yang.diagram.YangDiagramGenerator  - CREATED ELEMENT FOR statement:io.typefox.yang.yang.impl.LeafImpl@6334d515 (name: bar) WITH ID yt5:yt5-node-grouping-bar-bar
12838 [Test worker] INFO  x.yang.diagram.YangDiagramGenerator  - CREATED ELEMENT FOR statement:io.typefox.yang.yang.impl.LeafListImpl@4a6f781 (name: yyy) WITH ID yt5:yt5-node-grouping-bar-yyy
12838 [Test worker] INFO  x.yang.diagram.YangDiagramGenerator  - CREATED ELEMENT FOR statement:io.typefox.yang.yang.impl.LeafImpl@7949db7c (name: baz) WITH ID yt5:yt5-node-grouping-bar-baz
12838 [Test worker] INFO  x.yang.diagram.YangDiagramGenerator  - CREATED ELEMENT FOR statement:io.typefox.yang.yang.impl.LeafImpl@75e60b1 (name: goo) WITH ID yt5:yt5-node-grouping-bar-goo
12838 [Test worker] INFO  x.yang.diagram.YangDiagramGenerator  - CREATED ELEMENT FOR statement:io.typefox.yang.yang.impl.LeafImpl@42879132 (name: zzzz) WITH ID yt5:yt5-node-grouping-bar-container-zzz-zzzz
12838 [Test worker] INFO  x.yang.diagram.YangDiagramGenerator  - CREATED ELEMENT FOR statement:io.typefox.yang.yang.impl.ContainerImpl@712e6c1c (name: zzz) WITH ID yt5:yt5-node-grouping-bar-container-zzz
12838 [Test worker] INFO  x.yang.diagram.YangDiagramGenerator  - CREATED ELEMENT FOR statement:io.typefox.yang.yang.impl.GroupingImpl@468bcb7e (name: bar) WITH ID yt5:yt5-node-grouping-bar
12838 [Test worker] INFO  x.yang.diagram.YangDiagramGenerator  - CREATED ELEMENT FOR statement:io.typefox.yang.yang.impl.TypedefImpl@32a470f6 (name: foobar) WITH ID yt5:yt5-node-container-foo2-typedef-foobar
12838 [Test worker] INFO  x.yang.diagram.YangDiagramGenerator  - CREATED ELEMENT FOR statement:io.typefox.yang.yang.impl.LeafImpl@4c547991 (name: foo) WITH ID yt5:yt5-node-container-foo2-grouping-foobar-foo
12838 [Test worker] INFO  x.yang.diagram.YangDiagramGenerator  - CREATED ELEMENT FOR statement:io.typefox.yang.yang.impl.GroupingImpl@4e18a28b (name: foobar) WITH ID yt5:yt5-node-container-foo2-grouping-foobar
12838 [Test worker] INFO  x.yang.diagram.YangDiagramGenerator  - CREATED ELEMENT FOR statement:io.typefox.yang.yang.impl.LeafListImpl@56d0500d (name: foo4) WITH ID yt5:yt5-node-container-foo2-container-foo3-foo4
12838 [Test worker] INFO  x.yang.diagram.YangDiagramGenerator  - CREATED ELEMENT FOR statement:io.typefox.yang.yang.impl.UsesImpl@47e2a9e1 WITH ID yt5:yt5-node-container-foo2-container-foo3-uses foobar-pill
12838 [Test worker] INFO  x.yang.diagram.YangDiagramGenerator  - CREATED ELEMENT FOR statement:io.typefox.yang.yang.impl.ContainerImpl@2815d87d (name: foo3) WITH ID yt5:yt5-node-container-foo2-container-foo3
12838 [Test worker] INFO  x.yang.diagram.YangDiagramGenerator  - CREATED ELEMENT FOR statement:io.typefox.yang.yang.impl.LeafListImpl@23123b0e (name: foo4) WITH ID yt5:yt5-node-container-foo2-container-foo4-foo4
12838 [Test worker] INFO  x.yang.diagram.YangDiagramGenerator  - CREATED ELEMENT FOR statement:io.typefox.yang.yang.impl.UsesImpl@77164759 WITH ID yt5:yt5-node-container-foo2-container-foo4-uses foobar-pill
12839 [Test worker] INFO  x.yang.diagram.YangDiagramGenerator  - CREATED ELEMENT FOR statement:io.typefox.yang.yang.impl.ContainerImpl@256955fb (name: foo4) WITH ID yt5:yt5-node-container-foo2-container-foo4
12839 [Test worker] INFO  x.yang.diagram.YangDiagramGenerator  - CREATED ELEMENT FOR statement:io.typefox.yang.yang.impl.ContainerImpl@23b9b71b (name: foo2) WITH ID yt5:yt5-node-container-foo2
12839 [Test worker] INFO  x.yang.diagram.YangDiagramGenerator  - CREATED ELEMENT FOR statement:io.typefox.yang.yang.impl.TypedefImpl@11413229 (name: foo) WITH ID yt5:yt5-node-typedef-foo
12839 [Test worker] INFO  x.yang.diagram.YangDiagramGenerator  - CREATED ELEMENT FOR statement:io.typefox.yang.yang.impl.UsesImpl@542893d7 WITH ID yt5:yt5-node-list-foo3-uses foo-pill
12839 [Test worker] INFO  x.yang.diagram.YangDiagramGenerator  - CREATED ELEMENT FOR statement:io.typefox.yang.yang.impl.UsesImpl@3b81d224 WITH ID yt5:yt5-node-list-foo3-uses bar-pill
12839 [Test worker] INFO  x.yang.diagram.YangDiagramGenerator  - CREATED ELEMENT FOR statement:io.typefox.yang.yang.impl.ListImpl@556ebb20 (name: foo3) WITH ID yt5:yt5-node-list-foo3
12839 [Test worker] INFO  x.yang.diagram.YangDiagramGenerator  - CREATED ELEMENT FOR statement:io.typefox.yang.yang.impl.LeafImpl@4da60bde (name: x) WITH ID yt5:yt5-node-rpc rpc-one-pill-input-x
12839 [Test worker] INFO  x.yang.diagram.YangDiagramGenerator  - CREATED ELEMENT FOR statement:io.typefox.yang.yang.impl.UsesImpl@5d008f96 WITH ID yt5:yt5-node-rpc rpc-one-pill-input-uses foo-pill
12839 [Test worker] INFO  x.yang.diagram.YangDiagramGenerator  - CREATED ELEMENT FOR statement:io.typefox.yang.yang.impl.InputImpl@682576e0 (name: null) WITH ID yt5:yt5-node-rpc rpc-one-pill-input
12839 [Test worker] INFO  x.yang.diagram.YangDiagramGenerator  - CREATED ELEMENT FOR statement:io.typefox.yang.yang.impl.UsesImpl@4832677f WITH ID yt5:yt5-node-rpc rpc-one-pill-output-uses bar-pill
12839 [Test worker] INFO  x.yang.diagram.YangDiagramGenerator  - CREATED ELEMENT FOR statement:io.typefox.yang.yang.impl.OutputImpl@35376d5c (name: null) WITH ID yt5:yt5-node-rpc rpc-one-pill-output
12839 [Test worker] INFO  x.yang.diagram.YangDiagramGenerator  - CREATED ELEMENT FOR statement:io.typefox.yang.yang.impl.RpcImpl@6c923853 (name: rpc-one) WITH ID yt5:yt5-node-rpc rpc-one-pill
12839 [Test worker] INFO  x.yang.diagram.YangDiagramGenerator  - CREATED ELEMENT FOR statement:io.typefox.yang.yang.impl.RpcImpl@2fc3d157 (name: rpc-two) WITH ID yt5:yt5-node-rpc rpc-two-pill
12839 [Test worker] INFO  x.yang.diagram.YangDiagramGenerator  - CREATED ELEMENT FOR statement:io.typefox.yang.yang.impl.LeafImpl@7411524f (name: a) WITH ID yt5:yt5-node-rpc rpc-three-pill-input-a
12839 [Test worker] INFO  x.yang.diagram.YangDiagramGenerator  - CREATED ELEMENT FOR statement:io.typefox.yang.yang.impl.ContainerImpl@7a428c1c (name: xx) WITH ID yt5:yt5-node-rpc rpc-three-pill-input-container-xx
12839 [Test worker] INFO  x.yang.diagram.YangDiagramGenerator  - CREATED ELEMENT FOR statement:io.typefox.yang.yang.impl.InputImpl@7ef73a7 (name: null) WITH ID yt5:yt5-node-rpc rpc-three-pill-input
12839 [Test worker] INFO  x.yang.diagram.YangDiagramGenerator  - CREATED ELEMENT FOR statement:io.typefox.yang.yang.impl.RpcImpl@36174364 (name: rpc-three) WITH ID yt5:yt5-node-rpc rpc-three-pill
12839 [Test worker] INFO  x.yang.diagram.YangDiagramGenerator  - CREATED ELEMENT FOR statement:io.typefox.yang.yang.impl.LeafImpl@486aecc3 (name: aa) WITH ID yt5:yt5-node-/rpc-two/input-augmentation-aa
12839 [Test worker] INFO  x.yang.diagram.YangDiagramGenerator  - CREATED ELEMENT FOR statement:io.typefox.yang.yang.impl.AugmentImpl@2626bbbe WITH ID yt5:yt5-node-/rpc-two/input-augmentation
12839 [Test worker] INFO  x.yang.diagram.YangDiagramGenerator  - CREATED ELEMENT FOR statement:io.typefox.yang.yang.impl.LeafImpl@5aa89696 (name: aa) WITH ID yt5:yt5-node-/rpc-three/input/xx-augmentation-aa
12839 [Test worker] INFO  x.yang.diagram.YangDiagramGenerator  - CREATED ELEMENT FOR statement:io.typefox.yang.yang.impl.AugmentImpl@5628f2c4 WITH ID yt5:yt5-node-/rpc-three/input/xx-augmentation
12839 [Test worker] INFO  x.yang.diagram.YangDiagramGenerator  - CREATED ELEMENT FOR statement:io.typefox.yang.yang.impl.NotificationImpl@49bb1036 (name: notif-one) WITH ID yt5:yt5-node-notification-notif-one
12839 [Test worker] INFO  x.yang.diagram.YangDiagramGenerator  - CREATED ELEMENT FOR statement:io.typefox.yang.yang.impl.LeafImpl@5ad3a9f4 (name: one) WITH ID yt5:yt5-node-notification-notif-two-one
12839 [Test worker] INFO  x.yang.diagram.YangDiagramGenerator  - CREATED ELEMENT FOR statement:io.typefox.yang.yang.impl.NotificationImpl@44d1881e (name: notif-two) WITH ID yt5:yt5-node-notification-notif-two
12839 [Test worker] INFO  x.yang.diagram.YangDiagramGenerator  - CREATED ELEMENT FOR statement:io.typefox.yang.yang.impl.UsesImpl@55fefc92 WITH ID yt5:yt5-node-notification-notif-three-uses foo-pill
12839 [Test worker] INFO  x.yang.diagram.YangDiagramGenerator  - CREATED ELEMENT FOR statement:io.typefox.yang.yang.impl.NotificationImpl@44556cbb (name: notif-three) WITH ID yt5:yt5-node-notification-notif-three
12839 [Test worker] INFO  x.yang.diagram.YangDiagramGenerator  - CREATED ELEMENT FOR statement:io.typefox.yang.yang.impl.ModuleImpl@38ee1cc (name: yt5) WITH ID yt5:yt5
12878 [Test worker] INFO  x.yang.diagram.YangDiagramGenerator  - Generating diagram for input: 'mef-yt11.yang'
12878 [Test worker] INFO  x.yang.diagram.YangDiagramGenerator  - CREATED ELEMENT FOR statement:io.typefox.yang.yang.impl.IdentityImpl@47d0a2bb (name: ieee-8023-interface-type) WITH ID mef-yt11:mef-yt11-node-identity-ieee-8023-interface-type
12878 [Test worker] INFO  x.yang.diagram.YangDiagramGenerator  - CREATED ELEMENT FOR statement:io.typefox.yang.yang.impl.TypedefImpl@4eb88d8a (name: identifier45) WITH ID mef-yt11:mef-yt11-node-typedef-identifier45
12878 [Test worker] INFO  x.yang.diagram.YangDiagramGenerator  - CREATED ELEMENT FOR statement:io.typefox.yang.yang.impl.TypedefImpl@44ee7810 (name: identifier90) WITH ID mef-yt11:mef-yt11-node-typedef-identifier90
12878 [Test worker] INFO  x.yang.diagram.YangDiagramGenerator  - CREATED ELEMENT FOR statement:io.typefox.yang.yang.impl.TypedefImpl@2e364b15 (name: identifier255) WITH ID mef-yt11:mef-yt11-node-typedef-identifier255
12878 [Test worker] INFO  x.yang.diagram.YangDiagramGenerator  - CREATED ELEMENT FOR statement:io.typefox.yang.yang.impl.TypedefImpl@6c31f112 (name: max-svc-frame-size-type) WITH ID mef-yt11:mef-yt11-node-typedef-max-svc-frame-size-type
12878 [Test worker] INFO  x.yang.diagram.YangDiagramGenerator  - CREATED ELEMENT FOR statement:io.typefox.yang.yang.impl.TypedefImpl@666fe5c3 (name: sls-type) WITH ID mef-yt11:mef-yt11-node-typedef-sls-type
12879 [Test worker] INFO  x.yang.diagram.YangDiagramGenerator  - CREATED ELEMENT FOR statement:io.typefox.yang.yang.impl.TypedefImpl@51763fe6 (name: evc-id-type) WITH ID mef-yt11:mef-yt11-node-typedef-evc-id-type
12879 [Test worker] INFO  x.yang.diagram.YangDiagramGenerator  - CREATED ELEMENT FOR statement:io.typefox.yang.yang.impl.TypedefImpl@4d84b83e (name: simple-percent) WITH ID mef-yt11:mef-yt11-node-typedef-simple-percent
12879 [Test worker] INFO  x.yang.diagram.YangDiagramGenerator  - CREATED ELEMENT FOR statement:io.typefox.yang.yang.impl.TypedefImpl@2e5e79fd (name: vlan-id-type) WITH ID mef-yt11:mef-yt11-node-typedef-vlan-id-type
12879 [Test worker] INFO  x.yang.diagram.YangDiagramGenerator  - CREATED ELEMENT FOR statement:io.typefox.yang.yang.impl.TypedefImpl@3706d008 (name: ieee8021p-priority-type) WITH ID mef-yt11:mef-yt11-node-typedef-ieee8021p-priority-type
12879 [Test worker] INFO  x.yang.diagram.YangDiagramGenerator  - CREATED ELEMENT FOR statement:io.typefox.yang.yang.impl.TypedefImpl@576f4001 (name: performance-metric-type) WITH ID mef-yt11:mef-yt11-node-typedef-performance-metric-type
12879 [Test worker] INFO  x.yang.diagram.YangDiagramGenerator  - CREATED ELEMENT FOR statement:io.typefox.yang.yang.impl.TypedefImpl@3fc2479a (name: connection-type) WITH ID mef-yt11:mef-yt11-node-typedef-connection-type
12879 [Test worker] INFO  x.yang.diagram.YangDiagramGenerator  - CREATED ELEMENT FOR statement:io.typefox.yang.yang.impl.TypedefImpl@620e500e (name: evc-uni-role-type) WITH ID mef-yt11:mef-yt11-node-typedef-evc-uni-role-type
12879 [Test worker] INFO  x.yang.diagram.YangDiagramGenerator  - CREATED ELEMENT FOR statement:io.typefox.yang.yang.impl.TypedefImpl@63095ad7 (name: data-svc-frame-delivery-type) WITH ID mef-yt11:mef-yt11-node-typedef-data-svc-frame-delivery-type
12879 [Test worker] INFO  x.yang.diagram.YangDiagramGenerator  - CREATED ELEMENT FOR statement:io.typefox.yang.yang.impl.TypedefImpl@4e4b71ff (name: uni-resileincy-service-type) WITH ID mef-yt11:mef-yt11-node-typedef-uni-resileincy-service-type
12879 [Test worker] INFO  x.yang.diagram.YangDiagramGenerator  - CREATED ELEMENT FOR statement:io.typefox.yang.yang.impl.TypedefImpl@6318113b (name: evc-cos-identifier-field-type) WITH ID mef-yt11:mef-yt11-node-typedef-evc-cos-identifier-field-type
12879 [Test worker] INFO  x.yang.diagram.YangDiagramGenerator  - CREATED ELEMENT FOR statement:io.typefox.yang.yang.impl.TypedefImpl@7306a376 (name: evc-eec-identifier-type) WITH ID mef-yt11:mef-yt11-node-typedef-evc-eec-identifier-type
12879 [Test worker] INFO  x.yang.diagram.YangDiagramGenerator  - CREATED ELEMENT FOR statement:io.typefox.yang.yang.impl.TypedefImpl@5af09023 (name: evc-color-identifier-field-type) WITH ID mef-yt11:mef-yt11-node-typedef-evc-color-identifier-field-type
12879 [Test worker] INFO  x.yang.diagram.YangDiagramGenerator  - CREATED ELEMENT FOR statement:io.typefox.yang.yang.impl.TypedefImpl@4f21d60b (name: color-type) WITH ID mef-yt11:mef-yt11-node-typedef-color-type
12879 [Test worker] INFO  x.yang.diagram.YangDiagramGenerator  - CREATED ELEMENT FOR statement:io.typefox.yang.yang.impl.TypedefImpl@6c93871d (name: bwp-ir-type) WITH ID mef-yt11:mef-yt11-node-typedef-bwp-ir-type
12879 [Test worker] INFO  x.yang.diagram.YangDiagramGenerator  - CREATED ELEMENT FOR statement:io.typefox.yang.yang.impl.TypedefImpl@2ac884ea (name: bwp-bs-type) WITH ID mef-yt11:mef-yt11-node-typedef-bwp-bs-type
12879 [Test worker] INFO  x.yang.diagram.YangDiagramGenerator  - CREATED ELEMENT FOR statement:io.typefox.yang.yang.impl.TypedefImpl@74677818 (name: elmi-status-error-threshold-type) WITH ID mef-yt11:mef-yt11-node-typedef-elmi-status-error-threshold-type
12879 [Test worker] INFO  x.yang.diagram.YangDiagramGenerator  - CREATED ELEMENT FOR statement:io.typefox.yang.yang.impl.TypedefImpl@35b77911 (name: elmi-polling-timer-type) WITH ID mef-yt11:mef-yt11-node-typedef-elmi-polling-timer-type
12879 [Test worker] INFO  x.yang.diagram.YangDiagramGenerator  - CREATED ELEMENT FOR statement:io.typefox.yang.yang.impl.TypedefImpl@45ecabd5 (name: elmi-polling-verification-timer-type) WITH ID mef-yt11:mef-yt11-node-typedef-elmi-polling-verification-timer-type
12879 [Test worker] INFO  x.yang.diagram.YangDiagramGenerator  - CREATED ELEMENT FOR statement:io.typefox.yang.yang.impl.TypedefImpl@2b6d9856 (name: bwp-color-mode-type) WITH ID mef-yt11:mef-yt11-node-typedef-bwp-color-mode-type
12879 [Test worker] INFO  x.yang.diagram.YangDiagramGenerator  - CREATED ELEMENT FOR statement:io.typefox.yang.yang.impl.TypedefImpl@6405829b (name: l2cp-handling-type) WITH ID mef-yt11:mef-yt11-node-typedef-l2cp-handling-type
12879 [Test worker] INFO  x.yang.diagram.YangDiagramGenerator  - CREATED ELEMENT FOR statement:io.typefox.yang.yang.impl.TypedefImpl@6a7410fb (name: l2cp-address-set-type) WITH ID mef-yt11:mef-yt11-node-typedef-l2cp-address-set-type
12879 [Test worker] INFO  x.yang.diagram.YangDiagramGenerator  - CREATED ELEMENT FOR statement:io.typefox.yang.yang.impl.TypedefImpl@4ae6bc63 (name: l2cp-protocol-field-type) WITH ID mef-yt11:mef-yt11-node-typedef-l2cp-protocol-field-type
12879 [Test worker] INFO  x.yang.diagram.YangDiagramGenerator  - CREATED ELEMENT FOR statement:io.typefox.yang.yang.impl.TypedefImpl@d0e2241 (name: mef-service-type) WITH ID mef-yt11:mef-yt11-node-typedef-mef-service-type
12879 [Test worker] INFO  x.yang.diagram.YangDiagramGenerator  - CREATED ELEMENT FOR statement:io.typefox.yang.yang.impl.ModuleImpl@45d77821 (name: mef-yt11) WITH ID mef-yt11:mef-yt11
12891 [Test worker] INFO  x.yang.diagram.YangDiagramGenerator  - Generating diagram for input: 'yangster-action-test.yang'
12892 [Test worker] INFO  x.yang.diagram.YangDiagramGenerator  - CREATED ELEMENT FOR statement:io.typefox.yang.yang.impl.ModuleImpl@747c4f71 (name: yangster-action-test) WITH ID yangster-action-test:yatest
12921 [Test worker] INFO  x.yang.diagram.YangDiagramGenerator  - Generating diagram for input: 'u.yang'
12921 [Test worker] INFO  x.yang.diagram.YangDiagramGenerator  - CREATED ELEMENT FOR statement:io.typefox.yang.yang.impl.ContainerImpl@5829c7d3 (name: a) WITH ID u:u-node-container-a
12921 [Test worker] INFO  x.yang.diagram.YangDiagramGenerator  - CREATED ELEMENT FOR statement:io.typefox.yang.yang.impl.NotificationImpl@689af408 (name: x) WITH ID u:u-node-container-t-notification-x
12931 [Test worker] INFO  x.yang.diagram.YangDiagramGenerator  - CREATED ELEMENT FOR statement:io.typefox.yang.yang.impl.LeafImpl@3357caa2 (name: time) WITH ID u:u-node-container-t-action reset-pill-input-time
12931 [Test worker] INFO  x.yang.diagram.YangDiagramGenerator  - CREATED ELEMENT FOR statement:io.typefox.yang.yang.impl.InputImpl@7140019d (name: null) WITH ID u:u-node-container-t-action reset-pill-input
12931 [Test worker] INFO  x.yang.diagram.YangDiagramGenerator  - CREATED ELEMENT FOR statement:io.typefox.yang.yang.impl.ActionImpl@67c14739 (name: reset) WITH ID u:u-node-container-t-action reset-pill
12931 [Test worker] INFO  x.yang.diagram.YangDiagramGenerator  - CREATED ELEMENT FOR statement:io.typefox.yang.yang.impl.ContainerImpl@5844d57d (name: t) WITH ID u:u-node-container-t
12931 [Test worker] INFO  x.yang.diagram.YangDiagramGenerator  - CREATED ELEMENT FOR statement:io.typefox.yang.yang.impl.ModuleImpl@554b060d (name: u) WITH ID u:u
12935 [Test worker] INFO  x.yang.diagram.YangDiagramGenerator  - Generating diagram for input: 'augtest.yang'
12935 [Test worker] INFO  x.yang.diagram.YangDiagramGenerator  - CREATED ELEMENT FOR statement:io.typefox.yang.yang.impl.LeafImpl@c1a95c1 (name: foo) WITH ID augtest:at-node-grouping-foobar-container-outer-container-inner-foo
12936 [Test worker] INFO  x.yang.diagram.YangDiagramGenerator  - CREATED ELEMENT FOR statement:io.typefox.yang.yang.impl.ContainerImpl@6d4aa82e (name: inner) WITH ID augtest:at-node-grouping-foobar-container-outer-container-inner
12936 [Test worker] INFO  x.yang.diagram.YangDiagramGenerator  - CREATED ELEMENT FOR statement:io.typefox.yang.yang.impl.ContainerImpl@342a5eb4 (name: outer) WITH ID augtest:at-node-grouping-foobar-container-outer
12936 [Test worker] INFO  x.yang.diagram.YangDiagramGenerator  - CREATED ELEMENT FOR statement:io.typefox.yang.yang.impl.GroupingImpl@786bb18e (name: foobar) WITH ID augtest:at-node-grouping-foobar
12936 [Test worker] INFO  x.yang.diagram.YangDiagramGenerator  - CREATED ELEMENT FOR statement:io.typefox.yang.yang.impl.LeafImpl@200797df (name: bar) WITH ID augtest:at-node-rpc agoj-pill-input-uses foobar-pill-outer/inner-augmentation-bar
12936 [Test worker] INFO  x.yang.diagram.YangDiagramGenerator  - CREATED ELEMENT FOR statement:io.typefox.yang.yang.impl.AugmentImpl@18345029 WITH ID augtest:at-node-rpc agoj-pill-input-uses foobar-pill-outer/inner-augmentation
12936 [Test worker] INFO  x.yang.diagram.YangDiagramGenerator  - CREATED ELEMENT FOR statement:io.typefox.yang.yang.impl.UsesImpl@7e0d6265 WITH ID augtest:at-node-rpc agoj-pill-input-uses foobar-pill
12936 [Test worker] INFO  x.yang.diagram.YangDiagramGenerator  - CREATED ELEMENT FOR statement:io.typefox.yang.yang.impl.InputImpl@5bcf4beb (name: null) WITH ID augtest:at-node-rpc agoj-pill-input
12936 [Test worker] INFO  x.yang.diagram.YangDiagramGenerator  - CREATED ELEMENT FOR statement:io.typefox.yang.yang.impl.RpcImpl@47ea9622 (name: agoj) WITH ID augtest:at-node-rpc agoj-pill
12936 [Test worker] INFO  x.yang.diagram.YangDiagramGenerator  - CREATED ELEMENT FOR statement:io.typefox.yang.yang.impl.ModuleImpl@7d6523ee (name: augtest) WITH ID augtest:at
12958 [Test worker] INFO  x.yang.diagram.YangDiagramGenerator  - Generating diagram for input: 'xt10@2009-01-01.yang'
12958 [Test worker] INFO  x.yang.diagram.YangDiagramGenerator  - CREATED ELEMENT FOR statement:io.typefox.yang.yang.impl.TypedefImpl@686e686d (name: a) WITH ID xt10:xt10-node-typedef-a
12958 [Test worker] INFO  x.yang.diagram.YangDiagramGenerator  - CREATED ELEMENT FOR statement:io.typefox.yang.yang.impl.TypedefImpl@49dff698 (name: b) WITH ID xt10:xt10-node-typedef-b
12958 [Test worker] INFO  x.yang.diagram.YangDiagramGenerator  - CREATED ELEMENT FOR statement:io.typefox.yang.yang.impl.ModuleImpl@5a173207 (name: xt10) WITH ID xt10:xt10
12964 [Test worker] INFO  x.yang.diagram.YangDiagramGenerator  - Generating diagram for input: 'yt7.yang'
12964 [Test worker] INFO  x.yang.diagram.YangDiagramGenerator  - CREATED ELEMENT FOR statement:io.typefox.yang.yang.impl.LeafImpl@57afe79f (name: a) WITH ID yt7:yt7-node-rpc rpc1-pill-input-a
12964 [Test worker] INFO  x.yang.diagram.YangDiagramGenerator  - CREATED ELEMENT FOR statement:io.typefox.yang.yang.impl.LeafImpl@2d796cee (name: b) WITH ID yt7:yt7-node-rpc rpc1-pill-input-b
12964 [Test worker] INFO  x.yang.diagram.YangDiagramGenerator  - CREATED ELEMENT FOR statement:io.typefox.yang.yang.impl.ContainerImpl@27b2ed4d (name: foo) WITH ID yt7:yt7-node-rpc rpc1-pill-input-container-foo
12964 [Test worker] INFO  x.yang.diagram.YangDiagramGenerator  - CREATED ELEMENT FOR statement:io.typefox.yang.yang.impl.InputImpl@28787f3e (name: null) WITH ID yt7:yt7-node-rpc rpc1-pill-input
12964 [Test worker] INFO  x.yang.diagram.YangDiagramGenerator  - CREATED ELEMENT FOR statement:io.typefox.yang.yang.impl.LeafImpl@c3f6b1 (name: x) WITH ID yt7:yt7-node-rpc rpc1-pill-output-x
12964 [Test worker] INFO  x.yang.diagram.YangDiagramGenerator  - CREATED ELEMENT FOR statement:io.typefox.yang.yang.impl.LeafImpl@66bbf45b (name: yyy) WITH ID yt7:yt7-node-rpc rpc1-pill-output-container-y-container-yy-yyy
12965 [Test worker] INFO  x.yang.diagram.YangDiagramGenerator  - CREATED ELEMENT FOR statement:io.typefox.yang.yang.impl.ContainerImpl@5653a544 (name: zz) WITH ID yt7:yt7-node-rpc rpc1-pill-output-container-y-container-yy-container-zz
12965 [Test worker] INFO  x.yang.diagram.YangDiagramGenerator  - CREATED ELEMENT FOR statement:io.typefox.yang.yang.impl.ContainerImpl@3d39a13f (name: yy) WITH ID yt7:yt7-node-rpc rpc1-pill-output-container-y-container-yy
12965 [Test worker] INFO  x.yang.diagram.YangDiagramGenerator  - CREATED ELEMENT FOR statement:io.typefox.yang.yang.impl.ContainerImpl@2250be57 (name: y) WITH ID yt7:yt7-node-rpc rpc1-pill-output-container-y
12965 [Test worker] INFO  x.yang.diagram.YangDiagramGenerator  - CREATED ELEMENT FOR statement:io.typefox.yang.yang.impl.OutputImpl@1bf09f6a (name: null) WITH ID yt7:yt7-node-rpc rpc1-pill-output
12965 [Test worker] INFO  x.yang.diagram.YangDiagramGenerator  - CREATED ELEMENT FOR statement:io.typefox.yang.yang.impl.RpcImpl@504260d5 (name: rpc1) WITH ID yt7:yt7-node-rpc rpc1-pill
12965 [Test worker] INFO  x.yang.diagram.YangDiagramGenerator  - CREATED ELEMENT FOR statement:io.typefox.yang.yang.impl.ModuleImpl@200213bb (name: yt7) WITH ID yt7:yt7
13018 [Test worker] INFO  x.yang.diagram.YangDiagramGenerator  - Generating diagram for input: 'iana-if-type@2014-05-08.yang'
13019 [Test worker] INFO  x.yang.diagram.YangDiagramGenerator  - CREATED ELEMENT FOR statement:io.typefox.yang.yang.impl.ModuleImpl@5b94f8a0 (name: iana-if-type) WITH ID iana-if-type:ianaift
13049 [Test worker] INFO  x.yang.diagram.YangDiagramGenerator  - Generating diagram for input: 'deref.yang'
13049 [Test worker] INFO  x.yang.diagram.YangDiagramGenerator  - CREATED ELEMENT FOR statement:io.typefox.yang.yang.impl.LeafImpl@433adc96 (name: ka1) WITH ID deref:d-node-list-a-ka1
13049 [Test worker] INFO  x.yang.diagram.YangDiagramGenerator  - CREATED ELEMENT FOR statement:io.typefox.yang.yang.impl.LeafImpl@783d4e45 (name: ka2) WITH ID deref:d-node-list-a-ka2
13049 [Test worker] INFO  x.yang.diagram.YangDiagramGenerator  - CREATED ELEMENT FOR statement:io.typefox.yang.yang.impl.LeafImpl@39178524 (name: la) WITH ID deref:d-node-list-a-la
13050 [Test worker] INFO  x.yang.diagram.YangDiagramGenerator  - CREATED ELEMENT FOR statement:io.typefox.yang.yang.impl.LeafImpl@6545d708 (name: kb) WITH ID deref:d-node-list-a-list-b-kb
13050 [Test worker] INFO  x.yang.diagram.YangDiagramGenerator  - CREATED ELEMENT FOR statement:io.typefox.yang.yang.impl.LeafImpl@700e795a (name: lb) WITH ID deref:d-node-list-a-list-b-lb
13050 [Test worker] INFO  x.yang.diagram.YangDiagramGenerator  - CREATED ELEMENT FOR statement:io.typefox.yang.yang.impl.LeafImpl@62535e78 (name: kc) WITH ID deref:d-node-list-a-list-b-list-c-kc
13050 [Test worker] INFO  x.yang.diagram.YangDiagramGenerator  - CREATED ELEMENT FOR statement:io.typefox.yang.yang.impl.ListImpl@6768c9b3 (name: c) WITH ID deref:d-node-list-a-list-b-list-c
13050 [Test worker] INFO  x.yang.diagram.YangDiagramGenerator  - CREATED ELEMENT FOR statement:io.typefox.yang.yang.impl.ListImpl@2c5eafc1 (name: b) WITH ID deref:d-node-list-a-list-b
13050 [Test worker] INFO  x.yang.diagram.YangDiagramGenerator  - CREATED ELEMENT FOR statement:io.typefox.yang.yang.impl.ListImpl@2f99d7b9 (name: a) WITH ID deref:d-node-list-a
13050 [Test worker] INFO  x.yang.diagram.YangDiagramGenerator  - CREATED ELEMENT FOR statement:io.typefox.yang.yang.impl.LeafImpl@57c1fcac (name: x0) WITH ID deref:d-node-container-foo-x0
13050 [Test worker] INFO  x.yang.diagram.YangDiagramGenerator  - CREATED ELEMENT FOR statement:io.typefox.yang.yang.impl.LeafImpl@76c582b6 (name: x1) WITH ID deref:d-node-container-foo-x1
13050 [Test worker] INFO  x.yang.diagram.YangDiagramGenerator  - CREATED ELEMENT FOR statement:io.typefox.yang.yang.impl.LeafImpl@2fbc0b08 (name: gg) WITH ID deref:d-node-container-foo-gg
13050 [Test worker] INFO  x.yang.diagram.YangDiagramGenerator  - CREATED ELEMENT FOR statement:io.typefox.yang.yang.impl.LeafImpl@4ef93559 (name: x2) WITH ID deref:d-node-container-foo-x2
13050 [Test worker] INFO  x.yang.diagram.YangDiagramGenerator  - CREATED ELEMENT FOR statement:io.typefox.yang.yang.impl.LeafImpl@168584b6 (name: x3) WITH ID deref:d-node-container-foo-x3
13050 [Test worker] INFO  x.yang.diagram.YangDiagramGenerator  - CREATED ELEMENT FOR statement:io.typefox.yang.yang.impl.ContainerImpl@4c0f64e2 (name: foo) WITH ID deref:d-node-container-foo
13050 [Test worker] INFO  x.yang.diagram.YangDiagramGenerator  - CREATED ELEMENT FOR statement:io.typefox.yang.yang.impl.LeafImpl@324c220 (name: y1) WITH ID deref:d-node-container-y-y1
13050 [Test worker] INFO  x.yang.diagram.YangDiagramGenerator  - CREATED ELEMENT FOR statement:io.typefox.yang.yang.impl.LeafImpl@4f07ce0 (name: y2) WITH ID deref:d-node-container-y-y2
13056 [Test worker] INFO  x.yang.diagram.YangDiagramGenerator  - CREATED ELEMENT FOR statement:io.typefox.yang.yang.impl.LeafImpl@3e6ae8fc (name: r3) WITH ID deref:d-node-container-y-r3
13056 [Test worker] INFO  x.yang.diagram.YangDiagramGenerator  - CREATED ELEMENT FOR statement:io.typefox.yang.yang.impl.LeafImpl@975b3a7 (name: dummy) WITH ID deref:d-node-container-y-dummy
13056 [Test worker] INFO  x.yang.diagram.YangDiagramGenerator  - CREATED ELEMENT FOR statement:io.typefox.yang.yang.impl.ContainerImpl@2ce5456b (name: y) WITH ID deref:d-node-container-y
13056 [Test worker] INFO  x.yang.diagram.YangDiagramGenerator  - CREATED ELEMENT FOR statement:io.typefox.yang.yang.impl.ModuleImpl@2b753b6b (name: deref) WITH ID deref:d
13062 [Test worker] INFO  x.yang.diagram.YangDiagramGenerator  - Generating diagram for input: 'augment-sub0.yang'
13062 [Test worker] INFO  x.yang.diagram.YangDiagramGenerator  - CREATED ELEMENT FOR statement:io.typefox.yang.yang.impl.ContainerImpl@25c94b39 (name: interfaces) WITH ID augment-sub0-node-container-interfaces
13062 [Test worker] INFO  x.yang.diagram.YangDiagramGenerator  - CREATED ELEMENT FOR statement:io.typefox.yang.yang.impl.SubmoduleImpl@68c82c0d (name: augment-sub0) WITH ID augment-sub0
13071 [Test worker] INFO  x.yang.diagram.YangDiagramGenerator  - Generating diagram for input: 'ietf-yang-types.yang'
13072 [Test worker] INFO  x.yang.diagram.YangDiagramGenerator  - CREATED ELEMENT FOR statement:io.typefox.yang.yang.impl.TypedefImpl@4109c726 (name: counter32) WITH ID ietf-yang-types:yang-node-typedef-counter32
13072 [Test worker] INFO  x.yang.diagram.YangDiagramGenerator  - CREATED ELEMENT FOR statement:io.typefox.yang.yang.impl.TypedefImpl@10c6d7d (name: zero-based-counter32) WITH ID ietf-yang-types:yang-node-typedef-zero-based-counter32
13072 [Test worker] INFO  x.yang.diagram.YangDiagramGenerator  - CREATED ELEMENT FOR statement:io.typefox.yang.yang.impl.TypedefImpl@6ef37ee6 (name: counter64) WITH ID ietf-yang-types:yang-node-typedef-counter64
13072 [Test worker] INFO  x.yang.diagram.YangDiagramGenerator  - CREATED ELEMENT FOR statement:io.typefox.yang.yang.impl.TypedefImpl@47f29f71 (name: zero-based-counter64) WITH ID ietf-yang-types:yang-node-typedef-zero-based-counter64
13072 [Test worker] INFO  x.yang.diagram.YangDiagramGenerator  - CREATED ELEMENT FOR statement:io.typefox.yang.yang.impl.TypedefImpl@484d405e (name: gauge32) WITH ID ietf-yang-types:yang-node-typedef-gauge32
13072 [Test worker] INFO  x.yang.diagram.YangDiagramGenerator  - CREATED ELEMENT FOR statement:io.typefox.yang.yang.impl.TypedefImpl@2a48abaf (name: gauge64) WITH ID ietf-yang-types:yang-node-typedef-gauge64
13072 [Test worker] INFO  x.yang.diagram.YangDiagramGenerator  - CREATED ELEMENT FOR statement:io.typefox.yang.yang.impl.TypedefImpl@5fb9e44e (name: object-identifier) WITH ID ietf-yang-types:yang-node-typedef-object-identifier
13072 [Test worker] INFO  x.yang.diagram.YangDiagramGenerator  - CREATED ELEMENT FOR statement:io.typefox.yang.yang.impl.TypedefImpl@ce3e1df (name: object-identifier-128) WITH ID ietf-yang-types:yang-node-typedef-object-identifier-128
13072 [Test worker] INFO  x.yang.diagram.YangDiagramGenerator  - CREATED ELEMENT FOR statement:io.typefox.yang.yang.impl.TypedefImpl@2e8e0fad (name: yang-identifier) WITH ID ietf-yang-types:yang-node-typedef-yang-identifier
13072 [Test worker] INFO  x.yang.diagram.YangDiagramGenerator  - CREATED ELEMENT FOR statement:io.typefox.yang.yang.impl.TypedefImpl@41f4dc00 (name: date-and-time) WITH ID ietf-yang-types:yang-node-typedef-date-and-time
13072 [Test worker] INFO  x.yang.diagram.YangDiagramGenerator  - CREATED ELEMENT FOR statement:io.typefox.yang.yang.impl.TypedefImpl@517fcbe4 (name: timeticks) WITH ID ietf-yang-types:yang-node-typedef-timeticks
13072 [Test worker] INFO  x.yang.diagram.YangDiagramGenerator  - CREATED ELEMENT FOR statement:io.typefox.yang.yang.impl.TypedefImpl@4201250d (name: timestamp) WITH ID ietf-yang-types:yang-node-typedef-timestamp
13072 [Test worker] INFO  x.yang.diagram.YangDiagramGenerator  - CREATED ELEMENT FOR statement:io.typefox.yang.yang.impl.TypedefImpl@1c2cb987 (name: phys-address) WITH ID ietf-yang-types:yang-node-typedef-phys-address
13072 [Test worker] INFO  x.yang.diagram.YangDiagramGenerator  - CREATED ELEMENT FOR statement:io.typefox.yang.yang.impl.TypedefImpl@7b5f62de (name: mac-address) WITH ID ietf-yang-types:yang-node-typedef-mac-address
13072 [Test worker] INFO  x.yang.diagram.YangDiagramGenerator  - CREATED ELEMENT FOR statement:io.typefox.yang.yang.impl.TypedefImpl@5450b6ba (name: xpath1.0) WITH ID ietf-yang-types:yang-node-typedef-xpath1.0
13072 [Test worker] INFO  x.yang.diagram.YangDiagramGenerator  - CREATED ELEMENT FOR statement:io.typefox.yang.yang.impl.TypedefImpl@1f32c870 (name: hex-string) WITH ID ietf-yang-types:yang-node-typedef-hex-string
13072 [Test worker] INFO  x.yang.diagram.YangDiagramGenerator  - CREATED ELEMENT FOR statement:io.typefox.yang.yang.impl.TypedefImpl@662bba90 (name: uuid) WITH ID ietf-yang-types:yang-node-typedef-uuid
13072 [Test worker] INFO  x.yang.diagram.YangDiagramGenerator  - CREATED ELEMENT FOR statement:io.typefox.yang.yang.impl.TypedefImpl@66626d19 (name: dotted-quad) WITH ID ietf-yang-types:yang-node-typedef-dotted-quad
13072 [Test worker] INFO  x.yang.diagram.YangDiagramGenerator  - CREATED ELEMENT FOR statement:io.typefox.yang.yang.impl.ModuleImpl@37d6e209 (name: ietf-yang-types) WITH ID ietf-yang-types:yang
13081 [Test worker] INFO  x.yang.diagram.YangDiagramGenerator  - Generating diagram for input: 'd.yang'
13081 [Test worker] INFO  x.yang.diagram.YangDiagramGenerator  - CREATED ELEMENT FOR statement:io.typefox.yang.yang.impl.LeafImpl@2e99a054 (name: d) WITH ID d:d-node-container-x-c-choice-d-case-d-case-d
13081 [Test worker] INFO  x.yang.diagram.YangDiagramGenerator  - CREATED ELEMENT FOR statement:io.typefox.yang.yang.impl.ChoiceImpl@2150b156 (name: c) WITH ID d:d-node-container-x-c-choice
13081 [Test worker] INFO  x.yang.diagram.YangDiagramGenerator  - CREATED ELEMENT FOR statement:io.typefox.yang.yang.impl.ContainerImpl@87d6a95 (name: x) WITH ID d:d-node-container-x
13082 [Test worker] INFO  x.yang.diagram.YangDiagramGenerator  - CREATED ELEMENT FOR statement:io.typefox.yang.yang.impl.ModuleImpl@68e3d000 (name: d) WITH ID d:d
13096 [Test worker] INFO  x.yang.diagram.YangDiagramGenerator  - Generating diagram for input: 'req_inst.yang'
13096 [Test worker] INFO  x.yang.diagram.YangDiagramGenerator  - CREATED ELEMENT FOR statement:io.typefox.yang.yang.impl.TypedefImpl@a7822fb (name: lref) WITH ID req_inst:a-node-typedef-lref
13096 [Test worker] INFO  x.yang.diagram.YangDiagramGenerator  - CREATED ELEMENT FOR statement:io.typefox.yang.yang.impl.TypedefImpl@5a07caac (name: lref2) WITH ID req_inst:a-node-typedef-lref2
13096 [Test worker] INFO  x.yang.diagram.YangDiagramGenerator  - CREATED ELEMENT FOR statement:io.typefox.yang.yang.impl.TypedefImpl@4ee7a2b9 (name: iiref) WITH ID req_inst:a-node-typedef-iiref
13096 [Test worker] INFO  x.yang.diagram.YangDiagramGenerator  - CREATED ELEMENT FOR statement:io.typefox.yang.yang.impl.TypedefImpl@61e8bce (name: iiref2) WITH ID req_inst:a-node-typedef-iiref2
13096 [Test worker] INFO  x.yang.diagram.YangDiagramGenerator  - CREATED ELEMENT FOR statement:io.typefox.yang.yang.impl.ModuleImpl@4d3a0e0c (name: req_inst) WITH ID req_inst:a
13121 [Test worker] INFO  x.yang.diagram.YangDiagramGenerator  - Generating diagram for input: 'yt6a.yang'
13121 [Test worker] INFO  x.yang.diagram.YangDiagramGenerator  - CREATED ELEMENT FOR statement:io.typefox.yang.yang.impl.LeafImpl@3f06d2d0 (name: xxx) WITH ID yt6a:yt6a-node-/yt6:foo/yt6:a/yt6:z-augmentation-xxx
13121 [Test worker] INFO  x.yang.diagram.YangDiagramGenerator  - CREATED ELEMENT FOR statement:io.typefox.yang.yang.impl.AugmentImpl@23bf0c88 WITH ID yt6a:yt6a-node-/yt6:foo/yt6:a/yt6:z-augmentation
13121 [Test worker] INFO  x.yang.diagram.YangDiagramGenerator  - CREATED ELEMENT FOR statement:io.typefox.yang.yang.impl.ModuleImpl@6dfec64f (name: yt6a) WITH ID yt6a:yt6a
13124 [Test worker] INFO  x.yang.diagram.YangDiagramGenerator  - Generating diagram for input: 'yt1g.yang'
13125 [Test worker] INFO  x.yang.diagram.YangDiagramGenerator  - CREATED ELEMENT FOR statement:io.typefox.yang.yang.impl.TypedefImpl@378f36d7 (name: Num3) WITH ID yt1g:yt1-node-typedef-Num3
13125 [Test worker] INFO  x.yang.diagram.YangDiagramGenerator  - CREATED ELEMENT FOR statement:io.typefox.yang.yang.impl.TypedefImpl@ca0e77 (name: Num1) WITH ID yt1g:yt1-node-typedef-Num1
13125 [Test worker] INFO  x.yang.diagram.YangDiagramGenerator  - CREATED ELEMENT FOR statement:io.typefox.yang.yang.impl.TypedefImpl@7b67c098 (name: Num2) WITH ID yt1g:yt1-node-typedef-Num2
13125 [Test worker] INFO  x.yang.diagram.YangDiagramGenerator  - CREATED ELEMENT FOR statement:io.typefox.yang.yang.impl.TypedefImpl@6c3a484c (name: Num4) WITH ID yt1g:yt1-node-typedef-Num4
13125 [Test worker] INFO  x.yang.diagram.YangDiagramGenerator  - CREATED ELEMENT FOR statement:io.typefox.yang.yang.impl.TypedefImpl@22cde292 (name: Num6) WITH ID yt1g:yt1-node-typedef-Num6
13125 [Test worker] INFO  x.yang.diagram.YangDiagramGenerator  - CREATED ELEMENT FOR statement:io.typefox.yang.yang.impl.ModuleImpl@72a4e90a (name: yt1g) WITH ID yt1g:yt1
13143 [Test worker] INFO  x.yang.diagram.YangDiagramGenerator  - Generating diagram for input: 'yt2.yang'
13143 [Test worker] INFO  x.yang.diagram.YangDiagramGenerator  - CREATED ELEMENT FOR statement:io.typefox.yang.yang.impl.TypedefImpl@31f90854 (name: Str1) WITH ID yt2:yt2-node-typedef-Str1
13143 [Test worker] INFO  x.yang.diagram.YangDiagramGenerator  - CREATED ELEMENT FOR statement:io.typefox.yang.yang.impl.TypedefImpl@34187509 (name: Union2) WITH ID yt2:yt2-node-typedef-Union2
13143 [Test worker] INFO  x.yang.diagram.YangDiagramGenerator  - CREATED ELEMENT FOR statement:io.typefox.yang.yang.impl.TypedefImpl@4bacde5d (name: Union1) WITH ID yt2:yt2-node-typedef-Union1
13143 [Test worker] INFO  x.yang.diagram.YangDiagramGenerator  - CREATED ELEMENT FOR statement:io.typefox.yang.yang.impl.ModuleImpl@167d338d (name: yt2) WITH ID yt2:yt2
13160 [Test worker] INFO  x.yang.diagram.YangDiagramGenerator  - Generating diagram for input: 'new-aug.yang'
13160 [Test worker] INFO  x.yang.diagram.YangDiagramGenerator  - CREATED ELEMENT FOR statement:io.typefox.yang.yang.impl.LeafImpl@732aaff9 (name: bar) WITH ID new-aug:na-node-/n:yy-augmentation-bar
13160 [Test worker] INFO  x.yang.diagram.YangDiagramGenerator  - CREATED ELEMENT FOR statement:io.typefox.yang.yang.impl.AugmentImpl@10dc8e2 WITH ID new-aug:na-node-/n:yy-augmentation
13160 [Test worker] INFO  x.yang.diagram.YangDiagramGenerator  - CREATED ELEMENT FOR statement:io.typefox.yang.yang.impl.ModuleImpl@38696398 (name: new-aug) WITH ID new-aug:na
13162 [Test worker] INFO  x.yang.diagram.YangDiagramGenerator  - Generating diagram for input: 'xt5.yang'
13162 [Test worker] INFO  x.yang.diagram.YangDiagramGenerator  - CREATED ELEMENT FOR statement:io.typefox.yang.yang.impl.LeafImpl@7179c69a (name: foo) WITH ID xt5:xt5-node-grouping-x-foo
13162 [Test worker] INFO  x.yang.diagram.YangDiagramGenerator  - CREATED ELEMENT FOR statement:io.typefox.yang.yang.impl.GroupingImpl@1e5c4a8f (name: x) WITH ID xt5:xt5-node-grouping-x
13162 [Test worker] INFO  x.yang.diagram.YangDiagramGenerator  - CREATED ELEMENT FOR statement:io.typefox.yang.yang.impl.TypedefImpl@6dda8f7f (name: xc) WITH ID xt5:xt5-node-typedef-xc
13162 [Test worker] INFO  x.yang.diagram.YangDiagramGenerator  - CREATED ELEMENT FOR statement:io.typefox.yang.yang.impl.ModuleImpl@6d2739e7 (name: xt5) WITH ID xt5:xt5
13169 [Test worker] INFO  x.yang.diagram.YangDiagramGenerator  - Generating diagram for input: 'augment-super.yang'
13170 [Test worker] INFO  x.yang.diagram.YangDiagramGenerator  - CREATED ELEMENT FOR statement:io.typefox.yang.yang.impl.IncludeImpl@1eab93a0 WITH ID augment-sub0
13170 [Test worker] INFO  x.yang.diagram.YangDiagramGenerator  - CREATED ELEMENT FOR statement:io.typefox.yang.yang.impl.IncludeImpl@45ae72bd WITH ID augment-sub1
13170 [Test worker] INFO  x.yang.diagram.YangDiagramGenerator  - CREATED ELEMENT FOR statement:io.typefox.yang.yang.impl.LeafImpl@2dfc0f22 (name: someNode) WITH ID augment-super:as-node-/interfaces/ifEntry-augmentation-someNode
13170 [Test worker] INFO  x.yang.diagram.YangDiagramGenerator  - CREATED ELEMENT FOR statement:io.typefox.yang.yang.impl.AugmentImpl@2935eceb WITH ID augment-super:as-node-/interfaces/ifEntry-augmentation
13170 [Test worker] INFO  x.yang.diagram.YangDiagramGenerator  - CREATED ELEMENT FOR statement:io.typefox.yang.yang.impl.ModuleImpl@6b414cfe (name: augment-super) WITH ID augment-super:as
13172 [Test worker] INFO  x.yang.diagram.YangDiagramGenerator  - Generating diagram for input: 'amodule.yang'
13173 [Test worker] INFO  x.yang.diagram.YangDiagramGenerator  - CREATED ELEMENT FOR statement:io.typefox.yang.yang.impl.LeafImpl@22a90621 (name: y) WITH ID amodule:amodule-node-grouping-x-y
13173 [Test worker] INFO  x.yang.diagram.YangDiagramGenerator  - CREATED ELEMENT FOR statement:io.typefox.yang.yang.impl.GroupingImpl@10be3a40 (name: x) WITH ID amodule:amodule-node-grouping-x
13173 [Test worker] INFO  x.yang.diagram.YangDiagramGenerator  - CREATED ELEMENT FOR statement:io.typefox.yang.yang.impl.UsesImpl@2094fe95 WITH ID amodule:amodule-node-rpc run-pill-input-uses x-pill
13173 [Test worker] INFO  x.yang.diagram.YangDiagramGenerator  - CREATED ELEMENT FOR statement:io.typefox.yang.yang.impl.InputImpl@61e2642 (name: null) WITH ID amodule:amodule-node-rpc run-pill-input
13173 [Test worker] INFO  x.yang.diagram.YangDiagramGenerator  - CREATED ELEMENT FOR statement:io.typefox.yang.yang.impl.UsesImpl@6c6ca0ae WITH ID amodule:amodule-node-rpc run-pill-output-uses x-pill
13173 [Test worker] INFO  x.yang.diagram.YangDiagramGenerator  - CREATED ELEMENT FOR statement:io.typefox.yang.yang.impl.OutputImpl@d61fb59 (name: null) WITH ID amodule:amodule-node-rpc run-pill-output
13173 [Test worker] INFO  x.yang.diagram.YangDiagramGenerator  - CREATED ELEMENT FOR statement:io.typefox.yang.yang.impl.RpcImpl@a06cc36 (name: run) WITH ID amodule:amodule-node-rpc run-pill
13173 [Test worker] INFO  x.yang.diagram.YangDiagramGenerator  - CREATED ELEMENT FOR statement:io.typefox.yang.yang.impl.ModuleImpl@7d5dd702 (name: amodule) WITH ID amodule:amodule
13199 [Test worker] INFO  x.yang.diagram.YangDiagramGenerator  - Generating diagram for input: 'ietf-interfaces@2014-05-08.yang'
13199 [Test worker] INFO  x.yang.diagram.YangDiagramGenerator  - CREATED ELEMENT FOR statement:io.typefox.yang.yang.impl.TypedefImpl@7684e73a (name: interface-ref) WITH ID ietf-interfaces:if-node-typedef-interface-ref
13199 [Test worker] INFO  x.yang.diagram.YangDiagramGenerator  - CREATED ELEMENT FOR statement:io.typefox.yang.yang.impl.TypedefImpl@4adff2a0 (name: interface-state-ref) WITH ID ietf-interfaces:if-node-typedef-interface-state-ref
13199 [Test worker] INFO  x.yang.diagram.YangDiagramGenerator  - CREATED ELEMENT FOR statement:io.typefox.yang.yang.impl.IdentityImpl@59a9d93e (name: interface-type) WITH ID ietf-interfaces:if-node-identity-interface-type
13199 [Test worker] INFO  x.yang.diagram.YangDiagramGenerator  - CREATED ELEMENT FOR statement:io.typefox.yang.yang.impl.LeafImpl@46052805 (name: name) WITH ID ietf-interfaces:if-node-container-interfaces-list-interface-name
13199 [Test worker] INFO  x.yang.diagram.YangDiagramGenerator  - CREATED ELEMENT FOR statement:io.typefox.yang.yang.impl.LeafImpl@17e9aac8 (name: description) WITH ID ietf-interfaces:if-node-container-interfaces-list-interface-description
13199 [Test worker] INFO  x.yang.diagram.YangDiagramGenerator  - CREATED ELEMENT FOR statement:io.typefox.yang.yang.impl.LeafImpl@22161067 (name: type) WITH ID ietf-interfaces:if-node-container-interfaces-list-interface-type
13199 [Test worker] INFO  x.yang.diagram.YangDiagramGenerator  - CREATED ELEMENT FOR statement:io.typefox.yang.yang.impl.LeafImpl@35e14d32 (name: enabled) WITH ID ietf-interfaces:if-node-container-interfaces-list-interface-enabled
13199 [Test worker] INFO  x.yang.diagram.YangDiagramGenerator  - CREATED ELEMENT FOR statement:io.typefox.yang.yang.impl.LeafImpl@5acb0e8b (name: link-up-down-trap-enable) WITH ID ietf-interfaces:if-node-container-interfaces-list-interface-link-up-down-trap-enable
13199 [Test worker] INFO  x.yang.diagram.YangDiagramGenerator  - CREATED ELEMENT FOR statement:io.typefox.yang.yang.impl.ListImpl@2e50f0 (name: interface) WITH ID ietf-interfaces:if-node-container-interfaces-list-interface
13200 [Test worker] INFO  x.yang.diagram.YangDiagramGenerator  - CREATED ELEMENT FOR statement:io.typefox.yang.yang.impl.ContainerImpl@12a9edba (name: interfaces) WITH ID ietf-interfaces:if-node-container-interfaces
13200 [Test worker] INFO  x.yang.diagram.YangDiagramGenerator  - CREATED ELEMENT FOR statement:io.typefox.yang.yang.impl.LeafImpl@2d1eba00 (name: name) WITH ID ietf-interfaces:if-node-container-interfaces-state-list-interface-name
13200 [Test worker] INFO  x.yang.diagram.YangDiagramGenerator  - CREATED ELEMENT FOR statement:io.typefox.yang.yang.impl.LeafImpl@2fa3567e (name: type) WITH ID ietf-interfaces:if-node-container-interfaces-state-list-interface-type
13200 [Test worker] INFO  x.yang.diagram.YangDiagramGenerator  - CREATED ELEMENT FOR statement:io.typefox.yang.yang.impl.LeafImpl@5d782aaa (name: admin-status) WITH ID ietf-interfaces:if-node-container-interfaces-state-list-interface-admin-status
13200 [Test worker] INFO  x.yang.diagram.YangDiagramGenerator  - CREATED ELEMENT FOR statement:io.typefox.yang.yang.impl.LeafImpl@e1d882 (name: oper-status) WITH ID ietf-interfaces:if-node-container-interfaces-state-list-interface-oper-status
13200 [Test worker] INFO  x.yang.diagram.YangDiagramGenerator  - CREATED ELEMENT FOR statement:io.typefox.yang.yang.impl.LeafImpl@58f7ac24 (name: last-change) WITH ID ietf-interfaces:if-node-container-interfaces-state-list-interface-last-change
13200 [Test worker] INFO  x.yang.diagram.YangDiagramGenerator  - CREATED ELEMENT FOR statement:io.typefox.yang.yang.impl.LeafImpl@6dd201e2 (name: if-index) WITH ID ietf-interfaces:if-node-container-interfaces-state-list-interface-if-index
13200 [Test worker] INFO  x.yang.diagram.YangDiagramGenerator  - CREATED ELEMENT FOR statement:io.typefox.yang.yang.impl.LeafImpl@71634b88 (name: phys-address) WITH ID ietf-interfaces:if-node-container-interfaces-state-list-interface-phys-address
13200 [Test worker] INFO  x.yang.diagram.YangDiagramGenerator  - CREATED ELEMENT FOR statement:io.typefox.yang.yang.impl.LeafListImpl@7f48a8ee (name: higher-layer-if) WITH ID ietf-interfaces:if-node-container-interfaces-state-list-interface-higher-layer-if
13200 [Test worker] INFO  x.yang.diagram.YangDiagramGenerator  - CREATED ELEMENT FOR statement:io.typefox.yang.yang.impl.LeafListImpl@1abbbdaf (name: lower-layer-if) WITH ID ietf-interfaces:if-node-container-interfaces-state-list-interface-lower-layer-if
13200 [Test worker] INFO  x.yang.diagram.YangDiagramGenerator  - CREATED ELEMENT FOR statement:io.typefox.yang.yang.impl.LeafImpl@671b720b (name: speed) WITH ID ietf-interfaces:if-node-container-interfaces-state-list-interface-speed
13200 [Test worker] INFO  x.yang.diagram.YangDiagramGenerator  - CREATED ELEMENT FOR statement:io.typefox.yang.yang.impl.LeafImpl@c4f4a6b (name: discontinuity-time) WITH ID ietf-interfaces:if-node-container-interfaces-state-list-interface-container-statistics-discontinuity-time
13200 [Test worker] INFO  x.yang.diagram.YangDiagramGenerator  - CREATED ELEMENT FOR statement:io.typefox.yang.yang.impl.LeafImpl@367a9cd4 (name: in-octets) WITH ID ietf-interfaces:if-node-container-interfaces-state-list-interface-container-statistics-in-octets
13200 [Test worker] INFO  x.yang.diagram.YangDiagramGenerator  - CREATED ELEMENT FOR statement:io.typefox.yang.yang.impl.LeafImpl@71eb0971 (name: in-unicast-pkts) WITH ID ietf-interfaces:if-node-container-interfaces-state-list-interface-container-statistics-in-unicast-pkts
13200 [Test worker] INFO  x.yang.diagram.YangDiagramGenerator  - CREATED ELEMENT FOR statement:io.typefox.yang.yang.impl.LeafImpl@4ddcb66d (name: in-broadcast-pkts) WITH ID ietf-interfaces:if-node-container-interfaces-state-list-interface-container-statistics-in-broadcast-pkts
13200 [Test worker] INFO  x.yang.diagram.YangDiagramGenerator  - CREATED ELEMENT FOR statement:io.typefox.yang.yang.impl.LeafImpl@3bb6b1af (name: in-multicast-pkts) WITH ID ietf-interfaces:if-node-container-interfaces-state-list-interface-container-statistics-in-multicast-pkts
13200 [Test worker] INFO  x.yang.diagram.YangDiagramGenerator  - CREATED ELEMENT FOR statement:io.typefox.yang.yang.impl.LeafImpl@59c81631 (name: in-discards) WITH ID ietf-interfaces:if-node-container-interfaces-state-list-interface-container-statistics-in-discards
13200 [Test worker] INFO  x.yang.diagram.YangDiagramGenerator  - CREATED ELEMENT FOR statement:io.typefox.yang.yang.impl.LeafImpl@70c12cf8 (name: in-errors) WITH ID ietf-interfaces:if-node-container-interfaces-state-list-interface-container-statistics-in-errors
13200 [Test worker] INFO  x.yang.diagram.YangDiagramGenerator  - CREATED ELEMENT FOR statement:io.typefox.yang.yang.impl.LeafImpl@58069353 (name: in-unknown-protos) WITH ID ietf-interfaces:if-node-container-interfaces-state-list-interface-container-statistics-in-unknown-protos
13200 [Test worker] INFO  x.yang.diagram.YangDiagramGenerator  - CREATED ELEMENT FOR statement:io.typefox.yang.yang.impl.LeafImpl@56b37a35 (name: out-octets) WITH ID ietf-interfaces:if-node-container-interfaces-state-list-interface-container-statistics-out-octets
13200 [Test worker] INFO  x.yang.diagram.YangDiagramGenerator  - CREATED ELEMENT FOR statement:io.typefox.yang.yang.impl.LeafImpl@4f53974c (name: out-unicast-pkts) WITH ID ietf-interfaces:if-node-container-interfaces-state-list-interface-container-statistics-out-unicast-pkts
13200 [Test worker] INFO  x.yang.diagram.YangDiagramGenerator  - CREATED ELEMENT FOR statement:io.typefox.yang.yang.impl.LeafImpl@368cc4b2 (name: out-broadcast-pkts) WITH ID ietf-interfaces:if-node-container-interfaces-state-list-interface-container-statistics-out-broadcast-pkts
13200 [Test worker] INFO  x.yang.diagram.YangDiagramGenerator  - CREATED ELEMENT FOR statement:io.typefox.yang.yang.impl.LeafImpl@5afc453b (name: out-multicast-pkts) WITH ID ietf-interfaces:if-node-container-interfaces-state-list-interface-container-statistics-out-multicast-pkts
13200 [Test worker] INFO  x.yang.diagram.YangDiagramGenerator  - CREATED ELEMENT FOR statement:io.typefox.yang.yang.impl.LeafImpl@1753fe83 (name: out-discards) WITH ID ietf-interfaces:if-node-container-interfaces-state-list-interface-container-statistics-out-discards
13200 [Test worker] INFO  x.yang.diagram.YangDiagramGenerator  - CREATED ELEMENT FOR statement:io.typefox.yang.yang.impl.LeafImpl@44e9f2d2 (name: out-errors) WITH ID ietf-interfaces:if-node-container-interfaces-state-list-interface-container-statistics-out-errors
13200 [Test worker] INFO  x.yang.diagram.YangDiagramGenerator  - CREATED ELEMENT FOR statement:io.typefox.yang.yang.impl.ContainerImpl@149017a9 (name: statistics) WITH ID ietf-interfaces:if-node-container-interfaces-state-list-interface-container-statistics
13200 [Test worker] INFO  x.yang.diagram.YangDiagramGenerator  - CREATED ELEMENT FOR statement:io.typefox.yang.yang.impl.ListImpl@2cfd5d9d (name: interface) WITH ID ietf-interfaces:if-node-container-interfaces-state-list-interface
13200 [Test worker] INFO  x.yang.diagram.YangDiagramGenerator  - CREATED ELEMENT FOR statement:io.typefox.yang.yang.impl.ContainerImpl@24520967 (name: interfaces-state) WITH ID ietf-interfaces:if-node-container-interfaces-state
13200 [Test worker] INFO  x.yang.diagram.YangDiagramGenerator  - CREATED ELEMENT FOR statement:io.typefox.yang.yang.impl.ModuleImpl@2fa6005d (name: ietf-interfaces) WITH ID ietf-interfaces:if
13214 [Test worker] INFO  x.yang.diagram.YangDiagramGenerator  - Generating diagram for input: 'xt10@2009-02-01.yang'
13214 [Test worker] INFO  x.yang.diagram.YangDiagramGenerator  - CREATED ELEMENT FOR statement:io.typefox.yang.yang.impl.TypedefImpl@3b1f775f (name: a) WITH ID xt10:xt10-node-typedef-a
13214 [Test worker] INFO  x.yang.diagram.YangDiagramGenerator  - CREATED ELEMENT FOR statement:io.typefox.yang.yang.impl.TypedefImpl@7d48c414 (name: c) WITH ID xt10:xt10-node-typedef-c
13214 [Test worker] INFO  x.yang.diagram.YangDiagramGenerator  - CREATED ELEMENT FOR statement:io.typefox.yang.yang.impl.ModuleImpl@4965f3eb (name: xt10) WITH ID xt10:xt10
13222 [Test worker] INFO  x.yang.diagram.YangDiagramGenerator  - Generating diagram for input: 'foo_augment.yang'
13222 [Test worker] INFO  x.yang.diagram.YangDiagramGenerator  - CREATED ELEMENT FOR statement:io.typefox.yang.yang.impl.ContainerImpl@163b9679 (name: augmented) WITH ID foo_augment:aug-node-/foo:c12/foo:cool-augmentation-container-augmented
13223 [Test worker] INFO  x.yang.diagram.YangDiagramGenerator  - CREATED ELEMENT FOR statement:io.typefox.yang.yang.impl.AugmentImpl@2de888ce WITH ID foo_augment:aug-node-/foo:c12/foo:cool-augmentation
13223 [Test worker] INFO  x.yang.diagram.YangDiagramGenerator  - CREATED ELEMENT FOR statement:io.typefox.yang.yang.impl.ModuleImpl@4bf4dc33 (name: foo_augment) WITH ID foo_augment:aug
13227 [Test worker] INFO  x.yang.diagram.YangDiagramGenerator  - Generating diagram for input: 'foosub2.yang'
13227 [Test worker] INFO  x.yang.diagram.YangDiagramGenerator  - CREATED ELEMENT FOR statement:io.typefox.yang.yang.impl.ContainerImpl@d0b26eb (name: c12) WITH ID foosub2-node-grouping-mygrouping2-container-c12
13228 [Test worker] INFO  x.yang.diagram.YangDiagramGenerator  - CREATED ELEMENT FOR statement:io.typefox.yang.yang.impl.GroupingImpl@443415fa (name: mygrouping2) WITH ID foosub2-node-grouping-mygrouping2
13228 [Test worker] INFO  x.yang.diagram.YangDiagramGenerator  - CREATED ELEMENT FOR statement:io.typefox.yang.yang.impl.ContainerImpl@d6d2c4e (name: augmented) WITH ID foosub2-node-uses mygrouping2-pill-c12-augmentation-container-augmented
13228 [Test worker] INFO  x.yang.diagram.YangDiagramGenerator  - CREATED ELEMENT FOR statement:io.typefox.yang.yang.impl.AugmentImpl@8792c62 WITH ID foosub2-node-uses mygrouping2-pill-c12-augmentation
13228 [Test worker] INFO  x.yang.diagram.YangDiagramGenerator  - CREATED ELEMENT FOR statement:io.typefox.yang.yang.impl.UsesImpl@5c116ff8 WITH ID foosub2-node-uses mygrouping2-pill
13228 [Test worker] INFO  x.yang.diagram.YangDiagramGenerator  - CREATED ELEMENT FOR statement:io.typefox.yang.yang.impl.SubmoduleImpl@386e3a45 (name: foosub2) WITH ID foosub2
13240 [Test worker] INFO  x.yang.diagram.YangDiagramGenerator  - Generating diagram for input: 'yt10.yang'
13240 [Test worker] INFO  x.yang.diagram.YangDiagramGenerator  - CREATED ELEMENT FOR statement:io.typefox.yang.yang.impl.LeafImpl@2e93e219 (name: b1) WITH ID yt10:yt10-node-/yt9:con1-augmentation-b1
13240 [Test worker] INFO  x.yang.diagram.YangDiagramGenerator  - CREATED ELEMENT FOR statement:io.typefox.yang.yang.impl.LeafImpl@60d10dab (name: b2) WITH ID yt10:yt10-node-/yt9:con1-augmentation-container-con2-b2
13240 [Test worker] INFO  x.yang.diagram.YangDiagramGenerator  - CREATED ELEMENT FOR statement:io.typefox.yang.yang.impl.ContainerImpl@1ade43c0 (name: con2) WITH ID yt10:yt10-node-/yt9:con1-augmentation-container-con2
13240 [Test worker] INFO  x.yang.diagram.YangDiagramGenerator  - CREATED ELEMENT FOR statement:io.typefox.yang.yang.impl.AugmentImpl@4b4ac996 WITH ID yt10:yt10-node-/yt9:con1-augmentation
13240 [Test worker] INFO  x.yang.diagram.YangDiagramGenerator  - CREATED ELEMENT FOR statement:io.typefox.yang.yang.impl.UsesImpl@7af879cc WITH ID yt10:yt10-node-container-test-uses Foo-pill
13240 [Test worker] INFO  x.yang.diagram.YangDiagramGenerator  - CREATED ELEMENT FOR statement:io.typefox.yang.yang.impl.ContainerImpl@12ac8f6d (name: test) WITH ID yt10:yt10-node-container-test
13240 [Test worker] INFO  x.yang.diagram.YangDiagramGenerator  - CREATED ELEMENT FOR statement:io.typefox.yang.yang.impl.LeafImpl@7a040ebb (name: X) WITH ID yt10:yt10-node-grouping-Foo-X
13241 [Test worker] INFO  x.yang.diagram.YangDiagramGenerator  - CREATED ELEMENT FOR statement:io.typefox.yang.yang.impl.LeafImpl@679f7e14 (name: Y) WITH ID yt10:yt10-node-grouping-Foo-Y
13241 [Test worker] INFO  x.yang.diagram.YangDiagramGenerator  - CREATED ELEMENT FOR statement:io.typefox.yang.yang.impl.GroupingImpl@5e904d32 (name: Foo) WITH ID yt10:yt10-node-grouping-Foo
13241 [Test worker] INFO  x.yang.diagram.YangDiagramGenerator  - CREATED ELEMENT FOR statement:io.typefox.yang.yang.impl.ModuleImpl@2831666a (name: yt10) WITH ID yt10:yt10
13250 [Test worker] INFO  x.yang.diagram.YangDiagramGenerator  - Generating diagram for input: 'yt3a.yang'
13250 [Test worker] INFO  x.yang.diagram.YangDiagramGenerator  - CREATED ELEMENT FOR statement:io.typefox.yang.yang.impl.LeafImpl@36247034 (name: bar) WITH ID yt3a:yt3a-node-container-foo-container-foo-bar
13250 [Test worker] INFO  x.yang.diagram.YangDiagramGenerator  - CREATED ELEMENT FOR statement:io.typefox.yang.yang.impl.ContainerImpl@72fec1b3 (name: foo) WITH ID yt3a:yt3a-node-container-foo-container-foo
13250 [Test worker] INFO  x.yang.diagram.YangDiagramGenerator  - CREATED ELEMENT FOR statement:io.typefox.yang.yang.impl.ContainerImpl@4e98dd65 (name: foo) WITH ID yt3a:yt3a-node-container-foo
13250 [Test worker] INFO  x.yang.diagram.YangDiagramGenerator  - CREATED ELEMENT FOR statement:io.typefox.yang.yang.impl.ModuleImpl@2e8fce22 (name: yt3a) WITH ID yt3a:yt3a
13262 [Test worker] INFO  x.yang.diagram.YangDiagramGenerator  - Generating diagram for input: 'qs.yang'
13262 [Test worker] INFO  x.yang.diagram.YangDiagramGenerator  - CREATED ELEMENT FOR statement:io.typefox.yang.yang.impl.IdentityImpl@37b382f3 (name: foo) WITH ID qs-node-identity-foo
13262 [Test worker] INFO  x.yang.diagram.YangDiagramGenerator  - CREATED ELEMENT FOR statement:io.typefox.yang.yang.impl.LeafImpl@679db4f9 (name: x) WITH ID qs-node-grouping-g-x
13262 [Test worker] INFO  x.yang.diagram.YangDiagramGenerator  - CREATED ELEMENT FOR statement:io.typefox.yang.yang.impl.GroupingImpl@2194e10b (name: g) WITH ID qs-node-grouping-g
13262 [Test worker] INFO  x.yang.diagram.YangDiagramGenerator  - CREATED ELEMENT FOR statement:io.typefox.yang.yang.impl.SubmoduleImpl@5e3f7260 (name: qs) WITH ID qs
13267 [Test worker] INFO  x.yang.diagram.YangDiagramGenerator  - Generating diagram for input: 'lt1.yang'
13267 [Test worker] INFO  x.yang.diagram.YangDiagramGenerator  - CREATED ELEMENT FOR statement:io.typefox.yang.yang.impl.UsesImpl@34345165 WITH ID lt1:lt1-node-grouping-foo-list-feuillage-uses bar-pill
13267 [Test worker] INFO  x.yang.diagram.YangDiagramGenerator  - CREATED ELEMENT FOR statement:io.typefox.yang.yang.impl.UsesImpl@6c8b117f WITH ID lt1:lt1-node-grouping-foo-list-feuillage-uses baz-pill
13267 [Test worker] INFO  x.yang.diagram.YangDiagramGenerator  - CREATED ELEMENT FOR statement:io.typefox.yang.yang.impl.ListImpl@9aede1a (name: feuillage) WITH ID lt1:lt1-node-grouping-foo-list-feuillage
13267 [Test worker] INFO  x.yang.diagram.YangDiagramGenerator  - CREATED ELEMENT FOR statement:io.typefox.yang.yang.impl.GroupingImpl@41b19838 (name: foo) WITH ID lt1:lt1-node-grouping-foo
13267 [Test worker] INFO  x.yang.diagram.YangDiagramGenerator  - CREATED ELEMENT FOR statement:io.typefox.yang.yang.impl.TypedefImpl@57184612 (name: trees) WITH ID lt1:lt1-node-typedef-trees
13267 [Test worker] INFO  x.yang.diagram.YangDiagramGenerator  - CREATED ELEMENT FOR statement:io.typefox.yang.yang.impl.LeafImpl@632cb567 (name: blatt) WITH ID lt1:lt1-node-grouping-bar-blatt
13268 [Test worker] INFO  x.yang.diagram.YangDiagramGenerator  - CREATED ELEMENT FOR statement:io.typefox.yang.yang.impl.LeafImpl@1c8df916 (name: feuille) WITH ID lt1:lt1-node-grouping-bar-feuille
13268 [Test worker] INFO  x.yang.diagram.YangDiagramGenerator  - CREATED ELEMENT FOR statement:io.typefox.yang.yang.impl.GroupingImpl@51b0d2e7 (name: bar) WITH ID lt1:lt1-node-grouping-bar
13268 [Test worker] INFO  x.yang.diagram.YangDiagramGenerator  - CREATED ELEMENT FOR statement:io.typefox.yang.yang.impl.LeafListImpl@448d2615 (name: lupen) WITH ID lt1:lt1-node-grouping-baz-leaves-choice-cz-case-lupen
13268 [Test worker] INFO  x.yang.diagram.YangDiagramGenerator  - CREATED ELEMENT FOR statement:io.typefox.yang.yang.impl.LeafImpl@428c246e (name: hoja) WITH ID lt1:lt1-node-grouping-baz-leaves-choice-dustbin-case-dustbin-case-list-dustbin-hoja
13268 [Test worker] INFO  x.yang.diagram.YangDiagramGenerator  - CREATED ELEMENT FOR statement:io.typefox.yang.yang.impl.ListImpl@31ba3060 (name: dustbin) WITH ID lt1:lt1-node-grouping-baz-leaves-choice-dustbin-case-dustbin-case-list-dustbin
13268 [Test worker] INFO  x.yang.diagram.YangDiagramGenerator  - CREATED ELEMENT FOR statement:io.typefox.yang.yang.impl.ChoiceImpl@664aeb5a (name: leaves) WITH ID lt1:lt1-node-grouping-baz-leaves-choice
13268 [Test worker] INFO  x.yang.diagram.YangDiagramGenerator  - CREATED ELEMENT FOR statement:io.typefox.yang.yang.impl.GroupingImpl@4bdad408 (name: baz) WITH ID lt1:lt1-node-grouping-baz
13268 [Test worker] INFO  x.yang.diagram.YangDiagramGenerator  - CREATED ELEMENT FOR statement:io.typefox.yang.yang.impl.LeafImpl@68d62649 (name: foo) WITH ID lt1:lt1-node-uses foo-pill-feuillage-augmentation-foo
13268 [Test worker] INFO  x.yang.diagram.YangDiagramGenerator  - CREATED ELEMENT FOR statement:io.typefox.yang.yang.impl.AugmentImpl@88f3203 WITH ID lt1:lt1-node-uses foo-pill-feuillage-augmentation
13268 [Test worker] INFO  x.yang.diagram.YangDiagramGenerator  - CREATED ELEMENT FOR statement:io.typefox.yang.yang.impl.UsesImpl@39ae0873 WITH ID lt1:lt1-node-uses foo-pill
13268 [Test worker] INFO  x.yang.diagram.YangDiagramGenerator  - CREATED ELEMENT FOR statement:io.typefox.yang.yang.impl.ModuleImpl@2449f1da (name: lt1) WITH ID lt1:lt1
13283 [Test worker] INFO  x.yang.diagram.YangDiagramGenerator  - Generating diagram for input: 'new.yang'
13283 [Test worker] INFO  x.yang.diagram.YangDiagramGenerator  - CREATED ELEMENT FOR statement:io.typefox.yang.yang.impl.IdentityImpl@704312a6 (name: id) WITH ID new:n-node-identity-id
13283 [Test worker] INFO  x.yang.diagram.YangDiagramGenerator  - CREATED ELEMENT FOR statement:io.typefox.yang.yang.impl.ContainerImpl@2e286410 (name: yy) WITH ID new:n-node-container-yy
13283 [Test worker] INFO  x.yang.diagram.YangDiagramGenerator  - CREATED ELEMENT FOR statement:io.typefox.yang.yang.impl.ContainerImpl@1aee3267 (name: x) WITH ID new:n-node-grouping-g-container-x
13283 [Test worker] INFO  x.yang.diagram.YangDiagramGenerator  - CREATED ELEMENT FOR statement:io.typefox.yang.yang.impl.GroupingImpl@22faa2da (name: g) WITH ID new:n-node-grouping-g
13283 [Test worker] INFO  x.yang.diagram.YangDiagramGenerator  - CREATED ELEMENT FOR statement:io.typefox.yang.yang.impl.UsesImpl@4ac44201 WITH ID new:n-node-uses g-pill
13283 [Test worker] INFO  x.yang.diagram.YangDiagramGenerator  - CREATED ELEMENT FOR statement:io.typefox.yang.yang.impl.ChoiceImpl@2721a7ad (name: c2) WITH ID new:n-node-container-w-c1-choice-c2-case-c2-case-c2-choice
13283 [Test worker] INFO  x.yang.diagram.YangDiagramGenerator  - CREATED ELEMENT FOR statement:io.typefox.yang.yang.impl.ChoiceImpl@4c37c424 (name: c1) WITH ID new:n-node-container-w-c1-choice
13283 [Test worker] INFO  x.yang.diagram.YangDiagramGenerator  - CREATED ELEMENT FOR statement:io.typefox.yang.yang.impl.ContainerImpl@3bac430a (name: w) WITH ID new:n-node-container-w
13283 [Test worker] INFO  x.yang.diagram.YangDiagramGenerator  - CREATED ELEMENT FOR statement:io.typefox.yang.yang.impl.TypedefImpl@5310ca34 (name: id) WITH ID new:n-node-typedef-id
13283 [Test worker] INFO  x.yang.diagram.YangDiagramGenerator  - CREATED ELEMENT FOR statement:io.typefox.yang.yang.impl.LeafImpl@79a60334 (name: g) WITH ID new:n-node-rpc r-pill-input-g
13283 [Test worker] INFO  x.yang.diagram.YangDiagramGenerator  - CREATED ELEMENT FOR statement:io.typefox.yang.yang.impl.InputImpl@bc2fec0 (name: null) WITH ID new:n-node-rpc r-pill-input
13283 [Test worker] INFO  x.yang.diagram.YangDiagramGenerator  - CREATED ELEMENT FOR statement:io.typefox.yang.yang.impl.LeafImpl@52af58a1 (name: g) WITH ID new:n-node-rpc r-pill-output-g
13283 [Test worker] INFO  x.yang.diagram.YangDiagramGenerator  - CREATED ELEMENT FOR statement:io.typefox.yang.yang.impl.OutputImpl@7bb69aa (name: null) WITH ID new:n-node-rpc r-pill-output
13284 [Test worker] INFO  x.yang.diagram.YangDiagramGenerator  - CREATED ELEMENT FOR statement:io.typefox.yang.yang.impl.RpcImpl@4e4d65ca (name: r) WITH ID new:n-node-rpc r-pill
13284 [Test worker] INFO  x.yang.diagram.YangDiagramGenerator  - CREATED ELEMENT FOR statement:io.typefox.yang.yang.impl.LeafImpl@5265b63d (name: g) WITH ID new:n-node-notification-n-g
13284 [Test worker] INFO  x.yang.diagram.YangDiagramGenerator  - CREATED ELEMENT FOR statement:io.typefox.yang.yang.impl.NotificationImpl@7aa79680 (name: n) WITH ID new:n-node-notification-n
13284 [Test worker] INFO  x.yang.diagram.YangDiagramGenerator  - CREATED ELEMENT FOR statement:io.typefox.yang.yang.impl.ContainerImpl@260d5647 (name: t) WITH ID new:n-node-container-t
13284 [Test worker] INFO  x.yang.diagram.YangDiagramGenerator  - CREATED ELEMENT FOR statement:io.typefox.yang.yang.impl.IdentityImpl@3cb0479 (name: id1) WITH ID new:n-node-identity-id1
13284 [Test worker] INFO  x.yang.diagram.YangDiagramGenerator  - CREATED ELEMENT FOR statement:io.typefox.yang.yang.impl.IdentityImpl@7ce09e63 (name: id2) WITH ID new:n-node-identity-id2
13284 [Test worker] INFO  x.yang.diagram.YangDiagramGenerator  - CREATED ELEMENT FOR statement:io.typefox.yang.yang.impl.TypedefImpl@3ab514e9 (name: e1) WITH ID new:n-node-typedef-e1
13284 [Test worker] INFO  x.yang.diagram.YangDiagramGenerator  - CREATED ELEMENT FOR statement:io.typefox.yang.yang.impl.TypedefImpl@7646c296 (name: e2) WITH ID new:n-node-typedef-e2
13284 [Test worker] INFO  x.yang.diagram.YangDiagramGenerator  - CREATED ELEMENT FOR statement:io.typefox.yang.yang.impl.ActionImpl@2d75e8eb (name: a) WITH ID new:n-node-container-w2-action a-pill
13284 [Test worker] INFO  x.yang.diagram.YangDiagramGenerator  - CREATED ELEMENT FOR statement:io.typefox.yang.yang.impl.NotificationImpl@551e68a0 (name: n) WITH ID new:n-node-container-w2-notification-n
13284 [Test worker] INFO  x.yang.diagram.YangDiagramGenerator  - CREATED ELEMENT FOR statement:io.typefox.yang.yang.impl.ContainerImpl@479e3cb6 (name: w2) WITH ID new:n-node-container-w2
13284 [Test worker] INFO  x.yang.diagram.YangDiagramGenerator  - CREATED ELEMENT FOR statement:io.typefox.yang.yang.impl.TypedefImpl@78c14a1 (name: t2) WITH ID new:n-node-typedef-t2
13284 [Test worker] INFO  x.yang.diagram.YangDiagramGenerator  - CREATED ELEMENT FOR statement:io.typefox.yang.yang.impl.TypedefImpl@5bc960b (name: t3) WITH ID new:n-node-typedef-t3
13284 [Test worker] INFO  x.yang.diagram.YangDiagramGenerator  - CREATED ELEMENT FOR statement:io.typefox.yang.yang.impl.LeafImpl@23c1a574 (name: e) WITH ID new:n-node-list-l3-e
13284 [Test worker] INFO  x.yang.diagram.YangDiagramGenerator  - CREATED ELEMENT FOR statement:io.typefox.yang.yang.impl.ListImpl@150c5636 (name: l3) WITH ID new:n-node-list-l3
13284 [Test worker] INFO  x.yang.diagram.YangDiagramGenerator  - CREATED ELEMENT FOR statement:io.typefox.yang.yang.impl.TypedefImpl@7242712a (name: foo) WITH ID new:n-node-typedef-foo
13284 [Test worker] INFO  x.yang.diagram.YangDiagramGenerator  - CREATED ELEMENT FOR statement:io.typefox.yang.yang.impl.ModuleImpl@13afada7 (name: new) WITH ID new:n
13297 [Test worker] INFO  x.yang.diagram.YangDiagramGenerator  - Generating diagram for input: 'yangster-test.yang'
13304 [Test worker] INFO  x.yang.diagram.YangDiagramGenerator  - CREATED ELEMENT FOR statement:io.typefox.yang.yang.impl.LeafImpl@3bc31ce2 (name: l1) WITH ID yangster-test:ytest-node-container-c1-l1
13304 [Test worker] INFO  x.yang.diagram.YangDiagramGenerator  - CREATED ELEMENT FOR statement:io.typefox.yang.yang.impl.ContainerImpl@7883bf83 (name: c1) WITH ID yangster-test:ytest-node-container-c1
13304 [Test worker] INFO  x.yang.diagram.YangDiagramGenerator  - CREATED ELEMENT FOR statement:io.typefox.yang.yang.impl.ContainerImpl@43c9f72 (name: c2) WITH ID yangster-test:ytest-node-container-c2
13304 [Test worker] INFO  x.yang.diagram.YangDiagramGenerator  - CREATED ELEMENT FOR statement:io.typefox.yang.yang.impl.ModuleImpl@51f48d77 (name: yangster-test) WITH ID yangster-test:ytest
13305 [Test worker] INFO  x.yang.diagram.YangDiagramGenerator  - Generating diagram for input: 'yang-dep.yang'
13305 [Test worker] INFO  x.yang.diagram.YangDiagramGenerator  - CREATED ELEMENT FOR statement:io.typefox.yang.yang.impl.LeafImpl@72f3afa7 (name: key) WITH ID yang-dep:ydep-node-rpc aio-pill-input-key
13306 [Test worker] INFO  x.yang.diagram.YangDiagramGenerator  - CREATED ELEMENT FOR statement:io.typefox.yang.yang.impl.InputImpl@176979dd (name: null) WITH ID yang-dep:ydep-node-rpc aio-pill-input
13306 [Test worker] INFO  x.yang.diagram.YangDiagramGenerator  - CREATED ELEMENT FOR statement:io.typefox.yang.yang.impl.LeafImpl@774ea34d (name: value) WITH ID yang-dep:ydep-node-rpc aio-pill-output-value
13306 [Test worker] INFO  x.yang.diagram.YangDiagramGenerator  - CREATED ELEMENT FOR statement:io.typefox.yang.yang.impl.OutputImpl@22407e6 (name: null) WITH ID yang-dep:ydep-node-rpc aio-pill-output
13306 [Test worker] INFO  x.yang.diagram.YangDiagramGenerator  - CREATED ELEMENT FOR statement:io.typefox.yang.yang.impl.RpcImpl@6d450e92 (name: aio) WITH ID yang-dep:ydep-node-rpc aio-pill
13306 [Test worker] INFO  x.yang.diagram.YangDiagramGenerator  - CREATED ELEMENT FOR statement:io.typefox.yang.yang.impl.LeafImpl@313e3576 (name: key) WITH ID yang-dep:ydep-node-rpc ai-pill-input-key
13306 [Test worker] INFO  x.yang.diagram.YangDiagramGenerator  - CREATED ELEMENT FOR statement:io.typefox.yang.yang.impl.InputImpl@3368bcd7 (name: null) WITH ID yang-dep:ydep-node-rpc ai-pill-input
13306 [Test worker] INFO  x.yang.diagram.YangDiagramGenerator  - CREATED ELEMENT FOR statement:io.typefox.yang.yang.impl.RpcImpl@11d1866b (name: ai) WITH ID yang-dep:ydep-node-rpc ai-pill
13306 [Test worker] INFO  x.yang.diagram.YangDiagramGenerator  - CREATED ELEMENT FOR statement:io.typefox.yang.yang.impl.ModuleImpl@54a52b5d (name: yang-dep) WITH ID yang-dep:ydep
13376 [Test worker] INFO  x.yang.diagram.YangDiagramGenerator  - Generating diagram for input: 'ieee-yt12.yang'
13377 [Test worker] INFO  x.yang.diagram.YangDiagramGenerator  - CREATED ELEMENT FOR statement:io.typefox.yang.yang.impl.TypedefImpl@1c04ce66 (name: mpcp-llid) WITH ID ieee-yt12:epon-node-typedef-mpcp-llid
13377 [Test worker] INFO  x.yang.diagram.YangDiagramGenerator  - CREATED ELEMENT FOR statement:io.typefox.yang.yang.impl.TypedefImpl@5ab6ad24 (name: mpcp-mode) WITH ID ieee-yt12:epon-node-typedef-mpcp-mode
13377 [Test worker] INFO  x.yang.diagram.YangDiagramGenerator  - CREATED ELEMENT FOR statement:io.typefox.yang.yang.impl.TypedefImpl@2d2aba57 (name: mpcp-state) WITH ID ieee-yt12:epon-node-typedef-mpcp-state
13377 [Test worker] INFO  x.yang.diagram.YangDiagramGenerator  - CREATED ELEMENT FOR statement:io.typefox.yang.yang.impl.TypedefImpl@a2f11a1 (name: ompe-mode) WITH ID ieee-yt12:epon-node-typedef-ompe-mode
13377 [Test worker] INFO  x.yang.diagram.YangDiagramGenerator  - CREATED ELEMENT FOR statement:io.typefox.yang.yang.impl.TypedefImpl@30e2897c (name: fec-capability) WITH ID ieee-yt12:epon-node-typedef-fec-capability
13377 [Test worker] INFO  x.yang.diagram.YangDiagramGenerator  - CREATED ELEMENT FOR statement:io.typefox.yang.yang.impl.TypedefImpl@5f52ddc9 (name: fec-mode) WITH ID ieee-yt12:epon-node-typedef-fec-mode
13377 [Test worker] INFO  x.yang.diagram.YangDiagramGenerator  - CREATED ELEMENT FOR statement:io.typefox.yang.yang.impl.LeafImpl@27d22c76 (name: fec-mode) WITH ID ieee-yt12:epon-node-/if:interfaces/if:interface/eth:ethernet-augmentation-fec-mode
13377 [Test worker] INFO  x.yang.diagram.YangDiagramGenerator  - CREATED ELEMENT FOR statement:io.typefox.yang.yang.impl.AugmentImpl@55829334 WITH ID ieee-yt12:epon-node-/if:interfaces/if:interface/eth:ethernet-augmentation
13377 [Test worker] INFO  x.yang.diagram.YangDiagramGenerator  - CREATED ELEMENT FOR statement:io.typefox.yang.yang.impl.ModuleImpl@710f4991 (name: ieee-yt12) WITH ID ieee-yt12:epon
13379 [Test worker] INFO  x.yang.diagram.YangDiagramGenerator  - Generating diagram for input: 'bug_114.yang'
13380 [Test worker] INFO  x.yang.diagram.YangDiagramGenerator  - CREATED ELEMENT FOR statement:io.typefox.yang.yang.impl.LeafImpl@38535d2c (name: lf1) WITH ID bug_114:bug_114-node-list-l1-lf1
13380 [Test worker] INFO  x.yang.diagram.YangDiagramGenerator  - CREATED ELEMENT FOR statement:io.typefox.yang.yang.impl.ListImpl@3621abb5 (name: l1) WITH ID bug_114:bug_114-node-list-l1
13380 [Test worker] INFO  x.yang.diagram.YangDiagramGenerator  - CREATED ELEMENT FOR statement:io.typefox.yang.yang.impl.ModuleImpl@59c71404 (name: bug_114) WITH ID bug_114:bug_114
13386 [Test worker] INFO  x.yang.diagram.YangDiagramGenerator  - Generating diagram for input: 'xt7.yang'
13387 [Test worker] INFO  x.yang.diagram.YangDiagramGenerator  - CREATED ELEMENT FOR statement:io.typefox.yang.yang.impl.LeafImpl@7697109f (name: x) WITH ID xt7:x-node-grouping-baz-x
13387 [Test worker] INFO  x.yang.diagram.YangDiagramGenerator  - CREATED ELEMENT FOR statement:io.typefox.yang.yang.impl.GroupingImpl@55feff52 (name: baz) WITH ID xt7:x-node-grouping-baz
13387 [Test worker] INFO  x.yang.diagram.YangDiagramGenerator  - CREATED ELEMENT FOR statement:io.typefox.yang.yang.impl.UsesImpl@593601aa WITH ID xt7:x-node-uses baz-pill
13387 [Test worker] INFO  x.yang.diagram.YangDiagramGenerator  - CREATED ELEMENT FOR statement:io.typefox.yang.yang.impl.ModuleImpl@603f4b67 (name: xt7) WITH ID xt7:x
13388 [Test worker] INFO  x.yang.diagram.YangDiagramGenerator  - Generating diagram for input: 'yt8.yang'
13388 [Test worker] INFO  x.yang.diagram.YangDiagramGenerator  - CREATED ELEMENT FOR statement:io.typefox.yang.yang.impl.TypedefImpl@2ec7c93f (name: foo) WITH ID yt8:yt8-node-typedef-foo
13389 [Test worker] INFO  x.yang.diagram.YangDiagramGenerator  - CREATED ELEMENT FOR statement:io.typefox.yang.yang.impl.ModuleImpl@4a8ebde6 (name: yt8) WITH ID yt8:yt8
13406 [Test worker] INFO  x.yang.diagram.YangDiagramGenerator  - Generating diagram for input: 'foosub.yang'
13407 [Test worker] INFO  x.yang.diagram.YangDiagramGenerator  - CREATED ELEMENT FOR statement:io.typefox.yang.yang.impl.ContainerImpl@2cb2e526 (name: c12) WITH ID foosub-node-grouping-mygrouping-container-c12
13407 [Test worker] INFO  x.yang.diagram.YangDiagramGenerator  - CREATED ELEMENT FOR statement:io.typefox.yang.yang.impl.GroupingImpl@44f2c3b5 (name: mygrouping) WITH ID foosub-node-grouping-mygrouping
13407 [Test worker] INFO  x.yang.diagram.YangDiagramGenerator  - CREATED ELEMENT FOR statement:io.typefox.yang.yang.impl.ContainerImpl@70f5b730 (name: augmented) WITH ID foosub-node-uses mygrouping-pill-c12-augmentation-container-augmented
13407 [Test worker] INFO  x.yang.diagram.YangDiagramGenerator  - CREATED ELEMENT FOR statement:io.typefox.yang.yang.impl.AugmentImpl@ba6b46d WITH ID foosub-node-uses mygrouping-pill-c12-augmentation
13407 [Test worker] INFO  x.yang.diagram.YangDiagramGenerator  - CREATED ELEMENT FOR statement:io.typefox.yang.yang.impl.UsesImpl@3006ebea WITH ID foosub-node-uses mygrouping-pill
13407 [Test worker] INFO  x.yang.diagram.YangDiagramGenerator  - CREATED ELEMENT FOR statement:io.typefox.yang.yang.impl.SubmoduleImpl@623b7934 (name: foosub) WITH ID foosub
]]></system-out>
  <system-err><![CDATA[]]></system-err>
</testsuite>
